[2024-03-11T22:02:07.164+0000] {processor.py:161} INFO - Started process (PID=63) to work on /home/airflow/.local/lib/python3.8/site-packages/airflow/example_dags/example_complex.py
[2024-03-11T22:02:07.165+0000] {processor.py:830} INFO - Processing file /home/airflow/.local/lib/python3.8/site-packages/airflow/example_dags/example_complex.py for tasks to queue
[2024-03-11T22:02:07.168+0000] {logging_mixin.py:188} INFO - [2024-03-11T22:02:07.167+0000] {dagbag.py:540} INFO - Filling up the DagBag from /home/airflow/.local/lib/python3.8/site-packages/airflow/example_dags/example_complex.py
[2024-03-11T22:02:07.184+0000] {processor.py:840} INFO - DAG(s) 'example_complex' retrieved from /home/airflow/.local/lib/python3.8/site-packages/airflow/example_dags/example_complex.py
[2024-03-11T22:02:07.361+0000] {logging_mixin.py:188} INFO - [2024-03-11T22:02:07.361+0000] {dag.py:3047} INFO - Sync 1 DAGs
[2024-03-11T22:02:07.381+0000] {logging_mixin.py:188} INFO - [2024-03-11T22:02:07.381+0000] {dag.py:3834} INFO - Setting next_dagrun for example_complex to None, run_after=None
[2024-03-11T22:02:07.430+0000] {processor.py:183} INFO - Processing /home/airflow/.local/lib/python3.8/site-packages/airflow/example_dags/example_complex.py took 0.270 seconds
[2024-03-11T22:02:38.065+0000] {processor.py:161} INFO - Started process (PID=120) to work on /home/airflow/.local/lib/python3.8/site-packages/airflow/example_dags/example_complex.py
[2024-03-11T22:02:38.067+0000] {processor.py:830} INFO - Processing file /home/airflow/.local/lib/python3.8/site-packages/airflow/example_dags/example_complex.py for tasks to queue
[2024-03-11T22:02:38.068+0000] {logging_mixin.py:188} INFO - [2024-03-11T22:02:38.068+0000] {dagbag.py:540} INFO - Filling up the DagBag from /home/airflow/.local/lib/python3.8/site-packages/airflow/example_dags/example_complex.py
[2024-03-11T22:02:38.078+0000] {processor.py:840} INFO - DAG(s) 'example_complex' retrieved from /home/airflow/.local/lib/python3.8/site-packages/airflow/example_dags/example_complex.py
[2024-03-11T22:02:38.107+0000] {logging_mixin.py:188} INFO - [2024-03-11T22:02:38.106+0000] {dag.py:3047} INFO - Sync 1 DAGs
[2024-03-11T22:02:38.119+0000] {logging_mixin.py:188} INFO - [2024-03-11T22:02:38.118+0000] {dag.py:3834} INFO - Setting next_dagrun for example_complex to None, run_after=None
[2024-03-11T22:02:38.142+0000] {processor.py:183} INFO - Processing /home/airflow/.local/lib/python3.8/site-packages/airflow/example_dags/example_complex.py took 0.079 seconds
[2024-03-11T22:03:08.608+0000] {processor.py:161} INFO - Started process (PID=177) to work on /home/airflow/.local/lib/python3.8/site-packages/airflow/example_dags/example_complex.py
[2024-03-11T22:03:08.619+0000] {processor.py:830} INFO - Processing file /home/airflow/.local/lib/python3.8/site-packages/airflow/example_dags/example_complex.py for tasks to queue
[2024-03-11T22:03:08.621+0000] {logging_mixin.py:188} INFO - [2024-03-11T22:03:08.620+0000] {dagbag.py:540} INFO - Filling up the DagBag from /home/airflow/.local/lib/python3.8/site-packages/airflow/example_dags/example_complex.py
[2024-03-11T22:03:08.632+0000] {processor.py:840} INFO - DAG(s) 'example_complex' retrieved from /home/airflow/.local/lib/python3.8/site-packages/airflow/example_dags/example_complex.py
[2024-03-11T22:03:08.671+0000] {logging_mixin.py:188} INFO - [2024-03-11T22:03:08.670+0000] {dag.py:3047} INFO - Sync 1 DAGs
[2024-03-11T22:03:08.682+0000] {logging_mixin.py:188} INFO - [2024-03-11T22:03:08.682+0000] {dag.py:3834} INFO - Setting next_dagrun for example_complex to None, run_after=None
[2024-03-11T22:03:08.709+0000] {processor.py:183} INFO - Processing /home/airflow/.local/lib/python3.8/site-packages/airflow/example_dags/example_complex.py took 0.104 seconds
[2024-03-11T22:05:16.443+0000] {processor.py:161} INFO - Started process (PID=56) to work on /home/airflow/.local/lib/python3.8/site-packages/airflow/example_dags/example_complex.py
[2024-03-11T22:05:16.451+0000] {processor.py:830} INFO - Processing file /home/airflow/.local/lib/python3.8/site-packages/airflow/example_dags/example_complex.py for tasks to queue
[2024-03-11T22:05:16.453+0000] {logging_mixin.py:188} INFO - [2024-03-11T22:05:16.452+0000] {dagbag.py:540} INFO - Filling up the DagBag from /home/airflow/.local/lib/python3.8/site-packages/airflow/example_dags/example_complex.py
[2024-03-11T22:05:16.475+0000] {processor.py:840} INFO - DAG(s) 'example_complex' retrieved from /home/airflow/.local/lib/python3.8/site-packages/airflow/example_dags/example_complex.py
[2024-03-11T22:05:16.634+0000] {logging_mixin.py:188} INFO - [2024-03-11T22:05:16.634+0000] {dag.py:3047} INFO - Sync 1 DAGs
[2024-03-11T22:05:16.673+0000] {logging_mixin.py:188} INFO - [2024-03-11T22:05:16.673+0000] {dag.py:3834} INFO - Setting next_dagrun for example_complex to None, run_after=None
[2024-03-11T22:05:16.846+0000] {processor.py:183} INFO - Processing /home/airflow/.local/lib/python3.8/site-packages/airflow/example_dags/example_complex.py took 0.406 seconds
[2024-03-11T22:05:47.456+0000] {processor.py:161} INFO - Started process (PID=113) to work on /home/airflow/.local/lib/python3.8/site-packages/airflow/example_dags/example_complex.py
[2024-03-11T22:05:47.458+0000] {processor.py:830} INFO - Processing file /home/airflow/.local/lib/python3.8/site-packages/airflow/example_dags/example_complex.py for tasks to queue
[2024-03-11T22:05:47.460+0000] {logging_mixin.py:188} INFO - [2024-03-11T22:05:47.459+0000] {dagbag.py:540} INFO - Filling up the DagBag from /home/airflow/.local/lib/python3.8/site-packages/airflow/example_dags/example_complex.py
[2024-03-11T22:05:47.469+0000] {processor.py:840} INFO - DAG(s) 'example_complex' retrieved from /home/airflow/.local/lib/python3.8/site-packages/airflow/example_dags/example_complex.py
[2024-03-11T22:05:47.579+0000] {logging_mixin.py:188} INFO - [2024-03-11T22:05:47.578+0000] {dag.py:3047} INFO - Sync 1 DAGs
[2024-03-11T22:05:47.589+0000] {logging_mixin.py:188} INFO - [2024-03-11T22:05:47.589+0000] {dag.py:3834} INFO - Setting next_dagrun for example_complex to None, run_after=None
[2024-03-11T22:05:47.613+0000] {processor.py:183} INFO - Processing /home/airflow/.local/lib/python3.8/site-packages/airflow/example_dags/example_complex.py took 0.159 seconds
[2024-03-11T22:06:17.787+0000] {processor.py:161} INFO - Started process (PID=170) to work on /home/airflow/.local/lib/python3.8/site-packages/airflow/example_dags/example_complex.py
[2024-03-11T22:06:17.790+0000] {processor.py:830} INFO - Processing file /home/airflow/.local/lib/python3.8/site-packages/airflow/example_dags/example_complex.py for tasks to queue
[2024-03-11T22:06:17.795+0000] {logging_mixin.py:188} INFO - [2024-03-11T22:06:17.794+0000] {dagbag.py:540} INFO - Filling up the DagBag from /home/airflow/.local/lib/python3.8/site-packages/airflow/example_dags/example_complex.py
[2024-03-11T22:06:17.820+0000] {processor.py:840} INFO - DAG(s) 'example_complex' retrieved from /home/airflow/.local/lib/python3.8/site-packages/airflow/example_dags/example_complex.py
[2024-03-11T22:06:17.886+0000] {logging_mixin.py:188} INFO - [2024-03-11T22:06:17.886+0000] {dag.py:3047} INFO - Sync 1 DAGs
[2024-03-11T22:06:17.916+0000] {logging_mixin.py:188} INFO - [2024-03-11T22:06:17.915+0000] {dag.py:3834} INFO - Setting next_dagrun for example_complex to None, run_after=None
[2024-03-11T22:06:17.969+0000] {processor.py:183} INFO - Processing /home/airflow/.local/lib/python3.8/site-packages/airflow/example_dags/example_complex.py took 0.187 seconds
[2024-03-11T22:06:48.075+0000] {processor.py:161} INFO - Started process (PID=227) to work on /home/airflow/.local/lib/python3.8/site-packages/airflow/example_dags/example_complex.py
[2024-03-11T22:06:48.076+0000] {processor.py:830} INFO - Processing file /home/airflow/.local/lib/python3.8/site-packages/airflow/example_dags/example_complex.py for tasks to queue
[2024-03-11T22:06:48.078+0000] {logging_mixin.py:188} INFO - [2024-03-11T22:06:48.077+0000] {dagbag.py:540} INFO - Filling up the DagBag from /home/airflow/.local/lib/python3.8/site-packages/airflow/example_dags/example_complex.py
[2024-03-11T22:06:48.091+0000] {processor.py:840} INFO - DAG(s) 'example_complex' retrieved from /home/airflow/.local/lib/python3.8/site-packages/airflow/example_dags/example_complex.py
[2024-03-11T22:06:48.130+0000] {logging_mixin.py:188} INFO - [2024-03-11T22:06:48.130+0000] {dag.py:3047} INFO - Sync 1 DAGs
[2024-03-11T22:06:48.142+0000] {logging_mixin.py:188} INFO - [2024-03-11T22:06:48.142+0000] {dag.py:3834} INFO - Setting next_dagrun for example_complex to None, run_after=None
[2024-03-11T22:06:48.166+0000] {processor.py:183} INFO - Processing /home/airflow/.local/lib/python3.8/site-packages/airflow/example_dags/example_complex.py took 0.095 seconds
[2024-03-11T22:07:18.214+0000] {processor.py:161} INFO - Started process (PID=284) to work on /home/airflow/.local/lib/python3.8/site-packages/airflow/example_dags/example_complex.py
[2024-03-11T22:07:18.216+0000] {processor.py:830} INFO - Processing file /home/airflow/.local/lib/python3.8/site-packages/airflow/example_dags/example_complex.py for tasks to queue
[2024-03-11T22:07:18.218+0000] {logging_mixin.py:188} INFO - [2024-03-11T22:07:18.218+0000] {dagbag.py:540} INFO - Filling up the DagBag from /home/airflow/.local/lib/python3.8/site-packages/airflow/example_dags/example_complex.py
[2024-03-11T22:07:18.233+0000] {processor.py:840} INFO - DAG(s) 'example_complex' retrieved from /home/airflow/.local/lib/python3.8/site-packages/airflow/example_dags/example_complex.py
[2024-03-11T22:07:18.266+0000] {logging_mixin.py:188} INFO - [2024-03-11T22:07:18.265+0000] {dag.py:3047} INFO - Sync 1 DAGs
[2024-03-11T22:07:18.286+0000] {logging_mixin.py:188} INFO - [2024-03-11T22:07:18.285+0000] {dag.py:3834} INFO - Setting next_dagrun for example_complex to None, run_after=None
[2024-03-11T22:07:18.316+0000] {processor.py:183} INFO - Processing /home/airflow/.local/lib/python3.8/site-packages/airflow/example_dags/example_complex.py took 0.105 seconds
[2024-03-11T22:07:48.362+0000] {processor.py:161} INFO - Started process (PID=341) to work on /home/airflow/.local/lib/python3.8/site-packages/airflow/example_dags/example_complex.py
[2024-03-11T22:07:48.364+0000] {processor.py:830} INFO - Processing file /home/airflow/.local/lib/python3.8/site-packages/airflow/example_dags/example_complex.py for tasks to queue
[2024-03-11T22:07:48.365+0000] {logging_mixin.py:188} INFO - [2024-03-11T22:07:48.365+0000] {dagbag.py:540} INFO - Filling up the DagBag from /home/airflow/.local/lib/python3.8/site-packages/airflow/example_dags/example_complex.py
[2024-03-11T22:07:48.375+0000] {processor.py:840} INFO - DAG(s) 'example_complex' retrieved from /home/airflow/.local/lib/python3.8/site-packages/airflow/example_dags/example_complex.py
[2024-03-11T22:07:48.405+0000] {logging_mixin.py:188} INFO - [2024-03-11T22:07:48.405+0000] {dag.py:3047} INFO - Sync 1 DAGs
[2024-03-11T22:07:48.417+0000] {logging_mixin.py:188} INFO - [2024-03-11T22:07:48.417+0000] {dag.py:3834} INFO - Setting next_dagrun for example_complex to None, run_after=None
[2024-03-11T22:07:48.441+0000] {processor.py:183} INFO - Processing /home/airflow/.local/lib/python3.8/site-packages/airflow/example_dags/example_complex.py took 0.081 seconds
[2024-03-11T22:08:19.318+0000] {processor.py:161} INFO - Started process (PID=398) to work on /home/airflow/.local/lib/python3.8/site-packages/airflow/example_dags/example_complex.py
[2024-03-11T22:08:19.320+0000] {processor.py:830} INFO - Processing file /home/airflow/.local/lib/python3.8/site-packages/airflow/example_dags/example_complex.py for tasks to queue
[2024-03-11T22:08:19.322+0000] {logging_mixin.py:188} INFO - [2024-03-11T22:08:19.322+0000] {dagbag.py:540} INFO - Filling up the DagBag from /home/airflow/.local/lib/python3.8/site-packages/airflow/example_dags/example_complex.py
[2024-03-11T22:08:19.336+0000] {processor.py:840} INFO - DAG(s) 'example_complex' retrieved from /home/airflow/.local/lib/python3.8/site-packages/airflow/example_dags/example_complex.py
[2024-03-11T22:08:19.379+0000] {logging_mixin.py:188} INFO - [2024-03-11T22:08:19.378+0000] {dag.py:3047} INFO - Sync 1 DAGs
[2024-03-11T22:08:19.392+0000] {logging_mixin.py:188} INFO - [2024-03-11T22:08:19.391+0000] {dag.py:3834} INFO - Setting next_dagrun for example_complex to None, run_after=None
[2024-03-11T22:08:19.428+0000] {processor.py:183} INFO - Processing /home/airflow/.local/lib/python3.8/site-packages/airflow/example_dags/example_complex.py took 0.114 seconds
[2024-03-11T22:08:50.172+0000] {processor.py:161} INFO - Started process (PID=455) to work on /home/airflow/.local/lib/python3.8/site-packages/airflow/example_dags/example_complex.py
[2024-03-11T22:08:50.173+0000] {processor.py:830} INFO - Processing file /home/airflow/.local/lib/python3.8/site-packages/airflow/example_dags/example_complex.py for tasks to queue
[2024-03-11T22:08:50.174+0000] {logging_mixin.py:188} INFO - [2024-03-11T22:08:50.174+0000] {dagbag.py:540} INFO - Filling up the DagBag from /home/airflow/.local/lib/python3.8/site-packages/airflow/example_dags/example_complex.py
[2024-03-11T22:08:50.186+0000] {processor.py:840} INFO - DAG(s) 'example_complex' retrieved from /home/airflow/.local/lib/python3.8/site-packages/airflow/example_dags/example_complex.py
[2024-03-11T22:08:50.222+0000] {logging_mixin.py:188} INFO - [2024-03-11T22:08:50.222+0000] {dag.py:3047} INFO - Sync 1 DAGs
[2024-03-11T22:08:50.235+0000] {logging_mixin.py:188} INFO - [2024-03-11T22:08:50.235+0000] {dag.py:3834} INFO - Setting next_dagrun for example_complex to None, run_after=None
[2024-03-11T22:08:50.267+0000] {processor.py:183} INFO - Processing /home/airflow/.local/lib/python3.8/site-packages/airflow/example_dags/example_complex.py took 0.098 seconds
[2024-03-11T22:09:21.168+0000] {processor.py:161} INFO - Started process (PID=512) to work on /home/airflow/.local/lib/python3.8/site-packages/airflow/example_dags/example_complex.py
[2024-03-11T22:09:21.170+0000] {processor.py:830} INFO - Processing file /home/airflow/.local/lib/python3.8/site-packages/airflow/example_dags/example_complex.py for tasks to queue
[2024-03-11T22:09:21.172+0000] {logging_mixin.py:188} INFO - [2024-03-11T22:09:21.172+0000] {dagbag.py:540} INFO - Filling up the DagBag from /home/airflow/.local/lib/python3.8/site-packages/airflow/example_dags/example_complex.py
[2024-03-11T22:09:21.184+0000] {processor.py:840} INFO - DAG(s) 'example_complex' retrieved from /home/airflow/.local/lib/python3.8/site-packages/airflow/example_dags/example_complex.py
[2024-03-11T22:09:21.216+0000] {logging_mixin.py:188} INFO - [2024-03-11T22:09:21.215+0000] {dag.py:3047} INFO - Sync 1 DAGs
[2024-03-11T22:09:21.229+0000] {logging_mixin.py:188} INFO - [2024-03-11T22:09:21.229+0000] {dag.py:3834} INFO - Setting next_dagrun for example_complex to None, run_after=None
[2024-03-11T22:09:21.260+0000] {processor.py:183} INFO - Processing /home/airflow/.local/lib/python3.8/site-packages/airflow/example_dags/example_complex.py took 0.097 seconds
[2024-03-11T22:09:51.435+0000] {processor.py:161} INFO - Started process (PID=569) to work on /home/airflow/.local/lib/python3.8/site-packages/airflow/example_dags/example_complex.py
[2024-03-11T22:09:51.437+0000] {processor.py:830} INFO - Processing file /home/airflow/.local/lib/python3.8/site-packages/airflow/example_dags/example_complex.py for tasks to queue
[2024-03-11T22:09:51.438+0000] {logging_mixin.py:188} INFO - [2024-03-11T22:09:51.438+0000] {dagbag.py:540} INFO - Filling up the DagBag from /home/airflow/.local/lib/python3.8/site-packages/airflow/example_dags/example_complex.py
[2024-03-11T22:09:51.448+0000] {processor.py:840} INFO - DAG(s) 'example_complex' retrieved from /home/airflow/.local/lib/python3.8/site-packages/airflow/example_dags/example_complex.py
[2024-03-11T22:09:51.480+0000] {logging_mixin.py:188} INFO - [2024-03-11T22:09:51.480+0000] {dag.py:3047} INFO - Sync 1 DAGs
[2024-03-11T22:09:51.491+0000] {logging_mixin.py:188} INFO - [2024-03-11T22:09:51.491+0000] {dag.py:3834} INFO - Setting next_dagrun for example_complex to None, run_after=None
[2024-03-11T22:09:51.517+0000] {processor.py:183} INFO - Processing /home/airflow/.local/lib/python3.8/site-packages/airflow/example_dags/example_complex.py took 0.084 seconds
[2024-03-11T22:10:21.826+0000] {processor.py:161} INFO - Started process (PID=626) to work on /home/airflow/.local/lib/python3.8/site-packages/airflow/example_dags/example_complex.py
[2024-03-11T22:10:21.828+0000] {processor.py:830} INFO - Processing file /home/airflow/.local/lib/python3.8/site-packages/airflow/example_dags/example_complex.py for tasks to queue
[2024-03-11T22:10:21.829+0000] {logging_mixin.py:188} INFO - [2024-03-11T22:10:21.829+0000] {dagbag.py:540} INFO - Filling up the DagBag from /home/airflow/.local/lib/python3.8/site-packages/airflow/example_dags/example_complex.py
[2024-03-11T22:10:21.840+0000] {processor.py:840} INFO - DAG(s) 'example_complex' retrieved from /home/airflow/.local/lib/python3.8/site-packages/airflow/example_dags/example_complex.py
[2024-03-11T22:10:21.872+0000] {logging_mixin.py:188} INFO - [2024-03-11T22:10:21.872+0000] {dag.py:3047} INFO - Sync 1 DAGs
[2024-03-11T22:10:21.885+0000] {logging_mixin.py:188} INFO - [2024-03-11T22:10:21.884+0000] {dag.py:3834} INFO - Setting next_dagrun for example_complex to None, run_after=None
[2024-03-11T22:10:21.913+0000] {processor.py:183} INFO - Processing /home/airflow/.local/lib/python3.8/site-packages/airflow/example_dags/example_complex.py took 0.089 seconds
[2024-03-11T22:10:52.245+0000] {processor.py:161} INFO - Started process (PID=683) to work on /home/airflow/.local/lib/python3.8/site-packages/airflow/example_dags/example_complex.py
[2024-03-11T22:10:52.247+0000] {processor.py:830} INFO - Processing file /home/airflow/.local/lib/python3.8/site-packages/airflow/example_dags/example_complex.py for tasks to queue
[2024-03-11T22:10:52.249+0000] {logging_mixin.py:188} INFO - [2024-03-11T22:10:52.248+0000] {dagbag.py:540} INFO - Filling up the DagBag from /home/airflow/.local/lib/python3.8/site-packages/airflow/example_dags/example_complex.py
[2024-03-11T22:10:52.259+0000] {processor.py:840} INFO - DAG(s) 'example_complex' retrieved from /home/airflow/.local/lib/python3.8/site-packages/airflow/example_dags/example_complex.py
[2024-03-11T22:10:52.291+0000] {logging_mixin.py:188} INFO - [2024-03-11T22:10:52.290+0000] {dag.py:3047} INFO - Sync 1 DAGs
[2024-03-11T22:10:52.304+0000] {logging_mixin.py:188} INFO - [2024-03-11T22:10:52.304+0000] {dag.py:3834} INFO - Setting next_dagrun for example_complex to None, run_after=None
[2024-03-11T22:10:52.331+0000] {processor.py:183} INFO - Processing /home/airflow/.local/lib/python3.8/site-packages/airflow/example_dags/example_complex.py took 0.089 seconds
[2024-03-11T22:11:22.434+0000] {processor.py:161} INFO - Started process (PID=740) to work on /home/airflow/.local/lib/python3.8/site-packages/airflow/example_dags/example_complex.py
[2024-03-11T22:11:22.436+0000] {processor.py:830} INFO - Processing file /home/airflow/.local/lib/python3.8/site-packages/airflow/example_dags/example_complex.py for tasks to queue
[2024-03-11T22:11:22.439+0000] {logging_mixin.py:188} INFO - [2024-03-11T22:11:22.438+0000] {dagbag.py:540} INFO - Filling up the DagBag from /home/airflow/.local/lib/python3.8/site-packages/airflow/example_dags/example_complex.py
[2024-03-11T22:11:22.454+0000] {processor.py:840} INFO - DAG(s) 'example_complex' retrieved from /home/airflow/.local/lib/python3.8/site-packages/airflow/example_dags/example_complex.py
[2024-03-11T22:11:22.501+0000] {logging_mixin.py:188} INFO - [2024-03-11T22:11:22.500+0000] {dag.py:3047} INFO - Sync 1 DAGs
[2024-03-11T22:11:22.520+0000] {logging_mixin.py:188} INFO - [2024-03-11T22:11:22.520+0000] {dag.py:3834} INFO - Setting next_dagrun for example_complex to None, run_after=None
[2024-03-11T22:11:22.572+0000] {processor.py:183} INFO - Processing /home/airflow/.local/lib/python3.8/site-packages/airflow/example_dags/example_complex.py took 0.142 seconds
[2024-03-11T22:11:53.086+0000] {processor.py:161} INFO - Started process (PID=797) to work on /home/airflow/.local/lib/python3.8/site-packages/airflow/example_dags/example_complex.py
[2024-03-11T22:11:53.087+0000] {processor.py:830} INFO - Processing file /home/airflow/.local/lib/python3.8/site-packages/airflow/example_dags/example_complex.py for tasks to queue
[2024-03-11T22:11:53.089+0000] {logging_mixin.py:188} INFO - [2024-03-11T22:11:53.088+0000] {dagbag.py:540} INFO - Filling up the DagBag from /home/airflow/.local/lib/python3.8/site-packages/airflow/example_dags/example_complex.py
[2024-03-11T22:11:53.100+0000] {processor.py:840} INFO - DAG(s) 'example_complex' retrieved from /home/airflow/.local/lib/python3.8/site-packages/airflow/example_dags/example_complex.py
[2024-03-11T22:11:53.136+0000] {logging_mixin.py:188} INFO - [2024-03-11T22:11:53.135+0000] {dag.py:3047} INFO - Sync 1 DAGs
[2024-03-11T22:11:53.149+0000] {logging_mixin.py:188} INFO - [2024-03-11T22:11:53.148+0000] {dag.py:3834} INFO - Setting next_dagrun for example_complex to None, run_after=None
[2024-03-11T22:11:53.181+0000] {processor.py:183} INFO - Processing /home/airflow/.local/lib/python3.8/site-packages/airflow/example_dags/example_complex.py took 0.099 seconds
[2024-03-11T22:12:23.463+0000] {processor.py:161} INFO - Started process (PID=854) to work on /home/airflow/.local/lib/python3.8/site-packages/airflow/example_dags/example_complex.py
[2024-03-11T22:12:23.465+0000] {processor.py:830} INFO - Processing file /home/airflow/.local/lib/python3.8/site-packages/airflow/example_dags/example_complex.py for tasks to queue
[2024-03-11T22:12:23.467+0000] {logging_mixin.py:188} INFO - [2024-03-11T22:12:23.466+0000] {dagbag.py:540} INFO - Filling up the DagBag from /home/airflow/.local/lib/python3.8/site-packages/airflow/example_dags/example_complex.py
[2024-03-11T22:12:23.478+0000] {processor.py:840} INFO - DAG(s) 'example_complex' retrieved from /home/airflow/.local/lib/python3.8/site-packages/airflow/example_dags/example_complex.py
[2024-03-11T22:12:23.514+0000] {logging_mixin.py:188} INFO - [2024-03-11T22:12:23.513+0000] {dag.py:3047} INFO - Sync 1 DAGs
[2024-03-11T22:12:23.528+0000] {logging_mixin.py:188} INFO - [2024-03-11T22:12:23.527+0000] {dag.py:3834} INFO - Setting next_dagrun for example_complex to None, run_after=None
[2024-03-11T22:12:23.560+0000] {processor.py:183} INFO - Processing /home/airflow/.local/lib/python3.8/site-packages/airflow/example_dags/example_complex.py took 0.099 seconds
[2024-03-11T22:12:54.134+0000] {processor.py:161} INFO - Started process (PID=911) to work on /home/airflow/.local/lib/python3.8/site-packages/airflow/example_dags/example_complex.py
[2024-03-11T22:12:54.136+0000] {processor.py:830} INFO - Processing file /home/airflow/.local/lib/python3.8/site-packages/airflow/example_dags/example_complex.py for tasks to queue
[2024-03-11T22:12:54.138+0000] {logging_mixin.py:188} INFO - [2024-03-11T22:12:54.138+0000] {dagbag.py:540} INFO - Filling up the DagBag from /home/airflow/.local/lib/python3.8/site-packages/airflow/example_dags/example_complex.py
[2024-03-11T22:12:54.149+0000] {processor.py:840} INFO - DAG(s) 'example_complex' retrieved from /home/airflow/.local/lib/python3.8/site-packages/airflow/example_dags/example_complex.py
[2024-03-11T22:12:54.187+0000] {logging_mixin.py:188} INFO - [2024-03-11T22:12:54.186+0000] {dag.py:3047} INFO - Sync 1 DAGs
[2024-03-11T22:12:54.200+0000] {logging_mixin.py:188} INFO - [2024-03-11T22:12:54.199+0000] {dag.py:3834} INFO - Setting next_dagrun for example_complex to None, run_after=None
[2024-03-11T22:12:54.227+0000] {processor.py:183} INFO - Processing /home/airflow/.local/lib/python3.8/site-packages/airflow/example_dags/example_complex.py took 0.098 seconds
[2024-03-11T22:13:25.166+0000] {processor.py:161} INFO - Started process (PID=968) to work on /home/airflow/.local/lib/python3.8/site-packages/airflow/example_dags/example_complex.py
[2024-03-11T22:13:25.181+0000] {processor.py:830} INFO - Processing file /home/airflow/.local/lib/python3.8/site-packages/airflow/example_dags/example_complex.py for tasks to queue
[2024-03-11T22:13:25.184+0000] {logging_mixin.py:188} INFO - [2024-03-11T22:13:25.184+0000] {dagbag.py:540} INFO - Filling up the DagBag from /home/airflow/.local/lib/python3.8/site-packages/airflow/example_dags/example_complex.py
[2024-03-11T22:13:25.198+0000] {processor.py:840} INFO - DAG(s) 'example_complex' retrieved from /home/airflow/.local/lib/python3.8/site-packages/airflow/example_dags/example_complex.py
[2024-03-11T22:13:25.242+0000] {logging_mixin.py:188} INFO - [2024-03-11T22:13:25.241+0000] {dag.py:3047} INFO - Sync 1 DAGs
[2024-03-11T22:13:25.257+0000] {logging_mixin.py:188} INFO - [2024-03-11T22:13:25.256+0000] {dag.py:3834} INFO - Setting next_dagrun for example_complex to None, run_after=None
[2024-03-11T22:13:25.345+0000] {processor.py:183} INFO - Processing /home/airflow/.local/lib/python3.8/site-packages/airflow/example_dags/example_complex.py took 0.182 seconds
[2024-03-11T22:13:55.642+0000] {processor.py:161} INFO - Started process (PID=1025) to work on /home/airflow/.local/lib/python3.8/site-packages/airflow/example_dags/example_complex.py
[2024-03-11T22:13:55.644+0000] {processor.py:830} INFO - Processing file /home/airflow/.local/lib/python3.8/site-packages/airflow/example_dags/example_complex.py for tasks to queue
[2024-03-11T22:13:55.646+0000] {logging_mixin.py:188} INFO - [2024-03-11T22:13:55.645+0000] {dagbag.py:540} INFO - Filling up the DagBag from /home/airflow/.local/lib/python3.8/site-packages/airflow/example_dags/example_complex.py
[2024-03-11T22:13:55.664+0000] {processor.py:840} INFO - DAG(s) 'example_complex' retrieved from /home/airflow/.local/lib/python3.8/site-packages/airflow/example_dags/example_complex.py
[2024-03-11T22:13:55.698+0000] {logging_mixin.py:188} INFO - [2024-03-11T22:13:55.698+0000] {dag.py:3047} INFO - Sync 1 DAGs
[2024-03-11T22:13:55.711+0000] {logging_mixin.py:188} INFO - [2024-03-11T22:13:55.710+0000] {dag.py:3834} INFO - Setting next_dagrun for example_complex to None, run_after=None
[2024-03-11T22:13:55.733+0000] {processor.py:183} INFO - Processing /home/airflow/.local/lib/python3.8/site-packages/airflow/example_dags/example_complex.py took 0.094 seconds
[2024-03-11T22:14:25.898+0000] {processor.py:161} INFO - Started process (PID=1082) to work on /home/airflow/.local/lib/python3.8/site-packages/airflow/example_dags/example_complex.py
[2024-03-11T22:14:25.899+0000] {processor.py:830} INFO - Processing file /home/airflow/.local/lib/python3.8/site-packages/airflow/example_dags/example_complex.py for tasks to queue
[2024-03-11T22:14:25.901+0000] {logging_mixin.py:188} INFO - [2024-03-11T22:14:25.901+0000] {dagbag.py:540} INFO - Filling up the DagBag from /home/airflow/.local/lib/python3.8/site-packages/airflow/example_dags/example_complex.py
[2024-03-11T22:14:25.911+0000] {processor.py:840} INFO - DAG(s) 'example_complex' retrieved from /home/airflow/.local/lib/python3.8/site-packages/airflow/example_dags/example_complex.py
[2024-03-11T22:14:25.941+0000] {logging_mixin.py:188} INFO - [2024-03-11T22:14:25.941+0000] {dag.py:3047} INFO - Sync 1 DAGs
[2024-03-11T22:14:25.953+0000] {logging_mixin.py:188} INFO - [2024-03-11T22:14:25.952+0000] {dag.py:3834} INFO - Setting next_dagrun for example_complex to None, run_after=None
[2024-03-11T22:14:25.979+0000] {processor.py:183} INFO - Processing /home/airflow/.local/lib/python3.8/site-packages/airflow/example_dags/example_complex.py took 0.084 seconds
[2024-03-11T22:14:56.975+0000] {processor.py:161} INFO - Started process (PID=1139) to work on /home/airflow/.local/lib/python3.8/site-packages/airflow/example_dags/example_complex.py
[2024-03-11T22:14:56.976+0000] {processor.py:830} INFO - Processing file /home/airflow/.local/lib/python3.8/site-packages/airflow/example_dags/example_complex.py for tasks to queue
[2024-03-11T22:14:56.978+0000] {logging_mixin.py:188} INFO - [2024-03-11T22:14:56.978+0000] {dagbag.py:540} INFO - Filling up the DagBag from /home/airflow/.local/lib/python3.8/site-packages/airflow/example_dags/example_complex.py
[2024-03-11T22:14:56.987+0000] {processor.py:840} INFO - DAG(s) 'example_complex' retrieved from /home/airflow/.local/lib/python3.8/site-packages/airflow/example_dags/example_complex.py
[2024-03-11T22:14:57.020+0000] {logging_mixin.py:188} INFO - [2024-03-11T22:14:57.020+0000] {dag.py:3047} INFO - Sync 1 DAGs
[2024-03-11T22:14:57.033+0000] {logging_mixin.py:188} INFO - [2024-03-11T22:14:57.033+0000] {dag.py:3834} INFO - Setting next_dagrun for example_complex to None, run_after=None
[2024-03-11T22:14:57.061+0000] {processor.py:183} INFO - Processing /home/airflow/.local/lib/python3.8/site-packages/airflow/example_dags/example_complex.py took 0.089 seconds
[2024-03-11T22:15:27.122+0000] {processor.py:161} INFO - Started process (PID=1194) to work on /home/airflow/.local/lib/python3.8/site-packages/airflow/example_dags/example_complex.py
[2024-03-11T22:15:27.123+0000] {processor.py:830} INFO - Processing file /home/airflow/.local/lib/python3.8/site-packages/airflow/example_dags/example_complex.py for tasks to queue
[2024-03-11T22:15:27.125+0000] {logging_mixin.py:188} INFO - [2024-03-11T22:15:27.125+0000] {dagbag.py:540} INFO - Filling up the DagBag from /home/airflow/.local/lib/python3.8/site-packages/airflow/example_dags/example_complex.py
[2024-03-11T22:15:27.134+0000] {processor.py:840} INFO - DAG(s) 'example_complex' retrieved from /home/airflow/.local/lib/python3.8/site-packages/airflow/example_dags/example_complex.py
[2024-03-11T22:15:27.165+0000] {logging_mixin.py:188} INFO - [2024-03-11T22:15:27.164+0000] {dag.py:3047} INFO - Sync 1 DAGs
[2024-03-11T22:15:27.179+0000] {logging_mixin.py:188} INFO - [2024-03-11T22:15:27.178+0000] {dag.py:3834} INFO - Setting next_dagrun for example_complex to None, run_after=None
[2024-03-11T22:15:27.201+0000] {processor.py:183} INFO - Processing /home/airflow/.local/lib/python3.8/site-packages/airflow/example_dags/example_complex.py took 0.082 seconds
[2024-03-11T22:15:57.269+0000] {processor.py:161} INFO - Started process (PID=1251) to work on /home/airflow/.local/lib/python3.8/site-packages/airflow/example_dags/example_complex.py
[2024-03-11T22:15:57.270+0000] {processor.py:830} INFO - Processing file /home/airflow/.local/lib/python3.8/site-packages/airflow/example_dags/example_complex.py for tasks to queue
[2024-03-11T22:15:57.271+0000] {logging_mixin.py:188} INFO - [2024-03-11T22:15:57.271+0000] {dagbag.py:540} INFO - Filling up the DagBag from /home/airflow/.local/lib/python3.8/site-packages/airflow/example_dags/example_complex.py
[2024-03-11T22:15:57.281+0000] {processor.py:840} INFO - DAG(s) 'example_complex' retrieved from /home/airflow/.local/lib/python3.8/site-packages/airflow/example_dags/example_complex.py
[2024-03-11T22:15:57.312+0000] {logging_mixin.py:188} INFO - [2024-03-11T22:15:57.311+0000] {dag.py:3047} INFO - Sync 1 DAGs
[2024-03-11T22:15:57.323+0000] {logging_mixin.py:188} INFO - [2024-03-11T22:15:57.322+0000] {dag.py:3834} INFO - Setting next_dagrun for example_complex to None, run_after=None
[2024-03-11T22:15:57.346+0000] {processor.py:183} INFO - Processing /home/airflow/.local/lib/python3.8/site-packages/airflow/example_dags/example_complex.py took 0.080 seconds
[2024-03-11T22:16:28.044+0000] {processor.py:161} INFO - Started process (PID=1308) to work on /home/airflow/.local/lib/python3.8/site-packages/airflow/example_dags/example_complex.py
[2024-03-11T22:16:28.045+0000] {processor.py:830} INFO - Processing file /home/airflow/.local/lib/python3.8/site-packages/airflow/example_dags/example_complex.py for tasks to queue
[2024-03-11T22:16:28.047+0000] {logging_mixin.py:188} INFO - [2024-03-11T22:16:28.046+0000] {dagbag.py:540} INFO - Filling up the DagBag from /home/airflow/.local/lib/python3.8/site-packages/airflow/example_dags/example_complex.py
[2024-03-11T22:16:28.057+0000] {processor.py:840} INFO - DAG(s) 'example_complex' retrieved from /home/airflow/.local/lib/python3.8/site-packages/airflow/example_dags/example_complex.py
[2024-03-11T22:16:28.087+0000] {logging_mixin.py:188} INFO - [2024-03-11T22:16:28.087+0000] {dag.py:3047} INFO - Sync 1 DAGs
[2024-03-11T22:16:28.101+0000] {logging_mixin.py:188} INFO - [2024-03-11T22:16:28.101+0000] {dag.py:3834} INFO - Setting next_dagrun for example_complex to None, run_after=None
[2024-03-11T22:16:28.128+0000] {processor.py:183} INFO - Processing /home/airflow/.local/lib/python3.8/site-packages/airflow/example_dags/example_complex.py took 0.087 seconds
[2024-03-11T22:16:58.470+0000] {processor.py:161} INFO - Started process (PID=1365) to work on /home/airflow/.local/lib/python3.8/site-packages/airflow/example_dags/example_complex.py
[2024-03-11T22:16:58.471+0000] {processor.py:830} INFO - Processing file /home/airflow/.local/lib/python3.8/site-packages/airflow/example_dags/example_complex.py for tasks to queue
[2024-03-11T22:16:58.472+0000] {logging_mixin.py:188} INFO - [2024-03-11T22:16:58.472+0000] {dagbag.py:540} INFO - Filling up the DagBag from /home/airflow/.local/lib/python3.8/site-packages/airflow/example_dags/example_complex.py
[2024-03-11T22:16:58.482+0000] {processor.py:840} INFO - DAG(s) 'example_complex' retrieved from /home/airflow/.local/lib/python3.8/site-packages/airflow/example_dags/example_complex.py
[2024-03-11T22:16:58.510+0000] {logging_mixin.py:188} INFO - [2024-03-11T22:16:58.510+0000] {dag.py:3047} INFO - Sync 1 DAGs
[2024-03-11T22:16:58.522+0000] {logging_mixin.py:188} INFO - [2024-03-11T22:16:58.522+0000] {dag.py:3834} INFO - Setting next_dagrun for example_complex to None, run_after=None
[2024-03-11T22:16:58.547+0000] {processor.py:183} INFO - Processing /home/airflow/.local/lib/python3.8/site-packages/airflow/example_dags/example_complex.py took 0.080 seconds
[2024-03-11T22:17:29.212+0000] {processor.py:161} INFO - Started process (PID=1429) to work on /home/airflow/.local/lib/python3.8/site-packages/airflow/example_dags/example_complex.py
[2024-03-11T22:17:29.215+0000] {processor.py:830} INFO - Processing file /home/airflow/.local/lib/python3.8/site-packages/airflow/example_dags/example_complex.py for tasks to queue
[2024-03-11T22:17:29.219+0000] {logging_mixin.py:188} INFO - [2024-03-11T22:17:29.218+0000] {dagbag.py:540} INFO - Filling up the DagBag from /home/airflow/.local/lib/python3.8/site-packages/airflow/example_dags/example_complex.py
[2024-03-11T22:17:29.242+0000] {processor.py:840} INFO - DAG(s) 'example_complex' retrieved from /home/airflow/.local/lib/python3.8/site-packages/airflow/example_dags/example_complex.py
[2024-03-11T22:17:29.299+0000] {logging_mixin.py:188} INFO - [2024-03-11T22:17:29.299+0000] {dag.py:3047} INFO - Sync 1 DAGs
[2024-03-11T22:17:29.328+0000] {logging_mixin.py:188} INFO - [2024-03-11T22:17:29.327+0000] {dag.py:3834} INFO - Setting next_dagrun for example_complex to None, run_after=None
[2024-03-11T22:17:29.378+0000] {processor.py:183} INFO - Processing /home/airflow/.local/lib/python3.8/site-packages/airflow/example_dags/example_complex.py took 0.171 seconds
