[2024-03-11T22:02:08.668+0000] {processor.py:161} INFO - Started process (PID=68) to work on /home/airflow/.local/lib/python3.8/site-packages/airflow/example_dags/example_latest_only_with_trigger.py
[2024-03-11T22:02:08.671+0000] {processor.py:830} INFO - Processing file /home/airflow/.local/lib/python3.8/site-packages/airflow/example_dags/example_latest_only_with_trigger.py for tasks to queue
[2024-03-11T22:02:08.680+0000] {logging_mixin.py:188} INFO - [2024-03-11T22:02:08.678+0000] {dagbag.py:540} INFO - Filling up the DagBag from /home/airflow/.local/lib/python3.8/site-packages/airflow/example_dags/example_latest_only_with_trigger.py
[2024-03-11T22:02:08.696+0000] {processor.py:840} INFO - DAG(s) 'latest_only_with_trigger' retrieved from /home/airflow/.local/lib/python3.8/site-packages/airflow/example_dags/example_latest_only_with_trigger.py
[2024-03-11T22:02:08.952+0000] {logging_mixin.py:188} INFO - [2024-03-11T22:02:08.951+0000] {dag.py:3047} INFO - Sync 1 DAGs
[2024-03-11T22:02:09.080+0000] {logging_mixin.py:188} INFO - [2024-03-11T22:02:09.079+0000] {dag.py:3834} INFO - Setting next_dagrun for latest_only_with_trigger to 2024-03-11 16:00:00+00:00, run_after=2024-03-11 20:00:00+00:00
[2024-03-11T22:02:09.157+0000] {processor.py:183} INFO - Processing /home/airflow/.local/lib/python3.8/site-packages/airflow/example_dags/example_latest_only_with_trigger.py took 0.497 seconds
[2024-03-11T22:02:39.935+0000] {processor.py:161} INFO - Started process (PID=125) to work on /home/airflow/.local/lib/python3.8/site-packages/airflow/example_dags/example_latest_only_with_trigger.py
[2024-03-11T22:02:39.936+0000] {processor.py:830} INFO - Processing file /home/airflow/.local/lib/python3.8/site-packages/airflow/example_dags/example_latest_only_with_trigger.py for tasks to queue
[2024-03-11T22:02:39.940+0000] {logging_mixin.py:188} INFO - [2024-03-11T22:02:39.939+0000] {dagbag.py:540} INFO - Filling up the DagBag from /home/airflow/.local/lib/python3.8/site-packages/airflow/example_dags/example_latest_only_with_trigger.py
[2024-03-11T22:02:39.947+0000] {processor.py:840} INFO - DAG(s) 'latest_only_with_trigger' retrieved from /home/airflow/.local/lib/python3.8/site-packages/airflow/example_dags/example_latest_only_with_trigger.py
[2024-03-11T22:02:39.969+0000] {logging_mixin.py:188} INFO - [2024-03-11T22:02:39.968+0000] {dag.py:3047} INFO - Sync 1 DAGs
[2024-03-11T22:02:39.994+0000] {logging_mixin.py:188} INFO - [2024-03-11T22:02:39.993+0000] {dag.py:3834} INFO - Setting next_dagrun for latest_only_with_trigger to 2024-03-11 16:00:00+00:00, run_after=2024-03-11 20:00:00+00:00
[2024-03-11T22:02:40.019+0000] {processor.py:183} INFO - Processing /home/airflow/.local/lib/python3.8/site-packages/airflow/example_dags/example_latest_only_with_trigger.py took 0.088 seconds
[2024-03-11T22:05:17.767+0000] {processor.py:161} INFO - Started process (PID=61) to work on /home/airflow/.local/lib/python3.8/site-packages/airflow/example_dags/example_latest_only_with_trigger.py
[2024-03-11T22:05:17.768+0000] {processor.py:830} INFO - Processing file /home/airflow/.local/lib/python3.8/site-packages/airflow/example_dags/example_latest_only_with_trigger.py for tasks to queue
[2024-03-11T22:05:17.769+0000] {logging_mixin.py:188} INFO - [2024-03-11T22:05:17.769+0000] {dagbag.py:540} INFO - Filling up the DagBag from /home/airflow/.local/lib/python3.8/site-packages/airflow/example_dags/example_latest_only_with_trigger.py
[2024-03-11T22:05:17.777+0000] {processor.py:840} INFO - DAG(s) 'latest_only_with_trigger' retrieved from /home/airflow/.local/lib/python3.8/site-packages/airflow/example_dags/example_latest_only_with_trigger.py
[2024-03-11T22:05:18.047+0000] {logging_mixin.py:188} INFO - [2024-03-11T22:05:18.047+0000] {dag.py:3047} INFO - Sync 1 DAGs
[2024-03-11T22:05:18.099+0000] {logging_mixin.py:188} INFO - [2024-03-11T22:05:18.098+0000] {dag.py:3834} INFO - Setting next_dagrun for latest_only_with_trigger to 2024-03-11 16:00:00+00:00, run_after=2024-03-11 20:00:00+00:00
[2024-03-11T22:05:18.137+0000] {processor.py:183} INFO - Processing /home/airflow/.local/lib/python3.8/site-packages/airflow/example_dags/example_latest_only_with_trigger.py took 0.373 seconds
[2024-03-11T22:05:48.771+0000] {processor.py:161} INFO - Started process (PID=118) to work on /home/airflow/.local/lib/python3.8/site-packages/airflow/example_dags/example_latest_only_with_trigger.py
[2024-03-11T22:05:48.773+0000] {processor.py:830} INFO - Processing file /home/airflow/.local/lib/python3.8/site-packages/airflow/example_dags/example_latest_only_with_trigger.py for tasks to queue
[2024-03-11T22:05:48.774+0000] {logging_mixin.py:188} INFO - [2024-03-11T22:05:48.774+0000] {dagbag.py:540} INFO - Filling up the DagBag from /home/airflow/.local/lib/python3.8/site-packages/airflow/example_dags/example_latest_only_with_trigger.py
[2024-03-11T22:05:48.780+0000] {processor.py:840} INFO - DAG(s) 'latest_only_with_trigger' retrieved from /home/airflow/.local/lib/python3.8/site-packages/airflow/example_dags/example_latest_only_with_trigger.py
[2024-03-11T22:05:48.805+0000] {logging_mixin.py:188} INFO - [2024-03-11T22:05:48.804+0000] {dag.py:3047} INFO - Sync 1 DAGs
[2024-03-11T22:05:48.833+0000] {logging_mixin.py:188} INFO - [2024-03-11T22:05:48.833+0000] {dag.py:3834} INFO - Setting next_dagrun for latest_only_with_trigger to 2024-03-11 16:00:00+00:00, run_after=2024-03-11 20:00:00+00:00
[2024-03-11T22:05:48.867+0000] {processor.py:183} INFO - Processing /home/airflow/.local/lib/python3.8/site-packages/airflow/example_dags/example_latest_only_with_trigger.py took 0.098 seconds
[2024-03-11T22:06:19.168+0000] {processor.py:161} INFO - Started process (PID=175) to work on /home/airflow/.local/lib/python3.8/site-packages/airflow/example_dags/example_latest_only_with_trigger.py
[2024-03-11T22:06:19.184+0000] {processor.py:830} INFO - Processing file /home/airflow/.local/lib/python3.8/site-packages/airflow/example_dags/example_latest_only_with_trigger.py for tasks to queue
[2024-03-11T22:06:19.188+0000] {logging_mixin.py:188} INFO - [2024-03-11T22:06:19.187+0000] {dagbag.py:540} INFO - Filling up the DagBag from /home/airflow/.local/lib/python3.8/site-packages/airflow/example_dags/example_latest_only_with_trigger.py
[2024-03-11T22:06:19.200+0000] {processor.py:840} INFO - DAG(s) 'latest_only_with_trigger' retrieved from /home/airflow/.local/lib/python3.8/site-packages/airflow/example_dags/example_latest_only_with_trigger.py
[2024-03-11T22:06:19.235+0000] {logging_mixin.py:188} INFO - [2024-03-11T22:06:19.234+0000] {dag.py:3047} INFO - Sync 1 DAGs
[2024-03-11T22:06:19.260+0000] {logging_mixin.py:188} INFO - [2024-03-11T22:06:19.260+0000] {dag.py:3834} INFO - Setting next_dagrun for latest_only_with_trigger to 2024-03-11 16:00:00+00:00, run_after=2024-03-11 20:00:00+00:00
[2024-03-11T22:06:19.369+0000] {processor.py:183} INFO - Processing /home/airflow/.local/lib/python3.8/site-packages/airflow/example_dags/example_latest_only_with_trigger.py took 0.205 seconds
[2024-03-11T22:06:49.396+0000] {processor.py:161} INFO - Started process (PID=232) to work on /home/airflow/.local/lib/python3.8/site-packages/airflow/example_dags/example_latest_only_with_trigger.py
[2024-03-11T22:06:49.414+0000] {processor.py:830} INFO - Processing file /home/airflow/.local/lib/python3.8/site-packages/airflow/example_dags/example_latest_only_with_trigger.py for tasks to queue
[2024-03-11T22:06:49.416+0000] {logging_mixin.py:188} INFO - [2024-03-11T22:06:49.416+0000] {dagbag.py:540} INFO - Filling up the DagBag from /home/airflow/.local/lib/python3.8/site-packages/airflow/example_dags/example_latest_only_with_trigger.py
[2024-03-11T22:06:49.420+0000] {processor.py:840} INFO - DAG(s) 'latest_only_with_trigger' retrieved from /home/airflow/.local/lib/python3.8/site-packages/airflow/example_dags/example_latest_only_with_trigger.py
[2024-03-11T22:06:49.443+0000] {logging_mixin.py:188} INFO - [2024-03-11T22:06:49.442+0000] {dag.py:3047} INFO - Sync 1 DAGs
[2024-03-11T22:06:49.465+0000] {logging_mixin.py:188} INFO - [2024-03-11T22:06:49.465+0000] {dag.py:3834} INFO - Setting next_dagrun for latest_only_with_trigger to 2024-03-11 16:00:00+00:00, run_after=2024-03-11 20:00:00+00:00
[2024-03-11T22:06:49.496+0000] {processor.py:183} INFO - Processing /home/airflow/.local/lib/python3.8/site-packages/airflow/example_dags/example_latest_only_with_trigger.py took 0.103 seconds
[2024-03-11T22:07:19.619+0000] {processor.py:161} INFO - Started process (PID=289) to work on /home/airflow/.local/lib/python3.8/site-packages/airflow/example_dags/example_latest_only_with_trigger.py
[2024-03-11T22:07:19.621+0000] {processor.py:830} INFO - Processing file /home/airflow/.local/lib/python3.8/site-packages/airflow/example_dags/example_latest_only_with_trigger.py for tasks to queue
[2024-03-11T22:07:19.623+0000] {logging_mixin.py:188} INFO - [2024-03-11T22:07:19.622+0000] {dagbag.py:540} INFO - Filling up the DagBag from /home/airflow/.local/lib/python3.8/site-packages/airflow/example_dags/example_latest_only_with_trigger.py
[2024-03-11T22:07:19.629+0000] {processor.py:840} INFO - DAG(s) 'latest_only_with_trigger' retrieved from /home/airflow/.local/lib/python3.8/site-packages/airflow/example_dags/example_latest_only_with_trigger.py
[2024-03-11T22:07:19.652+0000] {logging_mixin.py:188} INFO - [2024-03-11T22:07:19.652+0000] {dag.py:3047} INFO - Sync 1 DAGs
[2024-03-11T22:07:19.677+0000] {logging_mixin.py:188} INFO - [2024-03-11T22:07:19.676+0000] {dag.py:3834} INFO - Setting next_dagrun for latest_only_with_trigger to 2024-03-11 16:00:00+00:00, run_after=2024-03-11 20:00:00+00:00
[2024-03-11T22:07:19.706+0000] {processor.py:183} INFO - Processing /home/airflow/.local/lib/python3.8/site-packages/airflow/example_dags/example_latest_only_with_trigger.py took 0.090 seconds
[2024-03-11T22:07:49.779+0000] {processor.py:161} INFO - Started process (PID=346) to work on /home/airflow/.local/lib/python3.8/site-packages/airflow/example_dags/example_latest_only_with_trigger.py
[2024-03-11T22:07:49.780+0000] {processor.py:830} INFO - Processing file /home/airflow/.local/lib/python3.8/site-packages/airflow/example_dags/example_latest_only_with_trigger.py for tasks to queue
[2024-03-11T22:07:49.782+0000] {logging_mixin.py:188} INFO - [2024-03-11T22:07:49.782+0000] {dagbag.py:540} INFO - Filling up the DagBag from /home/airflow/.local/lib/python3.8/site-packages/airflow/example_dags/example_latest_only_with_trigger.py
[2024-03-11T22:07:49.786+0000] {processor.py:840} INFO - DAG(s) 'latest_only_with_trigger' retrieved from /home/airflow/.local/lib/python3.8/site-packages/airflow/example_dags/example_latest_only_with_trigger.py
[2024-03-11T22:07:49.808+0000] {logging_mixin.py:188} INFO - [2024-03-11T22:07:49.808+0000] {dag.py:3047} INFO - Sync 1 DAGs
[2024-03-11T22:07:49.830+0000] {logging_mixin.py:188} INFO - [2024-03-11T22:07:49.829+0000] {dag.py:3834} INFO - Setting next_dagrun for latest_only_with_trigger to 2024-03-11 16:00:00+00:00, run_after=2024-03-11 20:00:00+00:00
[2024-03-11T22:07:49.856+0000] {processor.py:183} INFO - Processing /home/airflow/.local/lib/python3.8/site-packages/airflow/example_dags/example_latest_only_with_trigger.py took 0.080 seconds
[2024-03-11T22:08:20.563+0000] {processor.py:161} INFO - Started process (PID=403) to work on /home/airflow/.local/lib/python3.8/site-packages/airflow/example_dags/example_latest_only_with_trigger.py
[2024-03-11T22:08:20.565+0000] {processor.py:830} INFO - Processing file /home/airflow/.local/lib/python3.8/site-packages/airflow/example_dags/example_latest_only_with_trigger.py for tasks to queue
[2024-03-11T22:08:20.566+0000] {logging_mixin.py:188} INFO - [2024-03-11T22:08:20.566+0000] {dagbag.py:540} INFO - Filling up the DagBag from /home/airflow/.local/lib/python3.8/site-packages/airflow/example_dags/example_latest_only_with_trigger.py
[2024-03-11T22:08:20.571+0000] {processor.py:840} INFO - DAG(s) 'latest_only_with_trigger' retrieved from /home/airflow/.local/lib/python3.8/site-packages/airflow/example_dags/example_latest_only_with_trigger.py
[2024-03-11T22:08:20.592+0000] {logging_mixin.py:188} INFO - [2024-03-11T22:08:20.591+0000] {dag.py:3047} INFO - Sync 1 DAGs
[2024-03-11T22:08:20.614+0000] {logging_mixin.py:188} INFO - [2024-03-11T22:08:20.614+0000] {dag.py:3834} INFO - Setting next_dagrun for latest_only_with_trigger to 2024-03-11 16:00:00+00:00, run_after=2024-03-11 20:00:00+00:00
[2024-03-11T22:08:20.644+0000] {processor.py:183} INFO - Processing /home/airflow/.local/lib/python3.8/site-packages/airflow/example_dags/example_latest_only_with_trigger.py took 0.083 seconds
[2024-03-11T22:08:51.425+0000] {processor.py:161} INFO - Started process (PID=460) to work on /home/airflow/.local/lib/python3.8/site-packages/airflow/example_dags/example_latest_only_with_trigger.py
[2024-03-11T22:08:51.427+0000] {processor.py:830} INFO - Processing file /home/airflow/.local/lib/python3.8/site-packages/airflow/example_dags/example_latest_only_with_trigger.py for tasks to queue
[2024-03-11T22:08:51.428+0000] {logging_mixin.py:188} INFO - [2024-03-11T22:08:51.428+0000] {dagbag.py:540} INFO - Filling up the DagBag from /home/airflow/.local/lib/python3.8/site-packages/airflow/example_dags/example_latest_only_with_trigger.py
[2024-03-11T22:08:51.433+0000] {processor.py:840} INFO - DAG(s) 'latest_only_with_trigger' retrieved from /home/airflow/.local/lib/python3.8/site-packages/airflow/example_dags/example_latest_only_with_trigger.py
[2024-03-11T22:08:51.453+0000] {logging_mixin.py:188} INFO - [2024-03-11T22:08:51.453+0000] {dag.py:3047} INFO - Sync 1 DAGs
[2024-03-11T22:08:51.474+0000] {logging_mixin.py:188} INFO - [2024-03-11T22:08:51.474+0000] {dag.py:3834} INFO - Setting next_dagrun for latest_only_with_trigger to 2024-03-11 16:00:00+00:00, run_after=2024-03-11 20:00:00+00:00
[2024-03-11T22:08:51.498+0000] {processor.py:183} INFO - Processing /home/airflow/.local/lib/python3.8/site-packages/airflow/example_dags/example_latest_only_with_trigger.py took 0.076 seconds
[2024-03-11T22:09:22.409+0000] {processor.py:161} INFO - Started process (PID=517) to work on /home/airflow/.local/lib/python3.8/site-packages/airflow/example_dags/example_latest_only_with_trigger.py
[2024-03-11T22:09:22.411+0000] {processor.py:830} INFO - Processing file /home/airflow/.local/lib/python3.8/site-packages/airflow/example_dags/example_latest_only_with_trigger.py for tasks to queue
[2024-03-11T22:09:22.414+0000] {logging_mixin.py:188} INFO - [2024-03-11T22:09:22.413+0000] {dagbag.py:540} INFO - Filling up the DagBag from /home/airflow/.local/lib/python3.8/site-packages/airflow/example_dags/example_latest_only_with_trigger.py
[2024-03-11T22:09:22.422+0000] {processor.py:840} INFO - DAG(s) 'latest_only_with_trigger' retrieved from /home/airflow/.local/lib/python3.8/site-packages/airflow/example_dags/example_latest_only_with_trigger.py
[2024-03-11T22:09:22.448+0000] {logging_mixin.py:188} INFO - [2024-03-11T22:09:22.447+0000] {dag.py:3047} INFO - Sync 1 DAGs
[2024-03-11T22:09:22.472+0000] {logging_mixin.py:188} INFO - [2024-03-11T22:09:22.471+0000] {dag.py:3834} INFO - Setting next_dagrun for latest_only_with_trigger to 2024-03-11 16:00:00+00:00, run_after=2024-03-11 20:00:00+00:00
[2024-03-11T22:09:22.500+0000] {processor.py:183} INFO - Processing /home/airflow/.local/lib/python3.8/site-packages/airflow/example_dags/example_latest_only_with_trigger.py took 0.095 seconds
[2024-03-11T22:09:52.666+0000] {processor.py:161} INFO - Started process (PID=574) to work on /home/airflow/.local/lib/python3.8/site-packages/airflow/example_dags/example_latest_only_with_trigger.py
[2024-03-11T22:09:52.669+0000] {processor.py:830} INFO - Processing file /home/airflow/.local/lib/python3.8/site-packages/airflow/example_dags/example_latest_only_with_trigger.py for tasks to queue
[2024-03-11T22:09:52.671+0000] {logging_mixin.py:188} INFO - [2024-03-11T22:09:52.671+0000] {dagbag.py:540} INFO - Filling up the DagBag from /home/airflow/.local/lib/python3.8/site-packages/airflow/example_dags/example_latest_only_with_trigger.py
[2024-03-11T22:09:52.678+0000] {processor.py:840} INFO - DAG(s) 'latest_only_with_trigger' retrieved from /home/airflow/.local/lib/python3.8/site-packages/airflow/example_dags/example_latest_only_with_trigger.py
[2024-03-11T22:09:52.703+0000] {logging_mixin.py:188} INFO - [2024-03-11T22:09:52.703+0000] {dag.py:3047} INFO - Sync 1 DAGs
[2024-03-11T22:09:52.727+0000] {logging_mixin.py:188} INFO - [2024-03-11T22:09:52.726+0000] {dag.py:3834} INFO - Setting next_dagrun for latest_only_with_trigger to 2024-03-11 16:00:00+00:00, run_after=2024-03-11 20:00:00+00:00
[2024-03-11T22:09:52.759+0000] {processor.py:183} INFO - Processing /home/airflow/.local/lib/python3.8/site-packages/airflow/example_dags/example_latest_only_with_trigger.py took 0.095 seconds
[2024-03-11T22:10:23.069+0000] {processor.py:161} INFO - Started process (PID=631) to work on /home/airflow/.local/lib/python3.8/site-packages/airflow/example_dags/example_latest_only_with_trigger.py
[2024-03-11T22:10:23.072+0000] {processor.py:830} INFO - Processing file /home/airflow/.local/lib/python3.8/site-packages/airflow/example_dags/example_latest_only_with_trigger.py for tasks to queue
[2024-03-11T22:10:23.077+0000] {logging_mixin.py:188} INFO - [2024-03-11T22:10:23.076+0000] {dagbag.py:540} INFO - Filling up the DagBag from /home/airflow/.local/lib/python3.8/site-packages/airflow/example_dags/example_latest_only_with_trigger.py
[2024-03-11T22:10:23.086+0000] {processor.py:840} INFO - DAG(s) 'latest_only_with_trigger' retrieved from /home/airflow/.local/lib/python3.8/site-packages/airflow/example_dags/example_latest_only_with_trigger.py
[2024-03-11T22:10:23.128+0000] {logging_mixin.py:188} INFO - [2024-03-11T22:10:23.127+0000] {dag.py:3047} INFO - Sync 1 DAGs
[2024-03-11T22:10:23.166+0000] {logging_mixin.py:188} INFO - [2024-03-11T22:10:23.166+0000] {dag.py:3834} INFO - Setting next_dagrun for latest_only_with_trigger to 2024-03-11 16:00:00+00:00, run_after=2024-03-11 20:00:00+00:00
[2024-03-11T22:10:23.218+0000] {processor.py:183} INFO - Processing /home/airflow/.local/lib/python3.8/site-packages/airflow/example_dags/example_latest_only_with_trigger.py took 0.155 seconds
[2024-03-11T22:10:53.457+0000] {processor.py:161} INFO - Started process (PID=688) to work on /home/airflow/.local/lib/python3.8/site-packages/airflow/example_dags/example_latest_only_with_trigger.py
[2024-03-11T22:10:53.459+0000] {processor.py:830} INFO - Processing file /home/airflow/.local/lib/python3.8/site-packages/airflow/example_dags/example_latest_only_with_trigger.py for tasks to queue
[2024-03-11T22:10:53.460+0000] {logging_mixin.py:188} INFO - [2024-03-11T22:10:53.460+0000] {dagbag.py:540} INFO - Filling up the DagBag from /home/airflow/.local/lib/python3.8/site-packages/airflow/example_dags/example_latest_only_with_trigger.py
[2024-03-11T22:10:53.465+0000] {processor.py:840} INFO - DAG(s) 'latest_only_with_trigger' retrieved from /home/airflow/.local/lib/python3.8/site-packages/airflow/example_dags/example_latest_only_with_trigger.py
[2024-03-11T22:10:53.485+0000] {logging_mixin.py:188} INFO - [2024-03-11T22:10:53.484+0000] {dag.py:3047} INFO - Sync 1 DAGs
[2024-03-11T22:10:53.507+0000] {logging_mixin.py:188} INFO - [2024-03-11T22:10:53.507+0000] {dag.py:3834} INFO - Setting next_dagrun for latest_only_with_trigger to 2024-03-11 16:00:00+00:00, run_after=2024-03-11 20:00:00+00:00
[2024-03-11T22:10:53.539+0000] {processor.py:183} INFO - Processing /home/airflow/.local/lib/python3.8/site-packages/airflow/example_dags/example_latest_only_with_trigger.py took 0.084 seconds
[2024-03-11T22:11:23.768+0000] {processor.py:161} INFO - Started process (PID=745) to work on /home/airflow/.local/lib/python3.8/site-packages/airflow/example_dags/example_latest_only_with_trigger.py
[2024-03-11T22:11:23.770+0000] {processor.py:830} INFO - Processing file /home/airflow/.local/lib/python3.8/site-packages/airflow/example_dags/example_latest_only_with_trigger.py for tasks to queue
[2024-03-11T22:11:23.773+0000] {logging_mixin.py:188} INFO - [2024-03-11T22:11:23.772+0000] {dagbag.py:540} INFO - Filling up the DagBag from /home/airflow/.local/lib/python3.8/site-packages/airflow/example_dags/example_latest_only_with_trigger.py
[2024-03-11T22:11:23.779+0000] {processor.py:840} INFO - DAG(s) 'latest_only_with_trigger' retrieved from /home/airflow/.local/lib/python3.8/site-packages/airflow/example_dags/example_latest_only_with_trigger.py
[2024-03-11T22:11:23.812+0000] {logging_mixin.py:188} INFO - [2024-03-11T22:11:23.811+0000] {dag.py:3047} INFO - Sync 1 DAGs
[2024-03-11T22:11:23.847+0000] {logging_mixin.py:188} INFO - [2024-03-11T22:11:23.846+0000] {dag.py:3834} INFO - Setting next_dagrun for latest_only_with_trigger to 2024-03-11 16:00:00+00:00, run_after=2024-03-11 20:00:00+00:00
[2024-03-11T22:11:23.885+0000] {processor.py:183} INFO - Processing /home/airflow/.local/lib/python3.8/site-packages/airflow/example_dags/example_latest_only_with_trigger.py took 0.120 seconds
[2024-03-11T22:11:54.379+0000] {processor.py:161} INFO - Started process (PID=802) to work on /home/airflow/.local/lib/python3.8/site-packages/airflow/example_dags/example_latest_only_with_trigger.py
[2024-03-11T22:11:54.381+0000] {processor.py:830} INFO - Processing file /home/airflow/.local/lib/python3.8/site-packages/airflow/example_dags/example_latest_only_with_trigger.py for tasks to queue
[2024-03-11T22:11:54.384+0000] {logging_mixin.py:188} INFO - [2024-03-11T22:11:54.383+0000] {dagbag.py:540} INFO - Filling up the DagBag from /home/airflow/.local/lib/python3.8/site-packages/airflow/example_dags/example_latest_only_with_trigger.py
[2024-03-11T22:11:54.389+0000] {processor.py:840} INFO - DAG(s) 'latest_only_with_trigger' retrieved from /home/airflow/.local/lib/python3.8/site-packages/airflow/example_dags/example_latest_only_with_trigger.py
[2024-03-11T22:11:54.415+0000] {logging_mixin.py:188} INFO - [2024-03-11T22:11:54.414+0000] {dag.py:3047} INFO - Sync 1 DAGs
[2024-03-11T22:11:54.441+0000] {logging_mixin.py:188} INFO - [2024-03-11T22:11:54.441+0000] {dag.py:3834} INFO - Setting next_dagrun for latest_only_with_trigger to 2024-03-11 16:00:00+00:00, run_after=2024-03-11 20:00:00+00:00
[2024-03-11T22:11:54.468+0000] {processor.py:183} INFO - Processing /home/airflow/.local/lib/python3.8/site-packages/airflow/example_dags/example_latest_only_with_trigger.py took 0.092 seconds
[2024-03-11T22:12:24.728+0000] {processor.py:161} INFO - Started process (PID=859) to work on /home/airflow/.local/lib/python3.8/site-packages/airflow/example_dags/example_latest_only_with_trigger.py
[2024-03-11T22:12:24.730+0000] {processor.py:830} INFO - Processing file /home/airflow/.local/lib/python3.8/site-packages/airflow/example_dags/example_latest_only_with_trigger.py for tasks to queue
[2024-03-11T22:12:24.732+0000] {logging_mixin.py:188} INFO - [2024-03-11T22:12:24.732+0000] {dagbag.py:540} INFO - Filling up the DagBag from /home/airflow/.local/lib/python3.8/site-packages/airflow/example_dags/example_latest_only_with_trigger.py
[2024-03-11T22:12:24.740+0000] {processor.py:840} INFO - DAG(s) 'latest_only_with_trigger' retrieved from /home/airflow/.local/lib/python3.8/site-packages/airflow/example_dags/example_latest_only_with_trigger.py
[2024-03-11T22:12:24.774+0000] {logging_mixin.py:188} INFO - [2024-03-11T22:12:24.774+0000] {dag.py:3047} INFO - Sync 1 DAGs
[2024-03-11T22:12:24.804+0000] {logging_mixin.py:188} INFO - [2024-03-11T22:12:24.804+0000] {dag.py:3834} INFO - Setting next_dagrun for latest_only_with_trigger to 2024-03-11 16:00:00+00:00, run_after=2024-03-11 20:00:00+00:00
[2024-03-11T22:12:24.833+0000] {processor.py:183} INFO - Processing /home/airflow/.local/lib/python3.8/site-packages/airflow/example_dags/example_latest_only_with_trigger.py took 0.108 seconds
[2024-03-11T22:12:55.521+0000] {processor.py:161} INFO - Started process (PID=916) to work on /home/airflow/.local/lib/python3.8/site-packages/airflow/example_dags/example_latest_only_with_trigger.py
[2024-03-11T22:12:55.541+0000] {processor.py:830} INFO - Processing file /home/airflow/.local/lib/python3.8/site-packages/airflow/example_dags/example_latest_only_with_trigger.py for tasks to queue
[2024-03-11T22:12:55.543+0000] {logging_mixin.py:188} INFO - [2024-03-11T22:12:55.543+0000] {dagbag.py:540} INFO - Filling up the DagBag from /home/airflow/.local/lib/python3.8/site-packages/airflow/example_dags/example_latest_only_with_trigger.py
[2024-03-11T22:12:55.551+0000] {processor.py:840} INFO - DAG(s) 'latest_only_with_trigger' retrieved from /home/airflow/.local/lib/python3.8/site-packages/airflow/example_dags/example_latest_only_with_trigger.py
[2024-03-11T22:12:55.579+0000] {logging_mixin.py:188} INFO - [2024-03-11T22:12:55.578+0000] {dag.py:3047} INFO - Sync 1 DAGs
[2024-03-11T22:12:55.608+0000] {logging_mixin.py:188} INFO - [2024-03-11T22:12:55.608+0000] {dag.py:3834} INFO - Setting next_dagrun for latest_only_with_trigger to 2024-03-11 16:00:00+00:00, run_after=2024-03-11 20:00:00+00:00
[2024-03-11T22:12:55.641+0000] {processor.py:183} INFO - Processing /home/airflow/.local/lib/python3.8/site-packages/airflow/example_dags/example_latest_only_with_trigger.py took 0.124 seconds
[2024-03-11T22:13:25.692+0000] {processor.py:161} INFO - Started process (PID=973) to work on /home/airflow/.local/lib/python3.8/site-packages/airflow/example_dags/example_latest_only_with_trigger.py
[2024-03-11T22:13:25.715+0000] {processor.py:830} INFO - Processing file /home/airflow/.local/lib/python3.8/site-packages/airflow/example_dags/example_latest_only_with_trigger.py for tasks to queue
[2024-03-11T22:13:25.717+0000] {logging_mixin.py:188} INFO - [2024-03-11T22:13:25.716+0000] {dagbag.py:540} INFO - Filling up the DagBag from /home/airflow/.local/lib/python3.8/site-packages/airflow/example_dags/example_latest_only_with_trigger.py
[2024-03-11T22:13:25.721+0000] {processor.py:840} INFO - DAG(s) 'latest_only_with_trigger' retrieved from /home/airflow/.local/lib/python3.8/site-packages/airflow/example_dags/example_latest_only_with_trigger.py
[2024-03-11T22:13:25.748+0000] {logging_mixin.py:188} INFO - [2024-03-11T22:13:25.748+0000] {dag.py:3047} INFO - Sync 1 DAGs
[2024-03-11T22:13:25.773+0000] {logging_mixin.py:188} INFO - [2024-03-11T22:13:25.773+0000] {dag.py:3834} INFO - Setting next_dagrun for latest_only_with_trigger to 2024-03-11 16:00:00+00:00, run_after=2024-03-11 20:00:00+00:00
[2024-03-11T22:13:25.802+0000] {processor.py:183} INFO - Processing /home/airflow/.local/lib/python3.8/site-packages/airflow/example_dags/example_latest_only_with_trigger.py took 0.113 seconds
[2024-03-11T22:13:55.911+0000] {processor.py:161} INFO - Started process (PID=1030) to work on /home/airflow/.local/lib/python3.8/site-packages/airflow/example_dags/example_latest_only_with_trigger.py
[2024-03-11T22:13:55.912+0000] {processor.py:830} INFO - Processing file /home/airflow/.local/lib/python3.8/site-packages/airflow/example_dags/example_latest_only_with_trigger.py for tasks to queue
[2024-03-11T22:13:55.914+0000] {logging_mixin.py:188} INFO - [2024-03-11T22:13:55.913+0000] {dagbag.py:540} INFO - Filling up the DagBag from /home/airflow/.local/lib/python3.8/site-packages/airflow/example_dags/example_latest_only_with_trigger.py
[2024-03-11T22:13:55.918+0000] {processor.py:840} INFO - DAG(s) 'latest_only_with_trigger' retrieved from /home/airflow/.local/lib/python3.8/site-packages/airflow/example_dags/example_latest_only_with_trigger.py
[2024-03-11T22:13:55.940+0000] {logging_mixin.py:188} INFO - [2024-03-11T22:13:55.939+0000] {dag.py:3047} INFO - Sync 1 DAGs
[2024-03-11T22:13:55.962+0000] {logging_mixin.py:188} INFO - [2024-03-11T22:13:55.962+0000] {dag.py:3834} INFO - Setting next_dagrun for latest_only_with_trigger to 2024-03-11 16:00:00+00:00, run_after=2024-03-11 20:00:00+00:00
[2024-03-11T22:13:55.986+0000] {processor.py:183} INFO - Processing /home/airflow/.local/lib/python3.8/site-packages/airflow/example_dags/example_latest_only_with_trigger.py took 0.078 seconds
[2024-03-11T22:14:26.142+0000] {processor.py:161} INFO - Started process (PID=1087) to work on /home/airflow/.local/lib/python3.8/site-packages/airflow/example_dags/example_latest_only_with_trigger.py
[2024-03-11T22:14:26.144+0000] {processor.py:830} INFO - Processing file /home/airflow/.local/lib/python3.8/site-packages/airflow/example_dags/example_latest_only_with_trigger.py for tasks to queue
[2024-03-11T22:14:26.146+0000] {logging_mixin.py:188} INFO - [2024-03-11T22:14:26.146+0000] {dagbag.py:540} INFO - Filling up the DagBag from /home/airflow/.local/lib/python3.8/site-packages/airflow/example_dags/example_latest_only_with_trigger.py
[2024-03-11T22:14:26.151+0000] {processor.py:840} INFO - DAG(s) 'latest_only_with_trigger' retrieved from /home/airflow/.local/lib/python3.8/site-packages/airflow/example_dags/example_latest_only_with_trigger.py
[2024-03-11T22:14:26.171+0000] {logging_mixin.py:188} INFO - [2024-03-11T22:14:26.171+0000] {dag.py:3047} INFO - Sync 1 DAGs
[2024-03-11T22:14:26.195+0000] {logging_mixin.py:188} INFO - [2024-03-11T22:14:26.195+0000] {dag.py:3834} INFO - Setting next_dagrun for latest_only_with_trigger to 2024-03-11 16:00:00+00:00, run_after=2024-03-11 20:00:00+00:00
[2024-03-11T22:14:26.220+0000] {processor.py:183} INFO - Processing /home/airflow/.local/lib/python3.8/site-packages/airflow/example_dags/example_latest_only_with_trigger.py took 0.081 seconds
[2024-03-11T22:14:57.365+0000] {processor.py:161} INFO - Started process (PID=1144) to work on /home/airflow/.local/lib/python3.8/site-packages/airflow/example_dags/example_latest_only_with_trigger.py
[2024-03-11T22:14:57.367+0000] {processor.py:830} INFO - Processing file /home/airflow/.local/lib/python3.8/site-packages/airflow/example_dags/example_latest_only_with_trigger.py for tasks to queue
[2024-03-11T22:14:57.369+0000] {logging_mixin.py:188} INFO - [2024-03-11T22:14:57.368+0000] {dagbag.py:540} INFO - Filling up the DagBag from /home/airflow/.local/lib/python3.8/site-packages/airflow/example_dags/example_latest_only_with_trigger.py
[2024-03-11T22:14:57.373+0000] {processor.py:840} INFO - DAG(s) 'latest_only_with_trigger' retrieved from /home/airflow/.local/lib/python3.8/site-packages/airflow/example_dags/example_latest_only_with_trigger.py
[2024-03-11T22:14:57.397+0000] {logging_mixin.py:188} INFO - [2024-03-11T22:14:57.397+0000] {dag.py:3047} INFO - Sync 1 DAGs
[2024-03-11T22:14:57.422+0000] {logging_mixin.py:188} INFO - [2024-03-11T22:14:57.421+0000] {dag.py:3834} INFO - Setting next_dagrun for latest_only_with_trigger to 2024-03-11 16:00:00+00:00, run_after=2024-03-11 20:00:00+00:00
[2024-03-11T22:14:57.447+0000] {processor.py:183} INFO - Processing /home/airflow/.local/lib/python3.8/site-packages/airflow/example_dags/example_latest_only_with_trigger.py took 0.085 seconds
[2024-03-11T22:15:28.575+0000] {processor.py:161} INFO - Started process (PID=1201) to work on /home/airflow/.local/lib/python3.8/site-packages/airflow/example_dags/example_latest_only_with_trigger.py
[2024-03-11T22:15:28.577+0000] {processor.py:830} INFO - Processing file /home/airflow/.local/lib/python3.8/site-packages/airflow/example_dags/example_latest_only_with_trigger.py for tasks to queue
[2024-03-11T22:15:28.578+0000] {logging_mixin.py:188} INFO - [2024-03-11T22:15:28.578+0000] {dagbag.py:540} INFO - Filling up the DagBag from /home/airflow/.local/lib/python3.8/site-packages/airflow/example_dags/example_latest_only_with_trigger.py
[2024-03-11T22:15:28.583+0000] {processor.py:840} INFO - DAG(s) 'latest_only_with_trigger' retrieved from /home/airflow/.local/lib/python3.8/site-packages/airflow/example_dags/example_latest_only_with_trigger.py
[2024-03-11T22:15:28.603+0000] {logging_mixin.py:188} INFO - [2024-03-11T22:15:28.603+0000] {dag.py:3047} INFO - Sync 1 DAGs
[2024-03-11T22:15:28.624+0000] {logging_mixin.py:188} INFO - [2024-03-11T22:15:28.624+0000] {dag.py:3834} INFO - Setting next_dagrun for latest_only_with_trigger to 2024-03-11 16:00:00+00:00, run_after=2024-03-11 20:00:00+00:00
[2024-03-11T22:15:28.647+0000] {processor.py:183} INFO - Processing /home/airflow/.local/lib/python3.8/site-packages/airflow/example_dags/example_latest_only_with_trigger.py took 0.074 seconds
[2024-03-11T22:15:58.691+0000] {processor.py:161} INFO - Started process (PID=1258) to work on /home/airflow/.local/lib/python3.8/site-packages/airflow/example_dags/example_latest_only_with_trigger.py
[2024-03-11T22:15:58.692+0000] {processor.py:830} INFO - Processing file /home/airflow/.local/lib/python3.8/site-packages/airflow/example_dags/example_latest_only_with_trigger.py for tasks to queue
[2024-03-11T22:15:58.694+0000] {logging_mixin.py:188} INFO - [2024-03-11T22:15:58.693+0000] {dagbag.py:540} INFO - Filling up the DagBag from /home/airflow/.local/lib/python3.8/site-packages/airflow/example_dags/example_latest_only_with_trigger.py
[2024-03-11T22:15:58.698+0000] {processor.py:840} INFO - DAG(s) 'latest_only_with_trigger' retrieved from /home/airflow/.local/lib/python3.8/site-packages/airflow/example_dags/example_latest_only_with_trigger.py
[2024-03-11T22:15:58.717+0000] {logging_mixin.py:188} INFO - [2024-03-11T22:15:58.717+0000] {dag.py:3047} INFO - Sync 1 DAGs
[2024-03-11T22:15:58.738+0000] {logging_mixin.py:188} INFO - [2024-03-11T22:15:58.737+0000] {dag.py:3834} INFO - Setting next_dagrun for latest_only_with_trigger to 2024-03-11 16:00:00+00:00, run_after=2024-03-11 20:00:00+00:00
[2024-03-11T22:15:58.761+0000] {processor.py:183} INFO - Processing /home/airflow/.local/lib/python3.8/site-packages/airflow/example_dags/example_latest_only_with_trigger.py took 0.073 seconds
[2024-03-11T22:16:29.578+0000] {processor.py:161} INFO - Started process (PID=1321) to work on /home/airflow/.local/lib/python3.8/site-packages/airflow/example_dags/example_latest_only_with_trigger.py
[2024-03-11T22:16:29.581+0000] {processor.py:830} INFO - Processing file /home/airflow/.local/lib/python3.8/site-packages/airflow/example_dags/example_latest_only_with_trigger.py for tasks to queue
[2024-03-11T22:16:29.583+0000] {logging_mixin.py:188} INFO - [2024-03-11T22:16:29.583+0000] {dagbag.py:540} INFO - Filling up the DagBag from /home/airflow/.local/lib/python3.8/site-packages/airflow/example_dags/example_latest_only_with_trigger.py
[2024-03-11T22:16:29.588+0000] {processor.py:840} INFO - DAG(s) 'latest_only_with_trigger' retrieved from /home/airflow/.local/lib/python3.8/site-packages/airflow/example_dags/example_latest_only_with_trigger.py
[2024-03-11T22:16:29.613+0000] {logging_mixin.py:188} INFO - [2024-03-11T22:16:29.613+0000] {dag.py:3047} INFO - Sync 1 DAGs
[2024-03-11T22:16:29.640+0000] {logging_mixin.py:188} INFO - [2024-03-11T22:16:29.640+0000] {dag.py:3834} INFO - Setting next_dagrun for latest_only_with_trigger to 2024-03-11 16:00:00+00:00, run_after=2024-03-11 20:00:00+00:00
[2024-03-11T22:16:29.665+0000] {processor.py:183} INFO - Processing /home/airflow/.local/lib/python3.8/site-packages/airflow/example_dags/example_latest_only_with_trigger.py took 0.091 seconds
[2024-03-11T22:16:59.828+0000] {processor.py:161} INFO - Started process (PID=1378) to work on /home/airflow/.local/lib/python3.8/site-packages/airflow/example_dags/example_latest_only_with_trigger.py
[2024-03-11T22:16:59.830+0000] {processor.py:830} INFO - Processing file /home/airflow/.local/lib/python3.8/site-packages/airflow/example_dags/example_latest_only_with_trigger.py for tasks to queue
[2024-03-11T22:16:59.831+0000] {logging_mixin.py:188} INFO - [2024-03-11T22:16:59.831+0000] {dagbag.py:540} INFO - Filling up the DagBag from /home/airflow/.local/lib/python3.8/site-packages/airflow/example_dags/example_latest_only_with_trigger.py
[2024-03-11T22:16:59.837+0000] {processor.py:840} INFO - DAG(s) 'latest_only_with_trigger' retrieved from /home/airflow/.local/lib/python3.8/site-packages/airflow/example_dags/example_latest_only_with_trigger.py
[2024-03-11T22:16:59.862+0000] {logging_mixin.py:188} INFO - [2024-03-11T22:16:59.862+0000] {dag.py:3047} INFO - Sync 1 DAGs
[2024-03-11T22:16:59.892+0000] {logging_mixin.py:188} INFO - [2024-03-11T22:16:59.891+0000] {dag.py:3834} INFO - Setting next_dagrun for latest_only_with_trigger to 2024-03-11 16:00:00+00:00, run_after=2024-03-11 20:00:00+00:00
[2024-03-11T22:16:59.915+0000] {processor.py:183} INFO - Processing /home/airflow/.local/lib/python3.8/site-packages/airflow/example_dags/example_latest_only_with_trigger.py took 0.089 seconds
