[2024-03-11T22:02:01.316+0000] {processor.py:161} INFO - Started process (PID=51) to work on /home/airflow/.local/lib/python3.8/site-packages/airflow/example_dags/example_branch_datetime_operator.py
[2024-03-11T22:02:01.318+0000] {processor.py:830} INFO - Processing file /home/airflow/.local/lib/python3.8/site-packages/airflow/example_dags/example_branch_datetime_operator.py for tasks to queue
[2024-03-11T22:02:01.321+0000] {logging_mixin.py:188} INFO - [2024-03-11T22:02:01.321+0000] {dagbag.py:540} INFO - Filling up the DagBag from /home/airflow/.local/lib/python3.8/site-packages/airflow/example_dags/example_branch_datetime_operator.py
[2024-03-11T22:02:01.343+0000] {processor.py:840} INFO - DAG(s) 'example_branch_datetime_operator_2', 'example_branch_datetime_operator_3', 'example_branch_datetime_operator' retrieved from /home/airflow/.local/lib/python3.8/site-packages/airflow/example_dags/example_branch_datetime_operator.py
[2024-03-11T22:02:01.824+0000] {logging_mixin.py:188} INFO - [2024-03-11T22:02:01.824+0000] {dag.py:3047} INFO - Sync 3 DAGs
[2024-03-11T22:02:01.917+0000] {logging_mixin.py:188} INFO - [2024-03-11T22:02:01.917+0000] {dag.py:3834} INFO - Setting next_dagrun for example_branch_datetime_operator to 2024-03-10 00:00:00+00:00, run_after=2024-03-11 00:00:00+00:00
[2024-03-11T22:02:01.928+0000] {logging_mixin.py:188} INFO - [2024-03-11T22:02:01.928+0000] {dag.py:3834} INFO - Setting next_dagrun for example_branch_datetime_operator_2 to 2024-03-10 00:00:00+00:00, run_after=2024-03-11 00:00:00+00:00
[2024-03-11T22:02:01.933+0000] {logging_mixin.py:188} INFO - [2024-03-11T22:02:01.933+0000] {dag.py:3834} INFO - Setting next_dagrun for example_branch_datetime_operator_3 to 2024-03-10 00:00:00+00:00, run_after=2024-03-11 00:00:00+00:00
[2024-03-11T22:02:02.011+0000] {processor.py:183} INFO - Processing /home/airflow/.local/lib/python3.8/site-packages/airflow/example_dags/example_branch_datetime_operator.py took 0.702 seconds
[2024-03-11T22:02:32.465+0000] {processor.py:161} INFO - Started process (PID=107) to work on /home/airflow/.local/lib/python3.8/site-packages/airflow/example_dags/example_branch_datetime_operator.py
[2024-03-11T22:02:32.466+0000] {processor.py:830} INFO - Processing file /home/airflow/.local/lib/python3.8/site-packages/airflow/example_dags/example_branch_datetime_operator.py for tasks to queue
[2024-03-11T22:02:32.468+0000] {logging_mixin.py:188} INFO - [2024-03-11T22:02:32.468+0000] {dagbag.py:540} INFO - Filling up the DagBag from /home/airflow/.local/lib/python3.8/site-packages/airflow/example_dags/example_branch_datetime_operator.py
[2024-03-11T22:02:32.500+0000] {processor.py:840} INFO - DAG(s) 'example_branch_datetime_operator', 'example_branch_datetime_operator_2', 'example_branch_datetime_operator_3' retrieved from /home/airflow/.local/lib/python3.8/site-packages/airflow/example_dags/example_branch_datetime_operator.py
[2024-03-11T22:02:32.544+0000] {logging_mixin.py:188} INFO - [2024-03-11T22:02:32.544+0000] {dag.py:3047} INFO - Sync 3 DAGs
[2024-03-11T22:02:32.578+0000] {logging_mixin.py:188} INFO - [2024-03-11T22:02:32.577+0000] {dag.py:3834} INFO - Setting next_dagrun for example_branch_datetime_operator to 2024-03-10 00:00:00+00:00, run_after=2024-03-11 00:00:00+00:00
[2024-03-11T22:02:32.586+0000] {logging_mixin.py:188} INFO - [2024-03-11T22:02:32.585+0000] {dag.py:3834} INFO - Setting next_dagrun for example_branch_datetime_operator_2 to 2024-03-10 00:00:00+00:00, run_after=2024-03-11 00:00:00+00:00
[2024-03-11T22:02:32.590+0000] {logging_mixin.py:188} INFO - [2024-03-11T22:02:32.590+0000] {dag.py:3834} INFO - Setting next_dagrun for example_branch_datetime_operator_3 to 2024-03-10 00:00:00+00:00, run_after=2024-03-11 00:00:00+00:00
[2024-03-11T22:02:32.633+0000] {processor.py:183} INFO - Processing /home/airflow/.local/lib/python3.8/site-packages/airflow/example_dags/example_branch_datetime_operator.py took 0.178 seconds
[2024-03-11T22:03:03.806+0000] {processor.py:161} INFO - Started process (PID=165) to work on /home/airflow/.local/lib/python3.8/site-packages/airflow/example_dags/example_branch_datetime_operator.py
[2024-03-11T22:03:03.808+0000] {processor.py:830} INFO - Processing file /home/airflow/.local/lib/python3.8/site-packages/airflow/example_dags/example_branch_datetime_operator.py for tasks to queue
[2024-03-11T22:03:03.809+0000] {logging_mixin.py:188} INFO - [2024-03-11T22:03:03.809+0000] {dagbag.py:540} INFO - Filling up the DagBag from /home/airflow/.local/lib/python3.8/site-packages/airflow/example_dags/example_branch_datetime_operator.py
[2024-03-11T22:03:03.821+0000] {processor.py:840} INFO - DAG(s) 'example_branch_datetime_operator_2', 'example_branch_datetime_operator', 'example_branch_datetime_operator_3' retrieved from /home/airflow/.local/lib/python3.8/site-packages/airflow/example_dags/example_branch_datetime_operator.py
[2024-03-11T22:03:03.850+0000] {logging_mixin.py:188} INFO - [2024-03-11T22:03:03.850+0000] {dag.py:3047} INFO - Sync 3 DAGs
[2024-03-11T22:03:03.875+0000] {logging_mixin.py:188} INFO - [2024-03-11T22:03:03.875+0000] {dag.py:3834} INFO - Setting next_dagrun for example_branch_datetime_operator to 2024-03-10 00:00:00+00:00, run_after=2024-03-11 00:00:00+00:00
[2024-03-11T22:03:03.879+0000] {logging_mixin.py:188} INFO - [2024-03-11T22:03:03.879+0000] {dag.py:3834} INFO - Setting next_dagrun for example_branch_datetime_operator_2 to 2024-03-10 00:00:00+00:00, run_after=2024-03-11 00:00:00+00:00
[2024-03-11T22:03:03.882+0000] {logging_mixin.py:188} INFO - [2024-03-11T22:03:03.882+0000] {dag.py:3834} INFO - Setting next_dagrun for example_branch_datetime_operator_3 to 2024-03-10 00:00:00+00:00, run_after=2024-03-11 00:00:00+00:00
[2024-03-11T22:03:03.906+0000] {processor.py:183} INFO - Processing /home/airflow/.local/lib/python3.8/site-packages/airflow/example_dags/example_branch_datetime_operator.py took 0.103 seconds
[2024-03-11T22:05:12.826+0000] {processor.py:161} INFO - Started process (PID=44) to work on /home/airflow/.local/lib/python3.8/site-packages/airflow/example_dags/example_branch_datetime_operator.py
[2024-03-11T22:05:12.829+0000] {processor.py:830} INFO - Processing file /home/airflow/.local/lib/python3.8/site-packages/airflow/example_dags/example_branch_datetime_operator.py for tasks to queue
[2024-03-11T22:05:12.833+0000] {logging_mixin.py:188} INFO - [2024-03-11T22:05:12.832+0000] {dagbag.py:540} INFO - Filling up the DagBag from /home/airflow/.local/lib/python3.8/site-packages/airflow/example_dags/example_branch_datetime_operator.py
[2024-03-11T22:05:12.869+0000] {processor.py:840} INFO - DAG(s) 'example_branch_datetime_operator_2', 'example_branch_datetime_operator', 'example_branch_datetime_operator_3' retrieved from /home/airflow/.local/lib/python3.8/site-packages/airflow/example_dags/example_branch_datetime_operator.py
[2024-03-11T22:05:12.916+0000] {logging_mixin.py:188} INFO - [2024-03-11T22:05:12.915+0000] {dag.py:3047} INFO - Sync 3 DAGs
[2024-03-11T22:05:12.964+0000] {logging_mixin.py:188} INFO - [2024-03-11T22:05:12.963+0000] {dag.py:3834} INFO - Setting next_dagrun for example_branch_datetime_operator to 2024-03-10 00:00:00+00:00, run_after=2024-03-11 00:00:00+00:00
[2024-03-11T22:05:12.975+0000] {logging_mixin.py:188} INFO - [2024-03-11T22:05:12.974+0000] {dag.py:3834} INFO - Setting next_dagrun for example_branch_datetime_operator_2 to 2024-03-10 00:00:00+00:00, run_after=2024-03-11 00:00:00+00:00
[2024-03-11T22:05:12.980+0000] {logging_mixin.py:188} INFO - [2024-03-11T22:05:12.980+0000] {dag.py:3834} INFO - Setting next_dagrun for example_branch_datetime_operator_3 to 2024-03-10 00:00:00+00:00, run_after=2024-03-11 00:00:00+00:00
[2024-03-11T22:05:13.018+0000] {processor.py:183} INFO - Processing /home/airflow/.local/lib/python3.8/site-packages/airflow/example_dags/example_branch_datetime_operator.py took 0.202 seconds
[2024-03-11T22:05:43.542+0000] {processor.py:161} INFO - Started process (PID=101) to work on /home/airflow/.local/lib/python3.8/site-packages/airflow/example_dags/example_branch_datetime_operator.py
[2024-03-11T22:05:43.543+0000] {processor.py:830} INFO - Processing file /home/airflow/.local/lib/python3.8/site-packages/airflow/example_dags/example_branch_datetime_operator.py for tasks to queue
[2024-03-11T22:05:43.545+0000] {logging_mixin.py:188} INFO - [2024-03-11T22:05:43.545+0000] {dagbag.py:540} INFO - Filling up the DagBag from /home/airflow/.local/lib/python3.8/site-packages/airflow/example_dags/example_branch_datetime_operator.py
[2024-03-11T22:05:43.556+0000] {processor.py:840} INFO - DAG(s) 'example_branch_datetime_operator_2', 'example_branch_datetime_operator', 'example_branch_datetime_operator_3' retrieved from /home/airflow/.local/lib/python3.8/site-packages/airflow/example_dags/example_branch_datetime_operator.py
[2024-03-11T22:05:43.729+0000] {logging_mixin.py:188} INFO - [2024-03-11T22:05:43.729+0000] {dag.py:3047} INFO - Sync 3 DAGs
[2024-03-11T22:05:43.765+0000] {logging_mixin.py:188} INFO - [2024-03-11T22:05:43.765+0000] {dag.py:3834} INFO - Setting next_dagrun for example_branch_datetime_operator to 2024-03-10 00:00:00+00:00, run_after=2024-03-11 00:00:00+00:00
[2024-03-11T22:05:43.770+0000] {logging_mixin.py:188} INFO - [2024-03-11T22:05:43.770+0000] {dag.py:3834} INFO - Setting next_dagrun for example_branch_datetime_operator_2 to 2024-03-10 00:00:00+00:00, run_after=2024-03-11 00:00:00+00:00
[2024-03-11T22:05:43.773+0000] {logging_mixin.py:188} INFO - [2024-03-11T22:05:43.773+0000] {dag.py:3834} INFO - Setting next_dagrun for example_branch_datetime_operator_3 to 2024-03-10 00:00:00+00:00, run_after=2024-03-11 00:00:00+00:00
[2024-03-11T22:05:43.799+0000] {processor.py:183} INFO - Processing /home/airflow/.local/lib/python3.8/site-packages/airflow/example_dags/example_branch_datetime_operator.py took 0.260 seconds
[2024-03-11T22:06:14.099+0000] {processor.py:161} INFO - Started process (PID=158) to work on /home/airflow/.local/lib/python3.8/site-packages/airflow/example_dags/example_branch_datetime_operator.py
[2024-03-11T22:06:14.100+0000] {processor.py:830} INFO - Processing file /home/airflow/.local/lib/python3.8/site-packages/airflow/example_dags/example_branch_datetime_operator.py for tasks to queue
[2024-03-11T22:06:14.102+0000] {logging_mixin.py:188} INFO - [2024-03-11T22:06:14.102+0000] {dagbag.py:540} INFO - Filling up the DagBag from /home/airflow/.local/lib/python3.8/site-packages/airflow/example_dags/example_branch_datetime_operator.py
[2024-03-11T22:06:14.111+0000] {processor.py:840} INFO - DAG(s) 'example_branch_datetime_operator_2', 'example_branch_datetime_operator', 'example_branch_datetime_operator_3' retrieved from /home/airflow/.local/lib/python3.8/site-packages/airflow/example_dags/example_branch_datetime_operator.py
[2024-03-11T22:06:14.141+0000] {logging_mixin.py:188} INFO - [2024-03-11T22:06:14.141+0000] {dag.py:3047} INFO - Sync 3 DAGs
[2024-03-11T22:06:14.163+0000] {logging_mixin.py:188} INFO - [2024-03-11T22:06:14.163+0000] {dag.py:3834} INFO - Setting next_dagrun for example_branch_datetime_operator to 2024-03-10 00:00:00+00:00, run_after=2024-03-11 00:00:00+00:00
[2024-03-11T22:06:14.168+0000] {logging_mixin.py:188} INFO - [2024-03-11T22:06:14.168+0000] {dag.py:3834} INFO - Setting next_dagrun for example_branch_datetime_operator_2 to 2024-03-10 00:00:00+00:00, run_after=2024-03-11 00:00:00+00:00
[2024-03-11T22:06:14.171+0000] {logging_mixin.py:188} INFO - [2024-03-11T22:06:14.171+0000] {dag.py:3834} INFO - Setting next_dagrun for example_branch_datetime_operator_3 to 2024-03-10 00:00:00+00:00, run_after=2024-03-11 00:00:00+00:00
[2024-03-11T22:06:14.192+0000] {processor.py:183} INFO - Processing /home/airflow/.local/lib/python3.8/site-packages/airflow/example_dags/example_branch_datetime_operator.py took 0.096 seconds
[2024-03-11T22:06:44.245+0000] {processor.py:161} INFO - Started process (PID=215) to work on /home/airflow/.local/lib/python3.8/site-packages/airflow/example_dags/example_branch_datetime_operator.py
[2024-03-11T22:06:44.246+0000] {processor.py:830} INFO - Processing file /home/airflow/.local/lib/python3.8/site-packages/airflow/example_dags/example_branch_datetime_operator.py for tasks to queue
[2024-03-11T22:06:44.248+0000] {logging_mixin.py:188} INFO - [2024-03-11T22:06:44.247+0000] {dagbag.py:540} INFO - Filling up the DagBag from /home/airflow/.local/lib/python3.8/site-packages/airflow/example_dags/example_branch_datetime_operator.py
[2024-03-11T22:06:44.257+0000] {processor.py:840} INFO - DAG(s) 'example_branch_datetime_operator', 'example_branch_datetime_operator_3', 'example_branch_datetime_operator_2' retrieved from /home/airflow/.local/lib/python3.8/site-packages/airflow/example_dags/example_branch_datetime_operator.py
[2024-03-11T22:06:44.287+0000] {logging_mixin.py:188} INFO - [2024-03-11T22:06:44.287+0000] {dag.py:3047} INFO - Sync 3 DAGs
[2024-03-11T22:06:44.311+0000] {logging_mixin.py:188} INFO - [2024-03-11T22:06:44.311+0000] {dag.py:3834} INFO - Setting next_dagrun for example_branch_datetime_operator to 2024-03-10 00:00:00+00:00, run_after=2024-03-11 00:00:00+00:00
[2024-03-11T22:06:44.318+0000] {logging_mixin.py:188} INFO - [2024-03-11T22:06:44.318+0000] {dag.py:3834} INFO - Setting next_dagrun for example_branch_datetime_operator_2 to 2024-03-10 00:00:00+00:00, run_after=2024-03-11 00:00:00+00:00
[2024-03-11T22:06:44.322+0000] {logging_mixin.py:188} INFO - [2024-03-11T22:06:44.322+0000] {dag.py:3834} INFO - Setting next_dagrun for example_branch_datetime_operator_3 to 2024-03-10 00:00:00+00:00, run_after=2024-03-11 00:00:00+00:00
[2024-03-11T22:06:44.346+0000] {processor.py:183} INFO - Processing /home/airflow/.local/lib/python3.8/site-packages/airflow/example_dags/example_branch_datetime_operator.py took 0.104 seconds
[2024-03-11T22:07:15.395+0000] {processor.py:161} INFO - Started process (PID=272) to work on /home/airflow/.local/lib/python3.8/site-packages/airflow/example_dags/example_branch_datetime_operator.py
[2024-03-11T22:07:15.396+0000] {processor.py:830} INFO - Processing file /home/airflow/.local/lib/python3.8/site-packages/airflow/example_dags/example_branch_datetime_operator.py for tasks to queue
[2024-03-11T22:07:15.397+0000] {logging_mixin.py:188} INFO - [2024-03-11T22:07:15.397+0000] {dagbag.py:540} INFO - Filling up the DagBag from /home/airflow/.local/lib/python3.8/site-packages/airflow/example_dags/example_branch_datetime_operator.py
[2024-03-11T22:07:15.406+0000] {processor.py:840} INFO - DAG(s) 'example_branch_datetime_operator_2', 'example_branch_datetime_operator_3', 'example_branch_datetime_operator' retrieved from /home/airflow/.local/lib/python3.8/site-packages/airflow/example_dags/example_branch_datetime_operator.py
[2024-03-11T22:07:15.436+0000] {logging_mixin.py:188} INFO - [2024-03-11T22:07:15.435+0000] {dag.py:3047} INFO - Sync 3 DAGs
[2024-03-11T22:07:15.459+0000] {logging_mixin.py:188} INFO - [2024-03-11T22:07:15.459+0000] {dag.py:3834} INFO - Setting next_dagrun for example_branch_datetime_operator to 2024-03-10 00:00:00+00:00, run_after=2024-03-11 00:00:00+00:00
[2024-03-11T22:07:15.464+0000] {logging_mixin.py:188} INFO - [2024-03-11T22:07:15.464+0000] {dag.py:3834} INFO - Setting next_dagrun for example_branch_datetime_operator_2 to 2024-03-10 00:00:00+00:00, run_after=2024-03-11 00:00:00+00:00
[2024-03-11T22:07:15.467+0000] {logging_mixin.py:188} INFO - [2024-03-11T22:07:15.467+0000] {dag.py:3834} INFO - Setting next_dagrun for example_branch_datetime_operator_3 to 2024-03-10 00:00:00+00:00, run_after=2024-03-11 00:00:00+00:00
[2024-03-11T22:07:15.490+0000] {processor.py:183} INFO - Processing /home/airflow/.local/lib/python3.8/site-packages/airflow/example_dags/example_branch_datetime_operator.py took 0.099 seconds
[2024-03-11T22:07:45.642+0000] {processor.py:161} INFO - Started process (PID=328) to work on /home/airflow/.local/lib/python3.8/site-packages/airflow/example_dags/example_branch_datetime_operator.py
[2024-03-11T22:07:45.643+0000] {processor.py:830} INFO - Processing file /home/airflow/.local/lib/python3.8/site-packages/airflow/example_dags/example_branch_datetime_operator.py for tasks to queue
[2024-03-11T22:07:45.645+0000] {logging_mixin.py:188} INFO - [2024-03-11T22:07:45.645+0000] {dagbag.py:540} INFO - Filling up the DagBag from /home/airflow/.local/lib/python3.8/site-packages/airflow/example_dags/example_branch_datetime_operator.py
[2024-03-11T22:07:45.654+0000] {processor.py:840} INFO - DAG(s) 'example_branch_datetime_operator_2', 'example_branch_datetime_operator_3', 'example_branch_datetime_operator' retrieved from /home/airflow/.local/lib/python3.8/site-packages/airflow/example_dags/example_branch_datetime_operator.py
[2024-03-11T22:07:45.685+0000] {logging_mixin.py:188} INFO - [2024-03-11T22:07:45.685+0000] {dag.py:3047} INFO - Sync 3 DAGs
[2024-03-11T22:07:45.708+0000] {logging_mixin.py:188} INFO - [2024-03-11T22:07:45.708+0000] {dag.py:3834} INFO - Setting next_dagrun for example_branch_datetime_operator to 2024-03-10 00:00:00+00:00, run_after=2024-03-11 00:00:00+00:00
[2024-03-11T22:07:45.714+0000] {logging_mixin.py:188} INFO - [2024-03-11T22:07:45.714+0000] {dag.py:3834} INFO - Setting next_dagrun for example_branch_datetime_operator_2 to 2024-03-10 00:00:00+00:00, run_after=2024-03-11 00:00:00+00:00
[2024-03-11T22:07:45.717+0000] {logging_mixin.py:188} INFO - [2024-03-11T22:07:45.717+0000] {dag.py:3834} INFO - Setting next_dagrun for example_branch_datetime_operator_3 to 2024-03-10 00:00:00+00:00, run_after=2024-03-11 00:00:00+00:00
[2024-03-11T22:07:45.739+0000] {processor.py:183} INFO - Processing /home/airflow/.local/lib/python3.8/site-packages/airflow/example_dags/example_branch_datetime_operator.py took 0.100 seconds
[2024-03-11T22:08:16.024+0000] {processor.py:161} INFO - Started process (PID=385) to work on /home/airflow/.local/lib/python3.8/site-packages/airflow/example_dags/example_branch_datetime_operator.py
[2024-03-11T22:08:16.027+0000] {processor.py:830} INFO - Processing file /home/airflow/.local/lib/python3.8/site-packages/airflow/example_dags/example_branch_datetime_operator.py for tasks to queue
[2024-03-11T22:08:16.028+0000] {logging_mixin.py:188} INFO - [2024-03-11T22:08:16.028+0000] {dagbag.py:540} INFO - Filling up the DagBag from /home/airflow/.local/lib/python3.8/site-packages/airflow/example_dags/example_branch_datetime_operator.py
[2024-03-11T22:08:16.042+0000] {processor.py:840} INFO - DAG(s) 'example_branch_datetime_operator_2', 'example_branch_datetime_operator_3', 'example_branch_datetime_operator' retrieved from /home/airflow/.local/lib/python3.8/site-packages/airflow/example_dags/example_branch_datetime_operator.py
[2024-03-11T22:08:16.099+0000] {logging_mixin.py:188} INFO - [2024-03-11T22:08:16.099+0000] {dag.py:3047} INFO - Sync 3 DAGs
[2024-03-11T22:08:16.155+0000] {logging_mixin.py:188} INFO - [2024-03-11T22:08:16.154+0000] {dag.py:3834} INFO - Setting next_dagrun for example_branch_datetime_operator to 2024-03-10 00:00:00+00:00, run_after=2024-03-11 00:00:00+00:00
[2024-03-11T22:08:16.166+0000] {logging_mixin.py:188} INFO - [2024-03-11T22:08:16.166+0000] {dag.py:3834} INFO - Setting next_dagrun for example_branch_datetime_operator_2 to 2024-03-10 00:00:00+00:00, run_after=2024-03-11 00:00:00+00:00
[2024-03-11T22:08:16.170+0000] {logging_mixin.py:188} INFO - [2024-03-11T22:08:16.169+0000] {dag.py:3834} INFO - Setting next_dagrun for example_branch_datetime_operator_3 to 2024-03-10 00:00:00+00:00, run_after=2024-03-11 00:00:00+00:00
[2024-03-11T22:08:16.275+0000] {processor.py:183} INFO - Processing /home/airflow/.local/lib/python3.8/site-packages/airflow/example_dags/example_branch_datetime_operator.py took 0.253 seconds
[2024-03-11T22:08:46.420+0000] {processor.py:161} INFO - Started process (PID=441) to work on /home/airflow/.local/lib/python3.8/site-packages/airflow/example_dags/example_branch_datetime_operator.py
[2024-03-11T22:08:46.421+0000] {processor.py:830} INFO - Processing file /home/airflow/.local/lib/python3.8/site-packages/airflow/example_dags/example_branch_datetime_operator.py for tasks to queue
[2024-03-11T22:08:46.422+0000] {logging_mixin.py:188} INFO - [2024-03-11T22:08:46.422+0000] {dagbag.py:540} INFO - Filling up the DagBag from /home/airflow/.local/lib/python3.8/site-packages/airflow/example_dags/example_branch_datetime_operator.py
[2024-03-11T22:08:46.431+0000] {processor.py:840} INFO - DAG(s) 'example_branch_datetime_operator_3', 'example_branch_datetime_operator_2', 'example_branch_datetime_operator' retrieved from /home/airflow/.local/lib/python3.8/site-packages/airflow/example_dags/example_branch_datetime_operator.py
[2024-03-11T22:08:46.463+0000] {logging_mixin.py:188} INFO - [2024-03-11T22:08:46.462+0000] {dag.py:3047} INFO - Sync 3 DAGs
[2024-03-11T22:08:46.487+0000] {logging_mixin.py:188} INFO - [2024-03-11T22:08:46.486+0000] {dag.py:3834} INFO - Setting next_dagrun for example_branch_datetime_operator to 2024-03-10 00:00:00+00:00, run_after=2024-03-11 00:00:00+00:00
[2024-03-11T22:08:46.492+0000] {logging_mixin.py:188} INFO - [2024-03-11T22:08:46.491+0000] {dag.py:3834} INFO - Setting next_dagrun for example_branch_datetime_operator_2 to 2024-03-10 00:00:00+00:00, run_after=2024-03-11 00:00:00+00:00
[2024-03-11T22:08:46.495+0000] {logging_mixin.py:188} INFO - [2024-03-11T22:08:46.494+0000] {dag.py:3834} INFO - Setting next_dagrun for example_branch_datetime_operator_3 to 2024-03-10 00:00:00+00:00, run_after=2024-03-11 00:00:00+00:00
[2024-03-11T22:08:46.517+0000] {processor.py:183} INFO - Processing /home/airflow/.local/lib/python3.8/site-packages/airflow/example_dags/example_branch_datetime_operator.py took 0.100 seconds
[2024-03-11T22:09:17.285+0000] {processor.py:161} INFO - Started process (PID=498) to work on /home/airflow/.local/lib/python3.8/site-packages/airflow/example_dags/example_branch_datetime_operator.py
[2024-03-11T22:09:17.310+0000] {processor.py:830} INFO - Processing file /home/airflow/.local/lib/python3.8/site-packages/airflow/example_dags/example_branch_datetime_operator.py for tasks to queue
[2024-03-11T22:09:17.311+0000] {logging_mixin.py:188} INFO - [2024-03-11T22:09:17.311+0000] {dagbag.py:540} INFO - Filling up the DagBag from /home/airflow/.local/lib/python3.8/site-packages/airflow/example_dags/example_branch_datetime_operator.py
[2024-03-11T22:09:17.320+0000] {processor.py:840} INFO - DAG(s) 'example_branch_datetime_operator_3', 'example_branch_datetime_operator_2', 'example_branch_datetime_operator' retrieved from /home/airflow/.local/lib/python3.8/site-packages/airflow/example_dags/example_branch_datetime_operator.py
[2024-03-11T22:09:17.350+0000] {logging_mixin.py:188} INFO - [2024-03-11T22:09:17.350+0000] {dag.py:3047} INFO - Sync 3 DAGs
[2024-03-11T22:09:17.373+0000] {logging_mixin.py:188} INFO - [2024-03-11T22:09:17.373+0000] {dag.py:3834} INFO - Setting next_dagrun for example_branch_datetime_operator to 2024-03-10 00:00:00+00:00, run_after=2024-03-11 00:00:00+00:00
[2024-03-11T22:09:17.379+0000] {logging_mixin.py:188} INFO - [2024-03-11T22:09:17.379+0000] {dag.py:3834} INFO - Setting next_dagrun for example_branch_datetime_operator_2 to 2024-03-10 00:00:00+00:00, run_after=2024-03-11 00:00:00+00:00
[2024-03-11T22:09:17.382+0000] {logging_mixin.py:188} INFO - [2024-03-11T22:09:17.382+0000] {dag.py:3834} INFO - Setting next_dagrun for example_branch_datetime_operator_3 to 2024-03-10 00:00:00+00:00, run_after=2024-03-11 00:00:00+00:00
[2024-03-11T22:09:17.405+0000] {processor.py:183} INFO - Processing /home/airflow/.local/lib/python3.8/site-packages/airflow/example_dags/example_branch_datetime_operator.py took 0.123 seconds
[2024-03-11T22:09:47.422+0000] {processor.py:161} INFO - Started process (PID=554) to work on /home/airflow/.local/lib/python3.8/site-packages/airflow/example_dags/example_branch_datetime_operator.py
[2024-03-11T22:09:47.424+0000] {processor.py:830} INFO - Processing file /home/airflow/.local/lib/python3.8/site-packages/airflow/example_dags/example_branch_datetime_operator.py for tasks to queue
[2024-03-11T22:09:47.425+0000] {logging_mixin.py:188} INFO - [2024-03-11T22:09:47.425+0000] {dagbag.py:540} INFO - Filling up the DagBag from /home/airflow/.local/lib/python3.8/site-packages/airflow/example_dags/example_branch_datetime_operator.py
[2024-03-11T22:09:47.434+0000] {processor.py:840} INFO - DAG(s) 'example_branch_datetime_operator_2', 'example_branch_datetime_operator_3', 'example_branch_datetime_operator' retrieved from /home/airflow/.local/lib/python3.8/site-packages/airflow/example_dags/example_branch_datetime_operator.py
[2024-03-11T22:09:47.463+0000] {logging_mixin.py:188} INFO - [2024-03-11T22:09:47.463+0000] {dag.py:3047} INFO - Sync 3 DAGs
[2024-03-11T22:09:47.485+0000] {logging_mixin.py:188} INFO - [2024-03-11T22:09:47.485+0000] {dag.py:3834} INFO - Setting next_dagrun for example_branch_datetime_operator to 2024-03-10 00:00:00+00:00, run_after=2024-03-11 00:00:00+00:00
[2024-03-11T22:09:47.490+0000] {logging_mixin.py:188} INFO - [2024-03-11T22:09:47.489+0000] {dag.py:3834} INFO - Setting next_dagrun for example_branch_datetime_operator_2 to 2024-03-10 00:00:00+00:00, run_after=2024-03-11 00:00:00+00:00
[2024-03-11T22:09:47.492+0000] {logging_mixin.py:188} INFO - [2024-03-11T22:09:47.492+0000] {dag.py:3834} INFO - Setting next_dagrun for example_branch_datetime_operator_3 to 2024-03-10 00:00:00+00:00, run_after=2024-03-11 00:00:00+00:00
[2024-03-11T22:09:47.516+0000] {processor.py:183} INFO - Processing /home/airflow/.local/lib/python3.8/site-packages/airflow/example_dags/example_branch_datetime_operator.py took 0.096 seconds
[2024-03-11T22:10:17.657+0000] {processor.py:161} INFO - Started process (PID=611) to work on /home/airflow/.local/lib/python3.8/site-packages/airflow/example_dags/example_branch_datetime_operator.py
[2024-03-11T22:10:17.658+0000] {processor.py:830} INFO - Processing file /home/airflow/.local/lib/python3.8/site-packages/airflow/example_dags/example_branch_datetime_operator.py for tasks to queue
[2024-03-11T22:10:17.660+0000] {logging_mixin.py:188} INFO - [2024-03-11T22:10:17.660+0000] {dagbag.py:540} INFO - Filling up the DagBag from /home/airflow/.local/lib/python3.8/site-packages/airflow/example_dags/example_branch_datetime_operator.py
[2024-03-11T22:10:17.668+0000] {processor.py:840} INFO - DAG(s) 'example_branch_datetime_operator_3', 'example_branch_datetime_operator_2', 'example_branch_datetime_operator' retrieved from /home/airflow/.local/lib/python3.8/site-packages/airflow/example_dags/example_branch_datetime_operator.py
[2024-03-11T22:10:17.696+0000] {logging_mixin.py:188} INFO - [2024-03-11T22:10:17.696+0000] {dag.py:3047} INFO - Sync 3 DAGs
[2024-03-11T22:10:17.721+0000] {logging_mixin.py:188} INFO - [2024-03-11T22:10:17.721+0000] {dag.py:3834} INFO - Setting next_dagrun for example_branch_datetime_operator to 2024-03-10 00:00:00+00:00, run_after=2024-03-11 00:00:00+00:00
[2024-03-11T22:10:17.727+0000] {logging_mixin.py:188} INFO - [2024-03-11T22:10:17.727+0000] {dag.py:3834} INFO - Setting next_dagrun for example_branch_datetime_operator_2 to 2024-03-10 00:00:00+00:00, run_after=2024-03-11 00:00:00+00:00
[2024-03-11T22:10:17.730+0000] {logging_mixin.py:188} INFO - [2024-03-11T22:10:17.730+0000] {dag.py:3834} INFO - Setting next_dagrun for example_branch_datetime_operator_3 to 2024-03-10 00:00:00+00:00, run_after=2024-03-11 00:00:00+00:00
[2024-03-11T22:10:17.750+0000] {processor.py:183} INFO - Processing /home/airflow/.local/lib/python3.8/site-packages/airflow/example_dags/example_branch_datetime_operator.py took 0.095 seconds
[2024-03-11T22:10:48.053+0000] {processor.py:161} INFO - Started process (PID=668) to work on /home/airflow/.local/lib/python3.8/site-packages/airflow/example_dags/example_branch_datetime_operator.py
[2024-03-11T22:10:48.055+0000] {processor.py:830} INFO - Processing file /home/airflow/.local/lib/python3.8/site-packages/airflow/example_dags/example_branch_datetime_operator.py for tasks to queue
[2024-03-11T22:10:48.056+0000] {logging_mixin.py:188} INFO - [2024-03-11T22:10:48.056+0000] {dagbag.py:540} INFO - Filling up the DagBag from /home/airflow/.local/lib/python3.8/site-packages/airflow/example_dags/example_branch_datetime_operator.py
[2024-03-11T22:10:48.066+0000] {processor.py:840} INFO - DAG(s) 'example_branch_datetime_operator_3', 'example_branch_datetime_operator_2', 'example_branch_datetime_operator' retrieved from /home/airflow/.local/lib/python3.8/site-packages/airflow/example_dags/example_branch_datetime_operator.py
[2024-03-11T22:10:48.098+0000] {logging_mixin.py:188} INFO - [2024-03-11T22:10:48.098+0000] {dag.py:3047} INFO - Sync 3 DAGs
[2024-03-11T22:10:48.121+0000] {logging_mixin.py:188} INFO - [2024-03-11T22:10:48.120+0000] {dag.py:3834} INFO - Setting next_dagrun for example_branch_datetime_operator to 2024-03-10 00:00:00+00:00, run_after=2024-03-11 00:00:00+00:00
[2024-03-11T22:10:48.126+0000] {logging_mixin.py:188} INFO - [2024-03-11T22:10:48.125+0000] {dag.py:3834} INFO - Setting next_dagrun for example_branch_datetime_operator_2 to 2024-03-10 00:00:00+00:00, run_after=2024-03-11 00:00:00+00:00
[2024-03-11T22:10:48.129+0000] {logging_mixin.py:188} INFO - [2024-03-11T22:10:48.128+0000] {dag.py:3834} INFO - Setting next_dagrun for example_branch_datetime_operator_3 to 2024-03-10 00:00:00+00:00, run_after=2024-03-11 00:00:00+00:00
[2024-03-11T22:10:48.153+0000] {processor.py:183} INFO - Processing /home/airflow/.local/lib/python3.8/site-packages/airflow/example_dags/example_branch_datetime_operator.py took 0.103 seconds
[2024-03-11T22:11:18.180+0000] {processor.py:161} INFO - Started process (PID=725) to work on /home/airflow/.local/lib/python3.8/site-packages/airflow/example_dags/example_branch_datetime_operator.py
[2024-03-11T22:11:18.203+0000] {processor.py:830} INFO - Processing file /home/airflow/.local/lib/python3.8/site-packages/airflow/example_dags/example_branch_datetime_operator.py for tasks to queue
[2024-03-11T22:11:18.205+0000] {logging_mixin.py:188} INFO - [2024-03-11T22:11:18.205+0000] {dagbag.py:540} INFO - Filling up the DagBag from /home/airflow/.local/lib/python3.8/site-packages/airflow/example_dags/example_branch_datetime_operator.py
[2024-03-11T22:11:18.213+0000] {processor.py:840} INFO - DAG(s) 'example_branch_datetime_operator', 'example_branch_datetime_operator_3', 'example_branch_datetime_operator_2' retrieved from /home/airflow/.local/lib/python3.8/site-packages/airflow/example_dags/example_branch_datetime_operator.py
[2024-03-11T22:11:18.242+0000] {logging_mixin.py:188} INFO - [2024-03-11T22:11:18.242+0000] {dag.py:3047} INFO - Sync 3 DAGs
[2024-03-11T22:11:18.269+0000] {logging_mixin.py:188} INFO - [2024-03-11T22:11:18.268+0000] {dag.py:3834} INFO - Setting next_dagrun for example_branch_datetime_operator to 2024-03-10 00:00:00+00:00, run_after=2024-03-11 00:00:00+00:00
[2024-03-11T22:11:18.274+0000] {logging_mixin.py:188} INFO - [2024-03-11T22:11:18.274+0000] {dag.py:3834} INFO - Setting next_dagrun for example_branch_datetime_operator_2 to 2024-03-10 00:00:00+00:00, run_after=2024-03-11 00:00:00+00:00
[2024-03-11T22:11:18.277+0000] {logging_mixin.py:188} INFO - [2024-03-11T22:11:18.277+0000] {dag.py:3834} INFO - Setting next_dagrun for example_branch_datetime_operator_3 to 2024-03-10 00:00:00+00:00, run_after=2024-03-11 00:00:00+00:00
[2024-03-11T22:11:18.299+0000] {processor.py:183} INFO - Processing /home/airflow/.local/lib/python3.8/site-packages/airflow/example_dags/example_branch_datetime_operator.py took 0.122 seconds
[2024-03-11T22:11:49.031+0000] {processor.py:161} INFO - Started process (PID=782) to work on /home/airflow/.local/lib/python3.8/site-packages/airflow/example_dags/example_branch_datetime_operator.py
[2024-03-11T22:11:49.034+0000] {processor.py:830} INFO - Processing file /home/airflow/.local/lib/python3.8/site-packages/airflow/example_dags/example_branch_datetime_operator.py for tasks to queue
[2024-03-11T22:11:49.036+0000] {logging_mixin.py:188} INFO - [2024-03-11T22:11:49.036+0000] {dagbag.py:540} INFO - Filling up the DagBag from /home/airflow/.local/lib/python3.8/site-packages/airflow/example_dags/example_branch_datetime_operator.py
[2024-03-11T22:11:49.046+0000] {processor.py:840} INFO - DAG(s) 'example_branch_datetime_operator_2', 'example_branch_datetime_operator', 'example_branch_datetime_operator_3' retrieved from /home/airflow/.local/lib/python3.8/site-packages/airflow/example_dags/example_branch_datetime_operator.py
[2024-03-11T22:11:49.079+0000] {logging_mixin.py:188} INFO - [2024-03-11T22:11:49.079+0000] {dag.py:3047} INFO - Sync 3 DAGs
[2024-03-11T22:11:49.104+0000] {logging_mixin.py:188} INFO - [2024-03-11T22:11:49.104+0000] {dag.py:3834} INFO - Setting next_dagrun for example_branch_datetime_operator to 2024-03-10 00:00:00+00:00, run_after=2024-03-11 00:00:00+00:00
[2024-03-11T22:11:49.112+0000] {logging_mixin.py:188} INFO - [2024-03-11T22:11:49.111+0000] {dag.py:3834} INFO - Setting next_dagrun for example_branch_datetime_operator_2 to 2024-03-10 00:00:00+00:00, run_after=2024-03-11 00:00:00+00:00
[2024-03-11T22:11:49.115+0000] {logging_mixin.py:188} INFO - [2024-03-11T22:11:49.115+0000] {dag.py:3834} INFO - Setting next_dagrun for example_branch_datetime_operator_3 to 2024-03-10 00:00:00+00:00, run_after=2024-03-11 00:00:00+00:00
[2024-03-11T22:11:49.140+0000] {processor.py:183} INFO - Processing /home/airflow/.local/lib/python3.8/site-packages/airflow/example_dags/example_branch_datetime_operator.py took 0.112 seconds
[2024-03-11T22:12:19.233+0000] {processor.py:161} INFO - Started process (PID=839) to work on /home/airflow/.local/lib/python3.8/site-packages/airflow/example_dags/example_branch_datetime_operator.py
[2024-03-11T22:12:19.247+0000] {processor.py:830} INFO - Processing file /home/airflow/.local/lib/python3.8/site-packages/airflow/example_dags/example_branch_datetime_operator.py for tasks to queue
[2024-03-11T22:12:19.250+0000] {logging_mixin.py:188} INFO - [2024-03-11T22:12:19.249+0000] {dagbag.py:540} INFO - Filling up the DagBag from /home/airflow/.local/lib/python3.8/site-packages/airflow/example_dags/example_branch_datetime_operator.py
[2024-03-11T22:12:19.261+0000] {processor.py:840} INFO - DAG(s) 'example_branch_datetime_operator_2', 'example_branch_datetime_operator', 'example_branch_datetime_operator_3' retrieved from /home/airflow/.local/lib/python3.8/site-packages/airflow/example_dags/example_branch_datetime_operator.py
[2024-03-11T22:12:19.296+0000] {logging_mixin.py:188} INFO - [2024-03-11T22:12:19.295+0000] {dag.py:3047} INFO - Sync 3 DAGs
[2024-03-11T22:12:19.323+0000] {logging_mixin.py:188} INFO - [2024-03-11T22:12:19.322+0000] {dag.py:3834} INFO - Setting next_dagrun for example_branch_datetime_operator to 2024-03-10 00:00:00+00:00, run_after=2024-03-11 00:00:00+00:00
[2024-03-11T22:12:19.328+0000] {logging_mixin.py:188} INFO - [2024-03-11T22:12:19.328+0000] {dag.py:3834} INFO - Setting next_dagrun for example_branch_datetime_operator_2 to 2024-03-10 00:00:00+00:00, run_after=2024-03-11 00:00:00+00:00
[2024-03-11T22:12:19.332+0000] {logging_mixin.py:188} INFO - [2024-03-11T22:12:19.331+0000] {dag.py:3834} INFO - Setting next_dagrun for example_branch_datetime_operator_3 to 2024-03-10 00:00:00+00:00, run_after=2024-03-11 00:00:00+00:00
[2024-03-11T22:12:19.362+0000] {processor.py:183} INFO - Processing /home/airflow/.local/lib/python3.8/site-packages/airflow/example_dags/example_branch_datetime_operator.py took 0.133 seconds
[2024-03-11T22:12:49.525+0000] {processor.py:161} INFO - Started process (PID=896) to work on /home/airflow/.local/lib/python3.8/site-packages/airflow/example_dags/example_branch_datetime_operator.py
[2024-03-11T22:12:49.543+0000] {processor.py:830} INFO - Processing file /home/airflow/.local/lib/python3.8/site-packages/airflow/example_dags/example_branch_datetime_operator.py for tasks to queue
[2024-03-11T22:12:49.545+0000] {logging_mixin.py:188} INFO - [2024-03-11T22:12:49.545+0000] {dagbag.py:540} INFO - Filling up the DagBag from /home/airflow/.local/lib/python3.8/site-packages/airflow/example_dags/example_branch_datetime_operator.py
[2024-03-11T22:12:49.559+0000] {processor.py:840} INFO - DAG(s) 'example_branch_datetime_operator', 'example_branch_datetime_operator_3', 'example_branch_datetime_operator_2' retrieved from /home/airflow/.local/lib/python3.8/site-packages/airflow/example_dags/example_branch_datetime_operator.py
[2024-03-11T22:12:49.599+0000] {logging_mixin.py:188} INFO - [2024-03-11T22:12:49.599+0000] {dag.py:3047} INFO - Sync 3 DAGs
[2024-03-11T22:12:49.629+0000] {logging_mixin.py:188} INFO - [2024-03-11T22:12:49.629+0000] {dag.py:3834} INFO - Setting next_dagrun for example_branch_datetime_operator to 2024-03-10 00:00:00+00:00, run_after=2024-03-11 00:00:00+00:00
[2024-03-11T22:12:49.635+0000] {logging_mixin.py:188} INFO - [2024-03-11T22:12:49.634+0000] {dag.py:3834} INFO - Setting next_dagrun for example_branch_datetime_operator_2 to 2024-03-10 00:00:00+00:00, run_after=2024-03-11 00:00:00+00:00
[2024-03-11T22:12:49.640+0000] {logging_mixin.py:188} INFO - [2024-03-11T22:12:49.640+0000] {dag.py:3834} INFO - Setting next_dagrun for example_branch_datetime_operator_3 to 2024-03-10 00:00:00+00:00, run_after=2024-03-11 00:00:00+00:00
[2024-03-11T22:12:49.673+0000] {processor.py:183} INFO - Processing /home/airflow/.local/lib/python3.8/site-packages/airflow/example_dags/example_branch_datetime_operator.py took 0.152 seconds
[2024-03-11T22:13:19.923+0000] {processor.py:161} INFO - Started process (PID=953) to work on /home/airflow/.local/lib/python3.8/site-packages/airflow/example_dags/example_branch_datetime_operator.py
[2024-03-11T22:13:19.951+0000] {processor.py:830} INFO - Processing file /home/airflow/.local/lib/python3.8/site-packages/airflow/example_dags/example_branch_datetime_operator.py for tasks to queue
[2024-03-11T22:13:19.953+0000] {logging_mixin.py:188} INFO - [2024-03-11T22:13:19.953+0000] {dagbag.py:540} INFO - Filling up the DagBag from /home/airflow/.local/lib/python3.8/site-packages/airflow/example_dags/example_branch_datetime_operator.py
[2024-03-11T22:13:19.967+0000] {processor.py:840} INFO - DAG(s) 'example_branch_datetime_operator_3', 'example_branch_datetime_operator_2', 'example_branch_datetime_operator' retrieved from /home/airflow/.local/lib/python3.8/site-packages/airflow/example_dags/example_branch_datetime_operator.py
[2024-03-11T22:13:20.010+0000] {logging_mixin.py:188} INFO - [2024-03-11T22:13:20.010+0000] {dag.py:3047} INFO - Sync 3 DAGs
[2024-03-11T22:13:20.042+0000] {logging_mixin.py:188} INFO - [2024-03-11T22:13:20.041+0000] {dag.py:3834} INFO - Setting next_dagrun for example_branch_datetime_operator to 2024-03-10 00:00:00+00:00, run_after=2024-03-11 00:00:00+00:00
[2024-03-11T22:13:20.049+0000] {logging_mixin.py:188} INFO - [2024-03-11T22:13:20.048+0000] {dag.py:3834} INFO - Setting next_dagrun for example_branch_datetime_operator_2 to 2024-03-10 00:00:00+00:00, run_after=2024-03-11 00:00:00+00:00
[2024-03-11T22:13:20.052+0000] {logging_mixin.py:188} INFO - [2024-03-11T22:13:20.052+0000] {dag.py:3834} INFO - Setting next_dagrun for example_branch_datetime_operator_3 to 2024-03-10 00:00:00+00:00, run_after=2024-03-11 00:00:00+00:00
[2024-03-11T22:13:20.076+0000] {processor.py:183} INFO - Processing /home/airflow/.local/lib/python3.8/site-packages/airflow/example_dags/example_branch_datetime_operator.py took 0.156 seconds
[2024-03-11T22:13:50.505+0000] {processor.py:161} INFO - Started process (PID=1010) to work on /home/airflow/.local/lib/python3.8/site-packages/airflow/example_dags/example_branch_datetime_operator.py
[2024-03-11T22:13:50.525+0000] {processor.py:830} INFO - Processing file /home/airflow/.local/lib/python3.8/site-packages/airflow/example_dags/example_branch_datetime_operator.py for tasks to queue
[2024-03-11T22:13:50.527+0000] {logging_mixin.py:188} INFO - [2024-03-11T22:13:50.527+0000] {dagbag.py:540} INFO - Filling up the DagBag from /home/airflow/.local/lib/python3.8/site-packages/airflow/example_dags/example_branch_datetime_operator.py
[2024-03-11T22:13:50.536+0000] {processor.py:840} INFO - DAG(s) 'example_branch_datetime_operator_3', 'example_branch_datetime_operator', 'example_branch_datetime_operator_2' retrieved from /home/airflow/.local/lib/python3.8/site-packages/airflow/example_dags/example_branch_datetime_operator.py
[2024-03-11T22:13:50.567+0000] {logging_mixin.py:188} INFO - [2024-03-11T22:13:50.567+0000] {dag.py:3047} INFO - Sync 3 DAGs
[2024-03-11T22:13:50.591+0000] {logging_mixin.py:188} INFO - [2024-03-11T22:13:50.590+0000] {dag.py:3834} INFO - Setting next_dagrun for example_branch_datetime_operator to 2024-03-10 00:00:00+00:00, run_after=2024-03-11 00:00:00+00:00
[2024-03-11T22:13:50.596+0000] {logging_mixin.py:188} INFO - [2024-03-11T22:13:50.596+0000] {dag.py:3834} INFO - Setting next_dagrun for example_branch_datetime_operator_2 to 2024-03-10 00:00:00+00:00, run_after=2024-03-11 00:00:00+00:00
[2024-03-11T22:13:50.599+0000] {logging_mixin.py:188} INFO - [2024-03-11T22:13:50.599+0000] {dag.py:3834} INFO - Setting next_dagrun for example_branch_datetime_operator_3 to 2024-03-10 00:00:00+00:00, run_after=2024-03-11 00:00:00+00:00
[2024-03-11T22:13:50.621+0000] {processor.py:183} INFO - Processing /home/airflow/.local/lib/python3.8/site-packages/airflow/example_dags/example_branch_datetime_operator.py took 0.120 seconds
[2024-03-11T22:14:20.757+0000] {processor.py:161} INFO - Started process (PID=1067) to work on /home/airflow/.local/lib/python3.8/site-packages/airflow/example_dags/example_branch_datetime_operator.py
[2024-03-11T22:14:20.759+0000] {processor.py:830} INFO - Processing file /home/airflow/.local/lib/python3.8/site-packages/airflow/example_dags/example_branch_datetime_operator.py for tasks to queue
[2024-03-11T22:14:20.761+0000] {logging_mixin.py:188} INFO - [2024-03-11T22:14:20.760+0000] {dagbag.py:540} INFO - Filling up the DagBag from /home/airflow/.local/lib/python3.8/site-packages/airflow/example_dags/example_branch_datetime_operator.py
[2024-03-11T22:14:20.769+0000] {processor.py:840} INFO - DAG(s) 'example_branch_datetime_operator', 'example_branch_datetime_operator_2', 'example_branch_datetime_operator_3' retrieved from /home/airflow/.local/lib/python3.8/site-packages/airflow/example_dags/example_branch_datetime_operator.py
[2024-03-11T22:14:20.797+0000] {logging_mixin.py:188} INFO - [2024-03-11T22:14:20.796+0000] {dag.py:3047} INFO - Sync 3 DAGs
[2024-03-11T22:14:20.818+0000] {logging_mixin.py:188} INFO - [2024-03-11T22:14:20.818+0000] {dag.py:3834} INFO - Setting next_dagrun for example_branch_datetime_operator to 2024-03-10 00:00:00+00:00, run_after=2024-03-11 00:00:00+00:00
[2024-03-11T22:14:20.824+0000] {logging_mixin.py:188} INFO - [2024-03-11T22:14:20.823+0000] {dag.py:3834} INFO - Setting next_dagrun for example_branch_datetime_operator_2 to 2024-03-10 00:00:00+00:00, run_after=2024-03-11 00:00:00+00:00
[2024-03-11T22:14:20.826+0000] {logging_mixin.py:188} INFO - [2024-03-11T22:14:20.826+0000] {dag.py:3834} INFO - Setting next_dagrun for example_branch_datetime_operator_3 to 2024-03-10 00:00:00+00:00, run_after=2024-03-11 00:00:00+00:00
[2024-03-11T22:14:20.848+0000] {processor.py:183} INFO - Processing /home/airflow/.local/lib/python3.8/site-packages/airflow/example_dags/example_branch_datetime_operator.py took 0.094 seconds
[2024-03-11T22:14:50.956+0000] {processor.py:161} INFO - Started process (PID=1124) to work on /home/airflow/.local/lib/python3.8/site-packages/airflow/example_dags/example_branch_datetime_operator.py
[2024-03-11T22:14:50.979+0000] {processor.py:830} INFO - Processing file /home/airflow/.local/lib/python3.8/site-packages/airflow/example_dags/example_branch_datetime_operator.py for tasks to queue
[2024-03-11T22:14:50.981+0000] {logging_mixin.py:188} INFO - [2024-03-11T22:14:50.981+0000] {dagbag.py:540} INFO - Filling up the DagBag from /home/airflow/.local/lib/python3.8/site-packages/airflow/example_dags/example_branch_datetime_operator.py
[2024-03-11T22:14:50.993+0000] {processor.py:840} INFO - DAG(s) 'example_branch_datetime_operator_2', 'example_branch_datetime_operator_3', 'example_branch_datetime_operator' retrieved from /home/airflow/.local/lib/python3.8/site-packages/airflow/example_dags/example_branch_datetime_operator.py
[2024-03-11T22:14:51.029+0000] {logging_mixin.py:188} INFO - [2024-03-11T22:14:51.029+0000] {dag.py:3047} INFO - Sync 3 DAGs
[2024-03-11T22:14:51.061+0000] {logging_mixin.py:188} INFO - [2024-03-11T22:14:51.061+0000] {dag.py:3834} INFO - Setting next_dagrun for example_branch_datetime_operator to 2024-03-10 00:00:00+00:00, run_after=2024-03-11 00:00:00+00:00
[2024-03-11T22:14:51.068+0000] {logging_mixin.py:188} INFO - [2024-03-11T22:14:51.067+0000] {dag.py:3834} INFO - Setting next_dagrun for example_branch_datetime_operator_2 to 2024-03-10 00:00:00+00:00, run_after=2024-03-11 00:00:00+00:00
[2024-03-11T22:14:51.071+0000] {logging_mixin.py:188} INFO - [2024-03-11T22:14:51.071+0000] {dag.py:3834} INFO - Setting next_dagrun for example_branch_datetime_operator_3 to 2024-03-10 00:00:00+00:00, run_after=2024-03-11 00:00:00+00:00
[2024-03-11T22:14:51.103+0000] {processor.py:183} INFO - Processing /home/airflow/.local/lib/python3.8/site-packages/airflow/example_dags/example_branch_datetime_operator.py took 0.150 seconds
[2024-03-11T22:15:21.215+0000] {processor.py:161} INFO - Started process (PID=1181) to work on /home/airflow/.local/lib/python3.8/site-packages/airflow/example_dags/example_branch_datetime_operator.py
[2024-03-11T22:15:21.217+0000] {processor.py:830} INFO - Processing file /home/airflow/.local/lib/python3.8/site-packages/airflow/example_dags/example_branch_datetime_operator.py for tasks to queue
[2024-03-11T22:15:21.218+0000] {logging_mixin.py:188} INFO - [2024-03-11T22:15:21.218+0000] {dagbag.py:540} INFO - Filling up the DagBag from /home/airflow/.local/lib/python3.8/site-packages/airflow/example_dags/example_branch_datetime_operator.py
[2024-03-11T22:15:21.228+0000] {processor.py:840} INFO - DAG(s) 'example_branch_datetime_operator_3', 'example_branch_datetime_operator', 'example_branch_datetime_operator_2' retrieved from /home/airflow/.local/lib/python3.8/site-packages/airflow/example_dags/example_branch_datetime_operator.py
[2024-03-11T22:15:21.260+0000] {logging_mixin.py:188} INFO - [2024-03-11T22:15:21.259+0000] {dag.py:3047} INFO - Sync 3 DAGs
[2024-03-11T22:15:21.283+0000] {logging_mixin.py:188} INFO - [2024-03-11T22:15:21.283+0000] {dag.py:3834} INFO - Setting next_dagrun for example_branch_datetime_operator to 2024-03-10 00:00:00+00:00, run_after=2024-03-11 00:00:00+00:00
[2024-03-11T22:15:21.289+0000] {logging_mixin.py:188} INFO - [2024-03-11T22:15:21.288+0000] {dag.py:3834} INFO - Setting next_dagrun for example_branch_datetime_operator_2 to 2024-03-10 00:00:00+00:00, run_after=2024-03-11 00:00:00+00:00
[2024-03-11T22:15:21.293+0000] {logging_mixin.py:188} INFO - [2024-03-11T22:15:21.292+0000] {dag.py:3834} INFO - Setting next_dagrun for example_branch_datetime_operator_3 to 2024-03-10 00:00:00+00:00, run_after=2024-03-11 00:00:00+00:00
[2024-03-11T22:15:21.315+0000] {processor.py:183} INFO - Processing /home/airflow/.local/lib/python3.8/site-packages/airflow/example_dags/example_branch_datetime_operator.py took 0.104 seconds
[2024-03-11T22:15:51.547+0000] {processor.py:161} INFO - Started process (PID=1238) to work on /home/airflow/.local/lib/python3.8/site-packages/airflow/example_dags/example_branch_datetime_operator.py
[2024-03-11T22:15:51.548+0000] {processor.py:830} INFO - Processing file /home/airflow/.local/lib/python3.8/site-packages/airflow/example_dags/example_branch_datetime_operator.py for tasks to queue
[2024-03-11T22:15:51.549+0000] {logging_mixin.py:188} INFO - [2024-03-11T22:15:51.549+0000] {dagbag.py:540} INFO - Filling up the DagBag from /home/airflow/.local/lib/python3.8/site-packages/airflow/example_dags/example_branch_datetime_operator.py
[2024-03-11T22:15:51.558+0000] {processor.py:840} INFO - DAG(s) 'example_branch_datetime_operator_2', 'example_branch_datetime_operator', 'example_branch_datetime_operator_3' retrieved from /home/airflow/.local/lib/python3.8/site-packages/airflow/example_dags/example_branch_datetime_operator.py
[2024-03-11T22:15:51.586+0000] {logging_mixin.py:188} INFO - [2024-03-11T22:15:51.586+0000] {dag.py:3047} INFO - Sync 3 DAGs
[2024-03-11T22:15:51.609+0000] {logging_mixin.py:188} INFO - [2024-03-11T22:15:51.608+0000] {dag.py:3834} INFO - Setting next_dagrun for example_branch_datetime_operator to 2024-03-10 00:00:00+00:00, run_after=2024-03-11 00:00:00+00:00
[2024-03-11T22:15:51.614+0000] {logging_mixin.py:188} INFO - [2024-03-11T22:15:51.614+0000] {dag.py:3834} INFO - Setting next_dagrun for example_branch_datetime_operator_2 to 2024-03-10 00:00:00+00:00, run_after=2024-03-11 00:00:00+00:00
[2024-03-11T22:15:51.617+0000] {logging_mixin.py:188} INFO - [2024-03-11T22:15:51.617+0000] {dag.py:3834} INFO - Setting next_dagrun for example_branch_datetime_operator_3 to 2024-03-10 00:00:00+00:00, run_after=2024-03-11 00:00:00+00:00
[2024-03-11T22:15:51.635+0000] {processor.py:183} INFO - Processing /home/airflow/.local/lib/python3.8/site-packages/airflow/example_dags/example_branch_datetime_operator.py took 0.092 seconds
[2024-03-11T22:16:22.099+0000] {processor.py:161} INFO - Started process (PID=1295) to work on /home/airflow/.local/lib/python3.8/site-packages/airflow/example_dags/example_branch_datetime_operator.py
[2024-03-11T22:16:22.101+0000] {processor.py:830} INFO - Processing file /home/airflow/.local/lib/python3.8/site-packages/airflow/example_dags/example_branch_datetime_operator.py for tasks to queue
[2024-03-11T22:16:22.102+0000] {logging_mixin.py:188} INFO - [2024-03-11T22:16:22.102+0000] {dagbag.py:540} INFO - Filling up the DagBag from /home/airflow/.local/lib/python3.8/site-packages/airflow/example_dags/example_branch_datetime_operator.py
[2024-03-11T22:16:22.113+0000] {processor.py:840} INFO - DAG(s) 'example_branch_datetime_operator', 'example_branch_datetime_operator_2', 'example_branch_datetime_operator_3' retrieved from /home/airflow/.local/lib/python3.8/site-packages/airflow/example_dags/example_branch_datetime_operator.py
[2024-03-11T22:16:22.142+0000] {logging_mixin.py:188} INFO - [2024-03-11T22:16:22.141+0000] {dag.py:3047} INFO - Sync 3 DAGs
[2024-03-11T22:16:22.167+0000] {logging_mixin.py:188} INFO - [2024-03-11T22:16:22.167+0000] {dag.py:3834} INFO - Setting next_dagrun for example_branch_datetime_operator to 2024-03-10 00:00:00+00:00, run_after=2024-03-11 00:00:00+00:00
[2024-03-11T22:16:22.172+0000] {logging_mixin.py:188} INFO - [2024-03-11T22:16:22.171+0000] {dag.py:3834} INFO - Setting next_dagrun for example_branch_datetime_operator_2 to 2024-03-10 00:00:00+00:00, run_after=2024-03-11 00:00:00+00:00
[2024-03-11T22:16:22.175+0000] {logging_mixin.py:188} INFO - [2024-03-11T22:16:22.175+0000] {dag.py:3834} INFO - Setting next_dagrun for example_branch_datetime_operator_3 to 2024-03-10 00:00:00+00:00, run_after=2024-03-11 00:00:00+00:00
[2024-03-11T22:16:22.198+0000] {processor.py:183} INFO - Processing /home/airflow/.local/lib/python3.8/site-packages/airflow/example_dags/example_branch_datetime_operator.py took 0.102 seconds
[2024-03-11T22:16:52.706+0000] {processor.py:161} INFO - Started process (PID=1352) to work on /home/airflow/.local/lib/python3.8/site-packages/airflow/example_dags/example_branch_datetime_operator.py
[2024-03-11T22:16:52.708+0000] {processor.py:830} INFO - Processing file /home/airflow/.local/lib/python3.8/site-packages/airflow/example_dags/example_branch_datetime_operator.py for tasks to queue
[2024-03-11T22:16:52.710+0000] {logging_mixin.py:188} INFO - [2024-03-11T22:16:52.710+0000] {dagbag.py:540} INFO - Filling up the DagBag from /home/airflow/.local/lib/python3.8/site-packages/airflow/example_dags/example_branch_datetime_operator.py
[2024-03-11T22:16:52.718+0000] {processor.py:840} INFO - DAG(s) 'example_branch_datetime_operator', 'example_branch_datetime_operator_2', 'example_branch_datetime_operator_3' retrieved from /home/airflow/.local/lib/python3.8/site-packages/airflow/example_dags/example_branch_datetime_operator.py
[2024-03-11T22:16:52.747+0000] {logging_mixin.py:188} INFO - [2024-03-11T22:16:52.747+0000] {dag.py:3047} INFO - Sync 3 DAGs
[2024-03-11T22:16:52.773+0000] {logging_mixin.py:188} INFO - [2024-03-11T22:16:52.772+0000] {dag.py:3834} INFO - Setting next_dagrun for example_branch_datetime_operator to 2024-03-10 00:00:00+00:00, run_after=2024-03-11 00:00:00+00:00
[2024-03-11T22:16:52.778+0000] {logging_mixin.py:188} INFO - [2024-03-11T22:16:52.777+0000] {dag.py:3834} INFO - Setting next_dagrun for example_branch_datetime_operator_2 to 2024-03-10 00:00:00+00:00, run_after=2024-03-11 00:00:00+00:00
[2024-03-11T22:16:52.781+0000] {logging_mixin.py:188} INFO - [2024-03-11T22:16:52.781+0000] {dag.py:3834} INFO - Setting next_dagrun for example_branch_datetime_operator_3 to 2024-03-10 00:00:00+00:00, run_after=2024-03-11 00:00:00+00:00
[2024-03-11T22:16:52.802+0000] {processor.py:183} INFO - Processing /home/airflow/.local/lib/python3.8/site-packages/airflow/example_dags/example_branch_datetime_operator.py took 0.099 seconds
[2024-03-11T22:17:23.052+0000] {processor.py:161} INFO - Started process (PID=1409) to work on /home/airflow/.local/lib/python3.8/site-packages/airflow/example_dags/example_branch_datetime_operator.py
[2024-03-11T22:17:23.054+0000] {processor.py:830} INFO - Processing file /home/airflow/.local/lib/python3.8/site-packages/airflow/example_dags/example_branch_datetime_operator.py for tasks to queue
[2024-03-11T22:17:23.057+0000] {logging_mixin.py:188} INFO - [2024-03-11T22:17:23.057+0000] {dagbag.py:540} INFO - Filling up the DagBag from /home/airflow/.local/lib/python3.8/site-packages/airflow/example_dags/example_branch_datetime_operator.py
[2024-03-11T22:17:23.069+0000] {processor.py:840} INFO - DAG(s) 'example_branch_datetime_operator_2', 'example_branch_datetime_operator', 'example_branch_datetime_operator_3' retrieved from /home/airflow/.local/lib/python3.8/site-packages/airflow/example_dags/example_branch_datetime_operator.py
[2024-03-11T22:17:23.112+0000] {logging_mixin.py:188} INFO - [2024-03-11T22:17:23.112+0000] {dag.py:3047} INFO - Sync 3 DAGs
[2024-03-11T22:17:23.141+0000] {logging_mixin.py:188} INFO - [2024-03-11T22:17:23.141+0000] {dag.py:3834} INFO - Setting next_dagrun for example_branch_datetime_operator to 2024-03-10 00:00:00+00:00, run_after=2024-03-11 00:00:00+00:00
[2024-03-11T22:17:23.146+0000] {logging_mixin.py:188} INFO - [2024-03-11T22:17:23.146+0000] {dag.py:3834} INFO - Setting next_dagrun for example_branch_datetime_operator_2 to 2024-03-10 00:00:00+00:00, run_after=2024-03-11 00:00:00+00:00
[2024-03-11T22:17:23.149+0000] {logging_mixin.py:188} INFO - [2024-03-11T22:17:23.149+0000] {dag.py:3834} INFO - Setting next_dagrun for example_branch_datetime_operator_3 to 2024-03-10 00:00:00+00:00, run_after=2024-03-11 00:00:00+00:00
[2024-03-11T22:17:23.171+0000] {processor.py:183} INFO - Processing /home/airflow/.local/lib/python3.8/site-packages/airflow/example_dags/example_branch_datetime_operator.py took 0.124 seconds
