[2024-03-11T22:02:13.867+0000] {processor.py:161} INFO - Started process (PID=79) to work on /home/airflow/.local/lib/python3.8/site-packages/airflow/example_dags/example_task_group.py
[2024-03-11T22:02:13.869+0000] {processor.py:830} INFO - Processing file /home/airflow/.local/lib/python3.8/site-packages/airflow/example_dags/example_task_group.py for tasks to queue
[2024-03-11T22:02:13.873+0000] {logging_mixin.py:188} INFO - [2024-03-11T22:02:13.873+0000] {dagbag.py:540} INFO - Filling up the DagBag from /home/airflow/.local/lib/python3.8/site-packages/airflow/example_dags/example_task_group.py
[2024-03-11T22:02:13.906+0000] {processor.py:840} INFO - DAG(s) 'example_task_group' retrieved from /home/airflow/.local/lib/python3.8/site-packages/airflow/example_dags/example_task_group.py
[2024-03-11T22:02:14.515+0000] {logging_mixin.py:188} INFO - [2024-03-11T22:02:14.514+0000] {dag.py:3047} INFO - Sync 1 DAGs
[2024-03-11T22:02:14.662+0000] {logging_mixin.py:188} INFO - [2024-03-11T22:02:14.662+0000] {dag.py:3834} INFO - Setting next_dagrun for example_task_group to 2024-03-10 00:00:00+00:00, run_after=2024-03-11 00:00:00+00:00
[2024-03-11T22:02:15.300+0000] {processor.py:183} INFO - Processing /home/airflow/.local/lib/python3.8/site-packages/airflow/example_dags/example_task_group.py took 1.449 seconds
[2024-03-11T22:02:45.420+0000] {processor.py:161} INFO - Started process (PID=136) to work on /home/airflow/.local/lib/python3.8/site-packages/airflow/example_dags/example_task_group.py
[2024-03-11T22:02:45.422+0000] {processor.py:830} INFO - Processing file /home/airflow/.local/lib/python3.8/site-packages/airflow/example_dags/example_task_group.py for tasks to queue
[2024-03-11T22:02:45.425+0000] {logging_mixin.py:188} INFO - [2024-03-11T22:02:45.424+0000] {dagbag.py:540} INFO - Filling up the DagBag from /home/airflow/.local/lib/python3.8/site-packages/airflow/example_dags/example_task_group.py
[2024-03-11T22:02:45.431+0000] {processor.py:840} INFO - DAG(s) 'example_task_group' retrieved from /home/airflow/.local/lib/python3.8/site-packages/airflow/example_dags/example_task_group.py
[2024-03-11T22:02:45.465+0000] {logging_mixin.py:188} INFO - [2024-03-11T22:02:45.464+0000] {dag.py:3047} INFO - Sync 1 DAGs
[2024-03-11T22:02:45.497+0000] {logging_mixin.py:188} INFO - [2024-03-11T22:02:45.497+0000] {dag.py:3834} INFO - Setting next_dagrun for example_task_group to 2024-03-10 00:00:00+00:00, run_after=2024-03-11 00:00:00+00:00
[2024-03-11T22:02:45.535+0000] {processor.py:183} INFO - Processing /home/airflow/.local/lib/python3.8/site-packages/airflow/example_dags/example_task_group.py took 0.119 seconds
[2024-03-11T22:05:19.859+0000] {processor.py:161} INFO - Started process (PID=72) to work on /home/airflow/.local/lib/python3.8/site-packages/airflow/example_dags/example_task_group.py
[2024-03-11T22:05:19.861+0000] {processor.py:830} INFO - Processing file /home/airflow/.local/lib/python3.8/site-packages/airflow/example_dags/example_task_group.py for tasks to queue
[2024-03-11T22:05:19.863+0000] {logging_mixin.py:188} INFO - [2024-03-11T22:05:19.862+0000] {dagbag.py:540} INFO - Filling up the DagBag from /home/airflow/.local/lib/python3.8/site-packages/airflow/example_dags/example_task_group.py
[2024-03-11T22:05:19.870+0000] {processor.py:840} INFO - DAG(s) 'example_task_group' retrieved from /home/airflow/.local/lib/python3.8/site-packages/airflow/example_dags/example_task_group.py
[2024-03-11T22:05:19.990+0000] {logging_mixin.py:188} INFO - [2024-03-11T22:05:19.989+0000] {dag.py:3047} INFO - Sync 1 DAGs
[2024-03-11T22:05:20.031+0000] {logging_mixin.py:188} INFO - [2024-03-11T22:05:20.031+0000] {dag.py:3834} INFO - Setting next_dagrun for example_task_group to 2024-03-10 00:00:00+00:00, run_after=2024-03-11 00:00:00+00:00
[2024-03-11T22:05:20.076+0000] {processor.py:183} INFO - Processing /home/airflow/.local/lib/python3.8/site-packages/airflow/example_dags/example_task_group.py took 0.221 seconds
[2024-03-11T22:05:50.472+0000] {processor.py:161} INFO - Started process (PID=129) to work on /home/airflow/.local/lib/python3.8/site-packages/airflow/example_dags/example_task_group.py
[2024-03-11T22:05:50.474+0000] {processor.py:830} INFO - Processing file /home/airflow/.local/lib/python3.8/site-packages/airflow/example_dags/example_task_group.py for tasks to queue
[2024-03-11T22:05:50.476+0000] {logging_mixin.py:188} INFO - [2024-03-11T22:05:50.475+0000] {dagbag.py:540} INFO - Filling up the DagBag from /home/airflow/.local/lib/python3.8/site-packages/airflow/example_dags/example_task_group.py
[2024-03-11T22:05:50.482+0000] {processor.py:840} INFO - DAG(s) 'example_task_group' retrieved from /home/airflow/.local/lib/python3.8/site-packages/airflow/example_dags/example_task_group.py
[2024-03-11T22:05:50.504+0000] {logging_mixin.py:188} INFO - [2024-03-11T22:05:50.504+0000] {dag.py:3047} INFO - Sync 1 DAGs
[2024-03-11T22:05:50.527+0000] {logging_mixin.py:188} INFO - [2024-03-11T22:05:50.527+0000] {dag.py:3834} INFO - Setting next_dagrun for example_task_group to 2024-03-10 00:00:00+00:00, run_after=2024-03-11 00:00:00+00:00
[2024-03-11T22:05:50.551+0000] {processor.py:183} INFO - Processing /home/airflow/.local/lib/python3.8/site-packages/airflow/example_dags/example_task_group.py took 0.081 seconds
[2024-03-11T22:06:21.224+0000] {processor.py:161} INFO - Started process (PID=186) to work on /home/airflow/.local/lib/python3.8/site-packages/airflow/example_dags/example_task_group.py
[2024-03-11T22:06:21.226+0000] {processor.py:830} INFO - Processing file /home/airflow/.local/lib/python3.8/site-packages/airflow/example_dags/example_task_group.py for tasks to queue
[2024-03-11T22:06:21.227+0000] {logging_mixin.py:188} INFO - [2024-03-11T22:06:21.227+0000] {dagbag.py:540} INFO - Filling up the DagBag from /home/airflow/.local/lib/python3.8/site-packages/airflow/example_dags/example_task_group.py
[2024-03-11T22:06:21.235+0000] {processor.py:840} INFO - DAG(s) 'example_task_group' retrieved from /home/airflow/.local/lib/python3.8/site-packages/airflow/example_dags/example_task_group.py
[2024-03-11T22:06:21.260+0000] {logging_mixin.py:188} INFO - [2024-03-11T22:06:21.260+0000] {dag.py:3047} INFO - Sync 1 DAGs
[2024-03-11T22:06:21.287+0000] {logging_mixin.py:188} INFO - [2024-03-11T22:06:21.287+0000] {dag.py:3834} INFO - Setting next_dagrun for example_task_group to 2024-03-10 00:00:00+00:00, run_after=2024-03-11 00:00:00+00:00
[2024-03-11T22:06:21.318+0000] {processor.py:183} INFO - Processing /home/airflow/.local/lib/python3.8/site-packages/airflow/example_dags/example_task_group.py took 0.096 seconds
[2024-03-11T22:06:52.187+0000] {processor.py:161} INFO - Started process (PID=243) to work on /home/airflow/.local/lib/python3.8/site-packages/airflow/example_dags/example_task_group.py
[2024-03-11T22:06:52.188+0000] {processor.py:830} INFO - Processing file /home/airflow/.local/lib/python3.8/site-packages/airflow/example_dags/example_task_group.py for tasks to queue
[2024-03-11T22:06:52.190+0000] {logging_mixin.py:188} INFO - [2024-03-11T22:06:52.189+0000] {dagbag.py:540} INFO - Filling up the DagBag from /home/airflow/.local/lib/python3.8/site-packages/airflow/example_dags/example_task_group.py
[2024-03-11T22:06:52.196+0000] {processor.py:840} INFO - DAG(s) 'example_task_group' retrieved from /home/airflow/.local/lib/python3.8/site-packages/airflow/example_dags/example_task_group.py
[2024-03-11T22:06:52.219+0000] {logging_mixin.py:188} INFO - [2024-03-11T22:06:52.218+0000] {dag.py:3047} INFO - Sync 1 DAGs
[2024-03-11T22:06:52.242+0000] {logging_mixin.py:188} INFO - [2024-03-11T22:06:52.242+0000] {dag.py:3834} INFO - Setting next_dagrun for example_task_group to 2024-03-10 00:00:00+00:00, run_after=2024-03-11 00:00:00+00:00
[2024-03-11T22:06:52.269+0000] {processor.py:183} INFO - Processing /home/airflow/.local/lib/python3.8/site-packages/airflow/example_dags/example_task_group.py took 0.085 seconds
[2024-03-11T22:07:22.362+0000] {processor.py:161} INFO - Started process (PID=300) to work on /home/airflow/.local/lib/python3.8/site-packages/airflow/example_dags/example_task_group.py
[2024-03-11T22:07:22.364+0000] {processor.py:830} INFO - Processing file /home/airflow/.local/lib/python3.8/site-packages/airflow/example_dags/example_task_group.py for tasks to queue
[2024-03-11T22:07:22.365+0000] {logging_mixin.py:188} INFO - [2024-03-11T22:07:22.365+0000] {dagbag.py:540} INFO - Filling up the DagBag from /home/airflow/.local/lib/python3.8/site-packages/airflow/example_dags/example_task_group.py
[2024-03-11T22:07:22.372+0000] {processor.py:840} INFO - DAG(s) 'example_task_group' retrieved from /home/airflow/.local/lib/python3.8/site-packages/airflow/example_dags/example_task_group.py
[2024-03-11T22:07:22.396+0000] {logging_mixin.py:188} INFO - [2024-03-11T22:07:22.396+0000] {dag.py:3047} INFO - Sync 1 DAGs
[2024-03-11T22:07:22.419+0000] {logging_mixin.py:188} INFO - [2024-03-11T22:07:22.418+0000] {dag.py:3834} INFO - Setting next_dagrun for example_task_group to 2024-03-10 00:00:00+00:00, run_after=2024-03-11 00:00:00+00:00
[2024-03-11T22:07:22.446+0000] {processor.py:183} INFO - Processing /home/airflow/.local/lib/python3.8/site-packages/airflow/example_dags/example_task_group.py took 0.086 seconds
[2024-03-11T22:07:52.559+0000] {processor.py:161} INFO - Started process (PID=357) to work on /home/airflow/.local/lib/python3.8/site-packages/airflow/example_dags/example_task_group.py
[2024-03-11T22:07:52.560+0000] {processor.py:830} INFO - Processing file /home/airflow/.local/lib/python3.8/site-packages/airflow/example_dags/example_task_group.py for tasks to queue
[2024-03-11T22:07:52.563+0000] {logging_mixin.py:188} INFO - [2024-03-11T22:07:52.562+0000] {dagbag.py:540} INFO - Filling up the DagBag from /home/airflow/.local/lib/python3.8/site-packages/airflow/example_dags/example_task_group.py
[2024-03-11T22:07:52.569+0000] {processor.py:840} INFO - DAG(s) 'example_task_group' retrieved from /home/airflow/.local/lib/python3.8/site-packages/airflow/example_dags/example_task_group.py
[2024-03-11T22:07:52.593+0000] {logging_mixin.py:188} INFO - [2024-03-11T22:07:52.593+0000] {dag.py:3047} INFO - Sync 1 DAGs
[2024-03-11T22:07:52.617+0000] {logging_mixin.py:188} INFO - [2024-03-11T22:07:52.616+0000] {dag.py:3834} INFO - Setting next_dagrun for example_task_group to 2024-03-10 00:00:00+00:00, run_after=2024-03-11 00:00:00+00:00
[2024-03-11T22:07:52.641+0000] {processor.py:183} INFO - Processing /home/airflow/.local/lib/python3.8/site-packages/airflow/example_dags/example_task_group.py took 0.086 seconds
[2024-03-11T22:08:23.170+0000] {processor.py:161} INFO - Started process (PID=414) to work on /home/airflow/.local/lib/python3.8/site-packages/airflow/example_dags/example_task_group.py
[2024-03-11T22:08:23.171+0000] {processor.py:830} INFO - Processing file /home/airflow/.local/lib/python3.8/site-packages/airflow/example_dags/example_task_group.py for tasks to queue
[2024-03-11T22:08:23.173+0000] {logging_mixin.py:188} INFO - [2024-03-11T22:08:23.172+0000] {dagbag.py:540} INFO - Filling up the DagBag from /home/airflow/.local/lib/python3.8/site-packages/airflow/example_dags/example_task_group.py
[2024-03-11T22:08:23.179+0000] {processor.py:840} INFO - DAG(s) 'example_task_group' retrieved from /home/airflow/.local/lib/python3.8/site-packages/airflow/example_dags/example_task_group.py
[2024-03-11T22:08:23.202+0000] {logging_mixin.py:188} INFO - [2024-03-11T22:08:23.202+0000] {dag.py:3047} INFO - Sync 1 DAGs
[2024-03-11T22:08:23.225+0000] {logging_mixin.py:188} INFO - [2024-03-11T22:08:23.224+0000] {dag.py:3834} INFO - Setting next_dagrun for example_task_group to 2024-03-10 00:00:00+00:00, run_after=2024-03-11 00:00:00+00:00
[2024-03-11T22:08:23.256+0000] {processor.py:183} INFO - Processing /home/airflow/.local/lib/python3.8/site-packages/airflow/example_dags/example_task_group.py took 0.089 seconds
[2024-03-11T22:08:54.041+0000] {processor.py:161} INFO - Started process (PID=471) to work on /home/airflow/.local/lib/python3.8/site-packages/airflow/example_dags/example_task_group.py
[2024-03-11T22:08:54.043+0000] {processor.py:830} INFO - Processing file /home/airflow/.local/lib/python3.8/site-packages/airflow/example_dags/example_task_group.py for tasks to queue
[2024-03-11T22:08:54.045+0000] {logging_mixin.py:188} INFO - [2024-03-11T22:08:54.045+0000] {dagbag.py:540} INFO - Filling up the DagBag from /home/airflow/.local/lib/python3.8/site-packages/airflow/example_dags/example_task_group.py
[2024-03-11T22:08:54.051+0000] {processor.py:840} INFO - DAG(s) 'example_task_group' retrieved from /home/airflow/.local/lib/python3.8/site-packages/airflow/example_dags/example_task_group.py
[2024-03-11T22:08:54.072+0000] {logging_mixin.py:188} INFO - [2024-03-11T22:08:54.072+0000] {dag.py:3047} INFO - Sync 1 DAGs
[2024-03-11T22:08:54.094+0000] {logging_mixin.py:188} INFO - [2024-03-11T22:08:54.093+0000] {dag.py:3834} INFO - Setting next_dagrun for example_task_group to 2024-03-10 00:00:00+00:00, run_after=2024-03-11 00:00:00+00:00
[2024-03-11T22:08:54.119+0000] {processor.py:183} INFO - Processing /home/airflow/.local/lib/python3.8/site-packages/airflow/example_dags/example_task_group.py took 0.081 seconds
[2024-03-11T22:09:25.052+0000] {processor.py:161} INFO - Started process (PID=528) to work on /home/airflow/.local/lib/python3.8/site-packages/airflow/example_dags/example_task_group.py
[2024-03-11T22:09:25.053+0000] {processor.py:830} INFO - Processing file /home/airflow/.local/lib/python3.8/site-packages/airflow/example_dags/example_task_group.py for tasks to queue
[2024-03-11T22:09:25.056+0000] {logging_mixin.py:188} INFO - [2024-03-11T22:09:25.055+0000] {dagbag.py:540} INFO - Filling up the DagBag from /home/airflow/.local/lib/python3.8/site-packages/airflow/example_dags/example_task_group.py
[2024-03-11T22:09:25.065+0000] {processor.py:840} INFO - DAG(s) 'example_task_group' retrieved from /home/airflow/.local/lib/python3.8/site-packages/airflow/example_dags/example_task_group.py
[2024-03-11T22:09:25.097+0000] {logging_mixin.py:188} INFO - [2024-03-11T22:09:25.097+0000] {dag.py:3047} INFO - Sync 1 DAGs
[2024-03-11T22:09:25.129+0000] {logging_mixin.py:188} INFO - [2024-03-11T22:09:25.129+0000] {dag.py:3834} INFO - Setting next_dagrun for example_task_group to 2024-03-10 00:00:00+00:00, run_after=2024-03-11 00:00:00+00:00
[2024-03-11T22:09:25.156+0000] {processor.py:183} INFO - Processing /home/airflow/.local/lib/python3.8/site-packages/airflow/example_dags/example_task_group.py took 0.107 seconds
[2024-03-11T22:09:55.387+0000] {processor.py:161} INFO - Started process (PID=585) to work on /home/airflow/.local/lib/python3.8/site-packages/airflow/example_dags/example_task_group.py
[2024-03-11T22:09:55.389+0000] {processor.py:830} INFO - Processing file /home/airflow/.local/lib/python3.8/site-packages/airflow/example_dags/example_task_group.py for tasks to queue
[2024-03-11T22:09:55.391+0000] {logging_mixin.py:188} INFO - [2024-03-11T22:09:55.390+0000] {dagbag.py:540} INFO - Filling up the DagBag from /home/airflow/.local/lib/python3.8/site-packages/airflow/example_dags/example_task_group.py
[2024-03-11T22:09:55.397+0000] {processor.py:840} INFO - DAG(s) 'example_task_group' retrieved from /home/airflow/.local/lib/python3.8/site-packages/airflow/example_dags/example_task_group.py
[2024-03-11T22:09:55.423+0000] {logging_mixin.py:188} INFO - [2024-03-11T22:09:55.423+0000] {dag.py:3047} INFO - Sync 1 DAGs
[2024-03-11T22:09:55.446+0000] {logging_mixin.py:188} INFO - [2024-03-11T22:09:55.446+0000] {dag.py:3834} INFO - Setting next_dagrun for example_task_group to 2024-03-10 00:00:00+00:00, run_after=2024-03-11 00:00:00+00:00
[2024-03-11T22:09:55.473+0000] {processor.py:183} INFO - Processing /home/airflow/.local/lib/python3.8/site-packages/airflow/example_dags/example_task_group.py took 0.090 seconds
[2024-03-11T22:10:26.043+0000] {processor.py:161} INFO - Started process (PID=642) to work on /home/airflow/.local/lib/python3.8/site-packages/airflow/example_dags/example_task_group.py
[2024-03-11T22:10:26.046+0000] {processor.py:830} INFO - Processing file /home/airflow/.local/lib/python3.8/site-packages/airflow/example_dags/example_task_group.py for tasks to queue
[2024-03-11T22:10:26.049+0000] {logging_mixin.py:188} INFO - [2024-03-11T22:10:26.048+0000] {dagbag.py:540} INFO - Filling up the DagBag from /home/airflow/.local/lib/python3.8/site-packages/airflow/example_dags/example_task_group.py
[2024-03-11T22:10:26.056+0000] {processor.py:840} INFO - DAG(s) 'example_task_group' retrieved from /home/airflow/.local/lib/python3.8/site-packages/airflow/example_dags/example_task_group.py
[2024-03-11T22:10:26.082+0000] {logging_mixin.py:188} INFO - [2024-03-11T22:10:26.082+0000] {dag.py:3047} INFO - Sync 1 DAGs
[2024-03-11T22:10:26.108+0000] {logging_mixin.py:188} INFO - [2024-03-11T22:10:26.107+0000] {dag.py:3834} INFO - Setting next_dagrun for example_task_group to 2024-03-10 00:00:00+00:00, run_after=2024-03-11 00:00:00+00:00
[2024-03-11T22:10:26.138+0000] {processor.py:183} INFO - Processing /home/airflow/.local/lib/python3.8/site-packages/airflow/example_dags/example_task_group.py took 0.097 seconds
[2024-03-11T22:10:56.981+0000] {processor.py:161} INFO - Started process (PID=699) to work on /home/airflow/.local/lib/python3.8/site-packages/airflow/example_dags/example_task_group.py
[2024-03-11T22:10:56.983+0000] {processor.py:830} INFO - Processing file /home/airflow/.local/lib/python3.8/site-packages/airflow/example_dags/example_task_group.py for tasks to queue
[2024-03-11T22:10:56.984+0000] {logging_mixin.py:188} INFO - [2024-03-11T22:10:56.984+0000] {dagbag.py:540} INFO - Filling up the DagBag from /home/airflow/.local/lib/python3.8/site-packages/airflow/example_dags/example_task_group.py
[2024-03-11T22:10:56.991+0000] {processor.py:840} INFO - DAG(s) 'example_task_group' retrieved from /home/airflow/.local/lib/python3.8/site-packages/airflow/example_dags/example_task_group.py
[2024-03-11T22:10:57.012+0000] {logging_mixin.py:188} INFO - [2024-03-11T22:10:57.012+0000] {dag.py:3047} INFO - Sync 1 DAGs
[2024-03-11T22:10:57.035+0000] {logging_mixin.py:188} INFO - [2024-03-11T22:10:57.034+0000] {dag.py:3834} INFO - Setting next_dagrun for example_task_group to 2024-03-10 00:00:00+00:00, run_after=2024-03-11 00:00:00+00:00
[2024-03-11T22:10:57.057+0000] {processor.py:183} INFO - Processing /home/airflow/.local/lib/python3.8/site-packages/airflow/example_dags/example_task_group.py took 0.079 seconds
[2024-03-11T22:11:27.525+0000] {processor.py:161} INFO - Started process (PID=756) to work on /home/airflow/.local/lib/python3.8/site-packages/airflow/example_dags/example_task_group.py
[2024-03-11T22:11:27.528+0000] {processor.py:830} INFO - Processing file /home/airflow/.local/lib/python3.8/site-packages/airflow/example_dags/example_task_group.py for tasks to queue
[2024-03-11T22:11:27.530+0000] {logging_mixin.py:188} INFO - [2024-03-11T22:11:27.530+0000] {dagbag.py:540} INFO - Filling up the DagBag from /home/airflow/.local/lib/python3.8/site-packages/airflow/example_dags/example_task_group.py
[2024-03-11T22:11:27.536+0000] {processor.py:840} INFO - DAG(s) 'example_task_group' retrieved from /home/airflow/.local/lib/python3.8/site-packages/airflow/example_dags/example_task_group.py
[2024-03-11T22:11:27.564+0000] {logging_mixin.py:188} INFO - [2024-03-11T22:11:27.564+0000] {dag.py:3047} INFO - Sync 1 DAGs
[2024-03-11T22:11:27.593+0000] {logging_mixin.py:188} INFO - [2024-03-11T22:11:27.592+0000] {dag.py:3834} INFO - Setting next_dagrun for example_task_group to 2024-03-10 00:00:00+00:00, run_after=2024-03-11 00:00:00+00:00
[2024-03-11T22:11:27.622+0000] {processor.py:183} INFO - Processing /home/airflow/.local/lib/python3.8/site-packages/airflow/example_dags/example_task_group.py took 0.100 seconds
[2024-03-11T22:11:57.964+0000] {processor.py:161} INFO - Started process (PID=813) to work on /home/airflow/.local/lib/python3.8/site-packages/airflow/example_dags/example_task_group.py
[2024-03-11T22:11:57.965+0000] {processor.py:830} INFO - Processing file /home/airflow/.local/lib/python3.8/site-packages/airflow/example_dags/example_task_group.py for tasks to queue
[2024-03-11T22:11:57.967+0000] {logging_mixin.py:188} INFO - [2024-03-11T22:11:57.966+0000] {dagbag.py:540} INFO - Filling up the DagBag from /home/airflow/.local/lib/python3.8/site-packages/airflow/example_dags/example_task_group.py
[2024-03-11T22:11:57.972+0000] {processor.py:840} INFO - DAG(s) 'example_task_group' retrieved from /home/airflow/.local/lib/python3.8/site-packages/airflow/example_dags/example_task_group.py
[2024-03-11T22:11:57.993+0000] {logging_mixin.py:188} INFO - [2024-03-11T22:11:57.993+0000] {dag.py:3047} INFO - Sync 1 DAGs
[2024-03-11T22:11:58.014+0000] {logging_mixin.py:188} INFO - [2024-03-11T22:11:58.014+0000] {dag.py:3834} INFO - Setting next_dagrun for example_task_group to 2024-03-10 00:00:00+00:00, run_after=2024-03-11 00:00:00+00:00
[2024-03-11T22:11:58.037+0000] {processor.py:183} INFO - Processing /home/airflow/.local/lib/python3.8/site-packages/airflow/example_dags/example_task_group.py took 0.076 seconds
[2024-03-11T22:12:28.641+0000] {processor.py:161} INFO - Started process (PID=876) to work on /home/airflow/.local/lib/python3.8/site-packages/airflow/example_dags/example_task_group.py
[2024-03-11T22:12:28.642+0000] {processor.py:830} INFO - Processing file /home/airflow/.local/lib/python3.8/site-packages/airflow/example_dags/example_task_group.py for tasks to queue
[2024-03-11T22:12:28.644+0000] {logging_mixin.py:188} INFO - [2024-03-11T22:12:28.644+0000] {dagbag.py:540} INFO - Filling up the DagBag from /home/airflow/.local/lib/python3.8/site-packages/airflow/example_dags/example_task_group.py
[2024-03-11T22:12:28.654+0000] {processor.py:840} INFO - DAG(s) 'example_task_group' retrieved from /home/airflow/.local/lib/python3.8/site-packages/airflow/example_dags/example_task_group.py
[2024-03-11T22:12:28.686+0000] {logging_mixin.py:188} INFO - [2024-03-11T22:12:28.685+0000] {dag.py:3047} INFO - Sync 1 DAGs
[2024-03-11T22:12:28.718+0000] {logging_mixin.py:188} INFO - [2024-03-11T22:12:28.718+0000] {dag.py:3834} INFO - Setting next_dagrun for example_task_group to 2024-03-10 00:00:00+00:00, run_after=2024-03-11 00:00:00+00:00
[2024-03-11T22:12:28.755+0000] {processor.py:183} INFO - Processing /home/airflow/.local/lib/python3.8/site-packages/airflow/example_dags/example_task_group.py took 0.120 seconds
[2024-03-11T22:12:59.230+0000] {processor.py:161} INFO - Started process (PID=933) to work on /home/airflow/.local/lib/python3.8/site-packages/airflow/example_dags/example_task_group.py
[2024-03-11T22:12:59.232+0000] {processor.py:830} INFO - Processing file /home/airflow/.local/lib/python3.8/site-packages/airflow/example_dags/example_task_group.py for tasks to queue
[2024-03-11T22:12:59.235+0000] {logging_mixin.py:188} INFO - [2024-03-11T22:12:59.234+0000] {dagbag.py:540} INFO - Filling up the DagBag from /home/airflow/.local/lib/python3.8/site-packages/airflow/example_dags/example_task_group.py
[2024-03-11T22:12:59.243+0000] {processor.py:840} INFO - DAG(s) 'example_task_group' retrieved from /home/airflow/.local/lib/python3.8/site-packages/airflow/example_dags/example_task_group.py
[2024-03-11T22:12:59.272+0000] {logging_mixin.py:188} INFO - [2024-03-11T22:12:59.272+0000] {dag.py:3047} INFO - Sync 1 DAGs
[2024-03-11T22:12:59.300+0000] {logging_mixin.py:188} INFO - [2024-03-11T22:12:59.300+0000] {dag.py:3834} INFO - Setting next_dagrun for example_task_group to 2024-03-10 00:00:00+00:00, run_after=2024-03-11 00:00:00+00:00
[2024-03-11T22:12:59.330+0000] {processor.py:183} INFO - Processing /home/airflow/.local/lib/python3.8/site-packages/airflow/example_dags/example_task_group.py took 0.104 seconds
[2024-03-11T22:13:29.459+0000] {processor.py:161} INFO - Started process (PID=990) to work on /home/airflow/.local/lib/python3.8/site-packages/airflow/example_dags/example_task_group.py
[2024-03-11T22:13:29.461+0000] {processor.py:830} INFO - Processing file /home/airflow/.local/lib/python3.8/site-packages/airflow/example_dags/example_task_group.py for tasks to queue
[2024-03-11T22:13:29.462+0000] {logging_mixin.py:188} INFO - [2024-03-11T22:13:29.462+0000] {dagbag.py:540} INFO - Filling up the DagBag from /home/airflow/.local/lib/python3.8/site-packages/airflow/example_dags/example_task_group.py
[2024-03-11T22:13:29.469+0000] {processor.py:840} INFO - DAG(s) 'example_task_group' retrieved from /home/airflow/.local/lib/python3.8/site-packages/airflow/example_dags/example_task_group.py
[2024-03-11T22:13:29.508+0000] {logging_mixin.py:188} INFO - [2024-03-11T22:13:29.507+0000] {dag.py:3047} INFO - Sync 1 DAGs
[2024-03-11T22:13:29.536+0000] {logging_mixin.py:188} INFO - [2024-03-11T22:13:29.536+0000] {dag.py:3834} INFO - Setting next_dagrun for example_task_group to 2024-03-10 00:00:00+00:00, run_after=2024-03-11 00:00:00+00:00
[2024-03-11T22:13:29.561+0000] {processor.py:183} INFO - Processing /home/airflow/.local/lib/python3.8/site-packages/airflow/example_dags/example_task_group.py took 0.105 seconds
[2024-03-11T22:14:00.521+0000] {processor.py:161} INFO - Started process (PID=1047) to work on /home/airflow/.local/lib/python3.8/site-packages/airflow/example_dags/example_task_group.py
[2024-03-11T22:14:00.522+0000] {processor.py:830} INFO - Processing file /home/airflow/.local/lib/python3.8/site-packages/airflow/example_dags/example_task_group.py for tasks to queue
[2024-03-11T22:14:00.525+0000] {logging_mixin.py:188} INFO - [2024-03-11T22:14:00.524+0000] {dagbag.py:540} INFO - Filling up the DagBag from /home/airflow/.local/lib/python3.8/site-packages/airflow/example_dags/example_task_group.py
[2024-03-11T22:14:00.534+0000] {processor.py:840} INFO - DAG(s) 'example_task_group' retrieved from /home/airflow/.local/lib/python3.8/site-packages/airflow/example_dags/example_task_group.py
[2024-03-11T22:14:00.557+0000] {logging_mixin.py:188} INFO - [2024-03-11T22:14:00.557+0000] {dag.py:3047} INFO - Sync 1 DAGs
[2024-03-11T22:14:00.589+0000] {logging_mixin.py:188} INFO - [2024-03-11T22:14:00.588+0000] {dag.py:3834} INFO - Setting next_dagrun for example_task_group to 2024-03-10 00:00:00+00:00, run_after=2024-03-11 00:00:00+00:00
[2024-03-11T22:14:00.632+0000] {processor.py:183} INFO - Processing /home/airflow/.local/lib/python3.8/site-packages/airflow/example_dags/example_task_group.py took 0.115 seconds
[2024-03-11T22:14:30.708+0000] {processor.py:161} INFO - Started process (PID=1104) to work on /home/airflow/.local/lib/python3.8/site-packages/airflow/example_dags/example_task_group.py
[2024-03-11T22:14:30.709+0000] {processor.py:830} INFO - Processing file /home/airflow/.local/lib/python3.8/site-packages/airflow/example_dags/example_task_group.py for tasks to queue
[2024-03-11T22:14:30.711+0000] {logging_mixin.py:188} INFO - [2024-03-11T22:14:30.711+0000] {dagbag.py:540} INFO - Filling up the DagBag from /home/airflow/.local/lib/python3.8/site-packages/airflow/example_dags/example_task_group.py
[2024-03-11T22:14:30.718+0000] {processor.py:840} INFO - DAG(s) 'example_task_group' retrieved from /home/airflow/.local/lib/python3.8/site-packages/airflow/example_dags/example_task_group.py
[2024-03-11T22:14:30.741+0000] {logging_mixin.py:188} INFO - [2024-03-11T22:14:30.740+0000] {dag.py:3047} INFO - Sync 1 DAGs
[2024-03-11T22:14:30.770+0000] {logging_mixin.py:188} INFO - [2024-03-11T22:14:30.769+0000] {dag.py:3834} INFO - Setting next_dagrun for example_task_group to 2024-03-10 00:00:00+00:00, run_after=2024-03-11 00:00:00+00:00
[2024-03-11T22:14:30.802+0000] {processor.py:183} INFO - Processing /home/airflow/.local/lib/python3.8/site-packages/airflow/example_dags/example_task_group.py took 0.097 seconds
[2024-03-11T22:15:00.995+0000] {processor.py:161} INFO - Started process (PID=1161) to work on /home/airflow/.local/lib/python3.8/site-packages/airflow/example_dags/example_task_group.py
[2024-03-11T22:15:00.996+0000] {processor.py:830} INFO - Processing file /home/airflow/.local/lib/python3.8/site-packages/airflow/example_dags/example_task_group.py for tasks to queue
[2024-03-11T22:15:00.998+0000] {logging_mixin.py:188} INFO - [2024-03-11T22:15:00.997+0000] {dagbag.py:540} INFO - Filling up the DagBag from /home/airflow/.local/lib/python3.8/site-packages/airflow/example_dags/example_task_group.py
[2024-03-11T22:15:01.009+0000] {processor.py:840} INFO - DAG(s) 'example_task_group' retrieved from /home/airflow/.local/lib/python3.8/site-packages/airflow/example_dags/example_task_group.py
[2024-03-11T22:15:01.040+0000] {logging_mixin.py:188} INFO - [2024-03-11T22:15:01.039+0000] {dag.py:3047} INFO - Sync 1 DAGs
[2024-03-11T22:15:01.075+0000] {logging_mixin.py:188} INFO - [2024-03-11T22:15:01.075+0000] {dag.py:3834} INFO - Setting next_dagrun for example_task_group to 2024-03-10 00:00:00+00:00, run_after=2024-03-11 00:00:00+00:00
[2024-03-11T22:15:01.105+0000] {processor.py:183} INFO - Processing /home/airflow/.local/lib/python3.8/site-packages/airflow/example_dags/example_task_group.py took 0.115 seconds
[2024-03-11T22:15:31.146+0000] {processor.py:161} INFO - Started process (PID=1218) to work on /home/airflow/.local/lib/python3.8/site-packages/airflow/example_dags/example_task_group.py
[2024-03-11T22:15:31.148+0000] {processor.py:830} INFO - Processing file /home/airflow/.local/lib/python3.8/site-packages/airflow/example_dags/example_task_group.py for tasks to queue
[2024-03-11T22:15:31.150+0000] {logging_mixin.py:188} INFO - [2024-03-11T22:15:31.150+0000] {dagbag.py:540} INFO - Filling up the DagBag from /home/airflow/.local/lib/python3.8/site-packages/airflow/example_dags/example_task_group.py
[2024-03-11T22:15:31.156+0000] {processor.py:840} INFO - DAG(s) 'example_task_group' retrieved from /home/airflow/.local/lib/python3.8/site-packages/airflow/example_dags/example_task_group.py
[2024-03-11T22:15:31.177+0000] {logging_mixin.py:188} INFO - [2024-03-11T22:15:31.177+0000] {dag.py:3047} INFO - Sync 1 DAGs
[2024-03-11T22:15:31.202+0000] {logging_mixin.py:188} INFO - [2024-03-11T22:15:31.201+0000] {dag.py:3834} INFO - Setting next_dagrun for example_task_group to 2024-03-10 00:00:00+00:00, run_after=2024-03-11 00:00:00+00:00
[2024-03-11T22:15:31.226+0000] {processor.py:183} INFO - Processing /home/airflow/.local/lib/python3.8/site-packages/airflow/example_dags/example_task_group.py took 0.084 seconds
[2024-03-11T22:16:01.352+0000] {processor.py:161} INFO - Started process (PID=1275) to work on /home/airflow/.local/lib/python3.8/site-packages/airflow/example_dags/example_task_group.py
[2024-03-11T22:16:01.353+0000] {processor.py:830} INFO - Processing file /home/airflow/.local/lib/python3.8/site-packages/airflow/example_dags/example_task_group.py for tasks to queue
[2024-03-11T22:16:01.354+0000] {logging_mixin.py:188} INFO - [2024-03-11T22:16:01.354+0000] {dagbag.py:540} INFO - Filling up the DagBag from /home/airflow/.local/lib/python3.8/site-packages/airflow/example_dags/example_task_group.py
[2024-03-11T22:16:01.360+0000] {processor.py:840} INFO - DAG(s) 'example_task_group' retrieved from /home/airflow/.local/lib/python3.8/site-packages/airflow/example_dags/example_task_group.py
[2024-03-11T22:16:01.382+0000] {logging_mixin.py:188} INFO - [2024-03-11T22:16:01.382+0000] {dag.py:3047} INFO - Sync 1 DAGs
[2024-03-11T22:16:01.404+0000] {logging_mixin.py:188} INFO - [2024-03-11T22:16:01.404+0000] {dag.py:3834} INFO - Setting next_dagrun for example_task_group to 2024-03-10 00:00:00+00:00, run_after=2024-03-11 00:00:00+00:00
[2024-03-11T22:16:01.429+0000] {processor.py:183} INFO - Processing /home/airflow/.local/lib/python3.8/site-packages/airflow/example_dags/example_task_group.py took 0.080 seconds
[2024-03-11T22:16:32.134+0000] {processor.py:161} INFO - Started process (PID=1332) to work on /home/airflow/.local/lib/python3.8/site-packages/airflow/example_dags/example_task_group.py
[2024-03-11T22:16:32.136+0000] {processor.py:830} INFO - Processing file /home/airflow/.local/lib/python3.8/site-packages/airflow/example_dags/example_task_group.py for tasks to queue
[2024-03-11T22:16:32.137+0000] {logging_mixin.py:188} INFO - [2024-03-11T22:16:32.137+0000] {dagbag.py:540} INFO - Filling up the DagBag from /home/airflow/.local/lib/python3.8/site-packages/airflow/example_dags/example_task_group.py
[2024-03-11T22:16:32.145+0000] {processor.py:840} INFO - DAG(s) 'example_task_group' retrieved from /home/airflow/.local/lib/python3.8/site-packages/airflow/example_dags/example_task_group.py
[2024-03-11T22:16:32.169+0000] {logging_mixin.py:188} INFO - [2024-03-11T22:16:32.168+0000] {dag.py:3047} INFO - Sync 1 DAGs
[2024-03-11T22:16:32.195+0000] {logging_mixin.py:188} INFO - [2024-03-11T22:16:32.195+0000] {dag.py:3834} INFO - Setting next_dagrun for example_task_group to 2024-03-10 00:00:00+00:00, run_after=2024-03-11 00:00:00+00:00
[2024-03-11T22:16:32.220+0000] {processor.py:183} INFO - Processing /home/airflow/.local/lib/python3.8/site-packages/airflow/example_dags/example_task_group.py took 0.088 seconds
[2024-03-11T22:17:02.496+0000] {processor.py:161} INFO - Started process (PID=1389) to work on /home/airflow/.local/lib/python3.8/site-packages/airflow/example_dags/example_task_group.py
[2024-03-11T22:17:02.497+0000] {processor.py:830} INFO - Processing file /home/airflow/.local/lib/python3.8/site-packages/airflow/example_dags/example_task_group.py for tasks to queue
[2024-03-11T22:17:02.499+0000] {logging_mixin.py:188} INFO - [2024-03-11T22:17:02.498+0000] {dagbag.py:540} INFO - Filling up the DagBag from /home/airflow/.local/lib/python3.8/site-packages/airflow/example_dags/example_task_group.py
[2024-03-11T22:17:02.505+0000] {processor.py:840} INFO - DAG(s) 'example_task_group' retrieved from /home/airflow/.local/lib/python3.8/site-packages/airflow/example_dags/example_task_group.py
[2024-03-11T22:17:02.527+0000] {logging_mixin.py:188} INFO - [2024-03-11T22:17:02.527+0000] {dag.py:3047} INFO - Sync 1 DAGs
[2024-03-11T22:17:02.550+0000] {logging_mixin.py:188} INFO - [2024-03-11T22:17:02.550+0000] {dag.py:3834} INFO - Setting next_dagrun for example_task_group to 2024-03-10 00:00:00+00:00, run_after=2024-03-11 00:00:00+00:00
[2024-03-11T22:17:02.575+0000] {processor.py:183} INFO - Processing /home/airflow/.local/lib/python3.8/site-packages/airflow/example_dags/example_task_group.py took 0.082 seconds
