[2024-03-11T22:02:07.934+0000] {processor.py:161} INFO - Started process (PID=66) to work on /home/airflow/.local/lib/python3.8/site-packages/airflow/example_dags/example_branch_labels.py
[2024-03-11T22:02:07.940+0000] {processor.py:830} INFO - Processing file /home/airflow/.local/lib/python3.8/site-packages/airflow/example_dags/example_branch_labels.py for tasks to queue
[2024-03-11T22:02:07.954+0000] {logging_mixin.py:188} INFO - [2024-03-11T22:02:07.953+0000] {dagbag.py:540} INFO - Filling up the DagBag from /home/airflow/.local/lib/python3.8/site-packages/airflow/example_dags/example_branch_labels.py
[2024-03-11T22:02:08.039+0000] {processor.py:840} INFO - DAG(s) 'example_branch_labels' retrieved from /home/airflow/.local/lib/python3.8/site-packages/airflow/example_dags/example_branch_labels.py
[2024-03-11T22:02:08.332+0000] {logging_mixin.py:188} INFO - [2024-03-11T22:02:08.331+0000] {dag.py:3047} INFO - Sync 1 DAGs
[2024-03-11T22:02:08.392+0000] {logging_mixin.py:188} INFO - [2024-03-11T22:02:08.392+0000] {dag.py:3834} INFO - Setting next_dagrun for example_branch_labels to 2024-03-10 00:00:00+00:00, run_after=2024-03-11 00:00:00+00:00
[2024-03-11T22:02:08.605+0000] {processor.py:183} INFO - Processing /home/airflow/.local/lib/python3.8/site-packages/airflow/example_dags/example_branch_labels.py took 0.716 seconds
[2024-03-11T22:02:39.293+0000] {processor.py:161} INFO - Started process (PID=123) to work on /home/airflow/.local/lib/python3.8/site-packages/airflow/example_dags/example_branch_labels.py
[2024-03-11T22:02:39.294+0000] {processor.py:830} INFO - Processing file /home/airflow/.local/lib/python3.8/site-packages/airflow/example_dags/example_branch_labels.py for tasks to queue
[2024-03-11T22:02:39.296+0000] {logging_mixin.py:188} INFO - [2024-03-11T22:02:39.296+0000] {dagbag.py:540} INFO - Filling up the DagBag from /home/airflow/.local/lib/python3.8/site-packages/airflow/example_dags/example_branch_labels.py
[2024-03-11T22:02:39.306+0000] {processor.py:840} INFO - DAG(s) 'example_branch_labels' retrieved from /home/airflow/.local/lib/python3.8/site-packages/airflow/example_dags/example_branch_labels.py
[2024-03-11T22:02:39.687+0000] {logging_mixin.py:188} INFO - [2024-03-11T22:02:39.687+0000] {dag.py:3047} INFO - Sync 1 DAGs
[2024-03-11T22:02:39.746+0000] {logging_mixin.py:188} INFO - [2024-03-11T22:02:39.746+0000] {dag.py:3834} INFO - Setting next_dagrun for example_branch_labels to 2024-03-10 00:00:00+00:00, run_after=2024-03-11 00:00:00+00:00
[2024-03-11T22:02:39.908+0000] {processor.py:183} INFO - Processing /home/airflow/.local/lib/python3.8/site-packages/airflow/example_dags/example_branch_labels.py took 0.618 seconds
[2024-03-11T22:03:10.878+0000] {processor.py:161} INFO - Started process (PID=180) to work on /home/airflow/.local/lib/python3.8/site-packages/airflow/example_dags/example_branch_labels.py
[2024-03-11T22:05:17.504+0000] {processor.py:161} INFO - Started process (PID=59) to work on /home/airflow/.local/lib/python3.8/site-packages/airflow/example_dags/example_branch_labels.py
[2024-03-11T22:05:17.505+0000] {processor.py:830} INFO - Processing file /home/airflow/.local/lib/python3.8/site-packages/airflow/example_dags/example_branch_labels.py for tasks to queue
[2024-03-11T22:05:17.507+0000] {logging_mixin.py:188} INFO - [2024-03-11T22:05:17.507+0000] {dagbag.py:540} INFO - Filling up the DagBag from /home/airflow/.local/lib/python3.8/site-packages/airflow/example_dags/example_branch_labels.py
[2024-03-11T22:05:17.515+0000] {processor.py:840} INFO - DAG(s) 'example_branch_labels' retrieved from /home/airflow/.local/lib/python3.8/site-packages/airflow/example_dags/example_branch_labels.py
[2024-03-11T22:05:17.638+0000] {logging_mixin.py:188} INFO - [2024-03-11T22:05:17.637+0000] {dag.py:3047} INFO - Sync 1 DAGs
[2024-03-11T22:05:17.684+0000] {logging_mixin.py:188} INFO - [2024-03-11T22:05:17.684+0000] {dag.py:3834} INFO - Setting next_dagrun for example_branch_labels to 2024-03-10 00:00:00+00:00, run_after=2024-03-11 00:00:00+00:00
[2024-03-11T22:05:17.730+0000] {processor.py:183} INFO - Processing /home/airflow/.local/lib/python3.8/site-packages/airflow/example_dags/example_branch_labels.py took 0.229 seconds
[2024-03-11T22:05:47.756+0000] {processor.py:161} INFO - Started process (PID=116) to work on /home/airflow/.local/lib/python3.8/site-packages/airflow/example_dags/example_branch_labels.py
[2024-03-11T22:05:47.757+0000] {processor.py:830} INFO - Processing file /home/airflow/.local/lib/python3.8/site-packages/airflow/example_dags/example_branch_labels.py for tasks to queue
[2024-03-11T22:05:47.759+0000] {logging_mixin.py:188} INFO - [2024-03-11T22:05:47.758+0000] {dagbag.py:540} INFO - Filling up the DagBag from /home/airflow/.local/lib/python3.8/site-packages/airflow/example_dags/example_branch_labels.py
[2024-03-11T22:05:47.765+0000] {processor.py:840} INFO - DAG(s) 'example_branch_labels' retrieved from /home/airflow/.local/lib/python3.8/site-packages/airflow/example_dags/example_branch_labels.py
[2024-03-11T22:05:47.786+0000] {logging_mixin.py:188} INFO - [2024-03-11T22:05:47.786+0000] {dag.py:3047} INFO - Sync 1 DAGs
[2024-03-11T22:05:47.810+0000] {logging_mixin.py:188} INFO - [2024-03-11T22:05:47.809+0000] {dag.py:3834} INFO - Setting next_dagrun for example_branch_labels to 2024-03-10 00:00:00+00:00, run_after=2024-03-11 00:00:00+00:00
[2024-03-11T22:05:47.831+0000] {processor.py:183} INFO - Processing /home/airflow/.local/lib/python3.8/site-packages/airflow/example_dags/example_branch_labels.py took 0.078 seconds
[2024-03-11T22:06:18.150+0000] {processor.py:161} INFO - Started process (PID=173) to work on /home/airflow/.local/lib/python3.8/site-packages/airflow/example_dags/example_branch_labels.py
[2024-03-11T22:06:18.152+0000] {processor.py:830} INFO - Processing file /home/airflow/.local/lib/python3.8/site-packages/airflow/example_dags/example_branch_labels.py for tasks to queue
[2024-03-11T22:06:18.155+0000] {logging_mixin.py:188} INFO - [2024-03-11T22:06:18.154+0000] {dagbag.py:540} INFO - Filling up the DagBag from /home/airflow/.local/lib/python3.8/site-packages/airflow/example_dags/example_branch_labels.py
[2024-03-11T22:06:18.165+0000] {processor.py:840} INFO - DAG(s) 'example_branch_labels' retrieved from /home/airflow/.local/lib/python3.8/site-packages/airflow/example_dags/example_branch_labels.py
[2024-03-11T22:06:18.198+0000] {logging_mixin.py:188} INFO - [2024-03-11T22:06:18.198+0000] {dag.py:3047} INFO - Sync 1 DAGs
[2024-03-11T22:06:18.231+0000] {logging_mixin.py:188} INFO - [2024-03-11T22:06:18.231+0000] {dag.py:3834} INFO - Setting next_dagrun for example_branch_labels to 2024-03-10 00:00:00+00:00, run_after=2024-03-11 00:00:00+00:00
[2024-03-11T22:06:18.262+0000] {processor.py:183} INFO - Processing /home/airflow/.local/lib/python3.8/site-packages/airflow/example_dags/example_branch_labels.py took 0.116 seconds
[2024-03-11T22:06:48.294+0000] {processor.py:161} INFO - Started process (PID=230) to work on /home/airflow/.local/lib/python3.8/site-packages/airflow/example_dags/example_branch_labels.py
[2024-03-11T22:06:48.295+0000] {processor.py:830} INFO - Processing file /home/airflow/.local/lib/python3.8/site-packages/airflow/example_dags/example_branch_labels.py for tasks to queue
[2024-03-11T22:06:48.297+0000] {logging_mixin.py:188} INFO - [2024-03-11T22:06:48.297+0000] {dagbag.py:540} INFO - Filling up the DagBag from /home/airflow/.local/lib/python3.8/site-packages/airflow/example_dags/example_branch_labels.py
[2024-03-11T22:06:48.304+0000] {processor.py:840} INFO - DAG(s) 'example_branch_labels' retrieved from /home/airflow/.local/lib/python3.8/site-packages/airflow/example_dags/example_branch_labels.py
[2024-03-11T22:06:48.325+0000] {logging_mixin.py:188} INFO - [2024-03-11T22:06:48.325+0000] {dag.py:3047} INFO - Sync 1 DAGs
[2024-03-11T22:06:48.346+0000] {logging_mixin.py:188} INFO - [2024-03-11T22:06:48.346+0000] {dag.py:3834} INFO - Setting next_dagrun for example_branch_labels to 2024-03-10 00:00:00+00:00, run_after=2024-03-11 00:00:00+00:00
[2024-03-11T22:06:48.369+0000] {processor.py:183} INFO - Processing /home/airflow/.local/lib/python3.8/site-packages/airflow/example_dags/example_branch_labels.py took 0.078 seconds
[2024-03-11T22:07:18.456+0000] {processor.py:161} INFO - Started process (PID=287) to work on /home/airflow/.local/lib/python3.8/site-packages/airflow/example_dags/example_branch_labels.py
[2024-03-11T22:07:18.458+0000] {processor.py:830} INFO - Processing file /home/airflow/.local/lib/python3.8/site-packages/airflow/example_dags/example_branch_labels.py for tasks to queue
[2024-03-11T22:07:18.459+0000] {logging_mixin.py:188} INFO - [2024-03-11T22:07:18.459+0000] {dagbag.py:540} INFO - Filling up the DagBag from /home/airflow/.local/lib/python3.8/site-packages/airflow/example_dags/example_branch_labels.py
[2024-03-11T22:07:18.469+0000] {processor.py:840} INFO - DAG(s) 'example_branch_labels' retrieved from /home/airflow/.local/lib/python3.8/site-packages/airflow/example_dags/example_branch_labels.py
[2024-03-11T22:07:18.490+0000] {logging_mixin.py:188} INFO - [2024-03-11T22:07:18.490+0000] {dag.py:3047} INFO - Sync 1 DAGs
[2024-03-11T22:07:18.519+0000] {logging_mixin.py:188} INFO - [2024-03-11T22:07:18.519+0000] {dag.py:3834} INFO - Setting next_dagrun for example_branch_labels to 2024-03-10 00:00:00+00:00, run_after=2024-03-11 00:00:00+00:00
[2024-03-11T22:07:18.550+0000] {processor.py:183} INFO - Processing /home/airflow/.local/lib/python3.8/site-packages/airflow/example_dags/example_branch_labels.py took 0.096 seconds
[2024-03-11T22:07:48.676+0000] {processor.py:161} INFO - Started process (PID=344) to work on /home/airflow/.local/lib/python3.8/site-packages/airflow/example_dags/example_branch_labels.py
[2024-03-11T22:07:48.678+0000] {processor.py:830} INFO - Processing file /home/airflow/.local/lib/python3.8/site-packages/airflow/example_dags/example_branch_labels.py for tasks to queue
[2024-03-11T22:07:48.680+0000] {logging_mixin.py:188} INFO - [2024-03-11T22:07:48.679+0000] {dagbag.py:540} INFO - Filling up the DagBag from /home/airflow/.local/lib/python3.8/site-packages/airflow/example_dags/example_branch_labels.py
[2024-03-11T22:07:48.686+0000] {processor.py:840} INFO - DAG(s) 'example_branch_labels' retrieved from /home/airflow/.local/lib/python3.8/site-packages/airflow/example_dags/example_branch_labels.py
[2024-03-11T22:07:48.706+0000] {logging_mixin.py:188} INFO - [2024-03-11T22:07:48.706+0000] {dag.py:3047} INFO - Sync 1 DAGs
[2024-03-11T22:07:48.730+0000] {logging_mixin.py:188} INFO - [2024-03-11T22:07:48.729+0000] {dag.py:3834} INFO - Setting next_dagrun for example_branch_labels to 2024-03-10 00:00:00+00:00, run_after=2024-03-11 00:00:00+00:00
[2024-03-11T22:07:48.751+0000] {processor.py:183} INFO - Processing /home/airflow/.local/lib/python3.8/site-packages/airflow/example_dags/example_branch_labels.py took 0.077 seconds
[2024-03-11T22:08:19.535+0000] {processor.py:161} INFO - Started process (PID=401) to work on /home/airflow/.local/lib/python3.8/site-packages/airflow/example_dags/example_branch_labels.py
[2024-03-11T22:08:19.537+0000] {processor.py:830} INFO - Processing file /home/airflow/.local/lib/python3.8/site-packages/airflow/example_dags/example_branch_labels.py for tasks to queue
[2024-03-11T22:08:19.539+0000] {logging_mixin.py:188} INFO - [2024-03-11T22:08:19.539+0000] {dagbag.py:540} INFO - Filling up the DagBag from /home/airflow/.local/lib/python3.8/site-packages/airflow/example_dags/example_branch_labels.py
[2024-03-11T22:08:19.546+0000] {processor.py:840} INFO - DAG(s) 'example_branch_labels' retrieved from /home/airflow/.local/lib/python3.8/site-packages/airflow/example_dags/example_branch_labels.py
[2024-03-11T22:08:19.566+0000] {logging_mixin.py:188} INFO - [2024-03-11T22:08:19.566+0000] {dag.py:3047} INFO - Sync 1 DAGs
[2024-03-11T22:08:19.591+0000] {logging_mixin.py:188} INFO - [2024-03-11T22:08:19.591+0000] {dag.py:3834} INFO - Setting next_dagrun for example_branch_labels to 2024-03-10 00:00:00+00:00, run_after=2024-03-11 00:00:00+00:00
[2024-03-11T22:08:19.616+0000] {processor.py:183} INFO - Processing /home/airflow/.local/lib/python3.8/site-packages/airflow/example_dags/example_branch_labels.py took 0.084 seconds
[2024-03-11T22:08:50.404+0000] {processor.py:161} INFO - Started process (PID=458) to work on /home/airflow/.local/lib/python3.8/site-packages/airflow/example_dags/example_branch_labels.py
[2024-03-11T22:08:50.405+0000] {processor.py:830} INFO - Processing file /home/airflow/.local/lib/python3.8/site-packages/airflow/example_dags/example_branch_labels.py for tasks to queue
[2024-03-11T22:08:50.407+0000] {logging_mixin.py:188} INFO - [2024-03-11T22:08:50.406+0000] {dagbag.py:540} INFO - Filling up the DagBag from /home/airflow/.local/lib/python3.8/site-packages/airflow/example_dags/example_branch_labels.py
[2024-03-11T22:08:50.414+0000] {processor.py:840} INFO - DAG(s) 'example_branch_labels' retrieved from /home/airflow/.local/lib/python3.8/site-packages/airflow/example_dags/example_branch_labels.py
[2024-03-11T22:08:50.437+0000] {logging_mixin.py:188} INFO - [2024-03-11T22:08:50.437+0000] {dag.py:3047} INFO - Sync 1 DAGs
[2024-03-11T22:08:50.462+0000] {logging_mixin.py:188} INFO - [2024-03-11T22:08:50.461+0000] {dag.py:3834} INFO - Setting next_dagrun for example_branch_labels to 2024-03-10 00:00:00+00:00, run_after=2024-03-11 00:00:00+00:00
[2024-03-11T22:08:50.487+0000] {processor.py:183} INFO - Processing /home/airflow/.local/lib/python3.8/site-packages/airflow/example_dags/example_branch_labels.py took 0.086 seconds
[2024-03-11T22:09:21.390+0000] {processor.py:161} INFO - Started process (PID=515) to work on /home/airflow/.local/lib/python3.8/site-packages/airflow/example_dags/example_branch_labels.py
[2024-03-11T22:09:21.391+0000] {processor.py:830} INFO - Processing file /home/airflow/.local/lib/python3.8/site-packages/airflow/example_dags/example_branch_labels.py for tasks to queue
[2024-03-11T22:09:21.392+0000] {logging_mixin.py:188} INFO - [2024-03-11T22:09:21.392+0000] {dagbag.py:540} INFO - Filling up the DagBag from /home/airflow/.local/lib/python3.8/site-packages/airflow/example_dags/example_branch_labels.py
[2024-03-11T22:09:21.399+0000] {processor.py:840} INFO - DAG(s) 'example_branch_labels' retrieved from /home/airflow/.local/lib/python3.8/site-packages/airflow/example_dags/example_branch_labels.py
[2024-03-11T22:09:21.421+0000] {logging_mixin.py:188} INFO - [2024-03-11T22:09:21.421+0000] {dag.py:3047} INFO - Sync 1 DAGs
[2024-03-11T22:09:21.445+0000] {logging_mixin.py:188} INFO - [2024-03-11T22:09:21.445+0000] {dag.py:3834} INFO - Setting next_dagrun for example_branch_labels to 2024-03-10 00:00:00+00:00, run_after=2024-03-11 00:00:00+00:00
[2024-03-11T22:09:21.471+0000] {processor.py:183} INFO - Processing /home/airflow/.local/lib/python3.8/site-packages/airflow/example_dags/example_branch_labels.py took 0.084 seconds
[2024-03-11T22:09:51.647+0000] {processor.py:161} INFO - Started process (PID=572) to work on /home/airflow/.local/lib/python3.8/site-packages/airflow/example_dags/example_branch_labels.py
[2024-03-11T22:09:51.648+0000] {processor.py:830} INFO - Processing file /home/airflow/.local/lib/python3.8/site-packages/airflow/example_dags/example_branch_labels.py for tasks to queue
[2024-03-11T22:09:51.650+0000] {logging_mixin.py:188} INFO - [2024-03-11T22:09:51.650+0000] {dagbag.py:540} INFO - Filling up the DagBag from /home/airflow/.local/lib/python3.8/site-packages/airflow/example_dags/example_branch_labels.py
[2024-03-11T22:09:51.657+0000] {processor.py:840} INFO - DAG(s) 'example_branch_labels' retrieved from /home/airflow/.local/lib/python3.8/site-packages/airflow/example_dags/example_branch_labels.py
[2024-03-11T22:09:51.680+0000] {logging_mixin.py:188} INFO - [2024-03-11T22:09:51.679+0000] {dag.py:3047} INFO - Sync 1 DAGs
[2024-03-11T22:09:51.703+0000] {logging_mixin.py:188} INFO - [2024-03-11T22:09:51.703+0000] {dag.py:3834} INFO - Setting next_dagrun for example_branch_labels to 2024-03-10 00:00:00+00:00, run_after=2024-03-11 00:00:00+00:00
[2024-03-11T22:09:51.727+0000] {processor.py:183} INFO - Processing /home/airflow/.local/lib/python3.8/site-packages/airflow/example_dags/example_branch_labels.py took 0.083 seconds
[2024-03-11T22:10:22.028+0000] {processor.py:161} INFO - Started process (PID=629) to work on /home/airflow/.local/lib/python3.8/site-packages/airflow/example_dags/example_branch_labels.py
[2024-03-11T22:10:22.029+0000] {processor.py:830} INFO - Processing file /home/airflow/.local/lib/python3.8/site-packages/airflow/example_dags/example_branch_labels.py for tasks to queue
[2024-03-11T22:10:22.031+0000] {logging_mixin.py:188} INFO - [2024-03-11T22:10:22.031+0000] {dagbag.py:540} INFO - Filling up the DagBag from /home/airflow/.local/lib/python3.8/site-packages/airflow/example_dags/example_branch_labels.py
[2024-03-11T22:10:22.037+0000] {processor.py:840} INFO - DAG(s) 'example_branch_labels' retrieved from /home/airflow/.local/lib/python3.8/site-packages/airflow/example_dags/example_branch_labels.py
[2024-03-11T22:10:22.058+0000] {logging_mixin.py:188} INFO - [2024-03-11T22:10:22.058+0000] {dag.py:3047} INFO - Sync 1 DAGs
[2024-03-11T22:10:22.082+0000] {logging_mixin.py:188} INFO - [2024-03-11T22:10:22.081+0000] {dag.py:3834} INFO - Setting next_dagrun for example_branch_labels to 2024-03-10 00:00:00+00:00, run_after=2024-03-11 00:00:00+00:00
[2024-03-11T22:10:22.105+0000] {processor.py:183} INFO - Processing /home/airflow/.local/lib/python3.8/site-packages/airflow/example_dags/example_branch_labels.py took 0.080 seconds
[2024-03-11T22:10:52.380+0000] {processor.py:161} INFO - Started process (PID=686) to work on /home/airflow/.local/lib/python3.8/site-packages/airflow/example_dags/example_branch_labels.py
[2024-03-11T22:10:52.381+0000] {processor.py:830} INFO - Processing file /home/airflow/.local/lib/python3.8/site-packages/airflow/example_dags/example_branch_labels.py for tasks to queue
[2024-03-11T22:10:52.383+0000] {logging_mixin.py:188} INFO - [2024-03-11T22:10:52.383+0000] {dagbag.py:540} INFO - Filling up the DagBag from /home/airflow/.local/lib/python3.8/site-packages/airflow/example_dags/example_branch_labels.py
[2024-03-11T22:10:52.389+0000] {processor.py:840} INFO - DAG(s) 'example_branch_labels' retrieved from /home/airflow/.local/lib/python3.8/site-packages/airflow/example_dags/example_branch_labels.py
[2024-03-11T22:10:52.411+0000] {logging_mixin.py:188} INFO - [2024-03-11T22:10:52.410+0000] {dag.py:3047} INFO - Sync 1 DAGs
[2024-03-11T22:10:52.434+0000] {logging_mixin.py:188} INFO - [2024-03-11T22:10:52.434+0000] {dag.py:3834} INFO - Setting next_dagrun for example_branch_labels to 2024-03-10 00:00:00+00:00, run_after=2024-03-11 00:00:00+00:00
[2024-03-11T22:10:52.457+0000] {processor.py:183} INFO - Processing /home/airflow/.local/lib/python3.8/site-packages/airflow/example_dags/example_branch_labels.py took 0.080 seconds
[2024-03-11T22:11:22.729+0000] {processor.py:161} INFO - Started process (PID=743) to work on /home/airflow/.local/lib/python3.8/site-packages/airflow/example_dags/example_branch_labels.py
[2024-03-11T22:11:22.730+0000] {processor.py:830} INFO - Processing file /home/airflow/.local/lib/python3.8/site-packages/airflow/example_dags/example_branch_labels.py for tasks to queue
[2024-03-11T22:11:22.733+0000] {logging_mixin.py:188} INFO - [2024-03-11T22:11:22.733+0000] {dagbag.py:540} INFO - Filling up the DagBag from /home/airflow/.local/lib/python3.8/site-packages/airflow/example_dags/example_branch_labels.py
[2024-03-11T22:11:22.742+0000] {processor.py:840} INFO - DAG(s) 'example_branch_labels' retrieved from /home/airflow/.local/lib/python3.8/site-packages/airflow/example_dags/example_branch_labels.py
[2024-03-11T22:11:22.771+0000] {logging_mixin.py:188} INFO - [2024-03-11T22:11:22.770+0000] {dag.py:3047} INFO - Sync 1 DAGs
[2024-03-11T22:11:22.801+0000] {logging_mixin.py:188} INFO - [2024-03-11T22:11:22.800+0000] {dag.py:3834} INFO - Setting next_dagrun for example_branch_labels to 2024-03-10 00:00:00+00:00, run_after=2024-03-11 00:00:00+00:00
[2024-03-11T22:11:22.832+0000] {processor.py:183} INFO - Processing /home/airflow/.local/lib/python3.8/site-packages/airflow/example_dags/example_branch_labels.py took 0.111 seconds
[2024-03-11T22:11:53.360+0000] {processor.py:161} INFO - Started process (PID=800) to work on /home/airflow/.local/lib/python3.8/site-packages/airflow/example_dags/example_branch_labels.py
[2024-03-11T22:11:53.361+0000] {processor.py:830} INFO - Processing file /home/airflow/.local/lib/python3.8/site-packages/airflow/example_dags/example_branch_labels.py for tasks to queue
[2024-03-11T22:11:53.363+0000] {logging_mixin.py:188} INFO - [2024-03-11T22:11:53.363+0000] {dagbag.py:540} INFO - Filling up the DagBag from /home/airflow/.local/lib/python3.8/site-packages/airflow/example_dags/example_branch_labels.py
[2024-03-11T22:11:53.374+0000] {processor.py:840} INFO - DAG(s) 'example_branch_labels' retrieved from /home/airflow/.local/lib/python3.8/site-packages/airflow/example_dags/example_branch_labels.py
[2024-03-11T22:11:53.396+0000] {logging_mixin.py:188} INFO - [2024-03-11T22:11:53.396+0000] {dag.py:3047} INFO - Sync 1 DAGs
[2024-03-11T22:11:53.420+0000] {logging_mixin.py:188} INFO - [2024-03-11T22:11:53.419+0000] {dag.py:3834} INFO - Setting next_dagrun for example_branch_labels to 2024-03-10 00:00:00+00:00, run_after=2024-03-11 00:00:00+00:00
[2024-03-11T22:11:53.441+0000] {processor.py:183} INFO - Processing /home/airflow/.local/lib/python3.8/site-packages/airflow/example_dags/example_branch_labels.py took 0.086 seconds
[2024-03-11T22:12:23.705+0000] {processor.py:161} INFO - Started process (PID=857) to work on /home/airflow/.local/lib/python3.8/site-packages/airflow/example_dags/example_branch_labels.py
[2024-03-11T22:12:23.707+0000] {processor.py:830} INFO - Processing file /home/airflow/.local/lib/python3.8/site-packages/airflow/example_dags/example_branch_labels.py for tasks to queue
[2024-03-11T22:12:23.709+0000] {logging_mixin.py:188} INFO - [2024-03-11T22:12:23.709+0000] {dagbag.py:540} INFO - Filling up the DagBag from /home/airflow/.local/lib/python3.8/site-packages/airflow/example_dags/example_branch_labels.py
[2024-03-11T22:12:23.716+0000] {processor.py:840} INFO - DAG(s) 'example_branch_labels' retrieved from /home/airflow/.local/lib/python3.8/site-packages/airflow/example_dags/example_branch_labels.py
[2024-03-11T22:12:23.741+0000] {logging_mixin.py:188} INFO - [2024-03-11T22:12:23.741+0000] {dag.py:3047} INFO - Sync 1 DAGs
[2024-03-11T22:12:23.768+0000] {logging_mixin.py:188} INFO - [2024-03-11T22:12:23.767+0000] {dag.py:3834} INFO - Setting next_dagrun for example_branch_labels to 2024-03-10 00:00:00+00:00, run_after=2024-03-11 00:00:00+00:00
[2024-03-11T22:12:23.796+0000] {processor.py:183} INFO - Processing /home/airflow/.local/lib/python3.8/site-packages/airflow/example_dags/example_branch_labels.py took 0.095 seconds
[2024-03-11T22:12:54.392+0000] {processor.py:161} INFO - Started process (PID=914) to work on /home/airflow/.local/lib/python3.8/site-packages/airflow/example_dags/example_branch_labels.py
[2024-03-11T22:12:54.394+0000] {processor.py:830} INFO - Processing file /home/airflow/.local/lib/python3.8/site-packages/airflow/example_dags/example_branch_labels.py for tasks to queue
[2024-03-11T22:12:54.396+0000] {logging_mixin.py:188} INFO - [2024-03-11T22:12:54.396+0000] {dagbag.py:540} INFO - Filling up the DagBag from /home/airflow/.local/lib/python3.8/site-packages/airflow/example_dags/example_branch_labels.py
[2024-03-11T22:12:54.406+0000] {processor.py:840} INFO - DAG(s) 'example_branch_labels' retrieved from /home/airflow/.local/lib/python3.8/site-packages/airflow/example_dags/example_branch_labels.py
[2024-03-11T22:12:54.436+0000] {logging_mixin.py:188} INFO - [2024-03-11T22:12:54.436+0000] {dag.py:3047} INFO - Sync 1 DAGs
[2024-03-11T22:12:54.464+0000] {logging_mixin.py:188} INFO - [2024-03-11T22:12:54.463+0000] {dag.py:3834} INFO - Setting next_dagrun for example_branch_labels to 2024-03-10 00:00:00+00:00, run_after=2024-03-11 00:00:00+00:00
[2024-03-11T22:12:54.493+0000] {processor.py:183} INFO - Processing /home/airflow/.local/lib/python3.8/site-packages/airflow/example_dags/example_branch_labels.py took 0.104 seconds
[2024-03-11T22:13:25.491+0000] {processor.py:161} INFO - Started process (PID=971) to work on /home/airflow/.local/lib/python3.8/site-packages/airflow/example_dags/example_branch_labels.py
[2024-03-11T22:13:25.517+0000] {processor.py:830} INFO - Processing file /home/airflow/.local/lib/python3.8/site-packages/airflow/example_dags/example_branch_labels.py for tasks to queue
[2024-03-11T22:13:25.520+0000] {logging_mixin.py:188} INFO - [2024-03-11T22:13:25.519+0000] {dagbag.py:540} INFO - Filling up the DagBag from /home/airflow/.local/lib/python3.8/site-packages/airflow/example_dags/example_branch_labels.py
[2024-03-11T22:13:25.529+0000] {processor.py:840} INFO - DAG(s) 'example_branch_labels' retrieved from /home/airflow/.local/lib/python3.8/site-packages/airflow/example_dags/example_branch_labels.py
[2024-03-11T22:13:25.555+0000] {logging_mixin.py:188} INFO - [2024-03-11T22:13:25.555+0000] {dag.py:3047} INFO - Sync 1 DAGs
[2024-03-11T22:13:25.585+0000] {logging_mixin.py:188} INFO - [2024-03-11T22:13:25.584+0000] {dag.py:3834} INFO - Setting next_dagrun for example_branch_labels to 2024-03-10 00:00:00+00:00, run_after=2024-03-11 00:00:00+00:00
[2024-03-11T22:13:25.664+0000] {processor.py:183} INFO - Processing /home/airflow/.local/lib/python3.8/site-packages/airflow/example_dags/example_branch_labels.py took 0.178 seconds
[2024-03-11T22:13:55.804+0000] {processor.py:161} INFO - Started process (PID=1028) to work on /home/airflow/.local/lib/python3.8/site-packages/airflow/example_dags/example_branch_labels.py
[2024-03-11T22:13:55.805+0000] {processor.py:830} INFO - Processing file /home/airflow/.local/lib/python3.8/site-packages/airflow/example_dags/example_branch_labels.py for tasks to queue
[2024-03-11T22:13:55.807+0000] {logging_mixin.py:188} INFO - [2024-03-11T22:13:55.807+0000] {dagbag.py:540} INFO - Filling up the DagBag from /home/airflow/.local/lib/python3.8/site-packages/airflow/example_dags/example_branch_labels.py
[2024-03-11T22:13:55.816+0000] {processor.py:840} INFO - DAG(s) 'example_branch_labels' retrieved from /home/airflow/.local/lib/python3.8/site-packages/airflow/example_dags/example_branch_labels.py
[2024-03-11T22:13:55.838+0000] {logging_mixin.py:188} INFO - [2024-03-11T22:13:55.838+0000] {dag.py:3047} INFO - Sync 1 DAGs
[2024-03-11T22:13:55.862+0000] {logging_mixin.py:188} INFO - [2024-03-11T22:13:55.862+0000] {dag.py:3834} INFO - Setting next_dagrun for example_branch_labels to 2024-03-10 00:00:00+00:00, run_after=2024-03-11 00:00:00+00:00
[2024-03-11T22:13:55.888+0000] {processor.py:183} INFO - Processing /home/airflow/.local/lib/python3.8/site-packages/airflow/example_dags/example_branch_labels.py took 0.088 seconds
[2024-03-11T22:14:26.044+0000] {processor.py:161} INFO - Started process (PID=1085) to work on /home/airflow/.local/lib/python3.8/site-packages/airflow/example_dags/example_branch_labels.py
[2024-03-11T22:14:26.045+0000] {processor.py:830} INFO - Processing file /home/airflow/.local/lib/python3.8/site-packages/airflow/example_dags/example_branch_labels.py for tasks to queue
[2024-03-11T22:14:26.046+0000] {logging_mixin.py:188} INFO - [2024-03-11T22:14:26.046+0000] {dagbag.py:540} INFO - Filling up the DagBag from /home/airflow/.local/lib/python3.8/site-packages/airflow/example_dags/example_branch_labels.py
[2024-03-11T22:14:26.053+0000] {processor.py:840} INFO - DAG(s) 'example_branch_labels' retrieved from /home/airflow/.local/lib/python3.8/site-packages/airflow/example_dags/example_branch_labels.py
[2024-03-11T22:14:26.075+0000] {logging_mixin.py:188} INFO - [2024-03-11T22:14:26.075+0000] {dag.py:3047} INFO - Sync 1 DAGs
[2024-03-11T22:14:26.099+0000] {logging_mixin.py:188} INFO - [2024-03-11T22:14:26.099+0000] {dag.py:3834} INFO - Setting next_dagrun for example_branch_labels to 2024-03-10 00:00:00+00:00, run_after=2024-03-11 00:00:00+00:00
[2024-03-11T22:14:26.123+0000] {processor.py:183} INFO - Processing /home/airflow/.local/lib/python3.8/site-packages/airflow/example_dags/example_branch_labels.py took 0.082 seconds
[2024-03-11T22:14:57.259+0000] {processor.py:161} INFO - Started process (PID=1142) to work on /home/airflow/.local/lib/python3.8/site-packages/airflow/example_dags/example_branch_labels.py
[2024-03-11T22:14:57.261+0000] {processor.py:830} INFO - Processing file /home/airflow/.local/lib/python3.8/site-packages/airflow/example_dags/example_branch_labels.py for tasks to queue
[2024-03-11T22:14:57.263+0000] {logging_mixin.py:188} INFO - [2024-03-11T22:14:57.263+0000] {dagbag.py:540} INFO - Filling up the DagBag from /home/airflow/.local/lib/python3.8/site-packages/airflow/example_dags/example_branch_labels.py
[2024-03-11T22:14:57.275+0000] {processor.py:840} INFO - DAG(s) 'example_branch_labels' retrieved from /home/airflow/.local/lib/python3.8/site-packages/airflow/example_dags/example_branch_labels.py
[2024-03-11T22:14:57.297+0000] {logging_mixin.py:188} INFO - [2024-03-11T22:14:57.296+0000] {dag.py:3047} INFO - Sync 1 DAGs
[2024-03-11T22:14:57.320+0000] {logging_mixin.py:188} INFO - [2024-03-11T22:14:57.320+0000] {dag.py:3834} INFO - Setting next_dagrun for example_branch_labels to 2024-03-10 00:00:00+00:00, run_after=2024-03-11 00:00:00+00:00
[2024-03-11T22:14:57.344+0000] {processor.py:183} INFO - Processing /home/airflow/.local/lib/python3.8/site-packages/airflow/example_dags/example_branch_labels.py took 0.089 seconds
[2024-03-11T22:15:28.376+0000] {processor.py:161} INFO - Started process (PID=1199) to work on /home/airflow/.local/lib/python3.8/site-packages/airflow/example_dags/example_branch_labels.py
[2024-03-11T22:15:28.378+0000] {processor.py:830} INFO - Processing file /home/airflow/.local/lib/python3.8/site-packages/airflow/example_dags/example_branch_labels.py for tasks to queue
[2024-03-11T22:15:28.379+0000] {logging_mixin.py:188} INFO - [2024-03-11T22:15:28.379+0000] {dagbag.py:540} INFO - Filling up the DagBag from /home/airflow/.local/lib/python3.8/site-packages/airflow/example_dags/example_branch_labels.py
[2024-03-11T22:15:28.388+0000] {processor.py:840} INFO - DAG(s) 'example_branch_labels' retrieved from /home/airflow/.local/lib/python3.8/site-packages/airflow/example_dags/example_branch_labels.py
[2024-03-11T22:15:28.410+0000] {logging_mixin.py:188} INFO - [2024-03-11T22:15:28.409+0000] {dag.py:3047} INFO - Sync 1 DAGs
[2024-03-11T22:15:28.437+0000] {logging_mixin.py:188} INFO - [2024-03-11T22:15:28.437+0000] {dag.py:3834} INFO - Setting next_dagrun for example_branch_labels to 2024-03-10 00:00:00+00:00, run_after=2024-03-11 00:00:00+00:00
[2024-03-11T22:15:28.463+0000] {processor.py:183} INFO - Processing /home/airflow/.local/lib/python3.8/site-packages/airflow/example_dags/example_branch_labels.py took 0.090 seconds
[2024-03-11T22:15:58.496+0000] {processor.py:161} INFO - Started process (PID=1254) to work on /home/airflow/.local/lib/python3.8/site-packages/airflow/example_dags/example_branch_labels.py
[2024-03-11T22:15:58.497+0000] {processor.py:830} INFO - Processing file /home/airflow/.local/lib/python3.8/site-packages/airflow/example_dags/example_branch_labels.py for tasks to queue
[2024-03-11T22:15:58.498+0000] {logging_mixin.py:188} INFO - [2024-03-11T22:15:58.498+0000] {dagbag.py:540} INFO - Filling up the DagBag from /home/airflow/.local/lib/python3.8/site-packages/airflow/example_dags/example_branch_labels.py
[2024-03-11T22:15:58.505+0000] {processor.py:840} INFO - DAG(s) 'example_branch_labels' retrieved from /home/airflow/.local/lib/python3.8/site-packages/airflow/example_dags/example_branch_labels.py
[2024-03-11T22:15:58.525+0000] {logging_mixin.py:188} INFO - [2024-03-11T22:15:58.525+0000] {dag.py:3047} INFO - Sync 1 DAGs
[2024-03-11T22:15:58.546+0000] {logging_mixin.py:188} INFO - [2024-03-11T22:15:58.546+0000] {dag.py:3834} INFO - Setting next_dagrun for example_branch_labels to 2024-03-10 00:00:00+00:00, run_after=2024-03-11 00:00:00+00:00
[2024-03-11T22:15:58.568+0000] {processor.py:183} INFO - Processing /home/airflow/.local/lib/python3.8/site-packages/airflow/example_dags/example_branch_labels.py took 0.075 seconds
[2024-03-11T22:16:29.345+0000] {processor.py:161} INFO - Started process (PID=1319) to work on /home/airflow/.local/lib/python3.8/site-packages/airflow/example_dags/example_branch_labels.py
[2024-03-11T22:16:29.346+0000] {processor.py:830} INFO - Processing file /home/airflow/.local/lib/python3.8/site-packages/airflow/example_dags/example_branch_labels.py for tasks to queue
[2024-03-11T22:16:29.349+0000] {logging_mixin.py:188} INFO - [2024-03-11T22:16:29.348+0000] {dagbag.py:540} INFO - Filling up the DagBag from /home/airflow/.local/lib/python3.8/site-packages/airflow/example_dags/example_branch_labels.py
[2024-03-11T22:16:29.356+0000] {processor.py:840} INFO - DAG(s) 'example_branch_labels' retrieved from /home/airflow/.local/lib/python3.8/site-packages/airflow/example_dags/example_branch_labels.py
[2024-03-11T22:16:29.381+0000] {logging_mixin.py:188} INFO - [2024-03-11T22:16:29.381+0000] {dag.py:3047} INFO - Sync 1 DAGs
[2024-03-11T22:16:29.407+0000] {logging_mixin.py:188} INFO - [2024-03-11T22:16:29.407+0000] {dag.py:3834} INFO - Setting next_dagrun for example_branch_labels to 2024-03-10 00:00:00+00:00, run_after=2024-03-11 00:00:00+00:00
[2024-03-11T22:16:29.441+0000] {processor.py:183} INFO - Processing /home/airflow/.local/lib/python3.8/site-packages/airflow/example_dags/example_branch_labels.py took 0.100 seconds
[2024-03-11T22:16:59.605+0000] {processor.py:161} INFO - Started process (PID=1374) to work on /home/airflow/.local/lib/python3.8/site-packages/airflow/example_dags/example_branch_labels.py
[2024-03-11T22:16:59.606+0000] {processor.py:830} INFO - Processing file /home/airflow/.local/lib/python3.8/site-packages/airflow/example_dags/example_branch_labels.py for tasks to queue
[2024-03-11T22:16:59.608+0000] {logging_mixin.py:188} INFO - [2024-03-11T22:16:59.608+0000] {dagbag.py:540} INFO - Filling up the DagBag from /home/airflow/.local/lib/python3.8/site-packages/airflow/example_dags/example_branch_labels.py
[2024-03-11T22:16:59.615+0000] {processor.py:840} INFO - DAG(s) 'example_branch_labels' retrieved from /home/airflow/.local/lib/python3.8/site-packages/airflow/example_dags/example_branch_labels.py
[2024-03-11T22:16:59.639+0000] {logging_mixin.py:188} INFO - [2024-03-11T22:16:59.639+0000] {dag.py:3047} INFO - Sync 1 DAGs
[2024-03-11T22:16:59.666+0000] {logging_mixin.py:188} INFO - [2024-03-11T22:16:59.666+0000] {dag.py:3834} INFO - Setting next_dagrun for example_branch_labels to 2024-03-10 00:00:00+00:00, run_after=2024-03-11 00:00:00+00:00
[2024-03-11T22:16:59.696+0000] {processor.py:183} INFO - Processing /home/airflow/.local/lib/python3.8/site-packages/airflow/example_dags/example_branch_labels.py took 0.095 seconds
