[2024-03-11T22:02:02.118+0000] {processor.py:161} INFO - Started process (PID=52) to work on /home/airflow/.local/lib/python3.8/site-packages/airflow/example_dags/example_subdag_operator.py
[2024-03-11T22:02:02.135+0000] {processor.py:830} INFO - Processing file /home/airflow/.local/lib/python3.8/site-packages/airflow/example_dags/example_subdag_operator.py for tasks to queue
[2024-03-11T22:02:02.151+0000] {logging_mixin.py:188} INFO - [2024-03-11T22:02:02.150+0000] {dagbag.py:540} INFO - Filling up the DagBag from /home/airflow/.local/lib/python3.8/site-packages/airflow/example_dags/example_subdag_operator.py
[2024-03-11T22:02:02.583+0000] {processor.py:840} INFO - DAG(s) 'example_subdag_operator.section-1', 'example_subdag_operator.section-2', 'example_subdag_operator' retrieved from /home/airflow/.local/lib/python3.8/site-packages/airflow/example_dags/example_subdag_operator.py
[2024-03-11T22:02:03.175+0000] {logging_mixin.py:188} INFO - [2024-03-11T22:02:03.174+0000] {dag.py:3047} INFO - Sync 3 DAGs
[2024-03-11T22:02:03.283+0000] {logging_mixin.py:188} INFO - [2024-03-11T22:02:03.282+0000] {dag.py:3834} INFO - Setting next_dagrun for example_subdag_operator to 2022-01-01 00:00:00+00:00, run_after=2022-01-01 00:00:00+00:00
[2024-03-11T22:02:03.288+0000] {logging_mixin.py:188} INFO - [2024-03-11T22:02:03.288+0000] {dag.py:3834} INFO - Setting next_dagrun for example_subdag_operator.section-1 to None, run_after=None
[2024-03-11T22:02:03.291+0000] {logging_mixin.py:188} INFO - [2024-03-11T22:02:03.291+0000] {dag.py:3834} INFO - Setting next_dagrun for example_subdag_operator.section-2 to None, run_after=None
[2024-03-11T22:02:03.354+0000] {logging_mixin.py:188} INFO - [2024-03-11T22:02:03.354+0000] {dag.py:3047} INFO - Sync 2 DAGs
[2024-03-11T22:02:03.368+0000] {logging_mixin.py:188} INFO - [2024-03-11T22:02:03.368+0000] {dag.py:3834} INFO - Setting next_dagrun for example_subdag_operator.section-1 to None, run_after=None
[2024-03-11T22:02:03.369+0000] {logging_mixin.py:188} INFO - [2024-03-11T22:02:03.369+0000] {dag.py:3834} INFO - Setting next_dagrun for example_subdag_operator.section-2 to None, run_after=None
[2024-03-11T22:02:03.398+0000] {processor.py:183} INFO - Processing /home/airflow/.local/lib/python3.8/site-packages/airflow/example_dags/example_subdag_operator.py took 1.312 seconds
[2024-03-11T22:02:33.792+0000] {processor.py:161} INFO - Started process (PID=109) to work on /home/airflow/.local/lib/python3.8/site-packages/airflow/example_dags/example_subdag_operator.py
[2024-03-11T22:02:33.796+0000] {processor.py:830} INFO - Processing file /home/airflow/.local/lib/python3.8/site-packages/airflow/example_dags/example_subdag_operator.py for tasks to queue
[2024-03-11T22:02:33.800+0000] {logging_mixin.py:188} INFO - [2024-03-11T22:02:33.800+0000] {dagbag.py:540} INFO - Filling up the DagBag from /home/airflow/.local/lib/python3.8/site-packages/airflow/example_dags/example_subdag_operator.py
[2024-03-11T22:02:33.852+0000] {processor.py:840} INFO - DAG(s) 'example_subdag_operator.section-1', 'example_subdag_operator.section-2', 'example_subdag_operator' retrieved from /home/airflow/.local/lib/python3.8/site-packages/airflow/example_dags/example_subdag_operator.py
[2024-03-11T22:02:33.880+0000] {logging_mixin.py:188} INFO - [2024-03-11T22:02:33.880+0000] {dag.py:3047} INFO - Sync 3 DAGs
[2024-03-11T22:02:33.916+0000] {logging_mixin.py:188} INFO - [2024-03-11T22:02:33.916+0000] {dag.py:3834} INFO - Setting next_dagrun for example_subdag_operator to 2022-01-01 00:00:00+00:00, run_after=2022-01-01 00:00:00+00:00
[2024-03-11T22:02:33.921+0000] {logging_mixin.py:188} INFO - [2024-03-11T22:02:33.921+0000] {dag.py:3834} INFO - Setting next_dagrun for example_subdag_operator.section-1 to None, run_after=None
[2024-03-11T22:02:33.923+0000] {logging_mixin.py:188} INFO - [2024-03-11T22:02:33.923+0000] {dag.py:3834} INFO - Setting next_dagrun for example_subdag_operator.section-2 to None, run_after=None
[2024-03-11T22:02:33.933+0000] {logging_mixin.py:188} INFO - [2024-03-11T22:02:33.933+0000] {dag.py:3047} INFO - Sync 2 DAGs
[2024-03-11T22:02:33.942+0000] {logging_mixin.py:188} INFO - [2024-03-11T22:02:33.942+0000] {dag.py:3834} INFO - Setting next_dagrun for example_subdag_operator.section-1 to None, run_after=None
[2024-03-11T22:02:33.942+0000] {logging_mixin.py:188} INFO - [2024-03-11T22:02:33.942+0000] {dag.py:3834} INFO - Setting next_dagrun for example_subdag_operator.section-2 to None, run_after=None
[2024-03-11T22:02:33.964+0000] {processor.py:183} INFO - Processing /home/airflow/.local/lib/python3.8/site-packages/airflow/example_dags/example_subdag_operator.py took 0.177 seconds
[2024-03-11T22:03:04.866+0000] {processor.py:161} INFO - Started process (PID=166) to work on /home/airflow/.local/lib/python3.8/site-packages/airflow/example_dags/example_subdag_operator.py
[2024-03-11T22:03:04.868+0000] {processor.py:830} INFO - Processing file /home/airflow/.local/lib/python3.8/site-packages/airflow/example_dags/example_subdag_operator.py for tasks to queue
[2024-03-11T22:03:04.870+0000] {logging_mixin.py:188} INFO - [2024-03-11T22:03:04.870+0000] {dagbag.py:540} INFO - Filling up the DagBag from /home/airflow/.local/lib/python3.8/site-packages/airflow/example_dags/example_subdag_operator.py
[2024-03-11T22:03:04.907+0000] {processor.py:840} INFO - DAG(s) 'example_subdag_operator.section-1', 'example_subdag_operator.section-2', 'example_subdag_operator' retrieved from /home/airflow/.local/lib/python3.8/site-packages/airflow/example_dags/example_subdag_operator.py
[2024-03-11T22:03:04.931+0000] {logging_mixin.py:188} INFO - [2024-03-11T22:03:04.930+0000] {dag.py:3047} INFO - Sync 3 DAGs
[2024-03-11T22:03:04.964+0000] {logging_mixin.py:188} INFO - [2024-03-11T22:03:04.963+0000] {dag.py:3834} INFO - Setting next_dagrun for example_subdag_operator to 2022-01-01 00:00:00+00:00, run_after=2022-01-01 00:00:00+00:00
[2024-03-11T22:03:04.970+0000] {logging_mixin.py:188} INFO - [2024-03-11T22:03:04.969+0000] {dag.py:3834} INFO - Setting next_dagrun for example_subdag_operator.section-1 to None, run_after=None
[2024-03-11T22:03:04.973+0000] {logging_mixin.py:188} INFO - [2024-03-11T22:03:04.972+0000] {dag.py:3834} INFO - Setting next_dagrun for example_subdag_operator.section-2 to None, run_after=None
[2024-03-11T22:03:04.992+0000] {logging_mixin.py:188} INFO - [2024-03-11T22:03:04.991+0000] {dag.py:3047} INFO - Sync 2 DAGs
[2024-03-11T22:03:05.012+0000] {logging_mixin.py:188} INFO - [2024-03-11T22:03:05.011+0000] {dag.py:3834} INFO - Setting next_dagrun for example_subdag_operator.section-1 to None, run_after=None
[2024-03-11T22:03:05.013+0000] {logging_mixin.py:188} INFO - [2024-03-11T22:03:05.012+0000] {dag.py:3834} INFO - Setting next_dagrun for example_subdag_operator.section-2 to None, run_after=None
[2024-03-11T22:03:05.047+0000] {processor.py:183} INFO - Processing /home/airflow/.local/lib/python3.8/site-packages/airflow/example_dags/example_subdag_operator.py took 0.185 seconds
[2024-03-11T22:05:13.008+0000] {processor.py:161} INFO - Started process (PID=45) to work on /home/airflow/.local/lib/python3.8/site-packages/airflow/example_dags/example_subdag_operator.py
[2024-03-11T22:05:13.011+0000] {processor.py:830} INFO - Processing file /home/airflow/.local/lib/python3.8/site-packages/airflow/example_dags/example_subdag_operator.py for tasks to queue
[2024-03-11T22:05:13.013+0000] {logging_mixin.py:188} INFO - [2024-03-11T22:05:13.012+0000] {dagbag.py:540} INFO - Filling up the DagBag from /home/airflow/.local/lib/python3.8/site-packages/airflow/example_dags/example_subdag_operator.py
[2024-03-11T22:05:13.067+0000] {processor.py:840} INFO - DAG(s) 'example_subdag_operator.section-1', 'example_subdag_operator.section-2', 'example_subdag_operator' retrieved from /home/airflow/.local/lib/python3.8/site-packages/airflow/example_dags/example_subdag_operator.py
[2024-03-11T22:05:13.075+0000] {logging_mixin.py:188} INFO - [2024-03-11T22:05:13.075+0000] {dag.py:3047} INFO - Sync 3 DAGs
[2024-03-11T22:05:13.123+0000] {logging_mixin.py:188} INFO - [2024-03-11T22:05:13.122+0000] {dag.py:3834} INFO - Setting next_dagrun for example_subdag_operator to 2022-01-01 00:00:00+00:00, run_after=2022-01-01 00:00:00+00:00
[2024-03-11T22:05:13.134+0000] {logging_mixin.py:188} INFO - [2024-03-11T22:05:13.133+0000] {dag.py:3834} INFO - Setting next_dagrun for example_subdag_operator.section-1 to None, run_after=None
[2024-03-11T22:05:13.138+0000] {logging_mixin.py:188} INFO - [2024-03-11T22:05:13.138+0000] {dag.py:3834} INFO - Setting next_dagrun for example_subdag_operator.section-2 to None, run_after=None
[2024-03-11T22:05:13.159+0000] {logging_mixin.py:188} INFO - [2024-03-11T22:05:13.158+0000] {dag.py:3047} INFO - Sync 2 DAGs
[2024-03-11T22:05:13.171+0000] {logging_mixin.py:188} INFO - [2024-03-11T22:05:13.170+0000] {dag.py:3834} INFO - Setting next_dagrun for example_subdag_operator.section-1 to None, run_after=None
[2024-03-11T22:05:13.172+0000] {logging_mixin.py:188} INFO - [2024-03-11T22:05:13.171+0000] {dag.py:3834} INFO - Setting next_dagrun for example_subdag_operator.section-2 to None, run_after=None
[2024-03-11T22:05:13.211+0000] {processor.py:183} INFO - Processing /home/airflow/.local/lib/python3.8/site-packages/airflow/example_dags/example_subdag_operator.py took 0.207 seconds
[2024-03-11T22:05:43.740+0000] {processor.py:161} INFO - Started process (PID=102) to work on /home/airflow/.local/lib/python3.8/site-packages/airflow/example_dags/example_subdag_operator.py
[2024-03-11T22:05:43.742+0000] {processor.py:830} INFO - Processing file /home/airflow/.local/lib/python3.8/site-packages/airflow/example_dags/example_subdag_operator.py for tasks to queue
[2024-03-11T22:05:43.744+0000] {logging_mixin.py:188} INFO - [2024-03-11T22:05:43.744+0000] {dagbag.py:540} INFO - Filling up the DagBag from /home/airflow/.local/lib/python3.8/site-packages/airflow/example_dags/example_subdag_operator.py
[2024-03-11T22:05:43.776+0000] {processor.py:840} INFO - DAG(s) 'example_subdag_operator.section-1', 'example_subdag_operator.section-2', 'example_subdag_operator' retrieved from /home/airflow/.local/lib/python3.8/site-packages/airflow/example_dags/example_subdag_operator.py
[2024-03-11T22:05:43.877+0000] {logging_mixin.py:188} INFO - [2024-03-11T22:05:43.877+0000] {dag.py:3047} INFO - Sync 3 DAGs
[2024-03-11T22:05:43.901+0000] {logging_mixin.py:188} INFO - [2024-03-11T22:05:43.900+0000] {dag.py:3834} INFO - Setting next_dagrun for example_subdag_operator to 2022-01-01 00:00:00+00:00, run_after=2022-01-01 00:00:00+00:00
[2024-03-11T22:05:43.905+0000] {logging_mixin.py:188} INFO - [2024-03-11T22:05:43.904+0000] {dag.py:3834} INFO - Setting next_dagrun for example_subdag_operator.section-1 to None, run_after=None
[2024-03-11T22:05:43.907+0000] {logging_mixin.py:188} INFO - [2024-03-11T22:05:43.907+0000] {dag.py:3834} INFO - Setting next_dagrun for example_subdag_operator.section-2 to None, run_after=None
[2024-03-11T22:05:43.918+0000] {logging_mixin.py:188} INFO - [2024-03-11T22:05:43.918+0000] {dag.py:3047} INFO - Sync 2 DAGs
[2024-03-11T22:05:43.926+0000] {logging_mixin.py:188} INFO - [2024-03-11T22:05:43.925+0000] {dag.py:3834} INFO - Setting next_dagrun for example_subdag_operator.section-1 to None, run_after=None
[2024-03-11T22:05:43.926+0000] {logging_mixin.py:188} INFO - [2024-03-11T22:05:43.926+0000] {dag.py:3834} INFO - Setting next_dagrun for example_subdag_operator.section-2 to None, run_after=None
[2024-03-11T22:05:43.943+0000] {processor.py:183} INFO - Processing /home/airflow/.local/lib/python3.8/site-packages/airflow/example_dags/example_subdag_operator.py took 0.208 seconds
[2024-03-11T22:06:14.105+0000] {processor.py:161} INFO - Started process (PID=159) to work on /home/airflow/.local/lib/python3.8/site-packages/airflow/example_dags/example_subdag_operator.py
[2024-03-11T22:06:14.107+0000] {processor.py:830} INFO - Processing file /home/airflow/.local/lib/python3.8/site-packages/airflow/example_dags/example_subdag_operator.py for tasks to queue
[2024-03-11T22:06:14.108+0000] {logging_mixin.py:188} INFO - [2024-03-11T22:06:14.108+0000] {dagbag.py:540} INFO - Filling up the DagBag from /home/airflow/.local/lib/python3.8/site-packages/airflow/example_dags/example_subdag_operator.py
[2024-03-11T22:06:14.130+0000] {processor.py:840} INFO - DAG(s) 'example_subdag_operator.section-1', 'example_subdag_operator.section-2', 'example_subdag_operator' retrieved from /home/airflow/.local/lib/python3.8/site-packages/airflow/example_dags/example_subdag_operator.py
[2024-03-11T22:06:14.145+0000] {logging_mixin.py:188} INFO - [2024-03-11T22:06:14.145+0000] {dag.py:3047} INFO - Sync 3 DAGs
[2024-03-11T22:06:14.169+0000] {logging_mixin.py:188} INFO - [2024-03-11T22:06:14.169+0000] {dag.py:3834} INFO - Setting next_dagrun for example_subdag_operator to 2022-01-01 00:00:00+00:00, run_after=2022-01-01 00:00:00+00:00
[2024-03-11T22:06:14.172+0000] {logging_mixin.py:188} INFO - [2024-03-11T22:06:14.172+0000] {dag.py:3834} INFO - Setting next_dagrun for example_subdag_operator.section-1 to None, run_after=None
[2024-03-11T22:06:14.174+0000] {logging_mixin.py:188} INFO - [2024-03-11T22:06:14.173+0000] {dag.py:3834} INFO - Setting next_dagrun for example_subdag_operator.section-2 to None, run_after=None
[2024-03-11T22:06:14.182+0000] {logging_mixin.py:188} INFO - [2024-03-11T22:06:14.181+0000] {dag.py:3047} INFO - Sync 2 DAGs
[2024-03-11T22:06:14.187+0000] {logging_mixin.py:188} INFO - [2024-03-11T22:06:14.187+0000] {dag.py:3834} INFO - Setting next_dagrun for example_subdag_operator.section-1 to None, run_after=None
[2024-03-11T22:06:14.188+0000] {logging_mixin.py:188} INFO - [2024-03-11T22:06:14.188+0000] {dag.py:3834} INFO - Setting next_dagrun for example_subdag_operator.section-2 to None, run_after=None
[2024-03-11T22:06:14.209+0000] {processor.py:183} INFO - Processing /home/airflow/.local/lib/python3.8/site-packages/airflow/example_dags/example_subdag_operator.py took 0.107 seconds
[2024-03-11T22:06:44.366+0000] {processor.py:161} INFO - Started process (PID=216) to work on /home/airflow/.local/lib/python3.8/site-packages/airflow/example_dags/example_subdag_operator.py
[2024-03-11T22:06:44.367+0000] {processor.py:830} INFO - Processing file /home/airflow/.local/lib/python3.8/site-packages/airflow/example_dags/example_subdag_operator.py for tasks to queue
[2024-03-11T22:06:44.368+0000] {logging_mixin.py:188} INFO - [2024-03-11T22:06:44.368+0000] {dagbag.py:540} INFO - Filling up the DagBag from /home/airflow/.local/lib/python3.8/site-packages/airflow/example_dags/example_subdag_operator.py
[2024-03-11T22:06:44.393+0000] {processor.py:840} INFO - DAG(s) 'example_subdag_operator.section-1', 'example_subdag_operator.section-2', 'example_subdag_operator' retrieved from /home/airflow/.local/lib/python3.8/site-packages/airflow/example_dags/example_subdag_operator.py
[2024-03-11T22:06:44.407+0000] {logging_mixin.py:188} INFO - [2024-03-11T22:06:44.407+0000] {dag.py:3047} INFO - Sync 3 DAGs
[2024-03-11T22:06:44.430+0000] {logging_mixin.py:188} INFO - [2024-03-11T22:06:44.430+0000] {dag.py:3834} INFO - Setting next_dagrun for example_subdag_operator to 2022-01-01 00:00:00+00:00, run_after=2022-01-01 00:00:00+00:00
[2024-03-11T22:06:44.435+0000] {logging_mixin.py:188} INFO - [2024-03-11T22:06:44.434+0000] {dag.py:3834} INFO - Setting next_dagrun for example_subdag_operator.section-1 to None, run_after=None
[2024-03-11T22:06:44.436+0000] {logging_mixin.py:188} INFO - [2024-03-11T22:06:44.436+0000] {dag.py:3834} INFO - Setting next_dagrun for example_subdag_operator.section-2 to None, run_after=None
[2024-03-11T22:06:44.444+0000] {logging_mixin.py:188} INFO - [2024-03-11T22:06:44.444+0000] {dag.py:3047} INFO - Sync 2 DAGs
[2024-03-11T22:06:44.451+0000] {logging_mixin.py:188} INFO - [2024-03-11T22:06:44.450+0000] {dag.py:3834} INFO - Setting next_dagrun for example_subdag_operator.section-1 to None, run_after=None
[2024-03-11T22:06:44.451+0000] {logging_mixin.py:188} INFO - [2024-03-11T22:06:44.451+0000] {dag.py:3834} INFO - Setting next_dagrun for example_subdag_operator.section-2 to None, run_after=None
[2024-03-11T22:06:44.468+0000] {processor.py:183} INFO - Processing /home/airflow/.local/lib/python3.8/site-packages/airflow/example_dags/example_subdag_operator.py took 0.105 seconds
[2024-03-11T22:07:15.438+0000] {processor.py:161} INFO - Started process (PID=273) to work on /home/airflow/.local/lib/python3.8/site-packages/airflow/example_dags/example_subdag_operator.py
[2024-03-11T22:07:15.440+0000] {processor.py:830} INFO - Processing file /home/airflow/.local/lib/python3.8/site-packages/airflow/example_dags/example_subdag_operator.py for tasks to queue
[2024-03-11T22:07:15.441+0000] {logging_mixin.py:188} INFO - [2024-03-11T22:07:15.441+0000] {dagbag.py:540} INFO - Filling up the DagBag from /home/airflow/.local/lib/python3.8/site-packages/airflow/example_dags/example_subdag_operator.py
[2024-03-11T22:07:15.467+0000] {processor.py:840} INFO - DAG(s) 'example_subdag_operator.section-1', 'example_subdag_operator.section-2', 'example_subdag_operator' retrieved from /home/airflow/.local/lib/python3.8/site-packages/airflow/example_dags/example_subdag_operator.py
[2024-03-11T22:07:15.482+0000] {logging_mixin.py:188} INFO - [2024-03-11T22:07:15.481+0000] {dag.py:3047} INFO - Sync 3 DAGs
[2024-03-11T22:07:15.503+0000] {logging_mixin.py:188} INFO - [2024-03-11T22:07:15.503+0000] {dag.py:3834} INFO - Setting next_dagrun for example_subdag_operator to 2022-01-01 00:00:00+00:00, run_after=2022-01-01 00:00:00+00:00
[2024-03-11T22:07:15.507+0000] {logging_mixin.py:188} INFO - [2024-03-11T22:07:15.507+0000] {dag.py:3834} INFO - Setting next_dagrun for example_subdag_operator.section-1 to None, run_after=None
[2024-03-11T22:07:15.509+0000] {logging_mixin.py:188} INFO - [2024-03-11T22:07:15.509+0000] {dag.py:3834} INFO - Setting next_dagrun for example_subdag_operator.section-2 to None, run_after=None
[2024-03-11T22:07:15.517+0000] {logging_mixin.py:188} INFO - [2024-03-11T22:07:15.517+0000] {dag.py:3047} INFO - Sync 2 DAGs
[2024-03-11T22:07:15.524+0000] {logging_mixin.py:188} INFO - [2024-03-11T22:07:15.524+0000] {dag.py:3834} INFO - Setting next_dagrun for example_subdag_operator.section-1 to None, run_after=None
[2024-03-11T22:07:15.524+0000] {logging_mixin.py:188} INFO - [2024-03-11T22:07:15.524+0000] {dag.py:3834} INFO - Setting next_dagrun for example_subdag_operator.section-2 to None, run_after=None
[2024-03-11T22:07:15.540+0000] {processor.py:183} INFO - Processing /home/airflow/.local/lib/python3.8/site-packages/airflow/example_dags/example_subdag_operator.py took 0.104 seconds
[2024-03-11T22:07:45.759+0000] {processor.py:161} INFO - Started process (PID=330) to work on /home/airflow/.local/lib/python3.8/site-packages/airflow/example_dags/example_subdag_operator.py
[2024-03-11T22:07:45.761+0000] {processor.py:830} INFO - Processing file /home/airflow/.local/lib/python3.8/site-packages/airflow/example_dags/example_subdag_operator.py for tasks to queue
[2024-03-11T22:07:45.762+0000] {logging_mixin.py:188} INFO - [2024-03-11T22:07:45.762+0000] {dagbag.py:540} INFO - Filling up the DagBag from /home/airflow/.local/lib/python3.8/site-packages/airflow/example_dags/example_subdag_operator.py
[2024-03-11T22:07:45.787+0000] {processor.py:840} INFO - DAG(s) 'example_subdag_operator.section-1', 'example_subdag_operator.section-2', 'example_subdag_operator' retrieved from /home/airflow/.local/lib/python3.8/site-packages/airflow/example_dags/example_subdag_operator.py
[2024-03-11T22:07:45.803+0000] {logging_mixin.py:188} INFO - [2024-03-11T22:07:45.803+0000] {dag.py:3047} INFO - Sync 3 DAGs
[2024-03-11T22:07:45.826+0000] {logging_mixin.py:188} INFO - [2024-03-11T22:07:45.826+0000] {dag.py:3834} INFO - Setting next_dagrun for example_subdag_operator to 2022-01-01 00:00:00+00:00, run_after=2022-01-01 00:00:00+00:00
[2024-03-11T22:07:45.830+0000] {logging_mixin.py:188} INFO - [2024-03-11T22:07:45.830+0000] {dag.py:3834} INFO - Setting next_dagrun for example_subdag_operator.section-1 to None, run_after=None
[2024-03-11T22:07:45.831+0000] {logging_mixin.py:188} INFO - [2024-03-11T22:07:45.831+0000] {dag.py:3834} INFO - Setting next_dagrun for example_subdag_operator.section-2 to None, run_after=None
[2024-03-11T22:07:45.839+0000] {logging_mixin.py:188} INFO - [2024-03-11T22:07:45.839+0000] {dag.py:3047} INFO - Sync 2 DAGs
[2024-03-11T22:07:45.846+0000] {logging_mixin.py:188} INFO - [2024-03-11T22:07:45.845+0000] {dag.py:3834} INFO - Setting next_dagrun for example_subdag_operator.section-1 to None, run_after=None
[2024-03-11T22:07:45.846+0000] {logging_mixin.py:188} INFO - [2024-03-11T22:07:45.846+0000] {dag.py:3834} INFO - Setting next_dagrun for example_subdag_operator.section-2 to None, run_after=None
[2024-03-11T22:07:45.863+0000] {processor.py:183} INFO - Processing /home/airflow/.local/lib/python3.8/site-packages/airflow/example_dags/example_subdag_operator.py took 0.106 seconds
[2024-03-11T22:08:16.306+0000] {processor.py:161} INFO - Started process (PID=387) to work on /home/airflow/.local/lib/python3.8/site-packages/airflow/example_dags/example_subdag_operator.py
[2024-03-11T22:08:16.464+0000] {processor.py:830} INFO - Processing file /home/airflow/.local/lib/python3.8/site-packages/airflow/example_dags/example_subdag_operator.py for tasks to queue
[2024-03-11T22:08:16.475+0000] {logging_mixin.py:188} INFO - [2024-03-11T22:08:16.474+0000] {dagbag.py:540} INFO - Filling up the DagBag from /home/airflow/.local/lib/python3.8/site-packages/airflow/example_dags/example_subdag_operator.py
[2024-03-11T22:08:16.533+0000] {processor.py:840} INFO - DAG(s) 'example_subdag_operator.section-1', 'example_subdag_operator.section-2', 'example_subdag_operator' retrieved from /home/airflow/.local/lib/python3.8/site-packages/airflow/example_dags/example_subdag_operator.py
[2024-03-11T22:08:16.641+0000] {logging_mixin.py:188} INFO - [2024-03-11T22:08:16.640+0000] {dag.py:3047} INFO - Sync 3 DAGs
[2024-03-11T22:08:16.696+0000] {logging_mixin.py:188} INFO - [2024-03-11T22:08:16.696+0000] {dag.py:3834} INFO - Setting next_dagrun for example_subdag_operator to 2022-01-01 00:00:00+00:00, run_after=2022-01-01 00:00:00+00:00
[2024-03-11T22:08:16.706+0000] {logging_mixin.py:188} INFO - [2024-03-11T22:08:16.706+0000] {dag.py:3834} INFO - Setting next_dagrun for example_subdag_operator.section-1 to None, run_after=None
[2024-03-11T22:08:16.709+0000] {logging_mixin.py:188} INFO - [2024-03-11T22:08:16.709+0000] {dag.py:3834} INFO - Setting next_dagrun for example_subdag_operator.section-2 to None, run_after=None
[2024-03-11T22:08:16.738+0000] {logging_mixin.py:188} INFO - [2024-03-11T22:08:16.737+0000] {dag.py:3047} INFO - Sync 2 DAGs
[2024-03-11T22:08:16.747+0000] {logging_mixin.py:188} INFO - [2024-03-11T22:08:16.746+0000] {dag.py:3834} INFO - Setting next_dagrun for example_subdag_operator.section-1 to None, run_after=None
[2024-03-11T22:08:16.747+0000] {logging_mixin.py:188} INFO - [2024-03-11T22:08:16.747+0000] {dag.py:3834} INFO - Setting next_dagrun for example_subdag_operator.section-2 to None, run_after=None
[2024-03-11T22:08:16.768+0000] {processor.py:183} INFO - Processing /home/airflow/.local/lib/python3.8/site-packages/airflow/example_dags/example_subdag_operator.py took 0.466 seconds
[2024-03-11T22:08:47.435+0000] {processor.py:161} INFO - Started process (PID=443) to work on /home/airflow/.local/lib/python3.8/site-packages/airflow/example_dags/example_subdag_operator.py
[2024-03-11T22:08:47.437+0000] {processor.py:830} INFO - Processing file /home/airflow/.local/lib/python3.8/site-packages/airflow/example_dags/example_subdag_operator.py for tasks to queue
[2024-03-11T22:08:47.439+0000] {logging_mixin.py:188} INFO - [2024-03-11T22:08:47.438+0000] {dagbag.py:540} INFO - Filling up the DagBag from /home/airflow/.local/lib/python3.8/site-packages/airflow/example_dags/example_subdag_operator.py
[2024-03-11T22:08:47.468+0000] {processor.py:840} INFO - DAG(s) 'example_subdag_operator.section-1', 'example_subdag_operator.section-2', 'example_subdag_operator' retrieved from /home/airflow/.local/lib/python3.8/site-packages/airflow/example_dags/example_subdag_operator.py
[2024-03-11T22:08:47.484+0000] {logging_mixin.py:188} INFO - [2024-03-11T22:08:47.483+0000] {dag.py:3047} INFO - Sync 3 DAGs
[2024-03-11T22:08:47.505+0000] {logging_mixin.py:188} INFO - [2024-03-11T22:08:47.505+0000] {dag.py:3834} INFO - Setting next_dagrun for example_subdag_operator to 2022-01-01 00:00:00+00:00, run_after=2022-01-01 00:00:00+00:00
[2024-03-11T22:08:47.510+0000] {logging_mixin.py:188} INFO - [2024-03-11T22:08:47.510+0000] {dag.py:3834} INFO - Setting next_dagrun for example_subdag_operator.section-1 to None, run_after=None
[2024-03-11T22:08:47.512+0000] {logging_mixin.py:188} INFO - [2024-03-11T22:08:47.512+0000] {dag.py:3834} INFO - Setting next_dagrun for example_subdag_operator.section-2 to None, run_after=None
[2024-03-11T22:08:47.522+0000] {logging_mixin.py:188} INFO - [2024-03-11T22:08:47.521+0000] {dag.py:3047} INFO - Sync 2 DAGs
[2024-03-11T22:08:47.529+0000] {logging_mixin.py:188} INFO - [2024-03-11T22:08:47.529+0000] {dag.py:3834} INFO - Setting next_dagrun for example_subdag_operator.section-1 to None, run_after=None
[2024-03-11T22:08:47.529+0000] {logging_mixin.py:188} INFO - [2024-03-11T22:08:47.529+0000] {dag.py:3834} INFO - Setting next_dagrun for example_subdag_operator.section-2 to None, run_after=None
[2024-03-11T22:08:47.545+0000] {processor.py:183} INFO - Processing /home/airflow/.local/lib/python3.8/site-packages/airflow/example_dags/example_subdag_operator.py took 0.113 seconds
[2024-03-11T22:09:18.432+0000] {processor.py:161} INFO - Started process (PID=500) to work on /home/airflow/.local/lib/python3.8/site-packages/airflow/example_dags/example_subdag_operator.py
[2024-03-11T22:09:18.458+0000] {processor.py:830} INFO - Processing file /home/airflow/.local/lib/python3.8/site-packages/airflow/example_dags/example_subdag_operator.py for tasks to queue
[2024-03-11T22:09:18.460+0000] {logging_mixin.py:188} INFO - [2024-03-11T22:09:18.460+0000] {dagbag.py:540} INFO - Filling up the DagBag from /home/airflow/.local/lib/python3.8/site-packages/airflow/example_dags/example_subdag_operator.py
[2024-03-11T22:09:18.485+0000] {processor.py:840} INFO - DAG(s) 'example_subdag_operator.section-1', 'example_subdag_operator.section-2', 'example_subdag_operator' retrieved from /home/airflow/.local/lib/python3.8/site-packages/airflow/example_dags/example_subdag_operator.py
[2024-03-11T22:09:18.501+0000] {logging_mixin.py:188} INFO - [2024-03-11T22:09:18.500+0000] {dag.py:3047} INFO - Sync 3 DAGs
[2024-03-11T22:09:18.524+0000] {logging_mixin.py:188} INFO - [2024-03-11T22:09:18.524+0000] {dag.py:3834} INFO - Setting next_dagrun for example_subdag_operator to 2022-01-01 00:00:00+00:00, run_after=2022-01-01 00:00:00+00:00
[2024-03-11T22:09:18.528+0000] {logging_mixin.py:188} INFO - [2024-03-11T22:09:18.527+0000] {dag.py:3834} INFO - Setting next_dagrun for example_subdag_operator.section-1 to None, run_after=None
[2024-03-11T22:09:18.529+0000] {logging_mixin.py:188} INFO - [2024-03-11T22:09:18.529+0000] {dag.py:3834} INFO - Setting next_dagrun for example_subdag_operator.section-2 to None, run_after=None
[2024-03-11T22:09:18.538+0000] {logging_mixin.py:188} INFO - [2024-03-11T22:09:18.538+0000] {dag.py:3047} INFO - Sync 2 DAGs
[2024-03-11T22:09:18.544+0000] {logging_mixin.py:188} INFO - [2024-03-11T22:09:18.544+0000] {dag.py:3834} INFO - Setting next_dagrun for example_subdag_operator.section-1 to None, run_after=None
[2024-03-11T22:09:18.544+0000] {logging_mixin.py:188} INFO - [2024-03-11T22:09:18.544+0000] {dag.py:3834} INFO - Setting next_dagrun for example_subdag_operator.section-2 to None, run_after=None
[2024-03-11T22:09:18.561+0000] {processor.py:183} INFO - Processing /home/airflow/.local/lib/python3.8/site-packages/airflow/example_dags/example_subdag_operator.py took 0.131 seconds
[2024-03-11T22:09:48.758+0000] {processor.py:161} INFO - Started process (PID=557) to work on /home/airflow/.local/lib/python3.8/site-packages/airflow/example_dags/example_subdag_operator.py
[2024-03-11T22:09:48.760+0000] {processor.py:830} INFO - Processing file /home/airflow/.local/lib/python3.8/site-packages/airflow/example_dags/example_subdag_operator.py for tasks to queue
[2024-03-11T22:09:48.761+0000] {logging_mixin.py:188} INFO - [2024-03-11T22:09:48.761+0000] {dagbag.py:540} INFO - Filling up the DagBag from /home/airflow/.local/lib/python3.8/site-packages/airflow/example_dags/example_subdag_operator.py
[2024-03-11T22:09:48.786+0000] {processor.py:840} INFO - DAG(s) 'example_subdag_operator.section-1', 'example_subdag_operator.section-2', 'example_subdag_operator' retrieved from /home/airflow/.local/lib/python3.8/site-packages/airflow/example_dags/example_subdag_operator.py
[2024-03-11T22:09:48.803+0000] {logging_mixin.py:188} INFO - [2024-03-11T22:09:48.802+0000] {dag.py:3047} INFO - Sync 3 DAGs
[2024-03-11T22:09:48.827+0000] {logging_mixin.py:188} INFO - [2024-03-11T22:09:48.826+0000] {dag.py:3834} INFO - Setting next_dagrun for example_subdag_operator to 2022-01-01 00:00:00+00:00, run_after=2022-01-01 00:00:00+00:00
[2024-03-11T22:09:48.831+0000] {logging_mixin.py:188} INFO - [2024-03-11T22:09:48.831+0000] {dag.py:3834} INFO - Setting next_dagrun for example_subdag_operator.section-1 to None, run_after=None
[2024-03-11T22:09:48.833+0000] {logging_mixin.py:188} INFO - [2024-03-11T22:09:48.832+0000] {dag.py:3834} INFO - Setting next_dagrun for example_subdag_operator.section-2 to None, run_after=None
[2024-03-11T22:09:48.840+0000] {logging_mixin.py:188} INFO - [2024-03-11T22:09:48.840+0000] {dag.py:3047} INFO - Sync 2 DAGs
[2024-03-11T22:09:48.847+0000] {logging_mixin.py:188} INFO - [2024-03-11T22:09:48.846+0000] {dag.py:3834} INFO - Setting next_dagrun for example_subdag_operator.section-1 to None, run_after=None
[2024-03-11T22:09:48.847+0000] {logging_mixin.py:188} INFO - [2024-03-11T22:09:48.847+0000] {dag.py:3834} INFO - Setting next_dagrun for example_subdag_operator.section-2 to None, run_after=None
[2024-03-11T22:09:48.864+0000] {processor.py:183} INFO - Processing /home/airflow/.local/lib/python3.8/site-packages/airflow/example_dags/example_subdag_operator.py took 0.109 seconds
[2024-03-11T22:10:19.077+0000] {processor.py:161} INFO - Started process (PID=614) to work on /home/airflow/.local/lib/python3.8/site-packages/airflow/example_dags/example_subdag_operator.py
[2024-03-11T22:10:19.078+0000] {processor.py:830} INFO - Processing file /home/airflow/.local/lib/python3.8/site-packages/airflow/example_dags/example_subdag_operator.py for tasks to queue
[2024-03-11T22:10:19.080+0000] {logging_mixin.py:188} INFO - [2024-03-11T22:10:19.080+0000] {dagbag.py:540} INFO - Filling up the DagBag from /home/airflow/.local/lib/python3.8/site-packages/airflow/example_dags/example_subdag_operator.py
[2024-03-11T22:10:19.107+0000] {processor.py:840} INFO - DAG(s) 'example_subdag_operator.section-1', 'example_subdag_operator.section-2', 'example_subdag_operator' retrieved from /home/airflow/.local/lib/python3.8/site-packages/airflow/example_dags/example_subdag_operator.py
[2024-03-11T22:10:19.124+0000] {logging_mixin.py:188} INFO - [2024-03-11T22:10:19.124+0000] {dag.py:3047} INFO - Sync 3 DAGs
[2024-03-11T22:10:19.150+0000] {logging_mixin.py:188} INFO - [2024-03-11T22:10:19.149+0000] {dag.py:3834} INFO - Setting next_dagrun for example_subdag_operator to 2022-01-01 00:00:00+00:00, run_after=2022-01-01 00:00:00+00:00
[2024-03-11T22:10:19.154+0000] {logging_mixin.py:188} INFO - [2024-03-11T22:10:19.154+0000] {dag.py:3834} INFO - Setting next_dagrun for example_subdag_operator.section-1 to None, run_after=None
[2024-03-11T22:10:19.157+0000] {logging_mixin.py:188} INFO - [2024-03-11T22:10:19.156+0000] {dag.py:3834} INFO - Setting next_dagrun for example_subdag_operator.section-2 to None, run_after=None
[2024-03-11T22:10:19.166+0000] {logging_mixin.py:188} INFO - [2024-03-11T22:10:19.166+0000] {dag.py:3047} INFO - Sync 2 DAGs
[2024-03-11T22:10:19.174+0000] {logging_mixin.py:188} INFO - [2024-03-11T22:10:19.173+0000] {dag.py:3834} INFO - Setting next_dagrun for example_subdag_operator.section-1 to None, run_after=None
[2024-03-11T22:10:19.174+0000] {logging_mixin.py:188} INFO - [2024-03-11T22:10:19.174+0000] {dag.py:3834} INFO - Setting next_dagrun for example_subdag_operator.section-2 to None, run_after=None
[2024-03-11T22:10:19.192+0000] {processor.py:183} INFO - Processing /home/airflow/.local/lib/python3.8/site-packages/airflow/example_dags/example_subdag_operator.py took 0.119 seconds
[2024-03-11T22:10:49.419+0000] {processor.py:161} INFO - Started process (PID=671) to work on /home/airflow/.local/lib/python3.8/site-packages/airflow/example_dags/example_subdag_operator.py
[2024-03-11T22:10:49.420+0000] {processor.py:830} INFO - Processing file /home/airflow/.local/lib/python3.8/site-packages/airflow/example_dags/example_subdag_operator.py for tasks to queue
[2024-03-11T22:10:49.422+0000] {logging_mixin.py:188} INFO - [2024-03-11T22:10:49.422+0000] {dagbag.py:540} INFO - Filling up the DagBag from /home/airflow/.local/lib/python3.8/site-packages/airflow/example_dags/example_subdag_operator.py
[2024-03-11T22:10:49.448+0000] {processor.py:840} INFO - DAG(s) 'example_subdag_operator.section-1', 'example_subdag_operator.section-2', 'example_subdag_operator' retrieved from /home/airflow/.local/lib/python3.8/site-packages/airflow/example_dags/example_subdag_operator.py
[2024-03-11T22:10:49.463+0000] {logging_mixin.py:188} INFO - [2024-03-11T22:10:49.463+0000] {dag.py:3047} INFO - Sync 3 DAGs
[2024-03-11T22:10:49.485+0000] {logging_mixin.py:188} INFO - [2024-03-11T22:10:49.485+0000] {dag.py:3834} INFO - Setting next_dagrun for example_subdag_operator to 2022-01-01 00:00:00+00:00, run_after=2022-01-01 00:00:00+00:00
[2024-03-11T22:10:49.489+0000] {logging_mixin.py:188} INFO - [2024-03-11T22:10:49.489+0000] {dag.py:3834} INFO - Setting next_dagrun for example_subdag_operator.section-1 to None, run_after=None
[2024-03-11T22:10:49.492+0000] {logging_mixin.py:188} INFO - [2024-03-11T22:10:49.491+0000] {dag.py:3834} INFO - Setting next_dagrun for example_subdag_operator.section-2 to None, run_after=None
[2024-03-11T22:10:49.502+0000] {logging_mixin.py:188} INFO - [2024-03-11T22:10:49.501+0000] {dag.py:3047} INFO - Sync 2 DAGs
[2024-03-11T22:10:49.509+0000] {logging_mixin.py:188} INFO - [2024-03-11T22:10:49.509+0000] {dag.py:3834} INFO - Setting next_dagrun for example_subdag_operator.section-1 to None, run_after=None
[2024-03-11T22:10:49.510+0000] {logging_mixin.py:188} INFO - [2024-03-11T22:10:49.510+0000] {dag.py:3834} INFO - Setting next_dagrun for example_subdag_operator.section-2 to None, run_after=None
[2024-03-11T22:10:49.528+0000] {processor.py:183} INFO - Processing /home/airflow/.local/lib/python3.8/site-packages/airflow/example_dags/example_subdag_operator.py took 0.112 seconds
[2024-03-11T22:11:20.645+0000] {processor.py:161} INFO - Started process (PID=729) to work on /home/airflow/.local/lib/python3.8/site-packages/airflow/example_dags/example_subdag_operator.py
[2024-03-11T22:11:20.646+0000] {processor.py:830} INFO - Processing file /home/airflow/.local/lib/python3.8/site-packages/airflow/example_dags/example_subdag_operator.py for tasks to queue
[2024-03-11T22:11:20.648+0000] {logging_mixin.py:188} INFO - [2024-03-11T22:11:20.647+0000] {dagbag.py:540} INFO - Filling up the DagBag from /home/airflow/.local/lib/python3.8/site-packages/airflow/example_dags/example_subdag_operator.py
[2024-03-11T22:11:20.673+0000] {processor.py:840} INFO - DAG(s) 'example_subdag_operator.section-1', 'example_subdag_operator.section-2', 'example_subdag_operator' retrieved from /home/airflow/.local/lib/python3.8/site-packages/airflow/example_dags/example_subdag_operator.py
[2024-03-11T22:11:20.689+0000] {logging_mixin.py:188} INFO - [2024-03-11T22:11:20.689+0000] {dag.py:3047} INFO - Sync 3 DAGs
[2024-03-11T22:11:20.712+0000] {logging_mixin.py:188} INFO - [2024-03-11T22:11:20.712+0000] {dag.py:3834} INFO - Setting next_dagrun for example_subdag_operator to 2022-01-01 00:00:00+00:00, run_after=2022-01-01 00:00:00+00:00
[2024-03-11T22:11:20.716+0000] {logging_mixin.py:188} INFO - [2024-03-11T22:11:20.716+0000] {dag.py:3834} INFO - Setting next_dagrun for example_subdag_operator.section-1 to None, run_after=None
[2024-03-11T22:11:20.717+0000] {logging_mixin.py:188} INFO - [2024-03-11T22:11:20.717+0000] {dag.py:3834} INFO - Setting next_dagrun for example_subdag_operator.section-2 to None, run_after=None
[2024-03-11T22:11:20.726+0000] {logging_mixin.py:188} INFO - [2024-03-11T22:11:20.726+0000] {dag.py:3047} INFO - Sync 2 DAGs
[2024-03-11T22:11:20.732+0000] {logging_mixin.py:188} INFO - [2024-03-11T22:11:20.731+0000] {dag.py:3834} INFO - Setting next_dagrun for example_subdag_operator.section-1 to None, run_after=None
[2024-03-11T22:11:20.732+0000] {logging_mixin.py:188} INFO - [2024-03-11T22:11:20.732+0000] {dag.py:3834} INFO - Setting next_dagrun for example_subdag_operator.section-2 to None, run_after=None
[2024-03-11T22:11:20.748+0000] {processor.py:183} INFO - Processing /home/airflow/.local/lib/python3.8/site-packages/airflow/example_dags/example_subdag_operator.py took 0.106 seconds
[2024-03-11T22:11:51.504+0000] {processor.py:161} INFO - Started process (PID=786) to work on /home/airflow/.local/lib/python3.8/site-packages/airflow/example_dags/example_subdag_operator.py
[2024-03-11T22:11:51.506+0000] {processor.py:830} INFO - Processing file /home/airflow/.local/lib/python3.8/site-packages/airflow/example_dags/example_subdag_operator.py for tasks to queue
[2024-03-11T22:11:51.508+0000] {logging_mixin.py:188} INFO - [2024-03-11T22:11:51.507+0000] {dagbag.py:540} INFO - Filling up the DagBag from /home/airflow/.local/lib/python3.8/site-packages/airflow/example_dags/example_subdag_operator.py
[2024-03-11T22:11:51.539+0000] {processor.py:840} INFO - DAG(s) 'example_subdag_operator.section-1', 'example_subdag_operator.section-2', 'example_subdag_operator' retrieved from /home/airflow/.local/lib/python3.8/site-packages/airflow/example_dags/example_subdag_operator.py
[2024-03-11T22:11:51.563+0000] {logging_mixin.py:188} INFO - [2024-03-11T22:11:51.562+0000] {dag.py:3047} INFO - Sync 3 DAGs
[2024-03-11T22:11:51.590+0000] {logging_mixin.py:188} INFO - [2024-03-11T22:11:51.590+0000] {dag.py:3834} INFO - Setting next_dagrun for example_subdag_operator to 2022-01-01 00:00:00+00:00, run_after=2022-01-01 00:00:00+00:00
[2024-03-11T22:11:51.596+0000] {logging_mixin.py:188} INFO - [2024-03-11T22:11:51.595+0000] {dag.py:3834} INFO - Setting next_dagrun for example_subdag_operator.section-1 to None, run_after=None
[2024-03-11T22:11:51.597+0000] {logging_mixin.py:188} INFO - [2024-03-11T22:11:51.597+0000] {dag.py:3834} INFO - Setting next_dagrun for example_subdag_operator.section-2 to None, run_after=None
[2024-03-11T22:11:51.607+0000] {logging_mixin.py:188} INFO - [2024-03-11T22:11:51.606+0000] {dag.py:3047} INFO - Sync 2 DAGs
[2024-03-11T22:11:51.616+0000] {logging_mixin.py:188} INFO - [2024-03-11T22:11:51.616+0000] {dag.py:3834} INFO - Setting next_dagrun for example_subdag_operator.section-1 to None, run_after=None
[2024-03-11T22:11:51.617+0000] {logging_mixin.py:188} INFO - [2024-03-11T22:11:51.616+0000] {dag.py:3834} INFO - Setting next_dagrun for example_subdag_operator.section-2 to None, run_after=None
[2024-03-11T22:11:51.636+0000] {processor.py:183} INFO - Processing /home/airflow/.local/lib/python3.8/site-packages/airflow/example_dags/example_subdag_operator.py took 0.135 seconds
[2024-03-11T22:12:22.674+0000] {processor.py:161} INFO - Started process (PID=843) to work on /home/airflow/.local/lib/python3.8/site-packages/airflow/example_dags/example_subdag_operator.py
[2024-03-11T22:12:22.676+0000] {processor.py:830} INFO - Processing file /home/airflow/.local/lib/python3.8/site-packages/airflow/example_dags/example_subdag_operator.py for tasks to queue
[2024-03-11T22:12:22.679+0000] {logging_mixin.py:188} INFO - [2024-03-11T22:12:22.678+0000] {dagbag.py:540} INFO - Filling up the DagBag from /home/airflow/.local/lib/python3.8/site-packages/airflow/example_dags/example_subdag_operator.py
[2024-03-11T22:12:22.713+0000] {processor.py:840} INFO - DAG(s) 'example_subdag_operator.section-1', 'example_subdag_operator.section-2', 'example_subdag_operator' retrieved from /home/airflow/.local/lib/python3.8/site-packages/airflow/example_dags/example_subdag_operator.py
[2024-03-11T22:12:22.732+0000] {logging_mixin.py:188} INFO - [2024-03-11T22:12:22.732+0000] {dag.py:3047} INFO - Sync 3 DAGs
[2024-03-11T22:12:22.761+0000] {logging_mixin.py:188} INFO - [2024-03-11T22:12:22.761+0000] {dag.py:3834} INFO - Setting next_dagrun for example_subdag_operator to 2022-01-01 00:00:00+00:00, run_after=2022-01-01 00:00:00+00:00
[2024-03-11T22:12:22.765+0000] {logging_mixin.py:188} INFO - [2024-03-11T22:12:22.765+0000] {dag.py:3834} INFO - Setting next_dagrun for example_subdag_operator.section-1 to None, run_after=None
[2024-03-11T22:12:22.768+0000] {logging_mixin.py:188} INFO - [2024-03-11T22:12:22.767+0000] {dag.py:3834} INFO - Setting next_dagrun for example_subdag_operator.section-2 to None, run_after=None
[2024-03-11T22:12:22.779+0000] {logging_mixin.py:188} INFO - [2024-03-11T22:12:22.779+0000] {dag.py:3047} INFO - Sync 2 DAGs
[2024-03-11T22:12:22.790+0000] {logging_mixin.py:188} INFO - [2024-03-11T22:12:22.789+0000] {dag.py:3834} INFO - Setting next_dagrun for example_subdag_operator.section-1 to None, run_after=None
[2024-03-11T22:12:22.790+0000] {logging_mixin.py:188} INFO - [2024-03-11T22:12:22.790+0000] {dag.py:3834} INFO - Setting next_dagrun for example_subdag_operator.section-2 to None, run_after=None
[2024-03-11T22:12:22.810+0000] {processor.py:183} INFO - Processing /home/airflow/.local/lib/python3.8/site-packages/airflow/example_dags/example_subdag_operator.py took 0.141 seconds
[2024-03-11T22:12:53.032+0000] {processor.py:161} INFO - Started process (PID=899) to work on /home/airflow/.local/lib/python3.8/site-packages/airflow/example_dags/example_subdag_operator.py
[2024-03-11T22:12:53.034+0000] {processor.py:830} INFO - Processing file /home/airflow/.local/lib/python3.8/site-packages/airflow/example_dags/example_subdag_operator.py for tasks to queue
[2024-03-11T22:12:53.037+0000] {logging_mixin.py:188} INFO - [2024-03-11T22:12:53.037+0000] {dagbag.py:540} INFO - Filling up the DagBag from /home/airflow/.local/lib/python3.8/site-packages/airflow/example_dags/example_subdag_operator.py
[2024-03-11T22:12:53.079+0000] {processor.py:840} INFO - DAG(s) 'example_subdag_operator.section-1', 'example_subdag_operator.section-2', 'example_subdag_operator' retrieved from /home/airflow/.local/lib/python3.8/site-packages/airflow/example_dags/example_subdag_operator.py
[2024-03-11T22:12:53.104+0000] {logging_mixin.py:188} INFO - [2024-03-11T22:12:53.103+0000] {dag.py:3047} INFO - Sync 3 DAGs
[2024-03-11T22:12:53.150+0000] {logging_mixin.py:188} INFO - [2024-03-11T22:12:53.150+0000] {dag.py:3834} INFO - Setting next_dagrun for example_subdag_operator to 2022-01-01 00:00:00+00:00, run_after=2022-01-01 00:00:00+00:00
[2024-03-11T22:12:53.157+0000] {logging_mixin.py:188} INFO - [2024-03-11T22:12:53.157+0000] {dag.py:3834} INFO - Setting next_dagrun for example_subdag_operator.section-1 to None, run_after=None
[2024-03-11T22:12:53.160+0000] {logging_mixin.py:188} INFO - [2024-03-11T22:12:53.159+0000] {dag.py:3834} INFO - Setting next_dagrun for example_subdag_operator.section-2 to None, run_after=None
[2024-03-11T22:12:53.176+0000] {logging_mixin.py:188} INFO - [2024-03-11T22:12:53.175+0000] {dag.py:3047} INFO - Sync 2 DAGs
[2024-03-11T22:12:53.187+0000] {logging_mixin.py:188} INFO - [2024-03-11T22:12:53.187+0000] {dag.py:3834} INFO - Setting next_dagrun for example_subdag_operator.section-1 to None, run_after=None
[2024-03-11T22:12:53.188+0000] {logging_mixin.py:188} INFO - [2024-03-11T22:12:53.188+0000] {dag.py:3834} INFO - Setting next_dagrun for example_subdag_operator.section-2 to None, run_after=None
[2024-03-11T22:12:53.210+0000] {processor.py:183} INFO - Processing /home/airflow/.local/lib/python3.8/site-packages/airflow/example_dags/example_subdag_operator.py took 0.183 seconds
[2024-03-11T22:13:23.364+0000] {processor.py:161} INFO - Started process (PID=955) to work on /home/airflow/.local/lib/python3.8/site-packages/airflow/example_dags/example_subdag_operator.py
[2024-03-11T22:13:23.366+0000] {processor.py:830} INFO - Processing file /home/airflow/.local/lib/python3.8/site-packages/airflow/example_dags/example_subdag_operator.py for tasks to queue
[2024-03-11T22:13:23.368+0000] {logging_mixin.py:188} INFO - [2024-03-11T22:13:23.368+0000] {dagbag.py:540} INFO - Filling up the DagBag from /home/airflow/.local/lib/python3.8/site-packages/airflow/example_dags/example_subdag_operator.py
[2024-03-11T22:13:23.403+0000] {processor.py:840} INFO - DAG(s) 'example_subdag_operator.section-1', 'example_subdag_operator.section-2', 'example_subdag_operator' retrieved from /home/airflow/.local/lib/python3.8/site-packages/airflow/example_dags/example_subdag_operator.py
[2024-03-11T22:13:23.421+0000] {logging_mixin.py:188} INFO - [2024-03-11T22:13:23.421+0000] {dag.py:3047} INFO - Sync 3 DAGs
[2024-03-11T22:13:23.452+0000] {logging_mixin.py:188} INFO - [2024-03-11T22:13:23.451+0000] {dag.py:3834} INFO - Setting next_dagrun for example_subdag_operator to 2022-01-01 00:00:00+00:00, run_after=2022-01-01 00:00:00+00:00
[2024-03-11T22:13:23.456+0000] {logging_mixin.py:188} INFO - [2024-03-11T22:13:23.456+0000] {dag.py:3834} INFO - Setting next_dagrun for example_subdag_operator.section-1 to None, run_after=None
[2024-03-11T22:13:23.459+0000] {logging_mixin.py:188} INFO - [2024-03-11T22:13:23.458+0000] {dag.py:3834} INFO - Setting next_dagrun for example_subdag_operator.section-2 to None, run_after=None
[2024-03-11T22:13:23.471+0000] {logging_mixin.py:188} INFO - [2024-03-11T22:13:23.471+0000] {dag.py:3047} INFO - Sync 2 DAGs
[2024-03-11T22:13:23.480+0000] {logging_mixin.py:188} INFO - [2024-03-11T22:13:23.479+0000] {dag.py:3834} INFO - Setting next_dagrun for example_subdag_operator.section-1 to None, run_after=None
[2024-03-11T22:13:23.481+0000] {logging_mixin.py:188} INFO - [2024-03-11T22:13:23.480+0000] {dag.py:3834} INFO - Setting next_dagrun for example_subdag_operator.section-2 to None, run_after=None
[2024-03-11T22:13:23.503+0000] {processor.py:183} INFO - Processing /home/airflow/.local/lib/python3.8/site-packages/airflow/example_dags/example_subdag_operator.py took 0.145 seconds
[2024-03-11T22:13:53.619+0000] {processor.py:161} INFO - Started process (PID=1012) to work on /home/airflow/.local/lib/python3.8/site-packages/airflow/example_dags/example_subdag_operator.py
[2024-03-11T22:13:53.620+0000] {processor.py:830} INFO - Processing file /home/airflow/.local/lib/python3.8/site-packages/airflow/example_dags/example_subdag_operator.py for tasks to queue
[2024-03-11T22:13:53.622+0000] {logging_mixin.py:188} INFO - [2024-03-11T22:13:53.622+0000] {dagbag.py:540} INFO - Filling up the DagBag from /home/airflow/.local/lib/python3.8/site-packages/airflow/example_dags/example_subdag_operator.py
[2024-03-11T22:13:53.662+0000] {processor.py:840} INFO - DAG(s) 'example_subdag_operator.section-1', 'example_subdag_operator.section-2', 'example_subdag_operator' retrieved from /home/airflow/.local/lib/python3.8/site-packages/airflow/example_dags/example_subdag_operator.py
[2024-03-11T22:13:53.686+0000] {logging_mixin.py:188} INFO - [2024-03-11T22:13:53.686+0000] {dag.py:3047} INFO - Sync 3 DAGs
[2024-03-11T22:13:53.729+0000] {logging_mixin.py:188} INFO - [2024-03-11T22:13:53.728+0000] {dag.py:3834} INFO - Setting next_dagrun for example_subdag_operator to 2022-01-01 00:00:00+00:00, run_after=2022-01-01 00:00:00+00:00
[2024-03-11T22:13:53.735+0000] {logging_mixin.py:188} INFO - [2024-03-11T22:13:53.735+0000] {dag.py:3834} INFO - Setting next_dagrun for example_subdag_operator.section-1 to None, run_after=None
[2024-03-11T22:13:53.738+0000] {logging_mixin.py:188} INFO - [2024-03-11T22:13:53.738+0000] {dag.py:3834} INFO - Setting next_dagrun for example_subdag_operator.section-2 to None, run_after=None
[2024-03-11T22:13:53.752+0000] {logging_mixin.py:188} INFO - [2024-03-11T22:13:53.751+0000] {dag.py:3047} INFO - Sync 2 DAGs
[2024-03-11T22:13:53.762+0000] {logging_mixin.py:188} INFO - [2024-03-11T22:13:53.761+0000] {dag.py:3834} INFO - Setting next_dagrun for example_subdag_operator.section-1 to None, run_after=None
[2024-03-11T22:13:53.763+0000] {logging_mixin.py:188} INFO - [2024-03-11T22:13:53.763+0000] {dag.py:3834} INFO - Setting next_dagrun for example_subdag_operator.section-2 to None, run_after=None
[2024-03-11T22:13:53.789+0000] {processor.py:183} INFO - Processing /home/airflow/.local/lib/python3.8/site-packages/airflow/example_dags/example_subdag_operator.py took 0.173 seconds
[2024-03-11T22:14:23.856+0000] {processor.py:161} INFO - Started process (PID=1068) to work on /home/airflow/.local/lib/python3.8/site-packages/airflow/example_dags/example_subdag_operator.py
[2024-03-11T22:14:23.884+0000] {processor.py:830} INFO - Processing file /home/airflow/.local/lib/python3.8/site-packages/airflow/example_dags/example_subdag_operator.py for tasks to queue
[2024-03-11T22:14:23.885+0000] {logging_mixin.py:188} INFO - [2024-03-11T22:14:23.885+0000] {dagbag.py:540} INFO - Filling up the DagBag from /home/airflow/.local/lib/python3.8/site-packages/airflow/example_dags/example_subdag_operator.py
[2024-03-11T22:14:23.907+0000] {processor.py:840} INFO - DAG(s) 'example_subdag_operator.section-1', 'example_subdag_operator.section-2', 'example_subdag_operator' retrieved from /home/airflow/.local/lib/python3.8/site-packages/airflow/example_dags/example_subdag_operator.py
[2024-03-11T22:14:23.921+0000] {logging_mixin.py:188} INFO - [2024-03-11T22:14:23.921+0000] {dag.py:3047} INFO - Sync 3 DAGs
[2024-03-11T22:14:23.944+0000] {logging_mixin.py:188} INFO - [2024-03-11T22:14:23.944+0000] {dag.py:3834} INFO - Setting next_dagrun for example_subdag_operator to 2022-01-01 00:00:00+00:00, run_after=2022-01-01 00:00:00+00:00
[2024-03-11T22:14:23.948+0000] {logging_mixin.py:188} INFO - [2024-03-11T22:14:23.948+0000] {dag.py:3834} INFO - Setting next_dagrun for example_subdag_operator.section-1 to None, run_after=None
[2024-03-11T22:14:23.949+0000] {logging_mixin.py:188} INFO - [2024-03-11T22:14:23.949+0000] {dag.py:3834} INFO - Setting next_dagrun for example_subdag_operator.section-2 to None, run_after=None
[2024-03-11T22:14:23.957+0000] {logging_mixin.py:188} INFO - [2024-03-11T22:14:23.957+0000] {dag.py:3047} INFO - Sync 2 DAGs
[2024-03-11T22:14:23.962+0000] {logging_mixin.py:188} INFO - [2024-03-11T22:14:23.962+0000] {dag.py:3834} INFO - Setting next_dagrun for example_subdag_operator.section-1 to None, run_after=None
[2024-03-11T22:14:23.962+0000] {logging_mixin.py:188} INFO - [2024-03-11T22:14:23.962+0000] {dag.py:3834} INFO - Setting next_dagrun for example_subdag_operator.section-2 to None, run_after=None
[2024-03-11T22:14:23.978+0000] {processor.py:183} INFO - Processing /home/airflow/.local/lib/python3.8/site-packages/airflow/example_dags/example_subdag_operator.py took 0.124 seconds
[2024-03-11T22:14:54.062+0000] {processor.py:161} INFO - Started process (PID=1125) to work on /home/airflow/.local/lib/python3.8/site-packages/airflow/example_dags/example_subdag_operator.py
[2024-03-11T22:14:54.063+0000] {processor.py:830} INFO - Processing file /home/airflow/.local/lib/python3.8/site-packages/airflow/example_dags/example_subdag_operator.py for tasks to queue
[2024-03-11T22:14:54.065+0000] {logging_mixin.py:188} INFO - [2024-03-11T22:14:54.064+0000] {dagbag.py:540} INFO - Filling up the DagBag from /home/airflow/.local/lib/python3.8/site-packages/airflow/example_dags/example_subdag_operator.py
[2024-03-11T22:14:54.090+0000] {processor.py:840} INFO - DAG(s) 'example_subdag_operator.section-1', 'example_subdag_operator.section-2', 'example_subdag_operator' retrieved from /home/airflow/.local/lib/python3.8/site-packages/airflow/example_dags/example_subdag_operator.py
[2024-03-11T22:14:54.113+0000] {logging_mixin.py:188} INFO - [2024-03-11T22:14:54.113+0000] {dag.py:3047} INFO - Sync 3 DAGs
[2024-03-11T22:14:54.140+0000] {logging_mixin.py:188} INFO - [2024-03-11T22:14:54.139+0000] {dag.py:3834} INFO - Setting next_dagrun for example_subdag_operator to 2022-01-01 00:00:00+00:00, run_after=2022-01-01 00:00:00+00:00
[2024-03-11T22:14:54.144+0000] {logging_mixin.py:188} INFO - [2024-03-11T22:14:54.144+0000] {dag.py:3834} INFO - Setting next_dagrun for example_subdag_operator.section-1 to None, run_after=None
[2024-03-11T22:14:54.147+0000] {logging_mixin.py:188} INFO - [2024-03-11T22:14:54.147+0000] {dag.py:3834} INFO - Setting next_dagrun for example_subdag_operator.section-2 to None, run_after=None
[2024-03-11T22:14:54.157+0000] {logging_mixin.py:188} INFO - [2024-03-11T22:14:54.157+0000] {dag.py:3047} INFO - Sync 2 DAGs
[2024-03-11T22:14:54.164+0000] {logging_mixin.py:188} INFO - [2024-03-11T22:14:54.164+0000] {dag.py:3834} INFO - Setting next_dagrun for example_subdag_operator.section-1 to None, run_after=None
[2024-03-11T22:14:54.165+0000] {logging_mixin.py:188} INFO - [2024-03-11T22:14:54.165+0000] {dag.py:3834} INFO - Setting next_dagrun for example_subdag_operator.section-2 to None, run_after=None
[2024-03-11T22:14:54.188+0000] {processor.py:183} INFO - Processing /home/airflow/.local/lib/python3.8/site-packages/airflow/example_dags/example_subdag_operator.py took 0.129 seconds
[2024-03-11T22:15:24.234+0000] {processor.py:161} INFO - Started process (PID=1182) to work on /home/airflow/.local/lib/python3.8/site-packages/airflow/example_dags/example_subdag_operator.py
[2024-03-11T22:15:24.260+0000] {processor.py:830} INFO - Processing file /home/airflow/.local/lib/python3.8/site-packages/airflow/example_dags/example_subdag_operator.py for tasks to queue
[2024-03-11T22:15:24.262+0000] {logging_mixin.py:188} INFO - [2024-03-11T22:15:24.262+0000] {dagbag.py:540} INFO - Filling up the DagBag from /home/airflow/.local/lib/python3.8/site-packages/airflow/example_dags/example_subdag_operator.py
[2024-03-11T22:15:24.290+0000] {processor.py:840} INFO - DAG(s) 'example_subdag_operator.section-1', 'example_subdag_operator.section-2', 'example_subdag_operator' retrieved from /home/airflow/.local/lib/python3.8/site-packages/airflow/example_dags/example_subdag_operator.py
[2024-03-11T22:15:24.306+0000] {logging_mixin.py:188} INFO - [2024-03-11T22:15:24.306+0000] {dag.py:3047} INFO - Sync 3 DAGs
[2024-03-11T22:15:24.329+0000] {logging_mixin.py:188} INFO - [2024-03-11T22:15:24.329+0000] {dag.py:3834} INFO - Setting next_dagrun for example_subdag_operator to 2022-01-01 00:00:00+00:00, run_after=2022-01-01 00:00:00+00:00
[2024-03-11T22:15:24.333+0000] {logging_mixin.py:188} INFO - [2024-03-11T22:15:24.333+0000] {dag.py:3834} INFO - Setting next_dagrun for example_subdag_operator.section-1 to None, run_after=None
[2024-03-11T22:15:24.335+0000] {logging_mixin.py:188} INFO - [2024-03-11T22:15:24.334+0000] {dag.py:3834} INFO - Setting next_dagrun for example_subdag_operator.section-2 to None, run_after=None
[2024-03-11T22:15:24.343+0000] {logging_mixin.py:188} INFO - [2024-03-11T22:15:24.343+0000] {dag.py:3047} INFO - Sync 2 DAGs
[2024-03-11T22:15:24.352+0000] {logging_mixin.py:188} INFO - [2024-03-11T22:15:24.352+0000] {dag.py:3834} INFO - Setting next_dagrun for example_subdag_operator.section-1 to None, run_after=None
[2024-03-11T22:15:24.352+0000] {logging_mixin.py:188} INFO - [2024-03-11T22:15:24.352+0000] {dag.py:3834} INFO - Setting next_dagrun for example_subdag_operator.section-2 to None, run_after=None
[2024-03-11T22:15:24.372+0000] {processor.py:183} INFO - Processing /home/airflow/.local/lib/python3.8/site-packages/airflow/example_dags/example_subdag_operator.py took 0.141 seconds
[2024-03-11T22:15:54.640+0000] {processor.py:161} INFO - Started process (PID=1239) to work on /home/airflow/.local/lib/python3.8/site-packages/airflow/example_dags/example_subdag_operator.py
[2024-03-11T22:15:54.642+0000] {processor.py:830} INFO - Processing file /home/airflow/.local/lib/python3.8/site-packages/airflow/example_dags/example_subdag_operator.py for tasks to queue
[2024-03-11T22:15:54.643+0000] {logging_mixin.py:188} INFO - [2024-03-11T22:15:54.643+0000] {dagbag.py:540} INFO - Filling up the DagBag from /home/airflow/.local/lib/python3.8/site-packages/airflow/example_dags/example_subdag_operator.py
[2024-03-11T22:15:54.669+0000] {processor.py:840} INFO - DAG(s) 'example_subdag_operator.section-1', 'example_subdag_operator.section-2', 'example_subdag_operator' retrieved from /home/airflow/.local/lib/python3.8/site-packages/airflow/example_dags/example_subdag_operator.py
[2024-03-11T22:15:54.686+0000] {logging_mixin.py:188} INFO - [2024-03-11T22:15:54.686+0000] {dag.py:3047} INFO - Sync 3 DAGs
[2024-03-11T22:15:54.708+0000] {logging_mixin.py:188} INFO - [2024-03-11T22:15:54.708+0000] {dag.py:3834} INFO - Setting next_dagrun for example_subdag_operator to 2022-01-01 00:00:00+00:00, run_after=2022-01-01 00:00:00+00:00
[2024-03-11T22:15:54.712+0000] {logging_mixin.py:188} INFO - [2024-03-11T22:15:54.712+0000] {dag.py:3834} INFO - Setting next_dagrun for example_subdag_operator.section-1 to None, run_after=None
[2024-03-11T22:15:54.715+0000] {logging_mixin.py:188} INFO - [2024-03-11T22:15:54.714+0000] {dag.py:3834} INFO - Setting next_dagrun for example_subdag_operator.section-2 to None, run_after=None
[2024-03-11T22:15:54.723+0000] {logging_mixin.py:188} INFO - [2024-03-11T22:15:54.723+0000] {dag.py:3047} INFO - Sync 2 DAGs
[2024-03-11T22:15:54.730+0000] {logging_mixin.py:188} INFO - [2024-03-11T22:15:54.729+0000] {dag.py:3834} INFO - Setting next_dagrun for example_subdag_operator.section-1 to None, run_after=None
[2024-03-11T22:15:54.730+0000] {logging_mixin.py:188} INFO - [2024-03-11T22:15:54.730+0000] {dag.py:3834} INFO - Setting next_dagrun for example_subdag_operator.section-2 to None, run_after=None
[2024-03-11T22:15:54.749+0000] {processor.py:183} INFO - Processing /home/airflow/.local/lib/python3.8/site-packages/airflow/example_dags/example_subdag_operator.py took 0.112 seconds
[2024-03-11T22:16:25.222+0000] {processor.py:161} INFO - Started process (PID=1297) to work on /home/airflow/.local/lib/python3.8/site-packages/airflow/example_dags/example_subdag_operator.py
[2024-03-11T22:16:25.239+0000] {processor.py:830} INFO - Processing file /home/airflow/.local/lib/python3.8/site-packages/airflow/example_dags/example_subdag_operator.py for tasks to queue
[2024-03-11T22:16:25.241+0000] {logging_mixin.py:188} INFO - [2024-03-11T22:16:25.241+0000] {dagbag.py:540} INFO - Filling up the DagBag from /home/airflow/.local/lib/python3.8/site-packages/airflow/example_dags/example_subdag_operator.py
[2024-03-11T22:16:25.277+0000] {processor.py:840} INFO - DAG(s) 'example_subdag_operator.section-1', 'example_subdag_operator.section-2', 'example_subdag_operator' retrieved from /home/airflow/.local/lib/python3.8/site-packages/airflow/example_dags/example_subdag_operator.py
[2024-03-11T22:16:25.295+0000] {logging_mixin.py:188} INFO - [2024-03-11T22:16:25.295+0000] {dag.py:3047} INFO - Sync 3 DAGs
[2024-03-11T22:16:25.332+0000] {logging_mixin.py:188} INFO - [2024-03-11T22:16:25.331+0000] {dag.py:3834} INFO - Setting next_dagrun for example_subdag_operator to 2022-01-01 00:00:00+00:00, run_after=2022-01-01 00:00:00+00:00
[2024-03-11T22:16:25.338+0000] {logging_mixin.py:188} INFO - [2024-03-11T22:16:25.337+0000] {dag.py:3834} INFO - Setting next_dagrun for example_subdag_operator.section-1 to None, run_after=None
[2024-03-11T22:16:25.340+0000] {logging_mixin.py:188} INFO - [2024-03-11T22:16:25.339+0000] {dag.py:3834} INFO - Setting next_dagrun for example_subdag_operator.section-2 to None, run_after=None
[2024-03-11T22:16:25.351+0000] {logging_mixin.py:188} INFO - [2024-03-11T22:16:25.351+0000] {dag.py:3047} INFO - Sync 2 DAGs
[2024-03-11T22:16:25.360+0000] {logging_mixin.py:188} INFO - [2024-03-11T22:16:25.359+0000] {dag.py:3834} INFO - Setting next_dagrun for example_subdag_operator.section-1 to None, run_after=None
[2024-03-11T22:16:25.361+0000] {logging_mixin.py:188} INFO - [2024-03-11T22:16:25.361+0000] {dag.py:3834} INFO - Setting next_dagrun for example_subdag_operator.section-2 to None, run_after=None
[2024-03-11T22:16:25.382+0000] {processor.py:183} INFO - Processing /home/airflow/.local/lib/python3.8/site-packages/airflow/example_dags/example_subdag_operator.py took 0.163 seconds
[2024-03-11T22:16:55.805+0000] {processor.py:161} INFO - Started process (PID=1354) to work on /home/airflow/.local/lib/python3.8/site-packages/airflow/example_dags/example_subdag_operator.py
[2024-03-11T22:16:55.806+0000] {processor.py:830} INFO - Processing file /home/airflow/.local/lib/python3.8/site-packages/airflow/example_dags/example_subdag_operator.py for tasks to queue
[2024-03-11T22:16:55.807+0000] {logging_mixin.py:188} INFO - [2024-03-11T22:16:55.807+0000] {dagbag.py:540} INFO - Filling up the DagBag from /home/airflow/.local/lib/python3.8/site-packages/airflow/example_dags/example_subdag_operator.py
[2024-03-11T22:16:55.832+0000] {processor.py:840} INFO - DAG(s) 'example_subdag_operator.section-1', 'example_subdag_operator.section-2', 'example_subdag_operator' retrieved from /home/airflow/.local/lib/python3.8/site-packages/airflow/example_dags/example_subdag_operator.py
[2024-03-11T22:16:55.847+0000] {logging_mixin.py:188} INFO - [2024-03-11T22:16:55.847+0000] {dag.py:3047} INFO - Sync 3 DAGs
[2024-03-11T22:16:55.870+0000] {logging_mixin.py:188} INFO - [2024-03-11T22:16:55.870+0000] {dag.py:3834} INFO - Setting next_dagrun for example_subdag_operator to 2022-01-01 00:00:00+00:00, run_after=2022-01-01 00:00:00+00:00
[2024-03-11T22:16:55.875+0000] {logging_mixin.py:188} INFO - [2024-03-11T22:16:55.875+0000] {dag.py:3834} INFO - Setting next_dagrun for example_subdag_operator.section-1 to None, run_after=None
[2024-03-11T22:16:55.877+0000] {logging_mixin.py:188} INFO - [2024-03-11T22:16:55.877+0000] {dag.py:3834} INFO - Setting next_dagrun for example_subdag_operator.section-2 to None, run_after=None
[2024-03-11T22:16:55.887+0000] {logging_mixin.py:188} INFO - [2024-03-11T22:16:55.886+0000] {dag.py:3047} INFO - Sync 2 DAGs
[2024-03-11T22:16:55.894+0000] {logging_mixin.py:188} INFO - [2024-03-11T22:16:55.894+0000] {dag.py:3834} INFO - Setting next_dagrun for example_subdag_operator.section-1 to None, run_after=None
[2024-03-11T22:16:55.894+0000] {logging_mixin.py:188} INFO - [2024-03-11T22:16:55.894+0000] {dag.py:3834} INFO - Setting next_dagrun for example_subdag_operator.section-2 to None, run_after=None
[2024-03-11T22:16:55.913+0000] {processor.py:183} INFO - Processing /home/airflow/.local/lib/python3.8/site-packages/airflow/example_dags/example_subdag_operator.py took 0.111 seconds
[2024-03-11T22:17:26.207+0000] {processor.py:161} INFO - Started process (PID=1411) to work on /home/airflow/.local/lib/python3.8/site-packages/airflow/example_dags/example_subdag_operator.py
[2024-03-11T22:17:26.208+0000] {processor.py:830} INFO - Processing file /home/airflow/.local/lib/python3.8/site-packages/airflow/example_dags/example_subdag_operator.py for tasks to queue
[2024-03-11T22:17:26.211+0000] {logging_mixin.py:188} INFO - [2024-03-11T22:17:26.210+0000] {dagbag.py:540} INFO - Filling up the DagBag from /home/airflow/.local/lib/python3.8/site-packages/airflow/example_dags/example_subdag_operator.py
[2024-03-11T22:17:26.244+0000] {processor.py:840} INFO - DAG(s) 'example_subdag_operator.section-1', 'example_subdag_operator.section-2', 'example_subdag_operator' retrieved from /home/airflow/.local/lib/python3.8/site-packages/airflow/example_dags/example_subdag_operator.py
[2024-03-11T22:17:26.261+0000] {logging_mixin.py:188} INFO - [2024-03-11T22:17:26.260+0000] {dag.py:3047} INFO - Sync 3 DAGs
[2024-03-11T22:17:26.286+0000] {logging_mixin.py:188} INFO - [2024-03-11T22:17:26.285+0000] {dag.py:3834} INFO - Setting next_dagrun for example_subdag_operator to 2022-01-01 00:00:00+00:00, run_after=2022-01-01 00:00:00+00:00
[2024-03-11T22:17:26.290+0000] {logging_mixin.py:188} INFO - [2024-03-11T22:17:26.290+0000] {dag.py:3834} INFO - Setting next_dagrun for example_subdag_operator.section-1 to None, run_after=None
[2024-03-11T22:17:26.291+0000] {logging_mixin.py:188} INFO - [2024-03-11T22:17:26.291+0000] {dag.py:3834} INFO - Setting next_dagrun for example_subdag_operator.section-2 to None, run_after=None
[2024-03-11T22:17:26.300+0000] {logging_mixin.py:188} INFO - [2024-03-11T22:17:26.299+0000] {dag.py:3047} INFO - Sync 2 DAGs
[2024-03-11T22:17:26.306+0000] {logging_mixin.py:188} INFO - [2024-03-11T22:17:26.306+0000] {dag.py:3834} INFO - Setting next_dagrun for example_subdag_operator.section-1 to None, run_after=None
[2024-03-11T22:17:26.307+0000] {logging_mixin.py:188} INFO - [2024-03-11T22:17:26.306+0000] {dag.py:3834} INFO - Setting next_dagrun for example_subdag_operator.section-2 to None, run_after=None
[2024-03-11T22:17:26.324+0000] {processor.py:183} INFO - Processing /home/airflow/.local/lib/python3.8/site-packages/airflow/example_dags/example_subdag_operator.py took 0.121 seconds
