[2024-03-11T22:02:00.529+0000] {processor.py:161} INFO - Started process (PID=49) to work on /home/airflow/.local/lib/python3.8/site-packages/airflow/example_dags/example_task_group_decorator.py
[2024-03-11T22:02:00.530+0000] {processor.py:830} INFO - Processing file /home/airflow/.local/lib/python3.8/site-packages/airflow/example_dags/example_task_group_decorator.py for tasks to queue
[2024-03-11T22:02:00.532+0000] {logging_mixin.py:188} INFO - [2024-03-11T22:02:00.532+0000] {dagbag.py:540} INFO - Filling up the DagBag from /home/airflow/.local/lib/python3.8/site-packages/airflow/example_dags/example_task_group_decorator.py
[2024-03-11T22:02:00.558+0000] {processor.py:840} INFO - DAG(s) 'example_task_group_decorator' retrieved from /home/airflow/.local/lib/python3.8/site-packages/airflow/example_dags/example_task_group_decorator.py
[2024-03-11T22:02:00.843+0000] {logging_mixin.py:188} INFO - [2024-03-11T22:02:00.841+0000] {dag.py:3047} INFO - Sync 1 DAGs
[2024-03-11T22:02:01.010+0000] {logging_mixin.py:188} INFO - [2024-03-11T22:02:01.010+0000] {dag.py:3834} INFO - Setting next_dagrun for example_task_group_decorator to 2024-03-10 00:00:00+00:00, run_after=2024-03-11 00:00:00+00:00
[2024-03-11T22:02:01.103+0000] {processor.py:183} INFO - Processing /home/airflow/.local/lib/python3.8/site-packages/airflow/example_dags/example_task_group_decorator.py took 0.577 seconds
[2024-03-11T22:02:32.096+0000] {processor.py:161} INFO - Started process (PID=105) to work on /home/airflow/.local/lib/python3.8/site-packages/airflow/example_dags/example_task_group_decorator.py
[2024-03-11T22:02:32.098+0000] {processor.py:830} INFO - Processing file /home/airflow/.local/lib/python3.8/site-packages/airflow/example_dags/example_task_group_decorator.py for tasks to queue
[2024-03-11T22:02:32.100+0000] {logging_mixin.py:188} INFO - [2024-03-11T22:02:32.099+0000] {dagbag.py:540} INFO - Filling up the DagBag from /home/airflow/.local/lib/python3.8/site-packages/airflow/example_dags/example_task_group_decorator.py
[2024-03-11T22:02:32.126+0000] {processor.py:840} INFO - DAG(s) 'example_task_group_decorator' retrieved from /home/airflow/.local/lib/python3.8/site-packages/airflow/example_dags/example_task_group_decorator.py
[2024-03-11T22:02:32.316+0000] {logging_mixin.py:188} INFO - [2024-03-11T22:02:32.316+0000] {dag.py:3047} INFO - Sync 1 DAGs
[2024-03-11T22:02:32.380+0000] {logging_mixin.py:188} INFO - [2024-03-11T22:02:32.379+0000] {dag.py:3834} INFO - Setting next_dagrun for example_task_group_decorator to 2024-03-10 00:00:00+00:00, run_after=2024-03-11 00:00:00+00:00
[2024-03-11T22:02:32.430+0000] {processor.py:183} INFO - Processing /home/airflow/.local/lib/python3.8/site-packages/airflow/example_dags/example_task_group_decorator.py took 0.338 seconds
[2024-03-11T22:03:02.491+0000] {processor.py:161} INFO - Started process (PID=161) to work on /home/airflow/.local/lib/python3.8/site-packages/airflow/example_dags/example_task_group_decorator.py
[2024-03-11T22:03:02.493+0000] {processor.py:830} INFO - Processing file /home/airflow/.local/lib/python3.8/site-packages/airflow/example_dags/example_task_group_decorator.py for tasks to queue
[2024-03-11T22:03:02.496+0000] {logging_mixin.py:188} INFO - [2024-03-11T22:03:02.495+0000] {dagbag.py:540} INFO - Filling up the DagBag from /home/airflow/.local/lib/python3.8/site-packages/airflow/example_dags/example_task_group_decorator.py
[2024-03-11T22:03:02.516+0000] {processor.py:840} INFO - DAG(s) 'example_task_group_decorator' retrieved from /home/airflow/.local/lib/python3.8/site-packages/airflow/example_dags/example_task_group_decorator.py
[2024-03-11T22:03:02.550+0000] {logging_mixin.py:188} INFO - [2024-03-11T22:03:02.549+0000] {dag.py:3047} INFO - Sync 1 DAGs
[2024-03-11T22:03:02.584+0000] {logging_mixin.py:188} INFO - [2024-03-11T22:03:02.584+0000] {dag.py:3834} INFO - Setting next_dagrun for example_task_group_decorator to 2024-03-10 00:00:00+00:00, run_after=2024-03-11 00:00:00+00:00
[2024-03-11T22:03:02.610+0000] {processor.py:183} INFO - Processing /home/airflow/.local/lib/python3.8/site-packages/airflow/example_dags/example_task_group_decorator.py took 0.122 seconds
[2024-03-11T22:05:12.383+0000] {processor.py:161} INFO - Started process (PID=42) to work on /home/airflow/.local/lib/python3.8/site-packages/airflow/example_dags/example_task_group_decorator.py
[2024-03-11T22:05:12.387+0000] {processor.py:830} INFO - Processing file /home/airflow/.local/lib/python3.8/site-packages/airflow/example_dags/example_task_group_decorator.py for tasks to queue
[2024-03-11T22:05:12.390+0000] {logging_mixin.py:188} INFO - [2024-03-11T22:05:12.389+0000] {dagbag.py:540} INFO - Filling up the DagBag from /home/airflow/.local/lib/python3.8/site-packages/airflow/example_dags/example_task_group_decorator.py
[2024-03-11T22:05:12.429+0000] {processor.py:840} INFO - DAG(s) 'example_task_group_decorator' retrieved from /home/airflow/.local/lib/python3.8/site-packages/airflow/example_dags/example_task_group_decorator.py
[2024-03-11T22:05:12.450+0000] {logging_mixin.py:188} INFO - [2024-03-11T22:05:12.449+0000] {dag.py:3047} INFO - Sync 1 DAGs
[2024-03-11T22:05:12.501+0000] {logging_mixin.py:188} INFO - [2024-03-11T22:05:12.499+0000] {dag.py:3834} INFO - Setting next_dagrun for example_task_group_decorator to 2024-03-10 00:00:00+00:00, run_after=2024-03-11 00:00:00+00:00
[2024-03-11T22:05:12.546+0000] {processor.py:183} INFO - Processing /home/airflow/.local/lib/python3.8/site-packages/airflow/example_dags/example_task_group_decorator.py took 0.170 seconds
[2024-03-11T22:05:43.340+0000] {processor.py:161} INFO - Started process (PID=99) to work on /home/airflow/.local/lib/python3.8/site-packages/airflow/example_dags/example_task_group_decorator.py
[2024-03-11T22:05:43.342+0000] {processor.py:830} INFO - Processing file /home/airflow/.local/lib/python3.8/site-packages/airflow/example_dags/example_task_group_decorator.py for tasks to queue
[2024-03-11T22:05:43.344+0000] {logging_mixin.py:188} INFO - [2024-03-11T22:05:43.344+0000] {dagbag.py:540} INFO - Filling up the DagBag from /home/airflow/.local/lib/python3.8/site-packages/airflow/example_dags/example_task_group_decorator.py
[2024-03-11T22:05:43.359+0000] {processor.py:840} INFO - DAG(s) 'example_task_group_decorator' retrieved from /home/airflow/.local/lib/python3.8/site-packages/airflow/example_dags/example_task_group_decorator.py
[2024-03-11T22:05:43.467+0000] {logging_mixin.py:188} INFO - [2024-03-11T22:05:43.466+0000] {dag.py:3047} INFO - Sync 1 DAGs
[2024-03-11T22:05:43.493+0000] {logging_mixin.py:188} INFO - [2024-03-11T22:05:43.492+0000] {dag.py:3834} INFO - Setting next_dagrun for example_task_group_decorator to 2024-03-10 00:00:00+00:00, run_after=2024-03-11 00:00:00+00:00
[2024-03-11T22:05:43.520+0000] {processor.py:183} INFO - Processing /home/airflow/.local/lib/python3.8/site-packages/airflow/example_dags/example_task_group_decorator.py took 0.183 seconds
[2024-03-11T22:06:13.695+0000] {processor.py:161} INFO - Started process (PID=156) to work on /home/airflow/.local/lib/python3.8/site-packages/airflow/example_dags/example_task_group_decorator.py
[2024-03-11T22:06:13.697+0000] {processor.py:830} INFO - Processing file /home/airflow/.local/lib/python3.8/site-packages/airflow/example_dags/example_task_group_decorator.py for tasks to queue
[2024-03-11T22:06:13.698+0000] {logging_mixin.py:188} INFO - [2024-03-11T22:06:13.698+0000] {dagbag.py:540} INFO - Filling up the DagBag from /home/airflow/.local/lib/python3.8/site-packages/airflow/example_dags/example_task_group_decorator.py
[2024-03-11T22:06:13.712+0000] {processor.py:840} INFO - DAG(s) 'example_task_group_decorator' retrieved from /home/airflow/.local/lib/python3.8/site-packages/airflow/example_dags/example_task_group_decorator.py
[2024-03-11T22:06:13.738+0000] {logging_mixin.py:188} INFO - [2024-03-11T22:06:13.738+0000] {dag.py:3047} INFO - Sync 1 DAGs
[2024-03-11T22:06:13.760+0000] {logging_mixin.py:188} INFO - [2024-03-11T22:06:13.760+0000] {dag.py:3834} INFO - Setting next_dagrun for example_task_group_decorator to 2024-03-10 00:00:00+00:00, run_after=2024-03-11 00:00:00+00:00
[2024-03-11T22:06:13.792+0000] {processor.py:183} INFO - Processing /home/airflow/.local/lib/python3.8/site-packages/airflow/example_dags/example_task_group_decorator.py took 0.099 seconds
[2024-03-11T22:06:43.926+0000] {processor.py:161} INFO - Started process (PID=212) to work on /home/airflow/.local/lib/python3.8/site-packages/airflow/example_dags/example_task_group_decorator.py
[2024-03-11T22:06:43.928+0000] {processor.py:830} INFO - Processing file /home/airflow/.local/lib/python3.8/site-packages/airflow/example_dags/example_task_group_decorator.py for tasks to queue
[2024-03-11T22:06:43.929+0000] {logging_mixin.py:188} INFO - [2024-03-11T22:06:43.929+0000] {dagbag.py:540} INFO - Filling up the DagBag from /home/airflow/.local/lib/python3.8/site-packages/airflow/example_dags/example_task_group_decorator.py
[2024-03-11T22:06:43.942+0000] {processor.py:840} INFO - DAG(s) 'example_task_group_decorator' retrieved from /home/airflow/.local/lib/python3.8/site-packages/airflow/example_dags/example_task_group_decorator.py
[2024-03-11T22:06:43.970+0000] {logging_mixin.py:188} INFO - [2024-03-11T22:06:43.970+0000] {dag.py:3047} INFO - Sync 1 DAGs
[2024-03-11T22:06:43.992+0000] {logging_mixin.py:188} INFO - [2024-03-11T22:06:43.992+0000] {dag.py:3834} INFO - Setting next_dagrun for example_task_group_decorator to 2024-03-10 00:00:00+00:00, run_after=2024-03-11 00:00:00+00:00
[2024-03-11T22:06:44.017+0000] {processor.py:183} INFO - Processing /home/airflow/.local/lib/python3.8/site-packages/airflow/example_dags/example_task_group_decorator.py took 0.093 seconds
[2024-03-11T22:07:14.127+0000] {processor.py:161} INFO - Started process (PID=268) to work on /home/airflow/.local/lib/python3.8/site-packages/airflow/example_dags/example_task_group_decorator.py
[2024-03-11T22:07:14.129+0000] {processor.py:830} INFO - Processing file /home/airflow/.local/lib/python3.8/site-packages/airflow/example_dags/example_task_group_decorator.py for tasks to queue
[2024-03-11T22:07:14.130+0000] {logging_mixin.py:188} INFO - [2024-03-11T22:07:14.130+0000] {dagbag.py:540} INFO - Filling up the DagBag from /home/airflow/.local/lib/python3.8/site-packages/airflow/example_dags/example_task_group_decorator.py
[2024-03-11T22:07:14.142+0000] {processor.py:840} INFO - DAG(s) 'example_task_group_decorator' retrieved from /home/airflow/.local/lib/python3.8/site-packages/airflow/example_dags/example_task_group_decorator.py
[2024-03-11T22:07:14.165+0000] {logging_mixin.py:188} INFO - [2024-03-11T22:07:14.165+0000] {dag.py:3047} INFO - Sync 1 DAGs
[2024-03-11T22:07:14.186+0000] {logging_mixin.py:188} INFO - [2024-03-11T22:07:14.186+0000] {dag.py:3834} INFO - Setting next_dagrun for example_task_group_decorator to 2024-03-10 00:00:00+00:00, run_after=2024-03-11 00:00:00+00:00
[2024-03-11T22:07:14.208+0000] {processor.py:183} INFO - Processing /home/airflow/.local/lib/python3.8/site-packages/airflow/example_dags/example_task_group_decorator.py took 0.084 seconds
[2024-03-11T22:07:44.271+0000] {processor.py:161} INFO - Started process (PID=325) to work on /home/airflow/.local/lib/python3.8/site-packages/airflow/example_dags/example_task_group_decorator.py
[2024-03-11T22:07:44.272+0000] {processor.py:830} INFO - Processing file /home/airflow/.local/lib/python3.8/site-packages/airflow/example_dags/example_task_group_decorator.py for tasks to queue
[2024-03-11T22:07:44.274+0000] {logging_mixin.py:188} INFO - [2024-03-11T22:07:44.274+0000] {dagbag.py:540} INFO - Filling up the DagBag from /home/airflow/.local/lib/python3.8/site-packages/airflow/example_dags/example_task_group_decorator.py
[2024-03-11T22:07:44.288+0000] {processor.py:840} INFO - DAG(s) 'example_task_group_decorator' retrieved from /home/airflow/.local/lib/python3.8/site-packages/airflow/example_dags/example_task_group_decorator.py
[2024-03-11T22:07:44.312+0000] {logging_mixin.py:188} INFO - [2024-03-11T22:07:44.312+0000] {dag.py:3047} INFO - Sync 1 DAGs
[2024-03-11T22:07:44.345+0000] {logging_mixin.py:188} INFO - [2024-03-11T22:07:44.345+0000] {dag.py:3834} INFO - Setting next_dagrun for example_task_group_decorator to 2024-03-10 00:00:00+00:00, run_after=2024-03-11 00:00:00+00:00
[2024-03-11T22:07:44.376+0000] {processor.py:183} INFO - Processing /home/airflow/.local/lib/python3.8/site-packages/airflow/example_dags/example_task_group_decorator.py took 0.108 seconds
[2024-03-11T22:08:14.563+0000] {processor.py:161} INFO - Started process (PID=382) to work on /home/airflow/.local/lib/python3.8/site-packages/airflow/example_dags/example_task_group_decorator.py
[2024-03-11T22:08:14.564+0000] {processor.py:830} INFO - Processing file /home/airflow/.local/lib/python3.8/site-packages/airflow/example_dags/example_task_group_decorator.py for tasks to queue
[2024-03-11T22:08:14.566+0000] {logging_mixin.py:188} INFO - [2024-03-11T22:08:14.565+0000] {dagbag.py:540} INFO - Filling up the DagBag from /home/airflow/.local/lib/python3.8/site-packages/airflow/example_dags/example_task_group_decorator.py
[2024-03-11T22:08:14.579+0000] {processor.py:840} INFO - DAG(s) 'example_task_group_decorator' retrieved from /home/airflow/.local/lib/python3.8/site-packages/airflow/example_dags/example_task_group_decorator.py
[2024-03-11T22:08:14.603+0000] {logging_mixin.py:188} INFO - [2024-03-11T22:08:14.602+0000] {dag.py:3047} INFO - Sync 1 DAGs
[2024-03-11T22:08:14.632+0000] {logging_mixin.py:188} INFO - [2024-03-11T22:08:14.632+0000] {dag.py:3834} INFO - Setting next_dagrun for example_task_group_decorator to 2024-03-10 00:00:00+00:00, run_after=2024-03-11 00:00:00+00:00
[2024-03-11T22:08:14.663+0000] {processor.py:183} INFO - Processing /home/airflow/.local/lib/python3.8/site-packages/airflow/example_dags/example_task_group_decorator.py took 0.104 seconds
[2024-03-11T22:08:45.138+0000] {processor.py:161} INFO - Started process (PID=439) to work on /home/airflow/.local/lib/python3.8/site-packages/airflow/example_dags/example_task_group_decorator.py
[2024-03-11T22:08:45.139+0000] {processor.py:830} INFO - Processing file /home/airflow/.local/lib/python3.8/site-packages/airflow/example_dags/example_task_group_decorator.py for tasks to queue
[2024-03-11T22:08:45.141+0000] {logging_mixin.py:188} INFO - [2024-03-11T22:08:45.141+0000] {dagbag.py:540} INFO - Filling up the DagBag from /home/airflow/.local/lib/python3.8/site-packages/airflow/example_dags/example_task_group_decorator.py
[2024-03-11T22:08:45.154+0000] {processor.py:840} INFO - DAG(s) 'example_task_group_decorator' retrieved from /home/airflow/.local/lib/python3.8/site-packages/airflow/example_dags/example_task_group_decorator.py
[2024-03-11T22:08:45.179+0000] {logging_mixin.py:188} INFO - [2024-03-11T22:08:45.178+0000] {dag.py:3047} INFO - Sync 1 DAGs
[2024-03-11T22:08:45.203+0000] {logging_mixin.py:188} INFO - [2024-03-11T22:08:45.203+0000] {dag.py:3834} INFO - Setting next_dagrun for example_task_group_decorator to 2024-03-10 00:00:00+00:00, run_after=2024-03-11 00:00:00+00:00
[2024-03-11T22:08:45.228+0000] {processor.py:183} INFO - Processing /home/airflow/.local/lib/python3.8/site-packages/airflow/example_dags/example_task_group_decorator.py took 0.093 seconds
[2024-03-11T22:09:15.251+0000] {processor.py:161} INFO - Started process (PID=496) to work on /home/airflow/.local/lib/python3.8/site-packages/airflow/example_dags/example_task_group_decorator.py
[2024-03-11T22:09:15.252+0000] {processor.py:830} INFO - Processing file /home/airflow/.local/lib/python3.8/site-packages/airflow/example_dags/example_task_group_decorator.py for tasks to queue
[2024-03-11T22:09:15.254+0000] {logging_mixin.py:188} INFO - [2024-03-11T22:09:15.253+0000] {dagbag.py:540} INFO - Filling up the DagBag from /home/airflow/.local/lib/python3.8/site-packages/airflow/example_dags/example_task_group_decorator.py
[2024-03-11T22:09:15.266+0000] {processor.py:840} INFO - DAG(s) 'example_task_group_decorator' retrieved from /home/airflow/.local/lib/python3.8/site-packages/airflow/example_dags/example_task_group_decorator.py
[2024-03-11T22:09:15.288+0000] {logging_mixin.py:188} INFO - [2024-03-11T22:09:15.288+0000] {dag.py:3047} INFO - Sync 1 DAGs
[2024-03-11T22:09:15.311+0000] {logging_mixin.py:188} INFO - [2024-03-11T22:09:15.311+0000] {dag.py:3834} INFO - Setting next_dagrun for example_task_group_decorator to 2024-03-10 00:00:00+00:00, run_after=2024-03-11 00:00:00+00:00
[2024-03-11T22:09:15.333+0000] {processor.py:183} INFO - Processing /home/airflow/.local/lib/python3.8/site-packages/airflow/example_dags/example_task_group_decorator.py took 0.086 seconds
[2024-03-11T22:09:45.395+0000] {processor.py:161} INFO - Started process (PID=553) to work on /home/airflow/.local/lib/python3.8/site-packages/airflow/example_dags/example_task_group_decorator.py
[2024-03-11T22:09:45.397+0000] {processor.py:830} INFO - Processing file /home/airflow/.local/lib/python3.8/site-packages/airflow/example_dags/example_task_group_decorator.py for tasks to queue
[2024-03-11T22:09:45.398+0000] {logging_mixin.py:188} INFO - [2024-03-11T22:09:45.398+0000] {dagbag.py:540} INFO - Filling up the DagBag from /home/airflow/.local/lib/python3.8/site-packages/airflow/example_dags/example_task_group_decorator.py
[2024-03-11T22:09:45.410+0000] {processor.py:840} INFO - DAG(s) 'example_task_group_decorator' retrieved from /home/airflow/.local/lib/python3.8/site-packages/airflow/example_dags/example_task_group_decorator.py
[2024-03-11T22:09:45.435+0000] {logging_mixin.py:188} INFO - [2024-03-11T22:09:45.434+0000] {dag.py:3047} INFO - Sync 1 DAGs
[2024-03-11T22:09:45.459+0000] {logging_mixin.py:188} INFO - [2024-03-11T22:09:45.459+0000] {dag.py:3834} INFO - Setting next_dagrun for example_task_group_decorator to 2024-03-10 00:00:00+00:00, run_after=2024-03-11 00:00:00+00:00
[2024-03-11T22:09:45.486+0000] {processor.py:183} INFO - Processing /home/airflow/.local/lib/python3.8/site-packages/airflow/example_dags/example_task_group_decorator.py took 0.094 seconds
[2024-03-11T22:10:15.634+0000] {processor.py:161} INFO - Started process (PID=610) to work on /home/airflow/.local/lib/python3.8/site-packages/airflow/example_dags/example_task_group_decorator.py
[2024-03-11T22:10:15.636+0000] {processor.py:830} INFO - Processing file /home/airflow/.local/lib/python3.8/site-packages/airflow/example_dags/example_task_group_decorator.py for tasks to queue
[2024-03-11T22:10:15.638+0000] {logging_mixin.py:188} INFO - [2024-03-11T22:10:15.637+0000] {dagbag.py:540} INFO - Filling up the DagBag from /home/airflow/.local/lib/python3.8/site-packages/airflow/example_dags/example_task_group_decorator.py
[2024-03-11T22:10:15.651+0000] {processor.py:840} INFO - DAG(s) 'example_task_group_decorator' retrieved from /home/airflow/.local/lib/python3.8/site-packages/airflow/example_dags/example_task_group_decorator.py
[2024-03-11T22:10:15.679+0000] {logging_mixin.py:188} INFO - [2024-03-11T22:10:15.679+0000] {dag.py:3047} INFO - Sync 1 DAGs
[2024-03-11T22:10:15.706+0000] {logging_mixin.py:188} INFO - [2024-03-11T22:10:15.706+0000] {dag.py:3834} INFO - Setting next_dagrun for example_task_group_decorator to 2024-03-10 00:00:00+00:00, run_after=2024-03-11 00:00:00+00:00
[2024-03-11T22:10:15.737+0000] {processor.py:183} INFO - Processing /home/airflow/.local/lib/python3.8/site-packages/airflow/example_dags/example_task_group_decorator.py took 0.107 seconds
[2024-03-11T22:10:46.028+0000] {processor.py:161} INFO - Started process (PID=667) to work on /home/airflow/.local/lib/python3.8/site-packages/airflow/example_dags/example_task_group_decorator.py
[2024-03-11T22:10:46.029+0000] {processor.py:830} INFO - Processing file /home/airflow/.local/lib/python3.8/site-packages/airflow/example_dags/example_task_group_decorator.py for tasks to queue
[2024-03-11T22:10:46.031+0000] {logging_mixin.py:188} INFO - [2024-03-11T22:10:46.030+0000] {dagbag.py:540} INFO - Filling up the DagBag from /home/airflow/.local/lib/python3.8/site-packages/airflow/example_dags/example_task_group_decorator.py
[2024-03-11T22:10:46.043+0000] {processor.py:840} INFO - DAG(s) 'example_task_group_decorator' retrieved from /home/airflow/.local/lib/python3.8/site-packages/airflow/example_dags/example_task_group_decorator.py
[2024-03-11T22:10:46.067+0000] {logging_mixin.py:188} INFO - [2024-03-11T22:10:46.066+0000] {dag.py:3047} INFO - Sync 1 DAGs
[2024-03-11T22:10:46.088+0000] {logging_mixin.py:188} INFO - [2024-03-11T22:10:46.088+0000] {dag.py:3834} INFO - Setting next_dagrun for example_task_group_decorator to 2024-03-10 00:00:00+00:00, run_after=2024-03-11 00:00:00+00:00
[2024-03-11T22:10:46.112+0000] {processor.py:183} INFO - Processing /home/airflow/.local/lib/python3.8/site-packages/airflow/example_dags/example_task_group_decorator.py took 0.087 seconds
[2024-03-11T22:11:16.157+0000] {processor.py:161} INFO - Started process (PID=724) to work on /home/airflow/.local/lib/python3.8/site-packages/airflow/example_dags/example_task_group_decorator.py
[2024-03-11T22:11:16.158+0000] {processor.py:830} INFO - Processing file /home/airflow/.local/lib/python3.8/site-packages/airflow/example_dags/example_task_group_decorator.py for tasks to queue
[2024-03-11T22:11:16.160+0000] {logging_mixin.py:188} INFO - [2024-03-11T22:11:16.160+0000] {dagbag.py:540} INFO - Filling up the DagBag from /home/airflow/.local/lib/python3.8/site-packages/airflow/example_dags/example_task_group_decorator.py
[2024-03-11T22:11:16.172+0000] {processor.py:840} INFO - DAG(s) 'example_task_group_decorator' retrieved from /home/airflow/.local/lib/python3.8/site-packages/airflow/example_dags/example_task_group_decorator.py
[2024-03-11T22:11:16.197+0000] {logging_mixin.py:188} INFO - [2024-03-11T22:11:16.196+0000] {dag.py:3047} INFO - Sync 1 DAGs
[2024-03-11T22:11:16.218+0000] {logging_mixin.py:188} INFO - [2024-03-11T22:11:16.217+0000] {dag.py:3834} INFO - Setting next_dagrun for example_task_group_decorator to 2024-03-10 00:00:00+00:00, run_after=2024-03-11 00:00:00+00:00
[2024-03-11T22:11:16.241+0000] {processor.py:183} INFO - Processing /home/airflow/.local/lib/python3.8/site-packages/airflow/example_dags/example_task_group_decorator.py took 0.088 seconds
[2024-03-11T22:11:46.993+0000] {processor.py:161} INFO - Started process (PID=781) to work on /home/airflow/.local/lib/python3.8/site-packages/airflow/example_dags/example_task_group_decorator.py
[2024-03-11T22:11:46.996+0000] {processor.py:830} INFO - Processing file /home/airflow/.local/lib/python3.8/site-packages/airflow/example_dags/example_task_group_decorator.py for tasks to queue
[2024-03-11T22:11:46.998+0000] {logging_mixin.py:188} INFO - [2024-03-11T22:11:46.998+0000] {dagbag.py:540} INFO - Filling up the DagBag from /home/airflow/.local/lib/python3.8/site-packages/airflow/example_dags/example_task_group_decorator.py
[2024-03-11T22:11:47.012+0000] {processor.py:840} INFO - DAG(s) 'example_task_group_decorator' retrieved from /home/airflow/.local/lib/python3.8/site-packages/airflow/example_dags/example_task_group_decorator.py
[2024-03-11T22:11:47.038+0000] {logging_mixin.py:188} INFO - [2024-03-11T22:11:47.038+0000] {dag.py:3047} INFO - Sync 1 DAGs
[2024-03-11T22:11:47.064+0000] {logging_mixin.py:188} INFO - [2024-03-11T22:11:47.064+0000] {dag.py:3834} INFO - Setting next_dagrun for example_task_group_decorator to 2024-03-10 00:00:00+00:00, run_after=2024-03-11 00:00:00+00:00
[2024-03-11T22:11:47.094+0000] {processor.py:183} INFO - Processing /home/airflow/.local/lib/python3.8/site-packages/airflow/example_dags/example_task_group_decorator.py took 0.104 seconds
[2024-03-11T22:12:17.187+0000] {processor.py:161} INFO - Started process (PID=838) to work on /home/airflow/.local/lib/python3.8/site-packages/airflow/example_dags/example_task_group_decorator.py
[2024-03-11T22:12:17.189+0000] {processor.py:830} INFO - Processing file /home/airflow/.local/lib/python3.8/site-packages/airflow/example_dags/example_task_group_decorator.py for tasks to queue
[2024-03-11T22:12:17.192+0000] {logging_mixin.py:188} INFO - [2024-03-11T22:12:17.192+0000] {dagbag.py:540} INFO - Filling up the DagBag from /home/airflow/.local/lib/python3.8/site-packages/airflow/example_dags/example_task_group_decorator.py
[2024-03-11T22:12:17.210+0000] {processor.py:840} INFO - DAG(s) 'example_task_group_decorator' retrieved from /home/airflow/.local/lib/python3.8/site-packages/airflow/example_dags/example_task_group_decorator.py
[2024-03-11T22:12:17.241+0000] {logging_mixin.py:188} INFO - [2024-03-11T22:12:17.241+0000] {dag.py:3047} INFO - Sync 1 DAGs
[2024-03-11T22:12:17.275+0000] {logging_mixin.py:188} INFO - [2024-03-11T22:12:17.275+0000] {dag.py:3834} INFO - Setting next_dagrun for example_task_group_decorator to 2024-03-10 00:00:00+00:00, run_after=2024-03-11 00:00:00+00:00
[2024-03-11T22:12:17.311+0000] {processor.py:183} INFO - Processing /home/airflow/.local/lib/python3.8/site-packages/airflow/example_dags/example_task_group_decorator.py took 0.128 seconds
[2024-03-11T22:12:47.507+0000] {processor.py:161} INFO - Started process (PID=895) to work on /home/airflow/.local/lib/python3.8/site-packages/airflow/example_dags/example_task_group_decorator.py
[2024-03-11T22:12:47.508+0000] {processor.py:830} INFO - Processing file /home/airflow/.local/lib/python3.8/site-packages/airflow/example_dags/example_task_group_decorator.py for tasks to queue
[2024-03-11T22:12:47.510+0000] {logging_mixin.py:188} INFO - [2024-03-11T22:12:47.510+0000] {dagbag.py:540} INFO - Filling up the DagBag from /home/airflow/.local/lib/python3.8/site-packages/airflow/example_dags/example_task_group_decorator.py
[2024-03-11T22:12:47.524+0000] {processor.py:840} INFO - DAG(s) 'example_task_group_decorator' retrieved from /home/airflow/.local/lib/python3.8/site-packages/airflow/example_dags/example_task_group_decorator.py
[2024-03-11T22:12:47.556+0000] {logging_mixin.py:188} INFO - [2024-03-11T22:12:47.556+0000] {dag.py:3047} INFO - Sync 1 DAGs
[2024-03-11T22:12:47.580+0000] {logging_mixin.py:188} INFO - [2024-03-11T22:12:47.580+0000] {dag.py:3834} INFO - Setting next_dagrun for example_task_group_decorator to 2024-03-10 00:00:00+00:00, run_after=2024-03-11 00:00:00+00:00
[2024-03-11T22:12:47.610+0000] {processor.py:183} INFO - Processing /home/airflow/.local/lib/python3.8/site-packages/airflow/example_dags/example_task_group_decorator.py took 0.107 seconds
[2024-03-11T22:13:17.894+0000] {processor.py:161} INFO - Started process (PID=952) to work on /home/airflow/.local/lib/python3.8/site-packages/airflow/example_dags/example_task_group_decorator.py
[2024-03-11T22:13:17.896+0000] {processor.py:830} INFO - Processing file /home/airflow/.local/lib/python3.8/site-packages/airflow/example_dags/example_task_group_decorator.py for tasks to queue
[2024-03-11T22:13:17.900+0000] {logging_mixin.py:188} INFO - [2024-03-11T22:13:17.899+0000] {dagbag.py:540} INFO - Filling up the DagBag from /home/airflow/.local/lib/python3.8/site-packages/airflow/example_dags/example_task_group_decorator.py
[2024-03-11T22:13:17.915+0000] {processor.py:840} INFO - DAG(s) 'example_task_group_decorator' retrieved from /home/airflow/.local/lib/python3.8/site-packages/airflow/example_dags/example_task_group_decorator.py
[2024-03-11T22:13:17.941+0000] {logging_mixin.py:188} INFO - [2024-03-11T22:13:17.941+0000] {dag.py:3047} INFO - Sync 1 DAGs
[2024-03-11T22:13:17.973+0000] {logging_mixin.py:188} INFO - [2024-03-11T22:13:17.973+0000] {dag.py:3834} INFO - Setting next_dagrun for example_task_group_decorator to 2024-03-10 00:00:00+00:00, run_after=2024-03-11 00:00:00+00:00
[2024-03-11T22:13:18.005+0000] {processor.py:183} INFO - Processing /home/airflow/.local/lib/python3.8/site-packages/airflow/example_dags/example_task_group_decorator.py took 0.115 seconds
[2024-03-11T22:13:48.472+0000] {processor.py:161} INFO - Started process (PID=1009) to work on /home/airflow/.local/lib/python3.8/site-packages/airflow/example_dags/example_task_group_decorator.py
[2024-03-11T22:13:48.474+0000] {processor.py:830} INFO - Processing file /home/airflow/.local/lib/python3.8/site-packages/airflow/example_dags/example_task_group_decorator.py for tasks to queue
[2024-03-11T22:13:48.477+0000] {logging_mixin.py:188} INFO - [2024-03-11T22:13:48.477+0000] {dagbag.py:540} INFO - Filling up the DagBag from /home/airflow/.local/lib/python3.8/site-packages/airflow/example_dags/example_task_group_decorator.py
[2024-03-11T22:13:48.491+0000] {processor.py:840} INFO - DAG(s) 'example_task_group_decorator' retrieved from /home/airflow/.local/lib/python3.8/site-packages/airflow/example_dags/example_task_group_decorator.py
[2024-03-11T22:13:48.516+0000] {logging_mixin.py:188} INFO - [2024-03-11T22:13:48.515+0000] {dag.py:3047} INFO - Sync 1 DAGs
[2024-03-11T22:13:48.542+0000] {logging_mixin.py:188} INFO - [2024-03-11T22:13:48.541+0000] {dag.py:3834} INFO - Setting next_dagrun for example_task_group_decorator to 2024-03-10 00:00:00+00:00, run_after=2024-03-11 00:00:00+00:00
[2024-03-11T22:13:48.568+0000] {processor.py:183} INFO - Processing /home/airflow/.local/lib/python3.8/site-packages/airflow/example_dags/example_task_group_decorator.py took 0.099 seconds
[2024-03-11T22:14:18.734+0000] {processor.py:161} INFO - Started process (PID=1066) to work on /home/airflow/.local/lib/python3.8/site-packages/airflow/example_dags/example_task_group_decorator.py
[2024-03-11T22:14:18.735+0000] {processor.py:830} INFO - Processing file /home/airflow/.local/lib/python3.8/site-packages/airflow/example_dags/example_task_group_decorator.py for tasks to queue
[2024-03-11T22:14:18.737+0000] {logging_mixin.py:188} INFO - [2024-03-11T22:14:18.737+0000] {dagbag.py:540} INFO - Filling up the DagBag from /home/airflow/.local/lib/python3.8/site-packages/airflow/example_dags/example_task_group_decorator.py
[2024-03-11T22:14:18.749+0000] {processor.py:840} INFO - DAG(s) 'example_task_group_decorator' retrieved from /home/airflow/.local/lib/python3.8/site-packages/airflow/example_dags/example_task_group_decorator.py
[2024-03-11T22:14:18.772+0000] {logging_mixin.py:188} INFO - [2024-03-11T22:14:18.772+0000] {dag.py:3047} INFO - Sync 1 DAGs
[2024-03-11T22:14:18.792+0000] {logging_mixin.py:188} INFO - [2024-03-11T22:14:18.792+0000] {dag.py:3834} INFO - Setting next_dagrun for example_task_group_decorator to 2024-03-10 00:00:00+00:00, run_after=2024-03-11 00:00:00+00:00
[2024-03-11T22:14:18.816+0000] {processor.py:183} INFO - Processing /home/airflow/.local/lib/python3.8/site-packages/airflow/example_dags/example_task_group_decorator.py took 0.085 seconds
[2024-03-11T22:14:48.925+0000] {processor.py:161} INFO - Started process (PID=1123) to work on /home/airflow/.local/lib/python3.8/site-packages/airflow/example_dags/example_task_group_decorator.py
[2024-03-11T22:14:48.927+0000] {processor.py:830} INFO - Processing file /home/airflow/.local/lib/python3.8/site-packages/airflow/example_dags/example_task_group_decorator.py for tasks to queue
[2024-03-11T22:14:48.929+0000] {logging_mixin.py:188} INFO - [2024-03-11T22:14:48.929+0000] {dagbag.py:540} INFO - Filling up the DagBag from /home/airflow/.local/lib/python3.8/site-packages/airflow/example_dags/example_task_group_decorator.py
[2024-03-11T22:14:48.946+0000] {processor.py:840} INFO - DAG(s) 'example_task_group_decorator' retrieved from /home/airflow/.local/lib/python3.8/site-packages/airflow/example_dags/example_task_group_decorator.py
[2024-03-11T22:14:48.969+0000] {logging_mixin.py:188} INFO - [2024-03-11T22:14:48.969+0000] {dag.py:3047} INFO - Sync 1 DAGs
[2024-03-11T22:14:48.990+0000] {logging_mixin.py:188} INFO - [2024-03-11T22:14:48.989+0000] {dag.py:3834} INFO - Setting next_dagrun for example_task_group_decorator to 2024-03-10 00:00:00+00:00, run_after=2024-03-11 00:00:00+00:00
[2024-03-11T22:14:49.016+0000] {processor.py:183} INFO - Processing /home/airflow/.local/lib/python3.8/site-packages/airflow/example_dags/example_task_group_decorator.py took 0.095 seconds
[2024-03-11T22:15:19.073+0000] {processor.py:161} INFO - Started process (PID=1180) to work on /home/airflow/.local/lib/python3.8/site-packages/airflow/example_dags/example_task_group_decorator.py
[2024-03-11T22:15:19.075+0000] {processor.py:830} INFO - Processing file /home/airflow/.local/lib/python3.8/site-packages/airflow/example_dags/example_task_group_decorator.py for tasks to queue
[2024-03-11T22:15:19.077+0000] {logging_mixin.py:188} INFO - [2024-03-11T22:15:19.077+0000] {dagbag.py:540} INFO - Filling up the DagBag from /home/airflow/.local/lib/python3.8/site-packages/airflow/example_dags/example_task_group_decorator.py
[2024-03-11T22:15:19.095+0000] {processor.py:840} INFO - DAG(s) 'example_task_group_decorator' retrieved from /home/airflow/.local/lib/python3.8/site-packages/airflow/example_dags/example_task_group_decorator.py
[2024-03-11T22:15:19.121+0000] {logging_mixin.py:188} INFO - [2024-03-11T22:15:19.121+0000] {dag.py:3047} INFO - Sync 1 DAGs
[2024-03-11T22:15:19.151+0000] {logging_mixin.py:188} INFO - [2024-03-11T22:15:19.151+0000] {dag.py:3834} INFO - Setting next_dagrun for example_task_group_decorator to 2024-03-10 00:00:00+00:00, run_after=2024-03-11 00:00:00+00:00
[2024-03-11T22:15:19.184+0000] {processor.py:183} INFO - Processing /home/airflow/.local/lib/python3.8/site-packages/airflow/example_dags/example_task_group_decorator.py took 0.115 seconds
[2024-03-11T22:15:49.515+0000] {processor.py:161} INFO - Started process (PID=1237) to work on /home/airflow/.local/lib/python3.8/site-packages/airflow/example_dags/example_task_group_decorator.py
[2024-03-11T22:15:49.516+0000] {processor.py:830} INFO - Processing file /home/airflow/.local/lib/python3.8/site-packages/airflow/example_dags/example_task_group_decorator.py for tasks to queue
[2024-03-11T22:15:49.518+0000] {logging_mixin.py:188} INFO - [2024-03-11T22:15:49.518+0000] {dagbag.py:540} INFO - Filling up the DagBag from /home/airflow/.local/lib/python3.8/site-packages/airflow/example_dags/example_task_group_decorator.py
[2024-03-11T22:15:49.531+0000] {processor.py:840} INFO - DAG(s) 'example_task_group_decorator' retrieved from /home/airflow/.local/lib/python3.8/site-packages/airflow/example_dags/example_task_group_decorator.py
[2024-03-11T22:15:49.554+0000] {logging_mixin.py:188} INFO - [2024-03-11T22:15:49.554+0000] {dag.py:3047} INFO - Sync 1 DAGs
[2024-03-11T22:15:49.575+0000] {logging_mixin.py:188} INFO - [2024-03-11T22:15:49.575+0000] {dag.py:3834} INFO - Setting next_dagrun for example_task_group_decorator to 2024-03-10 00:00:00+00:00, run_after=2024-03-11 00:00:00+00:00
[2024-03-11T22:15:49.597+0000] {processor.py:183} INFO - Processing /home/airflow/.local/lib/python3.8/site-packages/airflow/example_dags/example_task_group_decorator.py took 0.085 seconds
[2024-03-11T22:16:20.072+0000] {processor.py:161} INFO - Started process (PID=1294) to work on /home/airflow/.local/lib/python3.8/site-packages/airflow/example_dags/example_task_group_decorator.py
[2024-03-11T22:16:20.073+0000] {processor.py:830} INFO - Processing file /home/airflow/.local/lib/python3.8/site-packages/airflow/example_dags/example_task_group_decorator.py for tasks to queue
[2024-03-11T22:16:20.075+0000] {logging_mixin.py:188} INFO - [2024-03-11T22:16:20.075+0000] {dagbag.py:540} INFO - Filling up the DagBag from /home/airflow/.local/lib/python3.8/site-packages/airflow/example_dags/example_task_group_decorator.py
[2024-03-11T22:16:20.088+0000] {processor.py:840} INFO - DAG(s) 'example_task_group_decorator' retrieved from /home/airflow/.local/lib/python3.8/site-packages/airflow/example_dags/example_task_group_decorator.py
[2024-03-11T22:16:20.115+0000] {logging_mixin.py:188} INFO - [2024-03-11T22:16:20.114+0000] {dag.py:3047} INFO - Sync 1 DAGs
[2024-03-11T22:16:20.138+0000] {logging_mixin.py:188} INFO - [2024-03-11T22:16:20.138+0000] {dag.py:3834} INFO - Setting next_dagrun for example_task_group_decorator to 2024-03-10 00:00:00+00:00, run_after=2024-03-11 00:00:00+00:00
[2024-03-11T22:16:20.166+0000] {processor.py:183} INFO - Processing /home/airflow/.local/lib/python3.8/site-packages/airflow/example_dags/example_task_group_decorator.py took 0.098 seconds
[2024-03-11T22:16:50.670+0000] {processor.py:161} INFO - Started process (PID=1351) to work on /home/airflow/.local/lib/python3.8/site-packages/airflow/example_dags/example_task_group_decorator.py
[2024-03-11T22:16:50.672+0000] {processor.py:830} INFO - Processing file /home/airflow/.local/lib/python3.8/site-packages/airflow/example_dags/example_task_group_decorator.py for tasks to queue
[2024-03-11T22:16:50.674+0000] {logging_mixin.py:188} INFO - [2024-03-11T22:16:50.673+0000] {dagbag.py:540} INFO - Filling up the DagBag from /home/airflow/.local/lib/python3.8/site-packages/airflow/example_dags/example_task_group_decorator.py
[2024-03-11T22:16:50.687+0000] {processor.py:840} INFO - DAG(s) 'example_task_group_decorator' retrieved from /home/airflow/.local/lib/python3.8/site-packages/airflow/example_dags/example_task_group_decorator.py
[2024-03-11T22:16:50.712+0000] {logging_mixin.py:188} INFO - [2024-03-11T22:16:50.712+0000] {dag.py:3047} INFO - Sync 1 DAGs
[2024-03-11T22:16:50.733+0000] {logging_mixin.py:188} INFO - [2024-03-11T22:16:50.733+0000] {dag.py:3834} INFO - Setting next_dagrun for example_task_group_decorator to 2024-03-10 00:00:00+00:00, run_after=2024-03-11 00:00:00+00:00
[2024-03-11T22:16:50.758+0000] {processor.py:183} INFO - Processing /home/airflow/.local/lib/python3.8/site-packages/airflow/example_dags/example_task_group_decorator.py took 0.091 seconds
[2024-03-11T22:17:20.996+0000] {processor.py:161} INFO - Started process (PID=1408) to work on /home/airflow/.local/lib/python3.8/site-packages/airflow/example_dags/example_task_group_decorator.py
[2024-03-11T22:17:20.999+0000] {processor.py:830} INFO - Processing file /home/airflow/.local/lib/python3.8/site-packages/airflow/example_dags/example_task_group_decorator.py for tasks to queue
[2024-03-11T22:17:21.002+0000] {logging_mixin.py:188} INFO - [2024-03-11T22:17:21.001+0000] {dagbag.py:540} INFO - Filling up the DagBag from /home/airflow/.local/lib/python3.8/site-packages/airflow/example_dags/example_task_group_decorator.py
[2024-03-11T22:17:21.038+0000] {processor.py:840} INFO - DAG(s) 'example_task_group_decorator' retrieved from /home/airflow/.local/lib/python3.8/site-packages/airflow/example_dags/example_task_group_decorator.py
[2024-03-11T22:17:21.097+0000] {logging_mixin.py:188} INFO - [2024-03-11T22:17:21.097+0000] {dag.py:3047} INFO - Sync 1 DAGs
[2024-03-11T22:17:21.123+0000] {logging_mixin.py:188} INFO - [2024-03-11T22:17:21.122+0000] {dag.py:3834} INFO - Setting next_dagrun for example_task_group_decorator to 2024-03-10 00:00:00+00:00, run_after=2024-03-11 00:00:00+00:00
[2024-03-11T22:17:21.148+0000] {processor.py:183} INFO - Processing /home/airflow/.local/lib/python3.8/site-packages/airflow/example_dags/example_task_group_decorator.py took 0.161 seconds
