[2024-03-11T22:02:09.265+0000] {processor.py:161} INFO - Started process (PID=70) to work on /home/airflow/.local/lib/python3.8/site-packages/airflow/example_dags/example_sla_dag.py
[2024-03-11T22:02:09.266+0000] {processor.py:830} INFO - Processing file /home/airflow/.local/lib/python3.8/site-packages/airflow/example_dags/example_sla_dag.py for tasks to queue
[2024-03-11T22:02:09.269+0000] {logging_mixin.py:188} INFO - [2024-03-11T22:02:09.268+0000] {dagbag.py:540} INFO - Filling up the DagBag from /home/airflow/.local/lib/python3.8/site-packages/airflow/example_dags/example_sla_dag.py
[2024-03-11T22:02:09.288+0000] {processor.py:840} INFO - DAG(s) 'example_sla_dag' retrieved from /home/airflow/.local/lib/python3.8/site-packages/airflow/example_dags/example_sla_dag.py
[2024-03-11T22:02:10.829+0000] {logging_mixin.py:188} INFO - [2024-03-11T22:02:10.828+0000] {dag.py:3047} INFO - Sync 1 DAGs
[2024-03-11T22:02:10.998+0000] {logging_mixin.py:188} INFO - [2024-03-11T22:02:10.997+0000] {dag.py:3834} INFO - Setting next_dagrun for example_sla_dag to 2024-03-11 22:00:00+00:00, run_after=2024-03-11 22:02:00+00:00
[2024-03-11T22:02:11.073+0000] {processor.py:183} INFO - Processing /home/airflow/.local/lib/python3.8/site-packages/airflow/example_dags/example_sla_dag.py took 1.861 seconds
[2024-03-11T22:02:41.117+0000] {processor.py:161} INFO - Started process (PID=127) to work on /home/airflow/.local/lib/python3.8/site-packages/airflow/example_dags/example_sla_dag.py
[2024-03-11T22:02:41.118+0000] {processor.py:830} INFO - Processing file /home/airflow/.local/lib/python3.8/site-packages/airflow/example_dags/example_sla_dag.py for tasks to queue
[2024-03-11T22:02:41.120+0000] {logging_mixin.py:188} INFO - [2024-03-11T22:02:41.119+0000] {dagbag.py:540} INFO - Filling up the DagBag from /home/airflow/.local/lib/python3.8/site-packages/airflow/example_dags/example_sla_dag.py
[2024-03-11T22:02:41.131+0000] {processor.py:840} INFO - DAG(s) 'example_sla_dag' retrieved from /home/airflow/.local/lib/python3.8/site-packages/airflow/example_dags/example_sla_dag.py
[2024-03-11T22:02:41.158+0000] {logging_mixin.py:188} INFO - [2024-03-11T22:02:41.158+0000] {dag.py:3047} INFO - Sync 1 DAGs
[2024-03-11T22:02:41.201+0000] {logging_mixin.py:188} INFO - [2024-03-11T22:02:41.201+0000] {dag.py:3834} INFO - Setting next_dagrun for example_sla_dag to 2024-03-11 22:00:00+00:00, run_after=2024-03-11 22:02:00+00:00
[2024-03-11T22:02:41.248+0000] {processor.py:183} INFO - Processing /home/airflow/.local/lib/python3.8/site-packages/airflow/example_dags/example_sla_dag.py took 0.135 seconds
[2024-03-11T22:05:18.224+0000] {processor.py:161} INFO - Started process (PID=63) to work on /home/airflow/.local/lib/python3.8/site-packages/airflow/example_dags/example_sla_dag.py
[2024-03-11T22:05:18.225+0000] {processor.py:830} INFO - Processing file /home/airflow/.local/lib/python3.8/site-packages/airflow/example_dags/example_sla_dag.py for tasks to queue
[2024-03-11T22:05:18.227+0000] {logging_mixin.py:188} INFO - [2024-03-11T22:05:18.227+0000] {dagbag.py:540} INFO - Filling up the DagBag from /home/airflow/.local/lib/python3.8/site-packages/airflow/example_dags/example_sla_dag.py
[2024-03-11T22:05:18.238+0000] {processor.py:840} INFO - DAG(s) 'example_sla_dag' retrieved from /home/airflow/.local/lib/python3.8/site-packages/airflow/example_dags/example_sla_dag.py
[2024-03-11T22:05:18.481+0000] {logging_mixin.py:188} INFO - [2024-03-11T22:05:18.481+0000] {dag.py:3047} INFO - Sync 1 DAGs
[2024-03-11T22:05:18.514+0000] {logging_mixin.py:188} INFO - [2024-03-11T22:05:18.513+0000] {dag.py:3834} INFO - Setting next_dagrun for example_sla_dag to 2024-03-11 22:02:00+00:00, run_after=2024-03-11 22:04:00+00:00
[2024-03-11T22:05:18.552+0000] {processor.py:183} INFO - Processing /home/airflow/.local/lib/python3.8/site-packages/airflow/example_dags/example_sla_dag.py took 0.331 seconds
[2024-03-11T22:05:48.976+0000] {processor.py:161} INFO - Started process (PID=120) to work on /home/airflow/.local/lib/python3.8/site-packages/airflow/example_dags/example_sla_dag.py
[2024-03-11T22:05:48.978+0000] {processor.py:830} INFO - Processing file /home/airflow/.local/lib/python3.8/site-packages/airflow/example_dags/example_sla_dag.py for tasks to queue
[2024-03-11T22:05:48.980+0000] {logging_mixin.py:188} INFO - [2024-03-11T22:05:48.980+0000] {dagbag.py:540} INFO - Filling up the DagBag from /home/airflow/.local/lib/python3.8/site-packages/airflow/example_dags/example_sla_dag.py
[2024-03-11T22:05:48.990+0000] {processor.py:840} INFO - DAG(s) 'example_sla_dag' retrieved from /home/airflow/.local/lib/python3.8/site-packages/airflow/example_dags/example_sla_dag.py
[2024-03-11T22:05:49.010+0000] {logging_mixin.py:188} INFO - [2024-03-11T22:05:49.010+0000] {dag.py:3047} INFO - Sync 1 DAGs
[2024-03-11T22:05:49.038+0000] {logging_mixin.py:188} INFO - [2024-03-11T22:05:49.038+0000] {dag.py:3834} INFO - Setting next_dagrun for example_sla_dag to 2024-03-11 22:02:00+00:00, run_after=2024-03-11 22:04:00+00:00
[2024-03-11T22:05:49.065+0000] {processor.py:183} INFO - Processing /home/airflow/.local/lib/python3.8/site-packages/airflow/example_dags/example_sla_dag.py took 0.092 seconds
[2024-03-11T22:06:19.392+0000] {processor.py:161} INFO - Started process (PID=177) to work on /home/airflow/.local/lib/python3.8/site-packages/airflow/example_dags/example_sla_dag.py
[2024-03-11T22:06:19.406+0000] {processor.py:830} INFO - Processing file /home/airflow/.local/lib/python3.8/site-packages/airflow/example_dags/example_sla_dag.py for tasks to queue
[2024-03-11T22:06:19.408+0000] {logging_mixin.py:188} INFO - [2024-03-11T22:06:19.408+0000] {dagbag.py:540} INFO - Filling up the DagBag from /home/airflow/.local/lib/python3.8/site-packages/airflow/example_dags/example_sla_dag.py
[2024-03-11T22:06:19.416+0000] {processor.py:840} INFO - DAG(s) 'example_sla_dag' retrieved from /home/airflow/.local/lib/python3.8/site-packages/airflow/example_dags/example_sla_dag.py
[2024-03-11T22:06:19.439+0000] {logging_mixin.py:188} INFO - [2024-03-11T22:06:19.439+0000] {dag.py:3047} INFO - Sync 1 DAGs
[2024-03-11T22:06:19.465+0000] {logging_mixin.py:188} INFO - [2024-03-11T22:06:19.465+0000] {dag.py:3834} INFO - Setting next_dagrun for example_sla_dag to 2024-03-11 22:04:00+00:00, run_after=2024-03-11 22:06:00+00:00
[2024-03-11T22:06:19.518+0000] {processor.py:183} INFO - Processing /home/airflow/.local/lib/python3.8/site-packages/airflow/example_dags/example_sla_dag.py took 0.129 seconds
[2024-03-11T22:06:49.619+0000] {processor.py:161} INFO - Started process (PID=234) to work on /home/airflow/.local/lib/python3.8/site-packages/airflow/example_dags/example_sla_dag.py
[2024-03-11T22:06:49.621+0000] {processor.py:830} INFO - Processing file /home/airflow/.local/lib/python3.8/site-packages/airflow/example_dags/example_sla_dag.py for tasks to queue
[2024-03-11T22:06:49.622+0000] {logging_mixin.py:188} INFO - [2024-03-11T22:06:49.622+0000] {dagbag.py:540} INFO - Filling up the DagBag from /home/airflow/.local/lib/python3.8/site-packages/airflow/example_dags/example_sla_dag.py
[2024-03-11T22:06:49.633+0000] {processor.py:840} INFO - DAG(s) 'example_sla_dag' retrieved from /home/airflow/.local/lib/python3.8/site-packages/airflow/example_dags/example_sla_dag.py
[2024-03-11T22:06:49.657+0000] {logging_mixin.py:188} INFO - [2024-03-11T22:06:49.656+0000] {dag.py:3047} INFO - Sync 1 DAGs
[2024-03-11T22:06:49.689+0000] {logging_mixin.py:188} INFO - [2024-03-11T22:06:49.689+0000] {dag.py:3834} INFO - Setting next_dagrun for example_sla_dag to 2024-03-11 22:04:00+00:00, run_after=2024-03-11 22:06:00+00:00
[2024-03-11T22:06:49.718+0000] {processor.py:183} INFO - Processing /home/airflow/.local/lib/python3.8/site-packages/airflow/example_dags/example_sla_dag.py took 0.102 seconds
[2024-03-11T22:07:19.815+0000] {processor.py:161} INFO - Started process (PID=291) to work on /home/airflow/.local/lib/python3.8/site-packages/airflow/example_dags/example_sla_dag.py
[2024-03-11T22:07:19.817+0000] {processor.py:830} INFO - Processing file /home/airflow/.local/lib/python3.8/site-packages/airflow/example_dags/example_sla_dag.py for tasks to queue
[2024-03-11T22:07:19.819+0000] {logging_mixin.py:188} INFO - [2024-03-11T22:07:19.818+0000] {dagbag.py:540} INFO - Filling up the DagBag from /home/airflow/.local/lib/python3.8/site-packages/airflow/example_dags/example_sla_dag.py
[2024-03-11T22:07:19.828+0000] {processor.py:840} INFO - DAG(s) 'example_sla_dag' retrieved from /home/airflow/.local/lib/python3.8/site-packages/airflow/example_dags/example_sla_dag.py
[2024-03-11T22:07:19.850+0000] {logging_mixin.py:188} INFO - [2024-03-11T22:07:19.849+0000] {dag.py:3047} INFO - Sync 1 DAGs
[2024-03-11T22:07:19.877+0000] {logging_mixin.py:188} INFO - [2024-03-11T22:07:19.877+0000] {dag.py:3834} INFO - Setting next_dagrun for example_sla_dag to 2024-03-11 22:04:00+00:00, run_after=2024-03-11 22:06:00+00:00
[2024-03-11T22:07:19.905+0000] {processor.py:183} INFO - Processing /home/airflow/.local/lib/python3.8/site-packages/airflow/example_dags/example_sla_dag.py took 0.092 seconds
[2024-03-11T22:07:49.959+0000] {processor.py:161} INFO - Started process (PID=348) to work on /home/airflow/.local/lib/python3.8/site-packages/airflow/example_dags/example_sla_dag.py
[2024-03-11T22:07:49.960+0000] {processor.py:830} INFO - Processing file /home/airflow/.local/lib/python3.8/site-packages/airflow/example_dags/example_sla_dag.py for tasks to queue
[2024-03-11T22:07:49.962+0000] {logging_mixin.py:188} INFO - [2024-03-11T22:07:49.962+0000] {dagbag.py:540} INFO - Filling up the DagBag from /home/airflow/.local/lib/python3.8/site-packages/airflow/example_dags/example_sla_dag.py
[2024-03-11T22:07:49.970+0000] {processor.py:840} INFO - DAG(s) 'example_sla_dag' retrieved from /home/airflow/.local/lib/python3.8/site-packages/airflow/example_dags/example_sla_dag.py
[2024-03-11T22:07:49.992+0000] {logging_mixin.py:188} INFO - [2024-03-11T22:07:49.992+0000] {dag.py:3047} INFO - Sync 1 DAGs
[2024-03-11T22:07:50.020+0000] {logging_mixin.py:188} INFO - [2024-03-11T22:07:50.020+0000] {dag.py:3834} INFO - Setting next_dagrun for example_sla_dag to 2024-03-11 22:04:00+00:00, run_after=2024-03-11 22:06:00+00:00
[2024-03-11T22:07:50.046+0000] {processor.py:183} INFO - Processing /home/airflow/.local/lib/python3.8/site-packages/airflow/example_dags/example_sla_dag.py took 0.090 seconds
[2024-03-11T22:08:20.740+0000] {processor.py:161} INFO - Started process (PID=405) to work on /home/airflow/.local/lib/python3.8/site-packages/airflow/example_dags/example_sla_dag.py
[2024-03-11T22:08:20.742+0000] {processor.py:830} INFO - Processing file /home/airflow/.local/lib/python3.8/site-packages/airflow/example_dags/example_sla_dag.py for tasks to queue
[2024-03-11T22:08:20.743+0000] {logging_mixin.py:188} INFO - [2024-03-11T22:08:20.743+0000] {dagbag.py:540} INFO - Filling up the DagBag from /home/airflow/.local/lib/python3.8/site-packages/airflow/example_dags/example_sla_dag.py
[2024-03-11T22:08:20.751+0000] {processor.py:840} INFO - DAG(s) 'example_sla_dag' retrieved from /home/airflow/.local/lib/python3.8/site-packages/airflow/example_dags/example_sla_dag.py
[2024-03-11T22:08:20.771+0000] {logging_mixin.py:188} INFO - [2024-03-11T22:08:20.771+0000] {dag.py:3047} INFO - Sync 1 DAGs
[2024-03-11T22:08:20.795+0000] {logging_mixin.py:188} INFO - [2024-03-11T22:08:20.795+0000] {dag.py:3834} INFO - Setting next_dagrun for example_sla_dag to 2024-03-11 22:06:00+00:00, run_after=2024-03-11 22:08:00+00:00
[2024-03-11T22:08:20.822+0000] {processor.py:183} INFO - Processing /home/airflow/.local/lib/python3.8/site-packages/airflow/example_dags/example_sla_dag.py took 0.084 seconds
[2024-03-11T22:08:51.599+0000] {processor.py:161} INFO - Started process (PID=462) to work on /home/airflow/.local/lib/python3.8/site-packages/airflow/example_dags/example_sla_dag.py
[2024-03-11T22:08:51.601+0000] {processor.py:830} INFO - Processing file /home/airflow/.local/lib/python3.8/site-packages/airflow/example_dags/example_sla_dag.py for tasks to queue
[2024-03-11T22:08:51.603+0000] {logging_mixin.py:188} INFO - [2024-03-11T22:08:51.602+0000] {dagbag.py:540} INFO - Filling up the DagBag from /home/airflow/.local/lib/python3.8/site-packages/airflow/example_dags/example_sla_dag.py
[2024-03-11T22:08:51.611+0000] {processor.py:840} INFO - DAG(s) 'example_sla_dag' retrieved from /home/airflow/.local/lib/python3.8/site-packages/airflow/example_dags/example_sla_dag.py
[2024-03-11T22:08:51.634+0000] {logging_mixin.py:188} INFO - [2024-03-11T22:08:51.633+0000] {dag.py:3047} INFO - Sync 1 DAGs
[2024-03-11T22:08:51.662+0000] {logging_mixin.py:188} INFO - [2024-03-11T22:08:51.661+0000] {dag.py:3834} INFO - Setting next_dagrun for example_sla_dag to 2024-03-11 22:06:00+00:00, run_after=2024-03-11 22:08:00+00:00
[2024-03-11T22:08:51.688+0000] {processor.py:183} INFO - Processing /home/airflow/.local/lib/python3.8/site-packages/airflow/example_dags/example_sla_dag.py took 0.092 seconds
[2024-03-11T22:09:22.609+0000] {processor.py:161} INFO - Started process (PID=519) to work on /home/airflow/.local/lib/python3.8/site-packages/airflow/example_dags/example_sla_dag.py
[2024-03-11T22:09:22.611+0000] {processor.py:830} INFO - Processing file /home/airflow/.local/lib/python3.8/site-packages/airflow/example_dags/example_sla_dag.py for tasks to queue
[2024-03-11T22:09:22.612+0000] {logging_mixin.py:188} INFO - [2024-03-11T22:09:22.612+0000] {dagbag.py:540} INFO - Filling up the DagBag from /home/airflow/.local/lib/python3.8/site-packages/airflow/example_dags/example_sla_dag.py
[2024-03-11T22:09:22.621+0000] {processor.py:840} INFO - DAG(s) 'example_sla_dag' retrieved from /home/airflow/.local/lib/python3.8/site-packages/airflow/example_dags/example_sla_dag.py
[2024-03-11T22:09:22.644+0000] {logging_mixin.py:188} INFO - [2024-03-11T22:09:22.643+0000] {dag.py:3047} INFO - Sync 1 DAGs
[2024-03-11T22:09:22.669+0000] {logging_mixin.py:188} INFO - [2024-03-11T22:09:22.669+0000] {dag.py:3834} INFO - Setting next_dagrun for example_sla_dag to 2024-03-11 22:06:00+00:00, run_after=2024-03-11 22:08:00+00:00
[2024-03-11T22:09:22.692+0000] {processor.py:183} INFO - Processing /home/airflow/.local/lib/python3.8/site-packages/airflow/example_dags/example_sla_dag.py took 0.087 seconds
[2024-03-11T22:09:52.864+0000] {processor.py:161} INFO - Started process (PID=576) to work on /home/airflow/.local/lib/python3.8/site-packages/airflow/example_dags/example_sla_dag.py
[2024-03-11T22:09:52.865+0000] {processor.py:830} INFO - Processing file /home/airflow/.local/lib/python3.8/site-packages/airflow/example_dags/example_sla_dag.py for tasks to queue
[2024-03-11T22:09:52.867+0000] {logging_mixin.py:188} INFO - [2024-03-11T22:09:52.867+0000] {dagbag.py:540} INFO - Filling up the DagBag from /home/airflow/.local/lib/python3.8/site-packages/airflow/example_dags/example_sla_dag.py
[2024-03-11T22:09:52.878+0000] {processor.py:840} INFO - DAG(s) 'example_sla_dag' retrieved from /home/airflow/.local/lib/python3.8/site-packages/airflow/example_dags/example_sla_dag.py
[2024-03-11T22:09:52.906+0000] {logging_mixin.py:188} INFO - [2024-03-11T22:09:52.905+0000] {dag.py:3047} INFO - Sync 1 DAGs
[2024-03-11T22:09:52.933+0000] {logging_mixin.py:188} INFO - [2024-03-11T22:09:52.933+0000] {dag.py:3834} INFO - Setting next_dagrun for example_sla_dag to 2024-03-11 22:06:00+00:00, run_after=2024-03-11 22:08:00+00:00
[2024-03-11T22:09:52.959+0000] {processor.py:183} INFO - Processing /home/airflow/.local/lib/python3.8/site-packages/airflow/example_dags/example_sla_dag.py took 0.098 seconds
[2024-03-11T22:10:23.556+0000] {processor.py:161} INFO - Started process (PID=633) to work on /home/airflow/.local/lib/python3.8/site-packages/airflow/example_dags/example_sla_dag.py
[2024-03-11T22:10:23.560+0000] {processor.py:830} INFO - Processing file /home/airflow/.local/lib/python3.8/site-packages/airflow/example_dags/example_sla_dag.py for tasks to queue
[2024-03-11T22:10:23.563+0000] {logging_mixin.py:188} INFO - [2024-03-11T22:10:23.563+0000] {dagbag.py:540} INFO - Filling up the DagBag from /home/airflow/.local/lib/python3.8/site-packages/airflow/example_dags/example_sla_dag.py
[2024-03-11T22:10:23.574+0000] {processor.py:840} INFO - DAG(s) 'example_sla_dag' retrieved from /home/airflow/.local/lib/python3.8/site-packages/airflow/example_dags/example_sla_dag.py
[2024-03-11T22:10:23.610+0000] {logging_mixin.py:188} INFO - [2024-03-11T22:10:23.609+0000] {dag.py:3047} INFO - Sync 1 DAGs
[2024-03-11T22:10:23.636+0000] {logging_mixin.py:188} INFO - [2024-03-11T22:10:23.636+0000] {dag.py:3834} INFO - Setting next_dagrun for example_sla_dag to 2024-03-11 22:08:00+00:00, run_after=2024-03-11 22:10:00+00:00
[2024-03-11T22:10:23.661+0000] {processor.py:183} INFO - Processing /home/airflow/.local/lib/python3.8/site-packages/airflow/example_dags/example_sla_dag.py took 0.110 seconds
[2024-03-11T22:10:54.560+0000] {processor.py:161} INFO - Started process (PID=690) to work on /home/airflow/.local/lib/python3.8/site-packages/airflow/example_dags/example_sla_dag.py
[2024-03-11T22:10:54.561+0000] {processor.py:830} INFO - Processing file /home/airflow/.local/lib/python3.8/site-packages/airflow/example_dags/example_sla_dag.py for tasks to queue
[2024-03-11T22:10:54.563+0000] {logging_mixin.py:188} INFO - [2024-03-11T22:10:54.563+0000] {dagbag.py:540} INFO - Filling up the DagBag from /home/airflow/.local/lib/python3.8/site-packages/airflow/example_dags/example_sla_dag.py
[2024-03-11T22:10:54.570+0000] {processor.py:840} INFO - DAG(s) 'example_sla_dag' retrieved from /home/airflow/.local/lib/python3.8/site-packages/airflow/example_dags/example_sla_dag.py
[2024-03-11T22:10:54.591+0000] {logging_mixin.py:188} INFO - [2024-03-11T22:10:54.590+0000] {dag.py:3047} INFO - Sync 1 DAGs
[2024-03-11T22:10:54.614+0000] {logging_mixin.py:188} INFO - [2024-03-11T22:10:54.614+0000] {dag.py:3834} INFO - Setting next_dagrun for example_sla_dag to 2024-03-11 22:08:00+00:00, run_after=2024-03-11 22:10:00+00:00
[2024-03-11T22:10:54.641+0000] {processor.py:183} INFO - Processing /home/airflow/.local/lib/python3.8/site-packages/airflow/example_dags/example_sla_dag.py took 0.084 seconds
[2024-03-11T22:11:24.918+0000] {processor.py:161} INFO - Started process (PID=747) to work on /home/airflow/.local/lib/python3.8/site-packages/airflow/example_dags/example_sla_dag.py
[2024-03-11T22:11:24.947+0000] {processor.py:830} INFO - Processing file /home/airflow/.local/lib/python3.8/site-packages/airflow/example_dags/example_sla_dag.py for tasks to queue
[2024-03-11T22:11:24.949+0000] {logging_mixin.py:188} INFO - [2024-03-11T22:11:24.949+0000] {dagbag.py:540} INFO - Filling up the DagBag from /home/airflow/.local/lib/python3.8/site-packages/airflow/example_dags/example_sla_dag.py
[2024-03-11T22:11:24.959+0000] {processor.py:840} INFO - DAG(s) 'example_sla_dag' retrieved from /home/airflow/.local/lib/python3.8/site-packages/airflow/example_dags/example_sla_dag.py
[2024-03-11T22:11:24.987+0000] {logging_mixin.py:188} INFO - [2024-03-11T22:11:24.987+0000] {dag.py:3047} INFO - Sync 1 DAGs
[2024-03-11T22:11:25.022+0000] {logging_mixin.py:188} INFO - [2024-03-11T22:11:25.022+0000] {dag.py:3834} INFO - Setting next_dagrun for example_sla_dag to 2024-03-11 22:08:00+00:00, run_after=2024-03-11 22:10:00+00:00
[2024-03-11T22:11:25.057+0000] {processor.py:183} INFO - Processing /home/airflow/.local/lib/python3.8/site-packages/airflow/example_dags/example_sla_dag.py took 0.142 seconds
[2024-03-11T22:11:55.500+0000] {processor.py:161} INFO - Started process (PID=804) to work on /home/airflow/.local/lib/python3.8/site-packages/airflow/example_dags/example_sla_dag.py
[2024-03-11T22:11:55.502+0000] {processor.py:830} INFO - Processing file /home/airflow/.local/lib/python3.8/site-packages/airflow/example_dags/example_sla_dag.py for tasks to queue
[2024-03-11T22:11:55.504+0000] {logging_mixin.py:188} INFO - [2024-03-11T22:11:55.504+0000] {dagbag.py:540} INFO - Filling up the DagBag from /home/airflow/.local/lib/python3.8/site-packages/airflow/example_dags/example_sla_dag.py
[2024-03-11T22:11:55.512+0000] {processor.py:840} INFO - DAG(s) 'example_sla_dag' retrieved from /home/airflow/.local/lib/python3.8/site-packages/airflow/example_dags/example_sla_dag.py
[2024-03-11T22:11:55.536+0000] {logging_mixin.py:188} INFO - [2024-03-11T22:11:55.536+0000] {dag.py:3047} INFO - Sync 1 DAGs
[2024-03-11T22:11:55.565+0000] {logging_mixin.py:188} INFO - [2024-03-11T22:11:55.565+0000] {dag.py:3834} INFO - Setting next_dagrun for example_sla_dag to 2024-03-11 22:08:00+00:00, run_after=2024-03-11 22:10:00+00:00
[2024-03-11T22:11:55.601+0000] {processor.py:183} INFO - Processing /home/airflow/.local/lib/python3.8/site-packages/airflow/example_dags/example_sla_dag.py took 0.104 seconds
[2024-03-11T22:12:25.872+0000] {processor.py:161} INFO - Started process (PID=861) to work on /home/airflow/.local/lib/python3.8/site-packages/airflow/example_dags/example_sla_dag.py
[2024-03-11T22:12:25.875+0000] {processor.py:830} INFO - Processing file /home/airflow/.local/lib/python3.8/site-packages/airflow/example_dags/example_sla_dag.py for tasks to queue
[2024-03-11T22:12:25.878+0000] {logging_mixin.py:188} INFO - [2024-03-11T22:12:25.878+0000] {dagbag.py:540} INFO - Filling up the DagBag from /home/airflow/.local/lib/python3.8/site-packages/airflow/example_dags/example_sla_dag.py
[2024-03-11T22:12:25.890+0000] {processor.py:840} INFO - DAG(s) 'example_sla_dag' retrieved from /home/airflow/.local/lib/python3.8/site-packages/airflow/example_dags/example_sla_dag.py
[2024-03-11T22:12:25.932+0000] {logging_mixin.py:188} INFO - [2024-03-11T22:12:25.931+0000] {dag.py:3047} INFO - Sync 1 DAGs
[2024-03-11T22:12:25.967+0000] {logging_mixin.py:188} INFO - [2024-03-11T22:12:25.967+0000] {dag.py:3834} INFO - Setting next_dagrun for example_sla_dag to 2024-03-11 22:10:00+00:00, run_after=2024-03-11 22:12:00+00:00
[2024-03-11T22:12:26.008+0000] {processor.py:183} INFO - Processing /home/airflow/.local/lib/python3.8/site-packages/airflow/example_dags/example_sla_dag.py took 0.142 seconds
[2024-03-11T22:12:56.678+0000] {processor.py:161} INFO - Started process (PID=918) to work on /home/airflow/.local/lib/python3.8/site-packages/airflow/example_dags/example_sla_dag.py
[2024-03-11T22:12:56.704+0000] {processor.py:830} INFO - Processing file /home/airflow/.local/lib/python3.8/site-packages/airflow/example_dags/example_sla_dag.py for tasks to queue
[2024-03-11T22:12:56.706+0000] {logging_mixin.py:188} INFO - [2024-03-11T22:12:56.705+0000] {dagbag.py:540} INFO - Filling up the DagBag from /home/airflow/.local/lib/python3.8/site-packages/airflow/example_dags/example_sla_dag.py
[2024-03-11T22:12:56.714+0000] {processor.py:840} INFO - DAG(s) 'example_sla_dag' retrieved from /home/airflow/.local/lib/python3.8/site-packages/airflow/example_dags/example_sla_dag.py
[2024-03-11T22:12:56.739+0000] {logging_mixin.py:188} INFO - [2024-03-11T22:12:56.738+0000] {dag.py:3047} INFO - Sync 1 DAGs
[2024-03-11T22:12:56.770+0000] {logging_mixin.py:188} INFO - [2024-03-11T22:12:56.769+0000] {dag.py:3834} INFO - Setting next_dagrun for example_sla_dag to 2024-03-11 22:10:00+00:00, run_after=2024-03-11 22:12:00+00:00
[2024-03-11T22:12:56.799+0000] {processor.py:183} INFO - Processing /home/airflow/.local/lib/python3.8/site-packages/airflow/example_dags/example_sla_dag.py took 0.124 seconds
[2024-03-11T22:13:26.831+0000] {processor.py:161} INFO - Started process (PID=975) to work on /home/airflow/.local/lib/python3.8/site-packages/airflow/example_dags/example_sla_dag.py
[2024-03-11T22:13:26.834+0000] {processor.py:830} INFO - Processing file /home/airflow/.local/lib/python3.8/site-packages/airflow/example_dags/example_sla_dag.py for tasks to queue
[2024-03-11T22:13:26.836+0000] {logging_mixin.py:188} INFO - [2024-03-11T22:13:26.836+0000] {dagbag.py:540} INFO - Filling up the DagBag from /home/airflow/.local/lib/python3.8/site-packages/airflow/example_dags/example_sla_dag.py
[2024-03-11T22:13:26.847+0000] {processor.py:840} INFO - DAG(s) 'example_sla_dag' retrieved from /home/airflow/.local/lib/python3.8/site-packages/airflow/example_dags/example_sla_dag.py
[2024-03-11T22:13:26.885+0000] {logging_mixin.py:188} INFO - [2024-03-11T22:13:26.884+0000] {dag.py:3047} INFO - Sync 1 DAGs
[2024-03-11T22:13:26.925+0000] {logging_mixin.py:188} INFO - [2024-03-11T22:13:26.924+0000] {dag.py:3834} INFO - Setting next_dagrun for example_sla_dag to 2024-03-11 22:10:00+00:00, run_after=2024-03-11 22:12:00+00:00
[2024-03-11T22:13:26.967+0000] {processor.py:183} INFO - Processing /home/airflow/.local/lib/python3.8/site-packages/airflow/example_dags/example_sla_dag.py took 0.140 seconds
[2024-03-11T22:13:57.013+0000] {processor.py:161} INFO - Started process (PID=1032) to work on /home/airflow/.local/lib/python3.8/site-packages/airflow/example_dags/example_sla_dag.py
[2024-03-11T22:13:57.015+0000] {processor.py:830} INFO - Processing file /home/airflow/.local/lib/python3.8/site-packages/airflow/example_dags/example_sla_dag.py for tasks to queue
[2024-03-11T22:13:57.017+0000] {logging_mixin.py:188} INFO - [2024-03-11T22:13:57.017+0000] {dagbag.py:540} INFO - Filling up the DagBag from /home/airflow/.local/lib/python3.8/site-packages/airflow/example_dags/example_sla_dag.py
[2024-03-11T22:13:57.031+0000] {processor.py:840} INFO - DAG(s) 'example_sla_dag' retrieved from /home/airflow/.local/lib/python3.8/site-packages/airflow/example_dags/example_sla_dag.py
[2024-03-11T22:13:57.063+0000] {logging_mixin.py:188} INFO - [2024-03-11T22:13:57.062+0000] {dag.py:3047} INFO - Sync 1 DAGs
[2024-03-11T22:13:57.118+0000] {logging_mixin.py:188} INFO - [2024-03-11T22:13:57.118+0000] {dag.py:3834} INFO - Setting next_dagrun for example_sla_dag to 2024-03-11 22:10:00+00:00, run_after=2024-03-11 22:12:00+00:00
[2024-03-11T22:13:57.153+0000] {processor.py:183} INFO - Processing /home/airflow/.local/lib/python3.8/site-packages/airflow/example_dags/example_sla_dag.py took 0.145 seconds
[2024-03-11T22:14:27.243+0000] {processor.py:161} INFO - Started process (PID=1089) to work on /home/airflow/.local/lib/python3.8/site-packages/airflow/example_dags/example_sla_dag.py
[2024-03-11T22:14:27.268+0000] {processor.py:830} INFO - Processing file /home/airflow/.local/lib/python3.8/site-packages/airflow/example_dags/example_sla_dag.py for tasks to queue
[2024-03-11T22:14:27.270+0000] {logging_mixin.py:188} INFO - [2024-03-11T22:14:27.270+0000] {dagbag.py:540} INFO - Filling up the DagBag from /home/airflow/.local/lib/python3.8/site-packages/airflow/example_dags/example_sla_dag.py
[2024-03-11T22:14:27.277+0000] {processor.py:840} INFO - DAG(s) 'example_sla_dag' retrieved from /home/airflow/.local/lib/python3.8/site-packages/airflow/example_dags/example_sla_dag.py
[2024-03-11T22:14:27.296+0000] {logging_mixin.py:188} INFO - [2024-03-11T22:14:27.296+0000] {dag.py:3047} INFO - Sync 1 DAGs
[2024-03-11T22:14:27.321+0000] {logging_mixin.py:188} INFO - [2024-03-11T22:14:27.321+0000] {dag.py:3834} INFO - Setting next_dagrun for example_sla_dag to 2024-03-11 22:12:00+00:00, run_after=2024-03-11 22:14:00+00:00
[2024-03-11T22:14:27.345+0000] {processor.py:183} INFO - Processing /home/airflow/.local/lib/python3.8/site-packages/airflow/example_dags/example_sla_dag.py took 0.104 seconds
[2024-03-11T22:14:57.469+0000] {processor.py:161} INFO - Started process (PID=1146) to work on /home/airflow/.local/lib/python3.8/site-packages/airflow/example_dags/example_sla_dag.py
[2024-03-11T22:14:57.471+0000] {processor.py:830} INFO - Processing file /home/airflow/.local/lib/python3.8/site-packages/airflow/example_dags/example_sla_dag.py for tasks to queue
[2024-03-11T22:14:57.472+0000] {logging_mixin.py:188} INFO - [2024-03-11T22:14:57.472+0000] {dagbag.py:540} INFO - Filling up the DagBag from /home/airflow/.local/lib/python3.8/site-packages/airflow/example_dags/example_sla_dag.py
[2024-03-11T22:14:57.479+0000] {processor.py:840} INFO - DAG(s) 'example_sla_dag' retrieved from /home/airflow/.local/lib/python3.8/site-packages/airflow/example_dags/example_sla_dag.py
[2024-03-11T22:14:57.500+0000] {logging_mixin.py:188} INFO - [2024-03-11T22:14:57.500+0000] {dag.py:3047} INFO - Sync 1 DAGs
[2024-03-11T22:14:57.527+0000] {logging_mixin.py:188} INFO - [2024-03-11T22:14:57.526+0000] {dag.py:3834} INFO - Setting next_dagrun for example_sla_dag to 2024-03-11 22:12:00+00:00, run_after=2024-03-11 22:14:00+00:00
[2024-03-11T22:14:57.554+0000] {processor.py:183} INFO - Processing /home/airflow/.local/lib/python3.8/site-packages/airflow/example_dags/example_sla_dag.py took 0.088 seconds
[2024-03-11T22:15:28.672+0000] {processor.py:161} INFO - Started process (PID=1203) to work on /home/airflow/.local/lib/python3.8/site-packages/airflow/example_dags/example_sla_dag.py
[2024-03-11T22:15:28.675+0000] {processor.py:830} INFO - Processing file /home/airflow/.local/lib/python3.8/site-packages/airflow/example_dags/example_sla_dag.py for tasks to queue
[2024-03-11T22:15:28.677+0000] {logging_mixin.py:188} INFO - [2024-03-11T22:15:28.677+0000] {dagbag.py:540} INFO - Filling up the DagBag from /home/airflow/.local/lib/python3.8/site-packages/airflow/example_dags/example_sla_dag.py
[2024-03-11T22:15:28.686+0000] {processor.py:840} INFO - DAG(s) 'example_sla_dag' retrieved from /home/airflow/.local/lib/python3.8/site-packages/airflow/example_dags/example_sla_dag.py
[2024-03-11T22:15:28.707+0000] {logging_mixin.py:188} INFO - [2024-03-11T22:15:28.707+0000] {dag.py:3047} INFO - Sync 1 DAGs
[2024-03-11T22:15:28.731+0000] {logging_mixin.py:188} INFO - [2024-03-11T22:15:28.730+0000] {dag.py:3834} INFO - Setting next_dagrun for example_sla_dag to 2024-03-11 22:12:00+00:00, run_after=2024-03-11 22:14:00+00:00
[2024-03-11T22:15:28.757+0000] {processor.py:183} INFO - Processing /home/airflow/.local/lib/python3.8/site-packages/airflow/example_dags/example_sla_dag.py took 0.088 seconds
[2024-03-11T22:15:58.874+0000] {processor.py:161} INFO - Started process (PID=1266) to work on /home/airflow/.local/lib/python3.8/site-packages/airflow/example_dags/example_sla_dag.py
[2024-03-11T22:15:58.876+0000] {processor.py:830} INFO - Processing file /home/airflow/.local/lib/python3.8/site-packages/airflow/example_dags/example_sla_dag.py for tasks to queue
[2024-03-11T22:15:58.877+0000] {logging_mixin.py:188} INFO - [2024-03-11T22:15:58.877+0000] {dagbag.py:540} INFO - Filling up the DagBag from /home/airflow/.local/lib/python3.8/site-packages/airflow/example_dags/example_sla_dag.py
[2024-03-11T22:15:58.887+0000] {processor.py:840} INFO - DAG(s) 'example_sla_dag' retrieved from /home/airflow/.local/lib/python3.8/site-packages/airflow/example_dags/example_sla_dag.py
[2024-03-11T22:15:58.907+0000] {logging_mixin.py:188} INFO - [2024-03-11T22:15:58.906+0000] {dag.py:3047} INFO - Sync 1 DAGs
[2024-03-11T22:15:58.935+0000] {logging_mixin.py:188} INFO - [2024-03-11T22:15:58.935+0000] {dag.py:3834} INFO - Setting next_dagrun for example_sla_dag to 2024-03-11 22:12:00+00:00, run_after=2024-03-11 22:14:00+00:00
[2024-03-11T22:15:58.961+0000] {processor.py:183} INFO - Processing /home/airflow/.local/lib/python3.8/site-packages/airflow/example_dags/example_sla_dag.py took 0.090 seconds
[2024-03-11T22:16:29.688+0000] {processor.py:161} INFO - Started process (PID=1323) to work on /home/airflow/.local/lib/python3.8/site-packages/airflow/example_dags/example_sla_dag.py
[2024-03-11T22:16:29.690+0000] {processor.py:830} INFO - Processing file /home/airflow/.local/lib/python3.8/site-packages/airflow/example_dags/example_sla_dag.py for tasks to queue
[2024-03-11T22:16:29.693+0000] {logging_mixin.py:188} INFO - [2024-03-11T22:16:29.692+0000] {dagbag.py:540} INFO - Filling up the DagBag from /home/airflow/.local/lib/python3.8/site-packages/airflow/example_dags/example_sla_dag.py
[2024-03-11T22:16:29.701+0000] {processor.py:840} INFO - DAG(s) 'example_sla_dag' retrieved from /home/airflow/.local/lib/python3.8/site-packages/airflow/example_dags/example_sla_dag.py
[2024-03-11T22:16:29.725+0000] {logging_mixin.py:188} INFO - [2024-03-11T22:16:29.724+0000] {dag.py:3047} INFO - Sync 1 DAGs
[2024-03-11T22:16:29.755+0000] {logging_mixin.py:188} INFO - [2024-03-11T22:16:29.755+0000] {dag.py:3834} INFO - Setting next_dagrun for example_sla_dag to 2024-03-11 22:14:00+00:00, run_after=2024-03-11 22:16:00+00:00
[2024-03-11T22:16:29.782+0000] {processor.py:183} INFO - Processing /home/airflow/.local/lib/python3.8/site-packages/airflow/example_dags/example_sla_dag.py took 0.097 seconds
[2024-03-11T22:17:00.019+0000] {processor.py:161} INFO - Started process (PID=1380) to work on /home/airflow/.local/lib/python3.8/site-packages/airflow/example_dags/example_sla_dag.py
[2024-03-11T22:17:00.021+0000] {processor.py:830} INFO - Processing file /home/airflow/.local/lib/python3.8/site-packages/airflow/example_dags/example_sla_dag.py for tasks to queue
[2024-03-11T22:17:00.022+0000] {logging_mixin.py:188} INFO - [2024-03-11T22:17:00.022+0000] {dagbag.py:540} INFO - Filling up the DagBag from /home/airflow/.local/lib/python3.8/site-packages/airflow/example_dags/example_sla_dag.py
[2024-03-11T22:17:00.029+0000] {processor.py:840} INFO - DAG(s) 'example_sla_dag' retrieved from /home/airflow/.local/lib/python3.8/site-packages/airflow/example_dags/example_sla_dag.py
[2024-03-11T22:17:00.051+0000] {logging_mixin.py:188} INFO - [2024-03-11T22:17:00.051+0000] {dag.py:3047} INFO - Sync 1 DAGs
[2024-03-11T22:17:00.082+0000] {logging_mixin.py:188} INFO - [2024-03-11T22:17:00.081+0000] {dag.py:3834} INFO - Setting next_dagrun for example_sla_dag to 2024-03-11 22:14:00+00:00, run_after=2024-03-11 22:16:00+00:00
[2024-03-11T22:17:00.108+0000] {processor.py:183} INFO - Processing /home/airflow/.local/lib/python3.8/site-packages/airflow/example_dags/example_sla_dag.py took 0.092 seconds
