[2024-03-11T22:02:10.121+0000] {processor.py:161} INFO - Started process (PID=71) to work on /home/airflow/.local/lib/python3.8/site-packages/airflow/example_dags/example_xcomargs.py
[2024-03-11T22:02:10.122+0000] {processor.py:830} INFO - Processing file /home/airflow/.local/lib/python3.8/site-packages/airflow/example_dags/example_xcomargs.py for tasks to queue
[2024-03-11T22:02:10.123+0000] {logging_mixin.py:188} INFO - [2024-03-11T22:02:10.123+0000] {dagbag.py:540} INFO - Filling up the DagBag from /home/airflow/.local/lib/python3.8/site-packages/airflow/example_dags/example_xcomargs.py
[2024-03-11T22:02:10.266+0000] {processor.py:840} INFO - DAG(s) 'example_xcom_args', 'example_xcom_args_with_operators' retrieved from /home/airflow/.local/lib/python3.8/site-packages/airflow/example_dags/example_xcomargs.py
[2024-03-11T22:02:10.993+0000] {logging_mixin.py:188} INFO - [2024-03-11T22:02:10.993+0000] {dag.py:3047} INFO - Sync 2 DAGs
[2024-03-11T22:02:11.030+0000] {logging_mixin.py:188} INFO - [2024-03-11T22:02:11.029+0000] {dag.py:3834} INFO - Setting next_dagrun for example_xcom_args to None, run_after=None
[2024-03-11T22:02:11.037+0000] {logging_mixin.py:188} INFO - [2024-03-11T22:02:11.036+0000] {dag.py:3834} INFO - Setting next_dagrun for example_xcom_args_with_operators to None, run_after=None
[2024-03-11T22:02:11.132+0000] {processor.py:183} INFO - Processing /home/airflow/.local/lib/python3.8/site-packages/airflow/example_dags/example_xcomargs.py took 1.014 seconds
[2024-03-11T22:02:41.274+0000] {processor.py:161} INFO - Started process (PID=128) to work on /home/airflow/.local/lib/python3.8/site-packages/airflow/example_dags/example_xcomargs.py
[2024-03-11T22:02:41.276+0000] {processor.py:830} INFO - Processing file /home/airflow/.local/lib/python3.8/site-packages/airflow/example_dags/example_xcomargs.py for tasks to queue
[2024-03-11T22:02:41.279+0000] {logging_mixin.py:188} INFO - [2024-03-11T22:02:41.278+0000] {dagbag.py:540} INFO - Filling up the DagBag from /home/airflow/.local/lib/python3.8/site-packages/airflow/example_dags/example_xcomargs.py
[2024-03-11T22:02:41.288+0000] {processor.py:840} INFO - DAG(s) 'example_xcom_args', 'example_xcom_args_with_operators' retrieved from /home/airflow/.local/lib/python3.8/site-packages/airflow/example_dags/example_xcomargs.py
[2024-03-11T22:02:41.319+0000] {logging_mixin.py:188} INFO - [2024-03-11T22:02:41.319+0000] {dag.py:3047} INFO - Sync 2 DAGs
[2024-03-11T22:02:41.336+0000] {logging_mixin.py:188} INFO - [2024-03-11T22:02:41.336+0000] {dag.py:3834} INFO - Setting next_dagrun for example_xcom_args to None, run_after=None
[2024-03-11T22:02:41.341+0000] {logging_mixin.py:188} INFO - [2024-03-11T22:02:41.341+0000] {dag.py:3834} INFO - Setting next_dagrun for example_xcom_args_with_operators to None, run_after=None
[2024-03-11T22:02:41.369+0000] {processor.py:183} INFO - Processing /home/airflow/.local/lib/python3.8/site-packages/airflow/example_dags/example_xcomargs.py took 0.100 seconds
[2024-03-11T22:05:18.500+0000] {processor.py:161} INFO - Started process (PID=64) to work on /home/airflow/.local/lib/python3.8/site-packages/airflow/example_dags/example_xcomargs.py
[2024-03-11T22:05:18.501+0000] {processor.py:830} INFO - Processing file /home/airflow/.local/lib/python3.8/site-packages/airflow/example_dags/example_xcomargs.py for tasks to queue
[2024-03-11T22:05:18.503+0000] {logging_mixin.py:188} INFO - [2024-03-11T22:05:18.503+0000] {dagbag.py:540} INFO - Filling up the DagBag from /home/airflow/.local/lib/python3.8/site-packages/airflow/example_dags/example_xcomargs.py
[2024-03-11T22:05:18.512+0000] {processor.py:840} INFO - DAG(s) 'example_xcom_args_with_operators', 'example_xcom_args' retrieved from /home/airflow/.local/lib/python3.8/site-packages/airflow/example_dags/example_xcomargs.py
[2024-03-11T22:05:18.913+0000] {logging_mixin.py:188} INFO - [2024-03-11T22:05:18.912+0000] {dag.py:3047} INFO - Sync 2 DAGs
[2024-03-11T22:05:18.937+0000] {logging_mixin.py:188} INFO - [2024-03-11T22:05:18.937+0000] {dag.py:3834} INFO - Setting next_dagrun for example_xcom_args to None, run_after=None
[2024-03-11T22:05:18.943+0000] {logging_mixin.py:188} INFO - [2024-03-11T22:05:18.943+0000] {dag.py:3834} INFO - Setting next_dagrun for example_xcom_args_with_operators to None, run_after=None
[2024-03-11T22:05:18.980+0000] {processor.py:183} INFO - Processing /home/airflow/.local/lib/python3.8/site-packages/airflow/example_dags/example_xcomargs.py took 0.482 seconds
[2024-03-11T22:05:49.087+0000] {processor.py:161} INFO - Started process (PID=121) to work on /home/airflow/.local/lib/python3.8/site-packages/airflow/example_dags/example_xcomargs.py
[2024-03-11T22:05:49.089+0000] {processor.py:830} INFO - Processing file /home/airflow/.local/lib/python3.8/site-packages/airflow/example_dags/example_xcomargs.py for tasks to queue
[2024-03-11T22:05:49.091+0000] {logging_mixin.py:188} INFO - [2024-03-11T22:05:49.090+0000] {dagbag.py:540} INFO - Filling up the DagBag from /home/airflow/.local/lib/python3.8/site-packages/airflow/example_dags/example_xcomargs.py
[2024-03-11T22:05:49.098+0000] {processor.py:840} INFO - DAG(s) 'example_xcom_args', 'example_xcom_args_with_operators' retrieved from /home/airflow/.local/lib/python3.8/site-packages/airflow/example_dags/example_xcomargs.py
[2024-03-11T22:05:49.127+0000] {logging_mixin.py:188} INFO - [2024-03-11T22:05:49.126+0000] {dag.py:3047} INFO - Sync 2 DAGs
[2024-03-11T22:05:49.141+0000] {logging_mixin.py:188} INFO - [2024-03-11T22:05:49.141+0000] {dag.py:3834} INFO - Setting next_dagrun for example_xcom_args to None, run_after=None
[2024-03-11T22:05:49.146+0000] {logging_mixin.py:188} INFO - [2024-03-11T22:05:49.146+0000] {dag.py:3834} INFO - Setting next_dagrun for example_xcom_args_with_operators to None, run_after=None
[2024-03-11T22:05:49.173+0000] {processor.py:183} INFO - Processing /home/airflow/.local/lib/python3.8/site-packages/airflow/example_dags/example_xcomargs.py took 0.089 seconds
[2024-03-11T22:06:19.511+0000] {processor.py:161} INFO - Started process (PID=178) to work on /home/airflow/.local/lib/python3.8/site-packages/airflow/example_dags/example_xcomargs.py
[2024-03-11T22:06:19.558+0000] {processor.py:830} INFO - Processing file /home/airflow/.local/lib/python3.8/site-packages/airflow/example_dags/example_xcomargs.py for tasks to queue
[2024-03-11T22:06:19.559+0000] {logging_mixin.py:188} INFO - [2024-03-11T22:06:19.559+0000] {dagbag.py:540} INFO - Filling up the DagBag from /home/airflow/.local/lib/python3.8/site-packages/airflow/example_dags/example_xcomargs.py
[2024-03-11T22:06:19.567+0000] {processor.py:840} INFO - DAG(s) 'example_xcom_args', 'example_xcom_args_with_operators' retrieved from /home/airflow/.local/lib/python3.8/site-packages/airflow/example_dags/example_xcomargs.py
[2024-03-11T22:06:19.596+0000] {logging_mixin.py:188} INFO - [2024-03-11T22:06:19.595+0000] {dag.py:3047} INFO - Sync 2 DAGs
[2024-03-11T22:06:19.611+0000] {logging_mixin.py:188} INFO - [2024-03-11T22:06:19.611+0000] {dag.py:3834} INFO - Setting next_dagrun for example_xcom_args to None, run_after=None
[2024-03-11T22:06:19.615+0000] {logging_mixin.py:188} INFO - [2024-03-11T22:06:19.615+0000] {dag.py:3834} INFO - Setting next_dagrun for example_xcom_args_with_operators to None, run_after=None
[2024-03-11T22:06:19.725+0000] {processor.py:183} INFO - Processing /home/airflow/.local/lib/python3.8/site-packages/airflow/example_dags/example_xcomargs.py took 0.217 seconds
[2024-03-11T22:06:49.819+0000] {processor.py:161} INFO - Started process (PID=236) to work on /home/airflow/.local/lib/python3.8/site-packages/airflow/example_dags/example_xcomargs.py
[2024-03-11T22:06:49.820+0000] {processor.py:830} INFO - Processing file /home/airflow/.local/lib/python3.8/site-packages/airflow/example_dags/example_xcomargs.py for tasks to queue
[2024-03-11T22:06:49.821+0000] {logging_mixin.py:188} INFO - [2024-03-11T22:06:49.821+0000] {dagbag.py:540} INFO - Filling up the DagBag from /home/airflow/.local/lib/python3.8/site-packages/airflow/example_dags/example_xcomargs.py
[2024-03-11T22:06:49.829+0000] {processor.py:840} INFO - DAG(s) 'example_xcom_args_with_operators', 'example_xcom_args' retrieved from /home/airflow/.local/lib/python3.8/site-packages/airflow/example_dags/example_xcomargs.py
[2024-03-11T22:06:49.853+0000] {logging_mixin.py:188} INFO - [2024-03-11T22:06:49.853+0000] {dag.py:3047} INFO - Sync 2 DAGs
[2024-03-11T22:06:49.865+0000] {logging_mixin.py:188} INFO - [2024-03-11T22:06:49.865+0000] {dag.py:3834} INFO - Setting next_dagrun for example_xcom_args to None, run_after=None
[2024-03-11T22:06:49.870+0000] {logging_mixin.py:188} INFO - [2024-03-11T22:06:49.869+0000] {dag.py:3834} INFO - Setting next_dagrun for example_xcom_args_with_operators to None, run_after=None
[2024-03-11T22:06:49.891+0000] {processor.py:183} INFO - Processing /home/airflow/.local/lib/python3.8/site-packages/airflow/example_dags/example_xcomargs.py took 0.075 seconds
[2024-03-11T22:07:19.919+0000] {processor.py:161} INFO - Started process (PID=293) to work on /home/airflow/.local/lib/python3.8/site-packages/airflow/example_dags/example_xcomargs.py
[2024-03-11T22:07:19.920+0000] {processor.py:830} INFO - Processing file /home/airflow/.local/lib/python3.8/site-packages/airflow/example_dags/example_xcomargs.py for tasks to queue
[2024-03-11T22:07:19.922+0000] {logging_mixin.py:188} INFO - [2024-03-11T22:07:19.922+0000] {dagbag.py:540} INFO - Filling up the DagBag from /home/airflow/.local/lib/python3.8/site-packages/airflow/example_dags/example_xcomargs.py
[2024-03-11T22:07:19.929+0000] {processor.py:840} INFO - DAG(s) 'example_xcom_args', 'example_xcom_args_with_operators' retrieved from /home/airflow/.local/lib/python3.8/site-packages/airflow/example_dags/example_xcomargs.py
[2024-03-11T22:07:19.957+0000] {logging_mixin.py:188} INFO - [2024-03-11T22:07:19.956+0000] {dag.py:3047} INFO - Sync 2 DAGs
[2024-03-11T22:07:19.970+0000] {logging_mixin.py:188} INFO - [2024-03-11T22:07:19.970+0000] {dag.py:3834} INFO - Setting next_dagrun for example_xcom_args to None, run_after=None
[2024-03-11T22:07:19.976+0000] {logging_mixin.py:188} INFO - [2024-03-11T22:07:19.975+0000] {dag.py:3834} INFO - Setting next_dagrun for example_xcom_args_with_operators to None, run_after=None
[2024-03-11T22:07:20.005+0000] {processor.py:183} INFO - Processing /home/airflow/.local/lib/python3.8/site-packages/airflow/example_dags/example_xcomargs.py took 0.089 seconds
[2024-03-11T22:07:50.053+0000] {processor.py:161} INFO - Started process (PID=350) to work on /home/airflow/.local/lib/python3.8/site-packages/airflow/example_dags/example_xcomargs.py
[2024-03-11T22:07:50.055+0000] {processor.py:830} INFO - Processing file /home/airflow/.local/lib/python3.8/site-packages/airflow/example_dags/example_xcomargs.py for tasks to queue
[2024-03-11T22:07:50.056+0000] {logging_mixin.py:188} INFO - [2024-03-11T22:07:50.056+0000] {dagbag.py:540} INFO - Filling up the DagBag from /home/airflow/.local/lib/python3.8/site-packages/airflow/example_dags/example_xcomargs.py
[2024-03-11T22:07:50.063+0000] {processor.py:840} INFO - DAG(s) 'example_xcom_args', 'example_xcom_args_with_operators' retrieved from /home/airflow/.local/lib/python3.8/site-packages/airflow/example_dags/example_xcomargs.py
[2024-03-11T22:07:50.086+0000] {logging_mixin.py:188} INFO - [2024-03-11T22:07:50.086+0000] {dag.py:3047} INFO - Sync 2 DAGs
[2024-03-11T22:07:50.099+0000] {logging_mixin.py:188} INFO - [2024-03-11T22:07:50.098+0000] {dag.py:3834} INFO - Setting next_dagrun for example_xcom_args to None, run_after=None
[2024-03-11T22:07:50.103+0000] {logging_mixin.py:188} INFO - [2024-03-11T22:07:50.102+0000] {dag.py:3834} INFO - Setting next_dagrun for example_xcom_args_with_operators to None, run_after=None
[2024-03-11T22:07:50.123+0000] {processor.py:183} INFO - Processing /home/airflow/.local/lib/python3.8/site-packages/airflow/example_dags/example_xcomargs.py took 0.073 seconds
[2024-03-11T22:08:20.746+0000] {processor.py:161} INFO - Started process (PID=406) to work on /home/airflow/.local/lib/python3.8/site-packages/airflow/example_dags/example_xcomargs.py
[2024-03-11T22:08:20.748+0000] {processor.py:830} INFO - Processing file /home/airflow/.local/lib/python3.8/site-packages/airflow/example_dags/example_xcomargs.py for tasks to queue
[2024-03-11T22:08:20.749+0000] {logging_mixin.py:188} INFO - [2024-03-11T22:08:20.749+0000] {dagbag.py:540} INFO - Filling up the DagBag from /home/airflow/.local/lib/python3.8/site-packages/airflow/example_dags/example_xcomargs.py
[2024-03-11T22:08:20.757+0000] {processor.py:840} INFO - DAG(s) 'example_xcom_args_with_operators', 'example_xcom_args' retrieved from /home/airflow/.local/lib/python3.8/site-packages/airflow/example_dags/example_xcomargs.py
[2024-03-11T22:08:20.783+0000] {logging_mixin.py:188} INFO - [2024-03-11T22:08:20.782+0000] {dag.py:3047} INFO - Sync 2 DAGs
[2024-03-11T22:08:20.794+0000] {logging_mixin.py:188} INFO - [2024-03-11T22:08:20.794+0000] {dag.py:3834} INFO - Setting next_dagrun for example_xcom_args to None, run_after=None
[2024-03-11T22:08:20.798+0000] {logging_mixin.py:188} INFO - [2024-03-11T22:08:20.797+0000] {dag.py:3834} INFO - Setting next_dagrun for example_xcom_args_with_operators to None, run_after=None
[2024-03-11T22:08:20.825+0000] {processor.py:183} INFO - Processing /home/airflow/.local/lib/python3.8/site-packages/airflow/example_dags/example_xcomargs.py took 0.082 seconds
[2024-03-11T22:08:51.605+0000] {processor.py:161} INFO - Started process (PID=463) to work on /home/airflow/.local/lib/python3.8/site-packages/airflow/example_dags/example_xcomargs.py
[2024-03-11T22:08:51.606+0000] {processor.py:830} INFO - Processing file /home/airflow/.local/lib/python3.8/site-packages/airflow/example_dags/example_xcomargs.py for tasks to queue
[2024-03-11T22:08:51.608+0000] {logging_mixin.py:188} INFO - [2024-03-11T22:08:51.607+0000] {dagbag.py:540} INFO - Filling up the DagBag from /home/airflow/.local/lib/python3.8/site-packages/airflow/example_dags/example_xcomargs.py
[2024-03-11T22:08:51.614+0000] {processor.py:840} INFO - DAG(s) 'example_xcom_args_with_operators', 'example_xcom_args' retrieved from /home/airflow/.local/lib/python3.8/site-packages/airflow/example_dags/example_xcomargs.py
[2024-03-11T22:08:51.639+0000] {logging_mixin.py:188} INFO - [2024-03-11T22:08:51.638+0000] {dag.py:3047} INFO - Sync 2 DAGs
[2024-03-11T22:08:51.654+0000] {logging_mixin.py:188} INFO - [2024-03-11T22:08:51.653+0000] {dag.py:3834} INFO - Setting next_dagrun for example_xcom_args to None, run_after=None
[2024-03-11T22:08:51.658+0000] {logging_mixin.py:188} INFO - [2024-03-11T22:08:51.658+0000] {dag.py:3834} INFO - Setting next_dagrun for example_xcom_args_with_operators to None, run_after=None
[2024-03-11T22:08:51.683+0000] {processor.py:183} INFO - Processing /home/airflow/.local/lib/python3.8/site-packages/airflow/example_dags/example_xcomargs.py took 0.081 seconds
[2024-03-11T22:09:22.616+0000] {processor.py:161} INFO - Started process (PID=520) to work on /home/airflow/.local/lib/python3.8/site-packages/airflow/example_dags/example_xcomargs.py
[2024-03-11T22:09:22.617+0000] {processor.py:830} INFO - Processing file /home/airflow/.local/lib/python3.8/site-packages/airflow/example_dags/example_xcomargs.py for tasks to queue
[2024-03-11T22:09:22.619+0000] {logging_mixin.py:188} INFO - [2024-03-11T22:09:22.618+0000] {dagbag.py:540} INFO - Filling up the DagBag from /home/airflow/.local/lib/python3.8/site-packages/airflow/example_dags/example_xcomargs.py
[2024-03-11T22:09:22.626+0000] {processor.py:840} INFO - DAG(s) 'example_xcom_args_with_operators', 'example_xcom_args' retrieved from /home/airflow/.local/lib/python3.8/site-packages/airflow/example_dags/example_xcomargs.py
[2024-03-11T22:09:22.650+0000] {logging_mixin.py:188} INFO - [2024-03-11T22:09:22.650+0000] {dag.py:3047} INFO - Sync 2 DAGs
[2024-03-11T22:09:22.662+0000] {logging_mixin.py:188} INFO - [2024-03-11T22:09:22.662+0000] {dag.py:3834} INFO - Setting next_dagrun for example_xcom_args to None, run_after=None
[2024-03-11T22:09:22.666+0000] {logging_mixin.py:188} INFO - [2024-03-11T22:09:22.666+0000] {dag.py:3834} INFO - Setting next_dagrun for example_xcom_args_with_operators to None, run_after=None
[2024-03-11T22:09:22.689+0000] {processor.py:183} INFO - Processing /home/airflow/.local/lib/python3.8/site-packages/airflow/example_dags/example_xcomargs.py took 0.076 seconds
[2024-03-11T22:09:52.873+0000] {processor.py:161} INFO - Started process (PID=577) to work on /home/airflow/.local/lib/python3.8/site-packages/airflow/example_dags/example_xcomargs.py
[2024-03-11T22:09:52.874+0000] {processor.py:830} INFO - Processing file /home/airflow/.local/lib/python3.8/site-packages/airflow/example_dags/example_xcomargs.py for tasks to queue
[2024-03-11T22:09:52.876+0000] {logging_mixin.py:188} INFO - [2024-03-11T22:09:52.876+0000] {dagbag.py:540} INFO - Filling up the DagBag from /home/airflow/.local/lib/python3.8/site-packages/airflow/example_dags/example_xcomargs.py
[2024-03-11T22:09:52.885+0000] {processor.py:840} INFO - DAG(s) 'example_xcom_args_with_operators', 'example_xcom_args' retrieved from /home/airflow/.local/lib/python3.8/site-packages/airflow/example_dags/example_xcomargs.py
[2024-03-11T22:09:52.916+0000] {logging_mixin.py:188} INFO - [2024-03-11T22:09:52.916+0000] {dag.py:3047} INFO - Sync 2 DAGs
[2024-03-11T22:09:52.931+0000] {logging_mixin.py:188} INFO - [2024-03-11T22:09:52.931+0000] {dag.py:3834} INFO - Setting next_dagrun for example_xcom_args to None, run_after=None
[2024-03-11T22:09:52.935+0000] {logging_mixin.py:188} INFO - [2024-03-11T22:09:52.935+0000] {dag.py:3834} INFO - Setting next_dagrun for example_xcom_args_with_operators to None, run_after=None
[2024-03-11T22:09:52.962+0000] {processor.py:183} INFO - Processing /home/airflow/.local/lib/python3.8/site-packages/airflow/example_dags/example_xcomargs.py took 0.093 seconds
[2024-03-11T22:10:23.568+0000] {processor.py:161} INFO - Started process (PID=634) to work on /home/airflow/.local/lib/python3.8/site-packages/airflow/example_dags/example_xcomargs.py
[2024-03-11T22:10:23.569+0000] {processor.py:830} INFO - Processing file /home/airflow/.local/lib/python3.8/site-packages/airflow/example_dags/example_xcomargs.py for tasks to queue
[2024-03-11T22:10:23.571+0000] {logging_mixin.py:188} INFO - [2024-03-11T22:10:23.571+0000] {dagbag.py:540} INFO - Filling up the DagBag from /home/airflow/.local/lib/python3.8/site-packages/airflow/example_dags/example_xcomargs.py
[2024-03-11T22:10:23.579+0000] {processor.py:840} INFO - DAG(s) 'example_xcom_args_with_operators', 'example_xcom_args' retrieved from /home/airflow/.local/lib/python3.8/site-packages/airflow/example_dags/example_xcomargs.py
[2024-03-11T22:10:23.616+0000] {logging_mixin.py:188} INFO - [2024-03-11T22:10:23.616+0000] {dag.py:3047} INFO - Sync 2 DAGs
[2024-03-11T22:10:23.630+0000] {logging_mixin.py:188} INFO - [2024-03-11T22:10:23.630+0000] {dag.py:3834} INFO - Setting next_dagrun for example_xcom_args to None, run_after=None
[2024-03-11T22:10:23.635+0000] {logging_mixin.py:188} INFO - [2024-03-11T22:10:23.634+0000] {dag.py:3834} INFO - Setting next_dagrun for example_xcom_args_with_operators to None, run_after=None
[2024-03-11T22:10:23.657+0000] {processor.py:183} INFO - Processing /home/airflow/.local/lib/python3.8/site-packages/airflow/example_dags/example_xcomargs.py took 0.094 seconds
[2024-03-11T22:10:54.566+0000] {processor.py:161} INFO - Started process (PID=691) to work on /home/airflow/.local/lib/python3.8/site-packages/airflow/example_dags/example_xcomargs.py
[2024-03-11T22:10:54.568+0000] {processor.py:830} INFO - Processing file /home/airflow/.local/lib/python3.8/site-packages/airflow/example_dags/example_xcomargs.py for tasks to queue
[2024-03-11T22:10:54.569+0000] {logging_mixin.py:188} INFO - [2024-03-11T22:10:54.569+0000] {dagbag.py:540} INFO - Filling up the DagBag from /home/airflow/.local/lib/python3.8/site-packages/airflow/example_dags/example_xcomargs.py
[2024-03-11T22:10:54.576+0000] {processor.py:840} INFO - DAG(s) 'example_xcom_args_with_operators', 'example_xcom_args' retrieved from /home/airflow/.local/lib/python3.8/site-packages/airflow/example_dags/example_xcomargs.py
[2024-03-11T22:10:54.602+0000] {logging_mixin.py:188} INFO - [2024-03-11T22:10:54.602+0000] {dag.py:3047} INFO - Sync 2 DAGs
[2024-03-11T22:10:54.614+0000] {logging_mixin.py:188} INFO - [2024-03-11T22:10:54.614+0000] {dag.py:3834} INFO - Setting next_dagrun for example_xcom_args to None, run_after=None
[2024-03-11T22:10:54.618+0000] {logging_mixin.py:188} INFO - [2024-03-11T22:10:54.618+0000] {dag.py:3834} INFO - Setting next_dagrun for example_xcom_args_with_operators to None, run_after=None
[2024-03-11T22:10:54.645+0000] {processor.py:183} INFO - Processing /home/airflow/.local/lib/python3.8/site-packages/airflow/example_dags/example_xcomargs.py took 0.082 seconds
[2024-03-11T22:11:24.929+0000] {processor.py:161} INFO - Started process (PID=748) to work on /home/airflow/.local/lib/python3.8/site-packages/airflow/example_dags/example_xcomargs.py
[2024-03-11T22:11:24.947+0000] {processor.py:830} INFO - Processing file /home/airflow/.local/lib/python3.8/site-packages/airflow/example_dags/example_xcomargs.py for tasks to queue
[2024-03-11T22:11:24.949+0000] {logging_mixin.py:188} INFO - [2024-03-11T22:11:24.949+0000] {dagbag.py:540} INFO - Filling up the DagBag from /home/airflow/.local/lib/python3.8/site-packages/airflow/example_dags/example_xcomargs.py
[2024-03-11T22:11:24.958+0000] {processor.py:840} INFO - DAG(s) 'example_xcom_args', 'example_xcom_args_with_operators' retrieved from /home/airflow/.local/lib/python3.8/site-packages/airflow/example_dags/example_xcomargs.py
[2024-03-11T22:11:24.996+0000] {logging_mixin.py:188} INFO - [2024-03-11T22:11:24.995+0000] {dag.py:3047} INFO - Sync 2 DAGs
[2024-03-11T22:11:25.011+0000] {logging_mixin.py:188} INFO - [2024-03-11T22:11:25.011+0000] {dag.py:3834} INFO - Setting next_dagrun for example_xcom_args to None, run_after=None
[2024-03-11T22:11:25.016+0000] {logging_mixin.py:188} INFO - [2024-03-11T22:11:25.016+0000] {dag.py:3834} INFO - Setting next_dagrun for example_xcom_args_with_operators to None, run_after=None
[2024-03-11T22:11:25.049+0000] {processor.py:183} INFO - Processing /home/airflow/.local/lib/python3.8/site-packages/airflow/example_dags/example_xcomargs.py took 0.124 seconds
[2024-03-11T22:11:55.509+0000] {processor.py:161} INFO - Started process (PID=805) to work on /home/airflow/.local/lib/python3.8/site-packages/airflow/example_dags/example_xcomargs.py
[2024-03-11T22:11:55.511+0000] {processor.py:830} INFO - Processing file /home/airflow/.local/lib/python3.8/site-packages/airflow/example_dags/example_xcomargs.py for tasks to queue
[2024-03-11T22:11:55.513+0000] {logging_mixin.py:188} INFO - [2024-03-11T22:11:55.512+0000] {dagbag.py:540} INFO - Filling up the DagBag from /home/airflow/.local/lib/python3.8/site-packages/airflow/example_dags/example_xcomargs.py
[2024-03-11T22:11:55.522+0000] {processor.py:840} INFO - DAG(s) 'example_xcom_args_with_operators', 'example_xcom_args' retrieved from /home/airflow/.local/lib/python3.8/site-packages/airflow/example_dags/example_xcomargs.py
[2024-03-11T22:11:55.552+0000] {logging_mixin.py:188} INFO - [2024-03-11T22:11:55.551+0000] {dag.py:3047} INFO - Sync 2 DAGs
[2024-03-11T22:11:55.567+0000] {logging_mixin.py:188} INFO - [2024-03-11T22:11:55.567+0000] {dag.py:3834} INFO - Setting next_dagrun for example_xcom_args to None, run_after=None
[2024-03-11T22:11:55.572+0000] {logging_mixin.py:188} INFO - [2024-03-11T22:11:55.572+0000] {dag.py:3834} INFO - Setting next_dagrun for example_xcom_args_with_operators to None, run_after=None
[2024-03-11T22:11:55.614+0000] {processor.py:183} INFO - Processing /home/airflow/.local/lib/python3.8/site-packages/airflow/example_dags/example_xcomargs.py took 0.108 seconds
[2024-03-11T22:12:25.884+0000] {processor.py:161} INFO - Started process (PID=862) to work on /home/airflow/.local/lib/python3.8/site-packages/airflow/example_dags/example_xcomargs.py
[2024-03-11T22:12:25.886+0000] {processor.py:830} INFO - Processing file /home/airflow/.local/lib/python3.8/site-packages/airflow/example_dags/example_xcomargs.py for tasks to queue
[2024-03-11T22:12:25.888+0000] {logging_mixin.py:188} INFO - [2024-03-11T22:12:25.887+0000] {dagbag.py:540} INFO - Filling up the DagBag from /home/airflow/.local/lib/python3.8/site-packages/airflow/example_dags/example_xcomargs.py
[2024-03-11T22:12:25.902+0000] {processor.py:840} INFO - DAG(s) 'example_xcom_args', 'example_xcom_args_with_operators' retrieved from /home/airflow/.local/lib/python3.8/site-packages/airflow/example_dags/example_xcomargs.py
[2024-03-11T22:12:25.951+0000] {logging_mixin.py:188} INFO - [2024-03-11T22:12:25.950+0000] {dag.py:3047} INFO - Sync 2 DAGs
[2024-03-11T22:12:25.973+0000] {logging_mixin.py:188} INFO - [2024-03-11T22:12:25.972+0000] {dag.py:3834} INFO - Setting next_dagrun for example_xcom_args to None, run_after=None
[2024-03-11T22:12:25.978+0000] {logging_mixin.py:188} INFO - [2024-03-11T22:12:25.978+0000] {dag.py:3834} INFO - Setting next_dagrun for example_xcom_args_with_operators to None, run_after=None
[2024-03-11T22:12:26.019+0000] {processor.py:183} INFO - Processing /home/airflow/.local/lib/python3.8/site-packages/airflow/example_dags/example_xcomargs.py took 0.140 seconds
[2024-03-11T22:12:56.684+0000] {processor.py:161} INFO - Started process (PID=919) to work on /home/airflow/.local/lib/python3.8/site-packages/airflow/example_dags/example_xcomargs.py
[2024-03-11T22:12:56.705+0000] {processor.py:830} INFO - Processing file /home/airflow/.local/lib/python3.8/site-packages/airflow/example_dags/example_xcomargs.py for tasks to queue
[2024-03-11T22:12:56.706+0000] {logging_mixin.py:188} INFO - [2024-03-11T22:12:56.706+0000] {dagbag.py:540} INFO - Filling up the DagBag from /home/airflow/.local/lib/python3.8/site-packages/airflow/example_dags/example_xcomargs.py
[2024-03-11T22:12:56.714+0000] {processor.py:840} INFO - DAG(s) 'example_xcom_args_with_operators', 'example_xcom_args' retrieved from /home/airflow/.local/lib/python3.8/site-packages/airflow/example_dags/example_xcomargs.py
[2024-03-11T22:12:56.744+0000] {logging_mixin.py:188} INFO - [2024-03-11T22:12:56.743+0000] {dag.py:3047} INFO - Sync 2 DAGs
[2024-03-11T22:12:56.760+0000] {logging_mixin.py:188} INFO - [2024-03-11T22:12:56.759+0000] {dag.py:3834} INFO - Setting next_dagrun for example_xcom_args to None, run_after=None
[2024-03-11T22:12:56.766+0000] {logging_mixin.py:188} INFO - [2024-03-11T22:12:56.765+0000] {dag.py:3834} INFO - Setting next_dagrun for example_xcom_args_with_operators to None, run_after=None
[2024-03-11T22:12:56.792+0000] {processor.py:183} INFO - Processing /home/airflow/.local/lib/python3.8/site-packages/airflow/example_dags/example_xcomargs.py took 0.112 seconds
[2024-03-11T22:13:26.840+0000] {processor.py:161} INFO - Started process (PID=976) to work on /home/airflow/.local/lib/python3.8/site-packages/airflow/example_dags/example_xcomargs.py
[2024-03-11T22:13:26.842+0000] {processor.py:830} INFO - Processing file /home/airflow/.local/lib/python3.8/site-packages/airflow/example_dags/example_xcomargs.py for tasks to queue
[2024-03-11T22:13:26.845+0000] {logging_mixin.py:188} INFO - [2024-03-11T22:13:26.844+0000] {dagbag.py:540} INFO - Filling up the DagBag from /home/airflow/.local/lib/python3.8/site-packages/airflow/example_dags/example_xcomargs.py
[2024-03-11T22:13:26.862+0000] {processor.py:840} INFO - DAG(s) 'example_xcom_args', 'example_xcom_args_with_operators' retrieved from /home/airflow/.local/lib/python3.8/site-packages/airflow/example_dags/example_xcomargs.py
[2024-03-11T22:13:26.903+0000] {logging_mixin.py:188} INFO - [2024-03-11T22:13:26.903+0000] {dag.py:3047} INFO - Sync 2 DAGs
[2024-03-11T22:13:26.922+0000] {logging_mixin.py:188} INFO - [2024-03-11T22:13:26.921+0000] {dag.py:3834} INFO - Setting next_dagrun for example_xcom_args to None, run_after=None
[2024-03-11T22:13:26.927+0000] {logging_mixin.py:188} INFO - [2024-03-11T22:13:26.926+0000] {dag.py:3834} INFO - Setting next_dagrun for example_xcom_args_with_operators to None, run_after=None
[2024-03-11T22:13:26.961+0000] {processor.py:183} INFO - Processing /home/airflow/.local/lib/python3.8/site-packages/airflow/example_dags/example_xcomargs.py took 0.124 seconds
[2024-03-11T22:13:57.021+0000] {processor.py:161} INFO - Started process (PID=1033) to work on /home/airflow/.local/lib/python3.8/site-packages/airflow/example_dags/example_xcomargs.py
[2024-03-11T22:13:57.024+0000] {processor.py:830} INFO - Processing file /home/airflow/.local/lib/python3.8/site-packages/airflow/example_dags/example_xcomargs.py for tasks to queue
[2024-03-11T22:13:57.027+0000] {logging_mixin.py:188} INFO - [2024-03-11T22:13:57.026+0000] {dagbag.py:540} INFO - Filling up the DagBag from /home/airflow/.local/lib/python3.8/site-packages/airflow/example_dags/example_xcomargs.py
[2024-03-11T22:13:57.039+0000] {processor.py:840} INFO - DAG(s) 'example_xcom_args', 'example_xcom_args_with_operators' retrieved from /home/airflow/.local/lib/python3.8/site-packages/airflow/example_dags/example_xcomargs.py
[2024-03-11T22:13:57.084+0000] {logging_mixin.py:188} INFO - [2024-03-11T22:13:57.082+0000] {dag.py:3047} INFO - Sync 2 DAGs
[2024-03-11T22:13:57.113+0000] {logging_mixin.py:188} INFO - [2024-03-11T22:13:57.112+0000] {dag.py:3834} INFO - Setting next_dagrun for example_xcom_args to None, run_after=None
[2024-03-11T22:13:57.123+0000] {logging_mixin.py:188} INFO - [2024-03-11T22:13:57.122+0000] {dag.py:3834} INFO - Setting next_dagrun for example_xcom_args_with_operators to None, run_after=None
[2024-03-11T22:13:57.155+0000] {processor.py:183} INFO - Processing /home/airflow/.local/lib/python3.8/site-packages/airflow/example_dags/example_xcomargs.py took 0.137 seconds
[2024-03-11T22:14:27.250+0000] {processor.py:161} INFO - Started process (PID=1090) to work on /home/airflow/.local/lib/python3.8/site-packages/airflow/example_dags/example_xcomargs.py
[2024-03-11T22:14:27.270+0000] {processor.py:830} INFO - Processing file /home/airflow/.local/lib/python3.8/site-packages/airflow/example_dags/example_xcomargs.py for tasks to queue
[2024-03-11T22:14:27.271+0000] {logging_mixin.py:188} INFO - [2024-03-11T22:14:27.271+0000] {dagbag.py:540} INFO - Filling up the DagBag from /home/airflow/.local/lib/python3.8/site-packages/airflow/example_dags/example_xcomargs.py
[2024-03-11T22:14:27.278+0000] {processor.py:840} INFO - DAG(s) 'example_xcom_args_with_operators', 'example_xcom_args' retrieved from /home/airflow/.local/lib/python3.8/site-packages/airflow/example_dags/example_xcomargs.py
[2024-03-11T22:14:27.301+0000] {logging_mixin.py:188} INFO - [2024-03-11T22:14:27.301+0000] {dag.py:3047} INFO - Sync 2 DAGs
[2024-03-11T22:14:27.313+0000] {logging_mixin.py:188} INFO - [2024-03-11T22:14:27.313+0000] {dag.py:3834} INFO - Setting next_dagrun for example_xcom_args to None, run_after=None
[2024-03-11T22:14:27.317+0000] {logging_mixin.py:188} INFO - [2024-03-11T22:14:27.316+0000] {dag.py:3834} INFO - Setting next_dagrun for example_xcom_args_with_operators to None, run_after=None
[2024-03-11T22:14:27.341+0000] {processor.py:183} INFO - Processing /home/airflow/.local/lib/python3.8/site-packages/airflow/example_dags/example_xcomargs.py took 0.094 seconds
[2024-03-11T22:14:57.535+0000] {processor.py:161} INFO - Started process (PID=1147) to work on /home/airflow/.local/lib/python3.8/site-packages/airflow/example_dags/example_xcomargs.py
[2024-03-11T22:14:57.536+0000] {processor.py:830} INFO - Processing file /home/airflow/.local/lib/python3.8/site-packages/airflow/example_dags/example_xcomargs.py for tasks to queue
[2024-03-11T22:14:57.538+0000] {logging_mixin.py:188} INFO - [2024-03-11T22:14:57.537+0000] {dagbag.py:540} INFO - Filling up the DagBag from /home/airflow/.local/lib/python3.8/site-packages/airflow/example_dags/example_xcomargs.py
[2024-03-11T22:14:57.545+0000] {processor.py:840} INFO - DAG(s) 'example_xcom_args_with_operators', 'example_xcom_args' retrieved from /home/airflow/.local/lib/python3.8/site-packages/airflow/example_dags/example_xcomargs.py
[2024-03-11T22:14:57.573+0000] {logging_mixin.py:188} INFO - [2024-03-11T22:14:57.572+0000] {dag.py:3047} INFO - Sync 2 DAGs
[2024-03-11T22:14:57.586+0000] {logging_mixin.py:188} INFO - [2024-03-11T22:14:57.586+0000] {dag.py:3834} INFO - Setting next_dagrun for example_xcom_args to None, run_after=None
[2024-03-11T22:14:57.590+0000] {logging_mixin.py:188} INFO - [2024-03-11T22:14:57.590+0000] {dag.py:3834} INFO - Setting next_dagrun for example_xcom_args_with_operators to None, run_after=None
[2024-03-11T22:14:57.613+0000] {processor.py:183} INFO - Processing /home/airflow/.local/lib/python3.8/site-packages/airflow/example_dags/example_xcomargs.py took 0.081 seconds
[2024-03-11T22:15:28.752+0000] {processor.py:161} INFO - Started process (PID=1204) to work on /home/airflow/.local/lib/python3.8/site-packages/airflow/example_dags/example_xcomargs.py
[2024-03-11T22:15:28.754+0000] {processor.py:830} INFO - Processing file /home/airflow/.local/lib/python3.8/site-packages/airflow/example_dags/example_xcomargs.py for tasks to queue
[2024-03-11T22:15:28.755+0000] {logging_mixin.py:188} INFO - [2024-03-11T22:15:28.755+0000] {dagbag.py:540} INFO - Filling up the DagBag from /home/airflow/.local/lib/python3.8/site-packages/airflow/example_dags/example_xcomargs.py
[2024-03-11T22:15:28.764+0000] {processor.py:840} INFO - DAG(s) 'example_xcom_args', 'example_xcom_args_with_operators' retrieved from /home/airflow/.local/lib/python3.8/site-packages/airflow/example_dags/example_xcomargs.py
[2024-03-11T22:15:28.793+0000] {logging_mixin.py:188} INFO - [2024-03-11T22:15:28.792+0000] {dag.py:3047} INFO - Sync 2 DAGs
[2024-03-11T22:15:28.808+0000] {logging_mixin.py:188} INFO - [2024-03-11T22:15:28.807+0000] {dag.py:3834} INFO - Setting next_dagrun for example_xcom_args to None, run_after=None
[2024-03-11T22:15:28.813+0000] {logging_mixin.py:188} INFO - [2024-03-11T22:15:28.812+0000] {dag.py:3834} INFO - Setting next_dagrun for example_xcom_args_with_operators to None, run_after=None
[2024-03-11T22:15:28.839+0000] {processor.py:183} INFO - Processing /home/airflow/.local/lib/python3.8/site-packages/airflow/example_dags/example_xcomargs.py took 0.090 seconds
[2024-03-11T22:15:58.983+0000] {processor.py:161} INFO - Started process (PID=1267) to work on /home/airflow/.local/lib/python3.8/site-packages/airflow/example_dags/example_xcomargs.py
[2024-03-11T22:15:58.985+0000] {processor.py:830} INFO - Processing file /home/airflow/.local/lib/python3.8/site-packages/airflow/example_dags/example_xcomargs.py for tasks to queue
[2024-03-11T22:15:58.987+0000] {logging_mixin.py:188} INFO - [2024-03-11T22:15:58.987+0000] {dagbag.py:540} INFO - Filling up the DagBag from /home/airflow/.local/lib/python3.8/site-packages/airflow/example_dags/example_xcomargs.py
[2024-03-11T22:15:58.997+0000] {processor.py:840} INFO - DAG(s) 'example_xcom_args_with_operators', 'example_xcom_args' retrieved from /home/airflow/.local/lib/python3.8/site-packages/airflow/example_dags/example_xcomargs.py
[2024-03-11T22:15:59.022+0000] {logging_mixin.py:188} INFO - [2024-03-11T22:15:59.022+0000] {dag.py:3047} INFO - Sync 2 DAGs
[2024-03-11T22:15:59.037+0000] {logging_mixin.py:188} INFO - [2024-03-11T22:15:59.037+0000] {dag.py:3834} INFO - Setting next_dagrun for example_xcom_args to None, run_after=None
[2024-03-11T22:15:59.042+0000] {logging_mixin.py:188} INFO - [2024-03-11T22:15:59.041+0000] {dag.py:3834} INFO - Setting next_dagrun for example_xcom_args_with_operators to None, run_after=None
[2024-03-11T22:15:59.066+0000] {processor.py:183} INFO - Processing /home/airflow/.local/lib/python3.8/site-packages/airflow/example_dags/example_xcomargs.py took 0.087 seconds
[2024-03-11T22:16:29.804+0000] {processor.py:161} INFO - Started process (PID=1324) to work on /home/airflow/.local/lib/python3.8/site-packages/airflow/example_dags/example_xcomargs.py
[2024-03-11T22:16:29.806+0000] {processor.py:830} INFO - Processing file /home/airflow/.local/lib/python3.8/site-packages/airflow/example_dags/example_xcomargs.py for tasks to queue
[2024-03-11T22:16:29.809+0000] {logging_mixin.py:188} INFO - [2024-03-11T22:16:29.808+0000] {dagbag.py:540} INFO - Filling up the DagBag from /home/airflow/.local/lib/python3.8/site-packages/airflow/example_dags/example_xcomargs.py
[2024-03-11T22:16:29.819+0000] {processor.py:840} INFO - DAG(s) 'example_xcom_args', 'example_xcom_args_with_operators' retrieved from /home/airflow/.local/lib/python3.8/site-packages/airflow/example_dags/example_xcomargs.py
[2024-03-11T22:16:29.853+0000] {logging_mixin.py:188} INFO - [2024-03-11T22:16:29.852+0000] {dag.py:3047} INFO - Sync 2 DAGs
[2024-03-11T22:16:29.869+0000] {logging_mixin.py:188} INFO - [2024-03-11T22:16:29.868+0000] {dag.py:3834} INFO - Setting next_dagrun for example_xcom_args to None, run_after=None
[2024-03-11T22:16:29.872+0000] {logging_mixin.py:188} INFO - [2024-03-11T22:16:29.872+0000] {dag.py:3834} INFO - Setting next_dagrun for example_xcom_args_with_operators to None, run_after=None
[2024-03-11T22:16:29.901+0000] {processor.py:183} INFO - Processing /home/airflow/.local/lib/python3.8/site-packages/airflow/example_dags/example_xcomargs.py took 0.099 seconds
[2024-03-11T22:17:00.081+0000] {processor.py:161} INFO - Started process (PID=1381) to work on /home/airflow/.local/lib/python3.8/site-packages/airflow/example_dags/example_xcomargs.py
[2024-03-11T22:17:00.082+0000] {processor.py:830} INFO - Processing file /home/airflow/.local/lib/python3.8/site-packages/airflow/example_dags/example_xcomargs.py for tasks to queue
[2024-03-11T22:17:00.083+0000] {logging_mixin.py:188} INFO - [2024-03-11T22:17:00.083+0000] {dagbag.py:540} INFO - Filling up the DagBag from /home/airflow/.local/lib/python3.8/site-packages/airflow/example_dags/example_xcomargs.py
[2024-03-11T22:17:00.092+0000] {processor.py:840} INFO - DAG(s) 'example_xcom_args', 'example_xcom_args_with_operators' retrieved from /home/airflow/.local/lib/python3.8/site-packages/airflow/example_dags/example_xcomargs.py
[2024-03-11T22:17:00.120+0000] {logging_mixin.py:188} INFO - [2024-03-11T22:17:00.119+0000] {dag.py:3047} INFO - Sync 2 DAGs
[2024-03-11T22:17:00.133+0000] {logging_mixin.py:188} INFO - [2024-03-11T22:17:00.133+0000] {dag.py:3834} INFO - Setting next_dagrun for example_xcom_args to None, run_after=None
[2024-03-11T22:17:00.138+0000] {logging_mixin.py:188} INFO - [2024-03-11T22:17:00.138+0000] {dag.py:3834} INFO - Setting next_dagrun for example_xcom_args_with_operators to None, run_after=None
[2024-03-11T22:17:00.161+0000] {processor.py:183} INFO - Processing /home/airflow/.local/lib/python3.8/site-packages/airflow/example_dags/example_xcomargs.py took 0.083 seconds
