[2024-03-11T22:02:13.859+0000] {processor.py:161} INFO - Started process (PID=80) to work on /home/airflow/.local/lib/python3.8/site-packages/airflow/example_dags/example_datasets.py
[2024-03-11T22:02:13.860+0000] {processor.py:830} INFO - Processing file /home/airflow/.local/lib/python3.8/site-packages/airflow/example_dags/example_datasets.py for tasks to queue
[2024-03-11T22:02:13.862+0000] {logging_mixin.py:188} INFO - [2024-03-11T22:02:13.861+0000] {dagbag.py:540} INFO - Filling up the DagBag from /home/airflow/.local/lib/python3.8/site-packages/airflow/example_dags/example_datasets.py
[2024-03-11T22:02:13.905+0000] {processor.py:840} INFO - DAG(s) 'dataset_consumes_unknown_never_scheduled', 'dataset_consumes_1_never_scheduled', 'dataset_produces_2', 'dataset_consumes_1_and_2', 'dataset_produces_1', 'dataset_consumes_1' retrieved from /home/airflow/.local/lib/python3.8/site-packages/airflow/example_dags/example_datasets.py
[2024-03-11T22:02:14.671+0000] {logging_mixin.py:188} INFO - [2024-03-11T22:02:14.670+0000] {dag.py:3047} INFO - Sync 6 DAGs
[2024-03-11T22:02:15.048+0000] {logging_mixin.py:188} INFO - [2024-03-11T22:02:15.048+0000] {dag.py:3834} INFO - Setting next_dagrun for dataset_consumes_1 to None, run_after=None
[2024-03-11T22:02:15.052+0000] {logging_mixin.py:188} INFO - [2024-03-11T22:02:15.052+0000] {dag.py:3834} INFO - Setting next_dagrun for dataset_consumes_1_and_2 to None, run_after=None
[2024-03-11T22:02:15.056+0000] {logging_mixin.py:188} INFO - [2024-03-11T22:02:15.055+0000] {dag.py:3834} INFO - Setting next_dagrun for dataset_consumes_1_never_scheduled to None, run_after=None
[2024-03-11T22:02:15.058+0000] {logging_mixin.py:188} INFO - [2024-03-11T22:02:15.057+0000] {dag.py:3834} INFO - Setting next_dagrun for dataset_consumes_unknown_never_scheduled to None, run_after=None
[2024-03-11T22:02:15.063+0000] {logging_mixin.py:188} INFO - [2024-03-11T22:02:15.062+0000] {dag.py:3834} INFO - Setting next_dagrun for dataset_produces_1 to 2024-03-10 00:00:00+00:00, run_after=2024-03-11 00:00:00+00:00
[2024-03-11T22:02:15.065+0000] {logging_mixin.py:188} INFO - [2024-03-11T22:02:15.064+0000] {dag.py:3834} INFO - Setting next_dagrun for dataset_produces_2 to None, run_after=None
[2024-03-11T22:02:15.687+0000] {processor.py:183} INFO - Processing /home/airflow/.local/lib/python3.8/site-packages/airflow/example_dags/example_datasets.py took 1.833 seconds
[2024-03-11T22:02:46.423+0000] {processor.py:161} INFO - Started process (PID=137) to work on /home/airflow/.local/lib/python3.8/site-packages/airflow/example_dags/example_datasets.py
[2024-03-11T22:02:46.424+0000] {processor.py:830} INFO - Processing file /home/airflow/.local/lib/python3.8/site-packages/airflow/example_dags/example_datasets.py for tasks to queue
[2024-03-11T22:02:46.426+0000] {logging_mixin.py:188} INFO - [2024-03-11T22:02:46.426+0000] {dagbag.py:540} INFO - Filling up the DagBag from /home/airflow/.local/lib/python3.8/site-packages/airflow/example_dags/example_datasets.py
[2024-03-11T22:02:46.435+0000] {processor.py:840} INFO - DAG(s) 'dataset_consumes_1', 'dataset_produces_2', 'dataset_consumes_unknown_never_scheduled', 'dataset_consumes_1_never_scheduled', 'dataset_consumes_1_and_2', 'dataset_produces_1' retrieved from /home/airflow/.local/lib/python3.8/site-packages/airflow/example_dags/example_datasets.py
[2024-03-11T22:02:46.475+0000] {logging_mixin.py:188} INFO - [2024-03-11T22:02:46.475+0000] {dag.py:3047} INFO - Sync 6 DAGs
[2024-03-11T22:02:46.498+0000] {logging_mixin.py:188} INFO - [2024-03-11T22:02:46.498+0000] {dag.py:3834} INFO - Setting next_dagrun for dataset_consumes_1 to None, run_after=None
[2024-03-11T22:02:46.502+0000] {logging_mixin.py:188} INFO - [2024-03-11T22:02:46.502+0000] {dag.py:3834} INFO - Setting next_dagrun for dataset_consumes_1_and_2 to None, run_after=None
[2024-03-11T22:02:46.504+0000] {logging_mixin.py:188} INFO - [2024-03-11T22:02:46.504+0000] {dag.py:3834} INFO - Setting next_dagrun for dataset_consumes_1_never_scheduled to None, run_after=None
[2024-03-11T22:02:46.505+0000] {logging_mixin.py:188} INFO - [2024-03-11T22:02:46.505+0000] {dag.py:3834} INFO - Setting next_dagrun for dataset_consumes_unknown_never_scheduled to None, run_after=None
[2024-03-11T22:02:46.509+0000] {logging_mixin.py:188} INFO - [2024-03-11T22:02:46.508+0000] {dag.py:3834} INFO - Setting next_dagrun for dataset_produces_1 to 2024-03-10 00:00:00+00:00, run_after=2024-03-11 00:00:00+00:00
[2024-03-11T22:02:46.510+0000] {logging_mixin.py:188} INFO - [2024-03-11T22:02:46.510+0000] {dag.py:3834} INFO - Setting next_dagrun for dataset_produces_2 to None, run_after=None
[2024-03-11T22:02:46.555+0000] {processor.py:183} INFO - Processing /home/airflow/.local/lib/python3.8/site-packages/airflow/example_dags/example_datasets.py took 0.134 seconds
[2024-03-11T22:05:19.930+0000] {processor.py:161} INFO - Started process (PID=73) to work on /home/airflow/.local/lib/python3.8/site-packages/airflow/example_dags/example_datasets.py
[2024-03-11T22:05:19.932+0000] {processor.py:830} INFO - Processing file /home/airflow/.local/lib/python3.8/site-packages/airflow/example_dags/example_datasets.py for tasks to queue
[2024-03-11T22:05:19.934+0000] {logging_mixin.py:188} INFO - [2024-03-11T22:05:19.933+0000] {dagbag.py:540} INFO - Filling up the DagBag from /home/airflow/.local/lib/python3.8/site-packages/airflow/example_dags/example_datasets.py
[2024-03-11T22:05:19.943+0000] {processor.py:840} INFO - DAG(s) 'dataset_consumes_1_and_2', 'dataset_consumes_unknown_never_scheduled', 'dataset_produces_2', 'dataset_consumes_1_never_scheduled', 'dataset_produces_1', 'dataset_consumes_1' retrieved from /home/airflow/.local/lib/python3.8/site-packages/airflow/example_dags/example_datasets.py
[2024-03-11T22:05:20.223+0000] {logging_mixin.py:188} INFO - [2024-03-11T22:05:20.222+0000] {dag.py:3047} INFO - Sync 6 DAGs
[2024-03-11T22:05:20.247+0000] {logging_mixin.py:188} INFO - [2024-03-11T22:05:20.247+0000] {dag.py:3834} INFO - Setting next_dagrun for dataset_consumes_1 to None, run_after=None
[2024-03-11T22:05:20.252+0000] {logging_mixin.py:188} INFO - [2024-03-11T22:05:20.252+0000] {dag.py:3834} INFO - Setting next_dagrun for dataset_consumes_1_and_2 to None, run_after=None
[2024-03-11T22:05:20.253+0000] {logging_mixin.py:188} INFO - [2024-03-11T22:05:20.253+0000] {dag.py:3834} INFO - Setting next_dagrun for dataset_consumes_1_never_scheduled to None, run_after=None
[2024-03-11T22:05:20.255+0000] {logging_mixin.py:188} INFO - [2024-03-11T22:05:20.255+0000] {dag.py:3834} INFO - Setting next_dagrun for dataset_consumes_unknown_never_scheduled to None, run_after=None
[2024-03-11T22:05:20.259+0000] {logging_mixin.py:188} INFO - [2024-03-11T22:05:20.259+0000] {dag.py:3834} INFO - Setting next_dagrun for dataset_produces_1 to 2024-03-10 00:00:00+00:00, run_after=2024-03-11 00:00:00+00:00
[2024-03-11T22:05:20.261+0000] {logging_mixin.py:188} INFO - [2024-03-11T22:05:20.261+0000] {dag.py:3834} INFO - Setting next_dagrun for dataset_produces_2 to None, run_after=None
[2024-03-11T22:05:20.323+0000] {processor.py:183} INFO - Processing /home/airflow/.local/lib/python3.8/site-packages/airflow/example_dags/example_datasets.py took 0.397 seconds
[2024-03-11T22:05:50.528+0000] {processor.py:161} INFO - Started process (PID=130) to work on /home/airflow/.local/lib/python3.8/site-packages/airflow/example_dags/example_datasets.py
[2024-03-11T22:05:50.529+0000] {processor.py:830} INFO - Processing file /home/airflow/.local/lib/python3.8/site-packages/airflow/example_dags/example_datasets.py for tasks to queue
[2024-03-11T22:05:50.531+0000] {logging_mixin.py:188} INFO - [2024-03-11T22:05:50.530+0000] {dagbag.py:540} INFO - Filling up the DagBag from /home/airflow/.local/lib/python3.8/site-packages/airflow/example_dags/example_datasets.py
[2024-03-11T22:05:50.538+0000] {processor.py:840} INFO - DAG(s) 'dataset_consumes_1_never_scheduled', 'dataset_produces_2', 'dataset_consumes_1_and_2', 'dataset_consumes_1', 'dataset_produces_1', 'dataset_consumes_unknown_never_scheduled' retrieved from /home/airflow/.local/lib/python3.8/site-packages/airflow/example_dags/example_datasets.py
[2024-03-11T22:05:50.578+0000] {logging_mixin.py:188} INFO - [2024-03-11T22:05:50.578+0000] {dag.py:3047} INFO - Sync 6 DAGs
[2024-03-11T22:05:50.600+0000] {logging_mixin.py:188} INFO - [2024-03-11T22:05:50.599+0000] {dag.py:3834} INFO - Setting next_dagrun for dataset_consumes_1 to None, run_after=None
[2024-03-11T22:05:50.604+0000] {logging_mixin.py:188} INFO - [2024-03-11T22:05:50.603+0000] {dag.py:3834} INFO - Setting next_dagrun for dataset_consumes_1_and_2 to None, run_after=None
[2024-03-11T22:05:50.606+0000] {logging_mixin.py:188} INFO - [2024-03-11T22:05:50.606+0000] {dag.py:3834} INFO - Setting next_dagrun for dataset_consumes_1_never_scheduled to None, run_after=None
[2024-03-11T22:05:50.609+0000] {logging_mixin.py:188} INFO - [2024-03-11T22:05:50.609+0000] {dag.py:3834} INFO - Setting next_dagrun for dataset_consumes_unknown_never_scheduled to None, run_after=None
[2024-03-11T22:05:50.613+0000] {logging_mixin.py:188} INFO - [2024-03-11T22:05:50.613+0000] {dag.py:3834} INFO - Setting next_dagrun for dataset_produces_1 to 2024-03-10 00:00:00+00:00, run_after=2024-03-11 00:00:00+00:00
[2024-03-11T22:05:50.616+0000] {logging_mixin.py:188} INFO - [2024-03-11T22:05:50.615+0000] {dag.py:3834} INFO - Setting next_dagrun for dataset_produces_2 to None, run_after=None
[2024-03-11T22:05:50.677+0000] {processor.py:183} INFO - Processing /home/airflow/.local/lib/python3.8/site-packages/airflow/example_dags/example_datasets.py took 0.153 seconds
[2024-03-11T22:06:21.249+0000] {processor.py:161} INFO - Started process (PID=187) to work on /home/airflow/.local/lib/python3.8/site-packages/airflow/example_dags/example_datasets.py
[2024-03-11T22:06:21.250+0000] {processor.py:830} INFO - Processing file /home/airflow/.local/lib/python3.8/site-packages/airflow/example_dags/example_datasets.py for tasks to queue
[2024-03-11T22:06:21.253+0000] {logging_mixin.py:188} INFO - [2024-03-11T22:06:21.252+0000] {dagbag.py:540} INFO - Filling up the DagBag from /home/airflow/.local/lib/python3.8/site-packages/airflow/example_dags/example_datasets.py
[2024-03-11T22:06:21.261+0000] {processor.py:840} INFO - DAG(s) 'dataset_consumes_1_never_scheduled', 'dataset_consumes_1', 'dataset_produces_2', 'dataset_consumes_1_and_2', 'dataset_produces_1', 'dataset_consumes_unknown_never_scheduled' retrieved from /home/airflow/.local/lib/python3.8/site-packages/airflow/example_dags/example_datasets.py
[2024-03-11T22:06:21.310+0000] {logging_mixin.py:188} INFO - [2024-03-11T22:06:21.310+0000] {dag.py:3047} INFO - Sync 6 DAGs
[2024-03-11T22:06:21.338+0000] {logging_mixin.py:188} INFO - [2024-03-11T22:06:21.338+0000] {dag.py:3834} INFO - Setting next_dagrun for dataset_consumes_1 to None, run_after=None
[2024-03-11T22:06:21.344+0000] {logging_mixin.py:188} INFO - [2024-03-11T22:06:21.343+0000] {dag.py:3834} INFO - Setting next_dagrun for dataset_consumes_1_and_2 to None, run_after=None
[2024-03-11T22:06:21.346+0000] {logging_mixin.py:188} INFO - [2024-03-11T22:06:21.345+0000] {dag.py:3834} INFO - Setting next_dagrun for dataset_consumes_1_never_scheduled to None, run_after=None
[2024-03-11T22:06:21.348+0000] {logging_mixin.py:188} INFO - [2024-03-11T22:06:21.348+0000] {dag.py:3834} INFO - Setting next_dagrun for dataset_consumes_unknown_never_scheduled to None, run_after=None
[2024-03-11T22:06:21.355+0000] {logging_mixin.py:188} INFO - [2024-03-11T22:06:21.354+0000] {dag.py:3834} INFO - Setting next_dagrun for dataset_produces_1 to 2024-03-10 00:00:00+00:00, run_after=2024-03-11 00:00:00+00:00
[2024-03-11T22:06:21.361+0000] {logging_mixin.py:188} INFO - [2024-03-11T22:06:21.361+0000] {dag.py:3834} INFO - Setting next_dagrun for dataset_produces_2 to None, run_after=None
[2024-03-11T22:06:21.440+0000] {processor.py:183} INFO - Processing /home/airflow/.local/lib/python3.8/site-packages/airflow/example_dags/example_datasets.py took 0.194 seconds
[2024-03-11T22:06:52.204+0000] {processor.py:161} INFO - Started process (PID=244) to work on /home/airflow/.local/lib/python3.8/site-packages/airflow/example_dags/example_datasets.py
[2024-03-11T22:06:52.205+0000] {processor.py:830} INFO - Processing file /home/airflow/.local/lib/python3.8/site-packages/airflow/example_dags/example_datasets.py for tasks to queue
[2024-03-11T22:06:52.207+0000] {logging_mixin.py:188} INFO - [2024-03-11T22:06:52.206+0000] {dagbag.py:540} INFO - Filling up the DagBag from /home/airflow/.local/lib/python3.8/site-packages/airflow/example_dags/example_datasets.py
[2024-03-11T22:06:52.215+0000] {processor.py:840} INFO - DAG(s) 'dataset_consumes_1_and_2', 'dataset_consumes_unknown_never_scheduled', 'dataset_produces_2', 'dataset_produces_1', 'dataset_consumes_1', 'dataset_consumes_1_never_scheduled' retrieved from /home/airflow/.local/lib/python3.8/site-packages/airflow/example_dags/example_datasets.py
[2024-03-11T22:06:52.257+0000] {logging_mixin.py:188} INFO - [2024-03-11T22:06:52.256+0000] {dag.py:3047} INFO - Sync 6 DAGs
[2024-03-11T22:06:52.281+0000] {logging_mixin.py:188} INFO - [2024-03-11T22:06:52.281+0000] {dag.py:3834} INFO - Setting next_dagrun for dataset_consumes_1 to None, run_after=None
[2024-03-11T22:06:52.286+0000] {logging_mixin.py:188} INFO - [2024-03-11T22:06:52.286+0000] {dag.py:3834} INFO - Setting next_dagrun for dataset_consumes_1_and_2 to None, run_after=None
[2024-03-11T22:06:52.288+0000] {logging_mixin.py:188} INFO - [2024-03-11T22:06:52.288+0000] {dag.py:3834} INFO - Setting next_dagrun for dataset_consumes_1_never_scheduled to None, run_after=None
[2024-03-11T22:06:52.290+0000] {logging_mixin.py:188} INFO - [2024-03-11T22:06:52.290+0000] {dag.py:3834} INFO - Setting next_dagrun for dataset_consumes_unknown_never_scheduled to None, run_after=None
[2024-03-11T22:06:52.293+0000] {logging_mixin.py:188} INFO - [2024-03-11T22:06:52.293+0000] {dag.py:3834} INFO - Setting next_dagrun for dataset_produces_1 to 2024-03-10 00:00:00+00:00, run_after=2024-03-11 00:00:00+00:00
[2024-03-11T22:06:52.295+0000] {logging_mixin.py:188} INFO - [2024-03-11T22:06:52.295+0000] {dag.py:3834} INFO - Setting next_dagrun for dataset_produces_2 to None, run_after=None
[2024-03-11T22:06:52.341+0000] {processor.py:183} INFO - Processing /home/airflow/.local/lib/python3.8/site-packages/airflow/example_dags/example_datasets.py took 0.140 seconds
[2024-03-11T22:07:22.386+0000] {processor.py:161} INFO - Started process (PID=301) to work on /home/airflow/.local/lib/python3.8/site-packages/airflow/example_dags/example_datasets.py
[2024-03-11T22:07:22.388+0000] {processor.py:830} INFO - Processing file /home/airflow/.local/lib/python3.8/site-packages/airflow/example_dags/example_datasets.py for tasks to queue
[2024-03-11T22:07:22.389+0000] {logging_mixin.py:188} INFO - [2024-03-11T22:07:22.389+0000] {dagbag.py:540} INFO - Filling up the DagBag from /home/airflow/.local/lib/python3.8/site-packages/airflow/example_dags/example_datasets.py
[2024-03-11T22:07:22.397+0000] {processor.py:840} INFO - DAG(s) 'dataset_produces_1', 'dataset_consumes_1_never_scheduled', 'dataset_consumes_1_and_2', 'dataset_produces_2', 'dataset_consumes_1', 'dataset_consumes_unknown_never_scheduled' retrieved from /home/airflow/.local/lib/python3.8/site-packages/airflow/example_dags/example_datasets.py
[2024-03-11T22:07:22.437+0000] {logging_mixin.py:188} INFO - [2024-03-11T22:07:22.437+0000] {dag.py:3047} INFO - Sync 6 DAGs
[2024-03-11T22:07:22.460+0000] {logging_mixin.py:188} INFO - [2024-03-11T22:07:22.460+0000] {dag.py:3834} INFO - Setting next_dagrun for dataset_consumes_1 to None, run_after=None
[2024-03-11T22:07:22.464+0000] {logging_mixin.py:188} INFO - [2024-03-11T22:07:22.464+0000] {dag.py:3834} INFO - Setting next_dagrun for dataset_consumes_1_and_2 to None, run_after=None
[2024-03-11T22:07:22.466+0000] {logging_mixin.py:188} INFO - [2024-03-11T22:07:22.466+0000] {dag.py:3834} INFO - Setting next_dagrun for dataset_consumes_1_never_scheduled to None, run_after=None
[2024-03-11T22:07:22.468+0000] {logging_mixin.py:188} INFO - [2024-03-11T22:07:22.468+0000] {dag.py:3834} INFO - Setting next_dagrun for dataset_consumes_unknown_never_scheduled to None, run_after=None
[2024-03-11T22:07:22.471+0000] {logging_mixin.py:188} INFO - [2024-03-11T22:07:22.471+0000] {dag.py:3834} INFO - Setting next_dagrun for dataset_produces_1 to 2024-03-10 00:00:00+00:00, run_after=2024-03-11 00:00:00+00:00
[2024-03-11T22:07:22.473+0000] {logging_mixin.py:188} INFO - [2024-03-11T22:07:22.473+0000] {dag.py:3834} INFO - Setting next_dagrun for dataset_produces_2 to None, run_after=None
[2024-03-11T22:07:22.520+0000] {processor.py:183} INFO - Processing /home/airflow/.local/lib/python3.8/site-packages/airflow/example_dags/example_datasets.py took 0.137 seconds
[2024-03-11T22:07:52.660+0000] {processor.py:161} INFO - Started process (PID=358) to work on /home/airflow/.local/lib/python3.8/site-packages/airflow/example_dags/example_datasets.py
[2024-03-11T22:07:52.661+0000] {processor.py:830} INFO - Processing file /home/airflow/.local/lib/python3.8/site-packages/airflow/example_dags/example_datasets.py for tasks to queue
[2024-03-11T22:07:52.663+0000] {logging_mixin.py:188} INFO - [2024-03-11T22:07:52.663+0000] {dagbag.py:540} INFO - Filling up the DagBag from /home/airflow/.local/lib/python3.8/site-packages/airflow/example_dags/example_datasets.py
[2024-03-11T22:07:52.672+0000] {processor.py:840} INFO - DAG(s) 'dataset_produces_2', 'dataset_produces_1', 'dataset_consumes_1_and_2', 'dataset_consumes_unknown_never_scheduled', 'dataset_consumes_1', 'dataset_consumes_1_never_scheduled' retrieved from /home/airflow/.local/lib/python3.8/site-packages/airflow/example_dags/example_datasets.py
[2024-03-11T22:07:52.715+0000] {logging_mixin.py:188} INFO - [2024-03-11T22:07:52.714+0000] {dag.py:3047} INFO - Sync 6 DAGs
[2024-03-11T22:07:52.738+0000] {logging_mixin.py:188} INFO - [2024-03-11T22:07:52.738+0000] {dag.py:3834} INFO - Setting next_dagrun for dataset_consumes_1 to None, run_after=None
[2024-03-11T22:07:52.742+0000] {logging_mixin.py:188} INFO - [2024-03-11T22:07:52.742+0000] {dag.py:3834} INFO - Setting next_dagrun for dataset_consumes_1_and_2 to None, run_after=None
[2024-03-11T22:07:52.744+0000] {logging_mixin.py:188} INFO - [2024-03-11T22:07:52.743+0000] {dag.py:3834} INFO - Setting next_dagrun for dataset_consumes_1_never_scheduled to None, run_after=None
[2024-03-11T22:07:52.745+0000] {logging_mixin.py:188} INFO - [2024-03-11T22:07:52.745+0000] {dag.py:3834} INFO - Setting next_dagrun for dataset_consumes_unknown_never_scheduled to None, run_after=None
[2024-03-11T22:07:52.749+0000] {logging_mixin.py:188} INFO - [2024-03-11T22:07:52.748+0000] {dag.py:3834} INFO - Setting next_dagrun for dataset_produces_1 to 2024-03-10 00:00:00+00:00, run_after=2024-03-11 00:00:00+00:00
[2024-03-11T22:07:52.750+0000] {logging_mixin.py:188} INFO - [2024-03-11T22:07:52.750+0000] {dag.py:3834} INFO - Setting next_dagrun for dataset_produces_2 to None, run_after=None
[2024-03-11T22:07:52.788+0000] {processor.py:183} INFO - Processing /home/airflow/.local/lib/python3.8/site-packages/airflow/example_dags/example_datasets.py took 0.131 seconds
[2024-03-11T22:08:23.186+0000] {processor.py:161} INFO - Started process (PID=415) to work on /home/airflow/.local/lib/python3.8/site-packages/airflow/example_dags/example_datasets.py
[2024-03-11T22:08:23.188+0000] {processor.py:830} INFO - Processing file /home/airflow/.local/lib/python3.8/site-packages/airflow/example_dags/example_datasets.py for tasks to queue
[2024-03-11T22:08:23.189+0000] {logging_mixin.py:188} INFO - [2024-03-11T22:08:23.189+0000] {dagbag.py:540} INFO - Filling up the DagBag from /home/airflow/.local/lib/python3.8/site-packages/airflow/example_dags/example_datasets.py
[2024-03-11T22:08:23.197+0000] {processor.py:840} INFO - DAG(s) 'dataset_produces_2', 'dataset_consumes_1', 'dataset_produces_1', 'dataset_consumes_1_never_scheduled', 'dataset_consumes_unknown_never_scheduled', 'dataset_consumes_1_and_2' retrieved from /home/airflow/.local/lib/python3.8/site-packages/airflow/example_dags/example_datasets.py
[2024-03-11T22:08:23.244+0000] {logging_mixin.py:188} INFO - [2024-03-11T22:08:23.244+0000] {dag.py:3047} INFO - Sync 6 DAGs
[2024-03-11T22:08:23.270+0000] {logging_mixin.py:188} INFO - [2024-03-11T22:08:23.270+0000] {dag.py:3834} INFO - Setting next_dagrun for dataset_consumes_1 to None, run_after=None
[2024-03-11T22:08:23.274+0000] {logging_mixin.py:188} INFO - [2024-03-11T22:08:23.274+0000] {dag.py:3834} INFO - Setting next_dagrun for dataset_consumes_1_and_2 to None, run_after=None
[2024-03-11T22:08:23.276+0000] {logging_mixin.py:188} INFO - [2024-03-11T22:08:23.276+0000] {dag.py:3834} INFO - Setting next_dagrun for dataset_consumes_1_never_scheduled to None, run_after=None
[2024-03-11T22:08:23.278+0000] {logging_mixin.py:188} INFO - [2024-03-11T22:08:23.277+0000] {dag.py:3834} INFO - Setting next_dagrun for dataset_consumes_unknown_never_scheduled to None, run_after=None
[2024-03-11T22:08:23.281+0000] {logging_mixin.py:188} INFO - [2024-03-11T22:08:23.280+0000] {dag.py:3834} INFO - Setting next_dagrun for dataset_produces_1 to 2024-03-10 00:00:00+00:00, run_after=2024-03-11 00:00:00+00:00
[2024-03-11T22:08:23.282+0000] {logging_mixin.py:188} INFO - [2024-03-11T22:08:23.282+0000] {dag.py:3834} INFO - Setting next_dagrun for dataset_produces_2 to None, run_after=None
[2024-03-11T22:08:23.327+0000] {processor.py:183} INFO - Processing /home/airflow/.local/lib/python3.8/site-packages/airflow/example_dags/example_datasets.py took 0.144 seconds
[2024-03-11T22:08:54.056+0000] {processor.py:161} INFO - Started process (PID=472) to work on /home/airflow/.local/lib/python3.8/site-packages/airflow/example_dags/example_datasets.py
[2024-03-11T22:08:54.057+0000] {processor.py:830} INFO - Processing file /home/airflow/.local/lib/python3.8/site-packages/airflow/example_dags/example_datasets.py for tasks to queue
[2024-03-11T22:08:54.059+0000] {logging_mixin.py:188} INFO - [2024-03-11T22:08:54.059+0000] {dagbag.py:540} INFO - Filling up the DagBag from /home/airflow/.local/lib/python3.8/site-packages/airflow/example_dags/example_datasets.py
[2024-03-11T22:08:54.067+0000] {processor.py:840} INFO - DAG(s) 'dataset_consumes_1_and_2', 'dataset_produces_2', 'dataset_consumes_1_never_scheduled', 'dataset_consumes_1', 'dataset_produces_1', 'dataset_consumes_unknown_never_scheduled' retrieved from /home/airflow/.local/lib/python3.8/site-packages/airflow/example_dags/example_datasets.py
[2024-03-11T22:08:54.108+0000] {logging_mixin.py:188} INFO - [2024-03-11T22:08:54.108+0000] {dag.py:3047} INFO - Sync 6 DAGs
[2024-03-11T22:08:54.134+0000] {logging_mixin.py:188} INFO - [2024-03-11T22:08:54.133+0000] {dag.py:3834} INFO - Setting next_dagrun for dataset_consumes_1 to None, run_after=None
[2024-03-11T22:08:54.138+0000] {logging_mixin.py:188} INFO - [2024-03-11T22:08:54.138+0000] {dag.py:3834} INFO - Setting next_dagrun for dataset_consumes_1_and_2 to None, run_after=None
[2024-03-11T22:08:54.140+0000] {logging_mixin.py:188} INFO - [2024-03-11T22:08:54.140+0000] {dag.py:3834} INFO - Setting next_dagrun for dataset_consumes_1_never_scheduled to None, run_after=None
[2024-03-11T22:08:54.141+0000] {logging_mixin.py:188} INFO - [2024-03-11T22:08:54.141+0000] {dag.py:3834} INFO - Setting next_dagrun for dataset_consumes_unknown_never_scheduled to None, run_after=None
[2024-03-11T22:08:54.144+0000] {logging_mixin.py:188} INFO - [2024-03-11T22:08:54.144+0000] {dag.py:3834} INFO - Setting next_dagrun for dataset_produces_1 to 2024-03-10 00:00:00+00:00, run_after=2024-03-11 00:00:00+00:00
[2024-03-11T22:08:54.146+0000] {logging_mixin.py:188} INFO - [2024-03-11T22:08:54.146+0000] {dag.py:3834} INFO - Setting next_dagrun for dataset_produces_2 to None, run_after=None
[2024-03-11T22:08:54.191+0000] {processor.py:183} INFO - Processing /home/airflow/.local/lib/python3.8/site-packages/airflow/example_dags/example_datasets.py took 0.138 seconds
[2024-03-11T22:09:25.179+0000] {processor.py:161} INFO - Started process (PID=529) to work on /home/airflow/.local/lib/python3.8/site-packages/airflow/example_dags/example_datasets.py
[2024-03-11T22:09:25.180+0000] {processor.py:830} INFO - Processing file /home/airflow/.local/lib/python3.8/site-packages/airflow/example_dags/example_datasets.py for tasks to queue
[2024-03-11T22:09:25.182+0000] {logging_mixin.py:188} INFO - [2024-03-11T22:09:25.182+0000] {dagbag.py:540} INFO - Filling up the DagBag from /home/airflow/.local/lib/python3.8/site-packages/airflow/example_dags/example_datasets.py
[2024-03-11T22:09:25.191+0000] {processor.py:840} INFO - DAG(s) 'dataset_consumes_1_never_scheduled', 'dataset_consumes_1', 'dataset_produces_2', 'dataset_consumes_unknown_never_scheduled', 'dataset_produces_1', 'dataset_consumes_1_and_2' retrieved from /home/airflow/.local/lib/python3.8/site-packages/airflow/example_dags/example_datasets.py
[2024-03-11T22:09:25.230+0000] {logging_mixin.py:188} INFO - [2024-03-11T22:09:25.230+0000] {dag.py:3047} INFO - Sync 6 DAGs
[2024-03-11T22:09:25.252+0000] {logging_mixin.py:188} INFO - [2024-03-11T22:09:25.252+0000] {dag.py:3834} INFO - Setting next_dagrun for dataset_consumes_1 to None, run_after=None
[2024-03-11T22:09:25.256+0000] {logging_mixin.py:188} INFO - [2024-03-11T22:09:25.256+0000] {dag.py:3834} INFO - Setting next_dagrun for dataset_consumes_1_and_2 to None, run_after=None
[2024-03-11T22:09:25.258+0000] {logging_mixin.py:188} INFO - [2024-03-11T22:09:25.258+0000] {dag.py:3834} INFO - Setting next_dagrun for dataset_consumes_1_never_scheduled to None, run_after=None
[2024-03-11T22:09:25.260+0000] {logging_mixin.py:188} INFO - [2024-03-11T22:09:25.259+0000] {dag.py:3834} INFO - Setting next_dagrun for dataset_consumes_unknown_never_scheduled to None, run_after=None
[2024-03-11T22:09:25.263+0000] {logging_mixin.py:188} INFO - [2024-03-11T22:09:25.262+0000] {dag.py:3834} INFO - Setting next_dagrun for dataset_produces_1 to 2024-03-10 00:00:00+00:00, run_after=2024-03-11 00:00:00+00:00
[2024-03-11T22:09:25.265+0000] {logging_mixin.py:188} INFO - [2024-03-11T22:09:25.264+0000] {dag.py:3834} INFO - Setting next_dagrun for dataset_produces_2 to None, run_after=None
[2024-03-11T22:09:25.308+0000] {processor.py:183} INFO - Processing /home/airflow/.local/lib/python3.8/site-packages/airflow/example_dags/example_datasets.py took 0.133 seconds
[2024-03-11T22:09:55.407+0000] {processor.py:161} INFO - Started process (PID=586) to work on /home/airflow/.local/lib/python3.8/site-packages/airflow/example_dags/example_datasets.py
[2024-03-11T22:09:55.409+0000] {processor.py:830} INFO - Processing file /home/airflow/.local/lib/python3.8/site-packages/airflow/example_dags/example_datasets.py for tasks to queue
[2024-03-11T22:09:55.411+0000] {logging_mixin.py:188} INFO - [2024-03-11T22:09:55.411+0000] {dagbag.py:540} INFO - Filling up the DagBag from /home/airflow/.local/lib/python3.8/site-packages/airflow/example_dags/example_datasets.py
[2024-03-11T22:09:55.422+0000] {processor.py:840} INFO - DAG(s) 'dataset_consumes_1', 'dataset_produces_1', 'dataset_consumes_unknown_never_scheduled', 'dataset_produces_2', 'dataset_consumes_1_and_2', 'dataset_consumes_1_never_scheduled' retrieved from /home/airflow/.local/lib/python3.8/site-packages/airflow/example_dags/example_datasets.py
[2024-03-11T22:09:55.470+0000] {logging_mixin.py:188} INFO - [2024-03-11T22:09:55.470+0000] {dag.py:3047} INFO - Sync 6 DAGs
[2024-03-11T22:09:55.495+0000] {logging_mixin.py:188} INFO - [2024-03-11T22:09:55.494+0000] {dag.py:3834} INFO - Setting next_dagrun for dataset_consumes_1 to None, run_after=None
[2024-03-11T22:09:55.500+0000] {logging_mixin.py:188} INFO - [2024-03-11T22:09:55.500+0000] {dag.py:3834} INFO - Setting next_dagrun for dataset_consumes_1_and_2 to None, run_after=None
[2024-03-11T22:09:55.503+0000] {logging_mixin.py:188} INFO - [2024-03-11T22:09:55.502+0000] {dag.py:3834} INFO - Setting next_dagrun for dataset_consumes_1_never_scheduled to None, run_after=None
[2024-03-11T22:09:55.505+0000] {logging_mixin.py:188} INFO - [2024-03-11T22:09:55.505+0000] {dag.py:3834} INFO - Setting next_dagrun for dataset_consumes_unknown_never_scheduled to None, run_after=None
[2024-03-11T22:09:55.509+0000] {logging_mixin.py:188} INFO - [2024-03-11T22:09:55.509+0000] {dag.py:3834} INFO - Setting next_dagrun for dataset_produces_1 to 2024-03-10 00:00:00+00:00, run_after=2024-03-11 00:00:00+00:00
[2024-03-11T22:09:55.511+0000] {logging_mixin.py:188} INFO - [2024-03-11T22:09:55.511+0000] {dag.py:3834} INFO - Setting next_dagrun for dataset_produces_2 to None, run_after=None
[2024-03-11T22:09:55.560+0000] {processor.py:183} INFO - Processing /home/airflow/.local/lib/python3.8/site-packages/airflow/example_dags/example_datasets.py took 0.157 seconds
[2024-03-11T22:10:26.058+0000] {processor.py:161} INFO - Started process (PID=643) to work on /home/airflow/.local/lib/python3.8/site-packages/airflow/example_dags/example_datasets.py
[2024-03-11T22:10:26.060+0000] {processor.py:830} INFO - Processing file /home/airflow/.local/lib/python3.8/site-packages/airflow/example_dags/example_datasets.py for tasks to queue
[2024-03-11T22:10:26.062+0000] {logging_mixin.py:188} INFO - [2024-03-11T22:10:26.062+0000] {dagbag.py:540} INFO - Filling up the DagBag from /home/airflow/.local/lib/python3.8/site-packages/airflow/example_dags/example_datasets.py
[2024-03-11T22:10:26.073+0000] {processor.py:840} INFO - DAG(s) 'dataset_produces_1', 'dataset_consumes_1_and_2', 'dataset_produces_2', 'dataset_consumes_1', 'dataset_consumes_1_never_scheduled', 'dataset_consumes_unknown_never_scheduled' retrieved from /home/airflow/.local/lib/python3.8/site-packages/airflow/example_dags/example_datasets.py
[2024-03-11T22:10:26.119+0000] {logging_mixin.py:188} INFO - [2024-03-11T22:10:26.119+0000] {dag.py:3047} INFO - Sync 6 DAGs
[2024-03-11T22:10:26.146+0000] {logging_mixin.py:188} INFO - [2024-03-11T22:10:26.145+0000] {dag.py:3834} INFO - Setting next_dagrun for dataset_consumes_1 to None, run_after=None
[2024-03-11T22:10:26.150+0000] {logging_mixin.py:188} INFO - [2024-03-11T22:10:26.150+0000] {dag.py:3834} INFO - Setting next_dagrun for dataset_consumes_1_and_2 to None, run_after=None
[2024-03-11T22:10:26.152+0000] {logging_mixin.py:188} INFO - [2024-03-11T22:10:26.152+0000] {dag.py:3834} INFO - Setting next_dagrun for dataset_consumes_1_never_scheduled to None, run_after=None
[2024-03-11T22:10:26.154+0000] {logging_mixin.py:188} INFO - [2024-03-11T22:10:26.154+0000] {dag.py:3834} INFO - Setting next_dagrun for dataset_consumes_unknown_never_scheduled to None, run_after=None
[2024-03-11T22:10:26.158+0000] {logging_mixin.py:188} INFO - [2024-03-11T22:10:26.158+0000] {dag.py:3834} INFO - Setting next_dagrun for dataset_produces_1 to 2024-03-10 00:00:00+00:00, run_after=2024-03-11 00:00:00+00:00
[2024-03-11T22:10:26.160+0000] {logging_mixin.py:188} INFO - [2024-03-11T22:10:26.160+0000] {dag.py:3834} INFO - Setting next_dagrun for dataset_produces_2 to None, run_after=None
[2024-03-11T22:10:26.210+0000] {processor.py:183} INFO - Processing /home/airflow/.local/lib/python3.8/site-packages/airflow/example_dags/example_datasets.py took 0.155 seconds
[2024-03-11T22:10:57.002+0000] {processor.py:161} INFO - Started process (PID=700) to work on /home/airflow/.local/lib/python3.8/site-packages/airflow/example_dags/example_datasets.py
[2024-03-11T22:10:57.003+0000] {processor.py:830} INFO - Processing file /home/airflow/.local/lib/python3.8/site-packages/airflow/example_dags/example_datasets.py for tasks to queue
[2024-03-11T22:10:57.005+0000] {logging_mixin.py:188} INFO - [2024-03-11T22:10:57.004+0000] {dagbag.py:540} INFO - Filling up the DagBag from /home/airflow/.local/lib/python3.8/site-packages/airflow/example_dags/example_datasets.py
[2024-03-11T22:10:57.013+0000] {processor.py:840} INFO - DAG(s) 'dataset_consumes_unknown_never_scheduled', 'dataset_produces_1', 'dataset_produces_2', 'dataset_consumes_1', 'dataset_consumes_1_and_2', 'dataset_consumes_1_never_scheduled' retrieved from /home/airflow/.local/lib/python3.8/site-packages/airflow/example_dags/example_datasets.py
[2024-03-11T22:10:57.053+0000] {logging_mixin.py:188} INFO - [2024-03-11T22:10:57.053+0000] {dag.py:3047} INFO - Sync 6 DAGs
[2024-03-11T22:10:57.076+0000] {logging_mixin.py:188} INFO - [2024-03-11T22:10:57.076+0000] {dag.py:3834} INFO - Setting next_dagrun for dataset_consumes_1 to None, run_after=None
[2024-03-11T22:10:57.080+0000] {logging_mixin.py:188} INFO - [2024-03-11T22:10:57.080+0000] {dag.py:3834} INFO - Setting next_dagrun for dataset_consumes_1_and_2 to None, run_after=None
[2024-03-11T22:10:57.082+0000] {logging_mixin.py:188} INFO - [2024-03-11T22:10:57.082+0000] {dag.py:3834} INFO - Setting next_dagrun for dataset_consumes_1_never_scheduled to None, run_after=None
[2024-03-11T22:10:57.083+0000] {logging_mixin.py:188} INFO - [2024-03-11T22:10:57.083+0000] {dag.py:3834} INFO - Setting next_dagrun for dataset_consumes_unknown_never_scheduled to None, run_after=None
[2024-03-11T22:10:57.087+0000] {logging_mixin.py:188} INFO - [2024-03-11T22:10:57.087+0000] {dag.py:3834} INFO - Setting next_dagrun for dataset_produces_1 to 2024-03-10 00:00:00+00:00, run_after=2024-03-11 00:00:00+00:00
[2024-03-11T22:10:57.089+0000] {logging_mixin.py:188} INFO - [2024-03-11T22:10:57.088+0000] {dag.py:3834} INFO - Setting next_dagrun for dataset_produces_2 to None, run_after=None
[2024-03-11T22:10:57.131+0000] {processor.py:183} INFO - Processing /home/airflow/.local/lib/python3.8/site-packages/airflow/example_dags/example_datasets.py took 0.132 seconds
[2024-03-11T22:11:27.649+0000] {processor.py:161} INFO - Started process (PID=757) to work on /home/airflow/.local/lib/python3.8/site-packages/airflow/example_dags/example_datasets.py
[2024-03-11T22:11:27.651+0000] {processor.py:830} INFO - Processing file /home/airflow/.local/lib/python3.8/site-packages/airflow/example_dags/example_datasets.py for tasks to queue
[2024-03-11T22:11:27.652+0000] {logging_mixin.py:188} INFO - [2024-03-11T22:11:27.652+0000] {dagbag.py:540} INFO - Filling up the DagBag from /home/airflow/.local/lib/python3.8/site-packages/airflow/example_dags/example_datasets.py
[2024-03-11T22:11:27.665+0000] {processor.py:840} INFO - DAG(s) 'dataset_consumes_1', 'dataset_consumes_unknown_never_scheduled', 'dataset_produces_1', 'dataset_consumes_1_never_scheduled', 'dataset_produces_2', 'dataset_consumes_1_and_2' retrieved from /home/airflow/.local/lib/python3.8/site-packages/airflow/example_dags/example_datasets.py
[2024-03-11T22:11:27.728+0000] {logging_mixin.py:188} INFO - [2024-03-11T22:11:27.728+0000] {dag.py:3047} INFO - Sync 6 DAGs
[2024-03-11T22:11:27.770+0000] {logging_mixin.py:188} INFO - [2024-03-11T22:11:27.769+0000] {dag.py:3834} INFO - Setting next_dagrun for dataset_consumes_1 to None, run_after=None
[2024-03-11T22:11:27.781+0000] {logging_mixin.py:188} INFO - [2024-03-11T22:11:27.780+0000] {dag.py:3834} INFO - Setting next_dagrun for dataset_consumes_1_and_2 to None, run_after=None
[2024-03-11T22:11:27.785+0000] {logging_mixin.py:188} INFO - [2024-03-11T22:11:27.784+0000] {dag.py:3834} INFO - Setting next_dagrun for dataset_consumes_1_never_scheduled to None, run_after=None
[2024-03-11T22:11:27.789+0000] {logging_mixin.py:188} INFO - [2024-03-11T22:11:27.788+0000] {dag.py:3834} INFO - Setting next_dagrun for dataset_consumes_unknown_never_scheduled to None, run_after=None
[2024-03-11T22:11:27.797+0000] {logging_mixin.py:188} INFO - [2024-03-11T22:11:27.796+0000] {dag.py:3834} INFO - Setting next_dagrun for dataset_produces_1 to 2024-03-10 00:00:00+00:00, run_after=2024-03-11 00:00:00+00:00
[2024-03-11T22:11:27.802+0000] {logging_mixin.py:188} INFO - [2024-03-11T22:11:27.801+0000] {dag.py:3834} INFO - Setting next_dagrun for dataset_produces_2 to None, run_after=None
[2024-03-11T22:11:27.866+0000] {processor.py:183} INFO - Processing /home/airflow/.local/lib/python3.8/site-packages/airflow/example_dags/example_datasets.py took 0.220 seconds
[2024-03-11T22:11:58.056+0000] {processor.py:161} INFO - Started process (PID=814) to work on /home/airflow/.local/lib/python3.8/site-packages/airflow/example_dags/example_datasets.py
[2024-03-11T22:11:58.057+0000] {processor.py:830} INFO - Processing file /home/airflow/.local/lib/python3.8/site-packages/airflow/example_dags/example_datasets.py for tasks to queue
[2024-03-11T22:11:58.059+0000] {logging_mixin.py:188} INFO - [2024-03-11T22:11:58.059+0000] {dagbag.py:540} INFO - Filling up the DagBag from /home/airflow/.local/lib/python3.8/site-packages/airflow/example_dags/example_datasets.py
[2024-03-11T22:11:58.068+0000] {processor.py:840} INFO - DAG(s) 'dataset_produces_1', 'dataset_consumes_1_never_scheduled', 'dataset_produces_2', 'dataset_consumes_unknown_never_scheduled', 'dataset_consumes_1_and_2', 'dataset_consumes_1' retrieved from /home/airflow/.local/lib/python3.8/site-packages/airflow/example_dags/example_datasets.py
[2024-03-11T22:11:58.116+0000] {logging_mixin.py:188} INFO - [2024-03-11T22:11:58.116+0000] {dag.py:3047} INFO - Sync 6 DAGs
[2024-03-11T22:11:58.147+0000] {logging_mixin.py:188} INFO - [2024-03-11T22:11:58.147+0000] {dag.py:3834} INFO - Setting next_dagrun for dataset_consumes_1 to None, run_after=None
[2024-03-11T22:11:58.154+0000] {logging_mixin.py:188} INFO - [2024-03-11T22:11:58.153+0000] {dag.py:3834} INFO - Setting next_dagrun for dataset_consumes_1_and_2 to None, run_after=None
[2024-03-11T22:11:58.156+0000] {logging_mixin.py:188} INFO - [2024-03-11T22:11:58.156+0000] {dag.py:3834} INFO - Setting next_dagrun for dataset_consumes_1_never_scheduled to None, run_after=None
[2024-03-11T22:11:58.159+0000] {logging_mixin.py:188} INFO - [2024-03-11T22:11:58.158+0000] {dag.py:3834} INFO - Setting next_dagrun for dataset_consumes_unknown_never_scheduled to None, run_after=None
[2024-03-11T22:11:58.163+0000] {logging_mixin.py:188} INFO - [2024-03-11T22:11:58.162+0000] {dag.py:3834} INFO - Setting next_dagrun for dataset_produces_1 to 2024-03-10 00:00:00+00:00, run_after=2024-03-11 00:00:00+00:00
[2024-03-11T22:11:58.165+0000] {logging_mixin.py:188} INFO - [2024-03-11T22:11:58.165+0000] {dag.py:3834} INFO - Setting next_dagrun for dataset_produces_2 to None, run_after=None
[2024-03-11T22:11:58.221+0000] {processor.py:183} INFO - Processing /home/airflow/.local/lib/python3.8/site-packages/airflow/example_dags/example_datasets.py took 0.168 seconds
[2024-03-11T22:12:28.759+0000] {processor.py:161} INFO - Started process (PID=877) to work on /home/airflow/.local/lib/python3.8/site-packages/airflow/example_dags/example_datasets.py
[2024-03-11T22:12:28.761+0000] {processor.py:830} INFO - Processing file /home/airflow/.local/lib/python3.8/site-packages/airflow/example_dags/example_datasets.py for tasks to queue
[2024-03-11T22:12:28.762+0000] {logging_mixin.py:188} INFO - [2024-03-11T22:12:28.762+0000] {dagbag.py:540} INFO - Filling up the DagBag from /home/airflow/.local/lib/python3.8/site-packages/airflow/example_dags/example_datasets.py
[2024-03-11T22:12:28.776+0000] {processor.py:840} INFO - DAG(s) 'dataset_produces_2', 'dataset_produces_1', 'dataset_consumes_unknown_never_scheduled', 'dataset_consumes_1_and_2', 'dataset_consumes_1_never_scheduled', 'dataset_consumes_1' retrieved from /home/airflow/.local/lib/python3.8/site-packages/airflow/example_dags/example_datasets.py
[2024-03-11T22:12:28.834+0000] {logging_mixin.py:188} INFO - [2024-03-11T22:12:28.834+0000] {dag.py:3047} INFO - Sync 6 DAGs
[2024-03-11T22:12:28.863+0000] {logging_mixin.py:188} INFO - [2024-03-11T22:12:28.862+0000] {dag.py:3834} INFO - Setting next_dagrun for dataset_consumes_1 to None, run_after=None
[2024-03-11T22:12:28.870+0000] {logging_mixin.py:188} INFO - [2024-03-11T22:12:28.870+0000] {dag.py:3834} INFO - Setting next_dagrun for dataset_consumes_1_and_2 to None, run_after=None
[2024-03-11T22:12:28.873+0000] {logging_mixin.py:188} INFO - [2024-03-11T22:12:28.873+0000] {dag.py:3834} INFO - Setting next_dagrun for dataset_consumes_1_never_scheduled to None, run_after=None
[2024-03-11T22:12:28.875+0000] {logging_mixin.py:188} INFO - [2024-03-11T22:12:28.875+0000] {dag.py:3834} INFO - Setting next_dagrun for dataset_consumes_unknown_never_scheduled to None, run_after=None
[2024-03-11T22:12:28.878+0000] {logging_mixin.py:188} INFO - [2024-03-11T22:12:28.878+0000] {dag.py:3834} INFO - Setting next_dagrun for dataset_produces_1 to 2024-03-10 00:00:00+00:00, run_after=2024-03-11 00:00:00+00:00
[2024-03-11T22:12:28.880+0000] {logging_mixin.py:188} INFO - [2024-03-11T22:12:28.879+0000] {dag.py:3834} INFO - Setting next_dagrun for dataset_produces_2 to None, run_after=None
[2024-03-11T22:12:28.937+0000] {processor.py:183} INFO - Processing /home/airflow/.local/lib/python3.8/site-packages/airflow/example_dags/example_datasets.py took 0.182 seconds
[2024-03-11T22:12:59.263+0000] {processor.py:161} INFO - Started process (PID=934) to work on /home/airflow/.local/lib/python3.8/site-packages/airflow/example_dags/example_datasets.py
[2024-03-11T22:12:59.265+0000] {processor.py:830} INFO - Processing file /home/airflow/.local/lib/python3.8/site-packages/airflow/example_dags/example_datasets.py for tasks to queue
[2024-03-11T22:12:59.268+0000] {logging_mixin.py:188} INFO - [2024-03-11T22:12:59.267+0000] {dagbag.py:540} INFO - Filling up the DagBag from /home/airflow/.local/lib/python3.8/site-packages/airflow/example_dags/example_datasets.py
[2024-03-11T22:12:59.277+0000] {processor.py:840} INFO - DAG(s) 'dataset_produces_2', 'dataset_consumes_1_and_2', 'dataset_consumes_unknown_never_scheduled', 'dataset_consumes_1_never_scheduled', 'dataset_produces_1', 'dataset_consumes_1' retrieved from /home/airflow/.local/lib/python3.8/site-packages/airflow/example_dags/example_datasets.py
[2024-03-11T22:12:59.329+0000] {logging_mixin.py:188} INFO - [2024-03-11T22:12:59.329+0000] {dag.py:3047} INFO - Sync 6 DAGs
[2024-03-11T22:12:59.359+0000] {logging_mixin.py:188} INFO - [2024-03-11T22:12:59.358+0000] {dag.py:3834} INFO - Setting next_dagrun for dataset_consumes_1 to None, run_after=None
[2024-03-11T22:12:59.365+0000] {logging_mixin.py:188} INFO - [2024-03-11T22:12:59.364+0000] {dag.py:3834} INFO - Setting next_dagrun for dataset_consumes_1_and_2 to None, run_after=None
[2024-03-11T22:12:59.369+0000] {logging_mixin.py:188} INFO - [2024-03-11T22:12:59.368+0000] {dag.py:3834} INFO - Setting next_dagrun for dataset_consumes_1_never_scheduled to None, run_after=None
[2024-03-11T22:12:59.371+0000] {logging_mixin.py:188} INFO - [2024-03-11T22:12:59.371+0000] {dag.py:3834} INFO - Setting next_dagrun for dataset_consumes_unknown_never_scheduled to None, run_after=None
[2024-03-11T22:12:59.374+0000] {logging_mixin.py:188} INFO - [2024-03-11T22:12:59.374+0000] {dag.py:3834} INFO - Setting next_dagrun for dataset_produces_1 to 2024-03-10 00:00:00+00:00, run_after=2024-03-11 00:00:00+00:00
[2024-03-11T22:12:59.376+0000] {logging_mixin.py:188} INFO - [2024-03-11T22:12:59.376+0000] {dag.py:3834} INFO - Setting next_dagrun for dataset_produces_2 to None, run_after=None
[2024-03-11T22:12:59.428+0000] {processor.py:183} INFO - Processing /home/airflow/.local/lib/python3.8/site-packages/airflow/example_dags/example_datasets.py took 0.168 seconds
[2024-03-11T22:13:29.541+0000] {processor.py:161} INFO - Started process (PID=991) to work on /home/airflow/.local/lib/python3.8/site-packages/airflow/example_dags/example_datasets.py
[2024-03-11T22:13:29.543+0000] {processor.py:830} INFO - Processing file /home/airflow/.local/lib/python3.8/site-packages/airflow/example_dags/example_datasets.py for tasks to queue
[2024-03-11T22:13:29.544+0000] {logging_mixin.py:188} INFO - [2024-03-11T22:13:29.544+0000] {dagbag.py:540} INFO - Filling up the DagBag from /home/airflow/.local/lib/python3.8/site-packages/airflow/example_dags/example_datasets.py
[2024-03-11T22:13:29.553+0000] {processor.py:840} INFO - DAG(s) 'dataset_consumes_1', 'dataset_consumes_1_and_2', 'dataset_consumes_unknown_never_scheduled', 'dataset_produces_1', 'dataset_produces_2', 'dataset_consumes_1_never_scheduled' retrieved from /home/airflow/.local/lib/python3.8/site-packages/airflow/example_dags/example_datasets.py
[2024-03-11T22:13:29.595+0000] {logging_mixin.py:188} INFO - [2024-03-11T22:13:29.595+0000] {dag.py:3047} INFO - Sync 6 DAGs
[2024-03-11T22:13:29.619+0000] {logging_mixin.py:188} INFO - [2024-03-11T22:13:29.619+0000] {dag.py:3834} INFO - Setting next_dagrun for dataset_consumes_1 to None, run_after=None
[2024-03-11T22:13:29.623+0000] {logging_mixin.py:188} INFO - [2024-03-11T22:13:29.623+0000] {dag.py:3834} INFO - Setting next_dagrun for dataset_consumes_1_and_2 to None, run_after=None
[2024-03-11T22:13:29.625+0000] {logging_mixin.py:188} INFO - [2024-03-11T22:13:29.624+0000] {dag.py:3834} INFO - Setting next_dagrun for dataset_consumes_1_never_scheduled to None, run_after=None
[2024-03-11T22:13:29.626+0000] {logging_mixin.py:188} INFO - [2024-03-11T22:13:29.626+0000] {dag.py:3834} INFO - Setting next_dagrun for dataset_consumes_unknown_never_scheduled to None, run_after=None
[2024-03-11T22:13:29.629+0000] {logging_mixin.py:188} INFO - [2024-03-11T22:13:29.629+0000] {dag.py:3834} INFO - Setting next_dagrun for dataset_produces_1 to 2024-03-10 00:00:00+00:00, run_after=2024-03-11 00:00:00+00:00
[2024-03-11T22:13:29.631+0000] {logging_mixin.py:188} INFO - [2024-03-11T22:13:29.630+0000] {dag.py:3834} INFO - Setting next_dagrun for dataset_produces_2 to None, run_after=None
[2024-03-11T22:13:29.672+0000] {processor.py:183} INFO - Processing /home/airflow/.local/lib/python3.8/site-packages/airflow/example_dags/example_datasets.py took 0.135 seconds
[2024-03-11T22:14:00.608+0000] {processor.py:161} INFO - Started process (PID=1048) to work on /home/airflow/.local/lib/python3.8/site-packages/airflow/example_dags/example_datasets.py
[2024-03-11T22:14:00.611+0000] {processor.py:830} INFO - Processing file /home/airflow/.local/lib/python3.8/site-packages/airflow/example_dags/example_datasets.py for tasks to queue
[2024-03-11T22:14:00.615+0000] {logging_mixin.py:188} INFO - [2024-03-11T22:14:00.614+0000] {dagbag.py:540} INFO - Filling up the DagBag from /home/airflow/.local/lib/python3.8/site-packages/airflow/example_dags/example_datasets.py
[2024-03-11T22:14:00.630+0000] {processor.py:840} INFO - DAG(s) 'dataset_consumes_1_and_2', 'dataset_consumes_1', 'dataset_consumes_unknown_never_scheduled', 'dataset_consumes_1_never_scheduled', 'dataset_produces_2', 'dataset_produces_1' retrieved from /home/airflow/.local/lib/python3.8/site-packages/airflow/example_dags/example_datasets.py
[2024-03-11T22:14:00.700+0000] {logging_mixin.py:188} INFO - [2024-03-11T22:14:00.700+0000] {dag.py:3047} INFO - Sync 6 DAGs
[2024-03-11T22:14:00.742+0000] {logging_mixin.py:188} INFO - [2024-03-11T22:14:00.741+0000] {dag.py:3834} INFO - Setting next_dagrun for dataset_consumes_1 to None, run_after=None
[2024-03-11T22:14:00.750+0000] {logging_mixin.py:188} INFO - [2024-03-11T22:14:00.749+0000] {dag.py:3834} INFO - Setting next_dagrun for dataset_consumes_1_and_2 to None, run_after=None
[2024-03-11T22:14:00.752+0000] {logging_mixin.py:188} INFO - [2024-03-11T22:14:00.752+0000] {dag.py:3834} INFO - Setting next_dagrun for dataset_consumes_1_never_scheduled to None, run_after=None
[2024-03-11T22:14:00.756+0000] {logging_mixin.py:188} INFO - [2024-03-11T22:14:00.755+0000] {dag.py:3834} INFO - Setting next_dagrun for dataset_consumes_unknown_never_scheduled to None, run_after=None
[2024-03-11T22:14:00.761+0000] {logging_mixin.py:188} INFO - [2024-03-11T22:14:00.761+0000] {dag.py:3834} INFO - Setting next_dagrun for dataset_produces_1 to 2024-03-10 00:00:00+00:00, run_after=2024-03-11 00:00:00+00:00
[2024-03-11T22:14:00.764+0000] {logging_mixin.py:188} INFO - [2024-03-11T22:14:00.763+0000] {dag.py:3834} INFO - Setting next_dagrun for dataset_produces_2 to None, run_after=None
[2024-03-11T22:14:00.823+0000] {processor.py:183} INFO - Processing /home/airflow/.local/lib/python3.8/site-packages/airflow/example_dags/example_datasets.py took 0.222 seconds
[2024-03-11T22:14:30.900+0000] {processor.py:161} INFO - Started process (PID=1106) to work on /home/airflow/.local/lib/python3.8/site-packages/airflow/example_dags/example_datasets.py
[2024-03-11T22:14:30.902+0000] {processor.py:830} INFO - Processing file /home/airflow/.local/lib/python3.8/site-packages/airflow/example_dags/example_datasets.py for tasks to queue
[2024-03-11T22:14:30.903+0000] {logging_mixin.py:188} INFO - [2024-03-11T22:14:30.903+0000] {dagbag.py:540} INFO - Filling up the DagBag from /home/airflow/.local/lib/python3.8/site-packages/airflow/example_dags/example_datasets.py
[2024-03-11T22:14:30.911+0000] {processor.py:840} INFO - DAG(s) 'dataset_produces_1', 'dataset_consumes_unknown_never_scheduled', 'dataset_consumes_1_never_scheduled', 'dataset_consumes_1', 'dataset_consumes_1_and_2', 'dataset_produces_2' retrieved from /home/airflow/.local/lib/python3.8/site-packages/airflow/example_dags/example_datasets.py
[2024-03-11T22:14:30.948+0000] {logging_mixin.py:188} INFO - [2024-03-11T22:14:30.948+0000] {dag.py:3047} INFO - Sync 6 DAGs
[2024-03-11T22:14:30.970+0000] {logging_mixin.py:188} INFO - [2024-03-11T22:14:30.970+0000] {dag.py:3834} INFO - Setting next_dagrun for dataset_consumes_1 to None, run_after=None
[2024-03-11T22:14:30.974+0000] {logging_mixin.py:188} INFO - [2024-03-11T22:14:30.973+0000] {dag.py:3834} INFO - Setting next_dagrun for dataset_consumes_1_and_2 to None, run_after=None
[2024-03-11T22:14:30.975+0000] {logging_mixin.py:188} INFO - [2024-03-11T22:14:30.975+0000] {dag.py:3834} INFO - Setting next_dagrun for dataset_consumes_1_never_scheduled to None, run_after=None
[2024-03-11T22:14:30.977+0000] {logging_mixin.py:188} INFO - [2024-03-11T22:14:30.976+0000] {dag.py:3834} INFO - Setting next_dagrun for dataset_consumes_unknown_never_scheduled to None, run_after=None
[2024-03-11T22:14:30.979+0000] {logging_mixin.py:188} INFO - [2024-03-11T22:14:30.979+0000] {dag.py:3834} INFO - Setting next_dagrun for dataset_produces_1 to 2024-03-10 00:00:00+00:00, run_after=2024-03-11 00:00:00+00:00
[2024-03-11T22:14:30.981+0000] {logging_mixin.py:188} INFO - [2024-03-11T22:14:30.980+0000] {dag.py:3834} INFO - Setting next_dagrun for dataset_produces_2 to None, run_after=None
[2024-03-11T22:14:31.018+0000] {processor.py:183} INFO - Processing /home/airflow/.local/lib/python3.8/site-packages/airflow/example_dags/example_datasets.py took 0.120 seconds
[2024-03-11T22:15:01.125+0000] {processor.py:161} INFO - Started process (PID=1163) to work on /home/airflow/.local/lib/python3.8/site-packages/airflow/example_dags/example_datasets.py
[2024-03-11T22:15:01.127+0000] {processor.py:830} INFO - Processing file /home/airflow/.local/lib/python3.8/site-packages/airflow/example_dags/example_datasets.py for tasks to queue
[2024-03-11T22:15:01.128+0000] {logging_mixin.py:188} INFO - [2024-03-11T22:15:01.128+0000] {dagbag.py:540} INFO - Filling up the DagBag from /home/airflow/.local/lib/python3.8/site-packages/airflow/example_dags/example_datasets.py
[2024-03-11T22:15:01.137+0000] {processor.py:840} INFO - DAG(s) 'dataset_produces_2', 'dataset_consumes_1_and_2', 'dataset_consumes_unknown_never_scheduled', 'dataset_consumes_1', 'dataset_produces_1', 'dataset_consumes_1_never_scheduled' retrieved from /home/airflow/.local/lib/python3.8/site-packages/airflow/example_dags/example_datasets.py
[2024-03-11T22:15:01.179+0000] {logging_mixin.py:188} INFO - [2024-03-11T22:15:01.179+0000] {dag.py:3047} INFO - Sync 6 DAGs
[2024-03-11T22:15:01.204+0000] {logging_mixin.py:188} INFO - [2024-03-11T22:15:01.203+0000] {dag.py:3834} INFO - Setting next_dagrun for dataset_consumes_1 to None, run_after=None
[2024-03-11T22:15:01.207+0000] {logging_mixin.py:188} INFO - [2024-03-11T22:15:01.207+0000] {dag.py:3834} INFO - Setting next_dagrun for dataset_consumes_1_and_2 to None, run_after=None
[2024-03-11T22:15:01.209+0000] {logging_mixin.py:188} INFO - [2024-03-11T22:15:01.209+0000] {dag.py:3834} INFO - Setting next_dagrun for dataset_consumes_1_never_scheduled to None, run_after=None
[2024-03-11T22:15:01.211+0000] {logging_mixin.py:188} INFO - [2024-03-11T22:15:01.210+0000] {dag.py:3834} INFO - Setting next_dagrun for dataset_consumes_unknown_never_scheduled to None, run_after=None
[2024-03-11T22:15:01.214+0000] {logging_mixin.py:188} INFO - [2024-03-11T22:15:01.214+0000] {dag.py:3834} INFO - Setting next_dagrun for dataset_produces_1 to 2024-03-10 00:00:00+00:00, run_after=2024-03-11 00:00:00+00:00
[2024-03-11T22:15:01.216+0000] {logging_mixin.py:188} INFO - [2024-03-11T22:15:01.216+0000] {dag.py:3834} INFO - Setting next_dagrun for dataset_produces_2 to None, run_after=None
[2024-03-11T22:15:01.257+0000] {processor.py:183} INFO - Processing /home/airflow/.local/lib/python3.8/site-packages/airflow/example_dags/example_datasets.py took 0.134 seconds
[2024-03-11T22:15:31.297+0000] {processor.py:161} INFO - Started process (PID=1220) to work on /home/airflow/.local/lib/python3.8/site-packages/airflow/example_dags/example_datasets.py
[2024-03-11T22:15:31.299+0000] {processor.py:830} INFO - Processing file /home/airflow/.local/lib/python3.8/site-packages/airflow/example_dags/example_datasets.py for tasks to queue
[2024-03-11T22:15:31.302+0000] {logging_mixin.py:188} INFO - [2024-03-11T22:15:31.301+0000] {dagbag.py:540} INFO - Filling up the DagBag from /home/airflow/.local/lib/python3.8/site-packages/airflow/example_dags/example_datasets.py
[2024-03-11T22:15:31.310+0000] {processor.py:840} INFO - DAG(s) 'dataset_produces_1', 'dataset_consumes_1', 'dataset_consumes_1_never_scheduled', 'dataset_consumes_1_and_2', 'dataset_produces_2', 'dataset_consumes_unknown_never_scheduled' retrieved from /home/airflow/.local/lib/python3.8/site-packages/airflow/example_dags/example_datasets.py
[2024-03-11T22:15:31.351+0000] {logging_mixin.py:188} INFO - [2024-03-11T22:15:31.350+0000] {dag.py:3047} INFO - Sync 6 DAGs
[2024-03-11T22:15:31.376+0000] {logging_mixin.py:188} INFO - [2024-03-11T22:15:31.376+0000] {dag.py:3834} INFO - Setting next_dagrun for dataset_consumes_1 to None, run_after=None
[2024-03-11T22:15:31.380+0000] {logging_mixin.py:188} INFO - [2024-03-11T22:15:31.380+0000] {dag.py:3834} INFO - Setting next_dagrun for dataset_consumes_1_and_2 to None, run_after=None
[2024-03-11T22:15:31.382+0000] {logging_mixin.py:188} INFO - [2024-03-11T22:15:31.382+0000] {dag.py:3834} INFO - Setting next_dagrun for dataset_consumes_1_never_scheduled to None, run_after=None
[2024-03-11T22:15:31.384+0000] {logging_mixin.py:188} INFO - [2024-03-11T22:15:31.384+0000] {dag.py:3834} INFO - Setting next_dagrun for dataset_consumes_unknown_never_scheduled to None, run_after=None
[2024-03-11T22:15:31.387+0000] {logging_mixin.py:188} INFO - [2024-03-11T22:15:31.387+0000] {dag.py:3834} INFO - Setting next_dagrun for dataset_produces_1 to 2024-03-10 00:00:00+00:00, run_after=2024-03-11 00:00:00+00:00
[2024-03-11T22:15:31.388+0000] {logging_mixin.py:188} INFO - [2024-03-11T22:15:31.388+0000] {dag.py:3834} INFO - Setting next_dagrun for dataset_produces_2 to None, run_after=None
[2024-03-11T22:15:31.431+0000] {processor.py:183} INFO - Processing /home/airflow/.local/lib/python3.8/site-packages/airflow/example_dags/example_datasets.py took 0.137 seconds
[2024-03-11T22:16:01.449+0000] {processor.py:161} INFO - Started process (PID=1277) to work on /home/airflow/.local/lib/python3.8/site-packages/airflow/example_dags/example_datasets.py
[2024-03-11T22:16:01.451+0000] {processor.py:830} INFO - Processing file /home/airflow/.local/lib/python3.8/site-packages/airflow/example_dags/example_datasets.py for tasks to queue
[2024-03-11T22:16:01.452+0000] {logging_mixin.py:188} INFO - [2024-03-11T22:16:01.452+0000] {dagbag.py:540} INFO - Filling up the DagBag from /home/airflow/.local/lib/python3.8/site-packages/airflow/example_dags/example_datasets.py
[2024-03-11T22:16:01.460+0000] {processor.py:840} INFO - DAG(s) 'dataset_produces_1', 'dataset_consumes_1', 'dataset_consumes_1_and_2', 'dataset_consumes_unknown_never_scheduled', 'dataset_consumes_1_never_scheduled', 'dataset_produces_2' retrieved from /home/airflow/.local/lib/python3.8/site-packages/airflow/example_dags/example_datasets.py
[2024-03-11T22:16:01.499+0000] {logging_mixin.py:188} INFO - [2024-03-11T22:16:01.499+0000] {dag.py:3047} INFO - Sync 6 DAGs
[2024-03-11T22:16:01.523+0000] {logging_mixin.py:188} INFO - [2024-03-11T22:16:01.522+0000] {dag.py:3834} INFO - Setting next_dagrun for dataset_consumes_1 to None, run_after=None
[2024-03-11T22:16:01.527+0000] {logging_mixin.py:188} INFO - [2024-03-11T22:16:01.527+0000] {dag.py:3834} INFO - Setting next_dagrun for dataset_consumes_1_and_2 to None, run_after=None
[2024-03-11T22:16:01.529+0000] {logging_mixin.py:188} INFO - [2024-03-11T22:16:01.528+0000] {dag.py:3834} INFO - Setting next_dagrun for dataset_consumes_1_never_scheduled to None, run_after=None
[2024-03-11T22:16:01.530+0000] {logging_mixin.py:188} INFO - [2024-03-11T22:16:01.530+0000] {dag.py:3834} INFO - Setting next_dagrun for dataset_consumes_unknown_never_scheduled to None, run_after=None
[2024-03-11T22:16:01.533+0000] {logging_mixin.py:188} INFO - [2024-03-11T22:16:01.533+0000] {dag.py:3834} INFO - Setting next_dagrun for dataset_produces_1 to 2024-03-10 00:00:00+00:00, run_after=2024-03-11 00:00:00+00:00
[2024-03-11T22:16:01.535+0000] {logging_mixin.py:188} INFO - [2024-03-11T22:16:01.534+0000] {dag.py:3834} INFO - Setting next_dagrun for dataset_produces_2 to None, run_after=None
[2024-03-11T22:16:01.582+0000] {processor.py:183} INFO - Processing /home/airflow/.local/lib/python3.8/site-packages/airflow/example_dags/example_datasets.py took 0.135 seconds
[2024-03-11T22:16:32.208+0000] {processor.py:161} INFO - Started process (PID=1333) to work on /home/airflow/.local/lib/python3.8/site-packages/airflow/example_dags/example_datasets.py
[2024-03-11T22:16:32.210+0000] {processor.py:830} INFO - Processing file /home/airflow/.local/lib/python3.8/site-packages/airflow/example_dags/example_datasets.py for tasks to queue
[2024-03-11T22:16:32.212+0000] {logging_mixin.py:188} INFO - [2024-03-11T22:16:32.211+0000] {dagbag.py:540} INFO - Filling up the DagBag from /home/airflow/.local/lib/python3.8/site-packages/airflow/example_dags/example_datasets.py
[2024-03-11T22:16:32.220+0000] {processor.py:840} INFO - DAG(s) 'dataset_consumes_1_and_2', 'dataset_consumes_1_never_scheduled', 'dataset_consumes_unknown_never_scheduled', 'dataset_produces_2', 'dataset_consumes_1', 'dataset_produces_1' retrieved from /home/airflow/.local/lib/python3.8/site-packages/airflow/example_dags/example_datasets.py
[2024-03-11T22:16:32.266+0000] {logging_mixin.py:188} INFO - [2024-03-11T22:16:32.265+0000] {dag.py:3047} INFO - Sync 6 DAGs
[2024-03-11T22:16:32.289+0000] {logging_mixin.py:188} INFO - [2024-03-11T22:16:32.288+0000] {dag.py:3834} INFO - Setting next_dagrun for dataset_consumes_1 to None, run_after=None
[2024-03-11T22:16:32.297+0000] {logging_mixin.py:188} INFO - [2024-03-11T22:16:32.297+0000] {dag.py:3834} INFO - Setting next_dagrun for dataset_consumes_1_and_2 to None, run_after=None
[2024-03-11T22:16:32.299+0000] {logging_mixin.py:188} INFO - [2024-03-11T22:16:32.299+0000] {dag.py:3834} INFO - Setting next_dagrun for dataset_consumes_1_never_scheduled to None, run_after=None
[2024-03-11T22:16:32.300+0000] {logging_mixin.py:188} INFO - [2024-03-11T22:16:32.300+0000] {dag.py:3834} INFO - Setting next_dagrun for dataset_consumes_unknown_never_scheduled to None, run_after=None
[2024-03-11T22:16:32.303+0000] {logging_mixin.py:188} INFO - [2024-03-11T22:16:32.303+0000] {dag.py:3834} INFO - Setting next_dagrun for dataset_produces_1 to 2024-03-10 00:00:00+00:00, run_after=2024-03-11 00:00:00+00:00
[2024-03-11T22:16:32.305+0000] {logging_mixin.py:188} INFO - [2024-03-11T22:16:32.305+0000] {dag.py:3834} INFO - Setting next_dagrun for dataset_produces_2 to None, run_after=None
[2024-03-11T22:16:32.354+0000] {processor.py:183} INFO - Processing /home/airflow/.local/lib/python3.8/site-packages/airflow/example_dags/example_datasets.py took 0.149 seconds
[2024-03-11T22:17:02.569+0000] {processor.py:161} INFO - Started process (PID=1390) to work on /home/airflow/.local/lib/python3.8/site-packages/airflow/example_dags/example_datasets.py
[2024-03-11T22:17:02.571+0000] {processor.py:830} INFO - Processing file /home/airflow/.local/lib/python3.8/site-packages/airflow/example_dags/example_datasets.py for tasks to queue
[2024-03-11T22:17:02.573+0000] {logging_mixin.py:188} INFO - [2024-03-11T22:17:02.573+0000] {dagbag.py:540} INFO - Filling up the DagBag from /home/airflow/.local/lib/python3.8/site-packages/airflow/example_dags/example_datasets.py
[2024-03-11T22:17:02.581+0000] {processor.py:840} INFO - DAG(s) 'dataset_produces_2', 'dataset_consumes_1_and_2', 'dataset_consumes_1_never_scheduled', 'dataset_consumes_1', 'dataset_consumes_unknown_never_scheduled', 'dataset_produces_1' retrieved from /home/airflow/.local/lib/python3.8/site-packages/airflow/example_dags/example_datasets.py
[2024-03-11T22:17:02.623+0000] {logging_mixin.py:188} INFO - [2024-03-11T22:17:02.623+0000] {dag.py:3047} INFO - Sync 6 DAGs
[2024-03-11T22:17:02.647+0000] {logging_mixin.py:188} INFO - [2024-03-11T22:17:02.647+0000] {dag.py:3834} INFO - Setting next_dagrun for dataset_consumes_1 to None, run_after=None
[2024-03-11T22:17:02.651+0000] {logging_mixin.py:188} INFO - [2024-03-11T22:17:02.651+0000] {dag.py:3834} INFO - Setting next_dagrun for dataset_consumes_1_and_2 to None, run_after=None
[2024-03-11T22:17:02.653+0000] {logging_mixin.py:188} INFO - [2024-03-11T22:17:02.653+0000] {dag.py:3834} INFO - Setting next_dagrun for dataset_consumes_1_never_scheduled to None, run_after=None
[2024-03-11T22:17:02.654+0000] {logging_mixin.py:188} INFO - [2024-03-11T22:17:02.654+0000] {dag.py:3834} INFO - Setting next_dagrun for dataset_consumes_unknown_never_scheduled to None, run_after=None
[2024-03-11T22:17:02.657+0000] {logging_mixin.py:188} INFO - [2024-03-11T22:17:02.657+0000] {dag.py:3834} INFO - Setting next_dagrun for dataset_produces_1 to 2024-03-10 00:00:00+00:00, run_after=2024-03-11 00:00:00+00:00
[2024-03-11T22:17:02.659+0000] {logging_mixin.py:188} INFO - [2024-03-11T22:17:02.659+0000] {dag.py:3834} INFO - Setting next_dagrun for dataset_produces_2 to None, run_after=None
[2024-03-11T22:17:02.701+0000] {processor.py:183} INFO - Processing /home/airflow/.local/lib/python3.8/site-packages/airflow/example_dags/example_datasets.py took 0.135 seconds
