[2024-03-11T22:02:05.107+0000] {processor.py:161} INFO - Started process (PID=58) to work on /home/airflow/.local/lib/python3.8/site-packages/airflow/example_dags/example_setup_teardown.py
[2024-03-11T22:02:05.108+0000] {processor.py:830} INFO - Processing file /home/airflow/.local/lib/python3.8/site-packages/airflow/example_dags/example_setup_teardown.py for tasks to queue
[2024-03-11T22:02:05.115+0000] {logging_mixin.py:188} INFO - [2024-03-11T22:02:05.112+0000] {dagbag.py:540} INFO - Filling up the DagBag from /home/airflow/.local/lib/python3.8/site-packages/airflow/example_dags/example_setup_teardown.py
[2024-03-11T22:02:05.147+0000] {processor.py:840} INFO - DAG(s) 'example_setup_teardown' retrieved from /home/airflow/.local/lib/python3.8/site-packages/airflow/example_dags/example_setup_teardown.py
[2024-03-11T22:02:05.466+0000] {logging_mixin.py:188} INFO - [2024-03-11T22:02:05.466+0000] {dag.py:3047} INFO - Sync 1 DAGs
[2024-03-11T22:02:05.567+0000] {logging_mixin.py:188} INFO - [2024-03-11T22:02:05.566+0000] {dag.py:3834} INFO - Setting next_dagrun for example_setup_teardown to 2024-03-10 00:00:00+00:00, run_after=2024-03-11 00:00:00+00:00
[2024-03-11T22:02:05.633+0000] {processor.py:183} INFO - Processing /home/airflow/.local/lib/python3.8/site-packages/airflow/example_dags/example_setup_teardown.py took 0.530 seconds
[2024-03-11T22:02:35.769+0000] {processor.py:161} INFO - Started process (PID=115) to work on /home/airflow/.local/lib/python3.8/site-packages/airflow/example_dags/example_setup_teardown.py
[2024-03-11T22:02:35.779+0000] {processor.py:830} INFO - Processing file /home/airflow/.local/lib/python3.8/site-packages/airflow/example_dags/example_setup_teardown.py for tasks to queue
[2024-03-11T22:02:35.781+0000] {logging_mixin.py:188} INFO - [2024-03-11T22:02:35.781+0000] {dagbag.py:540} INFO - Filling up the DagBag from /home/airflow/.local/lib/python3.8/site-packages/airflow/example_dags/example_setup_teardown.py
[2024-03-11T22:02:35.800+0000] {processor.py:840} INFO - DAG(s) 'example_setup_teardown' retrieved from /home/airflow/.local/lib/python3.8/site-packages/airflow/example_dags/example_setup_teardown.py
[2024-03-11T22:02:35.823+0000] {logging_mixin.py:188} INFO - [2024-03-11T22:02:35.823+0000] {dag.py:3047} INFO - Sync 1 DAGs
[2024-03-11T22:02:35.850+0000] {logging_mixin.py:188} INFO - [2024-03-11T22:02:35.849+0000] {dag.py:3834} INFO - Setting next_dagrun for example_setup_teardown to 2024-03-10 00:00:00+00:00, run_after=2024-03-11 00:00:00+00:00
[2024-03-11T22:02:35.922+0000] {processor.py:183} INFO - Processing /home/airflow/.local/lib/python3.8/site-packages/airflow/example_dags/example_setup_teardown.py took 0.156 seconds
[2024-03-11T22:03:06.310+0000] {processor.py:161} INFO - Started process (PID=172) to work on /home/airflow/.local/lib/python3.8/site-packages/airflow/example_dags/example_setup_teardown.py
[2024-03-11T22:03:06.312+0000] {processor.py:830} INFO - Processing file /home/airflow/.local/lib/python3.8/site-packages/airflow/example_dags/example_setup_teardown.py for tasks to queue
[2024-03-11T22:03:06.316+0000] {logging_mixin.py:188} INFO - [2024-03-11T22:03:06.316+0000] {dagbag.py:540} INFO - Filling up the DagBag from /home/airflow/.local/lib/python3.8/site-packages/airflow/example_dags/example_setup_teardown.py
[2024-03-11T22:03:06.327+0000] {processor.py:840} INFO - DAG(s) 'example_setup_teardown' retrieved from /home/airflow/.local/lib/python3.8/site-packages/airflow/example_dags/example_setup_teardown.py
[2024-03-11T22:03:06.363+0000] {logging_mixin.py:188} INFO - [2024-03-11T22:03:06.362+0000] {dag.py:3047} INFO - Sync 1 DAGs
[2024-03-11T22:03:06.402+0000] {logging_mixin.py:188} INFO - [2024-03-11T22:03:06.402+0000] {dag.py:3834} INFO - Setting next_dagrun for example_setup_teardown to 2024-03-10 00:00:00+00:00, run_after=2024-03-11 00:00:00+00:00
[2024-03-11T22:03:06.447+0000] {processor.py:183} INFO - Processing /home/airflow/.local/lib/python3.8/site-packages/airflow/example_dags/example_setup_teardown.py took 0.142 seconds
[2024-03-11T22:05:14.212+0000] {processor.py:161} INFO - Started process (PID=51) to work on /home/airflow/.local/lib/python3.8/site-packages/airflow/example_dags/example_setup_teardown.py
[2024-03-11T22:05:14.216+0000] {processor.py:830} INFO - Processing file /home/airflow/.local/lib/python3.8/site-packages/airflow/example_dags/example_setup_teardown.py for tasks to queue
[2024-03-11T22:05:14.230+0000] {logging_mixin.py:188} INFO - [2024-03-11T22:05:14.229+0000] {dagbag.py:540} INFO - Filling up the DagBag from /home/airflow/.local/lib/python3.8/site-packages/airflow/example_dags/example_setup_teardown.py
[2024-03-11T22:05:14.283+0000] {processor.py:840} INFO - DAG(s) 'example_setup_teardown' retrieved from /home/airflow/.local/lib/python3.8/site-packages/airflow/example_dags/example_setup_teardown.py
[2024-03-11T22:05:14.306+0000] {logging_mixin.py:188} INFO - [2024-03-11T22:05:14.306+0000] {dag.py:3047} INFO - Sync 1 DAGs
[2024-03-11T22:05:14.347+0000] {logging_mixin.py:188} INFO - [2024-03-11T22:05:14.347+0000] {dag.py:3834} INFO - Setting next_dagrun for example_setup_teardown to 2024-03-10 00:00:00+00:00, run_after=2024-03-11 00:00:00+00:00
[2024-03-11T22:05:14.427+0000] {processor.py:183} INFO - Processing /home/airflow/.local/lib/python3.8/site-packages/airflow/example_dags/example_setup_teardown.py took 0.264 seconds
[2024-03-11T22:05:44.677+0000] {processor.py:161} INFO - Started process (PID=108) to work on /home/airflow/.local/lib/python3.8/site-packages/airflow/example_dags/example_setup_teardown.py
[2024-03-11T22:05:44.679+0000] {processor.py:830} INFO - Processing file /home/airflow/.local/lib/python3.8/site-packages/airflow/example_dags/example_setup_teardown.py for tasks to queue
[2024-03-11T22:05:44.682+0000] {logging_mixin.py:188} INFO - [2024-03-11T22:05:44.681+0000] {dagbag.py:540} INFO - Filling up the DagBag from /home/airflow/.local/lib/python3.8/site-packages/airflow/example_dags/example_setup_teardown.py
[2024-03-11T22:05:44.696+0000] {processor.py:840} INFO - DAG(s) 'example_setup_teardown' retrieved from /home/airflow/.local/lib/python3.8/site-packages/airflow/example_dags/example_setup_teardown.py
[2024-03-11T22:05:44.950+0000] {logging_mixin.py:188} INFO - [2024-03-11T22:05:44.949+0000] {dag.py:3047} INFO - Sync 1 DAGs
[2024-03-11T22:05:44.987+0000] {logging_mixin.py:188} INFO - [2024-03-11T22:05:44.987+0000] {dag.py:3834} INFO - Setting next_dagrun for example_setup_teardown to 2024-03-10 00:00:00+00:00, run_after=2024-03-11 00:00:00+00:00
[2024-03-11T22:05:45.031+0000] {processor.py:183} INFO - Processing /home/airflow/.local/lib/python3.8/site-packages/airflow/example_dags/example_setup_teardown.py took 0.368 seconds
[2024-03-11T22:06:15.504+0000] {processor.py:161} INFO - Started process (PID=165) to work on /home/airflow/.local/lib/python3.8/site-packages/airflow/example_dags/example_setup_teardown.py
[2024-03-11T22:06:15.507+0000] {processor.py:830} INFO - Processing file /home/airflow/.local/lib/python3.8/site-packages/airflow/example_dags/example_setup_teardown.py for tasks to queue
[2024-03-11T22:06:15.509+0000] {logging_mixin.py:188} INFO - [2024-03-11T22:06:15.508+0000] {dagbag.py:540} INFO - Filling up the DagBag from /home/airflow/.local/lib/python3.8/site-packages/airflow/example_dags/example_setup_teardown.py
[2024-03-11T22:06:15.514+0000] {processor.py:840} INFO - DAG(s) 'example_setup_teardown' retrieved from /home/airflow/.local/lib/python3.8/site-packages/airflow/example_dags/example_setup_teardown.py
[2024-03-11T22:06:15.537+0000] {logging_mixin.py:188} INFO - [2024-03-11T22:06:15.537+0000] {dag.py:3047} INFO - Sync 1 DAGs
[2024-03-11T22:06:15.561+0000] {logging_mixin.py:188} INFO - [2024-03-11T22:06:15.561+0000] {dag.py:3834} INFO - Setting next_dagrun for example_setup_teardown to 2024-03-10 00:00:00+00:00, run_after=2024-03-11 00:00:00+00:00
[2024-03-11T22:06:15.590+0000] {processor.py:183} INFO - Processing /home/airflow/.local/lib/python3.8/site-packages/airflow/example_dags/example_setup_teardown.py took 0.089 seconds
[2024-03-11T22:06:45.727+0000] {processor.py:161} INFO - Started process (PID=222) to work on /home/airflow/.local/lib/python3.8/site-packages/airflow/example_dags/example_setup_teardown.py
[2024-03-11T22:06:45.729+0000] {processor.py:830} INFO - Processing file /home/airflow/.local/lib/python3.8/site-packages/airflow/example_dags/example_setup_teardown.py for tasks to queue
[2024-03-11T22:06:45.731+0000] {logging_mixin.py:188} INFO - [2024-03-11T22:06:45.731+0000] {dagbag.py:540} INFO - Filling up the DagBag from /home/airflow/.local/lib/python3.8/site-packages/airflow/example_dags/example_setup_teardown.py
[2024-03-11T22:06:45.739+0000] {processor.py:840} INFO - DAG(s) 'example_setup_teardown' retrieved from /home/airflow/.local/lib/python3.8/site-packages/airflow/example_dags/example_setup_teardown.py
[2024-03-11T22:06:45.762+0000] {logging_mixin.py:188} INFO - [2024-03-11T22:06:45.762+0000] {dag.py:3047} INFO - Sync 1 DAGs
[2024-03-11T22:06:45.790+0000] {logging_mixin.py:188} INFO - [2024-03-11T22:06:45.790+0000] {dag.py:3834} INFO - Setting next_dagrun for example_setup_teardown to 2024-03-10 00:00:00+00:00, run_after=2024-03-11 00:00:00+00:00
[2024-03-11T22:06:45.818+0000] {processor.py:183} INFO - Processing /home/airflow/.local/lib/python3.8/site-packages/airflow/example_dags/example_setup_teardown.py took 0.095 seconds
[2024-03-11T22:07:16.797+0000] {processor.py:161} INFO - Started process (PID=279) to work on /home/airflow/.local/lib/python3.8/site-packages/airflow/example_dags/example_setup_teardown.py
[2024-03-11T22:07:16.798+0000] {processor.py:830} INFO - Processing file /home/airflow/.local/lib/python3.8/site-packages/airflow/example_dags/example_setup_teardown.py for tasks to queue
[2024-03-11T22:07:16.799+0000] {logging_mixin.py:188} INFO - [2024-03-11T22:07:16.799+0000] {dagbag.py:540} INFO - Filling up the DagBag from /home/airflow/.local/lib/python3.8/site-packages/airflow/example_dags/example_setup_teardown.py
[2024-03-11T22:07:16.805+0000] {processor.py:840} INFO - DAG(s) 'example_setup_teardown' retrieved from /home/airflow/.local/lib/python3.8/site-packages/airflow/example_dags/example_setup_teardown.py
[2024-03-11T22:07:16.826+0000] {logging_mixin.py:188} INFO - [2024-03-11T22:07:16.826+0000] {dag.py:3047} INFO - Sync 1 DAGs
[2024-03-11T22:07:16.849+0000] {logging_mixin.py:188} INFO - [2024-03-11T22:07:16.848+0000] {dag.py:3834} INFO - Setting next_dagrun for example_setup_teardown to 2024-03-10 00:00:00+00:00, run_after=2024-03-11 00:00:00+00:00
[2024-03-11T22:07:16.872+0000] {processor.py:183} INFO - Processing /home/airflow/.local/lib/python3.8/site-packages/airflow/example_dags/example_setup_teardown.py took 0.078 seconds
[2024-03-11T22:07:47.127+0000] {processor.py:161} INFO - Started process (PID=336) to work on /home/airflow/.local/lib/python3.8/site-packages/airflow/example_dags/example_setup_teardown.py
[2024-03-11T22:07:47.129+0000] {processor.py:830} INFO - Processing file /home/airflow/.local/lib/python3.8/site-packages/airflow/example_dags/example_setup_teardown.py for tasks to queue
[2024-03-11T22:07:47.131+0000] {logging_mixin.py:188} INFO - [2024-03-11T22:07:47.130+0000] {dagbag.py:540} INFO - Filling up the DagBag from /home/airflow/.local/lib/python3.8/site-packages/airflow/example_dags/example_setup_teardown.py
[2024-03-11T22:07:47.136+0000] {processor.py:840} INFO - DAG(s) 'example_setup_teardown' retrieved from /home/airflow/.local/lib/python3.8/site-packages/airflow/example_dags/example_setup_teardown.py
[2024-03-11T22:07:47.160+0000] {logging_mixin.py:188} INFO - [2024-03-11T22:07:47.159+0000] {dag.py:3047} INFO - Sync 1 DAGs
[2024-03-11T22:07:47.184+0000] {logging_mixin.py:188} INFO - [2024-03-11T22:07:47.183+0000] {dag.py:3834} INFO - Setting next_dagrun for example_setup_teardown to 2024-03-10 00:00:00+00:00, run_after=2024-03-11 00:00:00+00:00
[2024-03-11T22:07:47.210+0000] {processor.py:183} INFO - Processing /home/airflow/.local/lib/python3.8/site-packages/airflow/example_dags/example_setup_teardown.py took 0.086 seconds
[2024-03-11T22:08:18.083+0000] {processor.py:161} INFO - Started process (PID=393) to work on /home/airflow/.local/lib/python3.8/site-packages/airflow/example_dags/example_setup_teardown.py
[2024-03-11T22:08:18.084+0000] {processor.py:830} INFO - Processing file /home/airflow/.local/lib/python3.8/site-packages/airflow/example_dags/example_setup_teardown.py for tasks to queue
[2024-03-11T22:08:18.086+0000] {logging_mixin.py:188} INFO - [2024-03-11T22:08:18.085+0000] {dagbag.py:540} INFO - Filling up the DagBag from /home/airflow/.local/lib/python3.8/site-packages/airflow/example_dags/example_setup_teardown.py
[2024-03-11T22:08:18.094+0000] {processor.py:840} INFO - DAG(s) 'example_setup_teardown' retrieved from /home/airflow/.local/lib/python3.8/site-packages/airflow/example_dags/example_setup_teardown.py
[2024-03-11T22:08:18.116+0000] {logging_mixin.py:188} INFO - [2024-03-11T22:08:18.116+0000] {dag.py:3047} INFO - Sync 1 DAGs
[2024-03-11T22:08:18.141+0000] {logging_mixin.py:188} INFO - [2024-03-11T22:08:18.141+0000] {dag.py:3834} INFO - Setting next_dagrun for example_setup_teardown to 2024-03-10 00:00:00+00:00, run_after=2024-03-11 00:00:00+00:00
[2024-03-11T22:08:18.172+0000] {processor.py:183} INFO - Processing /home/airflow/.local/lib/python3.8/site-packages/airflow/example_dags/example_setup_teardown.py took 0.092 seconds
[2024-03-11T22:08:48.934+0000] {processor.py:161} INFO - Started process (PID=450) to work on /home/airflow/.local/lib/python3.8/site-packages/airflow/example_dags/example_setup_teardown.py
[2024-03-11T22:08:48.935+0000] {processor.py:830} INFO - Processing file /home/airflow/.local/lib/python3.8/site-packages/airflow/example_dags/example_setup_teardown.py for tasks to queue
[2024-03-11T22:08:48.937+0000] {logging_mixin.py:188} INFO - [2024-03-11T22:08:48.937+0000] {dagbag.py:540} INFO - Filling up the DagBag from /home/airflow/.local/lib/python3.8/site-packages/airflow/example_dags/example_setup_teardown.py
[2024-03-11T22:08:48.943+0000] {processor.py:840} INFO - DAG(s) 'example_setup_teardown' retrieved from /home/airflow/.local/lib/python3.8/site-packages/airflow/example_dags/example_setup_teardown.py
[2024-03-11T22:08:48.965+0000] {logging_mixin.py:188} INFO - [2024-03-11T22:08:48.965+0000] {dag.py:3047} INFO - Sync 1 DAGs
[2024-03-11T22:08:48.990+0000] {logging_mixin.py:188} INFO - [2024-03-11T22:08:48.990+0000] {dag.py:3834} INFO - Setting next_dagrun for example_setup_teardown to 2024-03-10 00:00:00+00:00, run_after=2024-03-11 00:00:00+00:00
[2024-03-11T22:08:49.016+0000] {processor.py:183} INFO - Processing /home/airflow/.local/lib/python3.8/site-packages/airflow/example_dags/example_setup_teardown.py took 0.085 seconds
[2024-03-11T22:09:19.882+0000] {processor.py:161} INFO - Started process (PID=507) to work on /home/airflow/.local/lib/python3.8/site-packages/airflow/example_dags/example_setup_teardown.py
[2024-03-11T22:09:19.883+0000] {processor.py:830} INFO - Processing file /home/airflow/.local/lib/python3.8/site-packages/airflow/example_dags/example_setup_teardown.py for tasks to queue
[2024-03-11T22:09:19.885+0000] {logging_mixin.py:188} INFO - [2024-03-11T22:09:19.885+0000] {dagbag.py:540} INFO - Filling up the DagBag from /home/airflow/.local/lib/python3.8/site-packages/airflow/example_dags/example_setup_teardown.py
[2024-03-11T22:09:19.893+0000] {processor.py:840} INFO - DAG(s) 'example_setup_teardown' retrieved from /home/airflow/.local/lib/python3.8/site-packages/airflow/example_dags/example_setup_teardown.py
[2024-03-11T22:09:19.921+0000] {logging_mixin.py:188} INFO - [2024-03-11T22:09:19.921+0000] {dag.py:3047} INFO - Sync 1 DAGs
[2024-03-11T22:09:19.945+0000] {logging_mixin.py:188} INFO - [2024-03-11T22:09:19.944+0000] {dag.py:3834} INFO - Setting next_dagrun for example_setup_teardown to 2024-03-10 00:00:00+00:00, run_after=2024-03-11 00:00:00+00:00
[2024-03-11T22:09:19.972+0000] {processor.py:183} INFO - Processing /home/airflow/.local/lib/python3.8/site-packages/airflow/example_dags/example_setup_teardown.py took 0.093 seconds
[2024-03-11T22:09:50.207+0000] {processor.py:161} INFO - Started process (PID=564) to work on /home/airflow/.local/lib/python3.8/site-packages/airflow/example_dags/example_setup_teardown.py
[2024-03-11T22:09:50.209+0000] {processor.py:830} INFO - Processing file /home/airflow/.local/lib/python3.8/site-packages/airflow/example_dags/example_setup_teardown.py for tasks to queue
[2024-03-11T22:09:50.211+0000] {logging_mixin.py:188} INFO - [2024-03-11T22:09:50.210+0000] {dagbag.py:540} INFO - Filling up the DagBag from /home/airflow/.local/lib/python3.8/site-packages/airflow/example_dags/example_setup_teardown.py
[2024-03-11T22:09:50.217+0000] {processor.py:840} INFO - DAG(s) 'example_setup_teardown' retrieved from /home/airflow/.local/lib/python3.8/site-packages/airflow/example_dags/example_setup_teardown.py
[2024-03-11T22:09:50.240+0000] {logging_mixin.py:188} INFO - [2024-03-11T22:09:50.240+0000] {dag.py:3047} INFO - Sync 1 DAGs
[2024-03-11T22:09:50.268+0000] {logging_mixin.py:188} INFO - [2024-03-11T22:09:50.268+0000] {dag.py:3834} INFO - Setting next_dagrun for example_setup_teardown to 2024-03-10 00:00:00+00:00, run_after=2024-03-11 00:00:00+00:00
[2024-03-11T22:09:50.295+0000] {processor.py:183} INFO - Processing /home/airflow/.local/lib/python3.8/site-packages/airflow/example_dags/example_setup_teardown.py took 0.090 seconds
[2024-03-11T22:10:20.574+0000] {processor.py:161} INFO - Started process (PID=621) to work on /home/airflow/.local/lib/python3.8/site-packages/airflow/example_dags/example_setup_teardown.py
[2024-03-11T22:10:20.576+0000] {processor.py:830} INFO - Processing file /home/airflow/.local/lib/python3.8/site-packages/airflow/example_dags/example_setup_teardown.py for tasks to queue
[2024-03-11T22:10:20.579+0000] {logging_mixin.py:188} INFO - [2024-03-11T22:10:20.579+0000] {dagbag.py:540} INFO - Filling up the DagBag from /home/airflow/.local/lib/python3.8/site-packages/airflow/example_dags/example_setup_teardown.py
[2024-03-11T22:10:20.588+0000] {processor.py:840} INFO - DAG(s) 'example_setup_teardown' retrieved from /home/airflow/.local/lib/python3.8/site-packages/airflow/example_dags/example_setup_teardown.py
[2024-03-11T22:10:20.622+0000] {logging_mixin.py:188} INFO - [2024-03-11T22:10:20.621+0000] {dag.py:3047} INFO - Sync 1 DAGs
[2024-03-11T22:10:20.651+0000] {logging_mixin.py:188} INFO - [2024-03-11T22:10:20.651+0000] {dag.py:3834} INFO - Setting next_dagrun for example_setup_teardown to 2024-03-10 00:00:00+00:00, run_after=2024-03-11 00:00:00+00:00
[2024-03-11T22:10:20.684+0000] {processor.py:183} INFO - Processing /home/airflow/.local/lib/python3.8/site-packages/airflow/example_dags/example_setup_teardown.py took 0.114 seconds
[2024-03-11T22:10:50.943+0000] {processor.py:161} INFO - Started process (PID=678) to work on /home/airflow/.local/lib/python3.8/site-packages/airflow/example_dags/example_setup_teardown.py
[2024-03-11T22:10:50.945+0000] {processor.py:830} INFO - Processing file /home/airflow/.local/lib/python3.8/site-packages/airflow/example_dags/example_setup_teardown.py for tasks to queue
[2024-03-11T22:10:50.946+0000] {logging_mixin.py:188} INFO - [2024-03-11T22:10:50.946+0000] {dagbag.py:540} INFO - Filling up the DagBag from /home/airflow/.local/lib/python3.8/site-packages/airflow/example_dags/example_setup_teardown.py
[2024-03-11T22:10:50.951+0000] {processor.py:840} INFO - DAG(s) 'example_setup_teardown' retrieved from /home/airflow/.local/lib/python3.8/site-packages/airflow/example_dags/example_setup_teardown.py
[2024-03-11T22:10:50.973+0000] {logging_mixin.py:188} INFO - [2024-03-11T22:10:50.972+0000] {dag.py:3047} INFO - Sync 1 DAGs
[2024-03-11T22:10:50.996+0000] {logging_mixin.py:188} INFO - [2024-03-11T22:10:50.996+0000] {dag.py:3834} INFO - Setting next_dagrun for example_setup_teardown to 2024-03-10 00:00:00+00:00, run_after=2024-03-11 00:00:00+00:00
[2024-03-11T22:10:51.022+0000] {processor.py:183} INFO - Processing /home/airflow/.local/lib/python3.8/site-packages/airflow/example_dags/example_setup_teardown.py took 0.081 seconds
[2024-03-11T22:11:21.066+0000] {processor.py:161} INFO - Started process (PID=735) to work on /home/airflow/.local/lib/python3.8/site-packages/airflow/example_dags/example_setup_teardown.py
[2024-03-11T22:11:21.068+0000] {processor.py:830} INFO - Processing file /home/airflow/.local/lib/python3.8/site-packages/airflow/example_dags/example_setup_teardown.py for tasks to queue
[2024-03-11T22:11:21.069+0000] {logging_mixin.py:188} INFO - [2024-03-11T22:11:21.069+0000] {dagbag.py:540} INFO - Filling up the DagBag from /home/airflow/.local/lib/python3.8/site-packages/airflow/example_dags/example_setup_teardown.py
[2024-03-11T22:11:21.076+0000] {processor.py:840} INFO - DAG(s) 'example_setup_teardown' retrieved from /home/airflow/.local/lib/python3.8/site-packages/airflow/example_dags/example_setup_teardown.py
[2024-03-11T22:11:21.097+0000] {logging_mixin.py:188} INFO - [2024-03-11T22:11:21.096+0000] {dag.py:3047} INFO - Sync 1 DAGs
[2024-03-11T22:11:21.120+0000] {logging_mixin.py:188} INFO - [2024-03-11T22:11:21.119+0000] {dag.py:3834} INFO - Setting next_dagrun for example_setup_teardown to 2024-03-10 00:00:00+00:00, run_after=2024-03-11 00:00:00+00:00
[2024-03-11T22:11:21.144+0000] {processor.py:183} INFO - Processing /home/airflow/.local/lib/python3.8/site-packages/airflow/example_dags/example_setup_teardown.py took 0.080 seconds
[2024-03-11T22:11:51.923+0000] {processor.py:161} INFO - Started process (PID=792) to work on /home/airflow/.local/lib/python3.8/site-packages/airflow/example_dags/example_setup_teardown.py
[2024-03-11T22:11:51.927+0000] {processor.py:830} INFO - Processing file /home/airflow/.local/lib/python3.8/site-packages/airflow/example_dags/example_setup_teardown.py for tasks to queue
[2024-03-11T22:11:51.929+0000] {logging_mixin.py:188} INFO - [2024-03-11T22:11:51.929+0000] {dagbag.py:540} INFO - Filling up the DagBag from /home/airflow/.local/lib/python3.8/site-packages/airflow/example_dags/example_setup_teardown.py
[2024-03-11T22:11:51.936+0000] {processor.py:840} INFO - DAG(s) 'example_setup_teardown' retrieved from /home/airflow/.local/lib/python3.8/site-packages/airflow/example_dags/example_setup_teardown.py
[2024-03-11T22:11:51.963+0000] {logging_mixin.py:188} INFO - [2024-03-11T22:11:51.962+0000] {dag.py:3047} INFO - Sync 1 DAGs
[2024-03-11T22:11:51.992+0000] {logging_mixin.py:188} INFO - [2024-03-11T22:11:51.992+0000] {dag.py:3834} INFO - Setting next_dagrun for example_setup_teardown to 2024-03-10 00:00:00+00:00, run_after=2024-03-11 00:00:00+00:00
[2024-03-11T22:11:52.030+0000] {processor.py:183} INFO - Processing /home/airflow/.local/lib/python3.8/site-packages/airflow/example_dags/example_setup_teardown.py took 0.109 seconds
[2024-03-11T22:12:23.169+0000] {processor.py:161} INFO - Started process (PID=849) to work on /home/airflow/.local/lib/python3.8/site-packages/airflow/example_dags/example_setup_teardown.py
[2024-03-11T22:12:23.171+0000] {processor.py:830} INFO - Processing file /home/airflow/.local/lib/python3.8/site-packages/airflow/example_dags/example_setup_teardown.py for tasks to queue
[2024-03-11T22:12:23.174+0000] {logging_mixin.py:188} INFO - [2024-03-11T22:12:23.173+0000] {dagbag.py:540} INFO - Filling up the DagBag from /home/airflow/.local/lib/python3.8/site-packages/airflow/example_dags/example_setup_teardown.py
[2024-03-11T22:12:23.181+0000] {processor.py:840} INFO - DAG(s) 'example_setup_teardown' retrieved from /home/airflow/.local/lib/python3.8/site-packages/airflow/example_dags/example_setup_teardown.py
[2024-03-11T22:12:23.206+0000] {logging_mixin.py:188} INFO - [2024-03-11T22:12:23.205+0000] {dag.py:3047} INFO - Sync 1 DAGs
[2024-03-11T22:12:23.236+0000] {logging_mixin.py:188} INFO - [2024-03-11T22:12:23.235+0000] {dag.py:3834} INFO - Setting next_dagrun for example_setup_teardown to 2024-03-10 00:00:00+00:00, run_after=2024-03-11 00:00:00+00:00
[2024-03-11T22:12:23.266+0000] {processor.py:183} INFO - Processing /home/airflow/.local/lib/python3.8/site-packages/airflow/example_dags/example_setup_teardown.py took 0.101 seconds
[2024-03-11T22:12:53.774+0000] {processor.py:161} INFO - Started process (PID=906) to work on /home/airflow/.local/lib/python3.8/site-packages/airflow/example_dags/example_setup_teardown.py
[2024-03-11T22:12:53.775+0000] {processor.py:830} INFO - Processing file /home/airflow/.local/lib/python3.8/site-packages/airflow/example_dags/example_setup_teardown.py for tasks to queue
[2024-03-11T22:12:53.776+0000] {logging_mixin.py:188} INFO - [2024-03-11T22:12:53.776+0000] {dagbag.py:540} INFO - Filling up the DagBag from /home/airflow/.local/lib/python3.8/site-packages/airflow/example_dags/example_setup_teardown.py
[2024-03-11T22:12:53.785+0000] {processor.py:840} INFO - DAG(s) 'example_setup_teardown' retrieved from /home/airflow/.local/lib/python3.8/site-packages/airflow/example_dags/example_setup_teardown.py
[2024-03-11T22:12:53.811+0000] {logging_mixin.py:188} INFO - [2024-03-11T22:12:53.810+0000] {dag.py:3047} INFO - Sync 1 DAGs
[2024-03-11T22:12:53.837+0000] {logging_mixin.py:188} INFO - [2024-03-11T22:12:53.837+0000] {dag.py:3834} INFO - Setting next_dagrun for example_setup_teardown to 2024-03-10 00:00:00+00:00, run_after=2024-03-11 00:00:00+00:00
[2024-03-11T22:12:53.865+0000] {processor.py:183} INFO - Processing /home/airflow/.local/lib/python3.8/site-packages/airflow/example_dags/example_setup_teardown.py took 0.094 seconds
[2024-03-11T22:13:24.762+0000] {processor.py:161} INFO - Started process (PID=963) to work on /home/airflow/.local/lib/python3.8/site-packages/airflow/example_dags/example_setup_teardown.py
[2024-03-11T22:13:24.775+0000] {processor.py:830} INFO - Processing file /home/airflow/.local/lib/python3.8/site-packages/airflow/example_dags/example_setup_teardown.py for tasks to queue
[2024-03-11T22:13:24.777+0000] {logging_mixin.py:188} INFO - [2024-03-11T22:13:24.776+0000] {dagbag.py:540} INFO - Filling up the DagBag from /home/airflow/.local/lib/python3.8/site-packages/airflow/example_dags/example_setup_teardown.py
[2024-03-11T22:13:24.784+0000] {processor.py:840} INFO - DAG(s) 'example_setup_teardown' retrieved from /home/airflow/.local/lib/python3.8/site-packages/airflow/example_dags/example_setup_teardown.py
[2024-03-11T22:13:24.809+0000] {logging_mixin.py:188} INFO - [2024-03-11T22:13:24.809+0000] {dag.py:3047} INFO - Sync 1 DAGs
[2024-03-11T22:13:24.836+0000] {logging_mixin.py:188} INFO - [2024-03-11T22:13:24.836+0000] {dag.py:3834} INFO - Setting next_dagrun for example_setup_teardown to 2024-03-10 00:00:00+00:00, run_after=2024-03-11 00:00:00+00:00
[2024-03-11T22:13:24.919+0000] {processor.py:183} INFO - Processing /home/airflow/.local/lib/python3.8/site-packages/airflow/example_dags/example_setup_teardown.py took 0.160 seconds
[2024-03-11T22:13:55.310+0000] {processor.py:161} INFO - Started process (PID=1020) to work on /home/airflow/.local/lib/python3.8/site-packages/airflow/example_dags/example_setup_teardown.py
[2024-03-11T22:13:55.312+0000] {processor.py:830} INFO - Processing file /home/airflow/.local/lib/python3.8/site-packages/airflow/example_dags/example_setup_teardown.py for tasks to queue
[2024-03-11T22:13:55.314+0000] {logging_mixin.py:188} INFO - [2024-03-11T22:13:55.313+0000] {dagbag.py:540} INFO - Filling up the DagBag from /home/airflow/.local/lib/python3.8/site-packages/airflow/example_dags/example_setup_teardown.py
[2024-03-11T22:13:55.320+0000] {processor.py:840} INFO - DAG(s) 'example_setup_teardown' retrieved from /home/airflow/.local/lib/python3.8/site-packages/airflow/example_dags/example_setup_teardown.py
[2024-03-11T22:13:55.345+0000] {logging_mixin.py:188} INFO - [2024-03-11T22:13:55.344+0000] {dag.py:3047} INFO - Sync 1 DAGs
[2024-03-11T22:13:55.368+0000] {logging_mixin.py:188} INFO - [2024-03-11T22:13:55.368+0000] {dag.py:3834} INFO - Setting next_dagrun for example_setup_teardown to 2024-03-10 00:00:00+00:00, run_after=2024-03-11 00:00:00+00:00
[2024-03-11T22:13:55.396+0000] {processor.py:183} INFO - Processing /home/airflow/.local/lib/python3.8/site-packages/airflow/example_dags/example_setup_teardown.py took 0.089 seconds
[2024-03-11T22:14:25.416+0000] {processor.py:161} INFO - Started process (PID=1075) to work on /home/airflow/.local/lib/python3.8/site-packages/airflow/example_dags/example_setup_teardown.py
[2024-03-11T22:14:25.418+0000] {processor.py:830} INFO - Processing file /home/airflow/.local/lib/python3.8/site-packages/airflow/example_dags/example_setup_teardown.py for tasks to queue
[2024-03-11T22:14:25.419+0000] {logging_mixin.py:188} INFO - [2024-03-11T22:14:25.419+0000] {dagbag.py:540} INFO - Filling up the DagBag from /home/airflow/.local/lib/python3.8/site-packages/airflow/example_dags/example_setup_teardown.py
[2024-03-11T22:14:25.425+0000] {processor.py:840} INFO - DAG(s) 'example_setup_teardown' retrieved from /home/airflow/.local/lib/python3.8/site-packages/airflow/example_dags/example_setup_teardown.py
[2024-03-11T22:14:25.444+0000] {logging_mixin.py:188} INFO - [2024-03-11T22:14:25.444+0000] {dag.py:3047} INFO - Sync 1 DAGs
[2024-03-11T22:14:25.468+0000] {logging_mixin.py:188} INFO - [2024-03-11T22:14:25.468+0000] {dag.py:3834} INFO - Setting next_dagrun for example_setup_teardown to 2024-03-10 00:00:00+00:00, run_after=2024-03-11 00:00:00+00:00
[2024-03-11T22:14:25.491+0000] {processor.py:183} INFO - Processing /home/airflow/.local/lib/python3.8/site-packages/airflow/example_dags/example_setup_teardown.py took 0.077 seconds
[2024-03-11T22:14:55.569+0000] {processor.py:161} INFO - Started process (PID=1132) to work on /home/airflow/.local/lib/python3.8/site-packages/airflow/example_dags/example_setup_teardown.py
[2024-03-11T22:14:55.571+0000] {processor.py:830} INFO - Processing file /home/airflow/.local/lib/python3.8/site-packages/airflow/example_dags/example_setup_teardown.py for tasks to queue
[2024-03-11T22:14:55.572+0000] {logging_mixin.py:188} INFO - [2024-03-11T22:14:55.572+0000] {dagbag.py:540} INFO - Filling up the DagBag from /home/airflow/.local/lib/python3.8/site-packages/airflow/example_dags/example_setup_teardown.py
[2024-03-11T22:14:55.577+0000] {processor.py:840} INFO - DAG(s) 'example_setup_teardown' retrieved from /home/airflow/.local/lib/python3.8/site-packages/airflow/example_dags/example_setup_teardown.py
[2024-03-11T22:14:55.599+0000] {logging_mixin.py:188} INFO - [2024-03-11T22:14:55.599+0000] {dag.py:3047} INFO - Sync 1 DAGs
[2024-03-11T22:14:55.622+0000] {logging_mixin.py:188} INFO - [2024-03-11T22:14:55.622+0000] {dag.py:3834} INFO - Setting next_dagrun for example_setup_teardown to 2024-03-10 00:00:00+00:00, run_after=2024-03-11 00:00:00+00:00
[2024-03-11T22:14:55.650+0000] {processor.py:183} INFO - Processing /home/airflow/.local/lib/python3.8/site-packages/airflow/example_dags/example_setup_teardown.py took 0.084 seconds
[2024-03-11T22:15:25.691+0000] {processor.py:161} INFO - Started process (PID=1189) to work on /home/airflow/.local/lib/python3.8/site-packages/airflow/example_dags/example_setup_teardown.py
[2024-03-11T22:15:25.693+0000] {processor.py:830} INFO - Processing file /home/airflow/.local/lib/python3.8/site-packages/airflow/example_dags/example_setup_teardown.py for tasks to queue
[2024-03-11T22:15:25.695+0000] {logging_mixin.py:188} INFO - [2024-03-11T22:15:25.694+0000] {dagbag.py:540} INFO - Filling up the DagBag from /home/airflow/.local/lib/python3.8/site-packages/airflow/example_dags/example_setup_teardown.py
[2024-03-11T22:15:25.702+0000] {processor.py:840} INFO - DAG(s) 'example_setup_teardown' retrieved from /home/airflow/.local/lib/python3.8/site-packages/airflow/example_dags/example_setup_teardown.py
[2024-03-11T22:15:25.722+0000] {logging_mixin.py:188} INFO - [2024-03-11T22:15:25.722+0000] {dag.py:3047} INFO - Sync 1 DAGs
[2024-03-11T22:15:25.745+0000] {logging_mixin.py:188} INFO - [2024-03-11T22:15:25.745+0000] {dag.py:3834} INFO - Setting next_dagrun for example_setup_teardown to 2024-03-10 00:00:00+00:00, run_after=2024-03-11 00:00:00+00:00
[2024-03-11T22:15:25.771+0000] {processor.py:183} INFO - Processing /home/airflow/.local/lib/python3.8/site-packages/airflow/example_dags/example_setup_teardown.py took 0.083 seconds
[2024-03-11T22:15:55.996+0000] {processor.py:161} INFO - Started process (PID=1246) to work on /home/airflow/.local/lib/python3.8/site-packages/airflow/example_dags/example_setup_teardown.py
[2024-03-11T22:15:55.997+0000] {processor.py:830} INFO - Processing file /home/airflow/.local/lib/python3.8/site-packages/airflow/example_dags/example_setup_teardown.py for tasks to queue
[2024-03-11T22:15:55.999+0000] {logging_mixin.py:188} INFO - [2024-03-11T22:15:55.998+0000] {dagbag.py:540} INFO - Filling up the DagBag from /home/airflow/.local/lib/python3.8/site-packages/airflow/example_dags/example_setup_teardown.py
[2024-03-11T22:15:56.004+0000] {processor.py:840} INFO - DAG(s) 'example_setup_teardown' retrieved from /home/airflow/.local/lib/python3.8/site-packages/airflow/example_dags/example_setup_teardown.py
[2024-03-11T22:15:56.024+0000] {logging_mixin.py:188} INFO - [2024-03-11T22:15:56.024+0000] {dag.py:3047} INFO - Sync 1 DAGs
[2024-03-11T22:15:56.046+0000] {logging_mixin.py:188} INFO - [2024-03-11T22:15:56.045+0000] {dag.py:3834} INFO - Setting next_dagrun for example_setup_teardown to 2024-03-10 00:00:00+00:00, run_after=2024-03-11 00:00:00+00:00
[2024-03-11T22:15:56.071+0000] {processor.py:183} INFO - Processing /home/airflow/.local/lib/python3.8/site-packages/airflow/example_dags/example_setup_teardown.py took 0.077 seconds
[2024-03-11T22:16:26.727+0000] {processor.py:161} INFO - Started process (PID=1303) to work on /home/airflow/.local/lib/python3.8/site-packages/airflow/example_dags/example_setup_teardown.py
[2024-03-11T22:16:26.728+0000] {processor.py:830} INFO - Processing file /home/airflow/.local/lib/python3.8/site-packages/airflow/example_dags/example_setup_teardown.py for tasks to queue
[2024-03-11T22:16:26.730+0000] {logging_mixin.py:188} INFO - [2024-03-11T22:16:26.730+0000] {dagbag.py:540} INFO - Filling up the DagBag from /home/airflow/.local/lib/python3.8/site-packages/airflow/example_dags/example_setup_teardown.py
[2024-03-11T22:16:26.735+0000] {processor.py:840} INFO - DAG(s) 'example_setup_teardown' retrieved from /home/airflow/.local/lib/python3.8/site-packages/airflow/example_dags/example_setup_teardown.py
[2024-03-11T22:16:26.760+0000] {logging_mixin.py:188} INFO - [2024-03-11T22:16:26.759+0000] {dag.py:3047} INFO - Sync 1 DAGs
[2024-03-11T22:16:26.787+0000] {logging_mixin.py:188} INFO - [2024-03-11T22:16:26.787+0000] {dag.py:3834} INFO - Setting next_dagrun for example_setup_teardown to 2024-03-10 00:00:00+00:00, run_after=2024-03-11 00:00:00+00:00
[2024-03-11T22:16:26.821+0000] {processor.py:183} INFO - Processing /home/airflow/.local/lib/python3.8/site-packages/airflow/example_dags/example_setup_teardown.py took 0.098 seconds
[2024-03-11T22:16:57.200+0000] {processor.py:161} INFO - Started process (PID=1360) to work on /home/airflow/.local/lib/python3.8/site-packages/airflow/example_dags/example_setup_teardown.py
[2024-03-11T22:16:57.201+0000] {processor.py:830} INFO - Processing file /home/airflow/.local/lib/python3.8/site-packages/airflow/example_dags/example_setup_teardown.py for tasks to queue
[2024-03-11T22:16:57.203+0000] {logging_mixin.py:188} INFO - [2024-03-11T22:16:57.203+0000] {dagbag.py:540} INFO - Filling up the DagBag from /home/airflow/.local/lib/python3.8/site-packages/airflow/example_dags/example_setup_teardown.py
[2024-03-11T22:16:57.209+0000] {processor.py:840} INFO - DAG(s) 'example_setup_teardown' retrieved from /home/airflow/.local/lib/python3.8/site-packages/airflow/example_dags/example_setup_teardown.py
[2024-03-11T22:16:57.232+0000] {logging_mixin.py:188} INFO - [2024-03-11T22:16:57.231+0000] {dag.py:3047} INFO - Sync 1 DAGs
[2024-03-11T22:16:57.255+0000] {logging_mixin.py:188} INFO - [2024-03-11T22:16:57.255+0000] {dag.py:3834} INFO - Setting next_dagrun for example_setup_teardown to 2024-03-10 00:00:00+00:00, run_after=2024-03-11 00:00:00+00:00
[2024-03-11T22:16:57.280+0000] {processor.py:183} INFO - Processing /home/airflow/.local/lib/python3.8/site-packages/airflow/example_dags/example_setup_teardown.py took 0.083 seconds
[2024-03-11T22:17:27.581+0000] {processor.py:161} INFO - Started process (PID=1417) to work on /home/airflow/.local/lib/python3.8/site-packages/airflow/example_dags/example_setup_teardown.py
[2024-03-11T22:17:27.582+0000] {processor.py:830} INFO - Processing file /home/airflow/.local/lib/python3.8/site-packages/airflow/example_dags/example_setup_teardown.py for tasks to queue
[2024-03-11T22:17:27.583+0000] {logging_mixin.py:188} INFO - [2024-03-11T22:17:27.583+0000] {dagbag.py:540} INFO - Filling up the DagBag from /home/airflow/.local/lib/python3.8/site-packages/airflow/example_dags/example_setup_teardown.py
[2024-03-11T22:17:27.589+0000] {processor.py:840} INFO - DAG(s) 'example_setup_teardown' retrieved from /home/airflow/.local/lib/python3.8/site-packages/airflow/example_dags/example_setup_teardown.py
[2024-03-11T22:17:27.609+0000] {logging_mixin.py:188} INFO - [2024-03-11T22:17:27.609+0000] {dag.py:3047} INFO - Sync 1 DAGs
[2024-03-11T22:17:27.632+0000] {logging_mixin.py:188} INFO - [2024-03-11T22:17:27.632+0000] {dag.py:3834} INFO - Setting next_dagrun for example_setup_teardown to 2024-03-10 00:00:00+00:00, run_after=2024-03-11 00:00:00+00:00
[2024-03-11T22:17:27.656+0000] {processor.py:183} INFO - Processing /home/airflow/.local/lib/python3.8/site-packages/airflow/example_dags/example_setup_teardown.py took 0.078 seconds
