[2024-03-11T22:02:16.550+0000] {processor.py:161} INFO - Started process (PID=86) to work on /home/airflow/.local/lib/python3.8/site-packages/airflow/example_dags/example_latest_only.py
[2024-03-11T22:02:16.551+0000] {processor.py:830} INFO - Processing file /home/airflow/.local/lib/python3.8/site-packages/airflow/example_dags/example_latest_only.py for tasks to queue
[2024-03-11T22:02:16.554+0000] {logging_mixin.py:188} INFO - [2024-03-11T22:02:16.553+0000] {dagbag.py:540} INFO - Filling up the DagBag from /home/airflow/.local/lib/python3.8/site-packages/airflow/example_dags/example_latest_only.py
[2024-03-11T22:02:16.561+0000] {processor.py:840} INFO - DAG(s) 'latest_only' retrieved from /home/airflow/.local/lib/python3.8/site-packages/airflow/example_dags/example_latest_only.py
[2024-03-11T22:02:16.705+0000] {logging_mixin.py:188} INFO - [2024-03-11T22:02:16.705+0000] {dag.py:3047} INFO - Sync 1 DAGs
[2024-03-11T22:02:16.732+0000] {logging_mixin.py:188} INFO - [2024-03-11T22:02:16.731+0000] {dag.py:3834} INFO - Setting next_dagrun for latest_only to 2024-03-11 16:00:00+00:00, run_after=2024-03-11 20:00:00+00:00
[2024-03-11T22:02:16.766+0000] {processor.py:183} INFO - Processing /home/airflow/.local/lib/python3.8/site-packages/airflow/example_dags/example_latest_only.py took 0.220 seconds
[2024-03-11T22:02:46.857+0000] {processor.py:161} INFO - Started process (PID=143) to work on /home/airflow/.local/lib/python3.8/site-packages/airflow/example_dags/example_latest_only.py
[2024-03-11T22:02:46.858+0000] {processor.py:830} INFO - Processing file /home/airflow/.local/lib/python3.8/site-packages/airflow/example_dags/example_latest_only.py for tasks to queue
[2024-03-11T22:02:46.860+0000] {logging_mixin.py:188} INFO - [2024-03-11T22:02:46.859+0000] {dagbag.py:540} INFO - Filling up the DagBag from /home/airflow/.local/lib/python3.8/site-packages/airflow/example_dags/example_latest_only.py
[2024-03-11T22:02:46.863+0000] {processor.py:840} INFO - DAG(s) 'latest_only' retrieved from /home/airflow/.local/lib/python3.8/site-packages/airflow/example_dags/example_latest_only.py
[2024-03-11T22:02:46.887+0000] {logging_mixin.py:188} INFO - [2024-03-11T22:02:46.886+0000] {dag.py:3047} INFO - Sync 1 DAGs
[2024-03-11T22:02:46.912+0000] {logging_mixin.py:188} INFO - [2024-03-11T22:02:46.912+0000] {dag.py:3834} INFO - Setting next_dagrun for latest_only to 2024-03-11 16:00:00+00:00, run_after=2024-03-11 20:00:00+00:00
[2024-03-11T22:02:46.938+0000] {processor.py:183} INFO - Processing /home/airflow/.local/lib/python3.8/site-packages/airflow/example_dags/example_latest_only.py took 0.085 seconds
[2024-03-11T22:05:20.835+0000] {processor.py:161} INFO - Started process (PID=79) to work on /home/airflow/.local/lib/python3.8/site-packages/airflow/example_dags/example_latest_only.py
[2024-03-11T22:05:20.836+0000] {processor.py:830} INFO - Processing file /home/airflow/.local/lib/python3.8/site-packages/airflow/example_dags/example_latest_only.py for tasks to queue
[2024-03-11T22:05:20.839+0000] {logging_mixin.py:188} INFO - [2024-03-11T22:05:20.839+0000] {dagbag.py:540} INFO - Filling up the DagBag from /home/airflow/.local/lib/python3.8/site-packages/airflow/example_dags/example_latest_only.py
[2024-03-11T22:05:20.845+0000] {processor.py:840} INFO - DAG(s) 'latest_only' retrieved from /home/airflow/.local/lib/python3.8/site-packages/airflow/example_dags/example_latest_only.py
[2024-03-11T22:05:20.960+0000] {logging_mixin.py:188} INFO - [2024-03-11T22:05:20.960+0000] {dag.py:3047} INFO - Sync 1 DAGs
[2024-03-11T22:05:20.983+0000] {logging_mixin.py:188} INFO - [2024-03-11T22:05:20.983+0000] {dag.py:3834} INFO - Setting next_dagrun for latest_only to 2024-03-11 16:00:00+00:00, run_after=2024-03-11 20:00:00+00:00
[2024-03-11T22:05:21.011+0000] {processor.py:183} INFO - Processing /home/airflow/.local/lib/python3.8/site-packages/airflow/example_dags/example_latest_only.py took 0.181 seconds
[2024-03-11T22:05:51.893+0000] {processor.py:161} INFO - Started process (PID=136) to work on /home/airflow/.local/lib/python3.8/site-packages/airflow/example_dags/example_latest_only.py
[2024-03-11T22:05:51.894+0000] {processor.py:830} INFO - Processing file /home/airflow/.local/lib/python3.8/site-packages/airflow/example_dags/example_latest_only.py for tasks to queue
[2024-03-11T22:05:51.896+0000] {logging_mixin.py:188} INFO - [2024-03-11T22:05:51.895+0000] {dagbag.py:540} INFO - Filling up the DagBag from /home/airflow/.local/lib/python3.8/site-packages/airflow/example_dags/example_latest_only.py
[2024-03-11T22:05:51.900+0000] {processor.py:840} INFO - DAG(s) 'latest_only' retrieved from /home/airflow/.local/lib/python3.8/site-packages/airflow/example_dags/example_latest_only.py
[2024-03-11T22:05:51.922+0000] {logging_mixin.py:188} INFO - [2024-03-11T22:05:51.922+0000] {dag.py:3047} INFO - Sync 1 DAGs
[2024-03-11T22:05:51.948+0000] {logging_mixin.py:188} INFO - [2024-03-11T22:05:51.948+0000] {dag.py:3834} INFO - Setting next_dagrun for latest_only to 2024-03-11 16:00:00+00:00, run_after=2024-03-11 20:00:00+00:00
[2024-03-11T22:05:51.974+0000] {processor.py:183} INFO - Processing /home/airflow/.local/lib/python3.8/site-packages/airflow/example_dags/example_latest_only.py took 0.085 seconds
[2024-03-11T22:06:22.777+0000] {processor.py:161} INFO - Started process (PID=193) to work on /home/airflow/.local/lib/python3.8/site-packages/airflow/example_dags/example_latest_only.py
[2024-03-11T22:06:22.779+0000] {processor.py:830} INFO - Processing file /home/airflow/.local/lib/python3.8/site-packages/airflow/example_dags/example_latest_only.py for tasks to queue
[2024-03-11T22:06:22.781+0000] {logging_mixin.py:188} INFO - [2024-03-11T22:06:22.780+0000] {dagbag.py:540} INFO - Filling up the DagBag from /home/airflow/.local/lib/python3.8/site-packages/airflow/example_dags/example_latest_only.py
[2024-03-11T22:06:22.786+0000] {processor.py:840} INFO - DAG(s) 'latest_only' retrieved from /home/airflow/.local/lib/python3.8/site-packages/airflow/example_dags/example_latest_only.py
[2024-03-11T22:06:22.816+0000] {logging_mixin.py:188} INFO - [2024-03-11T22:06:22.815+0000] {dag.py:3047} INFO - Sync 1 DAGs
[2024-03-11T22:06:22.852+0000] {logging_mixin.py:188} INFO - [2024-03-11T22:06:22.851+0000] {dag.py:3834} INFO - Setting next_dagrun for latest_only to 2024-03-11 16:00:00+00:00, run_after=2024-03-11 20:00:00+00:00
[2024-03-11T22:06:22.907+0000] {processor.py:183} INFO - Processing /home/airflow/.local/lib/python3.8/site-packages/airflow/example_dags/example_latest_only.py took 0.134 seconds
[2024-03-11T22:06:53.560+0000] {processor.py:161} INFO - Started process (PID=250) to work on /home/airflow/.local/lib/python3.8/site-packages/airflow/example_dags/example_latest_only.py
[2024-03-11T22:06:53.561+0000] {processor.py:830} INFO - Processing file /home/airflow/.local/lib/python3.8/site-packages/airflow/example_dags/example_latest_only.py for tasks to queue
[2024-03-11T22:06:53.563+0000] {logging_mixin.py:188} INFO - [2024-03-11T22:06:53.563+0000] {dagbag.py:540} INFO - Filling up the DagBag from /home/airflow/.local/lib/python3.8/site-packages/airflow/example_dags/example_latest_only.py
[2024-03-11T22:06:53.567+0000] {processor.py:840} INFO - DAG(s) 'latest_only' retrieved from /home/airflow/.local/lib/python3.8/site-packages/airflow/example_dags/example_latest_only.py
[2024-03-11T22:06:53.589+0000] {logging_mixin.py:188} INFO - [2024-03-11T22:06:53.589+0000] {dag.py:3047} INFO - Sync 1 DAGs
[2024-03-11T22:06:53.612+0000] {logging_mixin.py:188} INFO - [2024-03-11T22:06:53.612+0000] {dag.py:3834} INFO - Setting next_dagrun for latest_only to 2024-03-11 16:00:00+00:00, run_after=2024-03-11 20:00:00+00:00
[2024-03-11T22:06:53.635+0000] {processor.py:183} INFO - Processing /home/airflow/.local/lib/python3.8/site-packages/airflow/example_dags/example_latest_only.py took 0.078 seconds
[2024-03-11T22:07:23.734+0000] {processor.py:161} INFO - Started process (PID=307) to work on /home/airflow/.local/lib/python3.8/site-packages/airflow/example_dags/example_latest_only.py
[2024-03-11T22:07:23.736+0000] {processor.py:830} INFO - Processing file /home/airflow/.local/lib/python3.8/site-packages/airflow/example_dags/example_latest_only.py for tasks to queue
[2024-03-11T22:07:23.738+0000] {logging_mixin.py:188} INFO - [2024-03-11T22:07:23.737+0000] {dagbag.py:540} INFO - Filling up the DagBag from /home/airflow/.local/lib/python3.8/site-packages/airflow/example_dags/example_latest_only.py
[2024-03-11T22:07:23.741+0000] {processor.py:840} INFO - DAG(s) 'latest_only' retrieved from /home/airflow/.local/lib/python3.8/site-packages/airflow/example_dags/example_latest_only.py
[2024-03-11T22:07:23.763+0000] {logging_mixin.py:188} INFO - [2024-03-11T22:07:23.763+0000] {dag.py:3047} INFO - Sync 1 DAGs
[2024-03-11T22:07:23.784+0000] {logging_mixin.py:188} INFO - [2024-03-11T22:07:23.784+0000] {dag.py:3834} INFO - Setting next_dagrun for latest_only to 2024-03-11 16:00:00+00:00, run_after=2024-03-11 20:00:00+00:00
[2024-03-11T22:07:23.808+0000] {processor.py:183} INFO - Processing /home/airflow/.local/lib/python3.8/site-packages/airflow/example_dags/example_latest_only.py took 0.076 seconds
[2024-03-11T22:07:53.974+0000] {processor.py:161} INFO - Started process (PID=364) to work on /home/airflow/.local/lib/python3.8/site-packages/airflow/example_dags/example_latest_only.py
[2024-03-11T22:07:53.976+0000] {processor.py:830} INFO - Processing file /home/airflow/.local/lib/python3.8/site-packages/airflow/example_dags/example_latest_only.py for tasks to queue
[2024-03-11T22:07:53.977+0000] {logging_mixin.py:188} INFO - [2024-03-11T22:07:53.977+0000] {dagbag.py:540} INFO - Filling up the DagBag from /home/airflow/.local/lib/python3.8/site-packages/airflow/example_dags/example_latest_only.py
[2024-03-11T22:07:53.982+0000] {processor.py:840} INFO - DAG(s) 'latest_only' retrieved from /home/airflow/.local/lib/python3.8/site-packages/airflow/example_dags/example_latest_only.py
[2024-03-11T22:07:54.001+0000] {logging_mixin.py:188} INFO - [2024-03-11T22:07:54.001+0000] {dag.py:3047} INFO - Sync 1 DAGs
[2024-03-11T22:07:54.026+0000] {logging_mixin.py:188} INFO - [2024-03-11T22:07:54.026+0000] {dag.py:3834} INFO - Setting next_dagrun for latest_only to 2024-03-11 16:00:00+00:00, run_after=2024-03-11 20:00:00+00:00
[2024-03-11T22:07:54.049+0000] {processor.py:183} INFO - Processing /home/airflow/.local/lib/python3.8/site-packages/airflow/example_dags/example_latest_only.py took 0.078 seconds
[2024-03-11T22:08:24.554+0000] {processor.py:161} INFO - Started process (PID=421) to work on /home/airflow/.local/lib/python3.8/site-packages/airflow/example_dags/example_latest_only.py
[2024-03-11T22:08:24.556+0000] {processor.py:830} INFO - Processing file /home/airflow/.local/lib/python3.8/site-packages/airflow/example_dags/example_latest_only.py for tasks to queue
[2024-03-11T22:08:24.557+0000] {logging_mixin.py:188} INFO - [2024-03-11T22:08:24.557+0000] {dagbag.py:540} INFO - Filling up the DagBag from /home/airflow/.local/lib/python3.8/site-packages/airflow/example_dags/example_latest_only.py
[2024-03-11T22:08:24.561+0000] {processor.py:840} INFO - DAG(s) 'latest_only' retrieved from /home/airflow/.local/lib/python3.8/site-packages/airflow/example_dags/example_latest_only.py
[2024-03-11T22:08:24.582+0000] {logging_mixin.py:188} INFO - [2024-03-11T22:08:24.581+0000] {dag.py:3047} INFO - Sync 1 DAGs
[2024-03-11T22:08:24.604+0000] {logging_mixin.py:188} INFO - [2024-03-11T22:08:24.603+0000] {dag.py:3834} INFO - Setting next_dagrun for latest_only to 2024-03-11 16:00:00+00:00, run_after=2024-03-11 20:00:00+00:00
[2024-03-11T22:08:24.628+0000] {processor.py:183} INFO - Processing /home/airflow/.local/lib/python3.8/site-packages/airflow/example_dags/example_latest_only.py took 0.076 seconds
[2024-03-11T22:08:55.412+0000] {processor.py:161} INFO - Started process (PID=478) to work on /home/airflow/.local/lib/python3.8/site-packages/airflow/example_dags/example_latest_only.py
[2024-03-11T22:08:55.413+0000] {processor.py:830} INFO - Processing file /home/airflow/.local/lib/python3.8/site-packages/airflow/example_dags/example_latest_only.py for tasks to queue
[2024-03-11T22:08:55.415+0000] {logging_mixin.py:188} INFO - [2024-03-11T22:08:55.415+0000] {dagbag.py:540} INFO - Filling up the DagBag from /home/airflow/.local/lib/python3.8/site-packages/airflow/example_dags/example_latest_only.py
[2024-03-11T22:08:55.419+0000] {processor.py:840} INFO - DAG(s) 'latest_only' retrieved from /home/airflow/.local/lib/python3.8/site-packages/airflow/example_dags/example_latest_only.py
[2024-03-11T22:08:55.440+0000] {logging_mixin.py:188} INFO - [2024-03-11T22:08:55.440+0000] {dag.py:3047} INFO - Sync 1 DAGs
[2024-03-11T22:08:55.462+0000] {logging_mixin.py:188} INFO - [2024-03-11T22:08:55.462+0000] {dag.py:3834} INFO - Setting next_dagrun for latest_only to 2024-03-11 16:00:00+00:00, run_after=2024-03-11 20:00:00+00:00
[2024-03-11T22:08:55.489+0000] {processor.py:183} INFO - Processing /home/airflow/.local/lib/python3.8/site-packages/airflow/example_dags/example_latest_only.py took 0.080 seconds
[2024-03-11T22:09:25.521+0000] {processor.py:161} INFO - Started process (PID=535) to work on /home/airflow/.local/lib/python3.8/site-packages/airflow/example_dags/example_latest_only.py
[2024-03-11T22:09:25.522+0000] {processor.py:830} INFO - Processing file /home/airflow/.local/lib/python3.8/site-packages/airflow/example_dags/example_latest_only.py for tasks to queue
[2024-03-11T22:09:25.523+0000] {logging_mixin.py:188} INFO - [2024-03-11T22:09:25.523+0000] {dagbag.py:540} INFO - Filling up the DagBag from /home/airflow/.local/lib/python3.8/site-packages/airflow/example_dags/example_latest_only.py
[2024-03-11T22:09:25.527+0000] {processor.py:840} INFO - DAG(s) 'latest_only' retrieved from /home/airflow/.local/lib/python3.8/site-packages/airflow/example_dags/example_latest_only.py
[2024-03-11T22:09:25.548+0000] {logging_mixin.py:188} INFO - [2024-03-11T22:09:25.548+0000] {dag.py:3047} INFO - Sync 1 DAGs
[2024-03-11T22:09:25.571+0000] {logging_mixin.py:188} INFO - [2024-03-11T22:09:25.571+0000] {dag.py:3834} INFO - Setting next_dagrun for latest_only to 2024-03-11 16:00:00+00:00, run_after=2024-03-11 20:00:00+00:00
[2024-03-11T22:09:25.596+0000] {processor.py:183} INFO - Processing /home/airflow/.local/lib/python3.8/site-packages/airflow/example_dags/example_latest_only.py took 0.078 seconds
[2024-03-11T22:09:55.799+0000] {processor.py:161} INFO - Started process (PID=592) to work on /home/airflow/.local/lib/python3.8/site-packages/airflow/example_dags/example_latest_only.py
[2024-03-11T22:09:55.801+0000] {processor.py:830} INFO - Processing file /home/airflow/.local/lib/python3.8/site-packages/airflow/example_dags/example_latest_only.py for tasks to queue
[2024-03-11T22:09:55.803+0000] {logging_mixin.py:188} INFO - [2024-03-11T22:09:55.802+0000] {dagbag.py:540} INFO - Filling up the DagBag from /home/airflow/.local/lib/python3.8/site-packages/airflow/example_dags/example_latest_only.py
[2024-03-11T22:09:55.808+0000] {processor.py:840} INFO - DAG(s) 'latest_only' retrieved from /home/airflow/.local/lib/python3.8/site-packages/airflow/example_dags/example_latest_only.py
[2024-03-11T22:09:55.832+0000] {logging_mixin.py:188} INFO - [2024-03-11T22:09:55.832+0000] {dag.py:3047} INFO - Sync 1 DAGs
[2024-03-11T22:09:55.859+0000] {logging_mixin.py:188} INFO - [2024-03-11T22:09:55.858+0000] {dag.py:3834} INFO - Setting next_dagrun for latest_only to 2024-03-11 16:00:00+00:00, run_after=2024-03-11 20:00:00+00:00
[2024-03-11T22:09:55.889+0000] {processor.py:183} INFO - Processing /home/airflow/.local/lib/python3.8/site-packages/airflow/example_dags/example_latest_only.py took 0.094 seconds
[2024-03-11T22:10:26.429+0000] {processor.py:161} INFO - Started process (PID=649) to work on /home/airflow/.local/lib/python3.8/site-packages/airflow/example_dags/example_latest_only.py
[2024-03-11T22:10:26.430+0000] {processor.py:830} INFO - Processing file /home/airflow/.local/lib/python3.8/site-packages/airflow/example_dags/example_latest_only.py for tasks to queue
[2024-03-11T22:10:26.432+0000] {logging_mixin.py:188} INFO - [2024-03-11T22:10:26.432+0000] {dagbag.py:540} INFO - Filling up the DagBag from /home/airflow/.local/lib/python3.8/site-packages/airflow/example_dags/example_latest_only.py
[2024-03-11T22:10:26.438+0000] {processor.py:840} INFO - DAG(s) 'latest_only' retrieved from /home/airflow/.local/lib/python3.8/site-packages/airflow/example_dags/example_latest_only.py
[2024-03-11T22:10:26.461+0000] {logging_mixin.py:188} INFO - [2024-03-11T22:10:26.461+0000] {dag.py:3047} INFO - Sync 1 DAGs
[2024-03-11T22:10:26.485+0000] {logging_mixin.py:188} INFO - [2024-03-11T22:10:26.484+0000] {dag.py:3834} INFO - Setting next_dagrun for latest_only to 2024-03-11 16:00:00+00:00, run_after=2024-03-11 20:00:00+00:00
[2024-03-11T22:10:26.513+0000] {processor.py:183} INFO - Processing /home/airflow/.local/lib/python3.8/site-packages/airflow/example_dags/example_latest_only.py took 0.086 seconds
[2024-03-11T22:10:57.336+0000] {processor.py:161} INFO - Started process (PID=706) to work on /home/airflow/.local/lib/python3.8/site-packages/airflow/example_dags/example_latest_only.py
[2024-03-11T22:10:57.338+0000] {processor.py:830} INFO - Processing file /home/airflow/.local/lib/python3.8/site-packages/airflow/example_dags/example_latest_only.py for tasks to queue
[2024-03-11T22:10:57.339+0000] {logging_mixin.py:188} INFO - [2024-03-11T22:10:57.339+0000] {dagbag.py:540} INFO - Filling up the DagBag from /home/airflow/.local/lib/python3.8/site-packages/airflow/example_dags/example_latest_only.py
[2024-03-11T22:10:57.344+0000] {processor.py:840} INFO - DAG(s) 'latest_only' retrieved from /home/airflow/.local/lib/python3.8/site-packages/airflow/example_dags/example_latest_only.py
[2024-03-11T22:10:57.364+0000] {logging_mixin.py:188} INFO - [2024-03-11T22:10:57.364+0000] {dag.py:3047} INFO - Sync 1 DAGs
[2024-03-11T22:10:57.387+0000] {logging_mixin.py:188} INFO - [2024-03-11T22:10:57.387+0000] {dag.py:3834} INFO - Setting next_dagrun for latest_only to 2024-03-11 16:00:00+00:00, run_after=2024-03-11 20:00:00+00:00
[2024-03-11T22:10:57.414+0000] {processor.py:183} INFO - Processing /home/airflow/.local/lib/python3.8/site-packages/airflow/example_dags/example_latest_only.py took 0.080 seconds
[2024-03-11T22:11:28.048+0000] {processor.py:161} INFO - Started process (PID=763) to work on /home/airflow/.local/lib/python3.8/site-packages/airflow/example_dags/example_latest_only.py
[2024-03-11T22:11:28.050+0000] {processor.py:830} INFO - Processing file /home/airflow/.local/lib/python3.8/site-packages/airflow/example_dags/example_latest_only.py for tasks to queue
[2024-03-11T22:11:28.051+0000] {logging_mixin.py:188} INFO - [2024-03-11T22:11:28.051+0000] {dagbag.py:540} INFO - Filling up the DagBag from /home/airflow/.local/lib/python3.8/site-packages/airflow/example_dags/example_latest_only.py
[2024-03-11T22:11:28.058+0000] {processor.py:840} INFO - DAG(s) 'latest_only' retrieved from /home/airflow/.local/lib/python3.8/site-packages/airflow/example_dags/example_latest_only.py
[2024-03-11T22:11:28.087+0000] {logging_mixin.py:188} INFO - [2024-03-11T22:11:28.086+0000] {dag.py:3047} INFO - Sync 1 DAGs
[2024-03-11T22:11:28.117+0000] {logging_mixin.py:188} INFO - [2024-03-11T22:11:28.116+0000] {dag.py:3834} INFO - Setting next_dagrun for latest_only to 2024-03-11 16:00:00+00:00, run_after=2024-03-11 20:00:00+00:00
[2024-03-11T22:11:28.154+0000] {processor.py:183} INFO - Processing /home/airflow/.local/lib/python3.8/site-packages/airflow/example_dags/example_latest_only.py took 0.112 seconds
[2024-03-11T22:11:58.399+0000] {processor.py:161} INFO - Started process (PID=826) to work on /home/airflow/.local/lib/python3.8/site-packages/airflow/example_dags/example_latest_only.py
[2024-03-11T22:11:58.401+0000] {processor.py:830} INFO - Processing file /home/airflow/.local/lib/python3.8/site-packages/airflow/example_dags/example_latest_only.py for tasks to queue
[2024-03-11T22:11:58.403+0000] {logging_mixin.py:188} INFO - [2024-03-11T22:11:58.403+0000] {dagbag.py:540} INFO - Filling up the DagBag from /home/airflow/.local/lib/python3.8/site-packages/airflow/example_dags/example_latest_only.py
[2024-03-11T22:11:58.411+0000] {processor.py:840} INFO - DAG(s) 'latest_only' retrieved from /home/airflow/.local/lib/python3.8/site-packages/airflow/example_dags/example_latest_only.py
[2024-03-11T22:11:58.447+0000] {logging_mixin.py:188} INFO - [2024-03-11T22:11:58.447+0000] {dag.py:3047} INFO - Sync 1 DAGs
[2024-03-11T22:11:58.491+0000] {logging_mixin.py:188} INFO - [2024-03-11T22:11:58.491+0000] {dag.py:3834} INFO - Setting next_dagrun for latest_only to 2024-03-11 16:00:00+00:00, run_after=2024-03-11 20:00:00+00:00
[2024-03-11T22:11:58.528+0000] {processor.py:183} INFO - Processing /home/airflow/.local/lib/python3.8/site-packages/airflow/example_dags/example_latest_only.py took 0.134 seconds
[2024-03-11T22:12:29.163+0000] {processor.py:161} INFO - Started process (PID=883) to work on /home/airflow/.local/lib/python3.8/site-packages/airflow/example_dags/example_latest_only.py
[2024-03-11T22:12:29.165+0000] {processor.py:830} INFO - Processing file /home/airflow/.local/lib/python3.8/site-packages/airflow/example_dags/example_latest_only.py for tasks to queue
[2024-03-11T22:12:29.167+0000] {logging_mixin.py:188} INFO - [2024-03-11T22:12:29.167+0000] {dagbag.py:540} INFO - Filling up the DagBag from /home/airflow/.local/lib/python3.8/site-packages/airflow/example_dags/example_latest_only.py
[2024-03-11T22:12:29.175+0000] {processor.py:840} INFO - DAG(s) 'latest_only' retrieved from /home/airflow/.local/lib/python3.8/site-packages/airflow/example_dags/example_latest_only.py
[2024-03-11T22:12:29.202+0000] {logging_mixin.py:188} INFO - [2024-03-11T22:12:29.201+0000] {dag.py:3047} INFO - Sync 1 DAGs
[2024-03-11T22:12:29.230+0000] {logging_mixin.py:188} INFO - [2024-03-11T22:12:29.229+0000] {dag.py:3834} INFO - Setting next_dagrun for latest_only to 2024-03-11 16:00:00+00:00, run_after=2024-03-11 20:00:00+00:00
[2024-03-11T22:12:29.262+0000] {processor.py:183} INFO - Processing /home/airflow/.local/lib/python3.8/site-packages/airflow/example_dags/example_latest_only.py took 0.102 seconds
[2024-03-11T22:12:59.687+0000] {processor.py:161} INFO - Started process (PID=940) to work on /home/airflow/.local/lib/python3.8/site-packages/airflow/example_dags/example_latest_only.py
[2024-03-11T22:12:59.688+0000] {processor.py:830} INFO - Processing file /home/airflow/.local/lib/python3.8/site-packages/airflow/example_dags/example_latest_only.py for tasks to queue
[2024-03-11T22:12:59.690+0000] {logging_mixin.py:188} INFO - [2024-03-11T22:12:59.689+0000] {dagbag.py:540} INFO - Filling up the DagBag from /home/airflow/.local/lib/python3.8/site-packages/airflow/example_dags/example_latest_only.py
[2024-03-11T22:12:59.694+0000] {processor.py:840} INFO - DAG(s) 'latest_only' retrieved from /home/airflow/.local/lib/python3.8/site-packages/airflow/example_dags/example_latest_only.py
[2024-03-11T22:12:59.721+0000] {logging_mixin.py:188} INFO - [2024-03-11T22:12:59.720+0000] {dag.py:3047} INFO - Sync 1 DAGs
[2024-03-11T22:12:59.750+0000] {logging_mixin.py:188} INFO - [2024-03-11T22:12:59.750+0000] {dag.py:3834} INFO - Setting next_dagrun for latest_only to 2024-03-11 16:00:00+00:00, run_after=2024-03-11 20:00:00+00:00
[2024-03-11T22:12:59.785+0000] {processor.py:183} INFO - Processing /home/airflow/.local/lib/python3.8/site-packages/airflow/example_dags/example_latest_only.py took 0.103 seconds
[2024-03-11T22:13:29.905+0000] {processor.py:161} INFO - Started process (PID=997) to work on /home/airflow/.local/lib/python3.8/site-packages/airflow/example_dags/example_latest_only.py
[2024-03-11T22:13:29.907+0000] {processor.py:830} INFO - Processing file /home/airflow/.local/lib/python3.8/site-packages/airflow/example_dags/example_latest_only.py for tasks to queue
[2024-03-11T22:13:29.909+0000] {logging_mixin.py:188} INFO - [2024-03-11T22:13:29.908+0000] {dagbag.py:540} INFO - Filling up the DagBag from /home/airflow/.local/lib/python3.8/site-packages/airflow/example_dags/example_latest_only.py
[2024-03-11T22:13:29.913+0000] {processor.py:840} INFO - DAG(s) 'latest_only' retrieved from /home/airflow/.local/lib/python3.8/site-packages/airflow/example_dags/example_latest_only.py
[2024-03-11T22:13:29.935+0000] {logging_mixin.py:188} INFO - [2024-03-11T22:13:29.935+0000] {dag.py:3047} INFO - Sync 1 DAGs
[2024-03-11T22:13:29.958+0000] {logging_mixin.py:188} INFO - [2024-03-11T22:13:29.958+0000] {dag.py:3834} INFO - Setting next_dagrun for latest_only to 2024-03-11 16:00:00+00:00, run_after=2024-03-11 20:00:00+00:00
[2024-03-11T22:13:29.986+0000] {processor.py:183} INFO - Processing /home/airflow/.local/lib/python3.8/site-packages/airflow/example_dags/example_latest_only.py took 0.083 seconds
[2024-03-11T22:14:01.095+0000] {processor.py:161} INFO - Started process (PID=1054) to work on /home/airflow/.local/lib/python3.8/site-packages/airflow/example_dags/example_latest_only.py
[2024-03-11T22:14:01.096+0000] {processor.py:830} INFO - Processing file /home/airflow/.local/lib/python3.8/site-packages/airflow/example_dags/example_latest_only.py for tasks to queue
[2024-03-11T22:14:01.098+0000] {logging_mixin.py:188} INFO - [2024-03-11T22:14:01.098+0000] {dagbag.py:540} INFO - Filling up the DagBag from /home/airflow/.local/lib/python3.8/site-packages/airflow/example_dags/example_latest_only.py
[2024-03-11T22:14:01.105+0000] {processor.py:840} INFO - DAG(s) 'latest_only' retrieved from /home/airflow/.local/lib/python3.8/site-packages/airflow/example_dags/example_latest_only.py
[2024-03-11T22:14:01.132+0000] {logging_mixin.py:188} INFO - [2024-03-11T22:14:01.132+0000] {dag.py:3047} INFO - Sync 1 DAGs
[2024-03-11T22:14:01.161+0000] {logging_mixin.py:188} INFO - [2024-03-11T22:14:01.160+0000] {dag.py:3834} INFO - Setting next_dagrun for latest_only to 2024-03-11 16:00:00+00:00, run_after=2024-03-11 20:00:00+00:00
[2024-03-11T22:14:01.194+0000] {processor.py:183} INFO - Processing /home/airflow/.local/lib/python3.8/site-packages/airflow/example_dags/example_latest_only.py took 0.102 seconds
[2024-03-11T22:14:31.223+0000] {processor.py:161} INFO - Started process (PID=1111) to work on /home/airflow/.local/lib/python3.8/site-packages/airflow/example_dags/example_latest_only.py
[2024-03-11T22:14:31.225+0000] {processor.py:830} INFO - Processing file /home/airflow/.local/lib/python3.8/site-packages/airflow/example_dags/example_latest_only.py for tasks to queue
[2024-03-11T22:14:31.227+0000] {logging_mixin.py:188} INFO - [2024-03-11T22:14:31.227+0000] {dagbag.py:540} INFO - Filling up the DagBag from /home/airflow/.local/lib/python3.8/site-packages/airflow/example_dags/example_latest_only.py
[2024-03-11T22:14:31.232+0000] {processor.py:840} INFO - DAG(s) 'latest_only' retrieved from /home/airflow/.local/lib/python3.8/site-packages/airflow/example_dags/example_latest_only.py
[2024-03-11T22:14:31.253+0000] {logging_mixin.py:188} INFO - [2024-03-11T22:14:31.253+0000] {dag.py:3047} INFO - Sync 1 DAGs
[2024-03-11T22:14:31.275+0000] {logging_mixin.py:188} INFO - [2024-03-11T22:14:31.274+0000] {dag.py:3834} INFO - Setting next_dagrun for latest_only to 2024-03-11 16:00:00+00:00, run_after=2024-03-11 20:00:00+00:00
[2024-03-11T22:14:31.298+0000] {processor.py:183} INFO - Processing /home/airflow/.local/lib/python3.8/site-packages/airflow/example_dags/example_latest_only.py took 0.077 seconds
[2024-03-11T22:15:01.465+0000] {processor.py:161} INFO - Started process (PID=1168) to work on /home/airflow/.local/lib/python3.8/site-packages/airflow/example_dags/example_latest_only.py
[2024-03-11T22:15:01.467+0000] {processor.py:830} INFO - Processing file /home/airflow/.local/lib/python3.8/site-packages/airflow/example_dags/example_latest_only.py for tasks to queue
[2024-03-11T22:15:01.469+0000] {logging_mixin.py:188} INFO - [2024-03-11T22:15:01.469+0000] {dagbag.py:540} INFO - Filling up the DagBag from /home/airflow/.local/lib/python3.8/site-packages/airflow/example_dags/example_latest_only.py
[2024-03-11T22:15:01.473+0000] {processor.py:840} INFO - DAG(s) 'latest_only' retrieved from /home/airflow/.local/lib/python3.8/site-packages/airflow/example_dags/example_latest_only.py
[2024-03-11T22:15:01.495+0000] {logging_mixin.py:188} INFO - [2024-03-11T22:15:01.495+0000] {dag.py:3047} INFO - Sync 1 DAGs
[2024-03-11T22:15:01.522+0000] {logging_mixin.py:188} INFO - [2024-03-11T22:15:01.521+0000] {dag.py:3834} INFO - Setting next_dagrun for latest_only to 2024-03-11 16:00:00+00:00, run_after=2024-03-11 20:00:00+00:00
[2024-03-11T22:15:01.551+0000] {processor.py:183} INFO - Processing /home/airflow/.local/lib/python3.8/site-packages/airflow/example_dags/example_latest_only.py took 0.089 seconds
[2024-03-11T22:15:31.575+0000] {processor.py:161} INFO - Started process (PID=1225) to work on /home/airflow/.local/lib/python3.8/site-packages/airflow/example_dags/example_latest_only.py
[2024-03-11T22:15:31.577+0000] {processor.py:830} INFO - Processing file /home/airflow/.local/lib/python3.8/site-packages/airflow/example_dags/example_latest_only.py for tasks to queue
[2024-03-11T22:15:31.579+0000] {logging_mixin.py:188} INFO - [2024-03-11T22:15:31.578+0000] {dagbag.py:540} INFO - Filling up the DagBag from /home/airflow/.local/lib/python3.8/site-packages/airflow/example_dags/example_latest_only.py
[2024-03-11T22:15:31.583+0000] {processor.py:840} INFO - DAG(s) 'latest_only' retrieved from /home/airflow/.local/lib/python3.8/site-packages/airflow/example_dags/example_latest_only.py
[2024-03-11T22:15:31.604+0000] {logging_mixin.py:188} INFO - [2024-03-11T22:15:31.603+0000] {dag.py:3047} INFO - Sync 1 DAGs
[2024-03-11T22:15:31.626+0000] {logging_mixin.py:188} INFO - [2024-03-11T22:15:31.626+0000] {dag.py:3834} INFO - Setting next_dagrun for latest_only to 2024-03-11 16:00:00+00:00, run_after=2024-03-11 20:00:00+00:00
[2024-03-11T22:15:31.649+0000] {processor.py:183} INFO - Processing /home/airflow/.local/lib/python3.8/site-packages/airflow/example_dags/example_latest_only.py took 0.077 seconds
[2024-03-11T22:16:01.675+0000] {processor.py:161} INFO - Started process (PID=1281) to work on /home/airflow/.local/lib/python3.8/site-packages/airflow/example_dags/example_latest_only.py
[2024-03-11T22:16:01.676+0000] {processor.py:830} INFO - Processing file /home/airflow/.local/lib/python3.8/site-packages/airflow/example_dags/example_latest_only.py for tasks to queue
[2024-03-11T22:16:01.678+0000] {logging_mixin.py:188} INFO - [2024-03-11T22:16:01.678+0000] {dagbag.py:540} INFO - Filling up the DagBag from /home/airflow/.local/lib/python3.8/site-packages/airflow/example_dags/example_latest_only.py
[2024-03-11T22:16:01.682+0000] {processor.py:840} INFO - DAG(s) 'latest_only' retrieved from /home/airflow/.local/lib/python3.8/site-packages/airflow/example_dags/example_latest_only.py
[2024-03-11T22:16:01.705+0000] {logging_mixin.py:188} INFO - [2024-03-11T22:16:01.704+0000] {dag.py:3047} INFO - Sync 1 DAGs
[2024-03-11T22:16:01.726+0000] {logging_mixin.py:188} INFO - [2024-03-11T22:16:01.726+0000] {dag.py:3834} INFO - Setting next_dagrun for latest_only to 2024-03-11 16:00:00+00:00, run_after=2024-03-11 20:00:00+00:00
[2024-03-11T22:16:01.751+0000] {processor.py:183} INFO - Processing /home/airflow/.local/lib/python3.8/site-packages/airflow/example_dags/example_latest_only.py took 0.079 seconds
[2024-03-11T22:16:32.540+0000] {processor.py:161} INFO - Started process (PID=1339) to work on /home/airflow/.local/lib/python3.8/site-packages/airflow/example_dags/example_latest_only.py
[2024-03-11T22:16:32.542+0000] {processor.py:830} INFO - Processing file /home/airflow/.local/lib/python3.8/site-packages/airflow/example_dags/example_latest_only.py for tasks to queue
[2024-03-11T22:16:32.545+0000] {logging_mixin.py:188} INFO - [2024-03-11T22:16:32.544+0000] {dagbag.py:540} INFO - Filling up the DagBag from /home/airflow/.local/lib/python3.8/site-packages/airflow/example_dags/example_latest_only.py
[2024-03-11T22:16:32.551+0000] {processor.py:840} INFO - DAG(s) 'latest_only' retrieved from /home/airflow/.local/lib/python3.8/site-packages/airflow/example_dags/example_latest_only.py
[2024-03-11T22:16:32.577+0000] {logging_mixin.py:188} INFO - [2024-03-11T22:16:32.577+0000] {dag.py:3047} INFO - Sync 1 DAGs
[2024-03-11T22:16:32.607+0000] {logging_mixin.py:188} INFO - [2024-03-11T22:16:32.606+0000] {dag.py:3834} INFO - Setting next_dagrun for latest_only to 2024-03-11 16:00:00+00:00, run_after=2024-03-11 20:00:00+00:00
[2024-03-11T22:16:32.638+0000] {processor.py:183} INFO - Processing /home/airflow/.local/lib/python3.8/site-packages/airflow/example_dags/example_latest_only.py took 0.101 seconds
[2024-03-11T22:17:02.866+0000] {processor.py:161} INFO - Started process (PID=1396) to work on /home/airflow/.local/lib/python3.8/site-packages/airflow/example_dags/example_latest_only.py
[2024-03-11T22:17:02.868+0000] {processor.py:830} INFO - Processing file /home/airflow/.local/lib/python3.8/site-packages/airflow/example_dags/example_latest_only.py for tasks to queue
[2024-03-11T22:17:02.869+0000] {logging_mixin.py:188} INFO - [2024-03-11T22:17:02.869+0000] {dagbag.py:540} INFO - Filling up the DagBag from /home/airflow/.local/lib/python3.8/site-packages/airflow/example_dags/example_latest_only.py
[2024-03-11T22:17:02.874+0000] {processor.py:840} INFO - DAG(s) 'latest_only' retrieved from /home/airflow/.local/lib/python3.8/site-packages/airflow/example_dags/example_latest_only.py
[2024-03-11T22:17:02.893+0000] {logging_mixin.py:188} INFO - [2024-03-11T22:17:02.893+0000] {dag.py:3047} INFO - Sync 1 DAGs
[2024-03-11T22:17:02.915+0000] {logging_mixin.py:188} INFO - [2024-03-11T22:17:02.915+0000] {dag.py:3834} INFO - Setting next_dagrun for latest_only to 2024-03-11 16:00:00+00:00, run_after=2024-03-11 20:00:00+00:00
[2024-03-11T22:17:02.941+0000] {processor.py:183} INFO - Processing /home/airflow/.local/lib/python3.8/site-packages/airflow/example_dags/example_latest_only.py took 0.079 seconds
