[2024-03-11T22:02:11.187+0000] {processor.py:161} INFO - Started process (PID=73) to work on /home/airflow/.local/lib/python3.8/site-packages/airflow/example_dags/example_skip_dag.py
[2024-03-11T22:02:11.188+0000] {processor.py:830} INFO - Processing file /home/airflow/.local/lib/python3.8/site-packages/airflow/example_dags/example_skip_dag.py for tasks to queue
[2024-03-11T22:02:11.192+0000] {logging_mixin.py:188} INFO - [2024-03-11T22:02:11.191+0000] {dagbag.py:540} INFO - Filling up the DagBag from /home/airflow/.local/lib/python3.8/site-packages/airflow/example_dags/example_skip_dag.py
[2024-03-11T22:02:11.212+0000] {processor.py:840} INFO - DAG(s) 'example_skip_dag' retrieved from /home/airflow/.local/lib/python3.8/site-packages/airflow/example_dags/example_skip_dag.py
[2024-03-11T22:02:11.652+0000] {logging_mixin.py:188} INFO - [2024-03-11T22:02:11.652+0000] {dag.py:3047} INFO - Sync 1 DAGs
[2024-03-11T22:02:11.699+0000] {logging_mixin.py:188} INFO - [2024-03-11T22:02:11.698+0000] {dag.py:3834} INFO - Setting next_dagrun for example_skip_dag to 2024-03-10 00:00:00+00:00, run_after=2024-03-11 00:00:00+00:00
[2024-03-11T22:02:11.767+0000] {processor.py:183} INFO - Processing /home/airflow/.local/lib/python3.8/site-packages/airflow/example_dags/example_skip_dag.py took 0.590 seconds
[2024-03-11T22:02:42.334+0000] {processor.py:161} INFO - Started process (PID=130) to work on /home/airflow/.local/lib/python3.8/site-packages/airflow/example_dags/example_skip_dag.py
[2024-03-11T22:02:42.343+0000] {processor.py:830} INFO - Processing file /home/airflow/.local/lib/python3.8/site-packages/airflow/example_dags/example_skip_dag.py for tasks to queue
[2024-03-11T22:02:42.379+0000] {logging_mixin.py:188} INFO - [2024-03-11T22:02:42.378+0000] {dagbag.py:540} INFO - Filling up the DagBag from /home/airflow/.local/lib/python3.8/site-packages/airflow/example_dags/example_skip_dag.py
[2024-03-11T22:02:42.473+0000] {processor.py:840} INFO - DAG(s) 'example_skip_dag' retrieved from /home/airflow/.local/lib/python3.8/site-packages/airflow/example_dags/example_skip_dag.py
[2024-03-11T22:02:42.532+0000] {logging_mixin.py:188} INFO - [2024-03-11T22:02:42.531+0000] {dag.py:3047} INFO - Sync 1 DAGs
[2024-03-11T22:02:42.649+0000] {logging_mixin.py:188} INFO - [2024-03-11T22:02:42.648+0000] {dag.py:3834} INFO - Setting next_dagrun for example_skip_dag to 2024-03-10 00:00:00+00:00, run_after=2024-03-11 00:00:00+00:00
[2024-03-11T22:02:42.766+0000] {processor.py:183} INFO - Processing /home/airflow/.local/lib/python3.8/site-packages/airflow/example_dags/example_skip_dag.py took 0.454 seconds
[2024-03-11T22:05:19.005+0000] {processor.py:161} INFO - Started process (PID=66) to work on /home/airflow/.local/lib/python3.8/site-packages/airflow/example_dags/example_skip_dag.py
[2024-03-11T22:05:19.007+0000] {processor.py:830} INFO - Processing file /home/airflow/.local/lib/python3.8/site-packages/airflow/example_dags/example_skip_dag.py for tasks to queue
[2024-03-11T22:05:19.010+0000] {logging_mixin.py:188} INFO - [2024-03-11T22:05:19.009+0000] {dagbag.py:540} INFO - Filling up the DagBag from /home/airflow/.local/lib/python3.8/site-packages/airflow/example_dags/example_skip_dag.py
[2024-03-11T22:05:19.027+0000] {processor.py:840} INFO - DAG(s) 'example_skip_dag' retrieved from /home/airflow/.local/lib/python3.8/site-packages/airflow/example_dags/example_skip_dag.py
[2024-03-11T22:05:19.228+0000] {logging_mixin.py:188} INFO - [2024-03-11T22:05:19.228+0000] {dag.py:3047} INFO - Sync 1 DAGs
[2024-03-11T22:05:19.274+0000] {logging_mixin.py:188} INFO - [2024-03-11T22:05:19.274+0000] {dag.py:3834} INFO - Setting next_dagrun for example_skip_dag to 2024-03-10 00:00:00+00:00, run_after=2024-03-11 00:00:00+00:00
[2024-03-11T22:05:19.337+0000] {processor.py:183} INFO - Processing /home/airflow/.local/lib/python3.8/site-packages/airflow/example_dags/example_skip_dag.py took 0.336 seconds
[2024-03-11T22:05:50.107+0000] {processor.py:161} INFO - Started process (PID=123) to work on /home/airflow/.local/lib/python3.8/site-packages/airflow/example_dags/example_skip_dag.py
[2024-03-11T22:05:50.109+0000] {processor.py:830} INFO - Processing file /home/airflow/.local/lib/python3.8/site-packages/airflow/example_dags/example_skip_dag.py for tasks to queue
[2024-03-11T22:05:50.112+0000] {logging_mixin.py:188} INFO - [2024-03-11T22:05:50.111+0000] {dagbag.py:540} INFO - Filling up the DagBag from /home/airflow/.local/lib/python3.8/site-packages/airflow/example_dags/example_skip_dag.py
[2024-03-11T22:05:50.120+0000] {processor.py:840} INFO - DAG(s) 'example_skip_dag' retrieved from /home/airflow/.local/lib/python3.8/site-packages/airflow/example_dags/example_skip_dag.py
[2024-03-11T22:05:50.151+0000] {logging_mixin.py:188} INFO - [2024-03-11T22:05:50.151+0000] {dag.py:3047} INFO - Sync 1 DAGs
[2024-03-11T22:05:50.186+0000] {logging_mixin.py:188} INFO - [2024-03-11T22:05:50.186+0000] {dag.py:3834} INFO - Setting next_dagrun for example_skip_dag to 2024-03-10 00:00:00+00:00, run_after=2024-03-11 00:00:00+00:00
[2024-03-11T22:05:50.213+0000] {processor.py:183} INFO - Processing /home/airflow/.local/lib/python3.8/site-packages/airflow/example_dags/example_skip_dag.py took 0.110 seconds
[2024-03-11T22:06:20.734+0000] {processor.py:161} INFO - Started process (PID=180) to work on /home/airflow/.local/lib/python3.8/site-packages/airflow/example_dags/example_skip_dag.py
[2024-03-11T22:06:20.737+0000] {processor.py:830} INFO - Processing file /home/airflow/.local/lib/python3.8/site-packages/airflow/example_dags/example_skip_dag.py for tasks to queue
[2024-03-11T22:06:20.740+0000] {logging_mixin.py:188} INFO - [2024-03-11T22:06:20.739+0000] {dagbag.py:540} INFO - Filling up the DagBag from /home/airflow/.local/lib/python3.8/site-packages/airflow/example_dags/example_skip_dag.py
[2024-03-11T22:06:20.750+0000] {processor.py:840} INFO - DAG(s) 'example_skip_dag' retrieved from /home/airflow/.local/lib/python3.8/site-packages/airflow/example_dags/example_skip_dag.py
[2024-03-11T22:06:20.789+0000] {logging_mixin.py:188} INFO - [2024-03-11T22:06:20.789+0000] {dag.py:3047} INFO - Sync 1 DAGs
[2024-03-11T22:06:20.848+0000] {logging_mixin.py:188} INFO - [2024-03-11T22:06:20.847+0000] {dag.py:3834} INFO - Setting next_dagrun for example_skip_dag to 2024-03-10 00:00:00+00:00, run_after=2024-03-11 00:00:00+00:00
[2024-03-11T22:06:20.896+0000] {processor.py:183} INFO - Processing /home/airflow/.local/lib/python3.8/site-packages/airflow/example_dags/example_skip_dag.py took 0.167 seconds
[2024-03-11T22:06:51.837+0000] {processor.py:161} INFO - Started process (PID=237) to work on /home/airflow/.local/lib/python3.8/site-packages/airflow/example_dags/example_skip_dag.py
[2024-03-11T22:06:51.839+0000] {processor.py:830} INFO - Processing file /home/airflow/.local/lib/python3.8/site-packages/airflow/example_dags/example_skip_dag.py for tasks to queue
[2024-03-11T22:06:51.841+0000] {logging_mixin.py:188} INFO - [2024-03-11T22:06:51.841+0000] {dagbag.py:540} INFO - Filling up the DagBag from /home/airflow/.local/lib/python3.8/site-packages/airflow/example_dags/example_skip_dag.py
[2024-03-11T22:06:51.848+0000] {processor.py:840} INFO - DAG(s) 'example_skip_dag' retrieved from /home/airflow/.local/lib/python3.8/site-packages/airflow/example_dags/example_skip_dag.py
[2024-03-11T22:06:51.877+0000] {logging_mixin.py:188} INFO - [2024-03-11T22:06:51.877+0000] {dag.py:3047} INFO - Sync 1 DAGs
[2024-03-11T22:06:51.910+0000] {logging_mixin.py:188} INFO - [2024-03-11T22:06:51.910+0000] {dag.py:3834} INFO - Setting next_dagrun for example_skip_dag to 2024-03-10 00:00:00+00:00, run_after=2024-03-11 00:00:00+00:00
[2024-03-11T22:06:51.942+0000] {processor.py:183} INFO - Processing /home/airflow/.local/lib/python3.8/site-packages/airflow/example_dags/example_skip_dag.py took 0.109 seconds
[2024-03-11T22:07:22.034+0000] {processor.py:161} INFO - Started process (PID=294) to work on /home/airflow/.local/lib/python3.8/site-packages/airflow/example_dags/example_skip_dag.py
[2024-03-11T22:07:22.050+0000] {processor.py:830} INFO - Processing file /home/airflow/.local/lib/python3.8/site-packages/airflow/example_dags/example_skip_dag.py for tasks to queue
[2024-03-11T22:07:22.052+0000] {logging_mixin.py:188} INFO - [2024-03-11T22:07:22.052+0000] {dagbag.py:540} INFO - Filling up the DagBag from /home/airflow/.local/lib/python3.8/site-packages/airflow/example_dags/example_skip_dag.py
[2024-03-11T22:07:22.058+0000] {processor.py:840} INFO - DAG(s) 'example_skip_dag' retrieved from /home/airflow/.local/lib/python3.8/site-packages/airflow/example_dags/example_skip_dag.py
[2024-03-11T22:07:22.081+0000] {logging_mixin.py:188} INFO - [2024-03-11T22:07:22.080+0000] {dag.py:3047} INFO - Sync 1 DAGs
[2024-03-11T22:07:22.105+0000] {logging_mixin.py:188} INFO - [2024-03-11T22:07:22.104+0000] {dag.py:3834} INFO - Setting next_dagrun for example_skip_dag to 2024-03-10 00:00:00+00:00, run_after=2024-03-11 00:00:00+00:00
[2024-03-11T22:07:22.131+0000] {processor.py:183} INFO - Processing /home/airflow/.local/lib/python3.8/site-packages/airflow/example_dags/example_skip_dag.py took 0.100 seconds
[2024-03-11T22:07:52.150+0000] {processor.py:161} INFO - Started process (PID=351) to work on /home/airflow/.local/lib/python3.8/site-packages/airflow/example_dags/example_skip_dag.py
[2024-03-11T22:07:52.162+0000] {processor.py:830} INFO - Processing file /home/airflow/.local/lib/python3.8/site-packages/airflow/example_dags/example_skip_dag.py for tasks to queue
[2024-03-11T22:07:52.164+0000] {logging_mixin.py:188} INFO - [2024-03-11T22:07:52.164+0000] {dagbag.py:540} INFO - Filling up the DagBag from /home/airflow/.local/lib/python3.8/site-packages/airflow/example_dags/example_skip_dag.py
[2024-03-11T22:07:52.170+0000] {processor.py:840} INFO - DAG(s) 'example_skip_dag' retrieved from /home/airflow/.local/lib/python3.8/site-packages/airflow/example_dags/example_skip_dag.py
[2024-03-11T22:07:52.195+0000] {logging_mixin.py:188} INFO - [2024-03-11T22:07:52.194+0000] {dag.py:3047} INFO - Sync 1 DAGs
[2024-03-11T22:07:52.218+0000] {logging_mixin.py:188} INFO - [2024-03-11T22:07:52.218+0000] {dag.py:3834} INFO - Setting next_dagrun for example_skip_dag to 2024-03-10 00:00:00+00:00, run_after=2024-03-11 00:00:00+00:00
[2024-03-11T22:07:52.242+0000] {processor.py:183} INFO - Processing /home/airflow/.local/lib/python3.8/site-packages/airflow/example_dags/example_skip_dag.py took 0.095 seconds
[2024-03-11T22:08:22.856+0000] {processor.py:161} INFO - Started process (PID=408) to work on /home/airflow/.local/lib/python3.8/site-packages/airflow/example_dags/example_skip_dag.py
[2024-03-11T22:08:22.858+0000] {processor.py:830} INFO - Processing file /home/airflow/.local/lib/python3.8/site-packages/airflow/example_dags/example_skip_dag.py for tasks to queue
[2024-03-11T22:08:22.859+0000] {logging_mixin.py:188} INFO - [2024-03-11T22:08:22.859+0000] {dagbag.py:540} INFO - Filling up the DagBag from /home/airflow/.local/lib/python3.8/site-packages/airflow/example_dags/example_skip_dag.py
[2024-03-11T22:08:22.865+0000] {processor.py:840} INFO - DAG(s) 'example_skip_dag' retrieved from /home/airflow/.local/lib/python3.8/site-packages/airflow/example_dags/example_skip_dag.py
[2024-03-11T22:08:22.887+0000] {logging_mixin.py:188} INFO - [2024-03-11T22:08:22.887+0000] {dag.py:3047} INFO - Sync 1 DAGs
[2024-03-11T22:08:22.912+0000] {logging_mixin.py:188} INFO - [2024-03-11T22:08:22.911+0000] {dag.py:3834} INFO - Setting next_dagrun for example_skip_dag to 2024-03-10 00:00:00+00:00, run_after=2024-03-11 00:00:00+00:00
[2024-03-11T22:08:22.936+0000] {processor.py:183} INFO - Processing /home/airflow/.local/lib/python3.8/site-packages/airflow/example_dags/example_skip_dag.py took 0.082 seconds
[2024-03-11T22:08:53.720+0000] {processor.py:161} INFO - Started process (PID=465) to work on /home/airflow/.local/lib/python3.8/site-packages/airflow/example_dags/example_skip_dag.py
[2024-03-11T22:08:53.722+0000] {processor.py:830} INFO - Processing file /home/airflow/.local/lib/python3.8/site-packages/airflow/example_dags/example_skip_dag.py for tasks to queue
[2024-03-11T22:08:53.723+0000] {logging_mixin.py:188} INFO - [2024-03-11T22:08:53.723+0000] {dagbag.py:540} INFO - Filling up the DagBag from /home/airflow/.local/lib/python3.8/site-packages/airflow/example_dags/example_skip_dag.py
[2024-03-11T22:08:53.729+0000] {processor.py:840} INFO - DAG(s) 'example_skip_dag' retrieved from /home/airflow/.local/lib/python3.8/site-packages/airflow/example_dags/example_skip_dag.py
[2024-03-11T22:08:53.751+0000] {logging_mixin.py:188} INFO - [2024-03-11T22:08:53.750+0000] {dag.py:3047} INFO - Sync 1 DAGs
[2024-03-11T22:08:53.773+0000] {logging_mixin.py:188} INFO - [2024-03-11T22:08:53.772+0000] {dag.py:3834} INFO - Setting next_dagrun for example_skip_dag to 2024-03-10 00:00:00+00:00, run_after=2024-03-11 00:00:00+00:00
[2024-03-11T22:08:53.799+0000] {processor.py:183} INFO - Processing /home/airflow/.local/lib/python3.8/site-packages/airflow/example_dags/example_skip_dag.py took 0.082 seconds
[2024-03-11T22:09:24.723+0000] {processor.py:161} INFO - Started process (PID=522) to work on /home/airflow/.local/lib/python3.8/site-packages/airflow/example_dags/example_skip_dag.py
[2024-03-11T22:09:24.725+0000] {processor.py:830} INFO - Processing file /home/airflow/.local/lib/python3.8/site-packages/airflow/example_dags/example_skip_dag.py for tasks to queue
[2024-03-11T22:09:24.727+0000] {logging_mixin.py:188} INFO - [2024-03-11T22:09:24.726+0000] {dagbag.py:540} INFO - Filling up the DagBag from /home/airflow/.local/lib/python3.8/site-packages/airflow/example_dags/example_skip_dag.py
[2024-03-11T22:09:24.733+0000] {processor.py:840} INFO - DAG(s) 'example_skip_dag' retrieved from /home/airflow/.local/lib/python3.8/site-packages/airflow/example_dags/example_skip_dag.py
[2024-03-11T22:09:24.755+0000] {logging_mixin.py:188} INFO - [2024-03-11T22:09:24.755+0000] {dag.py:3047} INFO - Sync 1 DAGs
[2024-03-11T22:09:24.778+0000] {logging_mixin.py:188} INFO - [2024-03-11T22:09:24.778+0000] {dag.py:3834} INFO - Setting next_dagrun for example_skip_dag to 2024-03-10 00:00:00+00:00, run_after=2024-03-11 00:00:00+00:00
[2024-03-11T22:09:24.804+0000] {processor.py:183} INFO - Processing /home/airflow/.local/lib/python3.8/site-packages/airflow/example_dags/example_skip_dag.py took 0.083 seconds
[2024-03-11T22:09:54.998+0000] {processor.py:161} INFO - Started process (PID=579) to work on /home/airflow/.local/lib/python3.8/site-packages/airflow/example_dags/example_skip_dag.py
[2024-03-11T22:09:55.000+0000] {processor.py:830} INFO - Processing file /home/airflow/.local/lib/python3.8/site-packages/airflow/example_dags/example_skip_dag.py for tasks to queue
[2024-03-11T22:09:55.003+0000] {logging_mixin.py:188} INFO - [2024-03-11T22:09:55.002+0000] {dagbag.py:540} INFO - Filling up the DagBag from /home/airflow/.local/lib/python3.8/site-packages/airflow/example_dags/example_skip_dag.py
[2024-03-11T22:09:55.010+0000] {processor.py:840} INFO - DAG(s) 'example_skip_dag' retrieved from /home/airflow/.local/lib/python3.8/site-packages/airflow/example_dags/example_skip_dag.py
[2024-03-11T22:09:55.041+0000] {logging_mixin.py:188} INFO - [2024-03-11T22:09:55.041+0000] {dag.py:3047} INFO - Sync 1 DAGs
[2024-03-11T22:09:55.074+0000] {logging_mixin.py:188} INFO - [2024-03-11T22:09:55.073+0000] {dag.py:3834} INFO - Setting next_dagrun for example_skip_dag to 2024-03-10 00:00:00+00:00, run_after=2024-03-11 00:00:00+00:00
[2024-03-11T22:09:55.110+0000] {processor.py:183} INFO - Processing /home/airflow/.local/lib/python3.8/site-packages/airflow/example_dags/example_skip_dag.py took 0.116 seconds
[2024-03-11T22:10:25.703+0000] {processor.py:161} INFO - Started process (PID=636) to work on /home/airflow/.local/lib/python3.8/site-packages/airflow/example_dags/example_skip_dag.py
[2024-03-11T22:10:25.705+0000] {processor.py:830} INFO - Processing file /home/airflow/.local/lib/python3.8/site-packages/airflow/example_dags/example_skip_dag.py for tasks to queue
[2024-03-11T22:10:25.707+0000] {logging_mixin.py:188} INFO - [2024-03-11T22:10:25.707+0000] {dagbag.py:540} INFO - Filling up the DagBag from /home/airflow/.local/lib/python3.8/site-packages/airflow/example_dags/example_skip_dag.py
[2024-03-11T22:10:25.714+0000] {processor.py:840} INFO - DAG(s) 'example_skip_dag' retrieved from /home/airflow/.local/lib/python3.8/site-packages/airflow/example_dags/example_skip_dag.py
[2024-03-11T22:10:25.739+0000] {logging_mixin.py:188} INFO - [2024-03-11T22:10:25.739+0000] {dag.py:3047} INFO - Sync 1 DAGs
[2024-03-11T22:10:25.764+0000] {logging_mixin.py:188} INFO - [2024-03-11T22:10:25.763+0000] {dag.py:3834} INFO - Setting next_dagrun for example_skip_dag to 2024-03-10 00:00:00+00:00, run_after=2024-03-11 00:00:00+00:00
[2024-03-11T22:10:25.791+0000] {processor.py:183} INFO - Processing /home/airflow/.local/lib/python3.8/site-packages/airflow/example_dags/example_skip_dag.py took 0.091 seconds
[2024-03-11T22:10:56.675+0000] {processor.py:161} INFO - Started process (PID=693) to work on /home/airflow/.local/lib/python3.8/site-packages/airflow/example_dags/example_skip_dag.py
[2024-03-11T22:10:56.676+0000] {processor.py:830} INFO - Processing file /home/airflow/.local/lib/python3.8/site-packages/airflow/example_dags/example_skip_dag.py for tasks to queue
[2024-03-11T22:10:56.678+0000] {logging_mixin.py:188} INFO - [2024-03-11T22:10:56.677+0000] {dagbag.py:540} INFO - Filling up the DagBag from /home/airflow/.local/lib/python3.8/site-packages/airflow/example_dags/example_skip_dag.py
[2024-03-11T22:10:56.683+0000] {processor.py:840} INFO - DAG(s) 'example_skip_dag' retrieved from /home/airflow/.local/lib/python3.8/site-packages/airflow/example_dags/example_skip_dag.py
[2024-03-11T22:10:56.706+0000] {logging_mixin.py:188} INFO - [2024-03-11T22:10:56.706+0000] {dag.py:3047} INFO - Sync 1 DAGs
[2024-03-11T22:10:56.730+0000] {logging_mixin.py:188} INFO - [2024-03-11T22:10:56.730+0000] {dag.py:3834} INFO - Setting next_dagrun for example_skip_dag to 2024-03-10 00:00:00+00:00, run_after=2024-03-11 00:00:00+00:00
[2024-03-11T22:10:56.757+0000] {processor.py:183} INFO - Processing /home/airflow/.local/lib/python3.8/site-packages/airflow/example_dags/example_skip_dag.py took 0.085 seconds
[2024-03-11T22:11:27.098+0000] {processor.py:161} INFO - Started process (PID=750) to work on /home/airflow/.local/lib/python3.8/site-packages/airflow/example_dags/example_skip_dag.py
[2024-03-11T22:11:27.100+0000] {processor.py:830} INFO - Processing file /home/airflow/.local/lib/python3.8/site-packages/airflow/example_dags/example_skip_dag.py for tasks to queue
[2024-03-11T22:11:27.102+0000] {logging_mixin.py:188} INFO - [2024-03-11T22:11:27.102+0000] {dagbag.py:540} INFO - Filling up the DagBag from /home/airflow/.local/lib/python3.8/site-packages/airflow/example_dags/example_skip_dag.py
[2024-03-11T22:11:27.110+0000] {processor.py:840} INFO - DAG(s) 'example_skip_dag' retrieved from /home/airflow/.local/lib/python3.8/site-packages/airflow/example_dags/example_skip_dag.py
[2024-03-11T22:11:27.141+0000] {logging_mixin.py:188} INFO - [2024-03-11T22:11:27.141+0000] {dag.py:3047} INFO - Sync 1 DAGs
[2024-03-11T22:11:27.173+0000] {logging_mixin.py:188} INFO - [2024-03-11T22:11:27.172+0000] {dag.py:3834} INFO - Setting next_dagrun for example_skip_dag to 2024-03-10 00:00:00+00:00, run_after=2024-03-11 00:00:00+00:00
[2024-03-11T22:11:27.208+0000] {processor.py:183} INFO - Processing /home/airflow/.local/lib/python3.8/site-packages/airflow/example_dags/example_skip_dag.py took 0.116 seconds
[2024-03-11T22:11:57.651+0000] {processor.py:161} INFO - Started process (PID=807) to work on /home/airflow/.local/lib/python3.8/site-packages/airflow/example_dags/example_skip_dag.py
[2024-03-11T22:11:57.653+0000] {processor.py:830} INFO - Processing file /home/airflow/.local/lib/python3.8/site-packages/airflow/example_dags/example_skip_dag.py for tasks to queue
[2024-03-11T22:11:57.654+0000] {logging_mixin.py:188} INFO - [2024-03-11T22:11:57.654+0000] {dagbag.py:540} INFO - Filling up the DagBag from /home/airflow/.local/lib/python3.8/site-packages/airflow/example_dags/example_skip_dag.py
[2024-03-11T22:11:57.660+0000] {processor.py:840} INFO - DAG(s) 'example_skip_dag' retrieved from /home/airflow/.local/lib/python3.8/site-packages/airflow/example_dags/example_skip_dag.py
[2024-03-11T22:11:57.681+0000] {logging_mixin.py:188} INFO - [2024-03-11T22:11:57.681+0000] {dag.py:3047} INFO - Sync 1 DAGs
[2024-03-11T22:11:57.703+0000] {logging_mixin.py:188} INFO - [2024-03-11T22:11:57.703+0000] {dag.py:3834} INFO - Setting next_dagrun for example_skip_dag to 2024-03-10 00:00:00+00:00, run_after=2024-03-11 00:00:00+00:00
[2024-03-11T22:11:57.727+0000] {processor.py:183} INFO - Processing /home/airflow/.local/lib/python3.8/site-packages/airflow/example_dags/example_skip_dag.py took 0.079 seconds
[2024-03-11T22:12:28.065+0000] {processor.py:161} INFO - Started process (PID=864) to work on /home/airflow/.local/lib/python3.8/site-packages/airflow/example_dags/example_skip_dag.py
[2024-03-11T22:12:28.074+0000] {processor.py:830} INFO - Processing file /home/airflow/.local/lib/python3.8/site-packages/airflow/example_dags/example_skip_dag.py for tasks to queue
[2024-03-11T22:12:28.076+0000] {logging_mixin.py:188} INFO - [2024-03-11T22:12:28.076+0000] {dagbag.py:540} INFO - Filling up the DagBag from /home/airflow/.local/lib/python3.8/site-packages/airflow/example_dags/example_skip_dag.py
[2024-03-11T22:12:28.083+0000] {processor.py:840} INFO - DAG(s) 'example_skip_dag' retrieved from /home/airflow/.local/lib/python3.8/site-packages/airflow/example_dags/example_skip_dag.py
[2024-03-11T22:12:28.115+0000] {logging_mixin.py:188} INFO - [2024-03-11T22:12:28.114+0000] {dag.py:3047} INFO - Sync 1 DAGs
[2024-03-11T22:12:28.147+0000] {logging_mixin.py:188} INFO - [2024-03-11T22:12:28.147+0000] {dag.py:3834} INFO - Setting next_dagrun for example_skip_dag to 2024-03-10 00:00:00+00:00, run_after=2024-03-11 00:00:00+00:00
[2024-03-11T22:12:28.209+0000] {processor.py:183} INFO - Processing /home/airflow/.local/lib/python3.8/site-packages/airflow/example_dags/example_skip_dag.py took 0.148 seconds
[2024-03-11T22:12:58.835+0000] {processor.py:161} INFO - Started process (PID=927) to work on /home/airflow/.local/lib/python3.8/site-packages/airflow/example_dags/example_skip_dag.py
[2024-03-11T22:12:58.852+0000] {processor.py:830} INFO - Processing file /home/airflow/.local/lib/python3.8/site-packages/airflow/example_dags/example_skip_dag.py for tasks to queue
[2024-03-11T22:12:58.855+0000] {logging_mixin.py:188} INFO - [2024-03-11T22:12:58.854+0000] {dagbag.py:540} INFO - Filling up the DagBag from /home/airflow/.local/lib/python3.8/site-packages/airflow/example_dags/example_skip_dag.py
[2024-03-11T22:12:58.861+0000] {processor.py:840} INFO - DAG(s) 'example_skip_dag' retrieved from /home/airflow/.local/lib/python3.8/site-packages/airflow/example_dags/example_skip_dag.py
[2024-03-11T22:12:58.889+0000] {logging_mixin.py:188} INFO - [2024-03-11T22:12:58.889+0000] {dag.py:3047} INFO - Sync 1 DAGs
[2024-03-11T22:12:58.923+0000] {logging_mixin.py:188} INFO - [2024-03-11T22:12:58.922+0000] {dag.py:3834} INFO - Setting next_dagrun for example_skip_dag to 2024-03-10 00:00:00+00:00, run_after=2024-03-11 00:00:00+00:00
[2024-03-11T22:12:58.956+0000] {processor.py:183} INFO - Processing /home/airflow/.local/lib/python3.8/site-packages/airflow/example_dags/example_skip_dag.py took 0.126 seconds
[2024-03-11T22:13:29.011+0000] {processor.py:161} INFO - Started process (PID=984) to work on /home/airflow/.local/lib/python3.8/site-packages/airflow/example_dags/example_skip_dag.py
[2024-03-11T22:13:29.029+0000] {processor.py:830} INFO - Processing file /home/airflow/.local/lib/python3.8/site-packages/airflow/example_dags/example_skip_dag.py for tasks to queue
[2024-03-11T22:13:29.030+0000] {logging_mixin.py:188} INFO - [2024-03-11T22:13:29.030+0000] {dagbag.py:540} INFO - Filling up the DagBag from /home/airflow/.local/lib/python3.8/site-packages/airflow/example_dags/example_skip_dag.py
[2024-03-11T22:13:29.036+0000] {processor.py:840} INFO - DAG(s) 'example_skip_dag' retrieved from /home/airflow/.local/lib/python3.8/site-packages/airflow/example_dags/example_skip_dag.py
[2024-03-11T22:13:29.066+0000] {logging_mixin.py:188} INFO - [2024-03-11T22:13:29.066+0000] {dag.py:3047} INFO - Sync 1 DAGs
[2024-03-11T22:13:29.090+0000] {logging_mixin.py:188} INFO - [2024-03-11T22:13:29.090+0000] {dag.py:3834} INFO - Setting next_dagrun for example_skip_dag to 2024-03-10 00:00:00+00:00, run_after=2024-03-11 00:00:00+00:00
[2024-03-11T22:13:29.119+0000] {processor.py:183} INFO - Processing /home/airflow/.local/lib/python3.8/site-packages/airflow/example_dags/example_skip_dag.py took 0.111 seconds
[2024-03-11T22:13:59.201+0000] {processor.py:161} INFO - Started process (PID=1041) to work on /home/airflow/.local/lib/python3.8/site-packages/airflow/example_dags/example_skip_dag.py
[2024-03-11T22:13:59.203+0000] {processor.py:830} INFO - Processing file /home/airflow/.local/lib/python3.8/site-packages/airflow/example_dags/example_skip_dag.py for tasks to queue
[2024-03-11T22:13:59.206+0000] {logging_mixin.py:188} INFO - [2024-03-11T22:13:59.206+0000] {dagbag.py:540} INFO - Filling up the DagBag from /home/airflow/.local/lib/python3.8/site-packages/airflow/example_dags/example_skip_dag.py
[2024-03-11T22:13:59.213+0000] {processor.py:840} INFO - DAG(s) 'example_skip_dag' retrieved from /home/airflow/.local/lib/python3.8/site-packages/airflow/example_dags/example_skip_dag.py
[2024-03-11T22:13:59.235+0000] {logging_mixin.py:188} INFO - [2024-03-11T22:13:59.235+0000] {dag.py:3047} INFO - Sync 1 DAGs
[2024-03-11T22:13:59.259+0000] {logging_mixin.py:188} INFO - [2024-03-11T22:13:59.259+0000] {dag.py:3834} INFO - Setting next_dagrun for example_skip_dag to 2024-03-10 00:00:00+00:00, run_after=2024-03-11 00:00:00+00:00
[2024-03-11T22:13:59.288+0000] {processor.py:183} INFO - Processing /home/airflow/.local/lib/python3.8/site-packages/airflow/example_dags/example_skip_dag.py took 0.090 seconds
[2024-03-11T22:14:29.374+0000] {processor.py:161} INFO - Started process (PID=1098) to work on /home/airflow/.local/lib/python3.8/site-packages/airflow/example_dags/example_skip_dag.py
[2024-03-11T22:14:29.377+0000] {processor.py:830} INFO - Processing file /home/airflow/.local/lib/python3.8/site-packages/airflow/example_dags/example_skip_dag.py for tasks to queue
[2024-03-11T22:14:29.378+0000] {logging_mixin.py:188} INFO - [2024-03-11T22:14:29.378+0000] {dagbag.py:540} INFO - Filling up the DagBag from /home/airflow/.local/lib/python3.8/site-packages/airflow/example_dags/example_skip_dag.py
[2024-03-11T22:14:29.384+0000] {processor.py:840} INFO - DAG(s) 'example_skip_dag' retrieved from /home/airflow/.local/lib/python3.8/site-packages/airflow/example_dags/example_skip_dag.py
[2024-03-11T22:14:29.406+0000] {logging_mixin.py:188} INFO - [2024-03-11T22:14:29.406+0000] {dag.py:3047} INFO - Sync 1 DAGs
[2024-03-11T22:14:29.431+0000] {logging_mixin.py:188} INFO - [2024-03-11T22:14:29.431+0000] {dag.py:3834} INFO - Setting next_dagrun for example_skip_dag to 2024-03-10 00:00:00+00:00, run_after=2024-03-11 00:00:00+00:00
[2024-03-11T22:14:29.457+0000] {processor.py:183} INFO - Processing /home/airflow/.local/lib/python3.8/site-packages/airflow/example_dags/example_skip_dag.py took 0.085 seconds
[2024-03-11T22:14:59.648+0000] {processor.py:161} INFO - Started process (PID=1155) to work on /home/airflow/.local/lib/python3.8/site-packages/airflow/example_dags/example_skip_dag.py
[2024-03-11T22:14:59.650+0000] {processor.py:830} INFO - Processing file /home/airflow/.local/lib/python3.8/site-packages/airflow/example_dags/example_skip_dag.py for tasks to queue
[2024-03-11T22:14:59.653+0000] {logging_mixin.py:188} INFO - [2024-03-11T22:14:59.652+0000] {dagbag.py:540} INFO - Filling up the DagBag from /home/airflow/.local/lib/python3.8/site-packages/airflow/example_dags/example_skip_dag.py
[2024-03-11T22:14:59.661+0000] {processor.py:840} INFO - DAG(s) 'example_skip_dag' retrieved from /home/airflow/.local/lib/python3.8/site-packages/airflow/example_dags/example_skip_dag.py
[2024-03-11T22:14:59.691+0000] {logging_mixin.py:188} INFO - [2024-03-11T22:14:59.690+0000] {dag.py:3047} INFO - Sync 1 DAGs
[2024-03-11T22:14:59.719+0000] {logging_mixin.py:188} INFO - [2024-03-11T22:14:59.719+0000] {dag.py:3834} INFO - Setting next_dagrun for example_skip_dag to 2024-03-10 00:00:00+00:00, run_after=2024-03-11 00:00:00+00:00
[2024-03-11T22:14:59.743+0000] {processor.py:183} INFO - Processing /home/airflow/.local/lib/python3.8/site-packages/airflow/example_dags/example_skip_dag.py took 0.098 seconds
[2024-03-11T22:15:29.868+0000] {processor.py:161} INFO - Started process (PID=1212) to work on /home/airflow/.local/lib/python3.8/site-packages/airflow/example_dags/example_skip_dag.py
[2024-03-11T22:15:29.870+0000] {processor.py:830} INFO - Processing file /home/airflow/.local/lib/python3.8/site-packages/airflow/example_dags/example_skip_dag.py for tasks to queue
[2024-03-11T22:15:29.872+0000] {logging_mixin.py:188} INFO - [2024-03-11T22:15:29.871+0000] {dagbag.py:540} INFO - Filling up the DagBag from /home/airflow/.local/lib/python3.8/site-packages/airflow/example_dags/example_skip_dag.py
[2024-03-11T22:15:29.877+0000] {processor.py:840} INFO - DAG(s) 'example_skip_dag' retrieved from /home/airflow/.local/lib/python3.8/site-packages/airflow/example_dags/example_skip_dag.py
[2024-03-11T22:15:29.900+0000] {logging_mixin.py:188} INFO - [2024-03-11T22:15:29.900+0000] {dag.py:3047} INFO - Sync 1 DAGs
[2024-03-11T22:15:29.924+0000] {logging_mixin.py:188} INFO - [2024-03-11T22:15:29.924+0000] {dag.py:3834} INFO - Setting next_dagrun for example_skip_dag to 2024-03-10 00:00:00+00:00, run_after=2024-03-11 00:00:00+00:00
[2024-03-11T22:15:29.954+0000] {processor.py:183} INFO - Processing /home/airflow/.local/lib/python3.8/site-packages/airflow/example_dags/example_skip_dag.py took 0.089 seconds
[2024-03-11T22:16:00.092+0000] {processor.py:161} INFO - Started process (PID=1269) to work on /home/airflow/.local/lib/python3.8/site-packages/airflow/example_dags/example_skip_dag.py
[2024-03-11T22:16:00.094+0000] {processor.py:830} INFO - Processing file /home/airflow/.local/lib/python3.8/site-packages/airflow/example_dags/example_skip_dag.py for tasks to queue
[2024-03-11T22:16:00.096+0000] {logging_mixin.py:188} INFO - [2024-03-11T22:16:00.095+0000] {dagbag.py:540} INFO - Filling up the DagBag from /home/airflow/.local/lib/python3.8/site-packages/airflow/example_dags/example_skip_dag.py
[2024-03-11T22:16:00.102+0000] {processor.py:840} INFO - DAG(s) 'example_skip_dag' retrieved from /home/airflow/.local/lib/python3.8/site-packages/airflow/example_dags/example_skip_dag.py
[2024-03-11T22:16:00.125+0000] {logging_mixin.py:188} INFO - [2024-03-11T22:16:00.124+0000] {dag.py:3047} INFO - Sync 1 DAGs
[2024-03-11T22:16:00.149+0000] {logging_mixin.py:188} INFO - [2024-03-11T22:16:00.149+0000] {dag.py:3834} INFO - Setting next_dagrun for example_skip_dag to 2024-03-10 00:00:00+00:00, run_after=2024-03-11 00:00:00+00:00
[2024-03-11T22:16:00.176+0000] {processor.py:183} INFO - Processing /home/airflow/.local/lib/python3.8/site-packages/airflow/example_dags/example_skip_dag.py took 0.088 seconds
[2024-03-11T22:16:30.821+0000] {processor.py:161} INFO - Started process (PID=1326) to work on /home/airflow/.local/lib/python3.8/site-packages/airflow/example_dags/example_skip_dag.py
[2024-03-11T22:16:30.823+0000] {processor.py:830} INFO - Processing file /home/airflow/.local/lib/python3.8/site-packages/airflow/example_dags/example_skip_dag.py for tasks to queue
[2024-03-11T22:16:30.825+0000] {logging_mixin.py:188} INFO - [2024-03-11T22:16:30.825+0000] {dagbag.py:540} INFO - Filling up the DagBag from /home/airflow/.local/lib/python3.8/site-packages/airflow/example_dags/example_skip_dag.py
[2024-03-11T22:16:30.831+0000] {processor.py:840} INFO - DAG(s) 'example_skip_dag' retrieved from /home/airflow/.local/lib/python3.8/site-packages/airflow/example_dags/example_skip_dag.py
[2024-03-11T22:16:30.854+0000] {logging_mixin.py:188} INFO - [2024-03-11T22:16:30.854+0000] {dag.py:3047} INFO - Sync 1 DAGs
[2024-03-11T22:16:30.880+0000] {logging_mixin.py:188} INFO - [2024-03-11T22:16:30.879+0000] {dag.py:3834} INFO - Setting next_dagrun for example_skip_dag to 2024-03-10 00:00:00+00:00, run_after=2024-03-11 00:00:00+00:00
[2024-03-11T22:16:30.906+0000] {processor.py:183} INFO - Processing /home/airflow/.local/lib/python3.8/site-packages/airflow/example_dags/example_skip_dag.py took 0.088 seconds
[2024-03-11T22:17:01.186+0000] {processor.py:161} INFO - Started process (PID=1383) to work on /home/airflow/.local/lib/python3.8/site-packages/airflow/example_dags/example_skip_dag.py
[2024-03-11T22:17:01.206+0000] {processor.py:830} INFO - Processing file /home/airflow/.local/lib/python3.8/site-packages/airflow/example_dags/example_skip_dag.py for tasks to queue
[2024-03-11T22:17:01.208+0000] {logging_mixin.py:188} INFO - [2024-03-11T22:17:01.207+0000] {dagbag.py:540} INFO - Filling up the DagBag from /home/airflow/.local/lib/python3.8/site-packages/airflow/example_dags/example_skip_dag.py
[2024-03-11T22:17:01.213+0000] {processor.py:840} INFO - DAG(s) 'example_skip_dag' retrieved from /home/airflow/.local/lib/python3.8/site-packages/airflow/example_dags/example_skip_dag.py
[2024-03-11T22:17:01.235+0000] {logging_mixin.py:188} INFO - [2024-03-11T22:17:01.235+0000] {dag.py:3047} INFO - Sync 1 DAGs
[2024-03-11T22:17:01.260+0000] {logging_mixin.py:188} INFO - [2024-03-11T22:17:01.260+0000] {dag.py:3834} INFO - Setting next_dagrun for example_skip_dag to 2024-03-10 00:00:00+00:00, run_after=2024-03-11 00:00:00+00:00
[2024-03-11T22:17:01.289+0000] {processor.py:183} INFO - Processing /home/airflow/.local/lib/python3.8/site-packages/airflow/example_dags/example_skip_dag.py took 0.106 seconds
