[2024-03-11T22:01:59.888+0000] {processor.py:161} INFO - Started process (PID=42) to work on /home/airflow/.local/lib/python3.8/site-packages/airflow/example_dags/example_bash_operator.py
[2024-03-11T22:01:59.889+0000] {processor.py:830} INFO - Processing file /home/airflow/.local/lib/python3.8/site-packages/airflow/example_dags/example_bash_operator.py for tasks to queue
[2024-03-11T22:01:59.907+0000] {logging_mixin.py:188} INFO - [2024-03-11T22:01:59.905+0000] {dagbag.py:540} INFO - Filling up the DagBag from /home/airflow/.local/lib/python3.8/site-packages/airflow/example_dags/example_bash_operator.py
[2024-03-11T22:01:59.942+0000] {processor.py:840} INFO - DAG(s) 'example_bash_operator' retrieved from /home/airflow/.local/lib/python3.8/site-packages/airflow/example_dags/example_bash_operator.py
[2024-03-11T22:02:00.394+0000] {logging_mixin.py:188} INFO - [2024-03-11T22:02:00.394+0000] {dag.py:3047} INFO - Sync 1 DAGs
[2024-03-11T22:02:00.446+0000] {logging_mixin.py:188} INFO - [2024-03-11T22:02:00.446+0000] {dag.py:3834} INFO - Setting next_dagrun for example_bash_operator to 2024-03-10 00:00:00+00:00, run_after=2024-03-11 00:00:00+00:00
[2024-03-11T22:02:00.495+0000] {processor.py:183} INFO - Processing /home/airflow/.local/lib/python3.8/site-packages/airflow/example_dags/example_bash_operator.py took 0.623 seconds
[2024-03-11T22:02:30.858+0000] {processor.py:161} INFO - Started process (PID=97) to work on /home/airflow/.local/lib/python3.8/site-packages/airflow/example_dags/example_bash_operator.py
[2024-03-11T22:02:30.900+0000] {processor.py:830} INFO - Processing file /home/airflow/.local/lib/python3.8/site-packages/airflow/example_dags/example_bash_operator.py for tasks to queue
[2024-03-11T22:02:30.905+0000] {logging_mixin.py:188} INFO - [2024-03-11T22:02:30.904+0000] {dagbag.py:540} INFO - Filling up the DagBag from /home/airflow/.local/lib/python3.8/site-packages/airflow/example_dags/example_bash_operator.py
[2024-03-11T22:02:30.954+0000] {processor.py:840} INFO - DAG(s) 'example_bash_operator' retrieved from /home/airflow/.local/lib/python3.8/site-packages/airflow/example_dags/example_bash_operator.py
[2024-03-11T22:02:31.020+0000] {logging_mixin.py:188} INFO - [2024-03-11T22:02:31.020+0000] {dag.py:3047} INFO - Sync 1 DAGs
[2024-03-11T22:02:31.061+0000] {logging_mixin.py:188} INFO - [2024-03-11T22:02:31.061+0000] {dag.py:3834} INFO - Setting next_dagrun for example_bash_operator to 2024-03-10 00:00:00+00:00, run_after=2024-03-11 00:00:00+00:00
[2024-03-11T22:02:31.088+0000] {processor.py:183} INFO - Processing /home/airflow/.local/lib/python3.8/site-packages/airflow/example_dags/example_bash_operator.py took 0.240 seconds
[2024-03-11T22:03:01.357+0000] {processor.py:161} INFO - Started process (PID=160) to work on /home/airflow/.local/lib/python3.8/site-packages/airflow/example_dags/example_bash_operator.py
[2024-03-11T22:03:01.359+0000] {processor.py:830} INFO - Processing file /home/airflow/.local/lib/python3.8/site-packages/airflow/example_dags/example_bash_operator.py for tasks to queue
[2024-03-11T22:03:01.362+0000] {logging_mixin.py:188} INFO - [2024-03-11T22:03:01.362+0000] {dagbag.py:540} INFO - Filling up the DagBag from /home/airflow/.local/lib/python3.8/site-packages/airflow/example_dags/example_bash_operator.py
[2024-03-11T22:03:01.374+0000] {processor.py:840} INFO - DAG(s) 'example_bash_operator' retrieved from /home/airflow/.local/lib/python3.8/site-packages/airflow/example_dags/example_bash_operator.py
[2024-03-11T22:03:01.418+0000] {logging_mixin.py:188} INFO - [2024-03-11T22:03:01.417+0000] {dag.py:3047} INFO - Sync 1 DAGs
[2024-03-11T22:03:01.454+0000] {logging_mixin.py:188} INFO - [2024-03-11T22:03:01.454+0000] {dag.py:3834} INFO - Setting next_dagrun for example_bash_operator to 2024-03-10 00:00:00+00:00, run_after=2024-03-11 00:00:00+00:00
[2024-03-11T22:03:01.484+0000] {processor.py:183} INFO - Processing /home/airflow/.local/lib/python3.8/site-packages/airflow/example_dags/example_bash_operator.py took 0.130 seconds
[2024-03-11T22:05:12.206+0000] {processor.py:161} INFO - Started process (PID=41) to work on /home/airflow/.local/lib/python3.8/site-packages/airflow/example_dags/example_bash_operator.py
[2024-03-11T22:05:12.208+0000] {processor.py:830} INFO - Processing file /home/airflow/.local/lib/python3.8/site-packages/airflow/example_dags/example_bash_operator.py for tasks to queue
[2024-03-11T22:05:12.209+0000] {logging_mixin.py:188} INFO - [2024-03-11T22:05:12.209+0000] {dagbag.py:540} INFO - Filling up the DagBag from /home/airflow/.local/lib/python3.8/site-packages/airflow/example_dags/example_bash_operator.py
[2024-03-11T22:05:12.229+0000] {processor.py:840} INFO - DAG(s) 'example_bash_operator' retrieved from /home/airflow/.local/lib/python3.8/site-packages/airflow/example_dags/example_bash_operator.py
[2024-03-11T22:05:12.260+0000] {logging_mixin.py:188} INFO - [2024-03-11T22:05:12.260+0000] {dag.py:3047} INFO - Sync 1 DAGs
[2024-03-11T22:05:12.305+0000] {logging_mixin.py:188} INFO - [2024-03-11T22:05:12.304+0000] {dag.py:3834} INFO - Setting next_dagrun for example_bash_operator to 2024-03-10 00:00:00+00:00, run_after=2024-03-11 00:00:00+00:00
[2024-03-11T22:05:12.342+0000] {processor.py:183} INFO - Processing /home/airflow/.local/lib/python3.8/site-packages/airflow/example_dags/example_bash_operator.py took 0.139 seconds
[2024-03-11T22:05:43.175+0000] {processor.py:161} INFO - Started process (PID=98) to work on /home/airflow/.local/lib/python3.8/site-packages/airflow/example_dags/example_bash_operator.py
[2024-03-11T22:05:43.177+0000] {processor.py:830} INFO - Processing file /home/airflow/.local/lib/python3.8/site-packages/airflow/example_dags/example_bash_operator.py for tasks to queue
[2024-03-11T22:05:43.179+0000] {logging_mixin.py:188} INFO - [2024-03-11T22:05:43.179+0000] {dagbag.py:540} INFO - Filling up the DagBag from /home/airflow/.local/lib/python3.8/site-packages/airflow/example_dags/example_bash_operator.py
[2024-03-11T22:05:43.193+0000] {processor.py:840} INFO - DAG(s) 'example_bash_operator' retrieved from /home/airflow/.local/lib/python3.8/site-packages/airflow/example_dags/example_bash_operator.py
[2024-03-11T22:05:43.313+0000] {logging_mixin.py:188} INFO - [2024-03-11T22:05:43.313+0000] {dag.py:3047} INFO - Sync 1 DAGs
[2024-03-11T22:05:43.352+0000] {logging_mixin.py:188} INFO - [2024-03-11T22:05:43.351+0000] {dag.py:3834} INFO - Setting next_dagrun for example_bash_operator to 2024-03-10 00:00:00+00:00, run_after=2024-03-11 00:00:00+00:00
[2024-03-11T22:05:43.377+0000] {processor.py:183} INFO - Processing /home/airflow/.local/lib/python3.8/site-packages/airflow/example_dags/example_bash_operator.py took 0.207 seconds
[2024-03-11T22:06:13.576+0000] {processor.py:161} INFO - Started process (PID=155) to work on /home/airflow/.local/lib/python3.8/site-packages/airflow/example_dags/example_bash_operator.py
[2024-03-11T22:06:13.578+0000] {processor.py:830} INFO - Processing file /home/airflow/.local/lib/python3.8/site-packages/airflow/example_dags/example_bash_operator.py for tasks to queue
[2024-03-11T22:06:13.579+0000] {logging_mixin.py:188} INFO - [2024-03-11T22:06:13.579+0000] {dagbag.py:540} INFO - Filling up the DagBag from /home/airflow/.local/lib/python3.8/site-packages/airflow/example_dags/example_bash_operator.py
[2024-03-11T22:06:13.590+0000] {processor.py:840} INFO - DAG(s) 'example_bash_operator' retrieved from /home/airflow/.local/lib/python3.8/site-packages/airflow/example_dags/example_bash_operator.py
[2024-03-11T22:06:13.619+0000] {logging_mixin.py:188} INFO - [2024-03-11T22:06:13.619+0000] {dag.py:3047} INFO - Sync 1 DAGs
[2024-03-11T22:06:13.649+0000] {logging_mixin.py:188} INFO - [2024-03-11T22:06:13.649+0000] {dag.py:3834} INFO - Setting next_dagrun for example_bash_operator to 2024-03-10 00:00:00+00:00, run_after=2024-03-11 00:00:00+00:00
[2024-03-11T22:06:13.675+0000] {processor.py:183} INFO - Processing /home/airflow/.local/lib/python3.8/site-packages/airflow/example_dags/example_bash_operator.py took 0.102 seconds
[2024-03-11T22:06:43.801+0000] {processor.py:161} INFO - Started process (PID=210) to work on /home/airflow/.local/lib/python3.8/site-packages/airflow/example_dags/example_bash_operator.py
[2024-03-11T22:06:43.802+0000] {processor.py:830} INFO - Processing file /home/airflow/.local/lib/python3.8/site-packages/airflow/example_dags/example_bash_operator.py for tasks to queue
[2024-03-11T22:06:43.805+0000] {logging_mixin.py:188} INFO - [2024-03-11T22:06:43.805+0000] {dagbag.py:540} INFO - Filling up the DagBag from /home/airflow/.local/lib/python3.8/site-packages/airflow/example_dags/example_bash_operator.py
[2024-03-11T22:06:43.817+0000] {processor.py:840} INFO - DAG(s) 'example_bash_operator' retrieved from /home/airflow/.local/lib/python3.8/site-packages/airflow/example_dags/example_bash_operator.py
[2024-03-11T22:06:43.854+0000] {logging_mixin.py:188} INFO - [2024-03-11T22:06:43.854+0000] {dag.py:3047} INFO - Sync 1 DAGs
[2024-03-11T22:06:43.879+0000] {logging_mixin.py:188} INFO - [2024-03-11T22:06:43.879+0000] {dag.py:3834} INFO - Setting next_dagrun for example_bash_operator to 2024-03-10 00:00:00+00:00, run_after=2024-03-11 00:00:00+00:00
[2024-03-11T22:06:43.905+0000] {processor.py:183} INFO - Processing /home/airflow/.local/lib/python3.8/site-packages/airflow/example_dags/example_bash_operator.py took 0.108 seconds
[2024-03-11T22:07:14.009+0000] {processor.py:161} INFO - Started process (PID=267) to work on /home/airflow/.local/lib/python3.8/site-packages/airflow/example_dags/example_bash_operator.py
[2024-03-11T22:07:14.026+0000] {processor.py:830} INFO - Processing file /home/airflow/.local/lib/python3.8/site-packages/airflow/example_dags/example_bash_operator.py for tasks to queue
[2024-03-11T22:07:14.028+0000] {logging_mixin.py:188} INFO - [2024-03-11T22:07:14.028+0000] {dagbag.py:540} INFO - Filling up the DagBag from /home/airflow/.local/lib/python3.8/site-packages/airflow/example_dags/example_bash_operator.py
[2024-03-11T22:07:14.039+0000] {processor.py:840} INFO - DAG(s) 'example_bash_operator' retrieved from /home/airflow/.local/lib/python3.8/site-packages/airflow/example_dags/example_bash_operator.py
[2024-03-11T22:07:14.073+0000] {logging_mixin.py:188} INFO - [2024-03-11T22:07:14.072+0000] {dag.py:3047} INFO - Sync 1 DAGs
[2024-03-11T22:07:14.096+0000] {logging_mixin.py:188} INFO - [2024-03-11T22:07:14.095+0000] {dag.py:3834} INFO - Setting next_dagrun for example_bash_operator to 2024-03-10 00:00:00+00:00, run_after=2024-03-11 00:00:00+00:00
[2024-03-11T22:07:14.122+0000] {processor.py:183} INFO - Processing /home/airflow/.local/lib/python3.8/site-packages/airflow/example_dags/example_bash_operator.py took 0.115 seconds
[2024-03-11T22:07:44.166+0000] {processor.py:161} INFO - Started process (PID=324) to work on /home/airflow/.local/lib/python3.8/site-packages/airflow/example_dags/example_bash_operator.py
[2024-03-11T22:07:44.173+0000] {processor.py:830} INFO - Processing file /home/airflow/.local/lib/python3.8/site-packages/airflow/example_dags/example_bash_operator.py for tasks to queue
[2024-03-11T22:07:44.175+0000] {logging_mixin.py:188} INFO - [2024-03-11T22:07:44.175+0000] {dagbag.py:540} INFO - Filling up the DagBag from /home/airflow/.local/lib/python3.8/site-packages/airflow/example_dags/example_bash_operator.py
[2024-03-11T22:07:44.185+0000] {processor.py:840} INFO - DAG(s) 'example_bash_operator' retrieved from /home/airflow/.local/lib/python3.8/site-packages/airflow/example_dags/example_bash_operator.py
[2024-03-11T22:07:44.219+0000] {logging_mixin.py:188} INFO - [2024-03-11T22:07:44.218+0000] {dag.py:3047} INFO - Sync 1 DAGs
[2024-03-11T22:07:44.246+0000] {logging_mixin.py:188} INFO - [2024-03-11T22:07:44.246+0000] {dag.py:3834} INFO - Setting next_dagrun for example_bash_operator to 2024-03-10 00:00:00+00:00, run_after=2024-03-11 00:00:00+00:00
[2024-03-11T22:07:44.273+0000] {processor.py:183} INFO - Processing /home/airflow/.local/lib/python3.8/site-packages/airflow/example_dags/example_bash_operator.py took 0.109 seconds
[2024-03-11T22:08:14.411+0000] {processor.py:161} INFO - Started process (PID=381) to work on /home/airflow/.local/lib/python3.8/site-packages/airflow/example_dags/example_bash_operator.py
[2024-03-11T22:08:14.413+0000] {processor.py:830} INFO - Processing file /home/airflow/.local/lib/python3.8/site-packages/airflow/example_dags/example_bash_operator.py for tasks to queue
[2024-03-11T22:08:14.415+0000] {logging_mixin.py:188} INFO - [2024-03-11T22:08:14.415+0000] {dagbag.py:540} INFO - Filling up the DagBag from /home/airflow/.local/lib/python3.8/site-packages/airflow/example_dags/example_bash_operator.py
[2024-03-11T22:08:14.434+0000] {processor.py:840} INFO - DAG(s) 'example_bash_operator' retrieved from /home/airflow/.local/lib/python3.8/site-packages/airflow/example_dags/example_bash_operator.py
[2024-03-11T22:08:14.497+0000] {logging_mixin.py:188} INFO - [2024-03-11T22:08:14.496+0000] {dag.py:3047} INFO - Sync 1 DAGs
[2024-03-11T22:08:14.534+0000] {logging_mixin.py:188} INFO - [2024-03-11T22:08:14.534+0000] {dag.py:3834} INFO - Setting next_dagrun for example_bash_operator to 2024-03-10 00:00:00+00:00, run_after=2024-03-11 00:00:00+00:00
[2024-03-11T22:08:14.563+0000] {processor.py:183} INFO - Processing /home/airflow/.local/lib/python3.8/site-packages/airflow/example_dags/example_bash_operator.py took 0.155 seconds
[2024-03-11T22:08:45.026+0000] {processor.py:161} INFO - Started process (PID=438) to work on /home/airflow/.local/lib/python3.8/site-packages/airflow/example_dags/example_bash_operator.py
[2024-03-11T22:08:45.028+0000] {processor.py:830} INFO - Processing file /home/airflow/.local/lib/python3.8/site-packages/airflow/example_dags/example_bash_operator.py for tasks to queue
[2024-03-11T22:08:45.029+0000] {logging_mixin.py:188} INFO - [2024-03-11T22:08:45.029+0000] {dagbag.py:540} INFO - Filling up the DagBag from /home/airflow/.local/lib/python3.8/site-packages/airflow/example_dags/example_bash_operator.py
[2024-03-11T22:08:45.041+0000] {processor.py:840} INFO - DAG(s) 'example_bash_operator' retrieved from /home/airflow/.local/lib/python3.8/site-packages/airflow/example_dags/example_bash_operator.py
[2024-03-11T22:08:45.073+0000] {logging_mixin.py:188} INFO - [2024-03-11T22:08:45.073+0000] {dag.py:3047} INFO - Sync 1 DAGs
[2024-03-11T22:08:45.098+0000] {logging_mixin.py:188} INFO - [2024-03-11T22:08:45.098+0000] {dag.py:3834} INFO - Setting next_dagrun for example_bash_operator to 2024-03-10 00:00:00+00:00, run_after=2024-03-11 00:00:00+00:00
[2024-03-11T22:08:45.128+0000] {processor.py:183} INFO - Processing /home/airflow/.local/lib/python3.8/site-packages/airflow/example_dags/example_bash_operator.py took 0.106 seconds
[2024-03-11T22:09:15.151+0000] {processor.py:161} INFO - Started process (PID=495) to work on /home/airflow/.local/lib/python3.8/site-packages/airflow/example_dags/example_bash_operator.py
[2024-03-11T22:09:15.152+0000] {processor.py:830} INFO - Processing file /home/airflow/.local/lib/python3.8/site-packages/airflow/example_dags/example_bash_operator.py for tasks to queue
[2024-03-11T22:09:15.154+0000] {logging_mixin.py:188} INFO - [2024-03-11T22:09:15.153+0000] {dagbag.py:540} INFO - Filling up the DagBag from /home/airflow/.local/lib/python3.8/site-packages/airflow/example_dags/example_bash_operator.py
[2024-03-11T22:09:15.165+0000] {processor.py:840} INFO - DAG(s) 'example_bash_operator' retrieved from /home/airflow/.local/lib/python3.8/site-packages/airflow/example_dags/example_bash_operator.py
[2024-03-11T22:09:15.196+0000] {logging_mixin.py:188} INFO - [2024-03-11T22:09:15.196+0000] {dag.py:3047} INFO - Sync 1 DAGs
[2024-03-11T22:09:15.222+0000] {logging_mixin.py:188} INFO - [2024-03-11T22:09:15.222+0000] {dag.py:3834} INFO - Setting next_dagrun for example_bash_operator to 2024-03-10 00:00:00+00:00, run_after=2024-03-11 00:00:00+00:00
[2024-03-11T22:09:15.247+0000] {processor.py:183} INFO - Processing /home/airflow/.local/lib/python3.8/site-packages/airflow/example_dags/example_bash_operator.py took 0.099 seconds
[2024-03-11T22:09:45.293+0000] {processor.py:161} INFO - Started process (PID=552) to work on /home/airflow/.local/lib/python3.8/site-packages/airflow/example_dags/example_bash_operator.py
[2024-03-11T22:09:45.294+0000] {processor.py:830} INFO - Processing file /home/airflow/.local/lib/python3.8/site-packages/airflow/example_dags/example_bash_operator.py for tasks to queue
[2024-03-11T22:09:45.296+0000] {logging_mixin.py:188} INFO - [2024-03-11T22:09:45.296+0000] {dagbag.py:540} INFO - Filling up the DagBag from /home/airflow/.local/lib/python3.8/site-packages/airflow/example_dags/example_bash_operator.py
[2024-03-11T22:09:45.307+0000] {processor.py:840} INFO - DAG(s) 'example_bash_operator' retrieved from /home/airflow/.local/lib/python3.8/site-packages/airflow/example_dags/example_bash_operator.py
[2024-03-11T22:09:45.336+0000] {logging_mixin.py:188} INFO - [2024-03-11T22:09:45.336+0000] {dag.py:3047} INFO - Sync 1 DAGs
[2024-03-11T22:09:45.362+0000] {logging_mixin.py:188} INFO - [2024-03-11T22:09:45.362+0000] {dag.py:3834} INFO - Setting next_dagrun for example_bash_operator to 2024-03-10 00:00:00+00:00, run_after=2024-03-11 00:00:00+00:00
[2024-03-11T22:09:45.390+0000] {processor.py:183} INFO - Processing /home/airflow/.local/lib/python3.8/site-packages/airflow/example_dags/example_bash_operator.py took 0.101 seconds
[2024-03-11T22:10:15.507+0000] {processor.py:161} INFO - Started process (PID=609) to work on /home/airflow/.local/lib/python3.8/site-packages/airflow/example_dags/example_bash_operator.py
[2024-03-11T22:10:15.509+0000] {processor.py:830} INFO - Processing file /home/airflow/.local/lib/python3.8/site-packages/airflow/example_dags/example_bash_operator.py for tasks to queue
[2024-03-11T22:10:15.511+0000] {logging_mixin.py:188} INFO - [2024-03-11T22:10:15.511+0000] {dagbag.py:540} INFO - Filling up the DagBag from /home/airflow/.local/lib/python3.8/site-packages/airflow/example_dags/example_bash_operator.py
[2024-03-11T22:10:15.525+0000] {processor.py:840} INFO - DAG(s) 'example_bash_operator' retrieved from /home/airflow/.local/lib/python3.8/site-packages/airflow/example_dags/example_bash_operator.py
[2024-03-11T22:10:15.568+0000] {logging_mixin.py:188} INFO - [2024-03-11T22:10:15.568+0000] {dag.py:3047} INFO - Sync 1 DAGs
[2024-03-11T22:10:15.594+0000] {logging_mixin.py:188} INFO - [2024-03-11T22:10:15.594+0000] {dag.py:3834} INFO - Setting next_dagrun for example_bash_operator to 2024-03-10 00:00:00+00:00, run_after=2024-03-11 00:00:00+00:00
[2024-03-11T22:10:15.624+0000] {processor.py:183} INFO - Processing /home/airflow/.local/lib/python3.8/site-packages/airflow/example_dags/example_bash_operator.py took 0.119 seconds
[2024-03-11T22:10:45.912+0000] {processor.py:161} INFO - Started process (PID=666) to work on /home/airflow/.local/lib/python3.8/site-packages/airflow/example_dags/example_bash_operator.py
[2024-03-11T22:10:45.922+0000] {processor.py:830} INFO - Processing file /home/airflow/.local/lib/python3.8/site-packages/airflow/example_dags/example_bash_operator.py for tasks to queue
[2024-03-11T22:10:45.924+0000] {logging_mixin.py:188} INFO - [2024-03-11T22:10:45.924+0000] {dagbag.py:540} INFO - Filling up the DagBag from /home/airflow/.local/lib/python3.8/site-packages/airflow/example_dags/example_bash_operator.py
[2024-03-11T22:10:45.936+0000] {processor.py:840} INFO - DAG(s) 'example_bash_operator' retrieved from /home/airflow/.local/lib/python3.8/site-packages/airflow/example_dags/example_bash_operator.py
[2024-03-11T22:10:45.974+0000] {logging_mixin.py:188} INFO - [2024-03-11T22:10:45.973+0000] {dag.py:3047} INFO - Sync 1 DAGs
[2024-03-11T22:10:45.996+0000] {logging_mixin.py:188} INFO - [2024-03-11T22:10:45.996+0000] {dag.py:3834} INFO - Setting next_dagrun for example_bash_operator to 2024-03-10 00:00:00+00:00, run_after=2024-03-11 00:00:00+00:00
[2024-03-11T22:10:46.023+0000] {processor.py:183} INFO - Processing /home/airflow/.local/lib/python3.8/site-packages/airflow/example_dags/example_bash_operator.py took 0.113 seconds
[2024-03-11T22:11:16.058+0000] {processor.py:161} INFO - Started process (PID=723) to work on /home/airflow/.local/lib/python3.8/site-packages/airflow/example_dags/example_bash_operator.py
[2024-03-11T22:11:16.059+0000] {processor.py:830} INFO - Processing file /home/airflow/.local/lib/python3.8/site-packages/airflow/example_dags/example_bash_operator.py for tasks to queue
[2024-03-11T22:11:16.061+0000] {logging_mixin.py:188} INFO - [2024-03-11T22:11:16.060+0000] {dagbag.py:540} INFO - Filling up the DagBag from /home/airflow/.local/lib/python3.8/site-packages/airflow/example_dags/example_bash_operator.py
[2024-03-11T22:11:16.071+0000] {processor.py:840} INFO - DAG(s) 'example_bash_operator' retrieved from /home/airflow/.local/lib/python3.8/site-packages/airflow/example_dags/example_bash_operator.py
[2024-03-11T22:11:16.102+0000] {logging_mixin.py:188} INFO - [2024-03-11T22:11:16.102+0000] {dag.py:3047} INFO - Sync 1 DAGs
[2024-03-11T22:11:16.127+0000] {logging_mixin.py:188} INFO - [2024-03-11T22:11:16.127+0000] {dag.py:3834} INFO - Setting next_dagrun for example_bash_operator to 2024-03-10 00:00:00+00:00, run_after=2024-03-11 00:00:00+00:00
[2024-03-11T22:11:16.149+0000] {processor.py:183} INFO - Processing /home/airflow/.local/lib/python3.8/site-packages/airflow/example_dags/example_bash_operator.py took 0.095 seconds
[2024-03-11T22:11:46.876+0000] {processor.py:161} INFO - Started process (PID=780) to work on /home/airflow/.local/lib/python3.8/site-packages/airflow/example_dags/example_bash_operator.py
[2024-03-11T22:11:46.879+0000] {processor.py:830} INFO - Processing file /home/airflow/.local/lib/python3.8/site-packages/airflow/example_dags/example_bash_operator.py for tasks to queue
[2024-03-11T22:11:46.881+0000] {logging_mixin.py:188} INFO - [2024-03-11T22:11:46.881+0000] {dagbag.py:540} INFO - Filling up the DagBag from /home/airflow/.local/lib/python3.8/site-packages/airflow/example_dags/example_bash_operator.py
[2024-03-11T22:11:46.894+0000] {processor.py:840} INFO - DAG(s) 'example_bash_operator' retrieved from /home/airflow/.local/lib/python3.8/site-packages/airflow/example_dags/example_bash_operator.py
[2024-03-11T22:11:46.932+0000] {logging_mixin.py:188} INFO - [2024-03-11T22:11:46.931+0000] {dag.py:3047} INFO - Sync 1 DAGs
[2024-03-11T22:11:46.963+0000] {logging_mixin.py:188} INFO - [2024-03-11T22:11:46.962+0000] {dag.py:3834} INFO - Setting next_dagrun for example_bash_operator to 2024-03-10 00:00:00+00:00, run_after=2024-03-11 00:00:00+00:00
[2024-03-11T22:11:46.992+0000] {processor.py:183} INFO - Processing /home/airflow/.local/lib/python3.8/site-packages/airflow/example_dags/example_bash_operator.py took 0.121 seconds
[2024-03-11T22:12:17.039+0000] {processor.py:161} INFO - Started process (PID=837) to work on /home/airflow/.local/lib/python3.8/site-packages/airflow/example_dags/example_bash_operator.py
[2024-03-11T22:12:17.060+0000] {processor.py:830} INFO - Processing file /home/airflow/.local/lib/python3.8/site-packages/airflow/example_dags/example_bash_operator.py for tasks to queue
[2024-03-11T22:12:17.063+0000] {logging_mixin.py:188} INFO - [2024-03-11T22:12:17.063+0000] {dagbag.py:540} INFO - Filling up the DagBag from /home/airflow/.local/lib/python3.8/site-packages/airflow/example_dags/example_bash_operator.py
[2024-03-11T22:12:17.079+0000] {processor.py:840} INFO - DAG(s) 'example_bash_operator' retrieved from /home/airflow/.local/lib/python3.8/site-packages/airflow/example_dags/example_bash_operator.py
[2024-03-11T22:12:17.118+0000] {logging_mixin.py:188} INFO - [2024-03-11T22:12:17.117+0000] {dag.py:3047} INFO - Sync 1 DAGs
[2024-03-11T22:12:17.160+0000] {logging_mixin.py:188} INFO - [2024-03-11T22:12:17.160+0000] {dag.py:3834} INFO - Setting next_dagrun for example_bash_operator to 2024-03-10 00:00:00+00:00, run_after=2024-03-11 00:00:00+00:00
[2024-03-11T22:12:17.198+0000] {processor.py:183} INFO - Processing /home/airflow/.local/lib/python3.8/site-packages/airflow/example_dags/example_bash_operator.py took 0.166 seconds
[2024-03-11T22:12:47.384+0000] {processor.py:161} INFO - Started process (PID=894) to work on /home/airflow/.local/lib/python3.8/site-packages/airflow/example_dags/example_bash_operator.py
[2024-03-11T22:12:47.386+0000] {processor.py:830} INFO - Processing file /home/airflow/.local/lib/python3.8/site-packages/airflow/example_dags/example_bash_operator.py for tasks to queue
[2024-03-11T22:12:47.388+0000] {logging_mixin.py:188} INFO - [2024-03-11T22:12:47.388+0000] {dagbag.py:540} INFO - Filling up the DagBag from /home/airflow/.local/lib/python3.8/site-packages/airflow/example_dags/example_bash_operator.py
[2024-03-11T22:12:47.400+0000] {processor.py:840} INFO - DAG(s) 'example_bash_operator' retrieved from /home/airflow/.local/lib/python3.8/site-packages/airflow/example_dags/example_bash_operator.py
[2024-03-11T22:12:47.437+0000] {logging_mixin.py:188} INFO - [2024-03-11T22:12:47.437+0000] {dag.py:3047} INFO - Sync 1 DAGs
[2024-03-11T22:12:47.462+0000] {logging_mixin.py:188} INFO - [2024-03-11T22:12:47.462+0000] {dag.py:3834} INFO - Setting next_dagrun for example_bash_operator to 2024-03-10 00:00:00+00:00, run_after=2024-03-11 00:00:00+00:00
[2024-03-11T22:12:47.492+0000] {processor.py:183} INFO - Processing /home/airflow/.local/lib/python3.8/site-packages/airflow/example_dags/example_bash_operator.py took 0.111 seconds
[2024-03-11T22:13:17.762+0000] {processor.py:161} INFO - Started process (PID=951) to work on /home/airflow/.local/lib/python3.8/site-packages/airflow/example_dags/example_bash_operator.py
[2024-03-11T22:13:17.765+0000] {processor.py:830} INFO - Processing file /home/airflow/.local/lib/python3.8/site-packages/airflow/example_dags/example_bash_operator.py for tasks to queue
[2024-03-11T22:13:17.769+0000] {logging_mixin.py:188} INFO - [2024-03-11T22:13:17.769+0000] {dagbag.py:540} INFO - Filling up the DagBag from /home/airflow/.local/lib/python3.8/site-packages/airflow/example_dags/example_bash_operator.py
[2024-03-11T22:13:17.784+0000] {processor.py:840} INFO - DAG(s) 'example_bash_operator' retrieved from /home/airflow/.local/lib/python3.8/site-packages/airflow/example_dags/example_bash_operator.py
[2024-03-11T22:13:17.822+0000] {logging_mixin.py:188} INFO - [2024-03-11T22:13:17.822+0000] {dag.py:3047} INFO - Sync 1 DAGs
[2024-03-11T22:13:17.852+0000] {logging_mixin.py:188} INFO - [2024-03-11T22:13:17.851+0000] {dag.py:3834} INFO - Setting next_dagrun for example_bash_operator to 2024-03-10 00:00:00+00:00, run_after=2024-03-11 00:00:00+00:00
[2024-03-11T22:13:17.881+0000] {processor.py:183} INFO - Processing /home/airflow/.local/lib/python3.8/site-packages/airflow/example_dags/example_bash_operator.py took 0.124 seconds
[2024-03-11T22:13:48.371+0000] {processor.py:161} INFO - Started process (PID=1008) to work on /home/airflow/.local/lib/python3.8/site-packages/airflow/example_dags/example_bash_operator.py
[2024-03-11T22:13:48.373+0000] {processor.py:830} INFO - Processing file /home/airflow/.local/lib/python3.8/site-packages/airflow/example_dags/example_bash_operator.py for tasks to queue
[2024-03-11T22:13:48.375+0000] {logging_mixin.py:188} INFO - [2024-03-11T22:13:48.375+0000] {dagbag.py:540} INFO - Filling up the DagBag from /home/airflow/.local/lib/python3.8/site-packages/airflow/example_dags/example_bash_operator.py
[2024-03-11T22:13:48.385+0000] {processor.py:840} INFO - DAG(s) 'example_bash_operator' retrieved from /home/airflow/.local/lib/python3.8/site-packages/airflow/example_dags/example_bash_operator.py
[2024-03-11T22:13:48.418+0000] {logging_mixin.py:188} INFO - [2024-03-11T22:13:48.417+0000] {dag.py:3047} INFO - Sync 1 DAGs
[2024-03-11T22:13:48.445+0000] {logging_mixin.py:188} INFO - [2024-03-11T22:13:48.445+0000] {dag.py:3834} INFO - Setting next_dagrun for example_bash_operator to 2024-03-10 00:00:00+00:00, run_after=2024-03-11 00:00:00+00:00
[2024-03-11T22:13:48.471+0000] {processor.py:183} INFO - Processing /home/airflow/.local/lib/python3.8/site-packages/airflow/example_dags/example_bash_operator.py took 0.103 seconds
[2024-03-11T22:14:18.638+0000] {processor.py:161} INFO - Started process (PID=1065) to work on /home/airflow/.local/lib/python3.8/site-packages/airflow/example_dags/example_bash_operator.py
[2024-03-11T22:14:18.639+0000] {processor.py:830} INFO - Processing file /home/airflow/.local/lib/python3.8/site-packages/airflow/example_dags/example_bash_operator.py for tasks to queue
[2024-03-11T22:14:18.641+0000] {logging_mixin.py:188} INFO - [2024-03-11T22:14:18.641+0000] {dagbag.py:540} INFO - Filling up the DagBag from /home/airflow/.local/lib/python3.8/site-packages/airflow/example_dags/example_bash_operator.py
[2024-03-11T22:14:18.652+0000] {processor.py:840} INFO - DAG(s) 'example_bash_operator' retrieved from /home/airflow/.local/lib/python3.8/site-packages/airflow/example_dags/example_bash_operator.py
[2024-03-11T22:14:18.681+0000] {logging_mixin.py:188} INFO - [2024-03-11T22:14:18.680+0000] {dag.py:3047} INFO - Sync 1 DAGs
[2024-03-11T22:14:18.703+0000] {logging_mixin.py:188} INFO - [2024-03-11T22:14:18.703+0000] {dag.py:3834} INFO - Setting next_dagrun for example_bash_operator to 2024-03-10 00:00:00+00:00, run_after=2024-03-11 00:00:00+00:00
[2024-03-11T22:14:18.727+0000] {processor.py:183} INFO - Processing /home/airflow/.local/lib/python3.8/site-packages/airflow/example_dags/example_bash_operator.py took 0.093 seconds
[2024-03-11T22:14:48.807+0000] {processor.py:161} INFO - Started process (PID=1122) to work on /home/airflow/.local/lib/python3.8/site-packages/airflow/example_dags/example_bash_operator.py
[2024-03-11T22:14:48.809+0000] {processor.py:830} INFO - Processing file /home/airflow/.local/lib/python3.8/site-packages/airflow/example_dags/example_bash_operator.py for tasks to queue
[2024-03-11T22:14:48.811+0000] {logging_mixin.py:188} INFO - [2024-03-11T22:14:48.810+0000] {dagbag.py:540} INFO - Filling up the DagBag from /home/airflow/.local/lib/python3.8/site-packages/airflow/example_dags/example_bash_operator.py
[2024-03-11T22:14:48.825+0000] {processor.py:840} INFO - DAG(s) 'example_bash_operator' retrieved from /home/airflow/.local/lib/python3.8/site-packages/airflow/example_dags/example_bash_operator.py
[2024-03-11T22:14:48.862+0000] {logging_mixin.py:188} INFO - [2024-03-11T22:14:48.862+0000] {dag.py:3047} INFO - Sync 1 DAGs
[2024-03-11T22:14:48.890+0000] {logging_mixin.py:188} INFO - [2024-03-11T22:14:48.889+0000] {dag.py:3834} INFO - Setting next_dagrun for example_bash_operator to 2024-03-10 00:00:00+00:00, run_after=2024-03-11 00:00:00+00:00
[2024-03-11T22:14:48.920+0000] {processor.py:183} INFO - Processing /home/airflow/.local/lib/python3.8/site-packages/airflow/example_dags/example_bash_operator.py took 0.117 seconds
[2024-03-11T22:15:18.946+0000] {processor.py:161} INFO - Started process (PID=1179) to work on /home/airflow/.local/lib/python3.8/site-packages/airflow/example_dags/example_bash_operator.py
[2024-03-11T22:15:18.948+0000] {processor.py:830} INFO - Processing file /home/airflow/.local/lib/python3.8/site-packages/airflow/example_dags/example_bash_operator.py for tasks to queue
[2024-03-11T22:15:18.949+0000] {logging_mixin.py:188} INFO - [2024-03-11T22:15:18.949+0000] {dagbag.py:540} INFO - Filling up the DagBag from /home/airflow/.local/lib/python3.8/site-packages/airflow/example_dags/example_bash_operator.py
[2024-03-11T22:15:18.960+0000] {processor.py:840} INFO - DAG(s) 'example_bash_operator' retrieved from /home/airflow/.local/lib/python3.8/site-packages/airflow/example_dags/example_bash_operator.py
[2024-03-11T22:15:19.005+0000] {logging_mixin.py:188} INFO - [2024-03-11T22:15:19.005+0000] {dag.py:3047} INFO - Sync 1 DAGs
[2024-03-11T22:15:19.035+0000] {logging_mixin.py:188} INFO - [2024-03-11T22:15:19.035+0000] {dag.py:3834} INFO - Setting next_dagrun for example_bash_operator to 2024-03-10 00:00:00+00:00, run_after=2024-03-11 00:00:00+00:00
[2024-03-11T22:15:19.066+0000] {processor.py:183} INFO - Processing /home/airflow/.local/lib/python3.8/site-packages/airflow/example_dags/example_bash_operator.py took 0.124 seconds
[2024-03-11T22:15:49.422+0000] {processor.py:161} INFO - Started process (PID=1236) to work on /home/airflow/.local/lib/python3.8/site-packages/airflow/example_dags/example_bash_operator.py
[2024-03-11T22:15:49.423+0000] {processor.py:830} INFO - Processing file /home/airflow/.local/lib/python3.8/site-packages/airflow/example_dags/example_bash_operator.py for tasks to queue
[2024-03-11T22:15:49.425+0000] {logging_mixin.py:188} INFO - [2024-03-11T22:15:49.425+0000] {dagbag.py:540} INFO - Filling up the DagBag from /home/airflow/.local/lib/python3.8/site-packages/airflow/example_dags/example_bash_operator.py
[2024-03-11T22:15:49.436+0000] {processor.py:840} INFO - DAG(s) 'example_bash_operator' retrieved from /home/airflow/.local/lib/python3.8/site-packages/airflow/example_dags/example_bash_operator.py
[2024-03-11T22:15:49.466+0000] {logging_mixin.py:188} INFO - [2024-03-11T22:15:49.466+0000] {dag.py:3047} INFO - Sync 1 DAGs
[2024-03-11T22:15:49.490+0000] {logging_mixin.py:188} INFO - [2024-03-11T22:15:49.490+0000] {dag.py:3834} INFO - Setting next_dagrun for example_bash_operator to 2024-03-10 00:00:00+00:00, run_after=2024-03-11 00:00:00+00:00
[2024-03-11T22:15:49.513+0000] {processor.py:183} INFO - Processing /home/airflow/.local/lib/python3.8/site-packages/airflow/example_dags/example_bash_operator.py took 0.094 seconds
[2024-03-11T22:16:19.969+0000] {processor.py:161} INFO - Started process (PID=1293) to work on /home/airflow/.local/lib/python3.8/site-packages/airflow/example_dags/example_bash_operator.py
[2024-03-11T22:16:19.971+0000] {processor.py:830} INFO - Processing file /home/airflow/.local/lib/python3.8/site-packages/airflow/example_dags/example_bash_operator.py for tasks to queue
[2024-03-11T22:16:19.973+0000] {logging_mixin.py:188} INFO - [2024-03-11T22:16:19.972+0000] {dagbag.py:540} INFO - Filling up the DagBag from /home/airflow/.local/lib/python3.8/site-packages/airflow/example_dags/example_bash_operator.py
[2024-03-11T22:16:19.985+0000] {processor.py:840} INFO - DAG(s) 'example_bash_operator' retrieved from /home/airflow/.local/lib/python3.8/site-packages/airflow/example_dags/example_bash_operator.py
[2024-03-11T22:16:20.016+0000] {logging_mixin.py:188} INFO - [2024-03-11T22:16:20.016+0000] {dag.py:3047} INFO - Sync 1 DAGs
[2024-03-11T22:16:20.042+0000] {logging_mixin.py:188} INFO - [2024-03-11T22:16:20.041+0000] {dag.py:3834} INFO - Setting next_dagrun for example_bash_operator to 2024-03-10 00:00:00+00:00, run_after=2024-03-11 00:00:00+00:00
[2024-03-11T22:16:20.069+0000] {processor.py:183} INFO - Processing /home/airflow/.local/lib/python3.8/site-packages/airflow/example_dags/example_bash_operator.py took 0.102 seconds
[2024-03-11T22:16:50.565+0000] {processor.py:161} INFO - Started process (PID=1350) to work on /home/airflow/.local/lib/python3.8/site-packages/airflow/example_dags/example_bash_operator.py
[2024-03-11T22:16:50.567+0000] {processor.py:830} INFO - Processing file /home/airflow/.local/lib/python3.8/site-packages/airflow/example_dags/example_bash_operator.py for tasks to queue
[2024-03-11T22:16:50.569+0000] {logging_mixin.py:188} INFO - [2024-03-11T22:16:50.568+0000] {dagbag.py:540} INFO - Filling up the DagBag from /home/airflow/.local/lib/python3.8/site-packages/airflow/example_dags/example_bash_operator.py
[2024-03-11T22:16:50.582+0000] {processor.py:840} INFO - DAG(s) 'example_bash_operator' retrieved from /home/airflow/.local/lib/python3.8/site-packages/airflow/example_dags/example_bash_operator.py
[2024-03-11T22:16:50.616+0000] {logging_mixin.py:188} INFO - [2024-03-11T22:16:50.616+0000] {dag.py:3047} INFO - Sync 1 DAGs
[2024-03-11T22:16:50.642+0000] {logging_mixin.py:188} INFO - [2024-03-11T22:16:50.642+0000] {dag.py:3834} INFO - Setting next_dagrun for example_bash_operator to 2024-03-10 00:00:00+00:00, run_after=2024-03-11 00:00:00+00:00
[2024-03-11T22:16:50.672+0000] {processor.py:183} INFO - Processing /home/airflow/.local/lib/python3.8/site-packages/airflow/example_dags/example_bash_operator.py took 0.110 seconds
[2024-03-11T22:17:20.798+0000] {processor.py:161} INFO - Started process (PID=1407) to work on /home/airflow/.local/lib/python3.8/site-packages/airflow/example_dags/example_bash_operator.py
[2024-03-11T22:17:20.800+0000] {processor.py:830} INFO - Processing file /home/airflow/.local/lib/python3.8/site-packages/airflow/example_dags/example_bash_operator.py for tasks to queue
[2024-03-11T22:17:20.803+0000] {logging_mixin.py:188} INFO - [2024-03-11T22:17:20.802+0000] {dagbag.py:540} INFO - Filling up the DagBag from /home/airflow/.local/lib/python3.8/site-packages/airflow/example_dags/example_bash_operator.py
[2024-03-11T22:17:20.815+0000] {processor.py:840} INFO - DAG(s) 'example_bash_operator' retrieved from /home/airflow/.local/lib/python3.8/site-packages/airflow/example_dags/example_bash_operator.py
[2024-03-11T22:17:20.863+0000] {logging_mixin.py:188} INFO - [2024-03-11T22:17:20.862+0000] {dag.py:3047} INFO - Sync 1 DAGs
[2024-03-11T22:17:20.923+0000] {logging_mixin.py:188} INFO - [2024-03-11T22:17:20.922+0000] {dag.py:3834} INFO - Setting next_dagrun for example_bash_operator to 2024-03-10 00:00:00+00:00, run_after=2024-03-11 00:00:00+00:00
[2024-03-11T22:17:21.000+0000] {processor.py:183} INFO - Processing /home/airflow/.local/lib/python3.8/site-packages/airflow/example_dags/example_bash_operator.py took 0.205 seconds
