[2024-03-11T22:02:16.082+0000] {processor.py:161} INFO - Started process (PID=83) to work on /home/airflow/.local/lib/python3.8/site-packages/airflow/example_dags/example_sensors.py
[2024-03-11T22:02:16.083+0000] {processor.py:830} INFO - Processing file /home/airflow/.local/lib/python3.8/site-packages/airflow/example_dags/example_sensors.py for tasks to queue
[2024-03-11T22:02:16.085+0000] {logging_mixin.py:188} INFO - [2024-03-11T22:02:16.085+0000] {dagbag.py:540} INFO - Filling up the DagBag from /home/airflow/.local/lib/python3.8/site-packages/airflow/example_dags/example_sensors.py
[2024-03-11T22:02:16.096+0000] {processor.py:840} INFO - DAG(s) 'example_sensors' retrieved from /home/airflow/.local/lib/python3.8/site-packages/airflow/example_dags/example_sensors.py
[2024-03-11T22:02:16.238+0000] {logging_mixin.py:188} INFO - [2024-03-11T22:02:16.238+0000] {dag.py:3047} INFO - Sync 1 DAGs
[2024-03-11T22:02:16.252+0000] {logging_mixin.py:188} INFO - [2024-03-11T22:02:16.251+0000] {dag.py:3834} INFO - Setting next_dagrun for example_sensors to None, run_after=None
[2024-03-11T22:02:16.285+0000] {processor.py:183} INFO - Processing /home/airflow/.local/lib/python3.8/site-packages/airflow/example_dags/example_sensors.py took 0.207 seconds
[2024-03-11T22:02:46.579+0000] {processor.py:161} INFO - Started process (PID=140) to work on /home/airflow/.local/lib/python3.8/site-packages/airflow/example_dags/example_sensors.py
[2024-03-11T22:02:46.581+0000] {processor.py:830} INFO - Processing file /home/airflow/.local/lib/python3.8/site-packages/airflow/example_dags/example_sensors.py for tasks to queue
[2024-03-11T22:02:46.582+0000] {logging_mixin.py:188} INFO - [2024-03-11T22:02:46.582+0000] {dagbag.py:540} INFO - Filling up the DagBag from /home/airflow/.local/lib/python3.8/site-packages/airflow/example_dags/example_sensors.py
[2024-03-11T22:02:46.592+0000] {processor.py:840} INFO - DAG(s) 'example_sensors' retrieved from /home/airflow/.local/lib/python3.8/site-packages/airflow/example_dags/example_sensors.py
[2024-03-11T22:02:46.629+0000] {logging_mixin.py:188} INFO - [2024-03-11T22:02:46.629+0000] {dag.py:3047} INFO - Sync 1 DAGs
[2024-03-11T22:02:46.649+0000] {logging_mixin.py:188} INFO - [2024-03-11T22:02:46.649+0000] {dag.py:3834} INFO - Setting next_dagrun for example_sensors to None, run_after=None
[2024-03-11T22:02:46.686+0000] {processor.py:183} INFO - Processing /home/airflow/.local/lib/python3.8/site-packages/airflow/example_dags/example_sensors.py took 0.110 seconds
[2024-03-11T22:05:20.366+0000] {processor.py:161} INFO - Started process (PID=76) to work on /home/airflow/.local/lib/python3.8/site-packages/airflow/example_dags/example_sensors.py
[2024-03-11T22:05:20.368+0000] {processor.py:830} INFO - Processing file /home/airflow/.local/lib/python3.8/site-packages/airflow/example_dags/example_sensors.py for tasks to queue
[2024-03-11T22:05:20.369+0000] {logging_mixin.py:188} INFO - [2024-03-11T22:05:20.369+0000] {dagbag.py:540} INFO - Filling up the DagBag from /home/airflow/.local/lib/python3.8/site-packages/airflow/example_dags/example_sensors.py
[2024-03-11T22:05:20.415+0000] {processor.py:840} INFO - DAG(s) 'example_sensors' retrieved from /home/airflow/.local/lib/python3.8/site-packages/airflow/example_dags/example_sensors.py
[2024-03-11T22:05:20.552+0000] {logging_mixin.py:188} INFO - [2024-03-11T22:05:20.551+0000] {dag.py:3047} INFO - Sync 1 DAGs
[2024-03-11T22:05:20.562+0000] {logging_mixin.py:188} INFO - [2024-03-11T22:05:20.561+0000] {dag.py:3834} INFO - Setting next_dagrun for example_sensors to None, run_after=None
[2024-03-11T22:05:20.593+0000] {processor.py:183} INFO - Processing /home/airflow/.local/lib/python3.8/site-packages/airflow/example_dags/example_sensors.py took 0.229 seconds
[2024-03-11T22:05:50.705+0000] {processor.py:161} INFO - Started process (PID=133) to work on /home/airflow/.local/lib/python3.8/site-packages/airflow/example_dags/example_sensors.py
[2024-03-11T22:05:50.707+0000] {processor.py:830} INFO - Processing file /home/airflow/.local/lib/python3.8/site-packages/airflow/example_dags/example_sensors.py for tasks to queue
[2024-03-11T22:05:50.709+0000] {logging_mixin.py:188} INFO - [2024-03-11T22:05:50.708+0000] {dagbag.py:540} INFO - Filling up the DagBag from /home/airflow/.local/lib/python3.8/site-packages/airflow/example_dags/example_sensors.py
[2024-03-11T22:05:50.719+0000] {processor.py:840} INFO - DAG(s) 'example_sensors' retrieved from /home/airflow/.local/lib/python3.8/site-packages/airflow/example_dags/example_sensors.py
[2024-03-11T22:05:50.753+0000] {logging_mixin.py:188} INFO - [2024-03-11T22:05:50.753+0000] {dag.py:3047} INFO - Sync 1 DAGs
[2024-03-11T22:05:50.769+0000] {logging_mixin.py:188} INFO - [2024-03-11T22:05:50.768+0000] {dag.py:3834} INFO - Setting next_dagrun for example_sensors to None, run_after=None
[2024-03-11T22:05:50.790+0000] {processor.py:183} INFO - Processing /home/airflow/.local/lib/python3.8/site-packages/airflow/example_dags/example_sensors.py took 0.089 seconds
[2024-03-11T22:06:21.496+0000] {processor.py:161} INFO - Started process (PID=190) to work on /home/airflow/.local/lib/python3.8/site-packages/airflow/example_dags/example_sensors.py
[2024-03-11T22:06:21.498+0000] {processor.py:830} INFO - Processing file /home/airflow/.local/lib/python3.8/site-packages/airflow/example_dags/example_sensors.py for tasks to queue
[2024-03-11T22:06:21.501+0000] {logging_mixin.py:188} INFO - [2024-03-11T22:06:21.500+0000] {dagbag.py:540} INFO - Filling up the DagBag from /home/airflow/.local/lib/python3.8/site-packages/airflow/example_dags/example_sensors.py
[2024-03-11T22:06:21.515+0000] {processor.py:840} INFO - DAG(s) 'example_sensors' retrieved from /home/airflow/.local/lib/python3.8/site-packages/airflow/example_dags/example_sensors.py
[2024-03-11T22:06:21.581+0000] {logging_mixin.py:188} INFO - [2024-03-11T22:06:21.580+0000] {dag.py:3047} INFO - Sync 1 DAGs
[2024-03-11T22:06:21.609+0000] {logging_mixin.py:188} INFO - [2024-03-11T22:06:21.608+0000] {dag.py:3834} INFO - Setting next_dagrun for example_sensors to None, run_after=None
[2024-03-11T22:06:21.650+0000] {processor.py:183} INFO - Processing /home/airflow/.local/lib/python3.8/site-packages/airflow/example_dags/example_sensors.py took 0.157 seconds
[2024-03-11T22:06:52.386+0000] {processor.py:161} INFO - Started process (PID=247) to work on /home/airflow/.local/lib/python3.8/site-packages/airflow/example_dags/example_sensors.py
[2024-03-11T22:06:52.387+0000] {processor.py:830} INFO - Processing file /home/airflow/.local/lib/python3.8/site-packages/airflow/example_dags/example_sensors.py for tasks to queue
[2024-03-11T22:06:52.389+0000] {logging_mixin.py:188} INFO - [2024-03-11T22:06:52.388+0000] {dagbag.py:540} INFO - Filling up the DagBag from /home/airflow/.local/lib/python3.8/site-packages/airflow/example_dags/example_sensors.py
[2024-03-11T22:06:52.397+0000] {processor.py:840} INFO - DAG(s) 'example_sensors' retrieved from /home/airflow/.local/lib/python3.8/site-packages/airflow/example_dags/example_sensors.py
[2024-03-11T22:06:52.423+0000] {logging_mixin.py:188} INFO - [2024-03-11T22:06:52.423+0000] {dag.py:3047} INFO - Sync 1 DAGs
[2024-03-11T22:06:52.435+0000] {logging_mixin.py:188} INFO - [2024-03-11T22:06:52.435+0000] {dag.py:3834} INFO - Setting next_dagrun for example_sensors to None, run_after=None
[2024-03-11T22:06:52.458+0000] {processor.py:183} INFO - Processing /home/airflow/.local/lib/python3.8/site-packages/airflow/example_dags/example_sensors.py took 0.075 seconds
[2024-03-11T22:07:22.566+0000] {processor.py:161} INFO - Started process (PID=304) to work on /home/airflow/.local/lib/python3.8/site-packages/airflow/example_dags/example_sensors.py
[2024-03-11T22:07:22.568+0000] {processor.py:830} INFO - Processing file /home/airflow/.local/lib/python3.8/site-packages/airflow/example_dags/example_sensors.py for tasks to queue
[2024-03-11T22:07:22.569+0000] {logging_mixin.py:188} INFO - [2024-03-11T22:07:22.569+0000] {dagbag.py:540} INFO - Filling up the DagBag from /home/airflow/.local/lib/python3.8/site-packages/airflow/example_dags/example_sensors.py
[2024-03-11T22:07:22.576+0000] {processor.py:840} INFO - DAG(s) 'example_sensors' retrieved from /home/airflow/.local/lib/python3.8/site-packages/airflow/example_dags/example_sensors.py
[2024-03-11T22:07:22.603+0000] {logging_mixin.py:188} INFO - [2024-03-11T22:07:22.603+0000] {dag.py:3047} INFO - Sync 1 DAGs
[2024-03-11T22:07:22.615+0000] {logging_mixin.py:188} INFO - [2024-03-11T22:07:22.615+0000] {dag.py:3834} INFO - Setting next_dagrun for example_sensors to None, run_after=None
[2024-03-11T22:07:22.637+0000] {processor.py:183} INFO - Processing /home/airflow/.local/lib/python3.8/site-packages/airflow/example_dags/example_sensors.py took 0.074 seconds
[2024-03-11T22:07:52.808+0000] {processor.py:161} INFO - Started process (PID=361) to work on /home/airflow/.local/lib/python3.8/site-packages/airflow/example_dags/example_sensors.py
[2024-03-11T22:07:52.809+0000] {processor.py:830} INFO - Processing file /home/airflow/.local/lib/python3.8/site-packages/airflow/example_dags/example_sensors.py for tasks to queue
[2024-03-11T22:07:52.811+0000] {logging_mixin.py:188} INFO - [2024-03-11T22:07:52.811+0000] {dagbag.py:540} INFO - Filling up the DagBag from /home/airflow/.local/lib/python3.8/site-packages/airflow/example_dags/example_sensors.py
[2024-03-11T22:07:52.819+0000] {processor.py:840} INFO - DAG(s) 'example_sensors' retrieved from /home/airflow/.local/lib/python3.8/site-packages/airflow/example_dags/example_sensors.py
[2024-03-11T22:07:52.844+0000] {logging_mixin.py:188} INFO - [2024-03-11T22:07:52.844+0000] {dag.py:3047} INFO - Sync 1 DAGs
[2024-03-11T22:07:52.856+0000] {logging_mixin.py:188} INFO - [2024-03-11T22:07:52.855+0000] {dag.py:3834} INFO - Setting next_dagrun for example_sensors to None, run_after=None
[2024-03-11T22:07:52.880+0000] {processor.py:183} INFO - Processing /home/airflow/.local/lib/python3.8/site-packages/airflow/example_dags/example_sensors.py took 0.075 seconds
[2024-03-11T22:08:23.367+0000] {processor.py:161} INFO - Started process (PID=418) to work on /home/airflow/.local/lib/python3.8/site-packages/airflow/example_dags/example_sensors.py
[2024-03-11T22:08:23.369+0000] {processor.py:830} INFO - Processing file /home/airflow/.local/lib/python3.8/site-packages/airflow/example_dags/example_sensors.py for tasks to queue
[2024-03-11T22:08:23.370+0000] {logging_mixin.py:188} INFO - [2024-03-11T22:08:23.370+0000] {dagbag.py:540} INFO - Filling up the DagBag from /home/airflow/.local/lib/python3.8/site-packages/airflow/example_dags/example_sensors.py
[2024-03-11T22:08:23.378+0000] {processor.py:840} INFO - DAG(s) 'example_sensors' retrieved from /home/airflow/.local/lib/python3.8/site-packages/airflow/example_dags/example_sensors.py
[2024-03-11T22:08:23.402+0000] {logging_mixin.py:188} INFO - [2024-03-11T22:08:23.401+0000] {dag.py:3047} INFO - Sync 1 DAGs
[2024-03-11T22:08:23.413+0000] {logging_mixin.py:188} INFO - [2024-03-11T22:08:23.413+0000] {dag.py:3834} INFO - Setting next_dagrun for example_sensors to None, run_after=None
[2024-03-11T22:08:23.437+0000] {processor.py:183} INFO - Processing /home/airflow/.local/lib/python3.8/site-packages/airflow/example_dags/example_sensors.py took 0.072 seconds
[2024-03-11T22:08:54.237+0000] {processor.py:161} INFO - Started process (PID=475) to work on /home/airflow/.local/lib/python3.8/site-packages/airflow/example_dags/example_sensors.py
[2024-03-11T22:08:54.240+0000] {processor.py:830} INFO - Processing file /home/airflow/.local/lib/python3.8/site-packages/airflow/example_dags/example_sensors.py for tasks to queue
[2024-03-11T22:08:54.241+0000] {logging_mixin.py:188} INFO - [2024-03-11T22:08:54.241+0000] {dagbag.py:540} INFO - Filling up the DagBag from /home/airflow/.local/lib/python3.8/site-packages/airflow/example_dags/example_sensors.py
[2024-03-11T22:08:54.249+0000] {processor.py:840} INFO - DAG(s) 'example_sensors' retrieved from /home/airflow/.local/lib/python3.8/site-packages/airflow/example_dags/example_sensors.py
[2024-03-11T22:08:54.277+0000] {logging_mixin.py:188} INFO - [2024-03-11T22:08:54.277+0000] {dag.py:3047} INFO - Sync 1 DAGs
[2024-03-11T22:08:54.289+0000] {logging_mixin.py:188} INFO - [2024-03-11T22:08:54.289+0000] {dag.py:3834} INFO - Setting next_dagrun for example_sensors to None, run_after=None
[2024-03-11T22:08:54.315+0000] {processor.py:183} INFO - Processing /home/airflow/.local/lib/python3.8/site-packages/airflow/example_dags/example_sensors.py took 0.080 seconds
[2024-03-11T22:09:25.329+0000] {processor.py:161} INFO - Started process (PID=532) to work on /home/airflow/.local/lib/python3.8/site-packages/airflow/example_dags/example_sensors.py
[2024-03-11T22:09:25.330+0000] {processor.py:830} INFO - Processing file /home/airflow/.local/lib/python3.8/site-packages/airflow/example_dags/example_sensors.py for tasks to queue
[2024-03-11T22:09:25.332+0000] {logging_mixin.py:188} INFO - [2024-03-11T22:09:25.332+0000] {dagbag.py:540} INFO - Filling up the DagBag from /home/airflow/.local/lib/python3.8/site-packages/airflow/example_dags/example_sensors.py
[2024-03-11T22:09:25.340+0000] {processor.py:840} INFO - DAG(s) 'example_sensors' retrieved from /home/airflow/.local/lib/python3.8/site-packages/airflow/example_dags/example_sensors.py
[2024-03-11T22:09:25.368+0000] {logging_mixin.py:188} INFO - [2024-03-11T22:09:25.367+0000] {dag.py:3047} INFO - Sync 1 DAGs
[2024-03-11T22:09:25.381+0000] {logging_mixin.py:188} INFO - [2024-03-11T22:09:25.380+0000] {dag.py:3834} INFO - Setting next_dagrun for example_sensors to None, run_after=None
[2024-03-11T22:09:25.406+0000] {processor.py:183} INFO - Processing /home/airflow/.local/lib/python3.8/site-packages/airflow/example_dags/example_sensors.py took 0.081 seconds
[2024-03-11T22:09:55.606+0000] {processor.py:161} INFO - Started process (PID=589) to work on /home/airflow/.local/lib/python3.8/site-packages/airflow/example_dags/example_sensors.py
[2024-03-11T22:09:55.607+0000] {processor.py:830} INFO - Processing file /home/airflow/.local/lib/python3.8/site-packages/airflow/example_dags/example_sensors.py for tasks to queue
[2024-03-11T22:09:55.609+0000] {logging_mixin.py:188} INFO - [2024-03-11T22:09:55.609+0000] {dagbag.py:540} INFO - Filling up the DagBag from /home/airflow/.local/lib/python3.8/site-packages/airflow/example_dags/example_sensors.py
[2024-03-11T22:09:55.617+0000] {processor.py:840} INFO - DAG(s) 'example_sensors' retrieved from /home/airflow/.local/lib/python3.8/site-packages/airflow/example_dags/example_sensors.py
[2024-03-11T22:09:55.643+0000] {logging_mixin.py:188} INFO - [2024-03-11T22:09:55.643+0000] {dag.py:3047} INFO - Sync 1 DAGs
[2024-03-11T22:09:55.657+0000] {logging_mixin.py:188} INFO - [2024-03-11T22:09:55.656+0000] {dag.py:3834} INFO - Setting next_dagrun for example_sensors to None, run_after=None
[2024-03-11T22:09:55.687+0000] {processor.py:183} INFO - Processing /home/airflow/.local/lib/python3.8/site-packages/airflow/example_dags/example_sensors.py took 0.084 seconds
[2024-03-11T22:10:26.265+0000] {processor.py:161} INFO - Started process (PID=646) to work on /home/airflow/.local/lib/python3.8/site-packages/airflow/example_dags/example_sensors.py
[2024-03-11T22:10:26.266+0000] {processor.py:830} INFO - Processing file /home/airflow/.local/lib/python3.8/site-packages/airflow/example_dags/example_sensors.py for tasks to queue
[2024-03-11T22:10:26.268+0000] {logging_mixin.py:188} INFO - [2024-03-11T22:10:26.268+0000] {dagbag.py:540} INFO - Filling up the DagBag from /home/airflow/.local/lib/python3.8/site-packages/airflow/example_dags/example_sensors.py
[2024-03-11T22:10:26.276+0000] {processor.py:840} INFO - DAG(s) 'example_sensors' retrieved from /home/airflow/.local/lib/python3.8/site-packages/airflow/example_dags/example_sensors.py
[2024-03-11T22:10:26.303+0000] {logging_mixin.py:188} INFO - [2024-03-11T22:10:26.303+0000] {dag.py:3047} INFO - Sync 1 DAGs
[2024-03-11T22:10:26.316+0000] {logging_mixin.py:188} INFO - [2024-03-11T22:10:26.316+0000] {dag.py:3834} INFO - Setting next_dagrun for example_sensors to None, run_after=None
[2024-03-11T22:10:26.347+0000] {processor.py:183} INFO - Processing /home/airflow/.local/lib/python3.8/site-packages/airflow/example_dags/example_sensors.py took 0.084 seconds
[2024-03-11T22:10:57.167+0000] {processor.py:161} INFO - Started process (PID=703) to work on /home/airflow/.local/lib/python3.8/site-packages/airflow/example_dags/example_sensors.py
[2024-03-11T22:10:57.169+0000] {processor.py:830} INFO - Processing file /home/airflow/.local/lib/python3.8/site-packages/airflow/example_dags/example_sensors.py for tasks to queue
[2024-03-11T22:10:57.170+0000] {logging_mixin.py:188} INFO - [2024-03-11T22:10:57.170+0000] {dagbag.py:540} INFO - Filling up the DagBag from /home/airflow/.local/lib/python3.8/site-packages/airflow/example_dags/example_sensors.py
[2024-03-11T22:10:57.178+0000] {processor.py:840} INFO - DAG(s) 'example_sensors' retrieved from /home/airflow/.local/lib/python3.8/site-packages/airflow/example_dags/example_sensors.py
[2024-03-11T22:10:57.207+0000] {logging_mixin.py:188} INFO - [2024-03-11T22:10:57.206+0000] {dag.py:3047} INFO - Sync 1 DAGs
[2024-03-11T22:10:57.219+0000] {logging_mixin.py:188} INFO - [2024-03-11T22:10:57.218+0000] {dag.py:3834} INFO - Setting next_dagrun for example_sensors to None, run_after=None
[2024-03-11T22:10:57.244+0000] {processor.py:183} INFO - Processing /home/airflow/.local/lib/python3.8/site-packages/airflow/example_dags/example_sensors.py took 0.079 seconds
[2024-03-11T22:11:27.894+0000] {processor.py:161} INFO - Started process (PID=760) to work on /home/airflow/.local/lib/python3.8/site-packages/airflow/example_dags/example_sensors.py
[2024-03-11T22:11:27.896+0000] {processor.py:830} INFO - Processing file /home/airflow/.local/lib/python3.8/site-packages/airflow/example_dags/example_sensors.py for tasks to queue
[2024-03-11T22:11:27.898+0000] {logging_mixin.py:188} INFO - [2024-03-11T22:11:27.897+0000] {dagbag.py:540} INFO - Filling up the DagBag from /home/airflow/.local/lib/python3.8/site-packages/airflow/example_dags/example_sensors.py
[2024-03-11T22:11:27.906+0000] {processor.py:840} INFO - DAG(s) 'example_sensors' retrieved from /home/airflow/.local/lib/python3.8/site-packages/airflow/example_dags/example_sensors.py
[2024-03-11T22:11:27.940+0000] {logging_mixin.py:188} INFO - [2024-03-11T22:11:27.939+0000] {dag.py:3047} INFO - Sync 1 DAGs
[2024-03-11T22:11:27.957+0000] {logging_mixin.py:188} INFO - [2024-03-11T22:11:27.957+0000] {dag.py:3834} INFO - Setting next_dagrun for example_sensors to None, run_after=None
[2024-03-11T22:11:27.989+0000] {processor.py:183} INFO - Processing /home/airflow/.local/lib/python3.8/site-packages/airflow/example_dags/example_sensors.py took 0.100 seconds
[2024-03-11T22:11:58.244+0000] {processor.py:161} INFO - Started process (PID=817) to work on /home/airflow/.local/lib/python3.8/site-packages/airflow/example_dags/example_sensors.py
[2024-03-11T22:11:58.245+0000] {processor.py:830} INFO - Processing file /home/airflow/.local/lib/python3.8/site-packages/airflow/example_dags/example_sensors.py for tasks to queue
[2024-03-11T22:11:58.248+0000] {logging_mixin.py:188} INFO - [2024-03-11T22:11:58.248+0000] {dagbag.py:540} INFO - Filling up the DagBag from /home/airflow/.local/lib/python3.8/site-packages/airflow/example_dags/example_sensors.py
[2024-03-11T22:11:58.257+0000] {processor.py:840} INFO - DAG(s) 'example_sensors' retrieved from /home/airflow/.local/lib/python3.8/site-packages/airflow/example_dags/example_sensors.py
[2024-03-11T22:11:58.284+0000] {logging_mixin.py:188} INFO - [2024-03-11T22:11:58.284+0000] {dag.py:3047} INFO - Sync 1 DAGs
[2024-03-11T22:11:58.299+0000] {logging_mixin.py:188} INFO - [2024-03-11T22:11:58.298+0000] {dag.py:3834} INFO - Setting next_dagrun for example_sensors to None, run_after=None
[2024-03-11T22:11:58.334+0000] {processor.py:183} INFO - Processing /home/airflow/.local/lib/python3.8/site-packages/airflow/example_dags/example_sensors.py took 0.093 seconds
[2024-03-11T22:12:28.966+0000] {processor.py:161} INFO - Started process (PID=880) to work on /home/airflow/.local/lib/python3.8/site-packages/airflow/example_dags/example_sensors.py
[2024-03-11T22:12:28.967+0000] {processor.py:830} INFO - Processing file /home/airflow/.local/lib/python3.8/site-packages/airflow/example_dags/example_sensors.py for tasks to queue
[2024-03-11T22:12:28.971+0000] {logging_mixin.py:188} INFO - [2024-03-11T22:12:28.970+0000] {dagbag.py:540} INFO - Filling up the DagBag from /home/airflow/.local/lib/python3.8/site-packages/airflow/example_dags/example_sensors.py
[2024-03-11T22:12:28.979+0000] {processor.py:840} INFO - DAG(s) 'example_sensors' retrieved from /home/airflow/.local/lib/python3.8/site-packages/airflow/example_dags/example_sensors.py
[2024-03-11T22:12:29.012+0000] {logging_mixin.py:188} INFO - [2024-03-11T22:12:29.011+0000] {dag.py:3047} INFO - Sync 1 DAGs
[2024-03-11T22:12:29.029+0000] {logging_mixin.py:188} INFO - [2024-03-11T22:12:29.029+0000] {dag.py:3834} INFO - Setting next_dagrun for example_sensors to None, run_after=None
[2024-03-11T22:12:29.065+0000] {processor.py:183} INFO - Processing /home/airflow/.local/lib/python3.8/site-packages/airflow/example_dags/example_sensors.py took 0.103 seconds
[2024-03-11T22:12:59.478+0000] {processor.py:161} INFO - Started process (PID=937) to work on /home/airflow/.local/lib/python3.8/site-packages/airflow/example_dags/example_sensors.py
[2024-03-11T22:12:59.480+0000] {processor.py:830} INFO - Processing file /home/airflow/.local/lib/python3.8/site-packages/airflow/example_dags/example_sensors.py for tasks to queue
[2024-03-11T22:12:59.484+0000] {logging_mixin.py:188} INFO - [2024-03-11T22:12:59.483+0000] {dagbag.py:540} INFO - Filling up the DagBag from /home/airflow/.local/lib/python3.8/site-packages/airflow/example_dags/example_sensors.py
[2024-03-11T22:12:59.492+0000] {processor.py:840} INFO - DAG(s) 'example_sensors' retrieved from /home/airflow/.local/lib/python3.8/site-packages/airflow/example_dags/example_sensors.py
[2024-03-11T22:12:59.522+0000] {logging_mixin.py:188} INFO - [2024-03-11T22:12:59.522+0000] {dag.py:3047} INFO - Sync 1 DAGs
[2024-03-11T22:12:59.537+0000] {logging_mixin.py:188} INFO - [2024-03-11T22:12:59.537+0000] {dag.py:3834} INFO - Setting next_dagrun for example_sensors to None, run_after=None
[2024-03-11T22:12:59.566+0000] {processor.py:183} INFO - Processing /home/airflow/.local/lib/python3.8/site-packages/airflow/example_dags/example_sensors.py took 0.091 seconds
[2024-03-11T22:13:29.700+0000] {processor.py:161} INFO - Started process (PID=994) to work on /home/airflow/.local/lib/python3.8/site-packages/airflow/example_dags/example_sensors.py
[2024-03-11T22:13:29.701+0000] {processor.py:830} INFO - Processing file /home/airflow/.local/lib/python3.8/site-packages/airflow/example_dags/example_sensors.py for tasks to queue
[2024-03-11T22:13:29.703+0000] {logging_mixin.py:188} INFO - [2024-03-11T22:13:29.703+0000] {dagbag.py:540} INFO - Filling up the DagBag from /home/airflow/.local/lib/python3.8/site-packages/airflow/example_dags/example_sensors.py
[2024-03-11T22:13:29.711+0000] {processor.py:840} INFO - DAG(s) 'example_sensors' retrieved from /home/airflow/.local/lib/python3.8/site-packages/airflow/example_dags/example_sensors.py
[2024-03-11T22:13:29.758+0000] {logging_mixin.py:188} INFO - [2024-03-11T22:13:29.757+0000] {dag.py:3047} INFO - Sync 1 DAGs
[2024-03-11T22:13:29.778+0000] {logging_mixin.py:188} INFO - [2024-03-11T22:13:29.778+0000] {dag.py:3834} INFO - Setting next_dagrun for example_sensors to None, run_after=None
[2024-03-11T22:13:29.804+0000] {processor.py:183} INFO - Processing /home/airflow/.local/lib/python3.8/site-packages/airflow/example_dags/example_sensors.py took 0.107 seconds
[2024-03-11T22:14:00.865+0000] {processor.py:161} INFO - Started process (PID=1051) to work on /home/airflow/.local/lib/python3.8/site-packages/airflow/example_dags/example_sensors.py
[2024-03-11T22:14:00.866+0000] {processor.py:830} INFO - Processing file /home/airflow/.local/lib/python3.8/site-packages/airflow/example_dags/example_sensors.py for tasks to queue
[2024-03-11T22:14:00.868+0000] {logging_mixin.py:188} INFO - [2024-03-11T22:14:00.868+0000] {dagbag.py:540} INFO - Filling up the DagBag from /home/airflow/.local/lib/python3.8/site-packages/airflow/example_dags/example_sensors.py
[2024-03-11T22:14:00.901+0000] {processor.py:840} INFO - DAG(s) 'example_sensors' retrieved from /home/airflow/.local/lib/python3.8/site-packages/airflow/example_dags/example_sensors.py
[2024-03-11T22:14:00.936+0000] {logging_mixin.py:188} INFO - [2024-03-11T22:14:00.936+0000] {dag.py:3047} INFO - Sync 1 DAGs
[2024-03-11T22:14:00.951+0000] {logging_mixin.py:188} INFO - [2024-03-11T22:14:00.951+0000] {dag.py:3834} INFO - Setting next_dagrun for example_sensors to None, run_after=None
[2024-03-11T22:14:00.988+0000] {processor.py:183} INFO - Processing /home/airflow/.local/lib/python3.8/site-packages/airflow/example_dags/example_sensors.py took 0.126 seconds
[2024-03-11T22:14:31.044+0000] {processor.py:161} INFO - Started process (PID=1108) to work on /home/airflow/.local/lib/python3.8/site-packages/airflow/example_dags/example_sensors.py
[2024-03-11T22:14:31.046+0000] {processor.py:830} INFO - Processing file /home/airflow/.local/lib/python3.8/site-packages/airflow/example_dags/example_sensors.py for tasks to queue
[2024-03-11T22:14:31.047+0000] {logging_mixin.py:188} INFO - [2024-03-11T22:14:31.047+0000] {dagbag.py:540} INFO - Filling up the DagBag from /home/airflow/.local/lib/python3.8/site-packages/airflow/example_dags/example_sensors.py
[2024-03-11T22:14:31.055+0000] {processor.py:840} INFO - DAG(s) 'example_sensors' retrieved from /home/airflow/.local/lib/python3.8/site-packages/airflow/example_dags/example_sensors.py
[2024-03-11T22:14:31.080+0000] {logging_mixin.py:188} INFO - [2024-03-11T22:14:31.080+0000] {dag.py:3047} INFO - Sync 1 DAGs
[2024-03-11T22:14:31.092+0000] {logging_mixin.py:188} INFO - [2024-03-11T22:14:31.092+0000] {dag.py:3834} INFO - Setting next_dagrun for example_sensors to None, run_after=None
[2024-03-11T22:14:31.117+0000] {processor.py:183} INFO - Processing /home/airflow/.local/lib/python3.8/site-packages/airflow/example_dags/example_sensors.py took 0.076 seconds
[2024-03-11T22:15:01.275+0000] {processor.py:161} INFO - Started process (PID=1165) to work on /home/airflow/.local/lib/python3.8/site-packages/airflow/example_dags/example_sensors.py
[2024-03-11T22:15:01.277+0000] {processor.py:830} INFO - Processing file /home/airflow/.local/lib/python3.8/site-packages/airflow/example_dags/example_sensors.py for tasks to queue
[2024-03-11T22:15:01.278+0000] {logging_mixin.py:188} INFO - [2024-03-11T22:15:01.278+0000] {dagbag.py:540} INFO - Filling up the DagBag from /home/airflow/.local/lib/python3.8/site-packages/airflow/example_dags/example_sensors.py
[2024-03-11T22:15:01.287+0000] {processor.py:840} INFO - DAG(s) 'example_sensors' retrieved from /home/airflow/.local/lib/python3.8/site-packages/airflow/example_dags/example_sensors.py
[2024-03-11T22:15:01.315+0000] {logging_mixin.py:188} INFO - [2024-03-11T22:15:01.315+0000] {dag.py:3047} INFO - Sync 1 DAGs
[2024-03-11T22:15:01.329+0000] {logging_mixin.py:188} INFO - [2024-03-11T22:15:01.328+0000] {dag.py:3834} INFO - Setting next_dagrun for example_sensors to None, run_after=None
[2024-03-11T22:15:01.356+0000] {processor.py:183} INFO - Processing /home/airflow/.local/lib/python3.8/site-packages/airflow/example_dags/example_sensors.py took 0.083 seconds
[2024-03-11T22:15:31.395+0000] {processor.py:161} INFO - Started process (PID=1222) to work on /home/airflow/.local/lib/python3.8/site-packages/airflow/example_dags/example_sensors.py
[2024-03-11T22:15:31.397+0000] {processor.py:830} INFO - Processing file /home/airflow/.local/lib/python3.8/site-packages/airflow/example_dags/example_sensors.py for tasks to queue
[2024-03-11T22:15:31.398+0000] {logging_mixin.py:188} INFO - [2024-03-11T22:15:31.398+0000] {dagbag.py:540} INFO - Filling up the DagBag from /home/airflow/.local/lib/python3.8/site-packages/airflow/example_dags/example_sensors.py
[2024-03-11T22:15:31.406+0000] {processor.py:840} INFO - DAG(s) 'example_sensors' retrieved from /home/airflow/.local/lib/python3.8/site-packages/airflow/example_dags/example_sensors.py
[2024-03-11T22:15:31.432+0000] {logging_mixin.py:188} INFO - [2024-03-11T22:15:31.431+0000] {dag.py:3047} INFO - Sync 1 DAGs
[2024-03-11T22:15:31.445+0000] {logging_mixin.py:188} INFO - [2024-03-11T22:15:31.445+0000] {dag.py:3834} INFO - Setting next_dagrun for example_sensors to None, run_after=None
[2024-03-11T22:15:31.470+0000] {processor.py:183} INFO - Processing /home/airflow/.local/lib/python3.8/site-packages/airflow/example_dags/example_sensors.py took 0.077 seconds
[2024-03-11T22:16:01.584+0000] {processor.py:161} INFO - Started process (PID=1279) to work on /home/airflow/.local/lib/python3.8/site-packages/airflow/example_dags/example_sensors.py
[2024-03-11T22:16:01.586+0000] {processor.py:830} INFO - Processing file /home/airflow/.local/lib/python3.8/site-packages/airflow/example_dags/example_sensors.py for tasks to queue
[2024-03-11T22:16:01.588+0000] {logging_mixin.py:188} INFO - [2024-03-11T22:16:01.588+0000] {dagbag.py:540} INFO - Filling up the DagBag from /home/airflow/.local/lib/python3.8/site-packages/airflow/example_dags/example_sensors.py
[2024-03-11T22:16:01.596+0000] {processor.py:840} INFO - DAG(s) 'example_sensors' retrieved from /home/airflow/.local/lib/python3.8/site-packages/airflow/example_dags/example_sensors.py
[2024-03-11T22:16:01.621+0000] {logging_mixin.py:188} INFO - [2024-03-11T22:16:01.620+0000] {dag.py:3047} INFO - Sync 1 DAGs
[2024-03-11T22:16:01.632+0000] {logging_mixin.py:188} INFO - [2024-03-11T22:16:01.632+0000] {dag.py:3834} INFO - Setting next_dagrun for example_sensors to None, run_after=None
[2024-03-11T22:16:01.656+0000] {processor.py:183} INFO - Processing /home/airflow/.local/lib/python3.8/site-packages/airflow/example_dags/example_sensors.py took 0.075 seconds
[2024-03-11T22:16:32.380+0000] {processor.py:161} INFO - Started process (PID=1336) to work on /home/airflow/.local/lib/python3.8/site-packages/airflow/example_dags/example_sensors.py
[2024-03-11T22:16:32.382+0000] {processor.py:830} INFO - Processing file /home/airflow/.local/lib/python3.8/site-packages/airflow/example_dags/example_sensors.py for tasks to queue
[2024-03-11T22:16:32.383+0000] {logging_mixin.py:188} INFO - [2024-03-11T22:16:32.383+0000] {dagbag.py:540} INFO - Filling up the DagBag from /home/airflow/.local/lib/python3.8/site-packages/airflow/example_dags/example_sensors.py
[2024-03-11T22:16:32.393+0000] {processor.py:840} INFO - DAG(s) 'example_sensors' retrieved from /home/airflow/.local/lib/python3.8/site-packages/airflow/example_dags/example_sensors.py
[2024-03-11T22:16:32.418+0000] {logging_mixin.py:188} INFO - [2024-03-11T22:16:32.418+0000] {dag.py:3047} INFO - Sync 1 DAGs
[2024-03-11T22:16:32.431+0000] {logging_mixin.py:188} INFO - [2024-03-11T22:16:32.431+0000] {dag.py:3834} INFO - Setting next_dagrun for example_sensors to None, run_after=None
[2024-03-11T22:16:32.456+0000] {processor.py:183} INFO - Processing /home/airflow/.local/lib/python3.8/site-packages/airflow/example_dags/example_sensors.py took 0.080 seconds
[2024-03-11T22:17:02.722+0000] {processor.py:161} INFO - Started process (PID=1393) to work on /home/airflow/.local/lib/python3.8/site-packages/airflow/example_dags/example_sensors.py
[2024-03-11T22:17:02.724+0000] {processor.py:830} INFO - Processing file /home/airflow/.local/lib/python3.8/site-packages/airflow/example_dags/example_sensors.py for tasks to queue
[2024-03-11T22:17:02.725+0000] {logging_mixin.py:188} INFO - [2024-03-11T22:17:02.725+0000] {dagbag.py:540} INFO - Filling up the DagBag from /home/airflow/.local/lib/python3.8/site-packages/airflow/example_dags/example_sensors.py
[2024-03-11T22:17:02.732+0000] {processor.py:840} INFO - DAG(s) 'example_sensors' retrieved from /home/airflow/.local/lib/python3.8/site-packages/airflow/example_dags/example_sensors.py
[2024-03-11T22:17:02.758+0000] {logging_mixin.py:188} INFO - [2024-03-11T22:17:02.757+0000] {dag.py:3047} INFO - Sync 1 DAGs
[2024-03-11T22:17:02.771+0000] {logging_mixin.py:188} INFO - [2024-03-11T22:17:02.771+0000] {dag.py:3834} INFO - Setting next_dagrun for example_sensors to None, run_after=None
[2024-03-11T22:17:02.797+0000] {processor.py:183} INFO - Processing /home/airflow/.local/lib/python3.8/site-packages/airflow/example_dags/example_sensors.py took 0.078 seconds
