[2024-03-11T22:02:16.325+0000] {processor.py:161} INFO - Started process (PID=85) to work on /home/airflow/.local/lib/python3.8/site-packages/airflow/example_dags/example_branch_operator.py
[2024-03-11T22:02:16.327+0000] {processor.py:830} INFO - Processing file /home/airflow/.local/lib/python3.8/site-packages/airflow/example_dags/example_branch_operator.py for tasks to queue
[2024-03-11T22:02:16.329+0000] {logging_mixin.py:188} INFO - [2024-03-11T22:02:16.329+0000] {dagbag.py:540} INFO - Filling up the DagBag from /home/airflow/.local/lib/python3.8/site-packages/airflow/example_dags/example_branch_operator.py
[2024-03-11T22:02:16.356+0000] {processor.py:840} INFO - DAG(s) 'example_branch_operator' retrieved from /home/airflow/.local/lib/python3.8/site-packages/airflow/example_dags/example_branch_operator.py
[2024-03-11T22:02:16.527+0000] {logging_mixin.py:188} INFO - [2024-03-11T22:02:16.526+0000] {dag.py:3047} INFO - Sync 1 DAGs
[2024-03-11T22:02:16.563+0000] {logging_mixin.py:188} INFO - [2024-03-11T22:02:16.562+0000] {dag.py:3834} INFO - Setting next_dagrun for example_branch_operator to 2024-03-10 00:00:00+00:00, run_after=2024-03-11 00:00:00+00:00
[2024-03-11T22:02:16.603+0000] {processor.py:183} INFO - Processing /home/airflow/.local/lib/python3.8/site-packages/airflow/example_dags/example_branch_operator.py took 0.281 seconds
[2024-03-11T22:02:46.723+0000] {processor.py:161} INFO - Started process (PID=142) to work on /home/airflow/.local/lib/python3.8/site-packages/airflow/example_dags/example_branch_operator.py
[2024-03-11T22:02:46.724+0000] {processor.py:830} INFO - Processing file /home/airflow/.local/lib/python3.8/site-packages/airflow/example_dags/example_branch_operator.py for tasks to queue
[2024-03-11T22:02:46.726+0000] {logging_mixin.py:188} INFO - [2024-03-11T22:02:46.726+0000] {dagbag.py:540} INFO - Filling up the DagBag from /home/airflow/.local/lib/python3.8/site-packages/airflow/example_dags/example_branch_operator.py
[2024-03-11T22:02:46.746+0000] {processor.py:840} INFO - DAG(s) 'example_branch_operator' retrieved from /home/airflow/.local/lib/python3.8/site-packages/airflow/example_dags/example_branch_operator.py
[2024-03-11T22:02:46.782+0000] {logging_mixin.py:188} INFO - [2024-03-11T22:02:46.782+0000] {dag.py:3047} INFO - Sync 1 DAGs
[2024-03-11T22:02:46.808+0000] {logging_mixin.py:188} INFO - [2024-03-11T22:02:46.808+0000] {dag.py:3834} INFO - Setting next_dagrun for example_branch_operator to 2024-03-10 00:00:00+00:00, run_after=2024-03-11 00:00:00+00:00
[2024-03-11T22:02:46.835+0000] {processor.py:183} INFO - Processing /home/airflow/.local/lib/python3.8/site-packages/airflow/example_dags/example_branch_operator.py took 0.117 seconds
[2024-03-11T22:05:20.618+0000] {processor.py:161} INFO - Started process (PID=78) to work on /home/airflow/.local/lib/python3.8/site-packages/airflow/example_dags/example_branch_operator.py
[2024-03-11T22:05:20.620+0000] {processor.py:830} INFO - Processing file /home/airflow/.local/lib/python3.8/site-packages/airflow/example_dags/example_branch_operator.py for tasks to queue
[2024-03-11T22:05:20.621+0000] {logging_mixin.py:188} INFO - [2024-03-11T22:05:20.621+0000] {dagbag.py:540} INFO - Filling up the DagBag from /home/airflow/.local/lib/python3.8/site-packages/airflow/example_dags/example_branch_operator.py
[2024-03-11T22:05:20.638+0000] {processor.py:840} INFO - DAG(s) 'example_branch_operator' retrieved from /home/airflow/.local/lib/python3.8/site-packages/airflow/example_dags/example_branch_operator.py
[2024-03-11T22:05:20.830+0000] {logging_mixin.py:188} INFO - [2024-03-11T22:05:20.830+0000] {dag.py:3047} INFO - Sync 1 DAGs
[2024-03-11T22:05:20.859+0000] {logging_mixin.py:188} INFO - [2024-03-11T22:05:20.859+0000] {dag.py:3834} INFO - Setting next_dagrun for example_branch_operator to 2024-03-10 00:00:00+00:00, run_after=2024-03-11 00:00:00+00:00
[2024-03-11T22:05:20.887+0000] {processor.py:183} INFO - Processing /home/airflow/.local/lib/python3.8/site-packages/airflow/example_dags/example_branch_operator.py took 0.272 seconds
[2024-03-11T22:05:51.807+0000] {processor.py:161} INFO - Started process (PID=135) to work on /home/airflow/.local/lib/python3.8/site-packages/airflow/example_dags/example_branch_operator.py
[2024-03-11T22:05:51.808+0000] {processor.py:830} INFO - Processing file /home/airflow/.local/lib/python3.8/site-packages/airflow/example_dags/example_branch_operator.py for tasks to queue
[2024-03-11T22:05:51.810+0000] {logging_mixin.py:188} INFO - [2024-03-11T22:05:51.810+0000] {dagbag.py:540} INFO - Filling up the DagBag from /home/airflow/.local/lib/python3.8/site-packages/airflow/example_dags/example_branch_operator.py
[2024-03-11T22:05:51.826+0000] {processor.py:840} INFO - DAG(s) 'example_branch_operator' retrieved from /home/airflow/.local/lib/python3.8/site-packages/airflow/example_dags/example_branch_operator.py
[2024-03-11T22:05:51.854+0000] {logging_mixin.py:188} INFO - [2024-03-11T22:05:51.853+0000] {dag.py:3047} INFO - Sync 1 DAGs
[2024-03-11T22:05:51.876+0000] {logging_mixin.py:188} INFO - [2024-03-11T22:05:51.876+0000] {dag.py:3834} INFO - Setting next_dagrun for example_branch_operator to 2024-03-10 00:00:00+00:00, run_after=2024-03-11 00:00:00+00:00
[2024-03-11T22:05:51.901+0000] {processor.py:183} INFO - Processing /home/airflow/.local/lib/python3.8/site-packages/airflow/example_dags/example_branch_operator.py took 0.097 seconds
[2024-03-11T22:06:22.678+0000] {processor.py:161} INFO - Started process (PID=192) to work on /home/airflow/.local/lib/python3.8/site-packages/airflow/example_dags/example_branch_operator.py
[2024-03-11T22:06:22.679+0000] {processor.py:830} INFO - Processing file /home/airflow/.local/lib/python3.8/site-packages/airflow/example_dags/example_branch_operator.py for tasks to queue
[2024-03-11T22:06:22.681+0000] {logging_mixin.py:188} INFO - [2024-03-11T22:06:22.681+0000] {dagbag.py:540} INFO - Filling up the DagBag from /home/airflow/.local/lib/python3.8/site-packages/airflow/example_dags/example_branch_operator.py
[2024-03-11T22:06:22.704+0000] {processor.py:840} INFO - DAG(s) 'example_branch_operator' retrieved from /home/airflow/.local/lib/python3.8/site-packages/airflow/example_dags/example_branch_operator.py
[2024-03-11T22:06:22.740+0000] {logging_mixin.py:188} INFO - [2024-03-11T22:06:22.739+0000] {dag.py:3047} INFO - Sync 1 DAGs
[2024-03-11T22:06:22.771+0000] {logging_mixin.py:188} INFO - [2024-03-11T22:06:22.771+0000] {dag.py:3834} INFO - Setting next_dagrun for example_branch_operator to 2024-03-10 00:00:00+00:00, run_after=2024-03-11 00:00:00+00:00
[2024-03-11T22:06:22.810+0000] {processor.py:183} INFO - Processing /home/airflow/.local/lib/python3.8/site-packages/airflow/example_dags/example_branch_operator.py took 0.136 seconds
[2024-03-11T22:06:53.473+0000] {processor.py:161} INFO - Started process (PID=249) to work on /home/airflow/.local/lib/python3.8/site-packages/airflow/example_dags/example_branch_operator.py
[2024-03-11T22:06:53.481+0000] {processor.py:830} INFO - Processing file /home/airflow/.local/lib/python3.8/site-packages/airflow/example_dags/example_branch_operator.py for tasks to queue
[2024-03-11T22:06:53.483+0000] {logging_mixin.py:188} INFO - [2024-03-11T22:06:53.482+0000] {dagbag.py:540} INFO - Filling up the DagBag from /home/airflow/.local/lib/python3.8/site-packages/airflow/example_dags/example_branch_operator.py
[2024-03-11T22:06:53.498+0000] {processor.py:840} INFO - DAG(s) 'example_branch_operator' retrieved from /home/airflow/.local/lib/python3.8/site-packages/airflow/example_dags/example_branch_operator.py
[2024-03-11T22:06:53.527+0000] {logging_mixin.py:188} INFO - [2024-03-11T22:06:53.527+0000] {dag.py:3047} INFO - Sync 1 DAGs
[2024-03-11T22:06:53.550+0000] {logging_mixin.py:188} INFO - [2024-03-11T22:06:53.550+0000] {dag.py:3834} INFO - Setting next_dagrun for example_branch_operator to 2024-03-10 00:00:00+00:00, run_after=2024-03-11 00:00:00+00:00
[2024-03-11T22:06:53.574+0000] {processor.py:183} INFO - Processing /home/airflow/.local/lib/python3.8/site-packages/airflow/example_dags/example_branch_operator.py took 0.104 seconds
[2024-03-11T22:07:23.652+0000] {processor.py:161} INFO - Started process (PID=306) to work on /home/airflow/.local/lib/python3.8/site-packages/airflow/example_dags/example_branch_operator.py
[2024-03-11T22:07:23.653+0000] {processor.py:830} INFO - Processing file /home/airflow/.local/lib/python3.8/site-packages/airflow/example_dags/example_branch_operator.py for tasks to queue
[2024-03-11T22:07:23.655+0000] {logging_mixin.py:188} INFO - [2024-03-11T22:07:23.654+0000] {dagbag.py:540} INFO - Filling up the DagBag from /home/airflow/.local/lib/python3.8/site-packages/airflow/example_dags/example_branch_operator.py
[2024-03-11T22:07:23.670+0000] {processor.py:840} INFO - DAG(s) 'example_branch_operator' retrieved from /home/airflow/.local/lib/python3.8/site-packages/airflow/example_dags/example_branch_operator.py
[2024-03-11T22:07:23.698+0000] {logging_mixin.py:188} INFO - [2024-03-11T22:07:23.698+0000] {dag.py:3047} INFO - Sync 1 DAGs
[2024-03-11T22:07:23.722+0000] {logging_mixin.py:188} INFO - [2024-03-11T22:07:23.721+0000] {dag.py:3834} INFO - Setting next_dagrun for example_branch_operator to 2024-03-10 00:00:00+00:00, run_after=2024-03-11 00:00:00+00:00
[2024-03-11T22:07:23.745+0000] {processor.py:183} INFO - Processing /home/airflow/.local/lib/python3.8/site-packages/airflow/example_dags/example_branch_operator.py took 0.097 seconds
[2024-03-11T22:07:53.892+0000] {processor.py:161} INFO - Started process (PID=363) to work on /home/airflow/.local/lib/python3.8/site-packages/airflow/example_dags/example_branch_operator.py
[2024-03-11T22:07:53.900+0000] {processor.py:830} INFO - Processing file /home/airflow/.local/lib/python3.8/site-packages/airflow/example_dags/example_branch_operator.py for tasks to queue
[2024-03-11T22:07:53.901+0000] {logging_mixin.py:188} INFO - [2024-03-11T22:07:53.901+0000] {dagbag.py:540} INFO - Filling up the DagBag from /home/airflow/.local/lib/python3.8/site-packages/airflow/example_dags/example_branch_operator.py
[2024-03-11T22:07:53.916+0000] {processor.py:840} INFO - DAG(s) 'example_branch_operator' retrieved from /home/airflow/.local/lib/python3.8/site-packages/airflow/example_dags/example_branch_operator.py
[2024-03-11T22:07:53.943+0000] {logging_mixin.py:188} INFO - [2024-03-11T22:07:53.943+0000] {dag.py:3047} INFO - Sync 1 DAGs
[2024-03-11T22:07:53.968+0000] {logging_mixin.py:188} INFO - [2024-03-11T22:07:53.968+0000] {dag.py:3834} INFO - Setting next_dagrun for example_branch_operator to 2024-03-10 00:00:00+00:00, run_after=2024-03-11 00:00:00+00:00
[2024-03-11T22:07:53.995+0000] {processor.py:183} INFO - Processing /home/airflow/.local/lib/python3.8/site-packages/airflow/example_dags/example_branch_operator.py took 0.107 seconds
[2024-03-11T22:08:24.453+0000] {processor.py:161} INFO - Started process (PID=420) to work on /home/airflow/.local/lib/python3.8/site-packages/airflow/example_dags/example_branch_operator.py
[2024-03-11T22:08:24.469+0000] {processor.py:830} INFO - Processing file /home/airflow/.local/lib/python3.8/site-packages/airflow/example_dags/example_branch_operator.py for tasks to queue
[2024-03-11T22:08:24.470+0000] {logging_mixin.py:188} INFO - [2024-03-11T22:08:24.470+0000] {dagbag.py:540} INFO - Filling up the DagBag from /home/airflow/.local/lib/python3.8/site-packages/airflow/example_dags/example_branch_operator.py
[2024-03-11T22:08:24.485+0000] {processor.py:840} INFO - DAG(s) 'example_branch_operator' retrieved from /home/airflow/.local/lib/python3.8/site-packages/airflow/example_dags/example_branch_operator.py
[2024-03-11T22:08:24.512+0000] {logging_mixin.py:188} INFO - [2024-03-11T22:08:24.512+0000] {dag.py:3047} INFO - Sync 1 DAGs
[2024-03-11T22:08:24.538+0000] {logging_mixin.py:188} INFO - [2024-03-11T22:08:24.538+0000] {dag.py:3834} INFO - Setting next_dagrun for example_branch_operator to 2024-03-10 00:00:00+00:00, run_after=2024-03-11 00:00:00+00:00
[2024-03-11T22:08:24.562+0000] {processor.py:183} INFO - Processing /home/airflow/.local/lib/python3.8/site-packages/airflow/example_dags/example_branch_operator.py took 0.112 seconds
[2024-03-11T22:08:55.324+0000] {processor.py:161} INFO - Started process (PID=477) to work on /home/airflow/.local/lib/python3.8/site-packages/airflow/example_dags/example_branch_operator.py
[2024-03-11T22:08:55.325+0000] {processor.py:830} INFO - Processing file /home/airflow/.local/lib/python3.8/site-packages/airflow/example_dags/example_branch_operator.py for tasks to queue
[2024-03-11T22:08:55.327+0000] {logging_mixin.py:188} INFO - [2024-03-11T22:08:55.327+0000] {dagbag.py:540} INFO - Filling up the DagBag from /home/airflow/.local/lib/python3.8/site-packages/airflow/example_dags/example_branch_operator.py
[2024-03-11T22:08:55.345+0000] {processor.py:840} INFO - DAG(s) 'example_branch_operator' retrieved from /home/airflow/.local/lib/python3.8/site-packages/airflow/example_dags/example_branch_operator.py
[2024-03-11T22:08:55.377+0000] {logging_mixin.py:188} INFO - [2024-03-11T22:08:55.376+0000] {dag.py:3047} INFO - Sync 1 DAGs
[2024-03-11T22:08:55.406+0000] {logging_mixin.py:188} INFO - [2024-03-11T22:08:55.406+0000] {dag.py:3834} INFO - Setting next_dagrun for example_branch_operator to 2024-03-10 00:00:00+00:00, run_after=2024-03-11 00:00:00+00:00
[2024-03-11T22:08:55.434+0000] {processor.py:183} INFO - Processing /home/airflow/.local/lib/python3.8/site-packages/airflow/example_dags/example_branch_operator.py took 0.113 seconds
[2024-03-11T22:09:25.514+0000] {processor.py:161} INFO - Started process (PID=534) to work on /home/airflow/.local/lib/python3.8/site-packages/airflow/example_dags/example_branch_operator.py
[2024-03-11T22:09:25.516+0000] {processor.py:830} INFO - Processing file /home/airflow/.local/lib/python3.8/site-packages/airflow/example_dags/example_branch_operator.py for tasks to queue
[2024-03-11T22:09:25.518+0000] {logging_mixin.py:188} INFO - [2024-03-11T22:09:25.517+0000] {dagbag.py:540} INFO - Filling up the DagBag from /home/airflow/.local/lib/python3.8/site-packages/airflow/example_dags/example_branch_operator.py
[2024-03-11T22:09:25.534+0000] {processor.py:840} INFO - DAG(s) 'example_branch_operator' retrieved from /home/airflow/.local/lib/python3.8/site-packages/airflow/example_dags/example_branch_operator.py
[2024-03-11T22:09:25.562+0000] {logging_mixin.py:188} INFO - [2024-03-11T22:09:25.562+0000] {dag.py:3047} INFO - Sync 1 DAGs
[2024-03-11T22:09:25.585+0000] {logging_mixin.py:188} INFO - [2024-03-11T22:09:25.585+0000] {dag.py:3834} INFO - Setting next_dagrun for example_branch_operator to 2024-03-10 00:00:00+00:00, run_after=2024-03-11 00:00:00+00:00
[2024-03-11T22:09:25.609+0000] {processor.py:183} INFO - Processing /home/airflow/.local/lib/python3.8/site-packages/airflow/example_dags/example_branch_operator.py took 0.098 seconds
[2024-03-11T22:09:55.716+0000] {processor.py:161} INFO - Started process (PID=591) to work on /home/airflow/.local/lib/python3.8/site-packages/airflow/example_dags/example_branch_operator.py
[2024-03-11T22:09:55.718+0000] {processor.py:830} INFO - Processing file /home/airflow/.local/lib/python3.8/site-packages/airflow/example_dags/example_branch_operator.py for tasks to queue
[2024-03-11T22:09:55.719+0000] {logging_mixin.py:188} INFO - [2024-03-11T22:09:55.719+0000] {dagbag.py:540} INFO - Filling up the DagBag from /home/airflow/.local/lib/python3.8/site-packages/airflow/example_dags/example_branch_operator.py
[2024-03-11T22:09:55.736+0000] {processor.py:840} INFO - DAG(s) 'example_branch_operator' retrieved from /home/airflow/.local/lib/python3.8/site-packages/airflow/example_dags/example_branch_operator.py
[2024-03-11T22:09:55.764+0000] {logging_mixin.py:188} INFO - [2024-03-11T22:09:55.764+0000] {dag.py:3047} INFO - Sync 1 DAGs
[2024-03-11T22:09:55.792+0000] {logging_mixin.py:188} INFO - [2024-03-11T22:09:55.792+0000] {dag.py:3834} INFO - Setting next_dagrun for example_branch_operator to 2024-03-10 00:00:00+00:00, run_after=2024-03-11 00:00:00+00:00
[2024-03-11T22:09:55.822+0000] {processor.py:183} INFO - Processing /home/airflow/.local/lib/python3.8/site-packages/airflow/example_dags/example_branch_operator.py took 0.109 seconds
[2024-03-11T22:10:26.369+0000] {processor.py:161} INFO - Started process (PID=648) to work on /home/airflow/.local/lib/python3.8/site-packages/airflow/example_dags/example_branch_operator.py
[2024-03-11T22:10:26.371+0000] {processor.py:830} INFO - Processing file /home/airflow/.local/lib/python3.8/site-packages/airflow/example_dags/example_branch_operator.py for tasks to queue
[2024-03-11T22:10:26.372+0000] {logging_mixin.py:188} INFO - [2024-03-11T22:10:26.372+0000] {dagbag.py:540} INFO - Filling up the DagBag from /home/airflow/.local/lib/python3.8/site-packages/airflow/example_dags/example_branch_operator.py
[2024-03-11T22:10:26.392+0000] {processor.py:840} INFO - DAG(s) 'example_branch_operator' retrieved from /home/airflow/.local/lib/python3.8/site-packages/airflow/example_dags/example_branch_operator.py
[2024-03-11T22:10:26.423+0000] {logging_mixin.py:188} INFO - [2024-03-11T22:10:26.423+0000] {dag.py:3047} INFO - Sync 1 DAGs
[2024-03-11T22:10:26.449+0000] {logging_mixin.py:188} INFO - [2024-03-11T22:10:26.448+0000] {dag.py:3834} INFO - Setting next_dagrun for example_branch_operator to 2024-03-10 00:00:00+00:00, run_after=2024-03-11 00:00:00+00:00
[2024-03-11T22:10:26.473+0000] {processor.py:183} INFO - Processing /home/airflow/.local/lib/python3.8/site-packages/airflow/example_dags/example_branch_operator.py took 0.107 seconds
[2024-03-11T22:10:57.266+0000] {processor.py:161} INFO - Started process (PID=705) to work on /home/airflow/.local/lib/python3.8/site-packages/airflow/example_dags/example_branch_operator.py
[2024-03-11T22:10:57.267+0000] {processor.py:830} INFO - Processing file /home/airflow/.local/lib/python3.8/site-packages/airflow/example_dags/example_branch_operator.py for tasks to queue
[2024-03-11T22:10:57.270+0000] {logging_mixin.py:188} INFO - [2024-03-11T22:10:57.269+0000] {dagbag.py:540} INFO - Filling up the DagBag from /home/airflow/.local/lib/python3.8/site-packages/airflow/example_dags/example_branch_operator.py
[2024-03-11T22:10:57.285+0000] {processor.py:840} INFO - DAG(s) 'example_branch_operator' retrieved from /home/airflow/.local/lib/python3.8/site-packages/airflow/example_dags/example_branch_operator.py
[2024-03-11T22:10:57.314+0000] {logging_mixin.py:188} INFO - [2024-03-11T22:10:57.314+0000] {dag.py:3047} INFO - Sync 1 DAGs
[2024-03-11T22:10:57.340+0000] {logging_mixin.py:188} INFO - [2024-03-11T22:10:57.340+0000] {dag.py:3834} INFO - Setting next_dagrun for example_branch_operator to 2024-03-10 00:00:00+00:00, run_after=2024-03-11 00:00:00+00:00
[2024-03-11T22:10:57.367+0000] {processor.py:183} INFO - Processing /home/airflow/.local/lib/python3.8/site-packages/airflow/example_dags/example_branch_operator.py took 0.104 seconds
[2024-03-11T22:11:28.017+0000] {processor.py:161} INFO - Started process (PID=762) to work on /home/airflow/.local/lib/python3.8/site-packages/airflow/example_dags/example_branch_operator.py
[2024-03-11T22:11:28.019+0000] {processor.py:830} INFO - Processing file /home/airflow/.local/lib/python3.8/site-packages/airflow/example_dags/example_branch_operator.py for tasks to queue
[2024-03-11T22:11:28.022+0000] {logging_mixin.py:188} INFO - [2024-03-11T22:11:28.021+0000] {dagbag.py:540} INFO - Filling up the DagBag from /home/airflow/.local/lib/python3.8/site-packages/airflow/example_dags/example_branch_operator.py
[2024-03-11T22:11:28.047+0000] {processor.py:840} INFO - DAG(s) 'example_branch_operator' retrieved from /home/airflow/.local/lib/python3.8/site-packages/airflow/example_dags/example_branch_operator.py
[2024-03-11T22:11:28.085+0000] {logging_mixin.py:188} INFO - [2024-03-11T22:11:28.084+0000] {dag.py:3047} INFO - Sync 1 DAGs
[2024-03-11T22:11:28.114+0000] {logging_mixin.py:188} INFO - [2024-03-11T22:11:28.114+0000] {dag.py:3834} INFO - Setting next_dagrun for example_branch_operator to 2024-03-10 00:00:00+00:00, run_after=2024-03-11 00:00:00+00:00
[2024-03-11T22:11:28.150+0000] {processor.py:183} INFO - Processing /home/airflow/.local/lib/python3.8/site-packages/airflow/example_dags/example_branch_operator.py took 0.135 seconds
[2024-03-11T22:11:58.361+0000] {processor.py:161} INFO - Started process (PID=825) to work on /home/airflow/.local/lib/python3.8/site-packages/airflow/example_dags/example_branch_operator.py
[2024-03-11T22:11:58.362+0000] {processor.py:830} INFO - Processing file /home/airflow/.local/lib/python3.8/site-packages/airflow/example_dags/example_branch_operator.py for tasks to queue
[2024-03-11T22:11:58.365+0000] {logging_mixin.py:188} INFO - [2024-03-11T22:11:58.364+0000] {dagbag.py:540} INFO - Filling up the DagBag from /home/airflow/.local/lib/python3.8/site-packages/airflow/example_dags/example_branch_operator.py
[2024-03-11T22:11:58.397+0000] {processor.py:840} INFO - DAG(s) 'example_branch_operator' retrieved from /home/airflow/.local/lib/python3.8/site-packages/airflow/example_dags/example_branch_operator.py
[2024-03-11T22:11:58.447+0000] {logging_mixin.py:188} INFO - [2024-03-11T22:11:58.447+0000] {dag.py:3047} INFO - Sync 1 DAGs
[2024-03-11T22:11:58.494+0000] {logging_mixin.py:188} INFO - [2024-03-11T22:11:58.494+0000] {dag.py:3834} INFO - Setting next_dagrun for example_branch_operator to 2024-03-10 00:00:00+00:00, run_after=2024-03-11 00:00:00+00:00
[2024-03-11T22:11:58.534+0000] {processor.py:183} INFO - Processing /home/airflow/.local/lib/python3.8/site-packages/airflow/example_dags/example_branch_operator.py took 0.177 seconds
[2024-03-11T22:12:29.096+0000] {processor.py:161} INFO - Started process (PID=882) to work on /home/airflow/.local/lib/python3.8/site-packages/airflow/example_dags/example_branch_operator.py
[2024-03-11T22:12:29.098+0000] {processor.py:830} INFO - Processing file /home/airflow/.local/lib/python3.8/site-packages/airflow/example_dags/example_branch_operator.py for tasks to queue
[2024-03-11T22:12:29.100+0000] {logging_mixin.py:188} INFO - [2024-03-11T22:12:29.100+0000] {dagbag.py:540} INFO - Filling up the DagBag from /home/airflow/.local/lib/python3.8/site-packages/airflow/example_dags/example_branch_operator.py
[2024-03-11T22:12:29.121+0000] {processor.py:840} INFO - DAG(s) 'example_branch_operator' retrieved from /home/airflow/.local/lib/python3.8/site-packages/airflow/example_dags/example_branch_operator.py
[2024-03-11T22:12:29.158+0000] {logging_mixin.py:188} INFO - [2024-03-11T22:12:29.158+0000] {dag.py:3047} INFO - Sync 1 DAGs
[2024-03-11T22:12:29.191+0000] {logging_mixin.py:188} INFO - [2024-03-11T22:12:29.190+0000] {dag.py:3834} INFO - Setting next_dagrun for example_branch_operator to 2024-03-10 00:00:00+00:00, run_after=2024-03-11 00:00:00+00:00
[2024-03-11T22:12:29.225+0000] {processor.py:183} INFO - Processing /home/airflow/.local/lib/python3.8/site-packages/airflow/example_dags/example_branch_operator.py took 0.132 seconds
[2024-03-11T22:12:59.594+0000] {processor.py:161} INFO - Started process (PID=939) to work on /home/airflow/.local/lib/python3.8/site-packages/airflow/example_dags/example_branch_operator.py
[2024-03-11T22:12:59.596+0000] {processor.py:830} INFO - Processing file /home/airflow/.local/lib/python3.8/site-packages/airflow/example_dags/example_branch_operator.py for tasks to queue
[2024-03-11T22:12:59.598+0000] {logging_mixin.py:188} INFO - [2024-03-11T22:12:59.597+0000] {dagbag.py:540} INFO - Filling up the DagBag from /home/airflow/.local/lib/python3.8/site-packages/airflow/example_dags/example_branch_operator.py
[2024-03-11T22:12:59.617+0000] {processor.py:840} INFO - DAG(s) 'example_branch_operator' retrieved from /home/airflow/.local/lib/python3.8/site-packages/airflow/example_dags/example_branch_operator.py
[2024-03-11T22:12:59.653+0000] {logging_mixin.py:188} INFO - [2024-03-11T22:12:59.653+0000] {dag.py:3047} INFO - Sync 1 DAGs
[2024-03-11T22:12:59.686+0000] {logging_mixin.py:188} INFO - [2024-03-11T22:12:59.686+0000] {dag.py:3834} INFO - Setting next_dagrun for example_branch_operator to 2024-03-10 00:00:00+00:00, run_after=2024-03-11 00:00:00+00:00
[2024-03-11T22:12:59.712+0000] {processor.py:183} INFO - Processing /home/airflow/.local/lib/python3.8/site-packages/airflow/example_dags/example_branch_operator.py took 0.121 seconds
[2024-03-11T22:13:29.829+0000] {processor.py:161} INFO - Started process (PID=996) to work on /home/airflow/.local/lib/python3.8/site-packages/airflow/example_dags/example_branch_operator.py
[2024-03-11T22:13:29.831+0000] {processor.py:830} INFO - Processing file /home/airflow/.local/lib/python3.8/site-packages/airflow/example_dags/example_branch_operator.py for tasks to queue
[2024-03-11T22:13:29.832+0000] {logging_mixin.py:188} INFO - [2024-03-11T22:13:29.832+0000] {dagbag.py:540} INFO - Filling up the DagBag from /home/airflow/.local/lib/python3.8/site-packages/airflow/example_dags/example_branch_operator.py
[2024-03-11T22:13:29.850+0000] {processor.py:840} INFO - DAG(s) 'example_branch_operator' retrieved from /home/airflow/.local/lib/python3.8/site-packages/airflow/example_dags/example_branch_operator.py
[2024-03-11T22:13:29.880+0000] {logging_mixin.py:188} INFO - [2024-03-11T22:13:29.879+0000] {dag.py:3047} INFO - Sync 1 DAGs
[2024-03-11T22:13:29.905+0000] {logging_mixin.py:188} INFO - [2024-03-11T22:13:29.905+0000] {dag.py:3834} INFO - Setting next_dagrun for example_branch_operator to 2024-03-10 00:00:00+00:00, run_after=2024-03-11 00:00:00+00:00
[2024-03-11T22:13:29.933+0000] {processor.py:183} INFO - Processing /home/airflow/.local/lib/python3.8/site-packages/airflow/example_dags/example_branch_operator.py took 0.106 seconds
[2024-03-11T22:14:01.015+0000] {processor.py:161} INFO - Started process (PID=1053) to work on /home/airflow/.local/lib/python3.8/site-packages/airflow/example_dags/example_branch_operator.py
[2024-03-11T22:14:01.016+0000] {processor.py:830} INFO - Processing file /home/airflow/.local/lib/python3.8/site-packages/airflow/example_dags/example_branch_operator.py for tasks to queue
[2024-03-11T22:14:01.017+0000] {logging_mixin.py:188} INFO - [2024-03-11T22:14:01.017+0000] {dagbag.py:540} INFO - Filling up the DagBag from /home/airflow/.local/lib/python3.8/site-packages/airflow/example_dags/example_branch_operator.py
[2024-03-11T22:14:01.054+0000] {processor.py:840} INFO - DAG(s) 'example_branch_operator' retrieved from /home/airflow/.local/lib/python3.8/site-packages/airflow/example_dags/example_branch_operator.py
[2024-03-11T22:14:01.083+0000] {logging_mixin.py:188} INFO - [2024-03-11T22:14:01.083+0000] {dag.py:3047} INFO - Sync 1 DAGs
[2024-03-11T22:14:01.116+0000] {logging_mixin.py:188} INFO - [2024-03-11T22:14:01.116+0000] {dag.py:3834} INFO - Setting next_dagrun for example_branch_operator to 2024-03-10 00:00:00+00:00, run_after=2024-03-11 00:00:00+00:00
[2024-03-11T22:14:01.149+0000] {processor.py:183} INFO - Processing /home/airflow/.local/lib/python3.8/site-packages/airflow/example_dags/example_branch_operator.py took 0.137 seconds
[2024-03-11T22:14:31.219+0000] {processor.py:161} INFO - Started process (PID=1110) to work on /home/airflow/.local/lib/python3.8/site-packages/airflow/example_dags/example_branch_operator.py
[2024-03-11T22:14:31.220+0000] {processor.py:830} INFO - Processing file /home/airflow/.local/lib/python3.8/site-packages/airflow/example_dags/example_branch_operator.py for tasks to queue
[2024-03-11T22:14:31.221+0000] {logging_mixin.py:188} INFO - [2024-03-11T22:14:31.221+0000] {dagbag.py:540} INFO - Filling up the DagBag from /home/airflow/.local/lib/python3.8/site-packages/airflow/example_dags/example_branch_operator.py
[2024-03-11T22:14:31.242+0000] {processor.py:840} INFO - DAG(s) 'example_branch_operator' retrieved from /home/airflow/.local/lib/python3.8/site-packages/airflow/example_dags/example_branch_operator.py
[2024-03-11T22:14:31.270+0000] {logging_mixin.py:188} INFO - [2024-03-11T22:14:31.270+0000] {dag.py:3047} INFO - Sync 1 DAGs
[2024-03-11T22:14:31.292+0000] {logging_mixin.py:188} INFO - [2024-03-11T22:14:31.292+0000] {dag.py:3834} INFO - Setting next_dagrun for example_branch_operator to 2024-03-10 00:00:00+00:00, run_after=2024-03-11 00:00:00+00:00
[2024-03-11T22:14:31.323+0000] {processor.py:183} INFO - Processing /home/airflow/.local/lib/python3.8/site-packages/airflow/example_dags/example_branch_operator.py took 0.108 seconds
[2024-03-11T22:15:01.381+0000] {processor.py:161} INFO - Started process (PID=1167) to work on /home/airflow/.local/lib/python3.8/site-packages/airflow/example_dags/example_branch_operator.py
[2024-03-11T22:15:01.383+0000] {processor.py:830} INFO - Processing file /home/airflow/.local/lib/python3.8/site-packages/airflow/example_dags/example_branch_operator.py for tasks to queue
[2024-03-11T22:15:01.385+0000] {logging_mixin.py:188} INFO - [2024-03-11T22:15:01.385+0000] {dagbag.py:540} INFO - Filling up the DagBag from /home/airflow/.local/lib/python3.8/site-packages/airflow/example_dags/example_branch_operator.py
[2024-03-11T22:15:01.403+0000] {processor.py:840} INFO - DAG(s) 'example_branch_operator' retrieved from /home/airflow/.local/lib/python3.8/site-packages/airflow/example_dags/example_branch_operator.py
[2024-03-11T22:15:01.435+0000] {logging_mixin.py:188} INFO - [2024-03-11T22:15:01.434+0000] {dag.py:3047} INFO - Sync 1 DAGs
[2024-03-11T22:15:01.461+0000] {logging_mixin.py:188} INFO - [2024-03-11T22:15:01.461+0000] {dag.py:3834} INFO - Setting next_dagrun for example_branch_operator to 2024-03-10 00:00:00+00:00, run_after=2024-03-11 00:00:00+00:00
[2024-03-11T22:15:01.488+0000] {processor.py:183} INFO - Processing /home/airflow/.local/lib/python3.8/site-packages/airflow/example_dags/example_branch_operator.py took 0.109 seconds
[2024-03-11T22:15:31.569+0000] {processor.py:161} INFO - Started process (PID=1224) to work on /home/airflow/.local/lib/python3.8/site-packages/airflow/example_dags/example_branch_operator.py
[2024-03-11T22:15:31.571+0000] {processor.py:830} INFO - Processing file /home/airflow/.local/lib/python3.8/site-packages/airflow/example_dags/example_branch_operator.py for tasks to queue
[2024-03-11T22:15:31.573+0000] {logging_mixin.py:188} INFO - [2024-03-11T22:15:31.572+0000] {dagbag.py:540} INFO - Filling up the DagBag from /home/airflow/.local/lib/python3.8/site-packages/airflow/example_dags/example_branch_operator.py
[2024-03-11T22:15:31.588+0000] {processor.py:840} INFO - DAG(s) 'example_branch_operator' retrieved from /home/airflow/.local/lib/python3.8/site-packages/airflow/example_dags/example_branch_operator.py
[2024-03-11T22:15:31.615+0000] {logging_mixin.py:188} INFO - [2024-03-11T22:15:31.615+0000] {dag.py:3047} INFO - Sync 1 DAGs
[2024-03-11T22:15:31.637+0000] {logging_mixin.py:188} INFO - [2024-03-11T22:15:31.637+0000] {dag.py:3834} INFO - Setting next_dagrun for example_branch_operator to 2024-03-10 00:00:00+00:00, run_after=2024-03-11 00:00:00+00:00
[2024-03-11T22:15:31.661+0000] {processor.py:183} INFO - Processing /home/airflow/.local/lib/python3.8/site-packages/airflow/example_dags/example_branch_operator.py took 0.095 seconds
[2024-03-11T22:16:01.692+0000] {processor.py:161} INFO - Started process (PID=1282) to work on /home/airflow/.local/lib/python3.8/site-packages/airflow/example_dags/example_branch_operator.py
[2024-03-11T22:16:01.694+0000] {processor.py:830} INFO - Processing file /home/airflow/.local/lib/python3.8/site-packages/airflow/example_dags/example_branch_operator.py for tasks to queue
[2024-03-11T22:16:01.696+0000] {logging_mixin.py:188} INFO - [2024-03-11T22:16:01.695+0000] {dagbag.py:540} INFO - Filling up the DagBag from /home/airflow/.local/lib/python3.8/site-packages/airflow/example_dags/example_branch_operator.py
[2024-03-11T22:16:01.714+0000] {processor.py:840} INFO - DAG(s) 'example_branch_operator' retrieved from /home/airflow/.local/lib/python3.8/site-packages/airflow/example_dags/example_branch_operator.py
[2024-03-11T22:16:01.741+0000] {logging_mixin.py:188} INFO - [2024-03-11T22:16:01.741+0000] {dag.py:3047} INFO - Sync 1 DAGs
[2024-03-11T22:16:01.766+0000] {logging_mixin.py:188} INFO - [2024-03-11T22:16:01.766+0000] {dag.py:3834} INFO - Setting next_dagrun for example_branch_operator to 2024-03-10 00:00:00+00:00, run_after=2024-03-11 00:00:00+00:00
[2024-03-11T22:16:01.789+0000] {processor.py:183} INFO - Processing /home/airflow/.local/lib/python3.8/site-packages/airflow/example_dags/example_branch_operator.py took 0.100 seconds
[2024-03-11T22:16:32.478+0000] {processor.py:161} INFO - Started process (PID=1338) to work on /home/airflow/.local/lib/python3.8/site-packages/airflow/example_dags/example_branch_operator.py
[2024-03-11T22:16:32.479+0000] {processor.py:830} INFO - Processing file /home/airflow/.local/lib/python3.8/site-packages/airflow/example_dags/example_branch_operator.py for tasks to queue
[2024-03-11T22:16:32.481+0000] {logging_mixin.py:188} INFO - [2024-03-11T22:16:32.481+0000] {dagbag.py:540} INFO - Filling up the DagBag from /home/airflow/.local/lib/python3.8/site-packages/airflow/example_dags/example_branch_operator.py
[2024-03-11T22:16:32.497+0000] {processor.py:840} INFO - DAG(s) 'example_branch_operator' retrieved from /home/airflow/.local/lib/python3.8/site-packages/airflow/example_dags/example_branch_operator.py
[2024-03-11T22:16:32.528+0000] {logging_mixin.py:188} INFO - [2024-03-11T22:16:32.527+0000] {dag.py:3047} INFO - Sync 1 DAGs
[2024-03-11T22:16:32.560+0000] {logging_mixin.py:188} INFO - [2024-03-11T22:16:32.560+0000] {dag.py:3834} INFO - Setting next_dagrun for example_branch_operator to 2024-03-10 00:00:00+00:00, run_after=2024-03-11 00:00:00+00:00
[2024-03-11T22:16:32.588+0000] {processor.py:183} INFO - Processing /home/airflow/.local/lib/python3.8/site-packages/airflow/example_dags/example_branch_operator.py took 0.113 seconds
[2024-03-11T22:17:02.817+0000] {processor.py:161} INFO - Started process (PID=1395) to work on /home/airflow/.local/lib/python3.8/site-packages/airflow/example_dags/example_branch_operator.py
[2024-03-11T22:17:02.819+0000] {processor.py:830} INFO - Processing file /home/airflow/.local/lib/python3.8/site-packages/airflow/example_dags/example_branch_operator.py for tasks to queue
[2024-03-11T22:17:02.821+0000] {logging_mixin.py:188} INFO - [2024-03-11T22:17:02.820+0000] {dagbag.py:540} INFO - Filling up the DagBag from /home/airflow/.local/lib/python3.8/site-packages/airflow/example_dags/example_branch_operator.py
[2024-03-11T22:17:02.835+0000] {processor.py:840} INFO - DAG(s) 'example_branch_operator' retrieved from /home/airflow/.local/lib/python3.8/site-packages/airflow/example_dags/example_branch_operator.py
[2024-03-11T22:17:02.868+0000] {logging_mixin.py:188} INFO - [2024-03-11T22:17:02.868+0000] {dag.py:3047} INFO - Sync 1 DAGs
[2024-03-11T22:17:02.894+0000] {logging_mixin.py:188} INFO - [2024-03-11T22:17:02.893+0000] {dag.py:3834} INFO - Setting next_dagrun for example_branch_operator to 2024-03-10 00:00:00+00:00, run_after=2024-03-11 00:00:00+00:00
[2024-03-11T22:17:02.919+0000] {processor.py:183} INFO - Processing /home/airflow/.local/lib/python3.8/site-packages/airflow/example_dags/example_branch_operator.py took 0.104 seconds
