[2024-03-11T22:02:11.832+0000] {processor.py:161} INFO - Started process (PID=75) to work on /home/airflow/.local/lib/python3.8/site-packages/airflow/example_dags/example_short_circuit_operator.py
[2024-03-11T22:02:11.833+0000] {processor.py:830} INFO - Processing file /home/airflow/.local/lib/python3.8/site-packages/airflow/example_dags/example_short_circuit_operator.py for tasks to queue
[2024-03-11T22:02:11.835+0000] {logging_mixin.py:188} INFO - [2024-03-11T22:02:11.835+0000] {dagbag.py:540} INFO - Filling up the DagBag from /home/airflow/.local/lib/python3.8/site-packages/airflow/example_dags/example_short_circuit_operator.py
[2024-03-11T22:02:11.848+0000] {processor.py:840} INFO - DAG(s) 'example_short_circuit_operator' retrieved from /home/airflow/.local/lib/python3.8/site-packages/airflow/example_dags/example_short_circuit_operator.py
[2024-03-11T22:02:12.337+0000] {logging_mixin.py:188} INFO - [2024-03-11T22:02:12.336+0000] {dag.py:3047} INFO - Sync 1 DAGs
[2024-03-11T22:02:12.415+0000] {logging_mixin.py:188} INFO - [2024-03-11T22:02:12.414+0000] {dag.py:3834} INFO - Setting next_dagrun for example_short_circuit_operator to 2024-03-10 00:00:00+00:00, run_after=2024-03-11 00:00:00+00:00
[2024-03-11T22:02:12.496+0000] {processor.py:183} INFO - Processing /home/airflow/.local/lib/python3.8/site-packages/airflow/example_dags/example_short_circuit_operator.py took 0.667 seconds
[2024-03-11T22:02:42.802+0000] {processor.py:161} INFO - Started process (PID=132) to work on /home/airflow/.local/lib/python3.8/site-packages/airflow/example_dags/example_short_circuit_operator.py
[2024-03-11T22:02:42.821+0000] {processor.py:830} INFO - Processing file /home/airflow/.local/lib/python3.8/site-packages/airflow/example_dags/example_short_circuit_operator.py for tasks to queue
[2024-03-11T22:02:42.825+0000] {logging_mixin.py:188} INFO - [2024-03-11T22:02:42.824+0000] {dagbag.py:540} INFO - Filling up the DagBag from /home/airflow/.local/lib/python3.8/site-packages/airflow/example_dags/example_short_circuit_operator.py
[2024-03-11T22:02:42.893+0000] {processor.py:840} INFO - DAG(s) 'example_short_circuit_operator' retrieved from /home/airflow/.local/lib/python3.8/site-packages/airflow/example_dags/example_short_circuit_operator.py
[2024-03-11T22:02:42.990+0000] {logging_mixin.py:188} INFO - [2024-03-11T22:02:42.989+0000] {dag.py:3047} INFO - Sync 1 DAGs
[2024-03-11T22:02:43.016+0000] {logging_mixin.py:188} INFO - [2024-03-11T22:02:43.016+0000] {dag.py:3834} INFO - Setting next_dagrun for example_short_circuit_operator to 2024-03-10 00:00:00+00:00, run_after=2024-03-11 00:00:00+00:00
[2024-03-11T22:02:43.048+0000] {processor.py:183} INFO - Processing /home/airflow/.local/lib/python3.8/site-packages/airflow/example_dags/example_short_circuit_operator.py took 0.251 seconds
[2024-03-11T22:05:19.359+0000] {processor.py:161} INFO - Started process (PID=68) to work on /home/airflow/.local/lib/python3.8/site-packages/airflow/example_dags/example_short_circuit_operator.py
[2024-03-11T22:05:19.361+0000] {processor.py:830} INFO - Processing file /home/airflow/.local/lib/python3.8/site-packages/airflow/example_dags/example_short_circuit_operator.py for tasks to queue
[2024-03-11T22:05:19.362+0000] {logging_mixin.py:188} INFO - [2024-03-11T22:05:19.362+0000] {dagbag.py:540} INFO - Filling up the DagBag from /home/airflow/.local/lib/python3.8/site-packages/airflow/example_dags/example_short_circuit_operator.py
[2024-03-11T22:05:19.373+0000] {processor.py:840} INFO - DAG(s) 'example_short_circuit_operator' retrieved from /home/airflow/.local/lib/python3.8/site-packages/airflow/example_dags/example_short_circuit_operator.py
[2024-03-11T22:05:19.543+0000] {logging_mixin.py:188} INFO - [2024-03-11T22:05:19.542+0000] {dag.py:3047} INFO - Sync 1 DAGs
[2024-03-11T22:05:19.573+0000] {logging_mixin.py:188} INFO - [2024-03-11T22:05:19.573+0000] {dag.py:3834} INFO - Setting next_dagrun for example_short_circuit_operator to 2024-03-10 00:00:00+00:00, run_after=2024-03-11 00:00:00+00:00
[2024-03-11T22:05:19.610+0000] {processor.py:183} INFO - Processing /home/airflow/.local/lib/python3.8/site-packages/airflow/example_dags/example_short_circuit_operator.py took 0.255 seconds
[2024-03-11T22:05:50.230+0000] {processor.py:161} INFO - Started process (PID=125) to work on /home/airflow/.local/lib/python3.8/site-packages/airflow/example_dags/example_short_circuit_operator.py
[2024-03-11T22:05:50.232+0000] {processor.py:830} INFO - Processing file /home/airflow/.local/lib/python3.8/site-packages/airflow/example_dags/example_short_circuit_operator.py for tasks to queue
[2024-03-11T22:05:50.233+0000] {logging_mixin.py:188} INFO - [2024-03-11T22:05:50.233+0000] {dagbag.py:540} INFO - Filling up the DagBag from /home/airflow/.local/lib/python3.8/site-packages/airflow/example_dags/example_short_circuit_operator.py
[2024-03-11T22:05:50.239+0000] {processor.py:840} INFO - DAG(s) 'example_short_circuit_operator' retrieved from /home/airflow/.local/lib/python3.8/site-packages/airflow/example_dags/example_short_circuit_operator.py
[2024-03-11T22:05:50.263+0000] {logging_mixin.py:188} INFO - [2024-03-11T22:05:50.263+0000] {dag.py:3047} INFO - Sync 1 DAGs
[2024-03-11T22:05:50.288+0000] {logging_mixin.py:188} INFO - [2024-03-11T22:05:50.287+0000] {dag.py:3834} INFO - Setting next_dagrun for example_short_circuit_operator to 2024-03-10 00:00:00+00:00, run_after=2024-03-11 00:00:00+00:00
[2024-03-11T22:05:50.312+0000] {processor.py:183} INFO - Processing /home/airflow/.local/lib/python3.8/site-packages/airflow/example_dags/example_short_circuit_operator.py took 0.084 seconds
[2024-03-11T22:06:20.940+0000] {processor.py:161} INFO - Started process (PID=182) to work on /home/airflow/.local/lib/python3.8/site-packages/airflow/example_dags/example_short_circuit_operator.py
[2024-03-11T22:06:20.944+0000] {processor.py:830} INFO - Processing file /home/airflow/.local/lib/python3.8/site-packages/airflow/example_dags/example_short_circuit_operator.py for tasks to queue
[2024-03-11T22:06:20.948+0000] {logging_mixin.py:188} INFO - [2024-03-11T22:06:20.947+0000] {dagbag.py:540} INFO - Filling up the DagBag from /home/airflow/.local/lib/python3.8/site-packages/airflow/example_dags/example_short_circuit_operator.py
[2024-03-11T22:06:20.968+0000] {processor.py:840} INFO - DAG(s) 'example_short_circuit_operator' retrieved from /home/airflow/.local/lib/python3.8/site-packages/airflow/example_dags/example_short_circuit_operator.py
[2024-03-11T22:06:21.008+0000] {logging_mixin.py:188} INFO - [2024-03-11T22:06:21.008+0000] {dag.py:3047} INFO - Sync 1 DAGs
[2024-03-11T22:06:21.041+0000] {logging_mixin.py:188} INFO - [2024-03-11T22:06:21.041+0000] {dag.py:3834} INFO - Setting next_dagrun for example_short_circuit_operator to 2024-03-10 00:00:00+00:00, run_after=2024-03-11 00:00:00+00:00
[2024-03-11T22:06:21.074+0000] {processor.py:183} INFO - Processing /home/airflow/.local/lib/python3.8/site-packages/airflow/example_dags/example_short_circuit_operator.py took 0.143 seconds
[2024-03-11T22:06:51.964+0000] {processor.py:161} INFO - Started process (PID=239) to work on /home/airflow/.local/lib/python3.8/site-packages/airflow/example_dags/example_short_circuit_operator.py
[2024-03-11T22:06:51.966+0000] {processor.py:830} INFO - Processing file /home/airflow/.local/lib/python3.8/site-packages/airflow/example_dags/example_short_circuit_operator.py for tasks to queue
[2024-03-11T22:06:51.967+0000] {logging_mixin.py:188} INFO - [2024-03-11T22:06:51.967+0000] {dagbag.py:540} INFO - Filling up the DagBag from /home/airflow/.local/lib/python3.8/site-packages/airflow/example_dags/example_short_circuit_operator.py
[2024-03-11T22:06:51.974+0000] {processor.py:840} INFO - DAG(s) 'example_short_circuit_operator' retrieved from /home/airflow/.local/lib/python3.8/site-packages/airflow/example_dags/example_short_circuit_operator.py
[2024-03-11T22:06:51.999+0000] {logging_mixin.py:188} INFO - [2024-03-11T22:06:51.998+0000] {dag.py:3047} INFO - Sync 1 DAGs
[2024-03-11T22:06:52.021+0000] {logging_mixin.py:188} INFO - [2024-03-11T22:06:52.021+0000] {dag.py:3834} INFO - Setting next_dagrun for example_short_circuit_operator to 2024-03-10 00:00:00+00:00, run_after=2024-03-11 00:00:00+00:00
[2024-03-11T22:06:52.048+0000] {processor.py:183} INFO - Processing /home/airflow/.local/lib/python3.8/site-packages/airflow/example_dags/example_short_circuit_operator.py took 0.088 seconds
[2024-03-11T22:07:22.151+0000] {processor.py:161} INFO - Started process (PID=296) to work on /home/airflow/.local/lib/python3.8/site-packages/airflow/example_dags/example_short_circuit_operator.py
[2024-03-11T22:07:22.153+0000] {processor.py:830} INFO - Processing file /home/airflow/.local/lib/python3.8/site-packages/airflow/example_dags/example_short_circuit_operator.py for tasks to queue
[2024-03-11T22:07:22.154+0000] {logging_mixin.py:188} INFO - [2024-03-11T22:07:22.154+0000] {dagbag.py:540} INFO - Filling up the DagBag from /home/airflow/.local/lib/python3.8/site-packages/airflow/example_dags/example_short_circuit_operator.py
[2024-03-11T22:07:22.160+0000] {processor.py:840} INFO - DAG(s) 'example_short_circuit_operator' retrieved from /home/airflow/.local/lib/python3.8/site-packages/airflow/example_dags/example_short_circuit_operator.py
[2024-03-11T22:07:22.184+0000] {logging_mixin.py:188} INFO - [2024-03-11T22:07:22.184+0000] {dag.py:3047} INFO - Sync 1 DAGs
[2024-03-11T22:07:22.206+0000] {logging_mixin.py:188} INFO - [2024-03-11T22:07:22.206+0000] {dag.py:3834} INFO - Setting next_dagrun for example_short_circuit_operator to 2024-03-10 00:00:00+00:00, run_after=2024-03-11 00:00:00+00:00
[2024-03-11T22:07:22.231+0000] {processor.py:183} INFO - Processing /home/airflow/.local/lib/python3.8/site-packages/airflow/example_dags/example_short_circuit_operator.py took 0.083 seconds
[2024-03-11T22:07:52.267+0000] {processor.py:161} INFO - Started process (PID=353) to work on /home/airflow/.local/lib/python3.8/site-packages/airflow/example_dags/example_short_circuit_operator.py
[2024-03-11T22:07:52.269+0000] {processor.py:830} INFO - Processing file /home/airflow/.local/lib/python3.8/site-packages/airflow/example_dags/example_short_circuit_operator.py for tasks to queue
[2024-03-11T22:07:52.271+0000] {logging_mixin.py:188} INFO - [2024-03-11T22:07:52.270+0000] {dagbag.py:540} INFO - Filling up the DagBag from /home/airflow/.local/lib/python3.8/site-packages/airflow/example_dags/example_short_circuit_operator.py
[2024-03-11T22:07:52.277+0000] {processor.py:840} INFO - DAG(s) 'example_short_circuit_operator' retrieved from /home/airflow/.local/lib/python3.8/site-packages/airflow/example_dags/example_short_circuit_operator.py
[2024-03-11T22:07:52.300+0000] {logging_mixin.py:188} INFO - [2024-03-11T22:07:52.300+0000] {dag.py:3047} INFO - Sync 1 DAGs
[2024-03-11T22:07:52.321+0000] {logging_mixin.py:188} INFO - [2024-03-11T22:07:52.320+0000] {dag.py:3834} INFO - Setting next_dagrun for example_short_circuit_operator to 2024-03-10 00:00:00+00:00, run_after=2024-03-11 00:00:00+00:00
[2024-03-11T22:07:52.346+0000] {processor.py:183} INFO - Processing /home/airflow/.local/lib/python3.8/site-packages/airflow/example_dags/example_short_circuit_operator.py took 0.081 seconds
[2024-03-11T22:08:22.954+0000] {processor.py:161} INFO - Started process (PID=410) to work on /home/airflow/.local/lib/python3.8/site-packages/airflow/example_dags/example_short_circuit_operator.py
[2024-03-11T22:08:22.956+0000] {processor.py:830} INFO - Processing file /home/airflow/.local/lib/python3.8/site-packages/airflow/example_dags/example_short_circuit_operator.py for tasks to queue
[2024-03-11T22:08:22.958+0000] {logging_mixin.py:188} INFO - [2024-03-11T22:08:22.957+0000] {dagbag.py:540} INFO - Filling up the DagBag from /home/airflow/.local/lib/python3.8/site-packages/airflow/example_dags/example_short_circuit_operator.py
[2024-03-11T22:08:22.964+0000] {processor.py:840} INFO - DAG(s) 'example_short_circuit_operator' retrieved from /home/airflow/.local/lib/python3.8/site-packages/airflow/example_dags/example_short_circuit_operator.py
[2024-03-11T22:08:22.988+0000] {logging_mixin.py:188} INFO - [2024-03-11T22:08:22.987+0000] {dag.py:3047} INFO - Sync 1 DAGs
[2024-03-11T22:08:23.011+0000] {logging_mixin.py:188} INFO - [2024-03-11T22:08:23.011+0000] {dag.py:3834} INFO - Setting next_dagrun for example_short_circuit_operator to 2024-03-10 00:00:00+00:00, run_after=2024-03-11 00:00:00+00:00
[2024-03-11T22:08:23.033+0000] {processor.py:183} INFO - Processing /home/airflow/.local/lib/python3.8/site-packages/airflow/example_dags/example_short_circuit_operator.py took 0.081 seconds
[2024-03-11T22:08:53.819+0000] {processor.py:161} INFO - Started process (PID=467) to work on /home/airflow/.local/lib/python3.8/site-packages/airflow/example_dags/example_short_circuit_operator.py
[2024-03-11T22:08:53.820+0000] {processor.py:830} INFO - Processing file /home/airflow/.local/lib/python3.8/site-packages/airflow/example_dags/example_short_circuit_operator.py for tasks to queue
[2024-03-11T22:08:53.822+0000] {logging_mixin.py:188} INFO - [2024-03-11T22:08:53.822+0000] {dagbag.py:540} INFO - Filling up the DagBag from /home/airflow/.local/lib/python3.8/site-packages/airflow/example_dags/example_short_circuit_operator.py
[2024-03-11T22:08:53.828+0000] {processor.py:840} INFO - DAG(s) 'example_short_circuit_operator' retrieved from /home/airflow/.local/lib/python3.8/site-packages/airflow/example_dags/example_short_circuit_operator.py
[2024-03-11T22:08:53.856+0000] {logging_mixin.py:188} INFO - [2024-03-11T22:08:53.855+0000] {dag.py:3047} INFO - Sync 1 DAGs
[2024-03-11T22:08:53.879+0000] {logging_mixin.py:188} INFO - [2024-03-11T22:08:53.879+0000] {dag.py:3834} INFO - Setting next_dagrun for example_short_circuit_operator to 2024-03-10 00:00:00+00:00, run_after=2024-03-11 00:00:00+00:00
[2024-03-11T22:08:53.902+0000] {processor.py:183} INFO - Processing /home/airflow/.local/lib/python3.8/site-packages/airflow/example_dags/example_short_circuit_operator.py took 0.086 seconds
[2024-03-11T22:09:24.822+0000] {processor.py:161} INFO - Started process (PID=524) to work on /home/airflow/.local/lib/python3.8/site-packages/airflow/example_dags/example_short_circuit_operator.py
[2024-03-11T22:09:24.823+0000] {processor.py:830} INFO - Processing file /home/airflow/.local/lib/python3.8/site-packages/airflow/example_dags/example_short_circuit_operator.py for tasks to queue
[2024-03-11T22:09:24.825+0000] {logging_mixin.py:188} INFO - [2024-03-11T22:09:24.825+0000] {dagbag.py:540} INFO - Filling up the DagBag from /home/airflow/.local/lib/python3.8/site-packages/airflow/example_dags/example_short_circuit_operator.py
[2024-03-11T22:09:24.831+0000] {processor.py:840} INFO - DAG(s) 'example_short_circuit_operator' retrieved from /home/airflow/.local/lib/python3.8/site-packages/airflow/example_dags/example_short_circuit_operator.py
[2024-03-11T22:09:24.854+0000] {logging_mixin.py:188} INFO - [2024-03-11T22:09:24.854+0000] {dag.py:3047} INFO - Sync 1 DAGs
[2024-03-11T22:09:24.876+0000] {logging_mixin.py:188} INFO - [2024-03-11T22:09:24.876+0000] {dag.py:3834} INFO - Setting next_dagrun for example_short_circuit_operator to 2024-03-10 00:00:00+00:00, run_after=2024-03-11 00:00:00+00:00
[2024-03-11T22:09:24.901+0000] {processor.py:183} INFO - Processing /home/airflow/.local/lib/python3.8/site-packages/airflow/example_dags/example_short_circuit_operator.py took 0.082 seconds
[2024-03-11T22:09:55.136+0000] {processor.py:161} INFO - Started process (PID=581) to work on /home/airflow/.local/lib/python3.8/site-packages/airflow/example_dags/example_short_circuit_operator.py
[2024-03-11T22:09:55.138+0000] {processor.py:830} INFO - Processing file /home/airflow/.local/lib/python3.8/site-packages/airflow/example_dags/example_short_circuit_operator.py for tasks to queue
[2024-03-11T22:09:55.141+0000] {logging_mixin.py:188} INFO - [2024-03-11T22:09:55.140+0000] {dagbag.py:540} INFO - Filling up the DagBag from /home/airflow/.local/lib/python3.8/site-packages/airflow/example_dags/example_short_circuit_operator.py
[2024-03-11T22:09:55.148+0000] {processor.py:840} INFO - DAG(s) 'example_short_circuit_operator' retrieved from /home/airflow/.local/lib/python3.8/site-packages/airflow/example_dags/example_short_circuit_operator.py
[2024-03-11T22:09:55.177+0000] {logging_mixin.py:188} INFO - [2024-03-11T22:09:55.176+0000] {dag.py:3047} INFO - Sync 1 DAGs
[2024-03-11T22:09:55.206+0000] {logging_mixin.py:188} INFO - [2024-03-11T22:09:55.206+0000] {dag.py:3834} INFO - Setting next_dagrun for example_short_circuit_operator to 2024-03-10 00:00:00+00:00, run_after=2024-03-11 00:00:00+00:00
[2024-03-11T22:09:55.238+0000] {processor.py:183} INFO - Processing /home/airflow/.local/lib/python3.8/site-packages/airflow/example_dags/example_short_circuit_operator.py took 0.105 seconds
[2024-03-11T22:10:25.809+0000] {processor.py:161} INFO - Started process (PID=638) to work on /home/airflow/.local/lib/python3.8/site-packages/airflow/example_dags/example_short_circuit_operator.py
[2024-03-11T22:10:25.811+0000] {processor.py:830} INFO - Processing file /home/airflow/.local/lib/python3.8/site-packages/airflow/example_dags/example_short_circuit_operator.py for tasks to queue
[2024-03-11T22:10:25.812+0000] {logging_mixin.py:188} INFO - [2024-03-11T22:10:25.812+0000] {dagbag.py:540} INFO - Filling up the DagBag from /home/airflow/.local/lib/python3.8/site-packages/airflow/example_dags/example_short_circuit_operator.py
[2024-03-11T22:10:25.819+0000] {processor.py:840} INFO - DAG(s) 'example_short_circuit_operator' retrieved from /home/airflow/.local/lib/python3.8/site-packages/airflow/example_dags/example_short_circuit_operator.py
[2024-03-11T22:10:25.842+0000] {logging_mixin.py:188} INFO - [2024-03-11T22:10:25.842+0000] {dag.py:3047} INFO - Sync 1 DAGs
[2024-03-11T22:10:25.864+0000] {logging_mixin.py:188} INFO - [2024-03-11T22:10:25.864+0000] {dag.py:3834} INFO - Setting next_dagrun for example_short_circuit_operator to 2024-03-10 00:00:00+00:00, run_after=2024-03-11 00:00:00+00:00
[2024-03-11T22:10:25.891+0000] {processor.py:183} INFO - Processing /home/airflow/.local/lib/python3.8/site-packages/airflow/example_dags/example_short_circuit_operator.py took 0.085 seconds
[2024-03-11T22:10:56.775+0000] {processor.py:161} INFO - Started process (PID=695) to work on /home/airflow/.local/lib/python3.8/site-packages/airflow/example_dags/example_short_circuit_operator.py
[2024-03-11T22:10:56.777+0000] {processor.py:830} INFO - Processing file /home/airflow/.local/lib/python3.8/site-packages/airflow/example_dags/example_short_circuit_operator.py for tasks to queue
[2024-03-11T22:10:56.778+0000] {logging_mixin.py:188} INFO - [2024-03-11T22:10:56.778+0000] {dagbag.py:540} INFO - Filling up the DagBag from /home/airflow/.local/lib/python3.8/site-packages/airflow/example_dags/example_short_circuit_operator.py
[2024-03-11T22:10:56.784+0000] {processor.py:840} INFO - DAG(s) 'example_short_circuit_operator' retrieved from /home/airflow/.local/lib/python3.8/site-packages/airflow/example_dags/example_short_circuit_operator.py
[2024-03-11T22:10:56.808+0000] {logging_mixin.py:188} INFO - [2024-03-11T22:10:56.808+0000] {dag.py:3047} INFO - Sync 1 DAGs
[2024-03-11T22:10:56.832+0000] {logging_mixin.py:188} INFO - [2024-03-11T22:10:56.831+0000] {dag.py:3834} INFO - Setting next_dagrun for example_short_circuit_operator to 2024-03-10 00:00:00+00:00, run_after=2024-03-11 00:00:00+00:00
[2024-03-11T22:10:56.858+0000] {processor.py:183} INFO - Processing /home/airflow/.local/lib/python3.8/site-packages/airflow/example_dags/example_short_circuit_operator.py took 0.085 seconds
[2024-03-11T22:11:27.239+0000] {processor.py:161} INFO - Started process (PID=752) to work on /home/airflow/.local/lib/python3.8/site-packages/airflow/example_dags/example_short_circuit_operator.py
[2024-03-11T22:11:27.241+0000] {processor.py:830} INFO - Processing file /home/airflow/.local/lib/python3.8/site-packages/airflow/example_dags/example_short_circuit_operator.py for tasks to queue
[2024-03-11T22:11:27.244+0000] {logging_mixin.py:188} INFO - [2024-03-11T22:11:27.243+0000] {dagbag.py:540} INFO - Filling up the DagBag from /home/airflow/.local/lib/python3.8/site-packages/airflow/example_dags/example_short_circuit_operator.py
[2024-03-11T22:11:27.252+0000] {processor.py:840} INFO - DAG(s) 'example_short_circuit_operator' retrieved from /home/airflow/.local/lib/python3.8/site-packages/airflow/example_dags/example_short_circuit_operator.py
[2024-03-11T22:11:27.284+0000] {logging_mixin.py:188} INFO - [2024-03-11T22:11:27.284+0000] {dag.py:3047} INFO - Sync 1 DAGs
[2024-03-11T22:11:27.316+0000] {logging_mixin.py:188} INFO - [2024-03-11T22:11:27.316+0000] {dag.py:3834} INFO - Setting next_dagrun for example_short_circuit_operator to 2024-03-10 00:00:00+00:00, run_after=2024-03-11 00:00:00+00:00
[2024-03-11T22:11:27.351+0000] {processor.py:183} INFO - Processing /home/airflow/.local/lib/python3.8/site-packages/airflow/example_dags/example_short_circuit_operator.py took 0.118 seconds
[2024-03-11T22:11:57.746+0000] {processor.py:161} INFO - Started process (PID=809) to work on /home/airflow/.local/lib/python3.8/site-packages/airflow/example_dags/example_short_circuit_operator.py
[2024-03-11T22:11:57.747+0000] {processor.py:830} INFO - Processing file /home/airflow/.local/lib/python3.8/site-packages/airflow/example_dags/example_short_circuit_operator.py for tasks to queue
[2024-03-11T22:11:57.749+0000] {logging_mixin.py:188} INFO - [2024-03-11T22:11:57.748+0000] {dagbag.py:540} INFO - Filling up the DagBag from /home/airflow/.local/lib/python3.8/site-packages/airflow/example_dags/example_short_circuit_operator.py
[2024-03-11T22:11:57.755+0000] {processor.py:840} INFO - DAG(s) 'example_short_circuit_operator' retrieved from /home/airflow/.local/lib/python3.8/site-packages/airflow/example_dags/example_short_circuit_operator.py
[2024-03-11T22:11:57.778+0000] {logging_mixin.py:188} INFO - [2024-03-11T22:11:57.778+0000] {dag.py:3047} INFO - Sync 1 DAGs
[2024-03-11T22:11:57.802+0000] {logging_mixin.py:188} INFO - [2024-03-11T22:11:57.801+0000] {dag.py:3834} INFO - Setting next_dagrun for example_short_circuit_operator to 2024-03-10 00:00:00+00:00, run_after=2024-03-11 00:00:00+00:00
[2024-03-11T22:11:57.825+0000] {processor.py:183} INFO - Processing /home/airflow/.local/lib/python3.8/site-packages/airflow/example_dags/example_short_circuit_operator.py took 0.082 seconds
[2024-03-11T22:12:28.233+0000] {processor.py:161} INFO - Started process (PID=866) to work on /home/airflow/.local/lib/python3.8/site-packages/airflow/example_dags/example_short_circuit_operator.py
[2024-03-11T22:12:28.249+0000] {processor.py:830} INFO - Processing file /home/airflow/.local/lib/python3.8/site-packages/airflow/example_dags/example_short_circuit_operator.py for tasks to queue
[2024-03-11T22:12:28.252+0000] {logging_mixin.py:188} INFO - [2024-03-11T22:12:28.251+0000] {dagbag.py:540} INFO - Filling up the DagBag from /home/airflow/.local/lib/python3.8/site-packages/airflow/example_dags/example_short_circuit_operator.py
[2024-03-11T22:12:28.262+0000] {processor.py:840} INFO - DAG(s) 'example_short_circuit_operator' retrieved from /home/airflow/.local/lib/python3.8/site-packages/airflow/example_dags/example_short_circuit_operator.py
[2024-03-11T22:12:28.343+0000] {logging_mixin.py:188} INFO - [2024-03-11T22:12:28.342+0000] {dag.py:3047} INFO - Sync 1 DAGs
[2024-03-11T22:12:28.377+0000] {logging_mixin.py:188} INFO - [2024-03-11T22:12:28.377+0000] {dag.py:3834} INFO - Setting next_dagrun for example_short_circuit_operator to 2024-03-10 00:00:00+00:00, run_after=2024-03-11 00:00:00+00:00
[2024-03-11T22:12:28.417+0000] {processor.py:183} INFO - Processing /home/airflow/.local/lib/python3.8/site-packages/airflow/example_dags/example_short_circuit_operator.py took 0.188 seconds
[2024-03-11T22:12:58.979+0000] {processor.py:161} INFO - Started process (PID=929) to work on /home/airflow/.local/lib/python3.8/site-packages/airflow/example_dags/example_short_circuit_operator.py
[2024-03-11T22:12:58.982+0000] {processor.py:830} INFO - Processing file /home/airflow/.local/lib/python3.8/site-packages/airflow/example_dags/example_short_circuit_operator.py for tasks to queue
[2024-03-11T22:12:58.984+0000] {logging_mixin.py:188} INFO - [2024-03-11T22:12:58.984+0000] {dagbag.py:540} INFO - Filling up the DagBag from /home/airflow/.local/lib/python3.8/site-packages/airflow/example_dags/example_short_circuit_operator.py
[2024-03-11T22:12:58.992+0000] {processor.py:840} INFO - DAG(s) 'example_short_circuit_operator' retrieved from /home/airflow/.local/lib/python3.8/site-packages/airflow/example_dags/example_short_circuit_operator.py
[2024-03-11T22:12:59.022+0000] {logging_mixin.py:188} INFO - [2024-03-11T22:12:59.021+0000] {dag.py:3047} INFO - Sync 1 DAGs
[2024-03-11T22:12:59.047+0000] {logging_mixin.py:188} INFO - [2024-03-11T22:12:59.047+0000] {dag.py:3834} INFO - Setting next_dagrun for example_short_circuit_operator to 2024-03-10 00:00:00+00:00, run_after=2024-03-11 00:00:00+00:00
[2024-03-11T22:12:59.078+0000] {processor.py:183} INFO - Processing /home/airflow/.local/lib/python3.8/site-packages/airflow/example_dags/example_short_circuit_operator.py took 0.102 seconds
[2024-03-11T22:13:29.138+0000] {processor.py:161} INFO - Started process (PID=986) to work on /home/airflow/.local/lib/python3.8/site-packages/airflow/example_dags/example_short_circuit_operator.py
[2024-03-11T22:13:29.140+0000] {processor.py:830} INFO - Processing file /home/airflow/.local/lib/python3.8/site-packages/airflow/example_dags/example_short_circuit_operator.py for tasks to queue
[2024-03-11T22:13:29.141+0000] {logging_mixin.py:188} INFO - [2024-03-11T22:13:29.141+0000] {dagbag.py:540} INFO - Filling up the DagBag from /home/airflow/.local/lib/python3.8/site-packages/airflow/example_dags/example_short_circuit_operator.py
[2024-03-11T22:13:29.148+0000] {processor.py:840} INFO - DAG(s) 'example_short_circuit_operator' retrieved from /home/airflow/.local/lib/python3.8/site-packages/airflow/example_dags/example_short_circuit_operator.py
[2024-03-11T22:13:29.172+0000] {logging_mixin.py:188} INFO - [2024-03-11T22:13:29.172+0000] {dag.py:3047} INFO - Sync 1 DAGs
[2024-03-11T22:13:29.202+0000] {logging_mixin.py:188} INFO - [2024-03-11T22:13:29.201+0000] {dag.py:3834} INFO - Setting next_dagrun for example_short_circuit_operator to 2024-03-10 00:00:00+00:00, run_after=2024-03-11 00:00:00+00:00
[2024-03-11T22:13:29.255+0000] {processor.py:183} INFO - Processing /home/airflow/.local/lib/python3.8/site-packages/airflow/example_dags/example_short_circuit_operator.py took 0.119 seconds
[2024-03-11T22:13:59.311+0000] {processor.py:161} INFO - Started process (PID=1043) to work on /home/airflow/.local/lib/python3.8/site-packages/airflow/example_dags/example_short_circuit_operator.py
[2024-03-11T22:13:59.313+0000] {processor.py:830} INFO - Processing file /home/airflow/.local/lib/python3.8/site-packages/airflow/example_dags/example_short_circuit_operator.py for tasks to queue
[2024-03-11T22:13:59.315+0000] {logging_mixin.py:188} INFO - [2024-03-11T22:13:59.314+0000] {dagbag.py:540} INFO - Filling up the DagBag from /home/airflow/.local/lib/python3.8/site-packages/airflow/example_dags/example_short_circuit_operator.py
[2024-03-11T22:13:59.324+0000] {processor.py:840} INFO - DAG(s) 'example_short_circuit_operator' retrieved from /home/airflow/.local/lib/python3.8/site-packages/airflow/example_dags/example_short_circuit_operator.py
[2024-03-11T22:13:59.347+0000] {logging_mixin.py:188} INFO - [2024-03-11T22:13:59.347+0000] {dag.py:3047} INFO - Sync 1 DAGs
[2024-03-11T22:13:59.368+0000] {logging_mixin.py:188} INFO - [2024-03-11T22:13:59.367+0000] {dag.py:3834} INFO - Setting next_dagrun for example_short_circuit_operator to 2024-03-10 00:00:00+00:00, run_after=2024-03-11 00:00:00+00:00
[2024-03-11T22:13:59.392+0000] {processor.py:183} INFO - Processing /home/airflow/.local/lib/python3.8/site-packages/airflow/example_dags/example_short_circuit_operator.py took 0.085 seconds
[2024-03-11T22:14:29.476+0000] {processor.py:161} INFO - Started process (PID=1100) to work on /home/airflow/.local/lib/python3.8/site-packages/airflow/example_dags/example_short_circuit_operator.py
[2024-03-11T22:14:29.477+0000] {processor.py:830} INFO - Processing file /home/airflow/.local/lib/python3.8/site-packages/airflow/example_dags/example_short_circuit_operator.py for tasks to queue
[2024-03-11T22:14:29.479+0000] {logging_mixin.py:188} INFO - [2024-03-11T22:14:29.478+0000] {dagbag.py:540} INFO - Filling up the DagBag from /home/airflow/.local/lib/python3.8/site-packages/airflow/example_dags/example_short_circuit_operator.py
[2024-03-11T22:14:29.486+0000] {processor.py:840} INFO - DAG(s) 'example_short_circuit_operator' retrieved from /home/airflow/.local/lib/python3.8/site-packages/airflow/example_dags/example_short_circuit_operator.py
[2024-03-11T22:14:29.507+0000] {logging_mixin.py:188} INFO - [2024-03-11T22:14:29.507+0000] {dag.py:3047} INFO - Sync 1 DAGs
[2024-03-11T22:14:29.529+0000] {logging_mixin.py:188} INFO - [2024-03-11T22:14:29.529+0000] {dag.py:3834} INFO - Setting next_dagrun for example_short_circuit_operator to 2024-03-10 00:00:00+00:00, run_after=2024-03-11 00:00:00+00:00
[2024-03-11T22:14:29.553+0000] {processor.py:183} INFO - Processing /home/airflow/.local/lib/python3.8/site-packages/airflow/example_dags/example_short_circuit_operator.py took 0.080 seconds
[2024-03-11T22:14:59.764+0000] {processor.py:161} INFO - Started process (PID=1157) to work on /home/airflow/.local/lib/python3.8/site-packages/airflow/example_dags/example_short_circuit_operator.py
[2024-03-11T22:14:59.766+0000] {processor.py:830} INFO - Processing file /home/airflow/.local/lib/python3.8/site-packages/airflow/example_dags/example_short_circuit_operator.py for tasks to queue
[2024-03-11T22:14:59.767+0000] {logging_mixin.py:188} INFO - [2024-03-11T22:14:59.767+0000] {dagbag.py:540} INFO - Filling up the DagBag from /home/airflow/.local/lib/python3.8/site-packages/airflow/example_dags/example_short_circuit_operator.py
[2024-03-11T22:14:59.774+0000] {processor.py:840} INFO - DAG(s) 'example_short_circuit_operator' retrieved from /home/airflow/.local/lib/python3.8/site-packages/airflow/example_dags/example_short_circuit_operator.py
[2024-03-11T22:14:59.799+0000] {logging_mixin.py:188} INFO - [2024-03-11T22:14:59.799+0000] {dag.py:3047} INFO - Sync 1 DAGs
[2024-03-11T22:14:59.821+0000] {logging_mixin.py:188} INFO - [2024-03-11T22:14:59.821+0000] {dag.py:3834} INFO - Setting next_dagrun for example_short_circuit_operator to 2024-03-10 00:00:00+00:00, run_after=2024-03-11 00:00:00+00:00
[2024-03-11T22:14:59.847+0000] {processor.py:183} INFO - Processing /home/airflow/.local/lib/python3.8/site-packages/airflow/example_dags/example_short_circuit_operator.py took 0.086 seconds
[2024-03-11T22:15:29.972+0000] {processor.py:161} INFO - Started process (PID=1214) to work on /home/airflow/.local/lib/python3.8/site-packages/airflow/example_dags/example_short_circuit_operator.py
[2024-03-11T22:15:29.974+0000] {processor.py:830} INFO - Processing file /home/airflow/.local/lib/python3.8/site-packages/airflow/example_dags/example_short_circuit_operator.py for tasks to queue
[2024-03-11T22:15:29.975+0000] {logging_mixin.py:188} INFO - [2024-03-11T22:15:29.975+0000] {dagbag.py:540} INFO - Filling up the DagBag from /home/airflow/.local/lib/python3.8/site-packages/airflow/example_dags/example_short_circuit_operator.py
[2024-03-11T22:15:29.981+0000] {processor.py:840} INFO - DAG(s) 'example_short_circuit_operator' retrieved from /home/airflow/.local/lib/python3.8/site-packages/airflow/example_dags/example_short_circuit_operator.py
[2024-03-11T22:15:30.002+0000] {logging_mixin.py:188} INFO - [2024-03-11T22:15:30.002+0000] {dag.py:3047} INFO - Sync 1 DAGs
[2024-03-11T22:15:30.024+0000] {logging_mixin.py:188} INFO - [2024-03-11T22:15:30.024+0000] {dag.py:3834} INFO - Setting next_dagrun for example_short_circuit_operator to 2024-03-10 00:00:00+00:00, run_after=2024-03-11 00:00:00+00:00
[2024-03-11T22:15:30.048+0000] {processor.py:183} INFO - Processing /home/airflow/.local/lib/python3.8/site-packages/airflow/example_dags/example_short_circuit_operator.py took 0.079 seconds
[2024-03-11T22:16:00.194+0000] {processor.py:161} INFO - Started process (PID=1271) to work on /home/airflow/.local/lib/python3.8/site-packages/airflow/example_dags/example_short_circuit_operator.py
[2024-03-11T22:16:00.196+0000] {processor.py:830} INFO - Processing file /home/airflow/.local/lib/python3.8/site-packages/airflow/example_dags/example_short_circuit_operator.py for tasks to queue
[2024-03-11T22:16:00.197+0000] {logging_mixin.py:188} INFO - [2024-03-11T22:16:00.197+0000] {dagbag.py:540} INFO - Filling up the DagBag from /home/airflow/.local/lib/python3.8/site-packages/airflow/example_dags/example_short_circuit_operator.py
[2024-03-11T22:16:00.204+0000] {processor.py:840} INFO - DAG(s) 'example_short_circuit_operator' retrieved from /home/airflow/.local/lib/python3.8/site-packages/airflow/example_dags/example_short_circuit_operator.py
[2024-03-11T22:16:00.225+0000] {logging_mixin.py:188} INFO - [2024-03-11T22:16:00.225+0000] {dag.py:3047} INFO - Sync 1 DAGs
[2024-03-11T22:16:00.248+0000] {logging_mixin.py:188} INFO - [2024-03-11T22:16:00.248+0000] {dag.py:3834} INFO - Setting next_dagrun for example_short_circuit_operator to 2024-03-10 00:00:00+00:00, run_after=2024-03-11 00:00:00+00:00
[2024-03-11T22:16:00.273+0000] {processor.py:183} INFO - Processing /home/airflow/.local/lib/python3.8/site-packages/airflow/example_dags/example_short_circuit_operator.py took 0.082 seconds
[2024-03-11T22:16:30.925+0000] {processor.py:161} INFO - Started process (PID=1328) to work on /home/airflow/.local/lib/python3.8/site-packages/airflow/example_dags/example_short_circuit_operator.py
[2024-03-11T22:16:30.926+0000] {processor.py:830} INFO - Processing file /home/airflow/.local/lib/python3.8/site-packages/airflow/example_dags/example_short_circuit_operator.py for tasks to queue
[2024-03-11T22:16:30.930+0000] {logging_mixin.py:188} INFO - [2024-03-11T22:16:30.929+0000] {dagbag.py:540} INFO - Filling up the DagBag from /home/airflow/.local/lib/python3.8/site-packages/airflow/example_dags/example_short_circuit_operator.py
[2024-03-11T22:16:30.937+0000] {processor.py:840} INFO - DAG(s) 'example_short_circuit_operator' retrieved from /home/airflow/.local/lib/python3.8/site-packages/airflow/example_dags/example_short_circuit_operator.py
[2024-03-11T22:16:30.959+0000] {logging_mixin.py:188} INFO - [2024-03-11T22:16:30.959+0000] {dag.py:3047} INFO - Sync 1 DAGs
[2024-03-11T22:16:30.981+0000] {logging_mixin.py:188} INFO - [2024-03-11T22:16:30.981+0000] {dag.py:3834} INFO - Setting next_dagrun for example_short_circuit_operator to 2024-03-10 00:00:00+00:00, run_after=2024-03-11 00:00:00+00:00
[2024-03-11T22:16:31.005+0000] {processor.py:183} INFO - Processing /home/airflow/.local/lib/python3.8/site-packages/airflow/example_dags/example_short_circuit_operator.py took 0.083 seconds
[2024-03-11T22:17:01.311+0000] {processor.py:161} INFO - Started process (PID=1385) to work on /home/airflow/.local/lib/python3.8/site-packages/airflow/example_dags/example_short_circuit_operator.py
[2024-03-11T22:17:01.313+0000] {processor.py:830} INFO - Processing file /home/airflow/.local/lib/python3.8/site-packages/airflow/example_dags/example_short_circuit_operator.py for tasks to queue
[2024-03-11T22:17:01.314+0000] {logging_mixin.py:188} INFO - [2024-03-11T22:17:01.314+0000] {dagbag.py:540} INFO - Filling up the DagBag from /home/airflow/.local/lib/python3.8/site-packages/airflow/example_dags/example_short_circuit_operator.py
[2024-03-11T22:17:01.321+0000] {processor.py:840} INFO - DAG(s) 'example_short_circuit_operator' retrieved from /home/airflow/.local/lib/python3.8/site-packages/airflow/example_dags/example_short_circuit_operator.py
[2024-03-11T22:17:01.348+0000] {logging_mixin.py:188} INFO - [2024-03-11T22:17:01.347+0000] {dag.py:3047} INFO - Sync 1 DAGs
[2024-03-11T22:17:01.373+0000] {logging_mixin.py:188} INFO - [2024-03-11T22:17:01.373+0000] {dag.py:3834} INFO - Setting next_dagrun for example_short_circuit_operator to 2024-03-10 00:00:00+00:00, run_after=2024-03-11 00:00:00+00:00
[2024-03-11T22:17:01.396+0000] {processor.py:183} INFO - Processing /home/airflow/.local/lib/python3.8/site-packages/airflow/example_dags/example_short_circuit_operator.py took 0.088 seconds
