[2024-03-11T22:02:07.469+0000] {processor.py:161} INFO - Started process (PID=65) to work on /home/airflow/.local/lib/python3.8/site-packages/airflow/example_dags/example_branch_python_dop_operator_3.py
[2024-03-11T22:02:07.470+0000] {processor.py:830} INFO - Processing file /home/airflow/.local/lib/python3.8/site-packages/airflow/example_dags/example_branch_python_dop_operator_3.py for tasks to queue
[2024-03-11T22:02:07.473+0000] {logging_mixin.py:188} INFO - [2024-03-11T22:02:07.473+0000] {dagbag.py:540} INFO - Filling up the DagBag from /home/airflow/.local/lib/python3.8/site-packages/airflow/example_dags/example_branch_python_dop_operator_3.py
[2024-03-11T22:02:07.485+0000] {processor.py:840} INFO - DAG(s) 'example_branch_dop_operator_v3' retrieved from /home/airflow/.local/lib/python3.8/site-packages/airflow/example_dags/example_branch_python_dop_operator_3.py
[2024-03-11T22:02:07.905+0000] {logging_mixin.py:188} INFO - [2024-03-11T22:02:07.905+0000] {dag.py:3047} INFO - Sync 1 DAGs
[2024-03-11T22:02:07.985+0000] {logging_mixin.py:188} INFO - [2024-03-11T22:02:07.984+0000] {dag.py:3834} INFO - Setting next_dagrun for example_branch_dop_operator_v3 to 2024-03-11 22:01:00+00:00, run_after=2024-03-11 22:02:00+00:00
[2024-03-11T22:02:08.054+0000] {processor.py:183} INFO - Processing /home/airflow/.local/lib/python3.8/site-packages/airflow/example_dags/example_branch_python_dop_operator_3.py took 0.591 seconds
[2024-03-11T22:02:38.281+0000] {processor.py:161} INFO - Started process (PID=122) to work on /home/airflow/.local/lib/python3.8/site-packages/airflow/example_dags/example_branch_python_dop_operator_3.py
[2024-03-11T22:02:38.282+0000] {processor.py:830} INFO - Processing file /home/airflow/.local/lib/python3.8/site-packages/airflow/example_dags/example_branch_python_dop_operator_3.py for tasks to queue
[2024-03-11T22:02:38.284+0000] {logging_mixin.py:188} INFO - [2024-03-11T22:02:38.283+0000] {dagbag.py:540} INFO - Filling up the DagBag from /home/airflow/.local/lib/python3.8/site-packages/airflow/example_dags/example_branch_python_dop_operator_3.py
[2024-03-11T22:02:38.292+0000] {processor.py:840} INFO - DAG(s) 'example_branch_dop_operator_v3' retrieved from /home/airflow/.local/lib/python3.8/site-packages/airflow/example_dags/example_branch_python_dop_operator_3.py
[2024-03-11T22:02:38.311+0000] {logging_mixin.py:188} INFO - [2024-03-11T22:02:38.311+0000] {dag.py:3047} INFO - Sync 1 DAGs
[2024-03-11T22:02:38.336+0000] {logging_mixin.py:188} INFO - [2024-03-11T22:02:38.336+0000] {dag.py:3834} INFO - Setting next_dagrun for example_branch_dop_operator_v3 to 2024-03-11 22:01:00+00:00, run_after=2024-03-11 22:02:00+00:00
[2024-03-11T22:02:38.358+0000] {processor.py:183} INFO - Processing /home/airflow/.local/lib/python3.8/site-packages/airflow/example_dags/example_branch_python_dop_operator_3.py took 0.080 seconds
[2024-03-11T22:03:08.731+0000] {processor.py:161} INFO - Started process (PID=179) to work on /home/airflow/.local/lib/python3.8/site-packages/airflow/example_dags/example_branch_python_dop_operator_3.py
[2024-03-11T22:03:08.732+0000] {processor.py:830} INFO - Processing file /home/airflow/.local/lib/python3.8/site-packages/airflow/example_dags/example_branch_python_dop_operator_3.py for tasks to queue
[2024-03-11T22:03:08.733+0000] {logging_mixin.py:188} INFO - [2024-03-11T22:03:08.733+0000] {dagbag.py:540} INFO - Filling up the DagBag from /home/airflow/.local/lib/python3.8/site-packages/airflow/example_dags/example_branch_python_dop_operator_3.py
[2024-03-11T22:03:08.743+0000] {processor.py:840} INFO - DAG(s) 'example_branch_dop_operator_v3' retrieved from /home/airflow/.local/lib/python3.8/site-packages/airflow/example_dags/example_branch_python_dop_operator_3.py
[2024-03-11T22:03:08.765+0000] {logging_mixin.py:188} INFO - [2024-03-11T22:03:08.765+0000] {dag.py:3047} INFO - Sync 1 DAGs
[2024-03-11T22:03:08.797+0000] {logging_mixin.py:188} INFO - [2024-03-11T22:03:08.797+0000] {dag.py:3834} INFO - Setting next_dagrun for example_branch_dop_operator_v3 to 2024-03-11 22:02:00+00:00, run_after=2024-03-11 22:03:00+00:00
[2024-03-11T22:03:08.824+0000] {processor.py:183} INFO - Processing /home/airflow/.local/lib/python3.8/site-packages/airflow/example_dags/example_branch_python_dop_operator_3.py took 0.096 seconds
[2024-03-11T22:05:16.880+0000] {processor.py:161} INFO - Started process (PID=58) to work on /home/airflow/.local/lib/python3.8/site-packages/airflow/example_dags/example_branch_python_dop_operator_3.py
[2024-03-11T22:05:16.882+0000] {processor.py:830} INFO - Processing file /home/airflow/.local/lib/python3.8/site-packages/airflow/example_dags/example_branch_python_dop_operator_3.py for tasks to queue
[2024-03-11T22:05:16.889+0000] {logging_mixin.py:188} INFO - [2024-03-11T22:05:16.888+0000] {dagbag.py:540} INFO - Filling up the DagBag from /home/airflow/.local/lib/python3.8/site-packages/airflow/example_dags/example_branch_python_dop_operator_3.py
[2024-03-11T22:05:16.914+0000] {processor.py:840} INFO - DAG(s) 'example_branch_dop_operator_v3' retrieved from /home/airflow/.local/lib/python3.8/site-packages/airflow/example_dags/example_branch_python_dop_operator_3.py
[2024-03-11T22:05:17.363+0000] {logging_mixin.py:188} INFO - [2024-03-11T22:05:17.363+0000] {dag.py:3047} INFO - Sync 1 DAGs
[2024-03-11T22:05:17.412+0000] {logging_mixin.py:188} INFO - [2024-03-11T22:05:17.411+0000] {dag.py:3834} INFO - Setting next_dagrun for example_branch_dop_operator_v3 to 2024-03-11 22:04:00+00:00, run_after=2024-03-11 22:05:00+00:00
[2024-03-11T22:05:17.476+0000] {processor.py:183} INFO - Processing /home/airflow/.local/lib/python3.8/site-packages/airflow/example_dags/example_branch_python_dop_operator_3.py took 0.610 seconds
[2024-03-11T22:05:47.640+0000] {processor.py:161} INFO - Started process (PID=115) to work on /home/airflow/.local/lib/python3.8/site-packages/airflow/example_dags/example_branch_python_dop_operator_3.py
[2024-03-11T22:05:47.641+0000] {processor.py:830} INFO - Processing file /home/airflow/.local/lib/python3.8/site-packages/airflow/example_dags/example_branch_python_dop_operator_3.py for tasks to queue
[2024-03-11T22:05:47.643+0000] {logging_mixin.py:188} INFO - [2024-03-11T22:05:47.643+0000] {dagbag.py:540} INFO - Filling up the DagBag from /home/airflow/.local/lib/python3.8/site-packages/airflow/example_dags/example_branch_python_dop_operator_3.py
[2024-03-11T22:05:47.650+0000] {processor.py:840} INFO - DAG(s) 'example_branch_dop_operator_v3' retrieved from /home/airflow/.local/lib/python3.8/site-packages/airflow/example_dags/example_branch_python_dop_operator_3.py
[2024-03-11T22:05:47.670+0000] {logging_mixin.py:188} INFO - [2024-03-11T22:05:47.670+0000] {dag.py:3047} INFO - Sync 1 DAGs
[2024-03-11T22:05:47.696+0000] {logging_mixin.py:188} INFO - [2024-03-11T22:05:47.696+0000] {dag.py:3834} INFO - Setting next_dagrun for example_branch_dop_operator_v3 to 2024-03-11 22:04:00+00:00, run_after=2024-03-11 22:05:00+00:00
[2024-03-11T22:05:47.720+0000] {processor.py:183} INFO - Processing /home/airflow/.local/lib/python3.8/site-packages/airflow/example_dags/example_branch_python_dop_operator_3.py took 0.083 seconds
[2024-03-11T22:06:18.000+0000] {processor.py:161} INFO - Started process (PID=172) to work on /home/airflow/.local/lib/python3.8/site-packages/airflow/example_dags/example_branch_python_dop_operator_3.py
[2024-03-11T22:06:18.002+0000] {processor.py:830} INFO - Processing file /home/airflow/.local/lib/python3.8/site-packages/airflow/example_dags/example_branch_python_dop_operator_3.py for tasks to queue
[2024-03-11T22:06:18.005+0000] {logging_mixin.py:188} INFO - [2024-03-11T22:06:18.004+0000] {dagbag.py:540} INFO - Filling up the DagBag from /home/airflow/.local/lib/python3.8/site-packages/airflow/example_dags/example_branch_python_dop_operator_3.py
[2024-03-11T22:06:18.015+0000] {processor.py:840} INFO - DAG(s) 'example_branch_dop_operator_v3' retrieved from /home/airflow/.local/lib/python3.8/site-packages/airflow/example_dags/example_branch_python_dop_operator_3.py
[2024-03-11T22:06:18.045+0000] {logging_mixin.py:188} INFO - [2024-03-11T22:06:18.044+0000] {dag.py:3047} INFO - Sync 1 DAGs
[2024-03-11T22:06:18.082+0000] {logging_mixin.py:188} INFO - [2024-03-11T22:06:18.081+0000] {dag.py:3834} INFO - Setting next_dagrun for example_branch_dop_operator_v3 to 2024-03-11 22:05:00+00:00, run_after=2024-03-11 22:06:00+00:00
[2024-03-11T22:06:18.126+0000] {processor.py:183} INFO - Processing /home/airflow/.local/lib/python3.8/site-packages/airflow/example_dags/example_branch_python_dop_operator_3.py took 0.131 seconds
[2024-03-11T22:06:48.191+0000] {processor.py:161} INFO - Started process (PID=229) to work on /home/airflow/.local/lib/python3.8/site-packages/airflow/example_dags/example_branch_python_dop_operator_3.py
[2024-03-11T22:06:48.192+0000] {processor.py:830} INFO - Processing file /home/airflow/.local/lib/python3.8/site-packages/airflow/example_dags/example_branch_python_dop_operator_3.py for tasks to queue
[2024-03-11T22:06:48.194+0000] {logging_mixin.py:188} INFO - [2024-03-11T22:06:48.194+0000] {dagbag.py:540} INFO - Filling up the DagBag from /home/airflow/.local/lib/python3.8/site-packages/airflow/example_dags/example_branch_python_dop_operator_3.py
[2024-03-11T22:06:48.201+0000] {processor.py:840} INFO - DAG(s) 'example_branch_dop_operator_v3' retrieved from /home/airflow/.local/lib/python3.8/site-packages/airflow/example_dags/example_branch_python_dop_operator_3.py
[2024-03-11T22:06:48.222+0000] {logging_mixin.py:188} INFO - [2024-03-11T22:06:48.222+0000] {dag.py:3047} INFO - Sync 1 DAGs
[2024-03-11T22:06:48.249+0000] {logging_mixin.py:188} INFO - [2024-03-11T22:06:48.249+0000] {dag.py:3834} INFO - Setting next_dagrun for example_branch_dop_operator_v3 to 2024-03-11 22:05:00+00:00, run_after=2024-03-11 22:06:00+00:00
[2024-03-11T22:06:48.275+0000] {processor.py:183} INFO - Processing /home/airflow/.local/lib/python3.8/site-packages/airflow/example_dags/example_branch_python_dop_operator_3.py took 0.088 seconds
[2024-03-11T22:07:18.347+0000] {processor.py:161} INFO - Started process (PID=286) to work on /home/airflow/.local/lib/python3.8/site-packages/airflow/example_dags/example_branch_python_dop_operator_3.py
[2024-03-11T22:07:18.349+0000] {processor.py:830} INFO - Processing file /home/airflow/.local/lib/python3.8/site-packages/airflow/example_dags/example_branch_python_dop_operator_3.py for tasks to queue
[2024-03-11T22:07:18.351+0000] {logging_mixin.py:188} INFO - [2024-03-11T22:07:18.351+0000] {dagbag.py:540} INFO - Filling up the DagBag from /home/airflow/.local/lib/python3.8/site-packages/airflow/example_dags/example_branch_python_dop_operator_3.py
[2024-03-11T22:07:18.358+0000] {processor.py:840} INFO - DAG(s) 'example_branch_dop_operator_v3' retrieved from /home/airflow/.local/lib/python3.8/site-packages/airflow/example_dags/example_branch_python_dop_operator_3.py
[2024-03-11T22:07:18.382+0000] {logging_mixin.py:188} INFO - [2024-03-11T22:07:18.382+0000] {dag.py:3047} INFO - Sync 1 DAGs
[2024-03-11T22:07:18.410+0000] {logging_mixin.py:188} INFO - [2024-03-11T22:07:18.409+0000] {dag.py:3834} INFO - Setting next_dagrun for example_branch_dop_operator_v3 to 2024-03-11 22:06:00+00:00, run_after=2024-03-11 22:07:00+00:00
[2024-03-11T22:07:18.437+0000] {processor.py:183} INFO - Processing /home/airflow/.local/lib/python3.8/site-packages/airflow/example_dags/example_branch_python_dop_operator_3.py took 0.093 seconds
[2024-03-11T22:07:48.459+0000] {processor.py:161} INFO - Started process (PID=342) to work on /home/airflow/.local/lib/python3.8/site-packages/airflow/example_dags/example_branch_python_dop_operator_3.py
[2024-03-11T22:07:48.460+0000] {processor.py:830} INFO - Processing file /home/airflow/.local/lib/python3.8/site-packages/airflow/example_dags/example_branch_python_dop_operator_3.py for tasks to queue
[2024-03-11T22:07:48.461+0000] {logging_mixin.py:188} INFO - [2024-03-11T22:07:48.461+0000] {dagbag.py:540} INFO - Filling up the DagBag from /home/airflow/.local/lib/python3.8/site-packages/airflow/example_dags/example_branch_python_dop_operator_3.py
[2024-03-11T22:07:48.468+0000] {processor.py:840} INFO - DAG(s) 'example_branch_dop_operator_v3' retrieved from /home/airflow/.local/lib/python3.8/site-packages/airflow/example_dags/example_branch_python_dop_operator_3.py
[2024-03-11T22:07:48.488+0000] {logging_mixin.py:188} INFO - [2024-03-11T22:07:48.488+0000] {dag.py:3047} INFO - Sync 1 DAGs
[2024-03-11T22:07:48.516+0000] {logging_mixin.py:188} INFO - [2024-03-11T22:07:48.515+0000] {dag.py:3834} INFO - Setting next_dagrun for example_branch_dop_operator_v3 to 2024-03-11 22:06:00+00:00, run_after=2024-03-11 22:07:00+00:00
[2024-03-11T22:07:48.538+0000] {processor.py:183} INFO - Processing /home/airflow/.local/lib/python3.8/site-packages/airflow/example_dags/example_branch_python_dop_operator_3.py took 0.083 seconds
[2024-03-11T22:08:19.448+0000] {processor.py:161} INFO - Started process (PID=400) to work on /home/airflow/.local/lib/python3.8/site-packages/airflow/example_dags/example_branch_python_dop_operator_3.py
[2024-03-11T22:08:19.450+0000] {processor.py:830} INFO - Processing file /home/airflow/.local/lib/python3.8/site-packages/airflow/example_dags/example_branch_python_dop_operator_3.py for tasks to queue
[2024-03-11T22:08:19.451+0000] {logging_mixin.py:188} INFO - [2024-03-11T22:08:19.451+0000] {dagbag.py:540} INFO - Filling up the DagBag from /home/airflow/.local/lib/python3.8/site-packages/airflow/example_dags/example_branch_python_dop_operator_3.py
[2024-03-11T22:08:19.460+0000] {processor.py:840} INFO - DAG(s) 'example_branch_dop_operator_v3' retrieved from /home/airflow/.local/lib/python3.8/site-packages/airflow/example_dags/example_branch_python_dop_operator_3.py
[2024-03-11T22:08:19.482+0000] {logging_mixin.py:188} INFO - [2024-03-11T22:08:19.482+0000] {dag.py:3047} INFO - Sync 1 DAGs
[2024-03-11T22:08:19.509+0000] {logging_mixin.py:188} INFO - [2024-03-11T22:08:19.508+0000] {dag.py:3834} INFO - Setting next_dagrun for example_branch_dop_operator_v3 to 2024-03-11 22:07:00+00:00, run_after=2024-03-11 22:08:00+00:00
[2024-03-11T22:08:19.533+0000] {processor.py:183} INFO - Processing /home/airflow/.local/lib/python3.8/site-packages/airflow/example_dags/example_branch_python_dop_operator_3.py took 0.087 seconds
[2024-03-11T22:08:50.295+0000] {processor.py:161} INFO - Started process (PID=457) to work on /home/airflow/.local/lib/python3.8/site-packages/airflow/example_dags/example_branch_python_dop_operator_3.py
[2024-03-11T22:08:50.297+0000] {processor.py:830} INFO - Processing file /home/airflow/.local/lib/python3.8/site-packages/airflow/example_dags/example_branch_python_dop_operator_3.py for tasks to queue
[2024-03-11T22:08:50.298+0000] {logging_mixin.py:188} INFO - [2024-03-11T22:08:50.298+0000] {dagbag.py:540} INFO - Filling up the DagBag from /home/airflow/.local/lib/python3.8/site-packages/airflow/example_dags/example_branch_python_dop_operator_3.py
[2024-03-11T22:08:50.308+0000] {processor.py:840} INFO - DAG(s) 'example_branch_dop_operator_v3' retrieved from /home/airflow/.local/lib/python3.8/site-packages/airflow/example_dags/example_branch_python_dop_operator_3.py
[2024-03-11T22:08:50.330+0000] {logging_mixin.py:188} INFO - [2024-03-11T22:08:50.330+0000] {dag.py:3047} INFO - Sync 1 DAGs
[2024-03-11T22:08:50.359+0000] {logging_mixin.py:188} INFO - [2024-03-11T22:08:50.359+0000] {dag.py:3834} INFO - Setting next_dagrun for example_branch_dop_operator_v3 to 2024-03-11 22:07:00+00:00, run_after=2024-03-11 22:08:00+00:00
[2024-03-11T22:08:50.391+0000] {processor.py:183} INFO - Processing /home/airflow/.local/lib/python3.8/site-packages/airflow/example_dags/example_branch_python_dop_operator_3.py took 0.100 seconds
[2024-03-11T22:09:21.283+0000] {processor.py:161} INFO - Started process (PID=514) to work on /home/airflow/.local/lib/python3.8/site-packages/airflow/example_dags/example_branch_python_dop_operator_3.py
[2024-03-11T22:09:21.284+0000] {processor.py:830} INFO - Processing file /home/airflow/.local/lib/python3.8/site-packages/airflow/example_dags/example_branch_python_dop_operator_3.py for tasks to queue
[2024-03-11T22:09:21.286+0000] {logging_mixin.py:188} INFO - [2024-03-11T22:09:21.286+0000] {dagbag.py:540} INFO - Filling up the DagBag from /home/airflow/.local/lib/python3.8/site-packages/airflow/example_dags/example_branch_python_dop_operator_3.py
[2024-03-11T22:09:21.295+0000] {processor.py:840} INFO - DAG(s) 'example_branch_dop_operator_v3' retrieved from /home/airflow/.local/lib/python3.8/site-packages/airflow/example_dags/example_branch_python_dop_operator_3.py
[2024-03-11T22:09:21.315+0000] {logging_mixin.py:188} INFO - [2024-03-11T22:09:21.314+0000] {dag.py:3047} INFO - Sync 1 DAGs
[2024-03-11T22:09:21.344+0000] {logging_mixin.py:188} INFO - [2024-03-11T22:09:21.343+0000] {dag.py:3834} INFO - Setting next_dagrun for example_branch_dop_operator_v3 to 2024-03-11 22:08:00+00:00, run_after=2024-03-11 22:09:00+00:00
[2024-03-11T22:09:21.370+0000] {processor.py:183} INFO - Processing /home/airflow/.local/lib/python3.8/site-packages/airflow/example_dags/example_branch_python_dop_operator_3.py took 0.090 seconds
[2024-03-11T22:09:51.540+0000] {processor.py:161} INFO - Started process (PID=571) to work on /home/airflow/.local/lib/python3.8/site-packages/airflow/example_dags/example_branch_python_dop_operator_3.py
[2024-03-11T22:09:51.542+0000] {processor.py:830} INFO - Processing file /home/airflow/.local/lib/python3.8/site-packages/airflow/example_dags/example_branch_python_dop_operator_3.py for tasks to queue
[2024-03-11T22:09:51.543+0000] {logging_mixin.py:188} INFO - [2024-03-11T22:09:51.543+0000] {dagbag.py:540} INFO - Filling up the DagBag from /home/airflow/.local/lib/python3.8/site-packages/airflow/example_dags/example_branch_python_dop_operator_3.py
[2024-03-11T22:09:51.553+0000] {processor.py:840} INFO - DAG(s) 'example_branch_dop_operator_v3' retrieved from /home/airflow/.local/lib/python3.8/site-packages/airflow/example_dags/example_branch_python_dop_operator_3.py
[2024-03-11T22:09:51.576+0000] {logging_mixin.py:188} INFO - [2024-03-11T22:09:51.576+0000] {dag.py:3047} INFO - Sync 1 DAGs
[2024-03-11T22:09:51.603+0000] {logging_mixin.py:188} INFO - [2024-03-11T22:09:51.603+0000] {dag.py:3834} INFO - Setting next_dagrun for example_branch_dop_operator_v3 to 2024-03-11 22:08:00+00:00, run_after=2024-03-11 22:09:00+00:00
[2024-03-11T22:09:51.627+0000] {processor.py:183} INFO - Processing /home/airflow/.local/lib/python3.8/site-packages/airflow/example_dags/example_branch_python_dop_operator_3.py took 0.090 seconds
[2024-03-11T22:10:21.933+0000] {processor.py:161} INFO - Started process (PID=628) to work on /home/airflow/.local/lib/python3.8/site-packages/airflow/example_dags/example_branch_python_dop_operator_3.py
[2024-03-11T22:10:21.934+0000] {processor.py:830} INFO - Processing file /home/airflow/.local/lib/python3.8/site-packages/airflow/example_dags/example_branch_python_dop_operator_3.py for tasks to queue
[2024-03-11T22:10:21.936+0000] {logging_mixin.py:188} INFO - [2024-03-11T22:10:21.935+0000] {dagbag.py:540} INFO - Filling up the DagBag from /home/airflow/.local/lib/python3.8/site-packages/airflow/example_dags/example_branch_python_dop_operator_3.py
[2024-03-11T22:10:21.943+0000] {processor.py:840} INFO - DAG(s) 'example_branch_dop_operator_v3' retrieved from /home/airflow/.local/lib/python3.8/site-packages/airflow/example_dags/example_branch_python_dop_operator_3.py
[2024-03-11T22:10:21.963+0000] {logging_mixin.py:188} INFO - [2024-03-11T22:10:21.963+0000] {dag.py:3047} INFO - Sync 1 DAGs
[2024-03-11T22:10:21.989+0000] {logging_mixin.py:188} INFO - [2024-03-11T22:10:21.989+0000] {dag.py:3834} INFO - Setting next_dagrun for example_branch_dop_operator_v3 to 2024-03-11 22:09:00+00:00, run_after=2024-03-11 22:10:00+00:00
[2024-03-11T22:10:22.014+0000] {processor.py:183} INFO - Processing /home/airflow/.local/lib/python3.8/site-packages/airflow/example_dags/example_branch_python_dop_operator_3.py took 0.084 seconds
[2024-03-11T22:10:52.349+0000] {processor.py:161} INFO - Started process (PID=685) to work on /home/airflow/.local/lib/python3.8/site-packages/airflow/example_dags/example_branch_python_dop_operator_3.py
[2024-03-11T22:10:52.350+0000] {processor.py:830} INFO - Processing file /home/airflow/.local/lib/python3.8/site-packages/airflow/example_dags/example_branch_python_dop_operator_3.py for tasks to queue
[2024-03-11T22:10:52.352+0000] {logging_mixin.py:188} INFO - [2024-03-11T22:10:52.352+0000] {dagbag.py:540} INFO - Filling up the DagBag from /home/airflow/.local/lib/python3.8/site-packages/airflow/example_dags/example_branch_python_dop_operator_3.py
[2024-03-11T22:10:52.359+0000] {processor.py:840} INFO - DAG(s) 'example_branch_dop_operator_v3' retrieved from /home/airflow/.local/lib/python3.8/site-packages/airflow/example_dags/example_branch_python_dop_operator_3.py
[2024-03-11T22:10:52.379+0000] {logging_mixin.py:188} INFO - [2024-03-11T22:10:52.379+0000] {dag.py:3047} INFO - Sync 1 DAGs
[2024-03-11T22:10:52.404+0000] {logging_mixin.py:188} INFO - [2024-03-11T22:10:52.404+0000] {dag.py:3834} INFO - Setting next_dagrun for example_branch_dop_operator_v3 to 2024-03-11 22:09:00+00:00, run_after=2024-03-11 22:10:00+00:00
[2024-03-11T22:10:52.428+0000] {processor.py:183} INFO - Processing /home/airflow/.local/lib/python3.8/site-packages/airflow/example_dags/example_branch_python_dop_operator_3.py took 0.082 seconds
[2024-03-11T22:11:22.603+0000] {processor.py:161} INFO - Started process (PID=742) to work on /home/airflow/.local/lib/python3.8/site-packages/airflow/example_dags/example_branch_python_dop_operator_3.py
[2024-03-11T22:11:22.605+0000] {processor.py:830} INFO - Processing file /home/airflow/.local/lib/python3.8/site-packages/airflow/example_dags/example_branch_python_dop_operator_3.py for tasks to queue
[2024-03-11T22:11:22.607+0000] {logging_mixin.py:188} INFO - [2024-03-11T22:11:22.607+0000] {dagbag.py:540} INFO - Filling up the DagBag from /home/airflow/.local/lib/python3.8/site-packages/airflow/example_dags/example_branch_python_dop_operator_3.py
[2024-03-11T22:11:22.620+0000] {processor.py:840} INFO - DAG(s) 'example_branch_dop_operator_v3' retrieved from /home/airflow/.local/lib/python3.8/site-packages/airflow/example_dags/example_branch_python_dop_operator_3.py
[2024-03-11T22:11:22.649+0000] {logging_mixin.py:188} INFO - [2024-03-11T22:11:22.648+0000] {dag.py:3047} INFO - Sync 1 DAGs
[2024-03-11T22:11:22.681+0000] {logging_mixin.py:188} INFO - [2024-03-11T22:11:22.681+0000] {dag.py:3834} INFO - Setting next_dagrun for example_branch_dop_operator_v3 to 2024-03-11 22:10:00+00:00, run_after=2024-03-11 22:11:00+00:00
[2024-03-11T22:11:22.721+0000] {processor.py:183} INFO - Processing /home/airflow/.local/lib/python3.8/site-packages/airflow/example_dags/example_branch_python_dop_operator_3.py took 0.121 seconds
[2024-03-11T22:11:53.210+0000] {processor.py:161} INFO - Started process (PID=799) to work on /home/airflow/.local/lib/python3.8/site-packages/airflow/example_dags/example_branch_python_dop_operator_3.py
[2024-03-11T22:11:53.212+0000] {processor.py:830} INFO - Processing file /home/airflow/.local/lib/python3.8/site-packages/airflow/example_dags/example_branch_python_dop_operator_3.py for tasks to queue
[2024-03-11T22:11:53.214+0000] {logging_mixin.py:188} INFO - [2024-03-11T22:11:53.214+0000] {dagbag.py:540} INFO - Filling up the DagBag from /home/airflow/.local/lib/python3.8/site-packages/airflow/example_dags/example_branch_python_dop_operator_3.py
[2024-03-11T22:11:53.228+0000] {processor.py:840} INFO - DAG(s) 'example_branch_dop_operator_v3' retrieved from /home/airflow/.local/lib/python3.8/site-packages/airflow/example_dags/example_branch_python_dop_operator_3.py
[2024-03-11T22:11:53.258+0000] {logging_mixin.py:188} INFO - [2024-03-11T22:11:53.258+0000] {dag.py:3047} INFO - Sync 1 DAGs
[2024-03-11T22:11:53.305+0000] {logging_mixin.py:188} INFO - [2024-03-11T22:11:53.304+0000] {dag.py:3834} INFO - Setting next_dagrun for example_branch_dop_operator_v3 to 2024-03-11 22:10:00+00:00, run_after=2024-03-11 22:11:00+00:00
[2024-03-11T22:11:53.336+0000] {processor.py:183} INFO - Processing /home/airflow/.local/lib/python3.8/site-packages/airflow/example_dags/example_branch_python_dop_operator_3.py took 0.130 seconds
[2024-03-11T22:12:23.587+0000] {processor.py:161} INFO - Started process (PID=856) to work on /home/airflow/.local/lib/python3.8/site-packages/airflow/example_dags/example_branch_python_dop_operator_3.py
[2024-03-11T22:12:23.589+0000] {processor.py:830} INFO - Processing file /home/airflow/.local/lib/python3.8/site-packages/airflow/example_dags/example_branch_python_dop_operator_3.py for tasks to queue
[2024-03-11T22:12:23.591+0000] {logging_mixin.py:188} INFO - [2024-03-11T22:12:23.591+0000] {dagbag.py:540} INFO - Filling up the DagBag from /home/airflow/.local/lib/python3.8/site-packages/airflow/example_dags/example_branch_python_dop_operator_3.py
[2024-03-11T22:12:23.599+0000] {processor.py:840} INFO - DAG(s) 'example_branch_dop_operator_v3' retrieved from /home/airflow/.local/lib/python3.8/site-packages/airflow/example_dags/example_branch_python_dop_operator_3.py
[2024-03-11T22:12:23.625+0000] {logging_mixin.py:188} INFO - [2024-03-11T22:12:23.625+0000] {dag.py:3047} INFO - Sync 1 DAGs
[2024-03-11T22:12:23.657+0000] {logging_mixin.py:188} INFO - [2024-03-11T22:12:23.657+0000] {dag.py:3834} INFO - Setting next_dagrun for example_branch_dop_operator_v3 to 2024-03-11 22:11:00+00:00, run_after=2024-03-11 22:12:00+00:00
[2024-03-11T22:12:23.688+0000] {processor.py:183} INFO - Processing /home/airflow/.local/lib/python3.8/site-packages/airflow/example_dags/example_branch_python_dop_operator_3.py took 0.106 seconds
[2024-03-11T22:12:54.387+0000] {processor.py:161} INFO - Started process (PID=913) to work on /home/airflow/.local/lib/python3.8/site-packages/airflow/example_dags/example_branch_python_dop_operator_3.py
[2024-03-11T22:12:54.389+0000] {processor.py:830} INFO - Processing file /home/airflow/.local/lib/python3.8/site-packages/airflow/example_dags/example_branch_python_dop_operator_3.py for tasks to queue
[2024-03-11T22:12:54.390+0000] {logging_mixin.py:188} INFO - [2024-03-11T22:12:54.390+0000] {dagbag.py:540} INFO - Filling up the DagBag from /home/airflow/.local/lib/python3.8/site-packages/airflow/example_dags/example_branch_python_dop_operator_3.py
[2024-03-11T22:12:54.399+0000] {processor.py:840} INFO - DAG(s) 'example_branch_dop_operator_v3' retrieved from /home/airflow/.local/lib/python3.8/site-packages/airflow/example_dags/example_branch_python_dop_operator_3.py
[2024-03-11T22:12:54.423+0000] {logging_mixin.py:188} INFO - [2024-03-11T22:12:54.423+0000] {dag.py:3047} INFO - Sync 1 DAGs
[2024-03-11T22:12:54.455+0000] {logging_mixin.py:188} INFO - [2024-03-11T22:12:54.454+0000] {dag.py:3834} INFO - Setting next_dagrun for example_branch_dop_operator_v3 to 2024-03-11 22:11:00+00:00, run_after=2024-03-11 22:12:00+00:00
[2024-03-11T22:12:54.483+0000] {processor.py:183} INFO - Processing /home/airflow/.local/lib/python3.8/site-packages/airflow/example_dags/example_branch_python_dop_operator_3.py took 0.102 seconds
[2024-03-11T22:13:25.369+0000] {processor.py:161} INFO - Started process (PID=970) to work on /home/airflow/.local/lib/python3.8/site-packages/airflow/example_dags/example_branch_python_dop_operator_3.py
[2024-03-11T22:13:25.384+0000] {processor.py:830} INFO - Processing file /home/airflow/.local/lib/python3.8/site-packages/airflow/example_dags/example_branch_python_dop_operator_3.py for tasks to queue
[2024-03-11T22:13:25.385+0000] {logging_mixin.py:188} INFO - [2024-03-11T22:13:25.385+0000] {dagbag.py:540} INFO - Filling up the DagBag from /home/airflow/.local/lib/python3.8/site-packages/airflow/example_dags/example_branch_python_dop_operator_3.py
[2024-03-11T22:13:25.394+0000] {processor.py:840} INFO - DAG(s) 'example_branch_dop_operator_v3' retrieved from /home/airflow/.local/lib/python3.8/site-packages/airflow/example_dags/example_branch_python_dop_operator_3.py
[2024-03-11T22:13:25.422+0000] {logging_mixin.py:188} INFO - [2024-03-11T22:13:25.421+0000] {dag.py:3047} INFO - Sync 1 DAGs
[2024-03-11T22:13:25.454+0000] {logging_mixin.py:188} INFO - [2024-03-11T22:13:25.454+0000] {dag.py:3834} INFO - Setting next_dagrun for example_branch_dop_operator_v3 to 2024-03-11 22:12:00+00:00, run_after=2024-03-11 22:13:00+00:00
[2024-03-11T22:13:25.526+0000] {processor.py:183} INFO - Processing /home/airflow/.local/lib/python3.8/site-packages/airflow/example_dags/example_branch_python_dop_operator_3.py took 0.161 seconds
[2024-03-11T22:13:55.753+0000] {processor.py:161} INFO - Started process (PID=1027) to work on /home/airflow/.local/lib/python3.8/site-packages/airflow/example_dags/example_branch_python_dop_operator_3.py
[2024-03-11T22:13:55.754+0000] {processor.py:830} INFO - Processing file /home/airflow/.local/lib/python3.8/site-packages/airflow/example_dags/example_branch_python_dop_operator_3.py for tasks to queue
[2024-03-11T22:13:55.756+0000] {logging_mixin.py:188} INFO - [2024-03-11T22:13:55.755+0000] {dagbag.py:540} INFO - Filling up the DagBag from /home/airflow/.local/lib/python3.8/site-packages/airflow/example_dags/example_branch_python_dop_operator_3.py
[2024-03-11T22:13:55.764+0000] {processor.py:840} INFO - DAG(s) 'example_branch_dop_operator_v3' retrieved from /home/airflow/.local/lib/python3.8/site-packages/airflow/example_dags/example_branch_python_dop_operator_3.py
[2024-03-11T22:13:55.785+0000] {logging_mixin.py:188} INFO - [2024-03-11T22:13:55.785+0000] {dag.py:3047} INFO - Sync 1 DAGs
[2024-03-11T22:13:55.811+0000] {logging_mixin.py:188} INFO - [2024-03-11T22:13:55.811+0000] {dag.py:3834} INFO - Setting next_dagrun for example_branch_dop_operator_v3 to 2024-03-11 22:12:00+00:00, run_after=2024-03-11 22:13:00+00:00
[2024-03-11T22:13:55.835+0000] {processor.py:183} INFO - Processing /home/airflow/.local/lib/python3.8/site-packages/airflow/example_dags/example_branch_python_dop_operator_3.py took 0.085 seconds
[2024-03-11T22:14:25.997+0000] {processor.py:161} INFO - Started process (PID=1084) to work on /home/airflow/.local/lib/python3.8/site-packages/airflow/example_dags/example_branch_python_dop_operator_3.py
[2024-03-11T22:14:25.999+0000] {processor.py:830} INFO - Processing file /home/airflow/.local/lib/python3.8/site-packages/airflow/example_dags/example_branch_python_dop_operator_3.py for tasks to queue
[2024-03-11T22:14:26.000+0000] {logging_mixin.py:188} INFO - [2024-03-11T22:14:26.000+0000] {dagbag.py:540} INFO - Filling up the DagBag from /home/airflow/.local/lib/python3.8/site-packages/airflow/example_dags/example_branch_python_dop_operator_3.py
[2024-03-11T22:14:26.007+0000] {processor.py:840} INFO - DAG(s) 'example_branch_dop_operator_v3' retrieved from /home/airflow/.local/lib/python3.8/site-packages/airflow/example_dags/example_branch_python_dop_operator_3.py
[2024-03-11T22:14:26.027+0000] {logging_mixin.py:188} INFO - [2024-03-11T22:14:26.026+0000] {dag.py:3047} INFO - Sync 1 DAGs
[2024-03-11T22:14:26.053+0000] {logging_mixin.py:188} INFO - [2024-03-11T22:14:26.053+0000] {dag.py:3834} INFO - Setting next_dagrun for example_branch_dop_operator_v3 to 2024-03-11 22:13:00+00:00, run_after=2024-03-11 22:14:00+00:00
[2024-03-11T22:14:26.076+0000] {processor.py:183} INFO - Processing /home/airflow/.local/lib/python3.8/site-packages/airflow/example_dags/example_branch_python_dop_operator_3.py took 0.081 seconds
[2024-03-11T22:14:57.234+0000] {processor.py:161} INFO - Started process (PID=1141) to work on /home/airflow/.local/lib/python3.8/site-packages/airflow/example_dags/example_branch_python_dop_operator_3.py
[2024-03-11T22:14:57.236+0000] {processor.py:830} INFO - Processing file /home/airflow/.local/lib/python3.8/site-packages/airflow/example_dags/example_branch_python_dop_operator_3.py for tasks to queue
[2024-03-11T22:14:57.237+0000] {logging_mixin.py:188} INFO - [2024-03-11T22:14:57.237+0000] {dagbag.py:540} INFO - Filling up the DagBag from /home/airflow/.local/lib/python3.8/site-packages/airflow/example_dags/example_branch_python_dop_operator_3.py
[2024-03-11T22:14:57.249+0000] {processor.py:840} INFO - DAG(s) 'example_branch_dop_operator_v3' retrieved from /home/airflow/.local/lib/python3.8/site-packages/airflow/example_dags/example_branch_python_dop_operator_3.py
[2024-03-11T22:14:57.275+0000] {logging_mixin.py:188} INFO - [2024-03-11T22:14:57.274+0000] {dag.py:3047} INFO - Sync 1 DAGs
[2024-03-11T22:14:57.302+0000] {logging_mixin.py:188} INFO - [2024-03-11T22:14:57.302+0000] {dag.py:3834} INFO - Setting next_dagrun for example_branch_dop_operator_v3 to 2024-03-11 22:13:00+00:00, run_after=2024-03-11 22:14:00+00:00
[2024-03-11T22:14:57.325+0000] {processor.py:183} INFO - Processing /home/airflow/.local/lib/python3.8/site-packages/airflow/example_dags/example_branch_python_dop_operator_3.py took 0.096 seconds
[2024-03-11T22:15:28.264+0000] {processor.py:161} INFO - Started process (PID=1198) to work on /home/airflow/.local/lib/python3.8/site-packages/airflow/example_dags/example_branch_python_dop_operator_3.py
[2024-03-11T22:15:28.266+0000] {processor.py:830} INFO - Processing file /home/airflow/.local/lib/python3.8/site-packages/airflow/example_dags/example_branch_python_dop_operator_3.py for tasks to queue
[2024-03-11T22:15:28.267+0000] {logging_mixin.py:188} INFO - [2024-03-11T22:15:28.267+0000] {dagbag.py:540} INFO - Filling up the DagBag from /home/airflow/.local/lib/python3.8/site-packages/airflow/example_dags/example_branch_python_dop_operator_3.py
[2024-03-11T22:15:28.275+0000] {processor.py:840} INFO - DAG(s) 'example_branch_dop_operator_v3' retrieved from /home/airflow/.local/lib/python3.8/site-packages/airflow/example_dags/example_branch_python_dop_operator_3.py
[2024-03-11T22:15:28.297+0000] {logging_mixin.py:188} INFO - [2024-03-11T22:15:28.297+0000] {dag.py:3047} INFO - Sync 1 DAGs
[2024-03-11T22:15:28.327+0000] {logging_mixin.py:188} INFO - [2024-03-11T22:15:28.327+0000] {dag.py:3834} INFO - Setting next_dagrun for example_branch_dop_operator_v3 to 2024-03-11 22:14:00+00:00, run_after=2024-03-11 22:15:00+00:00
[2024-03-11T22:15:28.355+0000] {processor.py:183} INFO - Processing /home/airflow/.local/lib/python3.8/site-packages/airflow/example_dags/example_branch_python_dop_operator_3.py took 0.093 seconds
[2024-03-11T22:15:58.396+0000] {processor.py:161} INFO - Started process (PID=1253) to work on /home/airflow/.local/lib/python3.8/site-packages/airflow/example_dags/example_branch_python_dop_operator_3.py
[2024-03-11T22:15:58.398+0000] {processor.py:830} INFO - Processing file /home/airflow/.local/lib/python3.8/site-packages/airflow/example_dags/example_branch_python_dop_operator_3.py for tasks to queue
[2024-03-11T22:15:58.399+0000] {logging_mixin.py:188} INFO - [2024-03-11T22:15:58.399+0000] {dagbag.py:540} INFO - Filling up the DagBag from /home/airflow/.local/lib/python3.8/site-packages/airflow/example_dags/example_branch_python_dop_operator_3.py
[2024-03-11T22:15:58.406+0000] {processor.py:840} INFO - DAG(s) 'example_branch_dop_operator_v3' retrieved from /home/airflow/.local/lib/python3.8/site-packages/airflow/example_dags/example_branch_python_dop_operator_3.py
[2024-03-11T22:15:58.426+0000] {logging_mixin.py:188} INFO - [2024-03-11T22:15:58.426+0000] {dag.py:3047} INFO - Sync 1 DAGs
[2024-03-11T22:15:58.453+0000] {logging_mixin.py:188} INFO - [2024-03-11T22:15:58.453+0000] {dag.py:3834} INFO - Setting next_dagrun for example_branch_dop_operator_v3 to 2024-03-11 22:14:00+00:00, run_after=2024-03-11 22:15:00+00:00
[2024-03-11T22:15:58.478+0000] {processor.py:183} INFO - Processing /home/airflow/.local/lib/python3.8/site-packages/airflow/example_dags/example_branch_python_dop_operator_3.py took 0.084 seconds
[2024-03-11T22:16:29.229+0000] {processor.py:161} INFO - Started process (PID=1318) to work on /home/airflow/.local/lib/python3.8/site-packages/airflow/example_dags/example_branch_python_dop_operator_3.py
[2024-03-11T22:16:29.231+0000] {processor.py:830} INFO - Processing file /home/airflow/.local/lib/python3.8/site-packages/airflow/example_dags/example_branch_python_dop_operator_3.py for tasks to queue
[2024-03-11T22:16:29.233+0000] {logging_mixin.py:188} INFO - [2024-03-11T22:16:29.233+0000] {dagbag.py:540} INFO - Filling up the DagBag from /home/airflow/.local/lib/python3.8/site-packages/airflow/example_dags/example_branch_python_dop_operator_3.py
[2024-03-11T22:16:29.243+0000] {processor.py:840} INFO - DAG(s) 'example_branch_dop_operator_v3' retrieved from /home/airflow/.local/lib/python3.8/site-packages/airflow/example_dags/example_branch_python_dop_operator_3.py
[2024-03-11T22:16:29.265+0000] {logging_mixin.py:188} INFO - [2024-03-11T22:16:29.265+0000] {dag.py:3047} INFO - Sync 1 DAGs
[2024-03-11T22:16:29.295+0000] {logging_mixin.py:188} INFO - [2024-03-11T22:16:29.295+0000] {dag.py:3834} INFO - Setting next_dagrun for example_branch_dop_operator_v3 to 2024-03-11 22:15:00+00:00, run_after=2024-03-11 22:16:00+00:00
[2024-03-11T22:16:29.320+0000] {processor.py:183} INFO - Processing /home/airflow/.local/lib/python3.8/site-packages/airflow/example_dags/example_branch_python_dop_operator_3.py took 0.095 seconds
[2024-03-11T22:16:59.494+0000] {processor.py:161} INFO - Started process (PID=1373) to work on /home/airflow/.local/lib/python3.8/site-packages/airflow/example_dags/example_branch_python_dop_operator_3.py
[2024-03-11T22:16:59.495+0000] {processor.py:830} INFO - Processing file /home/airflow/.local/lib/python3.8/site-packages/airflow/example_dags/example_branch_python_dop_operator_3.py for tasks to queue
[2024-03-11T22:16:59.497+0000] {logging_mixin.py:188} INFO - [2024-03-11T22:16:59.497+0000] {dagbag.py:540} INFO - Filling up the DagBag from /home/airflow/.local/lib/python3.8/site-packages/airflow/example_dags/example_branch_python_dop_operator_3.py
[2024-03-11T22:16:59.506+0000] {processor.py:840} INFO - DAG(s) 'example_branch_dop_operator_v3' retrieved from /home/airflow/.local/lib/python3.8/site-packages/airflow/example_dags/example_branch_python_dop_operator_3.py
[2024-03-11T22:16:59.527+0000] {logging_mixin.py:188} INFO - [2024-03-11T22:16:59.527+0000] {dag.py:3047} INFO - Sync 1 DAGs
[2024-03-11T22:16:59.556+0000] {logging_mixin.py:188} INFO - [2024-03-11T22:16:59.556+0000] {dag.py:3834} INFO - Setting next_dagrun for example_branch_dop_operator_v3 to 2024-03-11 22:15:00+00:00, run_after=2024-03-11 22:16:00+00:00
[2024-03-11T22:16:59.583+0000] {processor.py:183} INFO - Processing /home/airflow/.local/lib/python3.8/site-packages/airflow/example_dags/example_branch_python_dop_operator_3.py took 0.092 seconds
