[2024-03-11T22:02:05.784+0000] {processor.py:161} INFO - Started process (PID=60) to work on /home/airflow/.local/lib/python3.8/site-packages/airflow/example_dags/example_external_task_marker_dag.py
[2024-03-11T22:02:05.810+0000] {processor.py:830} INFO - Processing file /home/airflow/.local/lib/python3.8/site-packages/airflow/example_dags/example_external_task_marker_dag.py for tasks to queue
[2024-03-11T22:02:05.830+0000] {logging_mixin.py:188} INFO - [2024-03-11T22:02:05.829+0000] {dagbag.py:540} INFO - Filling up the DagBag from /home/airflow/.local/lib/python3.8/site-packages/airflow/example_dags/example_external_task_marker_dag.py
[2024-03-11T22:02:05.907+0000] {processor.py:840} INFO - DAG(s) 'example_external_task_marker_child', 'example_external_task_marker_parent' retrieved from /home/airflow/.local/lib/python3.8/site-packages/airflow/example_dags/example_external_task_marker_dag.py
[2024-03-11T22:02:06.333+0000] {logging_mixin.py:188} INFO - [2024-03-11T22:02:06.332+0000] {dag.py:3047} INFO - Sync 2 DAGs
[2024-03-11T22:02:06.422+0000] {logging_mixin.py:188} INFO - [2024-03-11T22:02:06.421+0000] {dag.py:3834} INFO - Setting next_dagrun for example_external_task_marker_child to None, run_after=None
[2024-03-11T22:02:06.428+0000] {logging_mixin.py:188} INFO - [2024-03-11T22:02:06.427+0000] {dag.py:3834} INFO - Setting next_dagrun for example_external_task_marker_parent to None, run_after=None
[2024-03-11T22:02:06.486+0000] {processor.py:183} INFO - Processing /home/airflow/.local/lib/python3.8/site-packages/airflow/example_dags/example_external_task_marker_dag.py took 0.766 seconds
[2024-03-11T22:02:36.814+0000] {processor.py:161} INFO - Started process (PID=117) to work on /home/airflow/.local/lib/python3.8/site-packages/airflow/example_dags/example_external_task_marker_dag.py
[2024-03-11T22:02:36.830+0000] {processor.py:830} INFO - Processing file /home/airflow/.local/lib/python3.8/site-packages/airflow/example_dags/example_external_task_marker_dag.py for tasks to queue
[2024-03-11T22:02:36.832+0000] {logging_mixin.py:188} INFO - [2024-03-11T22:02:36.832+0000] {dagbag.py:540} INFO - Filling up the DagBag from /home/airflow/.local/lib/python3.8/site-packages/airflow/example_dags/example_external_task_marker_dag.py
[2024-03-11T22:02:36.847+0000] {processor.py:840} INFO - DAG(s) 'example_external_task_marker_parent', 'example_external_task_marker_child' retrieved from /home/airflow/.local/lib/python3.8/site-packages/airflow/example_dags/example_external_task_marker_dag.py
[2024-03-11T22:02:36.905+0000] {logging_mixin.py:188} INFO - [2024-03-11T22:02:36.904+0000] {dag.py:3047} INFO - Sync 2 DAGs
[2024-03-11T22:02:36.918+0000] {logging_mixin.py:188} INFO - [2024-03-11T22:02:36.918+0000] {dag.py:3834} INFO - Setting next_dagrun for example_external_task_marker_child to None, run_after=None
[2024-03-11T22:02:36.923+0000] {logging_mixin.py:188} INFO - [2024-03-11T22:02:36.922+0000] {dag.py:3834} INFO - Setting next_dagrun for example_external_task_marker_parent to None, run_after=None
[2024-03-11T22:02:36.948+0000] {processor.py:183} INFO - Processing /home/airflow/.local/lib/python3.8/site-packages/airflow/example_dags/example_external_task_marker_dag.py took 0.137 seconds
[2024-03-11T22:03:07.363+0000] {processor.py:161} INFO - Started process (PID=174) to work on /home/airflow/.local/lib/python3.8/site-packages/airflow/example_dags/example_external_task_marker_dag.py
[2024-03-11T22:03:07.365+0000] {processor.py:830} INFO - Processing file /home/airflow/.local/lib/python3.8/site-packages/airflow/example_dags/example_external_task_marker_dag.py for tasks to queue
[2024-03-11T22:03:07.367+0000] {logging_mixin.py:188} INFO - [2024-03-11T22:03:07.366+0000] {dagbag.py:540} INFO - Filling up the DagBag from /home/airflow/.local/lib/python3.8/site-packages/airflow/example_dags/example_external_task_marker_dag.py
[2024-03-11T22:03:07.374+0000] {processor.py:840} INFO - DAG(s) 'example_external_task_marker_parent', 'example_external_task_marker_child' retrieved from /home/airflow/.local/lib/python3.8/site-packages/airflow/example_dags/example_external_task_marker_dag.py
[2024-03-11T22:03:07.403+0000] {logging_mixin.py:188} INFO - [2024-03-11T22:03:07.402+0000] {dag.py:3047} INFO - Sync 2 DAGs
[2024-03-11T22:03:07.416+0000] {logging_mixin.py:188} INFO - [2024-03-11T22:03:07.415+0000] {dag.py:3834} INFO - Setting next_dagrun for example_external_task_marker_child to None, run_after=None
[2024-03-11T22:03:07.421+0000] {logging_mixin.py:188} INFO - [2024-03-11T22:03:07.420+0000] {dag.py:3834} INFO - Setting next_dagrun for example_external_task_marker_parent to None, run_after=None
[2024-03-11T22:03:07.445+0000] {processor.py:183} INFO - Processing /home/airflow/.local/lib/python3.8/site-packages/airflow/example_dags/example_external_task_marker_dag.py took 0.086 seconds
[2024-03-11T22:05:16.005+0000] {processor.py:161} INFO - Started process (PID=53) to work on /home/airflow/.local/lib/python3.8/site-packages/airflow/example_dags/example_external_task_marker_dag.py
[2024-03-11T22:05:16.031+0000] {processor.py:830} INFO - Processing file /home/airflow/.local/lib/python3.8/site-packages/airflow/example_dags/example_external_task_marker_dag.py for tasks to queue
[2024-03-11T22:05:16.035+0000] {logging_mixin.py:188} INFO - [2024-03-11T22:05:16.034+0000] {dagbag.py:540} INFO - Filling up the DagBag from /home/airflow/.local/lib/python3.8/site-packages/airflow/example_dags/example_external_task_marker_dag.py
[2024-03-11T22:05:16.060+0000] {processor.py:840} INFO - DAG(s) 'example_external_task_marker_parent', 'example_external_task_marker_child' retrieved from /home/airflow/.local/lib/python3.8/site-packages/airflow/example_dags/example_external_task_marker_dag.py
[2024-03-11T22:05:16.083+0000] {logging_mixin.py:188} INFO - [2024-03-11T22:05:16.083+0000] {dag.py:3047} INFO - Sync 2 DAGs
[2024-03-11T22:05:16.131+0000] {logging_mixin.py:188} INFO - [2024-03-11T22:05:16.131+0000] {dag.py:3834} INFO - Setting next_dagrun for example_external_task_marker_child to None, run_after=None
[2024-03-11T22:05:16.137+0000] {logging_mixin.py:188} INFO - [2024-03-11T22:05:16.137+0000] {dag.py:3834} INFO - Setting next_dagrun for example_external_task_marker_parent to None, run_after=None
[2024-03-11T22:05:16.288+0000] {processor.py:183} INFO - Processing /home/airflow/.local/lib/python3.8/site-packages/airflow/example_dags/example_external_task_marker_dag.py took 0.297 seconds
[2024-03-11T22:05:47.088+0000] {processor.py:161} INFO - Started process (PID=110) to work on /home/airflow/.local/lib/python3.8/site-packages/airflow/example_dags/example_external_task_marker_dag.py
[2024-03-11T22:05:47.090+0000] {processor.py:830} INFO - Processing file /home/airflow/.local/lib/python3.8/site-packages/airflow/example_dags/example_external_task_marker_dag.py for tasks to queue
[2024-03-11T22:05:47.093+0000] {logging_mixin.py:188} INFO - [2024-03-11T22:05:47.092+0000] {dagbag.py:540} INFO - Filling up the DagBag from /home/airflow/.local/lib/python3.8/site-packages/airflow/example_dags/example_external_task_marker_dag.py
[2024-03-11T22:05:47.102+0000] {processor.py:840} INFO - DAG(s) 'example_external_task_marker_child', 'example_external_task_marker_parent' retrieved from /home/airflow/.local/lib/python3.8/site-packages/airflow/example_dags/example_external_task_marker_dag.py
[2024-03-11T22:05:47.221+0000] {logging_mixin.py:188} INFO - [2024-03-11T22:05:47.221+0000] {dag.py:3047} INFO - Sync 2 DAGs
[2024-03-11T22:05:47.233+0000] {logging_mixin.py:188} INFO - [2024-03-11T22:05:47.233+0000] {dag.py:3834} INFO - Setting next_dagrun for example_external_task_marker_child to None, run_after=None
[2024-03-11T22:05:47.237+0000] {logging_mixin.py:188} INFO - [2024-03-11T22:05:47.237+0000] {dag.py:3834} INFO - Setting next_dagrun for example_external_task_marker_parent to None, run_after=None
[2024-03-11T22:05:47.263+0000] {processor.py:183} INFO - Processing /home/airflow/.local/lib/python3.8/site-packages/airflow/example_dags/example_external_task_marker_dag.py took 0.180 seconds
[2024-03-11T22:06:17.625+0000] {processor.py:161} INFO - Started process (PID=167) to work on /home/airflow/.local/lib/python3.8/site-packages/airflow/example_dags/example_external_task_marker_dag.py
[2024-03-11T22:06:17.627+0000] {processor.py:830} INFO - Processing file /home/airflow/.local/lib/python3.8/site-packages/airflow/example_dags/example_external_task_marker_dag.py for tasks to queue
[2024-03-11T22:06:17.631+0000] {logging_mixin.py:188} INFO - [2024-03-11T22:06:17.630+0000] {dagbag.py:540} INFO - Filling up the DagBag from /home/airflow/.local/lib/python3.8/site-packages/airflow/example_dags/example_external_task_marker_dag.py
[2024-03-11T22:06:17.638+0000] {processor.py:840} INFO - DAG(s) 'example_external_task_marker_child', 'example_external_task_marker_parent' retrieved from /home/airflow/.local/lib/python3.8/site-packages/airflow/example_dags/example_external_task_marker_dag.py
[2024-03-11T22:06:17.674+0000] {logging_mixin.py:188} INFO - [2024-03-11T22:06:17.673+0000] {dag.py:3047} INFO - Sync 2 DAGs
[2024-03-11T22:06:17.688+0000] {logging_mixin.py:188} INFO - [2024-03-11T22:06:17.688+0000] {dag.py:3834} INFO - Setting next_dagrun for example_external_task_marker_child to None, run_after=None
[2024-03-11T22:06:17.695+0000] {logging_mixin.py:188} INFO - [2024-03-11T22:06:17.694+0000] {dag.py:3834} INFO - Setting next_dagrun for example_external_task_marker_parent to None, run_after=None
[2024-03-11T22:06:17.727+0000] {processor.py:183} INFO - Processing /home/airflow/.local/lib/python3.8/site-packages/airflow/example_dags/example_external_task_marker_dag.py took 0.107 seconds
[2024-03-11T22:06:47.848+0000] {processor.py:161} INFO - Started process (PID=224) to work on /home/airflow/.local/lib/python3.8/site-packages/airflow/example_dags/example_external_task_marker_dag.py
[2024-03-11T22:06:47.850+0000] {processor.py:830} INFO - Processing file /home/airflow/.local/lib/python3.8/site-packages/airflow/example_dags/example_external_task_marker_dag.py for tasks to queue
[2024-03-11T22:06:47.852+0000] {logging_mixin.py:188} INFO - [2024-03-11T22:06:47.851+0000] {dagbag.py:540} INFO - Filling up the DagBag from /home/airflow/.local/lib/python3.8/site-packages/airflow/example_dags/example_external_task_marker_dag.py
[2024-03-11T22:06:47.857+0000] {processor.py:840} INFO - DAG(s) 'example_external_task_marker_parent', 'example_external_task_marker_child' retrieved from /home/airflow/.local/lib/python3.8/site-packages/airflow/example_dags/example_external_task_marker_dag.py
[2024-03-11T22:06:47.881+0000] {logging_mixin.py:188} INFO - [2024-03-11T22:06:47.881+0000] {dag.py:3047} INFO - Sync 2 DAGs
[2024-03-11T22:06:47.893+0000] {logging_mixin.py:188} INFO - [2024-03-11T22:06:47.893+0000] {dag.py:3834} INFO - Setting next_dagrun for example_external_task_marker_child to None, run_after=None
[2024-03-11T22:06:47.897+0000] {logging_mixin.py:188} INFO - [2024-03-11T22:06:47.897+0000] {dag.py:3834} INFO - Setting next_dagrun for example_external_task_marker_parent to None, run_after=None
[2024-03-11T22:06:47.921+0000] {processor.py:183} INFO - Processing /home/airflow/.local/lib/python3.8/site-packages/airflow/example_dags/example_external_task_marker_dag.py took 0.076 seconds
[2024-03-11T22:07:17.990+0000] {processor.py:161} INFO - Started process (PID=281) to work on /home/airflow/.local/lib/python3.8/site-packages/airflow/example_dags/example_external_task_marker_dag.py
[2024-03-11T22:07:17.991+0000] {processor.py:830} INFO - Processing file /home/airflow/.local/lib/python3.8/site-packages/airflow/example_dags/example_external_task_marker_dag.py for tasks to queue
[2024-03-11T22:07:17.993+0000] {logging_mixin.py:188} INFO - [2024-03-11T22:07:17.992+0000] {dagbag.py:540} INFO - Filling up the DagBag from /home/airflow/.local/lib/python3.8/site-packages/airflow/example_dags/example_external_task_marker_dag.py
[2024-03-11T22:07:17.998+0000] {processor.py:840} INFO - DAG(s) 'example_external_task_marker_child', 'example_external_task_marker_parent' retrieved from /home/airflow/.local/lib/python3.8/site-packages/airflow/example_dags/example_external_task_marker_dag.py
[2024-03-11T22:07:18.027+0000] {logging_mixin.py:188} INFO - [2024-03-11T22:07:18.027+0000] {dag.py:3047} INFO - Sync 2 DAGs
[2024-03-11T22:07:18.041+0000] {logging_mixin.py:188} INFO - [2024-03-11T22:07:18.041+0000] {dag.py:3834} INFO - Setting next_dagrun for example_external_task_marker_child to None, run_after=None
[2024-03-11T22:07:18.046+0000] {logging_mixin.py:188} INFO - [2024-03-11T22:07:18.046+0000] {dag.py:3834} INFO - Setting next_dagrun for example_external_task_marker_parent to None, run_after=None
[2024-03-11T22:07:18.073+0000] {processor.py:183} INFO - Processing /home/airflow/.local/lib/python3.8/site-packages/airflow/example_dags/example_external_task_marker_dag.py took 0.086 seconds
[2024-03-11T22:07:48.156+0000] {processor.py:161} INFO - Started process (PID=338) to work on /home/airflow/.local/lib/python3.8/site-packages/airflow/example_dags/example_external_task_marker_dag.py
[2024-03-11T22:07:48.175+0000] {processor.py:830} INFO - Processing file /home/airflow/.local/lib/python3.8/site-packages/airflow/example_dags/example_external_task_marker_dag.py for tasks to queue
[2024-03-11T22:07:48.177+0000] {logging_mixin.py:188} INFO - [2024-03-11T22:07:48.177+0000] {dagbag.py:540} INFO - Filling up the DagBag from /home/airflow/.local/lib/python3.8/site-packages/airflow/example_dags/example_external_task_marker_dag.py
[2024-03-11T22:07:48.182+0000] {processor.py:840} INFO - DAG(s) 'example_external_task_marker_parent', 'example_external_task_marker_child' retrieved from /home/airflow/.local/lib/python3.8/site-packages/airflow/example_dags/example_external_task_marker_dag.py
[2024-03-11T22:07:48.208+0000] {logging_mixin.py:188} INFO - [2024-03-11T22:07:48.208+0000] {dag.py:3047} INFO - Sync 2 DAGs
[2024-03-11T22:07:48.221+0000] {logging_mixin.py:188} INFO - [2024-03-11T22:07:48.221+0000] {dag.py:3834} INFO - Setting next_dagrun for example_external_task_marker_child to None, run_after=None
[2024-03-11T22:07:48.226+0000] {logging_mixin.py:188} INFO - [2024-03-11T22:07:48.226+0000] {dag.py:3834} INFO - Setting next_dagrun for example_external_task_marker_parent to None, run_after=None
[2024-03-11T22:07:48.253+0000] {processor.py:183} INFO - Processing /home/airflow/.local/lib/python3.8/site-packages/airflow/example_dags/example_external_task_marker_dag.py took 0.099 seconds
[2024-03-11T22:08:19.201+0000] {processor.py:161} INFO - Started process (PID=395) to work on /home/airflow/.local/lib/python3.8/site-packages/airflow/example_dags/example_external_task_marker_dag.py
[2024-03-11T22:08:19.202+0000] {processor.py:830} INFO - Processing file /home/airflow/.local/lib/python3.8/site-packages/airflow/example_dags/example_external_task_marker_dag.py for tasks to queue
[2024-03-11T22:08:19.204+0000] {logging_mixin.py:188} INFO - [2024-03-11T22:08:19.203+0000] {dagbag.py:540} INFO - Filling up the DagBag from /home/airflow/.local/lib/python3.8/site-packages/airflow/example_dags/example_external_task_marker_dag.py
[2024-03-11T22:08:19.211+0000] {processor.py:840} INFO - DAG(s) 'example_external_task_marker_parent', 'example_external_task_marker_child' retrieved from /home/airflow/.local/lib/python3.8/site-packages/airflow/example_dags/example_external_task_marker_dag.py
[2024-03-11T22:08:19.240+0000] {logging_mixin.py:188} INFO - [2024-03-11T22:08:19.239+0000] {dag.py:3047} INFO - Sync 2 DAGs
[2024-03-11T22:08:19.251+0000] {logging_mixin.py:188} INFO - [2024-03-11T22:08:19.251+0000] {dag.py:3834} INFO - Setting next_dagrun for example_external_task_marker_child to None, run_after=None
[2024-03-11T22:08:19.256+0000] {logging_mixin.py:188} INFO - [2024-03-11T22:08:19.255+0000] {dag.py:3834} INFO - Setting next_dagrun for example_external_task_marker_parent to None, run_after=None
[2024-03-11T22:08:19.278+0000] {processor.py:183} INFO - Processing /home/airflow/.local/lib/python3.8/site-packages/airflow/example_dags/example_external_task_marker_dag.py took 0.080 seconds
[2024-03-11T22:08:50.042+0000] {processor.py:161} INFO - Started process (PID=452) to work on /home/airflow/.local/lib/python3.8/site-packages/airflow/example_dags/example_external_task_marker_dag.py
[2024-03-11T22:08:50.044+0000] {processor.py:830} INFO - Processing file /home/airflow/.local/lib/python3.8/site-packages/airflow/example_dags/example_external_task_marker_dag.py for tasks to queue
[2024-03-11T22:08:50.045+0000] {logging_mixin.py:188} INFO - [2024-03-11T22:08:50.045+0000] {dagbag.py:540} INFO - Filling up the DagBag from /home/airflow/.local/lib/python3.8/site-packages/airflow/example_dags/example_external_task_marker_dag.py
[2024-03-11T22:08:50.051+0000] {processor.py:840} INFO - DAG(s) 'example_external_task_marker_child', 'example_external_task_marker_parent' retrieved from /home/airflow/.local/lib/python3.8/site-packages/airflow/example_dags/example_external_task_marker_dag.py
[2024-03-11T22:08:50.083+0000] {logging_mixin.py:188} INFO - [2024-03-11T22:08:50.083+0000] {dag.py:3047} INFO - Sync 2 DAGs
[2024-03-11T22:08:50.097+0000] {logging_mixin.py:188} INFO - [2024-03-11T22:08:50.096+0000] {dag.py:3834} INFO - Setting next_dagrun for example_external_task_marker_child to None, run_after=None
[2024-03-11T22:08:50.101+0000] {logging_mixin.py:188} INFO - [2024-03-11T22:08:50.101+0000] {dag.py:3834} INFO - Setting next_dagrun for example_external_task_marker_parent to None, run_after=None
[2024-03-11T22:08:50.126+0000] {processor.py:183} INFO - Processing /home/airflow/.local/lib/python3.8/site-packages/airflow/example_dags/example_external_task_marker_dag.py took 0.087 seconds
[2024-03-11T22:09:20.997+0000] {processor.py:161} INFO - Started process (PID=509) to work on /home/airflow/.local/lib/python3.8/site-packages/airflow/example_dags/example_external_task_marker_dag.py
[2024-03-11T22:09:20.999+0000] {processor.py:830} INFO - Processing file /home/airflow/.local/lib/python3.8/site-packages/airflow/example_dags/example_external_task_marker_dag.py for tasks to queue
[2024-03-11T22:09:21.001+0000] {logging_mixin.py:188} INFO - [2024-03-11T22:09:21.001+0000] {dagbag.py:540} INFO - Filling up the DagBag from /home/airflow/.local/lib/python3.8/site-packages/airflow/example_dags/example_external_task_marker_dag.py
[2024-03-11T22:09:21.010+0000] {processor.py:840} INFO - DAG(s) 'example_external_task_marker_child', 'example_external_task_marker_parent' retrieved from /home/airflow/.local/lib/python3.8/site-packages/airflow/example_dags/example_external_task_marker_dag.py
[2024-03-11T22:09:21.049+0000] {logging_mixin.py:188} INFO - [2024-03-11T22:09:21.049+0000] {dag.py:3047} INFO - Sync 2 DAGs
[2024-03-11T22:09:21.069+0000] {logging_mixin.py:188} INFO - [2024-03-11T22:09:21.068+0000] {dag.py:3834} INFO - Setting next_dagrun for example_external_task_marker_child to None, run_after=None
[2024-03-11T22:09:21.075+0000] {logging_mixin.py:188} INFO - [2024-03-11T22:09:21.075+0000] {dag.py:3834} INFO - Setting next_dagrun for example_external_task_marker_parent to None, run_after=None
[2024-03-11T22:09:21.107+0000] {processor.py:183} INFO - Processing /home/airflow/.local/lib/python3.8/site-packages/airflow/example_dags/example_external_task_marker_dag.py took 0.113 seconds
[2024-03-11T22:09:51.320+0000] {processor.py:161} INFO - Started process (PID=566) to work on /home/airflow/.local/lib/python3.8/site-packages/airflow/example_dags/example_external_task_marker_dag.py
[2024-03-11T22:09:51.322+0000] {processor.py:830} INFO - Processing file /home/airflow/.local/lib/python3.8/site-packages/airflow/example_dags/example_external_task_marker_dag.py for tasks to queue
[2024-03-11T22:09:51.324+0000] {logging_mixin.py:188} INFO - [2024-03-11T22:09:51.323+0000] {dagbag.py:540} INFO - Filling up the DagBag from /home/airflow/.local/lib/python3.8/site-packages/airflow/example_dags/example_external_task_marker_dag.py
[2024-03-11T22:09:51.330+0000] {processor.py:840} INFO - DAG(s) 'example_external_task_marker_child', 'example_external_task_marker_parent' retrieved from /home/airflow/.local/lib/python3.8/site-packages/airflow/example_dags/example_external_task_marker_dag.py
[2024-03-11T22:09:51.354+0000] {logging_mixin.py:188} INFO - [2024-03-11T22:09:51.354+0000] {dag.py:3047} INFO - Sync 2 DAGs
[2024-03-11T22:09:51.367+0000] {logging_mixin.py:188} INFO - [2024-03-11T22:09:51.366+0000] {dag.py:3834} INFO - Setting next_dagrun for example_external_task_marker_child to None, run_after=None
[2024-03-11T22:09:51.371+0000] {logging_mixin.py:188} INFO - [2024-03-11T22:09:51.370+0000] {dag.py:3834} INFO - Setting next_dagrun for example_external_task_marker_parent to None, run_after=None
[2024-03-11T22:09:51.394+0000] {processor.py:183} INFO - Processing /home/airflow/.local/lib/python3.8/site-packages/airflow/example_dags/example_external_task_marker_dag.py took 0.077 seconds
[2024-03-11T22:10:21.708+0000] {processor.py:161} INFO - Started process (PID=623) to work on /home/airflow/.local/lib/python3.8/site-packages/airflow/example_dags/example_external_task_marker_dag.py
[2024-03-11T22:10:21.710+0000] {processor.py:830} INFO - Processing file /home/airflow/.local/lib/python3.8/site-packages/airflow/example_dags/example_external_task_marker_dag.py for tasks to queue
[2024-03-11T22:10:21.712+0000] {logging_mixin.py:188} INFO - [2024-03-11T22:10:21.712+0000] {dagbag.py:540} INFO - Filling up the DagBag from /home/airflow/.local/lib/python3.8/site-packages/airflow/example_dags/example_external_task_marker_dag.py
[2024-03-11T22:10:21.718+0000] {processor.py:840} INFO - DAG(s) 'example_external_task_marker_child', 'example_external_task_marker_parent' retrieved from /home/airflow/.local/lib/python3.8/site-packages/airflow/example_dags/example_external_task_marker_dag.py
[2024-03-11T22:10:21.743+0000] {logging_mixin.py:188} INFO - [2024-03-11T22:10:21.743+0000] {dag.py:3047} INFO - Sync 2 DAGs
[2024-03-11T22:10:21.755+0000] {logging_mixin.py:188} INFO - [2024-03-11T22:10:21.755+0000] {dag.py:3834} INFO - Setting next_dagrun for example_external_task_marker_child to None, run_after=None
[2024-03-11T22:10:21.760+0000] {logging_mixin.py:188} INFO - [2024-03-11T22:10:21.759+0000] {dag.py:3834} INFO - Setting next_dagrun for example_external_task_marker_parent to None, run_after=None
[2024-03-11T22:10:21.782+0000] {processor.py:183} INFO - Processing /home/airflow/.local/lib/python3.8/site-packages/airflow/example_dags/example_external_task_marker_dag.py took 0.077 seconds
[2024-03-11T22:10:52.047+0000] {processor.py:161} INFO - Started process (PID=680) to work on /home/airflow/.local/lib/python3.8/site-packages/airflow/example_dags/example_external_task_marker_dag.py
[2024-03-11T22:10:52.070+0000] {processor.py:830} INFO - Processing file /home/airflow/.local/lib/python3.8/site-packages/airflow/example_dags/example_external_task_marker_dag.py for tasks to queue
[2024-03-11T22:10:52.072+0000] {logging_mixin.py:188} INFO - [2024-03-11T22:10:52.072+0000] {dagbag.py:540} INFO - Filling up the DagBag from /home/airflow/.local/lib/python3.8/site-packages/airflow/example_dags/example_external_task_marker_dag.py
[2024-03-11T22:10:52.077+0000] {processor.py:840} INFO - DAG(s) 'example_external_task_marker_parent', 'example_external_task_marker_child' retrieved from /home/airflow/.local/lib/python3.8/site-packages/airflow/example_dags/example_external_task_marker_dag.py
[2024-03-11T22:10:52.101+0000] {logging_mixin.py:188} INFO - [2024-03-11T22:10:52.100+0000] {dag.py:3047} INFO - Sync 2 DAGs
[2024-03-11T22:10:52.113+0000] {logging_mixin.py:188} INFO - [2024-03-11T22:10:52.112+0000] {dag.py:3834} INFO - Setting next_dagrun for example_external_task_marker_child to None, run_after=None
[2024-03-11T22:10:52.116+0000] {logging_mixin.py:188} INFO - [2024-03-11T22:10:52.116+0000] {dag.py:3834} INFO - Setting next_dagrun for example_external_task_marker_parent to None, run_after=None
[2024-03-11T22:10:52.140+0000] {processor.py:183} INFO - Processing /home/airflow/.local/lib/python3.8/site-packages/airflow/example_dags/example_external_task_marker_dag.py took 0.096 seconds
[2024-03-11T22:11:22.194+0000] {processor.py:161} INFO - Started process (PID=737) to work on /home/airflow/.local/lib/python3.8/site-packages/airflow/example_dags/example_external_task_marker_dag.py
[2024-03-11T22:11:22.197+0000] {processor.py:830} INFO - Processing file /home/airflow/.local/lib/python3.8/site-packages/airflow/example_dags/example_external_task_marker_dag.py for tasks to queue
[2024-03-11T22:11:22.201+0000] {logging_mixin.py:188} INFO - [2024-03-11T22:11:22.200+0000] {dagbag.py:540} INFO - Filling up the DagBag from /home/airflow/.local/lib/python3.8/site-packages/airflow/example_dags/example_external_task_marker_dag.py
[2024-03-11T22:11:22.217+0000] {processor.py:840} INFO - DAG(s) 'example_external_task_marker_child', 'example_external_task_marker_parent' retrieved from /home/airflow/.local/lib/python3.8/site-packages/airflow/example_dags/example_external_task_marker_dag.py
[2024-03-11T22:11:22.280+0000] {logging_mixin.py:188} INFO - [2024-03-11T22:11:22.280+0000] {dag.py:3047} INFO - Sync 2 DAGs
[2024-03-11T22:11:22.308+0000] {logging_mixin.py:188} INFO - [2024-03-11T22:11:22.307+0000] {dag.py:3834} INFO - Setting next_dagrun for example_external_task_marker_child to None, run_after=None
[2024-03-11T22:11:22.316+0000] {logging_mixin.py:188} INFO - [2024-03-11T22:11:22.316+0000] {dag.py:3834} INFO - Setting next_dagrun for example_external_task_marker_parent to None, run_after=None
[2024-03-11T22:11:22.369+0000] {processor.py:183} INFO - Processing /home/airflow/.local/lib/python3.8/site-packages/airflow/example_dags/example_external_task_marker_dag.py took 0.190 seconds
[2024-03-11T22:11:52.954+0000] {processor.py:161} INFO - Started process (PID=794) to work on /home/airflow/.local/lib/python3.8/site-packages/airflow/example_dags/example_external_task_marker_dag.py
[2024-03-11T22:11:52.956+0000] {processor.py:830} INFO - Processing file /home/airflow/.local/lib/python3.8/site-packages/airflow/example_dags/example_external_task_marker_dag.py for tasks to queue
[2024-03-11T22:11:52.958+0000] {logging_mixin.py:188} INFO - [2024-03-11T22:11:52.958+0000] {dagbag.py:540} INFO - Filling up the DagBag from /home/airflow/.local/lib/python3.8/site-packages/airflow/example_dags/example_external_task_marker_dag.py
[2024-03-11T22:11:52.965+0000] {processor.py:840} INFO - DAG(s) 'example_external_task_marker_parent', 'example_external_task_marker_child' retrieved from /home/airflow/.local/lib/python3.8/site-packages/airflow/example_dags/example_external_task_marker_dag.py
[2024-03-11T22:11:52.992+0000] {logging_mixin.py:188} INFO - [2024-03-11T22:11:52.992+0000] {dag.py:3047} INFO - Sync 2 DAGs
[2024-03-11T22:11:53.005+0000] {logging_mixin.py:188} INFO - [2024-03-11T22:11:53.005+0000] {dag.py:3834} INFO - Setting next_dagrun for example_external_task_marker_child to None, run_after=None
[2024-03-11T22:11:53.011+0000] {logging_mixin.py:188} INFO - [2024-03-11T22:11:53.010+0000] {dag.py:3834} INFO - Setting next_dagrun for example_external_task_marker_parent to None, run_after=None
[2024-03-11T22:11:53.036+0000] {processor.py:183} INFO - Processing /home/airflow/.local/lib/python3.8/site-packages/airflow/example_dags/example_external_task_marker_dag.py took 0.085 seconds
[2024-03-11T22:12:23.293+0000] {processor.py:161} INFO - Started process (PID=851) to work on /home/airflow/.local/lib/python3.8/site-packages/airflow/example_dags/example_external_task_marker_dag.py
[2024-03-11T22:12:23.295+0000] {processor.py:830} INFO - Processing file /home/airflow/.local/lib/python3.8/site-packages/airflow/example_dags/example_external_task_marker_dag.py for tasks to queue
[2024-03-11T22:12:23.296+0000] {logging_mixin.py:188} INFO - [2024-03-11T22:12:23.296+0000] {dagbag.py:540} INFO - Filling up the DagBag from /home/airflow/.local/lib/python3.8/site-packages/airflow/example_dags/example_external_task_marker_dag.py
[2024-03-11T22:12:23.302+0000] {processor.py:840} INFO - DAG(s) 'example_external_task_marker_parent', 'example_external_task_marker_child' retrieved from /home/airflow/.local/lib/python3.8/site-packages/airflow/example_dags/example_external_task_marker_dag.py
[2024-03-11T22:12:23.349+0000] {logging_mixin.py:188} INFO - [2024-03-11T22:12:23.348+0000] {dag.py:3047} INFO - Sync 2 DAGs
[2024-03-11T22:12:23.370+0000] {logging_mixin.py:188} INFO - [2024-03-11T22:12:23.370+0000] {dag.py:3834} INFO - Setting next_dagrun for example_external_task_marker_child to None, run_after=None
[2024-03-11T22:12:23.378+0000] {logging_mixin.py:188} INFO - [2024-03-11T22:12:23.378+0000] {dag.py:3834} INFO - Setting next_dagrun for example_external_task_marker_parent to None, run_after=None
[2024-03-11T22:12:23.402+0000] {processor.py:183} INFO - Processing /home/airflow/.local/lib/python3.8/site-packages/airflow/example_dags/example_external_task_marker_dag.py took 0.113 seconds
[2024-03-11T22:12:53.892+0000] {processor.py:161} INFO - Started process (PID=908) to work on /home/airflow/.local/lib/python3.8/site-packages/airflow/example_dags/example_external_task_marker_dag.py
[2024-03-11T22:12:53.893+0000] {processor.py:830} INFO - Processing file /home/airflow/.local/lib/python3.8/site-packages/airflow/example_dags/example_external_task_marker_dag.py for tasks to queue
[2024-03-11T22:12:53.895+0000] {logging_mixin.py:188} INFO - [2024-03-11T22:12:53.895+0000] {dagbag.py:540} INFO - Filling up the DagBag from /home/airflow/.local/lib/python3.8/site-packages/airflow/example_dags/example_external_task_marker_dag.py
[2024-03-11T22:12:53.902+0000] {processor.py:840} INFO - DAG(s) 'example_external_task_marker_child', 'example_external_task_marker_parent' retrieved from /home/airflow/.local/lib/python3.8/site-packages/airflow/example_dags/example_external_task_marker_dag.py
[2024-03-11T22:12:53.931+0000] {logging_mixin.py:188} INFO - [2024-03-11T22:12:53.931+0000] {dag.py:3047} INFO - Sync 2 DAGs
[2024-03-11T22:12:53.947+0000] {logging_mixin.py:188} INFO - [2024-03-11T22:12:53.947+0000] {dag.py:3834} INFO - Setting next_dagrun for example_external_task_marker_child to None, run_after=None
[2024-03-11T22:12:53.953+0000] {logging_mixin.py:188} INFO - [2024-03-11T22:12:53.952+0000] {dag.py:3834} INFO - Setting next_dagrun for example_external_task_marker_parent to None, run_after=None
[2024-03-11T22:12:53.979+0000] {processor.py:183} INFO - Processing /home/airflow/.local/lib/python3.8/site-packages/airflow/example_dags/example_external_task_marker_dag.py took 0.091 seconds
[2024-03-11T22:13:24.943+0000] {processor.py:161} INFO - Started process (PID=965) to work on /home/airflow/.local/lib/python3.8/site-packages/airflow/example_dags/example_external_task_marker_dag.py
[2024-03-11T22:13:24.955+0000] {processor.py:830} INFO - Processing file /home/airflow/.local/lib/python3.8/site-packages/airflow/example_dags/example_external_task_marker_dag.py for tasks to queue
[2024-03-11T22:13:24.958+0000] {logging_mixin.py:188} INFO - [2024-03-11T22:13:24.957+0000] {dagbag.py:540} INFO - Filling up the DagBag from /home/airflow/.local/lib/python3.8/site-packages/airflow/example_dags/example_external_task_marker_dag.py
[2024-03-11T22:13:24.966+0000] {processor.py:840} INFO - DAG(s) 'example_external_task_marker_parent', 'example_external_task_marker_child' retrieved from /home/airflow/.local/lib/python3.8/site-packages/airflow/example_dags/example_external_task_marker_dag.py
[2024-03-11T22:13:24.998+0000] {logging_mixin.py:188} INFO - [2024-03-11T22:13:24.998+0000] {dag.py:3047} INFO - Sync 2 DAGs
[2024-03-11T22:13:25.012+0000] {logging_mixin.py:188} INFO - [2024-03-11T22:13:25.011+0000] {dag.py:3834} INFO - Setting next_dagrun for example_external_task_marker_child to None, run_after=None
[2024-03-11T22:13:25.017+0000] {logging_mixin.py:188} INFO - [2024-03-11T22:13:25.017+0000] {dag.py:3834} INFO - Setting next_dagrun for example_external_task_marker_parent to None, run_after=None
[2024-03-11T22:13:25.075+0000] {processor.py:183} INFO - Processing /home/airflow/.local/lib/python3.8/site-packages/airflow/example_dags/example_external_task_marker_dag.py took 0.135 seconds
[2024-03-11T22:13:55.441+0000] {processor.py:161} INFO - Started process (PID=1022) to work on /home/airflow/.local/lib/python3.8/site-packages/airflow/example_dags/example_external_task_marker_dag.py
[2024-03-11T22:13:55.442+0000] {processor.py:830} INFO - Processing file /home/airflow/.local/lib/python3.8/site-packages/airflow/example_dags/example_external_task_marker_dag.py for tasks to queue
[2024-03-11T22:13:55.444+0000] {logging_mixin.py:188} INFO - [2024-03-11T22:13:55.443+0000] {dagbag.py:540} INFO - Filling up the DagBag from /home/airflow/.local/lib/python3.8/site-packages/airflow/example_dags/example_external_task_marker_dag.py
[2024-03-11T22:13:55.449+0000] {processor.py:840} INFO - DAG(s) 'example_external_task_marker_child', 'example_external_task_marker_parent' retrieved from /home/airflow/.local/lib/python3.8/site-packages/airflow/example_dags/example_external_task_marker_dag.py
[2024-03-11T22:13:55.474+0000] {logging_mixin.py:188} INFO - [2024-03-11T22:13:55.474+0000] {dag.py:3047} INFO - Sync 2 DAGs
[2024-03-11T22:13:55.487+0000] {logging_mixin.py:188} INFO - [2024-03-11T22:13:55.486+0000] {dag.py:3834} INFO - Setting next_dagrun for example_external_task_marker_child to None, run_after=None
[2024-03-11T22:13:55.492+0000] {logging_mixin.py:188} INFO - [2024-03-11T22:13:55.491+0000] {dag.py:3834} INFO - Setting next_dagrun for example_external_task_marker_parent to None, run_after=None
[2024-03-11T22:13:55.517+0000] {processor.py:183} INFO - Processing /home/airflow/.local/lib/python3.8/site-packages/airflow/example_dags/example_external_task_marker_dag.py took 0.080 seconds
[2024-03-11T22:14:25.599+0000] {processor.py:161} INFO - Started process (PID=1079) to work on /home/airflow/.local/lib/python3.8/site-packages/airflow/example_dags/example_external_task_marker_dag.py
[2024-03-11T22:14:25.601+0000] {processor.py:830} INFO - Processing file /home/airflow/.local/lib/python3.8/site-packages/airflow/example_dags/example_external_task_marker_dag.py for tasks to queue
[2024-03-11T22:14:25.602+0000] {logging_mixin.py:188} INFO - [2024-03-11T22:14:25.602+0000] {dagbag.py:540} INFO - Filling up the DagBag from /home/airflow/.local/lib/python3.8/site-packages/airflow/example_dags/example_external_task_marker_dag.py
[2024-03-11T22:14:25.607+0000] {processor.py:840} INFO - DAG(s) 'example_external_task_marker_child', 'example_external_task_marker_parent' retrieved from /home/airflow/.local/lib/python3.8/site-packages/airflow/example_dags/example_external_task_marker_dag.py
[2024-03-11T22:14:25.631+0000] {logging_mixin.py:188} INFO - [2024-03-11T22:14:25.631+0000] {dag.py:3047} INFO - Sync 2 DAGs
[2024-03-11T22:14:25.644+0000] {logging_mixin.py:188} INFO - [2024-03-11T22:14:25.643+0000] {dag.py:3834} INFO - Setting next_dagrun for example_external_task_marker_child to None, run_after=None
[2024-03-11T22:14:25.648+0000] {logging_mixin.py:188} INFO - [2024-03-11T22:14:25.648+0000] {dag.py:3834} INFO - Setting next_dagrun for example_external_task_marker_parent to None, run_after=None
[2024-03-11T22:14:25.673+0000] {processor.py:183} INFO - Processing /home/airflow/.local/lib/python3.8/site-packages/airflow/example_dags/example_external_task_marker_dag.py took 0.077 seconds
[2024-03-11T22:14:55.704+0000] {processor.py:161} INFO - Started process (PID=1134) to work on /home/airflow/.local/lib/python3.8/site-packages/airflow/example_dags/example_external_task_marker_dag.py
[2024-03-11T22:14:55.705+0000] {processor.py:830} INFO - Processing file /home/airflow/.local/lib/python3.8/site-packages/airflow/example_dags/example_external_task_marker_dag.py for tasks to queue
[2024-03-11T22:14:55.707+0000] {logging_mixin.py:188} INFO - [2024-03-11T22:14:55.707+0000] {dagbag.py:540} INFO - Filling up the DagBag from /home/airflow/.local/lib/python3.8/site-packages/airflow/example_dags/example_external_task_marker_dag.py
[2024-03-11T22:14:55.712+0000] {processor.py:840} INFO - DAG(s) 'example_external_task_marker_child', 'example_external_task_marker_parent' retrieved from /home/airflow/.local/lib/python3.8/site-packages/airflow/example_dags/example_external_task_marker_dag.py
[2024-03-11T22:14:55.738+0000] {logging_mixin.py:188} INFO - [2024-03-11T22:14:55.737+0000] {dag.py:3047} INFO - Sync 2 DAGs
[2024-03-11T22:14:55.751+0000] {logging_mixin.py:188} INFO - [2024-03-11T22:14:55.751+0000] {dag.py:3834} INFO - Setting next_dagrun for example_external_task_marker_child to None, run_after=None
[2024-03-11T22:14:55.756+0000] {logging_mixin.py:188} INFO - [2024-03-11T22:14:55.755+0000] {dag.py:3834} INFO - Setting next_dagrun for example_external_task_marker_parent to None, run_after=None
[2024-03-11T22:14:55.777+0000] {processor.py:183} INFO - Processing /home/airflow/.local/lib/python3.8/site-packages/airflow/example_dags/example_external_task_marker_dag.py took 0.076 seconds
[2024-03-11T22:15:25.830+0000] {processor.py:161} INFO - Started process (PID=1191) to work on /home/airflow/.local/lib/python3.8/site-packages/airflow/example_dags/example_external_task_marker_dag.py
[2024-03-11T22:15:25.831+0000] {processor.py:830} INFO - Processing file /home/airflow/.local/lib/python3.8/site-packages/airflow/example_dags/example_external_task_marker_dag.py for tasks to queue
[2024-03-11T22:15:25.833+0000] {logging_mixin.py:188} INFO - [2024-03-11T22:15:25.832+0000] {dagbag.py:540} INFO - Filling up the DagBag from /home/airflow/.local/lib/python3.8/site-packages/airflow/example_dags/example_external_task_marker_dag.py
[2024-03-11T22:15:25.837+0000] {processor.py:840} INFO - DAG(s) 'example_external_task_marker_child', 'example_external_task_marker_parent' retrieved from /home/airflow/.local/lib/python3.8/site-packages/airflow/example_dags/example_external_task_marker_dag.py
[2024-03-11T22:15:25.864+0000] {logging_mixin.py:188} INFO - [2024-03-11T22:15:25.864+0000] {dag.py:3047} INFO - Sync 2 DAGs
[2024-03-11T22:15:25.877+0000] {logging_mixin.py:188} INFO - [2024-03-11T22:15:25.877+0000] {dag.py:3834} INFO - Setting next_dagrun for example_external_task_marker_child to None, run_after=None
[2024-03-11T22:15:25.881+0000] {logging_mixin.py:188} INFO - [2024-03-11T22:15:25.881+0000] {dag.py:3834} INFO - Setting next_dagrun for example_external_task_marker_parent to None, run_after=None
[2024-03-11T22:15:25.906+0000] {processor.py:183} INFO - Processing /home/airflow/.local/lib/python3.8/site-packages/airflow/example_dags/example_external_task_marker_dag.py took 0.079 seconds
[2024-03-11T22:15:56.092+0000] {processor.py:161} INFO - Started process (PID=1248) to work on /home/airflow/.local/lib/python3.8/site-packages/airflow/example_dags/example_external_task_marker_dag.py
[2024-03-11T22:15:56.094+0000] {processor.py:830} INFO - Processing file /home/airflow/.local/lib/python3.8/site-packages/airflow/example_dags/example_external_task_marker_dag.py for tasks to queue
[2024-03-11T22:15:56.095+0000] {logging_mixin.py:188} INFO - [2024-03-11T22:15:56.095+0000] {dagbag.py:540} INFO - Filling up the DagBag from /home/airflow/.local/lib/python3.8/site-packages/airflow/example_dags/example_external_task_marker_dag.py
[2024-03-11T22:15:56.100+0000] {processor.py:840} INFO - DAG(s) 'example_external_task_marker_child', 'example_external_task_marker_parent' retrieved from /home/airflow/.local/lib/python3.8/site-packages/airflow/example_dags/example_external_task_marker_dag.py
[2024-03-11T22:15:56.124+0000] {logging_mixin.py:188} INFO - [2024-03-11T22:15:56.124+0000] {dag.py:3047} INFO - Sync 2 DAGs
[2024-03-11T22:15:56.137+0000] {logging_mixin.py:188} INFO - [2024-03-11T22:15:56.137+0000] {dag.py:3834} INFO - Setting next_dagrun for example_external_task_marker_child to None, run_after=None
[2024-03-11T22:15:56.141+0000] {logging_mixin.py:188} INFO - [2024-03-11T22:15:56.141+0000] {dag.py:3834} INFO - Setting next_dagrun for example_external_task_marker_parent to None, run_after=None
[2024-03-11T22:15:56.166+0000] {processor.py:183} INFO - Processing /home/airflow/.local/lib/python3.8/site-packages/airflow/example_dags/example_external_task_marker_dag.py took 0.077 seconds
[2024-03-11T22:16:26.849+0000] {processor.py:161} INFO - Started process (PID=1305) to work on /home/airflow/.local/lib/python3.8/site-packages/airflow/example_dags/example_external_task_marker_dag.py
[2024-03-11T22:16:26.850+0000] {processor.py:830} INFO - Processing file /home/airflow/.local/lib/python3.8/site-packages/airflow/example_dags/example_external_task_marker_dag.py for tasks to queue
[2024-03-11T22:16:26.852+0000] {logging_mixin.py:188} INFO - [2024-03-11T22:16:26.852+0000] {dagbag.py:540} INFO - Filling up the DagBag from /home/airflow/.local/lib/python3.8/site-packages/airflow/example_dags/example_external_task_marker_dag.py
[2024-03-11T22:16:26.860+0000] {processor.py:840} INFO - DAG(s) 'example_external_task_marker_child', 'example_external_task_marker_parent' retrieved from /home/airflow/.local/lib/python3.8/site-packages/airflow/example_dags/example_external_task_marker_dag.py
[2024-03-11T22:16:26.889+0000] {logging_mixin.py:188} INFO - [2024-03-11T22:16:26.889+0000] {dag.py:3047} INFO - Sync 2 DAGs
[2024-03-11T22:16:26.905+0000] {logging_mixin.py:188} INFO - [2024-03-11T22:16:26.905+0000] {dag.py:3834} INFO - Setting next_dagrun for example_external_task_marker_child to None, run_after=None
[2024-03-11T22:16:26.911+0000] {logging_mixin.py:188} INFO - [2024-03-11T22:16:26.910+0000] {dag.py:3834} INFO - Setting next_dagrun for example_external_task_marker_parent to None, run_after=None
[2024-03-11T22:16:26.936+0000] {processor.py:183} INFO - Processing /home/airflow/.local/lib/python3.8/site-packages/airflow/example_dags/example_external_task_marker_dag.py took 0.091 seconds
[2024-03-11T22:16:57.300+0000] {processor.py:161} INFO - Started process (PID=1362) to work on /home/airflow/.local/lib/python3.8/site-packages/airflow/example_dags/example_external_task_marker_dag.py
[2024-03-11T22:16:57.302+0000] {processor.py:830} INFO - Processing file /home/airflow/.local/lib/python3.8/site-packages/airflow/example_dags/example_external_task_marker_dag.py for tasks to queue
[2024-03-11T22:16:57.303+0000] {logging_mixin.py:188} INFO - [2024-03-11T22:16:57.303+0000] {dagbag.py:540} INFO - Filling up the DagBag from /home/airflow/.local/lib/python3.8/site-packages/airflow/example_dags/example_external_task_marker_dag.py
[2024-03-11T22:16:57.309+0000] {processor.py:840} INFO - DAG(s) 'example_external_task_marker_parent', 'example_external_task_marker_child' retrieved from /home/airflow/.local/lib/python3.8/site-packages/airflow/example_dags/example_external_task_marker_dag.py
[2024-03-11T22:16:57.337+0000] {logging_mixin.py:188} INFO - [2024-03-11T22:16:57.336+0000] {dag.py:3047} INFO - Sync 2 DAGs
[2024-03-11T22:16:57.351+0000] {logging_mixin.py:188} INFO - [2024-03-11T22:16:57.351+0000] {dag.py:3834} INFO - Setting next_dagrun for example_external_task_marker_child to None, run_after=None
[2024-03-11T22:16:57.356+0000] {logging_mixin.py:188} INFO - [2024-03-11T22:16:57.356+0000] {dag.py:3834} INFO - Setting next_dagrun for example_external_task_marker_parent to None, run_after=None
[2024-03-11T22:16:57.381+0000] {processor.py:183} INFO - Processing /home/airflow/.local/lib/python3.8/site-packages/airflow/example_dags/example_external_task_marker_dag.py took 0.084 seconds
[2024-03-11T22:17:27.676+0000] {processor.py:161} INFO - Started process (PID=1419) to work on /home/airflow/.local/lib/python3.8/site-packages/airflow/example_dags/example_external_task_marker_dag.py
[2024-03-11T22:17:27.677+0000] {processor.py:830} INFO - Processing file /home/airflow/.local/lib/python3.8/site-packages/airflow/example_dags/example_external_task_marker_dag.py for tasks to queue
[2024-03-11T22:17:27.679+0000] {logging_mixin.py:188} INFO - [2024-03-11T22:17:27.678+0000] {dagbag.py:540} INFO - Filling up the DagBag from /home/airflow/.local/lib/python3.8/site-packages/airflow/example_dags/example_external_task_marker_dag.py
[2024-03-11T22:17:27.684+0000] {processor.py:840} INFO - DAG(s) 'example_external_task_marker_child', 'example_external_task_marker_parent' retrieved from /home/airflow/.local/lib/python3.8/site-packages/airflow/example_dags/example_external_task_marker_dag.py
[2024-03-11T22:17:27.707+0000] {logging_mixin.py:188} INFO - [2024-03-11T22:17:27.706+0000] {dag.py:3047} INFO - Sync 2 DAGs
[2024-03-11T22:17:27.719+0000] {logging_mixin.py:188} INFO - [2024-03-11T22:17:27.719+0000] {dag.py:3834} INFO - Setting next_dagrun for example_external_task_marker_child to None, run_after=None
[2024-03-11T22:17:27.723+0000] {logging_mixin.py:188} INFO - [2024-03-11T22:17:27.723+0000] {dag.py:3834} INFO - Setting next_dagrun for example_external_task_marker_parent to None, run_after=None
[2024-03-11T22:17:27.743+0000] {processor.py:183} INFO - Processing /home/airflow/.local/lib/python3.8/site-packages/airflow/example_dags/example_external_task_marker_dag.py took 0.070 seconds
