[2024-03-11T22:02:12.545+0000] {processor.py:161} INFO - Started process (PID=76) to work on /home/airflow/.local/lib/python3.8/site-packages/airflow/example_dags/example_nested_branch_dag.py
[2024-03-11T22:02:12.547+0000] {processor.py:830} INFO - Processing file /home/airflow/.local/lib/python3.8/site-packages/airflow/example_dags/example_nested_branch_dag.py for tasks to queue
[2024-03-11T22:02:12.551+0000] {logging_mixin.py:188} INFO - [2024-03-11T22:02:12.551+0000] {dagbag.py:540} INFO - Filling up the DagBag from /home/airflow/.local/lib/python3.8/site-packages/airflow/example_dags/example_nested_branch_dag.py
[2024-03-11T22:02:12.575+0000] {processor.py:840} INFO - DAG(s) 'example_nested_branch_dag' retrieved from /home/airflow/.local/lib/python3.8/site-packages/airflow/example_dags/example_nested_branch_dag.py
[2024-03-11T22:02:13.124+0000] {logging_mixin.py:188} INFO - [2024-03-11T22:02:13.123+0000] {dag.py:3047} INFO - Sync 1 DAGs
[2024-03-11T22:02:13.172+0000] {logging_mixin.py:188} INFO - [2024-03-11T22:02:13.171+0000] {dag.py:3834} INFO - Setting next_dagrun for example_nested_branch_dag to 2024-03-10 00:00:00+00:00, run_after=2024-03-11 00:00:00+00:00
[2024-03-11T22:02:13.250+0000] {processor.py:183} INFO - Processing /home/airflow/.local/lib/python3.8/site-packages/airflow/example_dags/example_nested_branch_dag.py took 0.715 seconds
[2024-03-11T22:02:44.045+0000] {processor.py:161} INFO - Started process (PID=133) to work on /home/airflow/.local/lib/python3.8/site-packages/airflow/example_dags/example_nested_branch_dag.py
[2024-03-11T22:02:44.055+0000] {processor.py:830} INFO - Processing file /home/airflow/.local/lib/python3.8/site-packages/airflow/example_dags/example_nested_branch_dag.py for tasks to queue
[2024-03-11T22:02:44.058+0000] {logging_mixin.py:188} INFO - [2024-03-11T22:02:44.058+0000] {dagbag.py:540} INFO - Filling up the DagBag from /home/airflow/.local/lib/python3.8/site-packages/airflow/example_dags/example_nested_branch_dag.py
[2024-03-11T22:02:44.076+0000] {processor.py:840} INFO - DAG(s) 'example_nested_branch_dag' retrieved from /home/airflow/.local/lib/python3.8/site-packages/airflow/example_dags/example_nested_branch_dag.py
[2024-03-11T22:02:44.121+0000] {logging_mixin.py:188} INFO - [2024-03-11T22:02:44.120+0000] {dag.py:3047} INFO - Sync 1 DAGs
[2024-03-11T22:02:44.145+0000] {logging_mixin.py:188} INFO - [2024-03-11T22:02:44.145+0000] {dag.py:3834} INFO - Setting next_dagrun for example_nested_branch_dag to 2024-03-10 00:00:00+00:00, run_after=2024-03-11 00:00:00+00:00
[2024-03-11T22:02:44.201+0000] {processor.py:183} INFO - Processing /home/airflow/.local/lib/python3.8/site-packages/airflow/example_dags/example_nested_branch_dag.py took 0.159 seconds
[2024-03-11T22:05:19.467+0000] {processor.py:161} INFO - Started process (PID=69) to work on /home/airflow/.local/lib/python3.8/site-packages/airflow/example_dags/example_nested_branch_dag.py
[2024-03-11T22:05:19.469+0000] {processor.py:830} INFO - Processing file /home/airflow/.local/lib/python3.8/site-packages/airflow/example_dags/example_nested_branch_dag.py for tasks to queue
[2024-03-11T22:05:19.470+0000] {logging_mixin.py:188} INFO - [2024-03-11T22:05:19.470+0000] {dagbag.py:540} INFO - Filling up the DagBag from /home/airflow/.local/lib/python3.8/site-packages/airflow/example_dags/example_nested_branch_dag.py
[2024-03-11T22:05:19.483+0000] {processor.py:840} INFO - DAG(s) 'example_nested_branch_dag' retrieved from /home/airflow/.local/lib/python3.8/site-packages/airflow/example_dags/example_nested_branch_dag.py
[2024-03-11T22:05:19.664+0000] {logging_mixin.py:188} INFO - [2024-03-11T22:05:19.663+0000] {dag.py:3047} INFO - Sync 1 DAGs
[2024-03-11T22:05:19.687+0000] {logging_mixin.py:188} INFO - [2024-03-11T22:05:19.687+0000] {dag.py:3834} INFO - Setting next_dagrun for example_nested_branch_dag to 2024-03-10 00:00:00+00:00, run_after=2024-03-11 00:00:00+00:00
[2024-03-11T22:05:19.713+0000] {processor.py:183} INFO - Processing /home/airflow/.local/lib/python3.8/site-packages/airflow/example_dags/example_nested_branch_dag.py took 0.249 seconds
[2024-03-11T22:05:50.330+0000] {processor.py:161} INFO - Started process (PID=126) to work on /home/airflow/.local/lib/python3.8/site-packages/airflow/example_dags/example_nested_branch_dag.py
[2024-03-11T22:05:50.331+0000] {processor.py:830} INFO - Processing file /home/airflow/.local/lib/python3.8/site-packages/airflow/example_dags/example_nested_branch_dag.py for tasks to queue
[2024-03-11T22:05:50.333+0000] {logging_mixin.py:188} INFO - [2024-03-11T22:05:50.333+0000] {dagbag.py:540} INFO - Filling up the DagBag from /home/airflow/.local/lib/python3.8/site-packages/airflow/example_dags/example_nested_branch_dag.py
[2024-03-11T22:05:50.344+0000] {processor.py:840} INFO - DAG(s) 'example_nested_branch_dag' retrieved from /home/airflow/.local/lib/python3.8/site-packages/airflow/example_dags/example_nested_branch_dag.py
[2024-03-11T22:05:50.367+0000] {logging_mixin.py:188} INFO - [2024-03-11T22:05:50.366+0000] {dag.py:3047} INFO - Sync 1 DAGs
[2024-03-11T22:05:50.393+0000] {logging_mixin.py:188} INFO - [2024-03-11T22:05:50.393+0000] {dag.py:3834} INFO - Setting next_dagrun for example_nested_branch_dag to 2024-03-10 00:00:00+00:00, run_after=2024-03-11 00:00:00+00:00
[2024-03-11T22:05:50.417+0000] {processor.py:183} INFO - Processing /home/airflow/.local/lib/python3.8/site-packages/airflow/example_dags/example_nested_branch_dag.py took 0.089 seconds
[2024-03-11T22:06:20.983+0000] {processor.py:161} INFO - Started process (PID=183) to work on /home/airflow/.local/lib/python3.8/site-packages/airflow/example_dags/example_nested_branch_dag.py
[2024-03-11T22:06:20.986+0000] {processor.py:830} INFO - Processing file /home/airflow/.local/lib/python3.8/site-packages/airflow/example_dags/example_nested_branch_dag.py for tasks to queue
[2024-03-11T22:06:20.989+0000] {logging_mixin.py:188} INFO - [2024-03-11T22:06:20.988+0000] {dagbag.py:540} INFO - Filling up the DagBag from /home/airflow/.local/lib/python3.8/site-packages/airflow/example_dags/example_nested_branch_dag.py
[2024-03-11T22:06:21.003+0000] {processor.py:840} INFO - DAG(s) 'example_nested_branch_dag' retrieved from /home/airflow/.local/lib/python3.8/site-packages/airflow/example_dags/example_nested_branch_dag.py
[2024-03-11T22:06:21.028+0000] {logging_mixin.py:188} INFO - [2024-03-11T22:06:21.028+0000] {dag.py:3047} INFO - Sync 1 DAGs
[2024-03-11T22:06:21.062+0000] {logging_mixin.py:188} INFO - [2024-03-11T22:06:21.062+0000] {dag.py:3834} INFO - Setting next_dagrun for example_nested_branch_dag to 2024-03-10 00:00:00+00:00, run_after=2024-03-11 00:00:00+00:00
[2024-03-11T22:06:21.090+0000] {processor.py:183} INFO - Processing /home/airflow/.local/lib/python3.8/site-packages/airflow/example_dags/example_nested_branch_dag.py took 0.113 seconds
[2024-03-11T22:06:51.989+0000] {processor.py:161} INFO - Started process (PID=240) to work on /home/airflow/.local/lib/python3.8/site-packages/airflow/example_dags/example_nested_branch_dag.py
[2024-03-11T22:06:51.991+0000] {processor.py:830} INFO - Processing file /home/airflow/.local/lib/python3.8/site-packages/airflow/example_dags/example_nested_branch_dag.py for tasks to queue
[2024-03-11T22:06:51.993+0000] {logging_mixin.py:188} INFO - [2024-03-11T22:06:51.993+0000] {dagbag.py:540} INFO - Filling up the DagBag from /home/airflow/.local/lib/python3.8/site-packages/airflow/example_dags/example_nested_branch_dag.py
[2024-03-11T22:06:52.001+0000] {processor.py:840} INFO - DAG(s) 'example_nested_branch_dag' retrieved from /home/airflow/.local/lib/python3.8/site-packages/airflow/example_dags/example_nested_branch_dag.py
[2024-03-11T22:06:52.023+0000] {logging_mixin.py:188} INFO - [2024-03-11T22:06:52.022+0000] {dag.py:3047} INFO - Sync 1 DAGs
[2024-03-11T22:06:52.045+0000] {logging_mixin.py:188} INFO - [2024-03-11T22:06:52.044+0000] {dag.py:3834} INFO - Setting next_dagrun for example_nested_branch_dag to 2024-03-10 00:00:00+00:00, run_after=2024-03-11 00:00:00+00:00
[2024-03-11T22:06:52.071+0000] {processor.py:183} INFO - Processing /home/airflow/.local/lib/python3.8/site-packages/airflow/example_dags/example_nested_branch_dag.py took 0.084 seconds
[2024-03-11T22:07:22.168+0000] {processor.py:161} INFO - Started process (PID=297) to work on /home/airflow/.local/lib/python3.8/site-packages/airflow/example_dags/example_nested_branch_dag.py
[2024-03-11T22:07:22.169+0000] {processor.py:830} INFO - Processing file /home/airflow/.local/lib/python3.8/site-packages/airflow/example_dags/example_nested_branch_dag.py for tasks to queue
[2024-03-11T22:07:22.171+0000] {logging_mixin.py:188} INFO - [2024-03-11T22:07:22.170+0000] {dagbag.py:540} INFO - Filling up the DagBag from /home/airflow/.local/lib/python3.8/site-packages/airflow/example_dags/example_nested_branch_dag.py
[2024-03-11T22:07:22.179+0000] {processor.py:840} INFO - DAG(s) 'example_nested_branch_dag' retrieved from /home/airflow/.local/lib/python3.8/site-packages/airflow/example_dags/example_nested_branch_dag.py
[2024-03-11T22:07:22.202+0000] {logging_mixin.py:188} INFO - [2024-03-11T22:07:22.201+0000] {dag.py:3047} INFO - Sync 1 DAGs
[2024-03-11T22:07:22.224+0000] {logging_mixin.py:188} INFO - [2024-03-11T22:07:22.223+0000] {dag.py:3834} INFO - Setting next_dagrun for example_nested_branch_dag to 2024-03-10 00:00:00+00:00, run_after=2024-03-11 00:00:00+00:00
[2024-03-11T22:07:22.249+0000] {processor.py:183} INFO - Processing /home/airflow/.local/lib/python3.8/site-packages/airflow/example_dags/example_nested_branch_dag.py took 0.084 seconds
[2024-03-11T22:07:52.364+0000] {processor.py:161} INFO - Started process (PID=354) to work on /home/airflow/.local/lib/python3.8/site-packages/airflow/example_dags/example_nested_branch_dag.py
[2024-03-11T22:07:52.366+0000] {processor.py:830} INFO - Processing file /home/airflow/.local/lib/python3.8/site-packages/airflow/example_dags/example_nested_branch_dag.py for tasks to queue
[2024-03-11T22:07:52.367+0000] {logging_mixin.py:188} INFO - [2024-03-11T22:07:52.367+0000] {dagbag.py:540} INFO - Filling up the DagBag from /home/airflow/.local/lib/python3.8/site-packages/airflow/example_dags/example_nested_branch_dag.py
[2024-03-11T22:07:52.375+0000] {processor.py:840} INFO - DAG(s) 'example_nested_branch_dag' retrieved from /home/airflow/.local/lib/python3.8/site-packages/airflow/example_dags/example_nested_branch_dag.py
[2024-03-11T22:07:52.397+0000] {logging_mixin.py:188} INFO - [2024-03-11T22:07:52.397+0000] {dag.py:3047} INFO - Sync 1 DAGs
[2024-03-11T22:07:52.419+0000] {logging_mixin.py:188} INFO - [2024-03-11T22:07:52.419+0000] {dag.py:3834} INFO - Setting next_dagrun for example_nested_branch_dag to 2024-03-10 00:00:00+00:00, run_after=2024-03-11 00:00:00+00:00
[2024-03-11T22:07:52.444+0000] {processor.py:183} INFO - Processing /home/airflow/.local/lib/python3.8/site-packages/airflow/example_dags/example_nested_branch_dag.py took 0.083 seconds
[2024-03-11T22:08:22.974+0000] {processor.py:161} INFO - Started process (PID=411) to work on /home/airflow/.local/lib/python3.8/site-packages/airflow/example_dags/example_nested_branch_dag.py
[2024-03-11T22:08:22.975+0000] {processor.py:830} INFO - Processing file /home/airflow/.local/lib/python3.8/site-packages/airflow/example_dags/example_nested_branch_dag.py for tasks to queue
[2024-03-11T22:08:22.977+0000] {logging_mixin.py:188} INFO - [2024-03-11T22:08:22.976+0000] {dagbag.py:540} INFO - Filling up the DagBag from /home/airflow/.local/lib/python3.8/site-packages/airflow/example_dags/example_nested_branch_dag.py
[2024-03-11T22:08:22.986+0000] {processor.py:840} INFO - DAG(s) 'example_nested_branch_dag' retrieved from /home/airflow/.local/lib/python3.8/site-packages/airflow/example_dags/example_nested_branch_dag.py
[2024-03-11T22:08:23.009+0000] {logging_mixin.py:188} INFO - [2024-03-11T22:08:23.009+0000] {dag.py:3047} INFO - Sync 1 DAGs
[2024-03-11T22:08:23.031+0000] {logging_mixin.py:188} INFO - [2024-03-11T22:08:23.030+0000] {dag.py:3834} INFO - Setting next_dagrun for example_nested_branch_dag to 2024-03-10 00:00:00+00:00, run_after=2024-03-11 00:00:00+00:00
[2024-03-11T22:08:23.055+0000] {processor.py:183} INFO - Processing /home/airflow/.local/lib/python3.8/site-packages/airflow/example_dags/example_nested_branch_dag.py took 0.084 seconds
[2024-03-11T22:08:53.843+0000] {processor.py:161} INFO - Started process (PID=468) to work on /home/airflow/.local/lib/python3.8/site-packages/airflow/example_dags/example_nested_branch_dag.py
[2024-03-11T22:08:53.844+0000] {processor.py:830} INFO - Processing file /home/airflow/.local/lib/python3.8/site-packages/airflow/example_dags/example_nested_branch_dag.py for tasks to queue
[2024-03-11T22:08:53.845+0000] {logging_mixin.py:188} INFO - [2024-03-11T22:08:53.845+0000] {dagbag.py:540} INFO - Filling up the DagBag from /home/airflow/.local/lib/python3.8/site-packages/airflow/example_dags/example_nested_branch_dag.py
[2024-03-11T22:08:53.855+0000] {processor.py:840} INFO - DAG(s) 'example_nested_branch_dag' retrieved from /home/airflow/.local/lib/python3.8/site-packages/airflow/example_dags/example_nested_branch_dag.py
[2024-03-11T22:08:53.878+0000] {logging_mixin.py:188} INFO - [2024-03-11T22:08:53.878+0000] {dag.py:3047} INFO - Sync 1 DAGs
[2024-03-11T22:08:53.901+0000] {logging_mixin.py:188} INFO - [2024-03-11T22:08:53.900+0000] {dag.py:3834} INFO - Setting next_dagrun for example_nested_branch_dag to 2024-03-10 00:00:00+00:00, run_after=2024-03-11 00:00:00+00:00
[2024-03-11T22:08:53.930+0000] {processor.py:183} INFO - Processing /home/airflow/.local/lib/python3.8/site-packages/airflow/example_dags/example_nested_branch_dag.py took 0.090 seconds
[2024-03-11T22:09:24.844+0000] {processor.py:161} INFO - Started process (PID=525) to work on /home/airflow/.local/lib/python3.8/site-packages/airflow/example_dags/example_nested_branch_dag.py
[2024-03-11T22:09:24.845+0000] {processor.py:830} INFO - Processing file /home/airflow/.local/lib/python3.8/site-packages/airflow/example_dags/example_nested_branch_dag.py for tasks to queue
[2024-03-11T22:09:24.847+0000] {logging_mixin.py:188} INFO - [2024-03-11T22:09:24.847+0000] {dagbag.py:540} INFO - Filling up the DagBag from /home/airflow/.local/lib/python3.8/site-packages/airflow/example_dags/example_nested_branch_dag.py
[2024-03-11T22:09:24.856+0000] {processor.py:840} INFO - DAG(s) 'example_nested_branch_dag' retrieved from /home/airflow/.local/lib/python3.8/site-packages/airflow/example_dags/example_nested_branch_dag.py
[2024-03-11T22:09:24.878+0000] {logging_mixin.py:188} INFO - [2024-03-11T22:09:24.878+0000] {dag.py:3047} INFO - Sync 1 DAGs
[2024-03-11T22:09:24.902+0000] {logging_mixin.py:188} INFO - [2024-03-11T22:09:24.902+0000] {dag.py:3834} INFO - Setting next_dagrun for example_nested_branch_dag to 2024-03-10 00:00:00+00:00, run_after=2024-03-11 00:00:00+00:00
[2024-03-11T22:09:24.927+0000] {processor.py:183} INFO - Processing /home/airflow/.local/lib/python3.8/site-packages/airflow/example_dags/example_nested_branch_dag.py took 0.086 seconds
[2024-03-11T22:09:55.156+0000] {processor.py:161} INFO - Started process (PID=582) to work on /home/airflow/.local/lib/python3.8/site-packages/airflow/example_dags/example_nested_branch_dag.py
[2024-03-11T22:09:55.158+0000] {processor.py:830} INFO - Processing file /home/airflow/.local/lib/python3.8/site-packages/airflow/example_dags/example_nested_branch_dag.py for tasks to queue
[2024-03-11T22:09:55.159+0000] {logging_mixin.py:188} INFO - [2024-03-11T22:09:55.159+0000] {dagbag.py:540} INFO - Filling up the DagBag from /home/airflow/.local/lib/python3.8/site-packages/airflow/example_dags/example_nested_branch_dag.py
[2024-03-11T22:09:55.170+0000] {processor.py:840} INFO - DAG(s) 'example_nested_branch_dag' retrieved from /home/airflow/.local/lib/python3.8/site-packages/airflow/example_dags/example_nested_branch_dag.py
[2024-03-11T22:09:55.198+0000] {logging_mixin.py:188} INFO - [2024-03-11T22:09:55.198+0000] {dag.py:3047} INFO - Sync 1 DAGs
[2024-03-11T22:09:55.226+0000] {logging_mixin.py:188} INFO - [2024-03-11T22:09:55.226+0000] {dag.py:3834} INFO - Setting next_dagrun for example_nested_branch_dag to 2024-03-10 00:00:00+00:00, run_after=2024-03-11 00:00:00+00:00
[2024-03-11T22:09:55.257+0000] {processor.py:183} INFO - Processing /home/airflow/.local/lib/python3.8/site-packages/airflow/example_dags/example_nested_branch_dag.py took 0.104 seconds
[2024-03-11T22:10:25.830+0000] {processor.py:161} INFO - Started process (PID=639) to work on /home/airflow/.local/lib/python3.8/site-packages/airflow/example_dags/example_nested_branch_dag.py
[2024-03-11T22:10:25.831+0000] {processor.py:830} INFO - Processing file /home/airflow/.local/lib/python3.8/site-packages/airflow/example_dags/example_nested_branch_dag.py for tasks to queue
[2024-03-11T22:10:25.832+0000] {logging_mixin.py:188} INFO - [2024-03-11T22:10:25.832+0000] {dagbag.py:540} INFO - Filling up the DagBag from /home/airflow/.local/lib/python3.8/site-packages/airflow/example_dags/example_nested_branch_dag.py
[2024-03-11T22:10:25.841+0000] {processor.py:840} INFO - DAG(s) 'example_nested_branch_dag' retrieved from /home/airflow/.local/lib/python3.8/site-packages/airflow/example_dags/example_nested_branch_dag.py
[2024-03-11T22:10:25.863+0000] {logging_mixin.py:188} INFO - [2024-03-11T22:10:25.863+0000] {dag.py:3047} INFO - Sync 1 DAGs
[2024-03-11T22:10:25.889+0000] {logging_mixin.py:188} INFO - [2024-03-11T22:10:25.888+0000] {dag.py:3834} INFO - Setting next_dagrun for example_nested_branch_dag to 2024-03-10 00:00:00+00:00, run_after=2024-03-11 00:00:00+00:00
[2024-03-11T22:10:25.918+0000] {processor.py:183} INFO - Processing /home/airflow/.local/lib/python3.8/site-packages/airflow/example_dags/example_nested_branch_dag.py took 0.091 seconds
[2024-03-11T22:10:56.790+0000] {processor.py:161} INFO - Started process (PID=696) to work on /home/airflow/.local/lib/python3.8/site-packages/airflow/example_dags/example_nested_branch_dag.py
[2024-03-11T22:10:56.791+0000] {processor.py:830} INFO - Processing file /home/airflow/.local/lib/python3.8/site-packages/airflow/example_dags/example_nested_branch_dag.py for tasks to queue
[2024-03-11T22:10:56.793+0000] {logging_mixin.py:188} INFO - [2024-03-11T22:10:56.793+0000] {dagbag.py:540} INFO - Filling up the DagBag from /home/airflow/.local/lib/python3.8/site-packages/airflow/example_dags/example_nested_branch_dag.py
[2024-03-11T22:10:56.801+0000] {processor.py:840} INFO - DAG(s) 'example_nested_branch_dag' retrieved from /home/airflow/.local/lib/python3.8/site-packages/airflow/example_dags/example_nested_branch_dag.py
[2024-03-11T22:10:56.822+0000] {logging_mixin.py:188} INFO - [2024-03-11T22:10:56.822+0000] {dag.py:3047} INFO - Sync 1 DAGs
[2024-03-11T22:10:56.843+0000] {logging_mixin.py:188} INFO - [2024-03-11T22:10:56.843+0000] {dag.py:3834} INFO - Setting next_dagrun for example_nested_branch_dag to 2024-03-10 00:00:00+00:00, run_after=2024-03-11 00:00:00+00:00
[2024-03-11T22:10:56.867+0000] {processor.py:183} INFO - Processing /home/airflow/.local/lib/python3.8/site-packages/airflow/example_dags/example_nested_branch_dag.py took 0.080 seconds
[2024-03-11T22:11:27.267+0000] {processor.py:161} INFO - Started process (PID=753) to work on /home/airflow/.local/lib/python3.8/site-packages/airflow/example_dags/example_nested_branch_dag.py
[2024-03-11T22:11:27.268+0000] {processor.py:830} INFO - Processing file /home/airflow/.local/lib/python3.8/site-packages/airflow/example_dags/example_nested_branch_dag.py for tasks to queue
[2024-03-11T22:11:27.271+0000] {logging_mixin.py:188} INFO - [2024-03-11T22:11:27.270+0000] {dagbag.py:540} INFO - Filling up the DagBag from /home/airflow/.local/lib/python3.8/site-packages/airflow/example_dags/example_nested_branch_dag.py
[2024-03-11T22:11:27.283+0000] {processor.py:840} INFO - DAG(s) 'example_nested_branch_dag' retrieved from /home/airflow/.local/lib/python3.8/site-packages/airflow/example_dags/example_nested_branch_dag.py
[2024-03-11T22:11:27.313+0000] {logging_mixin.py:188} INFO - [2024-03-11T22:11:27.313+0000] {dag.py:3047} INFO - Sync 1 DAGs
[2024-03-11T22:11:27.347+0000] {logging_mixin.py:188} INFO - [2024-03-11T22:11:27.347+0000] {dag.py:3834} INFO - Setting next_dagrun for example_nested_branch_dag to 2024-03-10 00:00:00+00:00, run_after=2024-03-11 00:00:00+00:00
[2024-03-11T22:11:27.382+0000] {processor.py:183} INFO - Processing /home/airflow/.local/lib/python3.8/site-packages/airflow/example_dags/example_nested_branch_dag.py took 0.119 seconds
[2024-03-11T22:11:57.774+0000] {processor.py:161} INFO - Started process (PID=810) to work on /home/airflow/.local/lib/python3.8/site-packages/airflow/example_dags/example_nested_branch_dag.py
[2024-03-11T22:11:57.775+0000] {processor.py:830} INFO - Processing file /home/airflow/.local/lib/python3.8/site-packages/airflow/example_dags/example_nested_branch_dag.py for tasks to queue
[2024-03-11T22:11:57.777+0000] {logging_mixin.py:188} INFO - [2024-03-11T22:11:57.776+0000] {dagbag.py:540} INFO - Filling up the DagBag from /home/airflow/.local/lib/python3.8/site-packages/airflow/example_dags/example_nested_branch_dag.py
[2024-03-11T22:11:57.786+0000] {processor.py:840} INFO - DAG(s) 'example_nested_branch_dag' retrieved from /home/airflow/.local/lib/python3.8/site-packages/airflow/example_dags/example_nested_branch_dag.py
[2024-03-11T22:11:57.808+0000] {logging_mixin.py:188} INFO - [2024-03-11T22:11:57.807+0000] {dag.py:3047} INFO - Sync 1 DAGs
[2024-03-11T22:11:57.831+0000] {logging_mixin.py:188} INFO - [2024-03-11T22:11:57.831+0000] {dag.py:3834} INFO - Setting next_dagrun for example_nested_branch_dag to 2024-03-10 00:00:00+00:00, run_after=2024-03-11 00:00:00+00:00
[2024-03-11T22:11:57.856+0000] {processor.py:183} INFO - Processing /home/airflow/.local/lib/python3.8/site-packages/airflow/example_dags/example_nested_branch_dag.py took 0.085 seconds
[2024-03-11T22:12:28.294+0000] {processor.py:161} INFO - Started process (PID=867) to work on /home/airflow/.local/lib/python3.8/site-packages/airflow/example_dags/example_nested_branch_dag.py
[2024-03-11T22:12:28.309+0000] {processor.py:830} INFO - Processing file /home/airflow/.local/lib/python3.8/site-packages/airflow/example_dags/example_nested_branch_dag.py for tasks to queue
[2024-03-11T22:12:28.311+0000] {logging_mixin.py:188} INFO - [2024-03-11T22:12:28.311+0000] {dagbag.py:540} INFO - Filling up the DagBag from /home/airflow/.local/lib/python3.8/site-packages/airflow/example_dags/example_nested_branch_dag.py
[2024-03-11T22:12:28.324+0000] {processor.py:840} INFO - DAG(s) 'example_nested_branch_dag' retrieved from /home/airflow/.local/lib/python3.8/site-packages/airflow/example_dags/example_nested_branch_dag.py
[2024-03-11T22:12:28.356+0000] {logging_mixin.py:188} INFO - [2024-03-11T22:12:28.356+0000] {dag.py:3047} INFO - Sync 1 DAGs
[2024-03-11T22:12:28.388+0000] {logging_mixin.py:188} INFO - [2024-03-11T22:12:28.388+0000] {dag.py:3834} INFO - Setting next_dagrun for example_nested_branch_dag to 2024-03-10 00:00:00+00:00, run_after=2024-03-11 00:00:00+00:00
[2024-03-11T22:12:28.425+0000] {processor.py:183} INFO - Processing /home/airflow/.local/lib/python3.8/site-packages/airflow/example_dags/example_nested_branch_dag.py took 0.133 seconds
[2024-03-11T22:12:58.995+0000] {processor.py:161} INFO - Started process (PID=930) to work on /home/airflow/.local/lib/python3.8/site-packages/airflow/example_dags/example_nested_branch_dag.py
[2024-03-11T22:12:58.997+0000] {processor.py:830} INFO - Processing file /home/airflow/.local/lib/python3.8/site-packages/airflow/example_dags/example_nested_branch_dag.py for tasks to queue
[2024-03-11T22:12:59.000+0000] {logging_mixin.py:188} INFO - [2024-03-11T22:12:58.999+0000] {dagbag.py:540} INFO - Filling up the DagBag from /home/airflow/.local/lib/python3.8/site-packages/airflow/example_dags/example_nested_branch_dag.py
[2024-03-11T22:12:59.011+0000] {processor.py:840} INFO - DAG(s) 'example_nested_branch_dag' retrieved from /home/airflow/.local/lib/python3.8/site-packages/airflow/example_dags/example_nested_branch_dag.py
[2024-03-11T22:12:59.039+0000] {logging_mixin.py:188} INFO - [2024-03-11T22:12:59.038+0000] {dag.py:3047} INFO - Sync 1 DAGs
[2024-03-11T22:12:59.068+0000] {logging_mixin.py:188} INFO - [2024-03-11T22:12:59.067+0000] {dag.py:3834} INFO - Setting next_dagrun for example_nested_branch_dag to 2024-03-10 00:00:00+00:00, run_after=2024-03-11 00:00:00+00:00
[2024-03-11T22:12:59.096+0000] {processor.py:183} INFO - Processing /home/airflow/.local/lib/python3.8/site-packages/airflow/example_dags/example_nested_branch_dag.py took 0.104 seconds
[2024-03-11T22:13:29.312+0000] {processor.py:161} INFO - Started process (PID=987) to work on /home/airflow/.local/lib/python3.8/site-packages/airflow/example_dags/example_nested_branch_dag.py
[2024-03-11T22:13:29.314+0000] {processor.py:830} INFO - Processing file /home/airflow/.local/lib/python3.8/site-packages/airflow/example_dags/example_nested_branch_dag.py for tasks to queue
[2024-03-11T22:13:29.315+0000] {logging_mixin.py:188} INFO - [2024-03-11T22:13:29.315+0000] {dagbag.py:540} INFO - Filling up the DagBag from /home/airflow/.local/lib/python3.8/site-packages/airflow/example_dags/example_nested_branch_dag.py
[2024-03-11T22:13:29.325+0000] {processor.py:840} INFO - DAG(s) 'example_nested_branch_dag' retrieved from /home/airflow/.local/lib/python3.8/site-packages/airflow/example_dags/example_nested_branch_dag.py
[2024-03-11T22:13:29.349+0000] {logging_mixin.py:188} INFO - [2024-03-11T22:13:29.348+0000] {dag.py:3047} INFO - Sync 1 DAGs
[2024-03-11T22:13:29.374+0000] {logging_mixin.py:188} INFO - [2024-03-11T22:13:29.374+0000] {dag.py:3834} INFO - Setting next_dagrun for example_nested_branch_dag to 2024-03-10 00:00:00+00:00, run_after=2024-03-11 00:00:00+00:00
[2024-03-11T22:13:29.400+0000] {processor.py:183} INFO - Processing /home/airflow/.local/lib/python3.8/site-packages/airflow/example_dags/example_nested_branch_dag.py took 0.092 seconds
[2024-03-11T22:14:00.341+0000] {processor.py:161} INFO - Started process (PID=1044) to work on /home/airflow/.local/lib/python3.8/site-packages/airflow/example_dags/example_nested_branch_dag.py
[2024-03-11T22:14:00.343+0000] {processor.py:830} INFO - Processing file /home/airflow/.local/lib/python3.8/site-packages/airflow/example_dags/example_nested_branch_dag.py for tasks to queue
[2024-03-11T22:14:00.346+0000] {logging_mixin.py:188} INFO - [2024-03-11T22:14:00.346+0000] {dagbag.py:540} INFO - Filling up the DagBag from /home/airflow/.local/lib/python3.8/site-packages/airflow/example_dags/example_nested_branch_dag.py
[2024-03-11T22:14:00.361+0000] {processor.py:840} INFO - DAG(s) 'example_nested_branch_dag' retrieved from /home/airflow/.local/lib/python3.8/site-packages/airflow/example_dags/example_nested_branch_dag.py
[2024-03-11T22:14:00.393+0000] {logging_mixin.py:188} INFO - [2024-03-11T22:14:00.392+0000] {dag.py:3047} INFO - Sync 1 DAGs
[2024-03-11T22:14:00.425+0000] {logging_mixin.py:188} INFO - [2024-03-11T22:14:00.425+0000] {dag.py:3834} INFO - Setting next_dagrun for example_nested_branch_dag to 2024-03-10 00:00:00+00:00, run_after=2024-03-11 00:00:00+00:00
[2024-03-11T22:14:00.459+0000] {processor.py:183} INFO - Processing /home/airflow/.local/lib/python3.8/site-packages/airflow/example_dags/example_nested_branch_dag.py took 0.124 seconds
[2024-03-11T22:14:30.503+0000] {processor.py:161} INFO - Started process (PID=1101) to work on /home/airflow/.local/lib/python3.8/site-packages/airflow/example_dags/example_nested_branch_dag.py
[2024-03-11T22:14:30.522+0000] {processor.py:830} INFO - Processing file /home/airflow/.local/lib/python3.8/site-packages/airflow/example_dags/example_nested_branch_dag.py for tasks to queue
[2024-03-11T22:14:30.525+0000] {logging_mixin.py:188} INFO - [2024-03-11T22:14:30.524+0000] {dagbag.py:540} INFO - Filling up the DagBag from /home/airflow/.local/lib/python3.8/site-packages/airflow/example_dags/example_nested_branch_dag.py
[2024-03-11T22:14:30.534+0000] {processor.py:840} INFO - DAG(s) 'example_nested_branch_dag' retrieved from /home/airflow/.local/lib/python3.8/site-packages/airflow/example_dags/example_nested_branch_dag.py
[2024-03-11T22:14:30.563+0000] {logging_mixin.py:188} INFO - [2024-03-11T22:14:30.563+0000] {dag.py:3047} INFO - Sync 1 DAGs
[2024-03-11T22:14:30.587+0000] {logging_mixin.py:188} INFO - [2024-03-11T22:14:30.587+0000] {dag.py:3834} INFO - Setting next_dagrun for example_nested_branch_dag to 2024-03-10 00:00:00+00:00, run_after=2024-03-11 00:00:00+00:00
[2024-03-11T22:14:30.611+0000] {processor.py:183} INFO - Processing /home/airflow/.local/lib/python3.8/site-packages/airflow/example_dags/example_nested_branch_dag.py took 0.112 seconds
[2024-03-11T22:15:00.799+0000] {processor.py:161} INFO - Started process (PID=1158) to work on /home/airflow/.local/lib/python3.8/site-packages/airflow/example_dags/example_nested_branch_dag.py
[2024-03-11T22:15:00.832+0000] {processor.py:830} INFO - Processing file /home/airflow/.local/lib/python3.8/site-packages/airflow/example_dags/example_nested_branch_dag.py for tasks to queue
[2024-03-11T22:15:00.833+0000] {logging_mixin.py:188} INFO - [2024-03-11T22:15:00.833+0000] {dagbag.py:540} INFO - Filling up the DagBag from /home/airflow/.local/lib/python3.8/site-packages/airflow/example_dags/example_nested_branch_dag.py
[2024-03-11T22:15:00.842+0000] {processor.py:840} INFO - DAG(s) 'example_nested_branch_dag' retrieved from /home/airflow/.local/lib/python3.8/site-packages/airflow/example_dags/example_nested_branch_dag.py
[2024-03-11T22:15:00.865+0000] {logging_mixin.py:188} INFO - [2024-03-11T22:15:00.864+0000] {dag.py:3047} INFO - Sync 1 DAGs
[2024-03-11T22:15:00.890+0000] {logging_mixin.py:188} INFO - [2024-03-11T22:15:00.890+0000] {dag.py:3834} INFO - Setting next_dagrun for example_nested_branch_dag to 2024-03-10 00:00:00+00:00, run_after=2024-03-11 00:00:00+00:00
[2024-03-11T22:15:00.918+0000] {processor.py:183} INFO - Processing /home/airflow/.local/lib/python3.8/site-packages/airflow/example_dags/example_nested_branch_dag.py took 0.122 seconds
[2024-03-11T22:15:30.992+0000] {processor.py:161} INFO - Started process (PID=1215) to work on /home/airflow/.local/lib/python3.8/site-packages/airflow/example_dags/example_nested_branch_dag.py
[2024-03-11T22:15:31.017+0000] {processor.py:830} INFO - Processing file /home/airflow/.local/lib/python3.8/site-packages/airflow/example_dags/example_nested_branch_dag.py for tasks to queue
[2024-03-11T22:15:31.018+0000] {logging_mixin.py:188} INFO - [2024-03-11T22:15:31.018+0000] {dagbag.py:540} INFO - Filling up the DagBag from /home/airflow/.local/lib/python3.8/site-packages/airflow/example_dags/example_nested_branch_dag.py
[2024-03-11T22:15:31.027+0000] {processor.py:840} INFO - DAG(s) 'example_nested_branch_dag' retrieved from /home/airflow/.local/lib/python3.8/site-packages/airflow/example_dags/example_nested_branch_dag.py
[2024-03-11T22:15:31.050+0000] {logging_mixin.py:188} INFO - [2024-03-11T22:15:31.049+0000] {dag.py:3047} INFO - Sync 1 DAGs
[2024-03-11T22:15:31.073+0000] {logging_mixin.py:188} INFO - [2024-03-11T22:15:31.073+0000] {dag.py:3834} INFO - Setting next_dagrun for example_nested_branch_dag to 2024-03-10 00:00:00+00:00, run_after=2024-03-11 00:00:00+00:00
[2024-03-11T22:15:31.100+0000] {processor.py:183} INFO - Processing /home/airflow/.local/lib/python3.8/site-packages/airflow/example_dags/example_nested_branch_dag.py took 0.111 seconds
[2024-03-11T22:16:01.216+0000] {processor.py:161} INFO - Started process (PID=1272) to work on /home/airflow/.local/lib/python3.8/site-packages/airflow/example_dags/example_nested_branch_dag.py
[2024-03-11T22:16:01.217+0000] {processor.py:830} INFO - Processing file /home/airflow/.local/lib/python3.8/site-packages/airflow/example_dags/example_nested_branch_dag.py for tasks to queue
[2024-03-11T22:16:01.219+0000] {logging_mixin.py:188} INFO - [2024-03-11T22:16:01.219+0000] {dagbag.py:540} INFO - Filling up the DagBag from /home/airflow/.local/lib/python3.8/site-packages/airflow/example_dags/example_nested_branch_dag.py
[2024-03-11T22:16:01.227+0000] {processor.py:840} INFO - DAG(s) 'example_nested_branch_dag' retrieved from /home/airflow/.local/lib/python3.8/site-packages/airflow/example_dags/example_nested_branch_dag.py
[2024-03-11T22:16:01.249+0000] {logging_mixin.py:188} INFO - [2024-03-11T22:16:01.249+0000] {dag.py:3047} INFO - Sync 1 DAGs
[2024-03-11T22:16:01.273+0000] {logging_mixin.py:188} INFO - [2024-03-11T22:16:01.272+0000] {dag.py:3834} INFO - Setting next_dagrun for example_nested_branch_dag to 2024-03-10 00:00:00+00:00, run_after=2024-03-11 00:00:00+00:00
[2024-03-11T22:16:01.295+0000] {processor.py:183} INFO - Processing /home/airflow/.local/lib/python3.8/site-packages/airflow/example_dags/example_nested_branch_dag.py took 0.082 seconds
[2024-03-11T22:16:31.950+0000] {processor.py:161} INFO - Started process (PID=1329) to work on /home/airflow/.local/lib/python3.8/site-packages/airflow/example_dags/example_nested_branch_dag.py
[2024-03-11T22:16:31.969+0000] {processor.py:830} INFO - Processing file /home/airflow/.local/lib/python3.8/site-packages/airflow/example_dags/example_nested_branch_dag.py for tasks to queue
[2024-03-11T22:16:31.972+0000] {logging_mixin.py:188} INFO - [2024-03-11T22:16:31.971+0000] {dagbag.py:540} INFO - Filling up the DagBag from /home/airflow/.local/lib/python3.8/site-packages/airflow/example_dags/example_nested_branch_dag.py
[2024-03-11T22:16:31.982+0000] {processor.py:840} INFO - DAG(s) 'example_nested_branch_dag' retrieved from /home/airflow/.local/lib/python3.8/site-packages/airflow/example_dags/example_nested_branch_dag.py
[2024-03-11T22:16:32.020+0000] {logging_mixin.py:188} INFO - [2024-03-11T22:16:32.019+0000] {dag.py:3047} INFO - Sync 1 DAGs
[2024-03-11T22:16:32.050+0000] {logging_mixin.py:188} INFO - [2024-03-11T22:16:32.049+0000] {dag.py:3834} INFO - Setting next_dagrun for example_nested_branch_dag to 2024-03-10 00:00:00+00:00, run_after=2024-03-11 00:00:00+00:00
[2024-03-11T22:16:32.082+0000] {processor.py:183} INFO - Processing /home/airflow/.local/lib/python3.8/site-packages/airflow/example_dags/example_nested_branch_dag.py took 0.135 seconds
[2024-03-11T22:17:02.331+0000] {processor.py:161} INFO - Started process (PID=1386) to work on /home/airflow/.local/lib/python3.8/site-packages/airflow/example_dags/example_nested_branch_dag.py
[2024-03-11T22:17:02.333+0000] {processor.py:830} INFO - Processing file /home/airflow/.local/lib/python3.8/site-packages/airflow/example_dags/example_nested_branch_dag.py for tasks to queue
[2024-03-11T22:17:02.335+0000] {logging_mixin.py:188} INFO - [2024-03-11T22:17:02.334+0000] {dagbag.py:540} INFO - Filling up the DagBag from /home/airflow/.local/lib/python3.8/site-packages/airflow/example_dags/example_nested_branch_dag.py
[2024-03-11T22:17:02.345+0000] {processor.py:840} INFO - DAG(s) 'example_nested_branch_dag' retrieved from /home/airflow/.local/lib/python3.8/site-packages/airflow/example_dags/example_nested_branch_dag.py
[2024-03-11T22:17:02.371+0000] {logging_mixin.py:188} INFO - [2024-03-11T22:17:02.370+0000] {dag.py:3047} INFO - Sync 1 DAGs
[2024-03-11T22:17:02.397+0000] {logging_mixin.py:188} INFO - [2024-03-11T22:17:02.396+0000] {dag.py:3834} INFO - Setting next_dagrun for example_nested_branch_dag to 2024-03-10 00:00:00+00:00, run_after=2024-03-11 00:00:00+00:00
[2024-03-11T22:17:02.424+0000] {processor.py:183} INFO - Processing /home/airflow/.local/lib/python3.8/site-packages/airflow/example_dags/example_nested_branch_dag.py took 0.096 seconds
