[2024-03-11T22:02:03.502+0000] {processor.py:161} INFO - Started process (PID=54) to work on /home/airflow/.local/lib/python3.8/site-packages/airflow/example_dags/tutorial.py
[2024-03-11T22:02:03.517+0000] {processor.py:830} INFO - Processing file /home/airflow/.local/lib/python3.8/site-packages/airflow/example_dags/tutorial.py for tasks to queue
[2024-03-11T22:02:03.543+0000] {logging_mixin.py:188} INFO - [2024-03-11T22:02:03.542+0000] {dagbag.py:540} INFO - Filling up the DagBag from /home/airflow/.local/lib/python3.8/site-packages/airflow/example_dags/tutorial.py
[2024-03-11T22:02:03.599+0000] {processor.py:840} INFO - DAG(s) 'tutorial' retrieved from /home/airflow/.local/lib/python3.8/site-packages/airflow/example_dags/tutorial.py
[2024-03-11T22:02:04.145+0000] {logging_mixin.py:188} INFO - [2024-03-11T22:02:04.144+0000] {dag.py:3047} INFO - Sync 1 DAGs
[2024-03-11T22:02:04.216+0000] {logging_mixin.py:188} INFO - [2024-03-11T22:02:04.215+0000] {dag.py:3834} INFO - Setting next_dagrun for tutorial to 2024-03-10 00:00:00+00:00, run_after=2024-03-11 00:00:00+00:00
[2024-03-11T22:02:04.276+0000] {processor.py:183} INFO - Processing /home/airflow/.local/lib/python3.8/site-packages/airflow/example_dags/tutorial.py took 0.842 seconds
[2024-03-11T22:02:34.993+0000] {processor.py:161} INFO - Started process (PID=111) to work on /home/airflow/.local/lib/python3.8/site-packages/airflow/example_dags/tutorial.py
[2024-03-11T22:02:35.026+0000] {processor.py:830} INFO - Processing file /home/airflow/.local/lib/python3.8/site-packages/airflow/example_dags/tutorial.py for tasks to queue
[2024-03-11T22:02:35.029+0000] {logging_mixin.py:188} INFO - [2024-03-11T22:02:35.028+0000] {dagbag.py:540} INFO - Filling up the DagBag from /home/airflow/.local/lib/python3.8/site-packages/airflow/example_dags/tutorial.py
[2024-03-11T22:02:35.082+0000] {processor.py:840} INFO - DAG(s) 'tutorial' retrieved from /home/airflow/.local/lib/python3.8/site-packages/airflow/example_dags/tutorial.py
[2024-03-11T22:02:35.109+0000] {logging_mixin.py:188} INFO - [2024-03-11T22:02:35.108+0000] {dag.py:3047} INFO - Sync 1 DAGs
[2024-03-11T22:02:35.133+0000] {logging_mixin.py:188} INFO - [2024-03-11T22:02:35.133+0000] {dag.py:3834} INFO - Setting next_dagrun for tutorial to 2024-03-10 00:00:00+00:00, run_after=2024-03-11 00:00:00+00:00
[2024-03-11T22:02:35.284+0000] {processor.py:183} INFO - Processing /home/airflow/.local/lib/python3.8/site-packages/airflow/example_dags/tutorial.py took 0.294 seconds
[2024-03-11T22:03:06.054+0000] {processor.py:161} INFO - Started process (PID=168) to work on /home/airflow/.local/lib/python3.8/site-packages/airflow/example_dags/tutorial.py
[2024-03-11T22:03:06.055+0000] {processor.py:830} INFO - Processing file /home/airflow/.local/lib/python3.8/site-packages/airflow/example_dags/tutorial.py for tasks to queue
[2024-03-11T22:03:06.058+0000] {logging_mixin.py:188} INFO - [2024-03-11T22:03:06.057+0000] {dagbag.py:540} INFO - Filling up the DagBag from /home/airflow/.local/lib/python3.8/site-packages/airflow/example_dags/tutorial.py
[2024-03-11T22:03:06.067+0000] {processor.py:840} INFO - DAG(s) 'tutorial' retrieved from /home/airflow/.local/lib/python3.8/site-packages/airflow/example_dags/tutorial.py
[2024-03-11T22:03:06.098+0000] {logging_mixin.py:188} INFO - [2024-03-11T22:03:06.098+0000] {dag.py:3047} INFO - Sync 1 DAGs
[2024-03-11T22:03:06.127+0000] {logging_mixin.py:188} INFO - [2024-03-11T22:03:06.127+0000] {dag.py:3834} INFO - Setting next_dagrun for tutorial to 2024-03-10 00:00:00+00:00, run_after=2024-03-11 00:00:00+00:00
[2024-03-11T22:03:06.167+0000] {processor.py:183} INFO - Processing /home/airflow/.local/lib/python3.8/site-packages/airflow/example_dags/tutorial.py took 0.118 seconds
[2024-03-11T22:05:13.239+0000] {processor.py:161} INFO - Started process (PID=47) to work on /home/airflow/.local/lib/python3.8/site-packages/airflow/example_dags/tutorial.py
[2024-03-11T22:05:13.241+0000] {processor.py:830} INFO - Processing file /home/airflow/.local/lib/python3.8/site-packages/airflow/example_dags/tutorial.py for tasks to queue
[2024-03-11T22:05:13.247+0000] {logging_mixin.py:188} INFO - [2024-03-11T22:05:13.246+0000] {dagbag.py:540} INFO - Filling up the DagBag from /home/airflow/.local/lib/python3.8/site-packages/airflow/example_dags/tutorial.py
[2024-03-11T22:05:13.255+0000] {processor.py:840} INFO - DAG(s) 'tutorial' retrieved from /home/airflow/.local/lib/python3.8/site-packages/airflow/example_dags/tutorial.py
[2024-03-11T22:05:13.281+0000] {logging_mixin.py:188} INFO - [2024-03-11T22:05:13.281+0000] {dag.py:3047} INFO - Sync 1 DAGs
[2024-03-11T22:05:13.311+0000] {logging_mixin.py:188} INFO - [2024-03-11T22:05:13.311+0000] {dag.py:3834} INFO - Setting next_dagrun for tutorial to 2024-03-10 00:00:00+00:00, run_after=2024-03-11 00:00:00+00:00
[2024-03-11T22:05:13.338+0000] {processor.py:183} INFO - Processing /home/airflow/.local/lib/python3.8/site-packages/airflow/example_dags/tutorial.py took 0.103 seconds
[2024-03-11T22:05:43.965+0000] {processor.py:161} INFO - Started process (PID=104) to work on /home/airflow/.local/lib/python3.8/site-packages/airflow/example_dags/tutorial.py
[2024-03-11T22:05:43.966+0000] {processor.py:830} INFO - Processing file /home/airflow/.local/lib/python3.8/site-packages/airflow/example_dags/tutorial.py for tasks to queue
[2024-03-11T22:05:43.968+0000] {logging_mixin.py:188} INFO - [2024-03-11T22:05:43.968+0000] {dagbag.py:540} INFO - Filling up the DagBag from /home/airflow/.local/lib/python3.8/site-packages/airflow/example_dags/tutorial.py
[2024-03-11T22:05:43.974+0000] {processor.py:840} INFO - DAG(s) 'tutorial' retrieved from /home/airflow/.local/lib/python3.8/site-packages/airflow/example_dags/tutorial.py
[2024-03-11T22:05:44.083+0000] {logging_mixin.py:188} INFO - [2024-03-11T22:05:44.083+0000] {dag.py:3047} INFO - Sync 1 DAGs
[2024-03-11T22:05:44.109+0000] {logging_mixin.py:188} INFO - [2024-03-11T22:05:44.109+0000] {dag.py:3834} INFO - Setting next_dagrun for tutorial to 2024-03-10 00:00:00+00:00, run_after=2024-03-11 00:00:00+00:00
[2024-03-11T22:05:44.136+0000] {processor.py:183} INFO - Processing /home/airflow/.local/lib/python3.8/site-packages/airflow/example_dags/tutorial.py took 0.174 seconds
[2024-03-11T22:06:14.230+0000] {processor.py:161} INFO - Started process (PID=161) to work on /home/airflow/.local/lib/python3.8/site-packages/airflow/example_dags/tutorial.py
[2024-03-11T22:06:14.231+0000] {processor.py:830} INFO - Processing file /home/airflow/.local/lib/python3.8/site-packages/airflow/example_dags/tutorial.py for tasks to queue
[2024-03-11T22:06:14.232+0000] {logging_mixin.py:188} INFO - [2024-03-11T22:06:14.232+0000] {dagbag.py:540} INFO - Filling up the DagBag from /home/airflow/.local/lib/python3.8/site-packages/airflow/example_dags/tutorial.py
[2024-03-11T22:06:14.238+0000] {processor.py:840} INFO - DAG(s) 'tutorial' retrieved from /home/airflow/.local/lib/python3.8/site-packages/airflow/example_dags/tutorial.py
[2024-03-11T22:06:14.260+0000] {logging_mixin.py:188} INFO - [2024-03-11T22:06:14.259+0000] {dag.py:3047} INFO - Sync 1 DAGs
[2024-03-11T22:06:14.283+0000] {logging_mixin.py:188} INFO - [2024-03-11T22:06:14.283+0000] {dag.py:3834} INFO - Setting next_dagrun for tutorial to 2024-03-10 00:00:00+00:00, run_after=2024-03-11 00:00:00+00:00
[2024-03-11T22:06:14.313+0000] {processor.py:183} INFO - Processing /home/airflow/.local/lib/python3.8/site-packages/airflow/example_dags/tutorial.py took 0.087 seconds
[2024-03-11T22:06:44.591+0000] {processor.py:161} INFO - Started process (PID=218) to work on /home/airflow/.local/lib/python3.8/site-packages/airflow/example_dags/tutorial.py
[2024-03-11T22:06:44.592+0000] {processor.py:830} INFO - Processing file /home/airflow/.local/lib/python3.8/site-packages/airflow/example_dags/tutorial.py for tasks to queue
[2024-03-11T22:06:44.594+0000] {logging_mixin.py:188} INFO - [2024-03-11T22:06:44.593+0000] {dagbag.py:540} INFO - Filling up the DagBag from /home/airflow/.local/lib/python3.8/site-packages/airflow/example_dags/tutorial.py
[2024-03-11T22:06:44.599+0000] {processor.py:840} INFO - DAG(s) 'tutorial' retrieved from /home/airflow/.local/lib/python3.8/site-packages/airflow/example_dags/tutorial.py
[2024-03-11T22:06:44.622+0000] {logging_mixin.py:188} INFO - [2024-03-11T22:06:44.622+0000] {dag.py:3047} INFO - Sync 1 DAGs
[2024-03-11T22:06:44.644+0000] {logging_mixin.py:188} INFO - [2024-03-11T22:06:44.643+0000] {dag.py:3834} INFO - Setting next_dagrun for tutorial to 2024-03-10 00:00:00+00:00, run_after=2024-03-11 00:00:00+00:00
[2024-03-11T22:06:44.669+0000] {processor.py:183} INFO - Processing /home/airflow/.local/lib/python3.8/site-packages/airflow/example_dags/tutorial.py took 0.081 seconds
[2024-03-11T22:07:15.559+0000] {processor.py:161} INFO - Started process (PID=275) to work on /home/airflow/.local/lib/python3.8/site-packages/airflow/example_dags/tutorial.py
[2024-03-11T22:07:15.560+0000] {processor.py:830} INFO - Processing file /home/airflow/.local/lib/python3.8/site-packages/airflow/example_dags/tutorial.py for tasks to queue
[2024-03-11T22:07:15.562+0000] {logging_mixin.py:188} INFO - [2024-03-11T22:07:15.562+0000] {dagbag.py:540} INFO - Filling up the DagBag from /home/airflow/.local/lib/python3.8/site-packages/airflow/example_dags/tutorial.py
[2024-03-11T22:07:15.566+0000] {processor.py:840} INFO - DAG(s) 'tutorial' retrieved from /home/airflow/.local/lib/python3.8/site-packages/airflow/example_dags/tutorial.py
[2024-03-11T22:07:15.587+0000] {logging_mixin.py:188} INFO - [2024-03-11T22:07:15.587+0000] {dag.py:3047} INFO - Sync 1 DAGs
[2024-03-11T22:07:15.609+0000] {logging_mixin.py:188} INFO - [2024-03-11T22:07:15.609+0000] {dag.py:3834} INFO - Setting next_dagrun for tutorial to 2024-03-10 00:00:00+00:00, run_after=2024-03-11 00:00:00+00:00
[2024-03-11T22:07:15.633+0000] {processor.py:183} INFO - Processing /home/airflow/.local/lib/python3.8/site-packages/airflow/example_dags/tutorial.py took 0.077 seconds
[2024-03-11T22:07:45.923+0000] {processor.py:161} INFO - Started process (PID=332) to work on /home/airflow/.local/lib/python3.8/site-packages/airflow/example_dags/tutorial.py
[2024-03-11T22:07:45.924+0000] {processor.py:830} INFO - Processing file /home/airflow/.local/lib/python3.8/site-packages/airflow/example_dags/tutorial.py for tasks to queue
[2024-03-11T22:07:45.926+0000] {logging_mixin.py:188} INFO - [2024-03-11T22:07:45.926+0000] {dagbag.py:540} INFO - Filling up the DagBag from /home/airflow/.local/lib/python3.8/site-packages/airflow/example_dags/tutorial.py
[2024-03-11T22:07:45.931+0000] {processor.py:840} INFO - DAG(s) 'tutorial' retrieved from /home/airflow/.local/lib/python3.8/site-packages/airflow/example_dags/tutorial.py
[2024-03-11T22:07:45.952+0000] {logging_mixin.py:188} INFO - [2024-03-11T22:07:45.952+0000] {dag.py:3047} INFO - Sync 1 DAGs
[2024-03-11T22:07:45.977+0000] {logging_mixin.py:188} INFO - [2024-03-11T22:07:45.977+0000] {dag.py:3834} INFO - Setting next_dagrun for tutorial to 2024-03-10 00:00:00+00:00, run_after=2024-03-11 00:00:00+00:00
[2024-03-11T22:07:46.003+0000] {processor.py:183} INFO - Processing /home/airflow/.local/lib/python3.8/site-packages/airflow/example_dags/tutorial.py took 0.082 seconds
[2024-03-11T22:08:16.824+0000] {processor.py:161} INFO - Started process (PID=389) to work on /home/airflow/.local/lib/python3.8/site-packages/airflow/example_dags/tutorial.py
[2024-03-11T22:08:16.825+0000] {processor.py:830} INFO - Processing file /home/airflow/.local/lib/python3.8/site-packages/airflow/example_dags/tutorial.py for tasks to queue
[2024-03-11T22:08:16.832+0000] {logging_mixin.py:188} INFO - [2024-03-11T22:08:16.831+0000] {dagbag.py:540} INFO - Filling up the DagBag from /home/airflow/.local/lib/python3.8/site-packages/airflow/example_dags/tutorial.py
[2024-03-11T22:08:16.837+0000] {processor.py:840} INFO - DAG(s) 'tutorial' retrieved from /home/airflow/.local/lib/python3.8/site-packages/airflow/example_dags/tutorial.py
[2024-03-11T22:08:16.866+0000] {logging_mixin.py:188} INFO - [2024-03-11T22:08:16.866+0000] {dag.py:3047} INFO - Sync 1 DAGs
[2024-03-11T22:08:16.907+0000] {logging_mixin.py:188} INFO - [2024-03-11T22:08:16.907+0000] {dag.py:3834} INFO - Setting next_dagrun for tutorial to 2024-03-10 00:00:00+00:00, run_after=2024-03-11 00:00:00+00:00
[2024-03-11T22:08:16.933+0000] {processor.py:183} INFO - Processing /home/airflow/.local/lib/python3.8/site-packages/airflow/example_dags/tutorial.py took 0.113 seconds
[2024-03-11T22:08:47.696+0000] {processor.py:161} INFO - Started process (PID=446) to work on /home/airflow/.local/lib/python3.8/site-packages/airflow/example_dags/tutorial.py
[2024-03-11T22:08:47.697+0000] {processor.py:830} INFO - Processing file /home/airflow/.local/lib/python3.8/site-packages/airflow/example_dags/tutorial.py for tasks to queue
[2024-03-11T22:08:47.699+0000] {logging_mixin.py:188} INFO - [2024-03-11T22:08:47.699+0000] {dagbag.py:540} INFO - Filling up the DagBag from /home/airflow/.local/lib/python3.8/site-packages/airflow/example_dags/tutorial.py
[2024-03-11T22:08:47.704+0000] {processor.py:840} INFO - DAG(s) 'tutorial' retrieved from /home/airflow/.local/lib/python3.8/site-packages/airflow/example_dags/tutorial.py
[2024-03-11T22:08:47.726+0000] {logging_mixin.py:188} INFO - [2024-03-11T22:08:47.725+0000] {dag.py:3047} INFO - Sync 1 DAGs
[2024-03-11T22:08:47.751+0000] {logging_mixin.py:188} INFO - [2024-03-11T22:08:47.750+0000] {dag.py:3834} INFO - Setting next_dagrun for tutorial to 2024-03-10 00:00:00+00:00, run_after=2024-03-11 00:00:00+00:00
[2024-03-11T22:08:47.776+0000] {processor.py:183} INFO - Processing /home/airflow/.local/lib/python3.8/site-packages/airflow/example_dags/tutorial.py took 0.083 seconds
[2024-03-11T22:09:18.682+0000] {processor.py:161} INFO - Started process (PID=503) to work on /home/airflow/.local/lib/python3.8/site-packages/airflow/example_dags/tutorial.py
[2024-03-11T22:09:18.683+0000] {processor.py:830} INFO - Processing file /home/airflow/.local/lib/python3.8/site-packages/airflow/example_dags/tutorial.py for tasks to queue
[2024-03-11T22:09:18.684+0000] {logging_mixin.py:188} INFO - [2024-03-11T22:09:18.684+0000] {dagbag.py:540} INFO - Filling up the DagBag from /home/airflow/.local/lib/python3.8/site-packages/airflow/example_dags/tutorial.py
[2024-03-11T22:09:18.689+0000] {processor.py:840} INFO - DAG(s) 'tutorial' retrieved from /home/airflow/.local/lib/python3.8/site-packages/airflow/example_dags/tutorial.py
[2024-03-11T22:09:18.709+0000] {logging_mixin.py:188} INFO - [2024-03-11T22:09:18.709+0000] {dag.py:3047} INFO - Sync 1 DAGs
[2024-03-11T22:09:18.733+0000] {logging_mixin.py:188} INFO - [2024-03-11T22:09:18.733+0000] {dag.py:3834} INFO - Setting next_dagrun for tutorial to 2024-03-10 00:00:00+00:00, run_after=2024-03-11 00:00:00+00:00
[2024-03-11T22:09:18.758+0000] {processor.py:183} INFO - Processing /home/airflow/.local/lib/python3.8/site-packages/airflow/example_dags/tutorial.py took 0.079 seconds
[2024-03-11T22:09:48.998+0000] {processor.py:161} INFO - Started process (PID=560) to work on /home/airflow/.local/lib/python3.8/site-packages/airflow/example_dags/tutorial.py
[2024-03-11T22:09:48.999+0000] {processor.py:830} INFO - Processing file /home/airflow/.local/lib/python3.8/site-packages/airflow/example_dags/tutorial.py for tasks to queue
[2024-03-11T22:09:49.001+0000] {logging_mixin.py:188} INFO - [2024-03-11T22:09:49.001+0000] {dagbag.py:540} INFO - Filling up the DagBag from /home/airflow/.local/lib/python3.8/site-packages/airflow/example_dags/tutorial.py
[2024-03-11T22:09:49.005+0000] {processor.py:840} INFO - DAG(s) 'tutorial' retrieved from /home/airflow/.local/lib/python3.8/site-packages/airflow/example_dags/tutorial.py
[2024-03-11T22:09:49.026+0000] {logging_mixin.py:188} INFO - [2024-03-11T22:09:49.026+0000] {dag.py:3047} INFO - Sync 1 DAGs
[2024-03-11T22:09:49.053+0000] {logging_mixin.py:188} INFO - [2024-03-11T22:09:49.053+0000] {dag.py:3834} INFO - Setting next_dagrun for tutorial to 2024-03-10 00:00:00+00:00, run_after=2024-03-11 00:00:00+00:00
[2024-03-11T22:09:49.077+0000] {processor.py:183} INFO - Processing /home/airflow/.local/lib/python3.8/site-packages/airflow/example_dags/tutorial.py took 0.082 seconds
[2024-03-11T22:10:19.335+0000] {processor.py:161} INFO - Started process (PID=617) to work on /home/airflow/.local/lib/python3.8/site-packages/airflow/example_dags/tutorial.py
[2024-03-11T22:10:19.337+0000] {processor.py:830} INFO - Processing file /home/airflow/.local/lib/python3.8/site-packages/airflow/example_dags/tutorial.py for tasks to queue
[2024-03-11T22:10:19.338+0000] {logging_mixin.py:188} INFO - [2024-03-11T22:10:19.338+0000] {dagbag.py:540} INFO - Filling up the DagBag from /home/airflow/.local/lib/python3.8/site-packages/airflow/example_dags/tutorial.py
[2024-03-11T22:10:19.344+0000] {processor.py:840} INFO - DAG(s) 'tutorial' retrieved from /home/airflow/.local/lib/python3.8/site-packages/airflow/example_dags/tutorial.py
[2024-03-11T22:10:19.365+0000] {logging_mixin.py:188} INFO - [2024-03-11T22:10:19.365+0000] {dag.py:3047} INFO - Sync 1 DAGs
[2024-03-11T22:10:19.390+0000] {logging_mixin.py:188} INFO - [2024-03-11T22:10:19.390+0000] {dag.py:3834} INFO - Setting next_dagrun for tutorial to 2024-03-10 00:00:00+00:00, run_after=2024-03-11 00:00:00+00:00
[2024-03-11T22:10:19.416+0000] {processor.py:183} INFO - Processing /home/airflow/.local/lib/python3.8/site-packages/airflow/example_dags/tutorial.py took 0.084 seconds
[2024-03-11T22:10:49.651+0000] {processor.py:161} INFO - Started process (PID=674) to work on /home/airflow/.local/lib/python3.8/site-packages/airflow/example_dags/tutorial.py
[2024-03-11T22:10:49.653+0000] {processor.py:830} INFO - Processing file /home/airflow/.local/lib/python3.8/site-packages/airflow/example_dags/tutorial.py for tasks to queue
[2024-03-11T22:10:49.654+0000] {logging_mixin.py:188} INFO - [2024-03-11T22:10:49.654+0000] {dagbag.py:540} INFO - Filling up the DagBag from /home/airflow/.local/lib/python3.8/site-packages/airflow/example_dags/tutorial.py
[2024-03-11T22:10:49.659+0000] {processor.py:840} INFO - DAG(s) 'tutorial' retrieved from /home/airflow/.local/lib/python3.8/site-packages/airflow/example_dags/tutorial.py
[2024-03-11T22:10:49.681+0000] {logging_mixin.py:188} INFO - [2024-03-11T22:10:49.681+0000] {dag.py:3047} INFO - Sync 1 DAGs
[2024-03-11T22:10:49.703+0000] {logging_mixin.py:188} INFO - [2024-03-11T22:10:49.702+0000] {dag.py:3834} INFO - Setting next_dagrun for tutorial to 2024-03-10 00:00:00+00:00, run_after=2024-03-11 00:00:00+00:00
[2024-03-11T22:10:49.728+0000] {processor.py:183} INFO - Processing /home/airflow/.local/lib/python3.8/site-packages/airflow/example_dags/tutorial.py took 0.080 seconds
[2024-03-11T22:11:20.773+0000] {processor.py:161} INFO - Started process (PID=731) to work on /home/airflow/.local/lib/python3.8/site-packages/airflow/example_dags/tutorial.py
[2024-03-11T22:11:20.777+0000] {processor.py:830} INFO - Processing file /home/airflow/.local/lib/python3.8/site-packages/airflow/example_dags/tutorial.py for tasks to queue
[2024-03-11T22:11:20.779+0000] {logging_mixin.py:188} INFO - [2024-03-11T22:11:20.779+0000] {dagbag.py:540} INFO - Filling up the DagBag from /home/airflow/.local/lib/python3.8/site-packages/airflow/example_dags/tutorial.py
[2024-03-11T22:11:20.785+0000] {processor.py:840} INFO - DAG(s) 'tutorial' retrieved from /home/airflow/.local/lib/python3.8/site-packages/airflow/example_dags/tutorial.py
[2024-03-11T22:11:20.809+0000] {logging_mixin.py:188} INFO - [2024-03-11T22:11:20.809+0000] {dag.py:3047} INFO - Sync 1 DAGs
[2024-03-11T22:11:20.833+0000] {logging_mixin.py:188} INFO - [2024-03-11T22:11:20.833+0000] {dag.py:3834} INFO - Setting next_dagrun for tutorial to 2024-03-10 00:00:00+00:00, run_after=2024-03-11 00:00:00+00:00
[2024-03-11T22:11:20.861+0000] {processor.py:183} INFO - Processing /home/airflow/.local/lib/python3.8/site-packages/airflow/example_dags/tutorial.py took 0.092 seconds
[2024-03-11T22:11:51.660+0000] {processor.py:161} INFO - Started process (PID=788) to work on /home/airflow/.local/lib/python3.8/site-packages/airflow/example_dags/tutorial.py
[2024-03-11T22:11:51.662+0000] {processor.py:830} INFO - Processing file /home/airflow/.local/lib/python3.8/site-packages/airflow/example_dags/tutorial.py for tasks to queue
[2024-03-11T22:11:51.664+0000] {logging_mixin.py:188} INFO - [2024-03-11T22:11:51.664+0000] {dagbag.py:540} INFO - Filling up the DagBag from /home/airflow/.local/lib/python3.8/site-packages/airflow/example_dags/tutorial.py
[2024-03-11T22:11:51.670+0000] {processor.py:840} INFO - DAG(s) 'tutorial' retrieved from /home/airflow/.local/lib/python3.8/site-packages/airflow/example_dags/tutorial.py
[2024-03-11T22:11:51.697+0000] {logging_mixin.py:188} INFO - [2024-03-11T22:11:51.696+0000] {dag.py:3047} INFO - Sync 1 DAGs
[2024-03-11T22:11:51.724+0000] {logging_mixin.py:188} INFO - [2024-03-11T22:11:51.723+0000] {dag.py:3834} INFO - Setting next_dagrun for tutorial to 2024-03-10 00:00:00+00:00, run_after=2024-03-11 00:00:00+00:00
[2024-03-11T22:11:51.762+0000] {processor.py:183} INFO - Processing /home/airflow/.local/lib/python3.8/site-packages/airflow/example_dags/tutorial.py took 0.106 seconds
[2024-03-11T22:12:22.896+0000] {processor.py:161} INFO - Started process (PID=845) to work on /home/airflow/.local/lib/python3.8/site-packages/airflow/example_dags/tutorial.py
[2024-03-11T22:12:22.898+0000] {processor.py:830} INFO - Processing file /home/airflow/.local/lib/python3.8/site-packages/airflow/example_dags/tutorial.py for tasks to queue
[2024-03-11T22:12:22.900+0000] {logging_mixin.py:188} INFO - [2024-03-11T22:12:22.899+0000] {dagbag.py:540} INFO - Filling up the DagBag from /home/airflow/.local/lib/python3.8/site-packages/airflow/example_dags/tutorial.py
[2024-03-11T22:12:22.908+0000] {processor.py:840} INFO - DAG(s) 'tutorial' retrieved from /home/airflow/.local/lib/python3.8/site-packages/airflow/example_dags/tutorial.py
[2024-03-11T22:12:22.933+0000] {logging_mixin.py:188} INFO - [2024-03-11T22:12:22.932+0000] {dag.py:3047} INFO - Sync 1 DAGs
[2024-03-11T22:12:22.961+0000] {logging_mixin.py:188} INFO - [2024-03-11T22:12:22.961+0000] {dag.py:3834} INFO - Setting next_dagrun for tutorial to 2024-03-10 00:00:00+00:00, run_after=2024-03-11 00:00:00+00:00
[2024-03-11T22:12:22.995+0000] {processor.py:183} INFO - Processing /home/airflow/.local/lib/python3.8/site-packages/airflow/example_dags/tutorial.py took 0.102 seconds
[2024-03-11T22:12:53.377+0000] {processor.py:161} INFO - Started process (PID=902) to work on /home/airflow/.local/lib/python3.8/site-packages/airflow/example_dags/tutorial.py
[2024-03-11T22:12:53.379+0000] {processor.py:830} INFO - Processing file /home/airflow/.local/lib/python3.8/site-packages/airflow/example_dags/tutorial.py for tasks to queue
[2024-03-11T22:12:53.382+0000] {logging_mixin.py:188} INFO - [2024-03-11T22:12:53.381+0000] {dagbag.py:540} INFO - Filling up the DagBag from /home/airflow/.local/lib/python3.8/site-packages/airflow/example_dags/tutorial.py
[2024-03-11T22:12:53.390+0000] {processor.py:840} INFO - DAG(s) 'tutorial' retrieved from /home/airflow/.local/lib/python3.8/site-packages/airflow/example_dags/tutorial.py
[2024-03-11T22:12:53.421+0000] {logging_mixin.py:188} INFO - [2024-03-11T22:12:53.420+0000] {dag.py:3047} INFO - Sync 1 DAGs
[2024-03-11T22:12:53.452+0000] {logging_mixin.py:188} INFO - [2024-03-11T22:12:53.451+0000] {dag.py:3834} INFO - Setting next_dagrun for tutorial to 2024-03-10 00:00:00+00:00, run_after=2024-03-11 00:00:00+00:00
[2024-03-11T22:12:53.488+0000] {processor.py:183} INFO - Processing /home/airflow/.local/lib/python3.8/site-packages/airflow/example_dags/tutorial.py took 0.114 seconds
[2024-03-11T22:13:23.539+0000] {processor.py:161} INFO - Started process (PID=957) to work on /home/airflow/.local/lib/python3.8/site-packages/airflow/example_dags/tutorial.py
[2024-03-11T22:13:23.540+0000] {processor.py:830} INFO - Processing file /home/airflow/.local/lib/python3.8/site-packages/airflow/example_dags/tutorial.py for tasks to queue
[2024-03-11T22:13:23.543+0000] {logging_mixin.py:188} INFO - [2024-03-11T22:13:23.543+0000] {dagbag.py:540} INFO - Filling up the DagBag from /home/airflow/.local/lib/python3.8/site-packages/airflow/example_dags/tutorial.py
[2024-03-11T22:13:23.551+0000] {processor.py:840} INFO - DAG(s) 'tutorial' retrieved from /home/airflow/.local/lib/python3.8/site-packages/airflow/example_dags/tutorial.py
[2024-03-11T22:13:23.581+0000] {logging_mixin.py:188} INFO - [2024-03-11T22:13:23.581+0000] {dag.py:3047} INFO - Sync 1 DAGs
[2024-03-11T22:13:23.610+0000] {logging_mixin.py:188} INFO - [2024-03-11T22:13:23.610+0000] {dag.py:3834} INFO - Setting next_dagrun for tutorial to 2024-03-10 00:00:00+00:00, run_after=2024-03-11 00:00:00+00:00
[2024-03-11T22:13:23.645+0000] {processor.py:183} INFO - Processing /home/airflow/.local/lib/python3.8/site-packages/airflow/example_dags/tutorial.py took 0.109 seconds
[2024-03-11T22:13:53.964+0000] {processor.py:161} INFO - Started process (PID=1014) to work on /home/airflow/.local/lib/python3.8/site-packages/airflow/example_dags/tutorial.py
[2024-03-11T22:13:53.965+0000] {processor.py:830} INFO - Processing file /home/airflow/.local/lib/python3.8/site-packages/airflow/example_dags/tutorial.py for tasks to queue
[2024-03-11T22:13:53.966+0000] {logging_mixin.py:188} INFO - [2024-03-11T22:13:53.966+0000] {dagbag.py:540} INFO - Filling up the DagBag from /home/airflow/.local/lib/python3.8/site-packages/airflow/example_dags/tutorial.py
[2024-03-11T22:13:53.972+0000] {processor.py:840} INFO - DAG(s) 'tutorial' retrieved from /home/airflow/.local/lib/python3.8/site-packages/airflow/example_dags/tutorial.py
[2024-03-11T22:13:53.994+0000] {logging_mixin.py:188} INFO - [2024-03-11T22:13:53.993+0000] {dag.py:3047} INFO - Sync 1 DAGs
[2024-03-11T22:13:54.020+0000] {logging_mixin.py:188} INFO - [2024-03-11T22:13:54.019+0000] {dag.py:3834} INFO - Setting next_dagrun for tutorial to 2024-03-10 00:00:00+00:00, run_after=2024-03-11 00:00:00+00:00
[2024-03-11T22:13:54.048+0000] {processor.py:183} INFO - Processing /home/airflow/.local/lib/python3.8/site-packages/airflow/example_dags/tutorial.py took 0.088 seconds
[2024-03-11T22:14:24.114+0000] {processor.py:161} INFO - Started process (PID=1071) to work on /home/airflow/.local/lib/python3.8/site-packages/airflow/example_dags/tutorial.py
[2024-03-11T22:14:24.115+0000] {processor.py:830} INFO - Processing file /home/airflow/.local/lib/python3.8/site-packages/airflow/example_dags/tutorial.py for tasks to queue
[2024-03-11T22:14:24.117+0000] {logging_mixin.py:188} INFO - [2024-03-11T22:14:24.117+0000] {dagbag.py:540} INFO - Filling up the DagBag from /home/airflow/.local/lib/python3.8/site-packages/airflow/example_dags/tutorial.py
[2024-03-11T22:14:24.123+0000] {processor.py:840} INFO - DAG(s) 'tutorial' retrieved from /home/airflow/.local/lib/python3.8/site-packages/airflow/example_dags/tutorial.py
[2024-03-11T22:14:24.148+0000] {logging_mixin.py:188} INFO - [2024-03-11T22:14:24.148+0000] {dag.py:3047} INFO - Sync 1 DAGs
[2024-03-11T22:14:24.180+0000] {logging_mixin.py:188} INFO - [2024-03-11T22:14:24.180+0000] {dag.py:3834} INFO - Setting next_dagrun for tutorial to 2024-03-10 00:00:00+00:00, run_after=2024-03-11 00:00:00+00:00
[2024-03-11T22:14:24.210+0000] {processor.py:183} INFO - Processing /home/airflow/.local/lib/python3.8/site-packages/airflow/example_dags/tutorial.py took 0.100 seconds
[2024-03-11T22:14:54.278+0000] {processor.py:161} INFO - Started process (PID=1128) to work on /home/airflow/.local/lib/python3.8/site-packages/airflow/example_dags/tutorial.py
[2024-03-11T22:14:54.280+0000] {processor.py:830} INFO - Processing file /home/airflow/.local/lib/python3.8/site-packages/airflow/example_dags/tutorial.py for tasks to queue
[2024-03-11T22:14:54.282+0000] {logging_mixin.py:188} INFO - [2024-03-11T22:14:54.282+0000] {dagbag.py:540} INFO - Filling up the DagBag from /home/airflow/.local/lib/python3.8/site-packages/airflow/example_dags/tutorial.py
[2024-03-11T22:14:54.290+0000] {processor.py:840} INFO - DAG(s) 'tutorial' retrieved from /home/airflow/.local/lib/python3.8/site-packages/airflow/example_dags/tutorial.py
[2024-03-11T22:14:54.316+0000] {logging_mixin.py:188} INFO - [2024-03-11T22:14:54.315+0000] {dag.py:3047} INFO - Sync 1 DAGs
[2024-03-11T22:14:54.357+0000] {logging_mixin.py:188} INFO - [2024-03-11T22:14:54.356+0000] {dag.py:3834} INFO - Setting next_dagrun for tutorial to 2024-03-10 00:00:00+00:00, run_after=2024-03-11 00:00:00+00:00
[2024-03-11T22:14:54.392+0000] {processor.py:183} INFO - Processing /home/airflow/.local/lib/python3.8/site-packages/airflow/example_dags/tutorial.py took 0.118 seconds
[2024-03-11T22:15:24.459+0000] {processor.py:161} INFO - Started process (PID=1184) to work on /home/airflow/.local/lib/python3.8/site-packages/airflow/example_dags/tutorial.py
[2024-03-11T22:15:24.461+0000] {processor.py:830} INFO - Processing file /home/airflow/.local/lib/python3.8/site-packages/airflow/example_dags/tutorial.py for tasks to queue
[2024-03-11T22:15:24.462+0000] {logging_mixin.py:188} INFO - [2024-03-11T22:15:24.462+0000] {dagbag.py:540} INFO - Filling up the DagBag from /home/airflow/.local/lib/python3.8/site-packages/airflow/example_dags/tutorial.py
[2024-03-11T22:15:24.471+0000] {processor.py:840} INFO - DAG(s) 'tutorial' retrieved from /home/airflow/.local/lib/python3.8/site-packages/airflow/example_dags/tutorial.py
[2024-03-11T22:15:24.492+0000] {logging_mixin.py:188} INFO - [2024-03-11T22:15:24.491+0000] {dag.py:3047} INFO - Sync 1 DAGs
[2024-03-11T22:15:24.515+0000] {logging_mixin.py:188} INFO - [2024-03-11T22:15:24.515+0000] {dag.py:3834} INFO - Setting next_dagrun for tutorial to 2024-03-10 00:00:00+00:00, run_after=2024-03-11 00:00:00+00:00
[2024-03-11T22:15:24.538+0000] {processor.py:183} INFO - Processing /home/airflow/.local/lib/python3.8/site-packages/airflow/example_dags/tutorial.py took 0.081 seconds
[2024-03-11T22:15:54.757+0000] {processor.py:161} INFO - Started process (PID=1241) to work on /home/airflow/.local/lib/python3.8/site-packages/airflow/example_dags/tutorial.py
[2024-03-11T22:15:54.758+0000] {processor.py:830} INFO - Processing file /home/airflow/.local/lib/python3.8/site-packages/airflow/example_dags/tutorial.py for tasks to queue
[2024-03-11T22:15:54.760+0000] {logging_mixin.py:188} INFO - [2024-03-11T22:15:54.760+0000] {dagbag.py:540} INFO - Filling up the DagBag from /home/airflow/.local/lib/python3.8/site-packages/airflow/example_dags/tutorial.py
[2024-03-11T22:15:54.765+0000] {processor.py:840} INFO - DAG(s) 'tutorial' retrieved from /home/airflow/.local/lib/python3.8/site-packages/airflow/example_dags/tutorial.py
[2024-03-11T22:15:54.784+0000] {logging_mixin.py:188} INFO - [2024-03-11T22:15:54.784+0000] {dag.py:3047} INFO - Sync 1 DAGs
[2024-03-11T22:15:54.806+0000] {logging_mixin.py:188} INFO - [2024-03-11T22:15:54.806+0000] {dag.py:3834} INFO - Setting next_dagrun for tutorial to 2024-03-10 00:00:00+00:00, run_after=2024-03-11 00:00:00+00:00
[2024-03-11T22:15:54.832+0000] {processor.py:183} INFO - Processing /home/airflow/.local/lib/python3.8/site-packages/airflow/example_dags/tutorial.py took 0.078 seconds
[2024-03-11T22:16:25.544+0000] {processor.py:161} INFO - Started process (PID=1299) to work on /home/airflow/.local/lib/python3.8/site-packages/airflow/example_dags/tutorial.py
[2024-03-11T22:16:25.546+0000] {processor.py:830} INFO - Processing file /home/airflow/.local/lib/python3.8/site-packages/airflow/example_dags/tutorial.py for tasks to queue
[2024-03-11T22:16:25.549+0000] {logging_mixin.py:188} INFO - [2024-03-11T22:16:25.548+0000] {dagbag.py:540} INFO - Filling up the DagBag from /home/airflow/.local/lib/python3.8/site-packages/airflow/example_dags/tutorial.py
[2024-03-11T22:16:25.555+0000] {processor.py:840} INFO - DAG(s) 'tutorial' retrieved from /home/airflow/.local/lib/python3.8/site-packages/airflow/example_dags/tutorial.py
[2024-03-11T22:16:25.587+0000] {logging_mixin.py:188} INFO - [2024-03-11T22:16:25.587+0000] {dag.py:3047} INFO - Sync 1 DAGs
[2024-03-11T22:16:25.621+0000] {logging_mixin.py:188} INFO - [2024-03-11T22:16:25.620+0000] {dag.py:3834} INFO - Setting next_dagrun for tutorial to 2024-03-10 00:00:00+00:00, run_after=2024-03-11 00:00:00+00:00
[2024-03-11T22:16:25.657+0000] {processor.py:183} INFO - Processing /home/airflow/.local/lib/python3.8/site-packages/airflow/example_dags/tutorial.py took 0.120 seconds
[2024-03-11T22:16:55.978+0000] {processor.py:161} INFO - Started process (PID=1356) to work on /home/airflow/.local/lib/python3.8/site-packages/airflow/example_dags/tutorial.py
[2024-03-11T22:16:55.980+0000] {processor.py:830} INFO - Processing file /home/airflow/.local/lib/python3.8/site-packages/airflow/example_dags/tutorial.py for tasks to queue
[2024-03-11T22:16:55.981+0000] {logging_mixin.py:188} INFO - [2024-03-11T22:16:55.981+0000] {dagbag.py:540} INFO - Filling up the DagBag from /home/airflow/.local/lib/python3.8/site-packages/airflow/example_dags/tutorial.py
[2024-03-11T22:16:55.986+0000] {processor.py:840} INFO - DAG(s) 'tutorial' retrieved from /home/airflow/.local/lib/python3.8/site-packages/airflow/example_dags/tutorial.py
[2024-03-11T22:16:56.010+0000] {logging_mixin.py:188} INFO - [2024-03-11T22:16:56.009+0000] {dag.py:3047} INFO - Sync 1 DAGs
[2024-03-11T22:16:56.034+0000] {logging_mixin.py:188} INFO - [2024-03-11T22:16:56.033+0000] {dag.py:3834} INFO - Setting next_dagrun for tutorial to 2024-03-10 00:00:00+00:00, run_after=2024-03-11 00:00:00+00:00
[2024-03-11T22:16:56.056+0000] {processor.py:183} INFO - Processing /home/airflow/.local/lib/python3.8/site-packages/airflow/example_dags/tutorial.py took 0.080 seconds
[2024-03-11T22:17:26.393+0000] {processor.py:161} INFO - Started process (PID=1413) to work on /home/airflow/.local/lib/python3.8/site-packages/airflow/example_dags/tutorial.py
[2024-03-11T22:17:26.395+0000] {processor.py:830} INFO - Processing file /home/airflow/.local/lib/python3.8/site-packages/airflow/example_dags/tutorial.py for tasks to queue
[2024-03-11T22:17:26.396+0000] {logging_mixin.py:188} INFO - [2024-03-11T22:17:26.396+0000] {dagbag.py:540} INFO - Filling up the DagBag from /home/airflow/.local/lib/python3.8/site-packages/airflow/example_dags/tutorial.py
[2024-03-11T22:17:26.402+0000] {processor.py:840} INFO - DAG(s) 'tutorial' retrieved from /home/airflow/.local/lib/python3.8/site-packages/airflow/example_dags/tutorial.py
[2024-03-11T22:17:26.423+0000] {logging_mixin.py:188} INFO - [2024-03-11T22:17:26.423+0000] {dag.py:3047} INFO - Sync 1 DAGs
[2024-03-11T22:17:26.447+0000] {logging_mixin.py:188} INFO - [2024-03-11T22:17:26.447+0000] {dag.py:3834} INFO - Setting next_dagrun for tutorial to 2024-03-10 00:00:00+00:00, run_after=2024-03-11 00:00:00+00:00
[2024-03-11T22:17:26.472+0000] {processor.py:183} INFO - Processing /home/airflow/.local/lib/python3.8/site-packages/airflow/example_dags/tutorial.py took 0.082 seconds
