[2024-04-07T17:13:08.029-0400] {taskinstance.py:1956} INFO - Dependencies all met for dep_context=non-requeueable deps ti=<TaskInstance: datapipeline.correlation_task manual__2024-04-07T21:12:15.499387+00:00 [queued]>
[2024-04-07T17:13:08.036-0400] {taskinstance.py:1956} INFO - Dependencies all met for dep_context=requeueable deps ti=<TaskInstance: datapipeline.correlation_task manual__2024-04-07T21:12:15.499387+00:00 [queued]>
[2024-04-07T17:13:08.036-0400] {taskinstance.py:2170} INFO - Starting attempt 1 of 1
[2024-04-07T17:13:08.050-0400] {taskinstance.py:2191} INFO - Executing <Task(PythonOperator): correlation_task> on 2024-04-07 21:12:15.499387+00:00
[2024-04-07T17:13:08.054-0400] {standard_task_runner.py:60} INFO - Started process 70093 to run task
[2024-04-07T17:13:08.058-0400] {standard_task_runner.py:87} INFO - Running: ['airflow', 'tasks', 'run', 'datapipeline', 'correlation_task', 'manual__2024-04-07T21:12:15.499387+00:00', '--job-id', '372', '--raw', '--subdir', 'DAGS_FOLDER/airflow.py', '--cfg-path', '/tmp/tmptq_xrmb6']
[2024-04-07T17:13:08.060-0400] {standard_task_runner.py:88} INFO - Job 372: Subtask correlation_task
[2024-04-07T17:13:08.092-0400] {task_command.py:423} INFO - Running <TaskInstance: datapipeline.correlation_task manual__2024-04-07T21:12:15.499387+00:00 [running]> on host Naveen.
[2024-04-07T17:13:08.150-0400] {taskinstance.py:2480} INFO - Exporting env vars: AIRFLOW_CTX_DAG_OWNER='your_name' AIRFLOW_CTX_DAG_ID='datapipeline' AIRFLOW_CTX_TASK_ID='correlation_task' AIRFLOW_CTX_EXECUTION_DATE='2024-04-07T21:12:15.499387+00:00' AIRFLOW_CTX_TRY_NUMBER='1' AIRFLOW_CTX_DAG_RUN_ID='manual__2024-04-07T21:12:15.499387+00:00'
[2024-04-07T17:13:08.361-0400] {logging_mixin.py:188} INFO -        Unnamed: 0  loan_amnt  term  ...  home_ownership_OTHER  home_ownership_OWN  home_ownership_RENT
0               0  -0.207276    36  ...                     0                   0                    1
1               1  -0.539271    36  ...                     0                   0                    0
2               2   0.454331    36  ...                     0                   0                    1
3               3  -0.696028    36  ...                     0                   0                    1
4               4   1.118321    60  ...                     0                   0                    0
...           ...        ...   ...  ...                   ...                 ...                  ...
99994       99994   0.395978    36  ...                     0                   0                    1
99995       99995  -0.449073    36  ...                     0                   0                    1
99996       99996  -0.871266    36  ...                     0                   0                    0
99997       99997  -0.256433    36  ...                     0                   0                    1
99998       99998  -1.570542    36  ...                     0                   0                    0

[94883 rows x 82 columns]
[2024-04-07T17:13:11.571-0400] {logging_mixin.py:188} INFO - The file has been successfully saved at the path: /home/pasala_n/MLOPS_Credit_latest/MLOPSPROJECT/dags/data/processed/images/correlation_heatmap.png.
[2024-04-07T17:13:11.582-0400] {logging_mixin.py:188} INFO - The file has been successfully saved at the path: /home/pasala_n/MLOPS_Credit_latest/MLOPSPROJECT/dags/data/processed/correlation_matrix.parquet.
[2024-04-07T17:13:11.583-0400] {python.py:201} INFO - Done. Returned value was: None
[2024-04-07T17:13:11.586-0400] {taskinstance.py:1138} INFO - Marking task as SUCCESS. dag_id=datapipeline, task_id=correlation_task, execution_date=20240407T211215, start_date=20240407T211308, end_date=20240407T211311
[2024-04-07T17:13:11.613-0400] {local_task_job_runner.py:234} INFO - Task exited with return code 0
[2024-04-07T17:13:11.623-0400] {taskinstance.py:3280} INFO - 1 downstream tasks scheduled from follow-on schedule check
