[2024-03-12T19:52:45.912+0000] {processor.py:161} INFO - Started process (PID=77) to work on /home/airflow/.local/lib/python3.8/site-packages/airflow/example_dags/example_task_group.py
[2024-03-12T19:52:45.913+0000] {processor.py:830} INFO - Processing file /home/airflow/.local/lib/python3.8/site-packages/airflow/example_dags/example_task_group.py for tasks to queue
[2024-03-12T19:52:45.916+0000] {logging_mixin.py:188} INFO - [2024-03-12T19:52:45.915+0000] {dagbag.py:540} INFO - Filling up the DagBag from /home/airflow/.local/lib/python3.8/site-packages/airflow/example_dags/example_task_group.py
[2024-03-12T19:52:45.928+0000] {processor.py:840} INFO - DAG(s) 'example_task_group' retrieved from /home/airflow/.local/lib/python3.8/site-packages/airflow/example_dags/example_task_group.py
[2024-03-12T19:52:46.001+0000] {logging_mixin.py:188} INFO - [2024-03-12T19:52:46.000+0000] {dag.py:3047} INFO - Sync 1 DAGs
[2024-03-12T19:52:46.053+0000] {logging_mixin.py:188} INFO - [2024-03-12T19:52:46.052+0000] {dag.py:3834} INFO - Setting next_dagrun for example_task_group to 2024-03-11 00:00:00+00:00, run_after=2024-03-12 00:00:00+00:00
[2024-03-12T19:52:46.131+0000] {processor.py:183} INFO - Processing /home/airflow/.local/lib/python3.8/site-packages/airflow/example_dags/example_task_group.py took 0.224 seconds
[2024-03-12T19:53:16.827+0000] {processor.py:161} INFO - Started process (PID=134) to work on /home/airflow/.local/lib/python3.8/site-packages/airflow/example_dags/example_task_group.py
[2024-03-12T19:53:16.829+0000] {processor.py:830} INFO - Processing file /home/airflow/.local/lib/python3.8/site-packages/airflow/example_dags/example_task_group.py for tasks to queue
[2024-03-12T19:53:16.832+0000] {logging_mixin.py:188} INFO - [2024-03-12T19:53:16.832+0000] {dagbag.py:540} INFO - Filling up the DagBag from /home/airflow/.local/lib/python3.8/site-packages/airflow/example_dags/example_task_group.py
[2024-03-12T19:53:16.847+0000] {processor.py:840} INFO - DAG(s) 'example_task_group' retrieved from /home/airflow/.local/lib/python3.8/site-packages/airflow/example_dags/example_task_group.py
[2024-03-12T19:53:16.896+0000] {logging_mixin.py:188} INFO - [2024-03-12T19:53:16.896+0000] {dag.py:3047} INFO - Sync 1 DAGs
[2024-03-12T19:53:16.953+0000] {logging_mixin.py:188} INFO - [2024-03-12T19:53:16.952+0000] {dag.py:3834} INFO - Setting next_dagrun for example_task_group to 2024-03-11 00:00:00+00:00, run_after=2024-03-12 00:00:00+00:00
[2024-03-12T19:53:16.984+0000] {processor.py:183} INFO - Processing /home/airflow/.local/lib/python3.8/site-packages/airflow/example_dags/example_task_group.py took 0.163 seconds
[2024-03-12T19:53:47.683+0000] {processor.py:161} INFO - Started process (PID=191) to work on /home/airflow/.local/lib/python3.8/site-packages/airflow/example_dags/example_task_group.py
[2024-03-12T19:53:47.685+0000] {processor.py:830} INFO - Processing file /home/airflow/.local/lib/python3.8/site-packages/airflow/example_dags/example_task_group.py for tasks to queue
[2024-03-12T19:53:47.688+0000] {logging_mixin.py:188} INFO - [2024-03-12T19:53:47.687+0000] {dagbag.py:540} INFO - Filling up the DagBag from /home/airflow/.local/lib/python3.8/site-packages/airflow/example_dags/example_task_group.py
[2024-03-12T19:53:47.701+0000] {processor.py:840} INFO - DAG(s) 'example_task_group' retrieved from /home/airflow/.local/lib/python3.8/site-packages/airflow/example_dags/example_task_group.py
[2024-03-12T19:53:47.727+0000] {logging_mixin.py:188} INFO - [2024-03-12T19:53:47.727+0000] {dag.py:3047} INFO - Sync 1 DAGs
[2024-03-12T19:53:47.779+0000] {logging_mixin.py:188} INFO - [2024-03-12T19:53:47.779+0000] {dag.py:3834} INFO - Setting next_dagrun for example_task_group to 2024-03-11 00:00:00+00:00, run_after=2024-03-12 00:00:00+00:00
[2024-03-12T19:53:47.850+0000] {processor.py:183} INFO - Processing /home/airflow/.local/lib/python3.8/site-packages/airflow/example_dags/example_task_group.py took 0.173 seconds
[2024-03-12T19:54:18.055+0000] {processor.py:161} INFO - Started process (PID=248) to work on /home/airflow/.local/lib/python3.8/site-packages/airflow/example_dags/example_task_group.py
[2024-03-12T19:54:18.057+0000] {processor.py:830} INFO - Processing file /home/airflow/.local/lib/python3.8/site-packages/airflow/example_dags/example_task_group.py for tasks to queue
[2024-03-12T19:54:18.060+0000] {logging_mixin.py:188} INFO - [2024-03-12T19:54:18.060+0000] {dagbag.py:540} INFO - Filling up the DagBag from /home/airflow/.local/lib/python3.8/site-packages/airflow/example_dags/example_task_group.py
[2024-03-12T19:54:18.069+0000] {processor.py:840} INFO - DAG(s) 'example_task_group' retrieved from /home/airflow/.local/lib/python3.8/site-packages/airflow/example_dags/example_task_group.py
[2024-03-12T19:54:18.313+0000] {logging_mixin.py:188} INFO - [2024-03-12T19:54:18.312+0000] {dag.py:3047} INFO - Sync 1 DAGs
[2024-03-12T19:54:18.345+0000] {logging_mixin.py:188} INFO - [2024-03-12T19:54:18.345+0000] {dag.py:3834} INFO - Setting next_dagrun for example_task_group to 2024-03-11 00:00:00+00:00, run_after=2024-03-12 00:00:00+00:00
[2024-03-12T19:54:18.379+0000] {processor.py:183} INFO - Processing /home/airflow/.local/lib/python3.8/site-packages/airflow/example_dags/example_task_group.py took 0.330 seconds
[2024-03-12T19:54:48.767+0000] {processor.py:161} INFO - Started process (PID=305) to work on /home/airflow/.local/lib/python3.8/site-packages/airflow/example_dags/example_task_group.py
[2024-03-12T19:54:48.770+0000] {processor.py:830} INFO - Processing file /home/airflow/.local/lib/python3.8/site-packages/airflow/example_dags/example_task_group.py for tasks to queue
[2024-03-12T19:54:48.773+0000] {logging_mixin.py:188} INFO - [2024-03-12T19:54:48.772+0000] {dagbag.py:540} INFO - Filling up the DagBag from /home/airflow/.local/lib/python3.8/site-packages/airflow/example_dags/example_task_group.py
[2024-03-12T19:54:48.787+0000] {processor.py:840} INFO - DAG(s) 'example_task_group' retrieved from /home/airflow/.local/lib/python3.8/site-packages/airflow/example_dags/example_task_group.py
[2024-03-12T19:54:48.830+0000] {logging_mixin.py:188} INFO - [2024-03-12T19:54:48.829+0000] {dag.py:3047} INFO - Sync 1 DAGs
[2024-03-12T19:54:48.873+0000] {logging_mixin.py:188} INFO - [2024-03-12T19:54:48.873+0000] {dag.py:3834} INFO - Setting next_dagrun for example_task_group to 2024-03-11 00:00:00+00:00, run_after=2024-03-12 00:00:00+00:00
[2024-03-12T19:54:48.922+0000] {processor.py:183} INFO - Processing /home/airflow/.local/lib/python3.8/site-packages/airflow/example_dags/example_task_group.py took 0.161 seconds
[2024-03-12T19:55:19.621+0000] {processor.py:161} INFO - Started process (PID=362) to work on /home/airflow/.local/lib/python3.8/site-packages/airflow/example_dags/example_task_group.py
[2024-03-12T19:55:19.623+0000] {processor.py:830} INFO - Processing file /home/airflow/.local/lib/python3.8/site-packages/airflow/example_dags/example_task_group.py for tasks to queue
[2024-03-12T19:55:19.626+0000] {logging_mixin.py:188} INFO - [2024-03-12T19:55:19.626+0000] {dagbag.py:540} INFO - Filling up the DagBag from /home/airflow/.local/lib/python3.8/site-packages/airflow/example_dags/example_task_group.py
[2024-03-12T19:55:19.640+0000] {processor.py:840} INFO - DAG(s) 'example_task_group' retrieved from /home/airflow/.local/lib/python3.8/site-packages/airflow/example_dags/example_task_group.py
[2024-03-12T19:55:19.683+0000] {logging_mixin.py:188} INFO - [2024-03-12T19:55:19.682+0000] {dag.py:3047} INFO - Sync 1 DAGs
[2024-03-12T19:55:19.732+0000] {logging_mixin.py:188} INFO - [2024-03-12T19:55:19.732+0000] {dag.py:3834} INFO - Setting next_dagrun for example_task_group to 2024-03-11 00:00:00+00:00, run_after=2024-03-12 00:00:00+00:00
[2024-03-12T19:55:19.779+0000] {processor.py:183} INFO - Processing /home/airflow/.local/lib/python3.8/site-packages/airflow/example_dags/example_task_group.py took 0.164 seconds
[2024-03-12T19:55:50.300+0000] {processor.py:161} INFO - Started process (PID=419) to work on /home/airflow/.local/lib/python3.8/site-packages/airflow/example_dags/example_task_group.py
[2024-03-12T19:55:50.313+0000] {processor.py:830} INFO - Processing file /home/airflow/.local/lib/python3.8/site-packages/airflow/example_dags/example_task_group.py for tasks to queue
[2024-03-12T19:55:50.316+0000] {logging_mixin.py:188} INFO - [2024-03-12T19:55:50.315+0000] {dagbag.py:540} INFO - Filling up the DagBag from /home/airflow/.local/lib/python3.8/site-packages/airflow/example_dags/example_task_group.py
[2024-03-12T19:55:50.331+0000] {processor.py:840} INFO - DAG(s) 'example_task_group' retrieved from /home/airflow/.local/lib/python3.8/site-packages/airflow/example_dags/example_task_group.py
[2024-03-12T19:55:50.374+0000] {logging_mixin.py:188} INFO - [2024-03-12T19:55:50.373+0000] {dag.py:3047} INFO - Sync 1 DAGs
[2024-03-12T19:55:50.419+0000] {logging_mixin.py:188} INFO - [2024-03-12T19:55:50.419+0000] {dag.py:3834} INFO - Setting next_dagrun for example_task_group to 2024-03-11 00:00:00+00:00, run_after=2024-03-12 00:00:00+00:00
[2024-03-12T19:55:50.503+0000] {processor.py:183} INFO - Processing /home/airflow/.local/lib/python3.8/site-packages/airflow/example_dags/example_task_group.py took 0.208 seconds
[2024-03-12T19:56:21.104+0000] {processor.py:161} INFO - Started process (PID=476) to work on /home/airflow/.local/lib/python3.8/site-packages/airflow/example_dags/example_task_group.py
[2024-03-12T19:56:21.107+0000] {processor.py:830} INFO - Processing file /home/airflow/.local/lib/python3.8/site-packages/airflow/example_dags/example_task_group.py for tasks to queue
[2024-03-12T19:56:21.110+0000] {logging_mixin.py:188} INFO - [2024-03-12T19:56:21.109+0000] {dagbag.py:540} INFO - Filling up the DagBag from /home/airflow/.local/lib/python3.8/site-packages/airflow/example_dags/example_task_group.py
[2024-03-12T19:56:21.126+0000] {processor.py:840} INFO - DAG(s) 'example_task_group' retrieved from /home/airflow/.local/lib/python3.8/site-packages/airflow/example_dags/example_task_group.py
[2024-03-12T19:56:21.179+0000] {logging_mixin.py:188} INFO - [2024-03-12T19:56:21.179+0000] {dag.py:3047} INFO - Sync 1 DAGs
[2024-03-12T19:56:21.236+0000] {logging_mixin.py:188} INFO - [2024-03-12T19:56:21.236+0000] {dag.py:3834} INFO - Setting next_dagrun for example_task_group to 2024-03-11 00:00:00+00:00, run_after=2024-03-12 00:00:00+00:00
[2024-03-12T19:56:21.304+0000] {processor.py:183} INFO - Processing /home/airflow/.local/lib/python3.8/site-packages/airflow/example_dags/example_task_group.py took 0.207 seconds
[2024-03-12T19:56:51.956+0000] {processor.py:161} INFO - Started process (PID=533) to work on /home/airflow/.local/lib/python3.8/site-packages/airflow/example_dags/example_task_group.py
[2024-03-12T19:56:51.958+0000] {processor.py:830} INFO - Processing file /home/airflow/.local/lib/python3.8/site-packages/airflow/example_dags/example_task_group.py for tasks to queue
[2024-03-12T19:56:51.961+0000] {logging_mixin.py:188} INFO - [2024-03-12T19:56:51.960+0000] {dagbag.py:540} INFO - Filling up the DagBag from /home/airflow/.local/lib/python3.8/site-packages/airflow/example_dags/example_task_group.py
[2024-03-12T19:56:51.972+0000] {processor.py:840} INFO - DAG(s) 'example_task_group' retrieved from /home/airflow/.local/lib/python3.8/site-packages/airflow/example_dags/example_task_group.py
[2024-03-12T19:56:52.016+0000] {logging_mixin.py:188} INFO - [2024-03-12T19:56:52.015+0000] {dag.py:3047} INFO - Sync 1 DAGs
[2024-03-12T19:56:52.056+0000] {logging_mixin.py:188} INFO - [2024-03-12T19:56:52.055+0000] {dag.py:3834} INFO - Setting next_dagrun for example_task_group to 2024-03-11 00:00:00+00:00, run_after=2024-03-12 00:00:00+00:00
[2024-03-12T19:56:52.097+0000] {processor.py:183} INFO - Processing /home/airflow/.local/lib/python3.8/site-packages/airflow/example_dags/example_task_group.py took 0.147 seconds
