[2024-03-12T19:52:44.577+0000] {processor.py:161} INFO - Started process (PID=74) to work on /home/airflow/.local/lib/python3.8/site-packages/airflow/example_dags/example_nested_branch_dag.py
[2024-03-12T19:52:44.582+0000] {processor.py:830} INFO - Processing file /home/airflow/.local/lib/python3.8/site-packages/airflow/example_dags/example_nested_branch_dag.py for tasks to queue
[2024-03-12T19:52:44.610+0000] {logging_mixin.py:188} INFO - [2024-03-12T19:52:44.606+0000] {dagbag.py:540} INFO - Filling up the DagBag from /home/airflow/.local/lib/python3.8/site-packages/airflow/example_dags/example_nested_branch_dag.py
[2024-03-12T19:52:44.667+0000] {processor.py:840} INFO - DAG(s) 'example_nested_branch_dag' retrieved from /home/airflow/.local/lib/python3.8/site-packages/airflow/example_dags/example_nested_branch_dag.py
[2024-03-12T19:52:44.729+0000] {logging_mixin.py:188} INFO - [2024-03-12T19:52:44.727+0000] {dag.py:3047} INFO - Sync 1 DAGs
[2024-03-12T19:52:45.015+0000] {logging_mixin.py:188} INFO - [2024-03-12T19:52:45.014+0000] {dag.py:3834} INFO - Setting next_dagrun for example_nested_branch_dag to 2024-03-11 00:00:00+00:00, run_after=2024-03-12 00:00:00+00:00
[2024-03-12T19:52:45.120+0000] {processor.py:183} INFO - Processing /home/airflow/.local/lib/python3.8/site-packages/airflow/example_dags/example_nested_branch_dag.py took 0.551 seconds
[2024-03-12T19:53:15.267+0000] {processor.py:161} INFO - Started process (PID=131) to work on /home/airflow/.local/lib/python3.8/site-packages/airflow/example_dags/example_nested_branch_dag.py
[2024-03-12T19:53:15.269+0000] {processor.py:830} INFO - Processing file /home/airflow/.local/lib/python3.8/site-packages/airflow/example_dags/example_nested_branch_dag.py for tasks to queue
[2024-03-12T19:53:15.272+0000] {logging_mixin.py:188} INFO - [2024-03-12T19:53:15.272+0000] {dagbag.py:540} INFO - Filling up the DagBag from /home/airflow/.local/lib/python3.8/site-packages/airflow/example_dags/example_nested_branch_dag.py
[2024-03-12T19:53:15.290+0000] {processor.py:840} INFO - DAG(s) 'example_nested_branch_dag' retrieved from /home/airflow/.local/lib/python3.8/site-packages/airflow/example_dags/example_nested_branch_dag.py
[2024-03-12T19:53:15.324+0000] {logging_mixin.py:188} INFO - [2024-03-12T19:53:15.324+0000] {dag.py:3047} INFO - Sync 1 DAGs
[2024-03-12T19:53:15.364+0000] {logging_mixin.py:188} INFO - [2024-03-12T19:53:15.364+0000] {dag.py:3834} INFO - Setting next_dagrun for example_nested_branch_dag to 2024-03-11 00:00:00+00:00, run_after=2024-03-12 00:00:00+00:00
[2024-03-12T19:53:15.418+0000] {processor.py:183} INFO - Processing /home/airflow/.local/lib/python3.8/site-packages/airflow/example_dags/example_nested_branch_dag.py took 0.156 seconds
[2024-03-12T19:53:46.333+0000] {processor.py:161} INFO - Started process (PID=188) to work on /home/airflow/.local/lib/python3.8/site-packages/airflow/example_dags/example_nested_branch_dag.py
[2024-03-12T19:53:46.335+0000] {processor.py:830} INFO - Processing file /home/airflow/.local/lib/python3.8/site-packages/airflow/example_dags/example_nested_branch_dag.py for tasks to queue
[2024-03-12T19:53:46.338+0000] {logging_mixin.py:188} INFO - [2024-03-12T19:53:46.337+0000] {dagbag.py:540} INFO - Filling up the DagBag from /home/airflow/.local/lib/python3.8/site-packages/airflow/example_dags/example_nested_branch_dag.py
[2024-03-12T19:53:46.360+0000] {processor.py:840} INFO - DAG(s) 'example_nested_branch_dag' retrieved from /home/airflow/.local/lib/python3.8/site-packages/airflow/example_dags/example_nested_branch_dag.py
[2024-03-12T19:53:46.383+0000] {logging_mixin.py:188} INFO - [2024-03-12T19:53:46.382+0000] {dag.py:3047} INFO - Sync 1 DAGs
[2024-03-12T19:53:46.424+0000] {logging_mixin.py:188} INFO - [2024-03-12T19:53:46.424+0000] {dag.py:3834} INFO - Setting next_dagrun for example_nested_branch_dag to 2024-03-11 00:00:00+00:00, run_after=2024-03-12 00:00:00+00:00
[2024-03-12T19:53:46.467+0000] {processor.py:183} INFO - Processing /home/airflow/.local/lib/python3.8/site-packages/airflow/example_dags/example_nested_branch_dag.py took 0.139 seconds
[2024-03-12T19:54:17.269+0000] {processor.py:161} INFO - Started process (PID=245) to work on /home/airflow/.local/lib/python3.8/site-packages/airflow/example_dags/example_nested_branch_dag.py
[2024-03-12T19:54:17.273+0000] {processor.py:830} INFO - Processing file /home/airflow/.local/lib/python3.8/site-packages/airflow/example_dags/example_nested_branch_dag.py for tasks to queue
[2024-03-12T19:54:17.276+0000] {logging_mixin.py:188} INFO - [2024-03-12T19:54:17.276+0000] {dagbag.py:540} INFO - Filling up the DagBag from /home/airflow/.local/lib/python3.8/site-packages/airflow/example_dags/example_nested_branch_dag.py
[2024-03-12T19:54:17.299+0000] {processor.py:840} INFO - DAG(s) 'example_nested_branch_dag' retrieved from /home/airflow/.local/lib/python3.8/site-packages/airflow/example_dags/example_nested_branch_dag.py
[2024-03-12T19:54:17.572+0000] {logging_mixin.py:188} INFO - [2024-03-12T19:54:17.572+0000] {dag.py:3047} INFO - Sync 1 DAGs
[2024-03-12T19:54:17.614+0000] {logging_mixin.py:188} INFO - [2024-03-12T19:54:17.614+0000] {dag.py:3834} INFO - Setting next_dagrun for example_nested_branch_dag to 2024-03-11 00:00:00+00:00, run_after=2024-03-12 00:00:00+00:00
[2024-03-12T19:54:17.690+0000] {processor.py:183} INFO - Processing /home/airflow/.local/lib/python3.8/site-packages/airflow/example_dags/example_nested_branch_dag.py took 0.427 seconds
[2024-03-12T19:54:48.484+0000] {processor.py:161} INFO - Started process (PID=302) to work on /home/airflow/.local/lib/python3.8/site-packages/airflow/example_dags/example_nested_branch_dag.py
[2024-03-12T19:54:48.502+0000] {processor.py:830} INFO - Processing file /home/airflow/.local/lib/python3.8/site-packages/airflow/example_dags/example_nested_branch_dag.py for tasks to queue
[2024-03-12T19:54:48.507+0000] {logging_mixin.py:188} INFO - [2024-03-12T19:54:48.506+0000] {dagbag.py:540} INFO - Filling up the DagBag from /home/airflow/.local/lib/python3.8/site-packages/airflow/example_dags/example_nested_branch_dag.py
[2024-03-12T19:54:48.534+0000] {processor.py:840} INFO - DAG(s) 'example_nested_branch_dag' retrieved from /home/airflow/.local/lib/python3.8/site-packages/airflow/example_dags/example_nested_branch_dag.py
[2024-03-12T19:54:48.578+0000] {logging_mixin.py:188} INFO - [2024-03-12T19:54:48.577+0000] {dag.py:3047} INFO - Sync 1 DAGs
[2024-03-12T19:54:48.621+0000] {logging_mixin.py:188} INFO - [2024-03-12T19:54:48.620+0000] {dag.py:3834} INFO - Setting next_dagrun for example_nested_branch_dag to 2024-03-11 00:00:00+00:00, run_after=2024-03-12 00:00:00+00:00
[2024-03-12T19:54:48.690+0000] {processor.py:183} INFO - Processing /home/airflow/.local/lib/python3.8/site-packages/airflow/example_dags/example_nested_branch_dag.py took 0.214 seconds
[2024-03-12T19:55:19.323+0000] {processor.py:161} INFO - Started process (PID=359) to work on /home/airflow/.local/lib/python3.8/site-packages/airflow/example_dags/example_nested_branch_dag.py
[2024-03-12T19:55:19.328+0000] {processor.py:830} INFO - Processing file /home/airflow/.local/lib/python3.8/site-packages/airflow/example_dags/example_nested_branch_dag.py for tasks to queue
[2024-03-12T19:55:19.333+0000] {logging_mixin.py:188} INFO - [2024-03-12T19:55:19.332+0000] {dagbag.py:540} INFO - Filling up the DagBag from /home/airflow/.local/lib/python3.8/site-packages/airflow/example_dags/example_nested_branch_dag.py
[2024-03-12T19:55:19.356+0000] {processor.py:840} INFO - DAG(s) 'example_nested_branch_dag' retrieved from /home/airflow/.local/lib/python3.8/site-packages/airflow/example_dags/example_nested_branch_dag.py
[2024-03-12T19:55:19.407+0000] {logging_mixin.py:188} INFO - [2024-03-12T19:55:19.406+0000] {dag.py:3047} INFO - Sync 1 DAGs
[2024-03-12T19:55:19.451+0000] {logging_mixin.py:188} INFO - [2024-03-12T19:55:19.450+0000] {dag.py:3834} INFO - Setting next_dagrun for example_nested_branch_dag to 2024-03-11 00:00:00+00:00, run_after=2024-03-12 00:00:00+00:00
[2024-03-12T19:55:19.530+0000] {processor.py:183} INFO - Processing /home/airflow/.local/lib/python3.8/site-packages/airflow/example_dags/example_nested_branch_dag.py took 0.213 seconds
[2024-03-12T19:55:49.952+0000] {processor.py:161} INFO - Started process (PID=416) to work on /home/airflow/.local/lib/python3.8/site-packages/airflow/example_dags/example_nested_branch_dag.py
[2024-03-12T19:55:49.967+0000] {processor.py:830} INFO - Processing file /home/airflow/.local/lib/python3.8/site-packages/airflow/example_dags/example_nested_branch_dag.py for tasks to queue
[2024-03-12T19:55:49.972+0000] {logging_mixin.py:188} INFO - [2024-03-12T19:55:49.971+0000] {dagbag.py:540} INFO - Filling up the DagBag from /home/airflow/.local/lib/python3.8/site-packages/airflow/example_dags/example_nested_branch_dag.py
[2024-03-12T19:55:49.994+0000] {processor.py:840} INFO - DAG(s) 'example_nested_branch_dag' retrieved from /home/airflow/.local/lib/python3.8/site-packages/airflow/example_dags/example_nested_branch_dag.py
[2024-03-12T19:55:50.044+0000] {logging_mixin.py:188} INFO - [2024-03-12T19:55:50.043+0000] {dag.py:3047} INFO - Sync 1 DAGs
[2024-03-12T19:55:50.103+0000] {logging_mixin.py:188} INFO - [2024-03-12T19:55:50.103+0000] {dag.py:3834} INFO - Setting next_dagrun for example_nested_branch_dag to 2024-03-11 00:00:00+00:00, run_after=2024-03-12 00:00:00+00:00
[2024-03-12T19:55:50.193+0000] {processor.py:183} INFO - Processing /home/airflow/.local/lib/python3.8/site-packages/airflow/example_dags/example_nested_branch_dag.py took 0.247 seconds
[2024-03-12T19:56:20.760+0000] {processor.py:161} INFO - Started process (PID=473) to work on /home/airflow/.local/lib/python3.8/site-packages/airflow/example_dags/example_nested_branch_dag.py
[2024-03-12T19:56:20.766+0000] {processor.py:830} INFO - Processing file /home/airflow/.local/lib/python3.8/site-packages/airflow/example_dags/example_nested_branch_dag.py for tasks to queue
[2024-03-12T19:56:20.770+0000] {logging_mixin.py:188} INFO - [2024-03-12T19:56:20.769+0000] {dagbag.py:540} INFO - Filling up the DagBag from /home/airflow/.local/lib/python3.8/site-packages/airflow/example_dags/example_nested_branch_dag.py
[2024-03-12T19:56:20.793+0000] {processor.py:840} INFO - DAG(s) 'example_nested_branch_dag' retrieved from /home/airflow/.local/lib/python3.8/site-packages/airflow/example_dags/example_nested_branch_dag.py
[2024-03-12T19:56:20.850+0000] {logging_mixin.py:188} INFO - [2024-03-12T19:56:20.850+0000] {dag.py:3047} INFO - Sync 1 DAGs
[2024-03-12T19:56:20.906+0000] {logging_mixin.py:188} INFO - [2024-03-12T19:56:20.906+0000] {dag.py:3834} INFO - Setting next_dagrun for example_nested_branch_dag to 2024-03-11 00:00:00+00:00, run_after=2024-03-12 00:00:00+00:00
[2024-03-12T19:56:20.967+0000] {processor.py:183} INFO - Processing /home/airflow/.local/lib/python3.8/site-packages/airflow/example_dags/example_nested_branch_dag.py took 0.214 seconds
[2024-03-12T19:56:51.732+0000] {processor.py:161} INFO - Started process (PID=530) to work on /home/airflow/.local/lib/python3.8/site-packages/airflow/example_dags/example_nested_branch_dag.py
[2024-03-12T19:56:51.734+0000] {processor.py:830} INFO - Processing file /home/airflow/.local/lib/python3.8/site-packages/airflow/example_dags/example_nested_branch_dag.py for tasks to queue
[2024-03-12T19:56:51.737+0000] {logging_mixin.py:188} INFO - [2024-03-12T19:56:51.736+0000] {dagbag.py:540} INFO - Filling up the DagBag from /home/airflow/.local/lib/python3.8/site-packages/airflow/example_dags/example_nested_branch_dag.py
[2024-03-12T19:56:51.753+0000] {processor.py:840} INFO - DAG(s) 'example_nested_branch_dag' retrieved from /home/airflow/.local/lib/python3.8/site-packages/airflow/example_dags/example_nested_branch_dag.py
[2024-03-12T19:56:51.788+0000] {logging_mixin.py:188} INFO - [2024-03-12T19:56:51.788+0000] {dag.py:3047} INFO - Sync 1 DAGs
[2024-03-12T19:56:51.824+0000] {logging_mixin.py:188} INFO - [2024-03-12T19:56:51.824+0000] {dag.py:3834} INFO - Setting next_dagrun for example_nested_branch_dag to 2024-03-11 00:00:00+00:00, run_after=2024-03-12 00:00:00+00:00
[2024-03-12T19:56:51.862+0000] {processor.py:183} INFO - Processing /home/airflow/.local/lib/python3.8/site-packages/airflow/example_dags/example_nested_branch_dag.py took 0.135 seconds
