[2024-03-12T19:52:43.472+0000] {processor.py:161} INFO - Started process (PID=71) to work on /home/airflow/.local/lib/python3.8/site-packages/airflow/example_dags/example_skip_dag.py
[2024-03-12T19:52:43.486+0000] {processor.py:830} INFO - Processing file /home/airflow/.local/lib/python3.8/site-packages/airflow/example_dags/example_skip_dag.py for tasks to queue
[2024-03-12T19:52:43.499+0000] {logging_mixin.py:188} INFO - [2024-03-12T19:52:43.496+0000] {dagbag.py:540} INFO - Filling up the DagBag from /home/airflow/.local/lib/python3.8/site-packages/airflow/example_dags/example_skip_dag.py
[2024-03-12T19:52:43.527+0000] {processor.py:840} INFO - DAG(s) 'example_skip_dag' retrieved from /home/airflow/.local/lib/python3.8/site-packages/airflow/example_dags/example_skip_dag.py
[2024-03-12T19:52:43.605+0000] {logging_mixin.py:188} INFO - [2024-03-12T19:52:43.604+0000] {dag.py:3047} INFO - Sync 1 DAGs
[2024-03-12T19:52:43.752+0000] {logging_mixin.py:188} INFO - [2024-03-12T19:52:43.751+0000] {dag.py:3834} INFO - Setting next_dagrun for example_skip_dag to 2024-03-11 00:00:00+00:00, run_after=2024-03-12 00:00:00+00:00
[2024-03-12T19:52:43.852+0000] {processor.py:183} INFO - Processing /home/airflow/.local/lib/python3.8/site-packages/airflow/example_dags/example_skip_dag.py took 0.415 seconds
[2024-03-12T19:53:14.817+0000] {processor.py:161} INFO - Started process (PID=128) to work on /home/airflow/.local/lib/python3.8/site-packages/airflow/example_dags/example_skip_dag.py
[2024-03-12T19:53:14.827+0000] {processor.py:830} INFO - Processing file /home/airflow/.local/lib/python3.8/site-packages/airflow/example_dags/example_skip_dag.py for tasks to queue
[2024-03-12T19:53:14.839+0000] {logging_mixin.py:188} INFO - [2024-03-12T19:53:14.838+0000] {dagbag.py:540} INFO - Filling up the DagBag from /home/airflow/.local/lib/python3.8/site-packages/airflow/example_dags/example_skip_dag.py
[2024-03-12T19:53:14.923+0000] {processor.py:840} INFO - DAG(s) 'example_skip_dag' retrieved from /home/airflow/.local/lib/python3.8/site-packages/airflow/example_dags/example_skip_dag.py
[2024-03-12T19:53:15.049+0000] {logging_mixin.py:188} INFO - [2024-03-12T19:53:15.049+0000] {dag.py:3047} INFO - Sync 1 DAGs
[2024-03-12T19:53:15.131+0000] {logging_mixin.py:188} INFO - [2024-03-12T19:53:15.131+0000] {dag.py:3834} INFO - Setting next_dagrun for example_skip_dag to 2024-03-11 00:00:00+00:00, run_after=2024-03-12 00:00:00+00:00
[2024-03-12T19:53:15.183+0000] {processor.py:183} INFO - Processing /home/airflow/.local/lib/python3.8/site-packages/airflow/example_dags/example_skip_dag.py took 0.420 seconds
[2024-03-12T19:53:46.104+0000] {processor.py:161} INFO - Started process (PID=185) to work on /home/airflow/.local/lib/python3.8/site-packages/airflow/example_dags/example_skip_dag.py
[2024-03-12T19:53:46.109+0000] {processor.py:830} INFO - Processing file /home/airflow/.local/lib/python3.8/site-packages/airflow/example_dags/example_skip_dag.py for tasks to queue
[2024-03-12T19:53:46.115+0000] {logging_mixin.py:188} INFO - [2024-03-12T19:53:46.114+0000] {dagbag.py:540} INFO - Filling up the DagBag from /home/airflow/.local/lib/python3.8/site-packages/airflow/example_dags/example_skip_dag.py
[2024-03-12T19:53:46.129+0000] {processor.py:840} INFO - DAG(s) 'example_skip_dag' retrieved from /home/airflow/.local/lib/python3.8/site-packages/airflow/example_dags/example_skip_dag.py
[2024-03-12T19:53:46.155+0000] {logging_mixin.py:188} INFO - [2024-03-12T19:53:46.155+0000] {dag.py:3047} INFO - Sync 1 DAGs
[2024-03-12T19:53:46.217+0000] {logging_mixin.py:188} INFO - [2024-03-12T19:53:46.217+0000] {dag.py:3834} INFO - Setting next_dagrun for example_skip_dag to 2024-03-11 00:00:00+00:00, run_after=2024-03-12 00:00:00+00:00
[2024-03-12T19:53:46.280+0000] {processor.py:183} INFO - Processing /home/airflow/.local/lib/python3.8/site-packages/airflow/example_dags/example_skip_dag.py took 0.191 seconds
[2024-03-12T19:54:16.469+0000] {processor.py:161} INFO - Started process (PID=242) to work on /home/airflow/.local/lib/python3.8/site-packages/airflow/example_dags/example_skip_dag.py
[2024-03-12T19:54:16.493+0000] {processor.py:830} INFO - Processing file /home/airflow/.local/lib/python3.8/site-packages/airflow/example_dags/example_skip_dag.py for tasks to queue
[2024-03-12T19:54:16.496+0000] {logging_mixin.py:188} INFO - [2024-03-12T19:54:16.496+0000] {dagbag.py:540} INFO - Filling up the DagBag from /home/airflow/.local/lib/python3.8/site-packages/airflow/example_dags/example_skip_dag.py
[2024-03-12T19:54:16.515+0000] {processor.py:840} INFO - DAG(s) 'example_skip_dag' retrieved from /home/airflow/.local/lib/python3.8/site-packages/airflow/example_dags/example_skip_dag.py
[2024-03-12T19:54:16.770+0000] {logging_mixin.py:188} INFO - [2024-03-12T19:54:16.769+0000] {dag.py:3047} INFO - Sync 1 DAGs
[2024-03-12T19:54:16.837+0000] {logging_mixin.py:188} INFO - [2024-03-12T19:54:16.836+0000] {dag.py:3834} INFO - Setting next_dagrun for example_skip_dag to 2024-03-11 00:00:00+00:00, run_after=2024-03-12 00:00:00+00:00
[2024-03-12T19:54:16.908+0000] {processor.py:183} INFO - Processing /home/airflow/.local/lib/python3.8/site-packages/airflow/example_dags/example_skip_dag.py took 0.444 seconds
[2024-03-12T19:54:46.950+0000] {processor.py:161} INFO - Started process (PID=299) to work on /home/airflow/.local/lib/python3.8/site-packages/airflow/example_dags/example_skip_dag.py
[2024-03-12T19:54:46.954+0000] {processor.py:830} INFO - Processing file /home/airflow/.local/lib/python3.8/site-packages/airflow/example_dags/example_skip_dag.py for tasks to queue
[2024-03-12T19:54:46.958+0000] {logging_mixin.py:188} INFO - [2024-03-12T19:54:46.957+0000] {dagbag.py:540} INFO - Filling up the DagBag from /home/airflow/.local/lib/python3.8/site-packages/airflow/example_dags/example_skip_dag.py
[2024-03-12T19:54:46.974+0000] {processor.py:840} INFO - DAG(s) 'example_skip_dag' retrieved from /home/airflow/.local/lib/python3.8/site-packages/airflow/example_dags/example_skip_dag.py
[2024-03-12T19:54:47.030+0000] {logging_mixin.py:188} INFO - [2024-03-12T19:54:47.029+0000] {dag.py:3047} INFO - Sync 1 DAGs
[2024-03-12T19:54:47.093+0000] {logging_mixin.py:188} INFO - [2024-03-12T19:54:47.092+0000] {dag.py:3834} INFO - Setting next_dagrun for example_skip_dag to 2024-03-11 00:00:00+00:00, run_after=2024-03-12 00:00:00+00:00
[2024-03-12T19:54:47.156+0000] {processor.py:183} INFO - Processing /home/airflow/.local/lib/python3.8/site-packages/airflow/example_dags/example_skip_dag.py took 0.214 seconds
[2024-03-12T19:55:18.020+0000] {processor.py:161} INFO - Started process (PID=356) to work on /home/airflow/.local/lib/python3.8/site-packages/airflow/example_dags/example_skip_dag.py
[2024-03-12T19:55:18.023+0000] {processor.py:830} INFO - Processing file /home/airflow/.local/lib/python3.8/site-packages/airflow/example_dags/example_skip_dag.py for tasks to queue
[2024-03-12T19:55:18.028+0000] {logging_mixin.py:188} INFO - [2024-03-12T19:55:18.027+0000] {dagbag.py:540} INFO - Filling up the DagBag from /home/airflow/.local/lib/python3.8/site-packages/airflow/example_dags/example_skip_dag.py
[2024-03-12T19:55:18.046+0000] {processor.py:840} INFO - DAG(s) 'example_skip_dag' retrieved from /home/airflow/.local/lib/python3.8/site-packages/airflow/example_dags/example_skip_dag.py
[2024-03-12T19:55:18.117+0000] {logging_mixin.py:188} INFO - [2024-03-12T19:55:18.116+0000] {dag.py:3047} INFO - Sync 1 DAGs
[2024-03-12T19:55:18.185+0000] {logging_mixin.py:188} INFO - [2024-03-12T19:55:18.184+0000] {dag.py:3834} INFO - Setting next_dagrun for example_skip_dag to 2024-03-11 00:00:00+00:00, run_after=2024-03-12 00:00:00+00:00
[2024-03-12T19:55:18.237+0000] {processor.py:183} INFO - Processing /home/airflow/.local/lib/python3.8/site-packages/airflow/example_dags/example_skip_dag.py took 0.224 seconds
[2024-03-12T19:55:48.592+0000] {processor.py:161} INFO - Started process (PID=413) to work on /home/airflow/.local/lib/python3.8/site-packages/airflow/example_dags/example_skip_dag.py
[2024-03-12T19:55:48.622+0000] {processor.py:830} INFO - Processing file /home/airflow/.local/lib/python3.8/site-packages/airflow/example_dags/example_skip_dag.py for tasks to queue
[2024-03-12T19:55:48.626+0000] {logging_mixin.py:188} INFO - [2024-03-12T19:55:48.625+0000] {dagbag.py:540} INFO - Filling up the DagBag from /home/airflow/.local/lib/python3.8/site-packages/airflow/example_dags/example_skip_dag.py
[2024-03-12T19:55:48.655+0000] {processor.py:840} INFO - DAG(s) 'example_skip_dag' retrieved from /home/airflow/.local/lib/python3.8/site-packages/airflow/example_dags/example_skip_dag.py
[2024-03-12T19:55:48.752+0000] {logging_mixin.py:188} INFO - [2024-03-12T19:55:48.752+0000] {dag.py:3047} INFO - Sync 1 DAGs
[2024-03-12T19:55:48.812+0000] {logging_mixin.py:188} INFO - [2024-03-12T19:55:48.811+0000] {dag.py:3834} INFO - Setting next_dagrun for example_skip_dag to 2024-03-11 00:00:00+00:00, run_after=2024-03-12 00:00:00+00:00
[2024-03-12T19:55:48.865+0000] {processor.py:183} INFO - Processing /home/airflow/.local/lib/python3.8/site-packages/airflow/example_dags/example_skip_dag.py took 0.288 seconds
[2024-03-12T19:56:19.433+0000] {processor.py:161} INFO - Started process (PID=470) to work on /home/airflow/.local/lib/python3.8/site-packages/airflow/example_dags/example_skip_dag.py
[2024-03-12T19:56:19.461+0000] {processor.py:830} INFO - Processing file /home/airflow/.local/lib/python3.8/site-packages/airflow/example_dags/example_skip_dag.py for tasks to queue
[2024-03-12T19:56:19.465+0000] {logging_mixin.py:188} INFO - [2024-03-12T19:56:19.464+0000] {dagbag.py:540} INFO - Filling up the DagBag from /home/airflow/.local/lib/python3.8/site-packages/airflow/example_dags/example_skip_dag.py
[2024-03-12T19:56:19.476+0000] {processor.py:840} INFO - DAG(s) 'example_skip_dag' retrieved from /home/airflow/.local/lib/python3.8/site-packages/airflow/example_dags/example_skip_dag.py
[2024-03-12T19:56:19.523+0000] {logging_mixin.py:188} INFO - [2024-03-12T19:56:19.523+0000] {dag.py:3047} INFO - Sync 1 DAGs
[2024-03-12T19:56:19.585+0000] {logging_mixin.py:188} INFO - [2024-03-12T19:56:19.584+0000] {dag.py:3834} INFO - Setting next_dagrun for example_skip_dag to 2024-03-11 00:00:00+00:00, run_after=2024-03-12 00:00:00+00:00
[2024-03-12T19:56:19.639+0000] {processor.py:183} INFO - Processing /home/airflow/.local/lib/python3.8/site-packages/airflow/example_dags/example_skip_dag.py took 0.214 seconds
[2024-03-12T19:56:50.453+0000] {processor.py:161} INFO - Started process (PID=527) to work on /home/airflow/.local/lib/python3.8/site-packages/airflow/example_dags/example_skip_dag.py
[2024-03-12T19:56:50.479+0000] {processor.py:830} INFO - Processing file /home/airflow/.local/lib/python3.8/site-packages/airflow/example_dags/example_skip_dag.py for tasks to queue
[2024-03-12T19:56:50.483+0000] {logging_mixin.py:188} INFO - [2024-03-12T19:56:50.482+0000] {dagbag.py:540} INFO - Filling up the DagBag from /home/airflow/.local/lib/python3.8/site-packages/airflow/example_dags/example_skip_dag.py
[2024-03-12T19:56:50.506+0000] {processor.py:840} INFO - DAG(s) 'example_skip_dag' retrieved from /home/airflow/.local/lib/python3.8/site-packages/airflow/example_dags/example_skip_dag.py
[2024-03-12T19:56:50.562+0000] {logging_mixin.py:188} INFO - [2024-03-12T19:56:50.562+0000] {dag.py:3047} INFO - Sync 1 DAGs
[2024-03-12T19:56:50.625+0000] {logging_mixin.py:188} INFO - [2024-03-12T19:56:50.625+0000] {dag.py:3834} INFO - Setting next_dagrun for example_skip_dag to 2024-03-11 00:00:00+00:00, run_after=2024-03-12 00:00:00+00:00
[2024-03-12T19:56:50.671+0000] {processor.py:183} INFO - Processing /home/airflow/.local/lib/python3.8/site-packages/airflow/example_dags/example_skip_dag.py took 0.227 seconds
[2024-03-12T19:57:20.869+0000] {processor.py:161} INFO - Started process (PID=584) to work on /home/airflow/.local/lib/python3.8/site-packages/airflow/example_dags/example_skip_dag.py
[2024-03-12T19:57:20.881+0000] {processor.py:830} INFO - Processing file /home/airflow/.local/lib/python3.8/site-packages/airflow/example_dags/example_skip_dag.py for tasks to queue
[2024-03-12T19:57:20.901+0000] {logging_mixin.py:188} INFO - [2024-03-12T19:57:20.898+0000] {dagbag.py:540} INFO - Filling up the DagBag from /home/airflow/.local/lib/python3.8/site-packages/airflow/example_dags/example_skip_dag.py
[2024-03-12T19:57:20.967+0000] {processor.py:840} INFO - DAG(s) 'example_skip_dag' retrieved from /home/airflow/.local/lib/python3.8/site-packages/airflow/example_dags/example_skip_dag.py
[2024-03-12T19:57:21.148+0000] {logging_mixin.py:188} INFO - [2024-03-12T19:57:21.147+0000] {dag.py:3047} INFO - Sync 1 DAGs
