[2024-03-12T19:52:46.679+0000] {processor.py:161} INFO - Started process (PID=81) to work on /home/airflow/.local/lib/python3.8/site-packages/airflow/example_dags/example_sensors.py
[2024-03-12T19:52:46.680+0000] {processor.py:830} INFO - Processing file /home/airflow/.local/lib/python3.8/site-packages/airflow/example_dags/example_sensors.py for tasks to queue
[2024-03-12T19:52:46.683+0000] {logging_mixin.py:188} INFO - [2024-03-12T19:52:46.682+0000] {dagbag.py:540} INFO - Filling up the DagBag from /home/airflow/.local/lib/python3.8/site-packages/airflow/example_dags/example_sensors.py
[2024-03-12T19:52:46.696+0000] {processor.py:840} INFO - DAG(s) 'example_sensors' retrieved from /home/airflow/.local/lib/python3.8/site-packages/airflow/example_dags/example_sensors.py
[2024-03-12T19:52:46.734+0000] {logging_mixin.py:188} INFO - [2024-03-12T19:52:46.734+0000] {dag.py:3047} INFO - Sync 1 DAGs
[2024-03-12T19:52:46.753+0000] {logging_mixin.py:188} INFO - [2024-03-12T19:52:46.752+0000] {dag.py:3834} INFO - Setting next_dagrun for example_sensors to None, run_after=None
[2024-03-12T19:52:46.787+0000] {processor.py:183} INFO - Processing /home/airflow/.local/lib/python3.8/site-packages/airflow/example_dags/example_sensors.py took 0.113 seconds
[2024-03-12T19:53:17.411+0000] {processor.py:161} INFO - Started process (PID=138) to work on /home/airflow/.local/lib/python3.8/site-packages/airflow/example_dags/example_sensors.py
[2024-03-12T19:53:17.413+0000] {processor.py:830} INFO - Processing file /home/airflow/.local/lib/python3.8/site-packages/airflow/example_dags/example_sensors.py for tasks to queue
[2024-03-12T19:53:17.416+0000] {logging_mixin.py:188} INFO - [2024-03-12T19:53:17.415+0000] {dagbag.py:540} INFO - Filling up the DagBag from /home/airflow/.local/lib/python3.8/site-packages/airflow/example_dags/example_sensors.py
[2024-03-12T19:53:17.428+0000] {processor.py:840} INFO - DAG(s) 'example_sensors' retrieved from /home/airflow/.local/lib/python3.8/site-packages/airflow/example_dags/example_sensors.py
[2024-03-12T19:53:17.472+0000] {logging_mixin.py:188} INFO - [2024-03-12T19:53:17.471+0000] {dag.py:3047} INFO - Sync 1 DAGs
[2024-03-12T19:53:17.496+0000] {logging_mixin.py:188} INFO - [2024-03-12T19:53:17.496+0000] {dag.py:3834} INFO - Setting next_dagrun for example_sensors to None, run_after=None
[2024-03-12T19:53:17.538+0000] {processor.py:183} INFO - Processing /home/airflow/.local/lib/python3.8/site-packages/airflow/example_dags/example_sensors.py took 0.132 seconds
[2024-03-12T19:53:48.160+0000] {processor.py:161} INFO - Started process (PID=195) to work on /home/airflow/.local/lib/python3.8/site-packages/airflow/example_dags/example_sensors.py
[2024-03-12T19:53:48.162+0000] {processor.py:830} INFO - Processing file /home/airflow/.local/lib/python3.8/site-packages/airflow/example_dags/example_sensors.py for tasks to queue
[2024-03-12T19:53:48.166+0000] {logging_mixin.py:188} INFO - [2024-03-12T19:53:48.164+0000] {dagbag.py:540} INFO - Filling up the DagBag from /home/airflow/.local/lib/python3.8/site-packages/airflow/example_dags/example_sensors.py
[2024-03-12T19:53:48.181+0000] {processor.py:840} INFO - DAG(s) 'example_sensors' retrieved from /home/airflow/.local/lib/python3.8/site-packages/airflow/example_dags/example_sensors.py
[2024-03-12T19:53:48.199+0000] {logging_mixin.py:188} INFO - [2024-03-12T19:53:48.199+0000] {dag.py:3047} INFO - Sync 1 DAGs
[2024-03-12T19:53:48.223+0000] {logging_mixin.py:188} INFO - [2024-03-12T19:53:48.222+0000] {dag.py:3834} INFO - Setting next_dagrun for example_sensors to None, run_after=None
[2024-03-12T19:53:48.259+0000] {processor.py:183} INFO - Processing /home/airflow/.local/lib/python3.8/site-packages/airflow/example_dags/example_sensors.py took 0.103 seconds
[2024-03-12T19:54:18.811+0000] {processor.py:161} INFO - Started process (PID=252) to work on /home/airflow/.local/lib/python3.8/site-packages/airflow/example_dags/example_sensors.py
[2024-03-12T19:54:18.813+0000] {processor.py:830} INFO - Processing file /home/airflow/.local/lib/python3.8/site-packages/airflow/example_dags/example_sensors.py for tasks to queue
[2024-03-12T19:54:18.815+0000] {logging_mixin.py:188} INFO - [2024-03-12T19:54:18.815+0000] {dagbag.py:540} INFO - Filling up the DagBag from /home/airflow/.local/lib/python3.8/site-packages/airflow/example_dags/example_sensors.py
[2024-03-12T19:54:18.827+0000] {processor.py:840} INFO - DAG(s) 'example_sensors' retrieved from /home/airflow/.local/lib/python3.8/site-packages/airflow/example_dags/example_sensors.py
[2024-03-12T19:54:19.050+0000] {logging_mixin.py:188} INFO - [2024-03-12T19:54:19.050+0000] {dag.py:3047} INFO - Sync 1 DAGs
[2024-03-12T19:54:19.065+0000] {logging_mixin.py:188} INFO - [2024-03-12T19:54:19.065+0000] {dag.py:3834} INFO - Setting next_dagrun for example_sensors to None, run_after=None
[2024-03-12T19:54:19.100+0000] {processor.py:183} INFO - Processing /home/airflow/.local/lib/python3.8/site-packages/airflow/example_dags/example_sensors.py took 0.293 seconds
[2024-03-12T19:54:49.289+0000] {processor.py:161} INFO - Started process (PID=309) to work on /home/airflow/.local/lib/python3.8/site-packages/airflow/example_dags/example_sensors.py
[2024-03-12T19:54:49.291+0000] {processor.py:830} INFO - Processing file /home/airflow/.local/lib/python3.8/site-packages/airflow/example_dags/example_sensors.py for tasks to queue
[2024-03-12T19:54:49.294+0000] {logging_mixin.py:188} INFO - [2024-03-12T19:54:49.294+0000] {dagbag.py:540} INFO - Filling up the DagBag from /home/airflow/.local/lib/python3.8/site-packages/airflow/example_dags/example_sensors.py
[2024-03-12T19:54:49.307+0000] {processor.py:840} INFO - DAG(s) 'example_sensors' retrieved from /home/airflow/.local/lib/python3.8/site-packages/airflow/example_dags/example_sensors.py
[2024-03-12T19:54:49.350+0000] {logging_mixin.py:188} INFO - [2024-03-12T19:54:49.349+0000] {dag.py:3047} INFO - Sync 1 DAGs
[2024-03-12T19:54:49.371+0000] {logging_mixin.py:188} INFO - [2024-03-12T19:54:49.370+0000] {dag.py:3834} INFO - Setting next_dagrun for example_sensors to None, run_after=None
[2024-03-12T19:54:49.408+0000] {processor.py:183} INFO - Processing /home/airflow/.local/lib/python3.8/site-packages/airflow/example_dags/example_sensors.py took 0.123 seconds
[2024-03-12T19:55:20.058+0000] {processor.py:161} INFO - Started process (PID=366) to work on /home/airflow/.local/lib/python3.8/site-packages/airflow/example_dags/example_sensors.py
[2024-03-12T19:55:20.061+0000] {processor.py:830} INFO - Processing file /home/airflow/.local/lib/python3.8/site-packages/airflow/example_dags/example_sensors.py for tasks to queue
[2024-03-12T19:55:20.064+0000] {logging_mixin.py:188} INFO - [2024-03-12T19:55:20.063+0000] {dagbag.py:540} INFO - Filling up the DagBag from /home/airflow/.local/lib/python3.8/site-packages/airflow/example_dags/example_sensors.py
[2024-03-12T19:55:20.082+0000] {processor.py:840} INFO - DAG(s) 'example_sensors' retrieved from /home/airflow/.local/lib/python3.8/site-packages/airflow/example_dags/example_sensors.py
[2024-03-12T19:55:20.139+0000] {logging_mixin.py:188} INFO - [2024-03-12T19:55:20.138+0000] {dag.py:3047} INFO - Sync 1 DAGs
[2024-03-12T19:55:20.167+0000] {logging_mixin.py:188} INFO - [2024-03-12T19:55:20.166+0000] {dag.py:3834} INFO - Setting next_dagrun for example_sensors to None, run_after=None
[2024-03-12T19:55:20.211+0000] {processor.py:183} INFO - Processing /home/airflow/.local/lib/python3.8/site-packages/airflow/example_dags/example_sensors.py took 0.159 seconds
[2024-03-12T19:55:50.790+0000] {processor.py:161} INFO - Started process (PID=423) to work on /home/airflow/.local/lib/python3.8/site-packages/airflow/example_dags/example_sensors.py
[2024-03-12T19:55:50.792+0000] {processor.py:830} INFO - Processing file /home/airflow/.local/lib/python3.8/site-packages/airflow/example_dags/example_sensors.py for tasks to queue
[2024-03-12T19:55:50.795+0000] {logging_mixin.py:188} INFO - [2024-03-12T19:55:50.794+0000] {dagbag.py:540} INFO - Filling up the DagBag from /home/airflow/.local/lib/python3.8/site-packages/airflow/example_dags/example_sensors.py
[2024-03-12T19:55:50.810+0000] {processor.py:840} INFO - DAG(s) 'example_sensors' retrieved from /home/airflow/.local/lib/python3.8/site-packages/airflow/example_dags/example_sensors.py
[2024-03-12T19:55:50.859+0000] {logging_mixin.py:188} INFO - [2024-03-12T19:55:50.859+0000] {dag.py:3047} INFO - Sync 1 DAGs
[2024-03-12T19:55:50.881+0000] {logging_mixin.py:188} INFO - [2024-03-12T19:55:50.881+0000] {dag.py:3834} INFO - Setting next_dagrun for example_sensors to None, run_after=None
[2024-03-12T19:55:50.925+0000] {processor.py:183} INFO - Processing /home/airflow/.local/lib/python3.8/site-packages/airflow/example_dags/example_sensors.py took 0.140 seconds
[2024-03-12T19:56:21.672+0000] {processor.py:161} INFO - Started process (PID=480) to work on /home/airflow/.local/lib/python3.8/site-packages/airflow/example_dags/example_sensors.py
[2024-03-12T19:56:21.675+0000] {processor.py:830} INFO - Processing file /home/airflow/.local/lib/python3.8/site-packages/airflow/example_dags/example_sensors.py for tasks to queue
[2024-03-12T19:56:21.679+0000] {logging_mixin.py:188} INFO - [2024-03-12T19:56:21.678+0000] {dagbag.py:540} INFO - Filling up the DagBag from /home/airflow/.local/lib/python3.8/site-packages/airflow/example_dags/example_sensors.py
[2024-03-12T19:56:21.694+0000] {processor.py:840} INFO - DAG(s) 'example_sensors' retrieved from /home/airflow/.local/lib/python3.8/site-packages/airflow/example_dags/example_sensors.py
[2024-03-12T19:56:21.730+0000] {logging_mixin.py:188} INFO - [2024-03-12T19:56:21.729+0000] {dag.py:3047} INFO - Sync 1 DAGs
[2024-03-12T19:56:21.747+0000] {logging_mixin.py:188} INFO - [2024-03-12T19:56:21.747+0000] {dag.py:3834} INFO - Setting next_dagrun for example_sensors to None, run_after=None
[2024-03-12T19:56:21.782+0000] {processor.py:183} INFO - Processing /home/airflow/.local/lib/python3.8/site-packages/airflow/example_dags/example_sensors.py took 0.114 seconds
[2024-03-12T19:56:52.322+0000] {processor.py:161} INFO - Started process (PID=537) to work on /home/airflow/.local/lib/python3.8/site-packages/airflow/example_dags/example_sensors.py
[2024-03-12T19:56:52.323+0000] {processor.py:830} INFO - Processing file /home/airflow/.local/lib/python3.8/site-packages/airflow/example_dags/example_sensors.py for tasks to queue
[2024-03-12T19:56:52.327+0000] {logging_mixin.py:188} INFO - [2024-03-12T19:56:52.326+0000] {dagbag.py:540} INFO - Filling up the DagBag from /home/airflow/.local/lib/python3.8/site-packages/airflow/example_dags/example_sensors.py
[2024-03-12T19:56:52.341+0000] {processor.py:840} INFO - DAG(s) 'example_sensors' retrieved from /home/airflow/.local/lib/python3.8/site-packages/airflow/example_dags/example_sensors.py
[2024-03-12T19:56:52.385+0000] {logging_mixin.py:188} INFO - [2024-03-12T19:56:52.384+0000] {dag.py:3047} INFO - Sync 1 DAGs
[2024-03-12T19:56:52.405+0000] {logging_mixin.py:188} INFO - [2024-03-12T19:56:52.404+0000] {dag.py:3834} INFO - Setting next_dagrun for example_sensors to None, run_after=None
[2024-03-12T19:56:52.440+0000] {processor.py:183} INFO - Processing /home/airflow/.local/lib/python3.8/site-packages/airflow/example_dags/example_sensors.py took 0.122 seconds
