[2024-03-12T19:52:38.898+0000] {processor.py:161} INFO - Started process (PID=60) to work on /home/airflow/.local/lib/python3.8/site-packages/airflow/example_dags/example_xcom.py
[2024-03-12T19:52:38.900+0000] {processor.py:830} INFO - Processing file /home/airflow/.local/lib/python3.8/site-packages/airflow/example_dags/example_xcom.py for tasks to queue
[2024-03-12T19:52:38.903+0000] {logging_mixin.py:188} INFO - [2024-03-12T19:52:38.902+0000] {dagbag.py:540} INFO - Filling up the DagBag from /home/airflow/.local/lib/python3.8/site-packages/airflow/example_dags/example_xcom.py
[2024-03-12T19:52:38.924+0000] {processor.py:840} INFO - DAG(s) 'example_xcom' retrieved from /home/airflow/.local/lib/python3.8/site-packages/airflow/example_dags/example_xcom.py
[2024-03-12T19:52:38.994+0000] {logging_mixin.py:188} INFO - [2024-03-12T19:52:38.993+0000] {dag.py:3047} INFO - Sync 1 DAGs
[2024-03-12T19:52:39.066+0000] {logging_mixin.py:188} INFO - [2024-03-12T19:52:39.066+0000] {dag.py:3834} INFO - Setting next_dagrun for example_xcom to 2021-01-01 00:00:00+00:00, run_after=2021-01-01 00:00:00+00:00
[2024-03-12T19:52:39.139+0000] {processor.py:183} INFO - Processing /home/airflow/.local/lib/python3.8/site-packages/airflow/example_dags/example_xcom.py took 0.249 seconds
[2024-03-12T19:53:09.464+0000] {processor.py:161} INFO - Started process (PID=117) to work on /home/airflow/.local/lib/python3.8/site-packages/airflow/example_dags/example_xcom.py
[2024-03-12T19:53:09.466+0000] {processor.py:830} INFO - Processing file /home/airflow/.local/lib/python3.8/site-packages/airflow/example_dags/example_xcom.py for tasks to queue
[2024-03-12T19:53:09.469+0000] {logging_mixin.py:188} INFO - [2024-03-12T19:53:09.469+0000] {dagbag.py:540} INFO - Filling up the DagBag from /home/airflow/.local/lib/python3.8/site-packages/airflow/example_dags/example_xcom.py
[2024-03-12T19:53:09.479+0000] {processor.py:840} INFO - DAG(s) 'example_xcom' retrieved from /home/airflow/.local/lib/python3.8/site-packages/airflow/example_dags/example_xcom.py
[2024-03-12T19:53:09.511+0000] {logging_mixin.py:188} INFO - [2024-03-12T19:53:09.511+0000] {dag.py:3047} INFO - Sync 1 DAGs
[2024-03-12T19:53:09.546+0000] {logging_mixin.py:188} INFO - [2024-03-12T19:53:09.545+0000] {dag.py:3834} INFO - Setting next_dagrun for example_xcom to 2021-01-01 00:00:00+00:00, run_after=2021-01-01 00:00:00+00:00
[2024-03-12T19:53:09.580+0000] {processor.py:183} INFO - Processing /home/airflow/.local/lib/python3.8/site-packages/airflow/example_dags/example_xcom.py took 0.121 seconds
[2024-03-12T19:53:40.147+0000] {processor.py:161} INFO - Started process (PID=174) to work on /home/airflow/.local/lib/python3.8/site-packages/airflow/example_dags/example_xcom.py
[2024-03-12T19:53:40.148+0000] {processor.py:830} INFO - Processing file /home/airflow/.local/lib/python3.8/site-packages/airflow/example_dags/example_xcom.py for tasks to queue
[2024-03-12T19:53:40.150+0000] {logging_mixin.py:188} INFO - [2024-03-12T19:53:40.150+0000] {dagbag.py:540} INFO - Filling up the DagBag from /home/airflow/.local/lib/python3.8/site-packages/airflow/example_dags/example_xcom.py
[2024-03-12T19:53:40.157+0000] {processor.py:840} INFO - DAG(s) 'example_xcom' retrieved from /home/airflow/.local/lib/python3.8/site-packages/airflow/example_dags/example_xcom.py
[2024-03-12T19:53:40.171+0000] {logging_mixin.py:188} INFO - [2024-03-12T19:53:40.171+0000] {dag.py:3047} INFO - Sync 1 DAGs
[2024-03-12T19:53:40.200+0000] {logging_mixin.py:188} INFO - [2024-03-12T19:53:40.199+0000] {dag.py:3834} INFO - Setting next_dagrun for example_xcom to 2021-01-01 00:00:00+00:00, run_after=2021-01-01 00:00:00+00:00
[2024-03-12T19:53:40.230+0000] {processor.py:183} INFO - Processing /home/airflow/.local/lib/python3.8/site-packages/airflow/example_dags/example_xcom.py took 0.086 seconds
[2024-03-12T19:54:11.074+0000] {processor.py:161} INFO - Started process (PID=231) to work on /home/airflow/.local/lib/python3.8/site-packages/airflow/example_dags/example_xcom.py
[2024-03-12T19:54:11.076+0000] {processor.py:830} INFO - Processing file /home/airflow/.local/lib/python3.8/site-packages/airflow/example_dags/example_xcom.py for tasks to queue
[2024-03-12T19:54:11.080+0000] {logging_mixin.py:188} INFO - [2024-03-12T19:54:11.079+0000] {dagbag.py:540} INFO - Filling up the DagBag from /home/airflow/.local/lib/python3.8/site-packages/airflow/example_dags/example_xcom.py
[2024-03-12T19:54:11.090+0000] {processor.py:840} INFO - DAG(s) 'example_xcom' retrieved from /home/airflow/.local/lib/python3.8/site-packages/airflow/example_dags/example_xcom.py
[2024-03-12T19:54:11.335+0000] {logging_mixin.py:188} INFO - [2024-03-12T19:54:11.335+0000] {dag.py:3047} INFO - Sync 1 DAGs
[2024-03-12T19:54:11.371+0000] {logging_mixin.py:188} INFO - [2024-03-12T19:54:11.371+0000] {dag.py:3834} INFO - Setting next_dagrun for example_xcom to 2021-01-01 00:00:00+00:00, run_after=2021-01-01 00:00:00+00:00
[2024-03-12T19:54:11.424+0000] {processor.py:183} INFO - Processing /home/airflow/.local/lib/python3.8/site-packages/airflow/example_dags/example_xcom.py took 0.354 seconds
[2024-03-12T19:54:41.480+0000] {processor.py:161} INFO - Started process (PID=288) to work on /home/airflow/.local/lib/python3.8/site-packages/airflow/example_dags/example_xcom.py
[2024-03-12T19:54:41.482+0000] {processor.py:830} INFO - Processing file /home/airflow/.local/lib/python3.8/site-packages/airflow/example_dags/example_xcom.py for tasks to queue
[2024-03-12T19:54:41.486+0000] {logging_mixin.py:188} INFO - [2024-03-12T19:54:41.485+0000] {dagbag.py:540} INFO - Filling up the DagBag from /home/airflow/.local/lib/python3.8/site-packages/airflow/example_dags/example_xcom.py
[2024-03-12T19:54:41.510+0000] {processor.py:840} INFO - DAG(s) 'example_xcom' retrieved from /home/airflow/.local/lib/python3.8/site-packages/airflow/example_dags/example_xcom.py
[2024-03-12T19:54:41.566+0000] {logging_mixin.py:188} INFO - [2024-03-12T19:54:41.565+0000] {dag.py:3047} INFO - Sync 1 DAGs
[2024-03-12T19:54:41.605+0000] {logging_mixin.py:188} INFO - [2024-03-12T19:54:41.604+0000] {dag.py:3834} INFO - Setting next_dagrun for example_xcom to 2021-01-01 00:00:00+00:00, run_after=2021-01-01 00:00:00+00:00
[2024-03-12T19:54:41.649+0000] {processor.py:183} INFO - Processing /home/airflow/.local/lib/python3.8/site-packages/airflow/example_dags/example_xcom.py took 0.178 seconds
[2024-03-12T19:55:11.972+0000] {processor.py:161} INFO - Started process (PID=345) to work on /home/airflow/.local/lib/python3.8/site-packages/airflow/example_dags/example_xcom.py
[2024-03-12T19:55:11.974+0000] {processor.py:830} INFO - Processing file /home/airflow/.local/lib/python3.8/site-packages/airflow/example_dags/example_xcom.py for tasks to queue
[2024-03-12T19:55:11.977+0000] {logging_mixin.py:188} INFO - [2024-03-12T19:55:11.977+0000] {dagbag.py:540} INFO - Filling up the DagBag from /home/airflow/.local/lib/python3.8/site-packages/airflow/example_dags/example_xcom.py
[2024-03-12T19:55:11.989+0000] {processor.py:840} INFO - DAG(s) 'example_xcom' retrieved from /home/airflow/.local/lib/python3.8/site-packages/airflow/example_dags/example_xcom.py
[2024-03-12T19:55:12.026+0000] {logging_mixin.py:188} INFO - [2024-03-12T19:55:12.026+0000] {dag.py:3047} INFO - Sync 1 DAGs
[2024-03-12T19:55:12.072+0000] {logging_mixin.py:188} INFO - [2024-03-12T19:55:12.072+0000] {dag.py:3834} INFO - Setting next_dagrun for example_xcom to 2021-01-01 00:00:00+00:00, run_after=2021-01-01 00:00:00+00:00
[2024-03-12T19:55:12.151+0000] {processor.py:183} INFO - Processing /home/airflow/.local/lib/python3.8/site-packages/airflow/example_dags/example_xcom.py took 0.184 seconds
[2024-03-12T19:55:42.605+0000] {processor.py:161} INFO - Started process (PID=402) to work on /home/airflow/.local/lib/python3.8/site-packages/airflow/example_dags/example_xcom.py
[2024-03-12T19:55:42.607+0000] {processor.py:830} INFO - Processing file /home/airflow/.local/lib/python3.8/site-packages/airflow/example_dags/example_xcom.py for tasks to queue
[2024-03-12T19:55:42.610+0000] {logging_mixin.py:188} INFO - [2024-03-12T19:55:42.609+0000] {dagbag.py:540} INFO - Filling up the DagBag from /home/airflow/.local/lib/python3.8/site-packages/airflow/example_dags/example_xcom.py
[2024-03-12T19:55:42.621+0000] {processor.py:840} INFO - DAG(s) 'example_xcom' retrieved from /home/airflow/.local/lib/python3.8/site-packages/airflow/example_dags/example_xcom.py
[2024-03-12T19:55:42.652+0000] {logging_mixin.py:188} INFO - [2024-03-12T19:55:42.652+0000] {dag.py:3047} INFO - Sync 1 DAGs
[2024-03-12T19:55:42.684+0000] {logging_mixin.py:188} INFO - [2024-03-12T19:55:42.684+0000] {dag.py:3834} INFO - Setting next_dagrun for example_xcom to 2021-01-01 00:00:00+00:00, run_after=2021-01-01 00:00:00+00:00
[2024-03-12T19:55:42.720+0000] {processor.py:183} INFO - Processing /home/airflow/.local/lib/python3.8/site-packages/airflow/example_dags/example_xcom.py took 0.119 seconds
[2024-03-12T19:56:13.392+0000] {processor.py:161} INFO - Started process (PID=459) to work on /home/airflow/.local/lib/python3.8/site-packages/airflow/example_dags/example_xcom.py
[2024-03-12T19:56:13.394+0000] {processor.py:830} INFO - Processing file /home/airflow/.local/lib/python3.8/site-packages/airflow/example_dags/example_xcom.py for tasks to queue
[2024-03-12T19:56:13.396+0000] {logging_mixin.py:188} INFO - [2024-03-12T19:56:13.396+0000] {dagbag.py:540} INFO - Filling up the DagBag from /home/airflow/.local/lib/python3.8/site-packages/airflow/example_dags/example_xcom.py
[2024-03-12T19:56:13.408+0000] {processor.py:840} INFO - DAG(s) 'example_xcom' retrieved from /home/airflow/.local/lib/python3.8/site-packages/airflow/example_dags/example_xcom.py
[2024-03-12T19:56:13.447+0000] {logging_mixin.py:188} INFO - [2024-03-12T19:56:13.446+0000] {dag.py:3047} INFO - Sync 1 DAGs
[2024-03-12T19:56:13.484+0000] {logging_mixin.py:188} INFO - [2024-03-12T19:56:13.483+0000] {dag.py:3834} INFO - Setting next_dagrun for example_xcom to 2021-01-01 00:00:00+00:00, run_after=2021-01-01 00:00:00+00:00
[2024-03-12T19:56:13.527+0000] {processor.py:183} INFO - Processing /home/airflow/.local/lib/python3.8/site-packages/airflow/example_dags/example_xcom.py took 0.140 seconds
[2024-03-12T19:56:44.448+0000] {processor.py:161} INFO - Started process (PID=516) to work on /home/airflow/.local/lib/python3.8/site-packages/airflow/example_dags/example_xcom.py
[2024-03-12T19:56:44.449+0000] {processor.py:830} INFO - Processing file /home/airflow/.local/lib/python3.8/site-packages/airflow/example_dags/example_xcom.py for tasks to queue
[2024-03-12T19:56:44.452+0000] {logging_mixin.py:188} INFO - [2024-03-12T19:56:44.451+0000] {dagbag.py:540} INFO - Filling up the DagBag from /home/airflow/.local/lib/python3.8/site-packages/airflow/example_dags/example_xcom.py
[2024-03-12T19:56:44.464+0000] {processor.py:840} INFO - DAG(s) 'example_xcom' retrieved from /home/airflow/.local/lib/python3.8/site-packages/airflow/example_dags/example_xcom.py
[2024-03-12T19:56:44.497+0000] {logging_mixin.py:188} INFO - [2024-03-12T19:56:44.496+0000] {dag.py:3047} INFO - Sync 1 DAGs
[2024-03-12T19:56:44.530+0000] {logging_mixin.py:188} INFO - [2024-03-12T19:56:44.530+0000] {dag.py:3834} INFO - Setting next_dagrun for example_xcom to 2021-01-01 00:00:00+00:00, run_after=2021-01-01 00:00:00+00:00
[2024-03-12T19:56:44.565+0000] {processor.py:183} INFO - Processing /home/airflow/.local/lib/python3.8/site-packages/airflow/example_dags/example_xcom.py took 0.121 seconds
[2024-03-12T19:57:15.531+0000] {processor.py:161} INFO - Started process (PID=573) to work on /home/airflow/.local/lib/python3.8/site-packages/airflow/example_dags/example_xcom.py
[2024-03-12T19:57:15.534+0000] {processor.py:830} INFO - Processing file /home/airflow/.local/lib/python3.8/site-packages/airflow/example_dags/example_xcom.py for tasks to queue
[2024-03-12T19:57:15.537+0000] {logging_mixin.py:188} INFO - [2024-03-12T19:57:15.536+0000] {dagbag.py:540} INFO - Filling up the DagBag from /home/airflow/.local/lib/python3.8/site-packages/airflow/example_dags/example_xcom.py
[2024-03-12T19:57:15.548+0000] {processor.py:840} INFO - DAG(s) 'example_xcom' retrieved from /home/airflow/.local/lib/python3.8/site-packages/airflow/example_dags/example_xcom.py
[2024-03-12T19:57:15.585+0000] {logging_mixin.py:188} INFO - [2024-03-12T19:57:15.585+0000] {dag.py:3047} INFO - Sync 1 DAGs
[2024-03-12T19:57:15.628+0000] {logging_mixin.py:188} INFO - [2024-03-12T19:57:15.627+0000] {dag.py:3834} INFO - Setting next_dagrun for example_xcom to 2021-01-01 00:00:00+00:00, run_after=2021-01-01 00:00:00+00:00
[2024-03-12T19:57:15.687+0000] {processor.py:183} INFO - Processing /home/airflow/.local/lib/python3.8/site-packages/airflow/example_dags/example_xcom.py took 0.161 seconds
