[2024-03-12T19:52:36.688+0000] {processor.py:161} INFO - Started process (PID=51) to work on /home/airflow/.local/lib/python3.8/site-packages/airflow/example_dags/example_setup_teardown.py
[2024-03-12T19:52:36.694+0000] {processor.py:830} INFO - Processing file /home/airflow/.local/lib/python3.8/site-packages/airflow/example_dags/example_setup_teardown.py for tasks to queue
[2024-03-12T19:52:36.697+0000] {logging_mixin.py:188} INFO - [2024-03-12T19:52:36.697+0000] {dagbag.py:540} INFO - Filling up the DagBag from /home/airflow/.local/lib/python3.8/site-packages/airflow/example_dags/example_setup_teardown.py
[2024-03-12T19:52:36.737+0000] {processor.py:840} INFO - DAG(s) 'example_setup_teardown' retrieved from /home/airflow/.local/lib/python3.8/site-packages/airflow/example_dags/example_setup_teardown.py
[2024-03-12T19:52:36.860+0000] {logging_mixin.py:188} INFO - [2024-03-12T19:52:36.859+0000] {dag.py:3047} INFO - Sync 1 DAGs
[2024-03-12T19:52:36.961+0000] {logging_mixin.py:188} INFO - [2024-03-12T19:52:36.961+0000] {dag.py:3834} INFO - Setting next_dagrun for example_setup_teardown to 2024-03-11 00:00:00+00:00, run_after=2024-03-12 00:00:00+00:00
[2024-03-12T19:52:37.027+0000] {processor.py:183} INFO - Processing /home/airflow/.local/lib/python3.8/site-packages/airflow/example_dags/example_setup_teardown.py took 0.402 seconds
[2024-03-12T19:53:07.230+0000] {processor.py:161} INFO - Started process (PID=107) to work on /home/airflow/.local/lib/python3.8/site-packages/airflow/example_dags/example_setup_teardown.py
[2024-03-12T19:53:07.231+0000] {processor.py:830} INFO - Processing file /home/airflow/.local/lib/python3.8/site-packages/airflow/example_dags/example_setup_teardown.py for tasks to queue
[2024-03-12T19:53:07.233+0000] {logging_mixin.py:188} INFO - [2024-03-12T19:53:07.233+0000] {dagbag.py:540} INFO - Filling up the DagBag from /home/airflow/.local/lib/python3.8/site-packages/airflow/example_dags/example_setup_teardown.py
[2024-03-12T19:53:07.243+0000] {processor.py:840} INFO - DAG(s) 'example_setup_teardown' retrieved from /home/airflow/.local/lib/python3.8/site-packages/airflow/example_dags/example_setup_teardown.py
[2024-03-12T19:53:07.276+0000] {logging_mixin.py:188} INFO - [2024-03-12T19:53:07.275+0000] {dag.py:3047} INFO - Sync 1 DAGs
[2024-03-12T19:53:07.320+0000] {logging_mixin.py:188} INFO - [2024-03-12T19:53:07.320+0000] {dag.py:3834} INFO - Setting next_dagrun for example_setup_teardown to 2024-03-11 00:00:00+00:00, run_after=2024-03-12 00:00:00+00:00
[2024-03-12T19:53:07.356+0000] {processor.py:183} INFO - Processing /home/airflow/.local/lib/python3.8/site-packages/airflow/example_dags/example_setup_teardown.py took 0.130 seconds
[2024-03-12T19:53:37.874+0000] {processor.py:161} INFO - Started process (PID=164) to work on /home/airflow/.local/lib/python3.8/site-packages/airflow/example_dags/example_setup_teardown.py
[2024-03-12T19:53:37.876+0000] {processor.py:830} INFO - Processing file /home/airflow/.local/lib/python3.8/site-packages/airflow/example_dags/example_setup_teardown.py for tasks to queue
[2024-03-12T19:53:37.879+0000] {logging_mixin.py:188} INFO - [2024-03-12T19:53:37.879+0000] {dagbag.py:540} INFO - Filling up the DagBag from /home/airflow/.local/lib/python3.8/site-packages/airflow/example_dags/example_setup_teardown.py
[2024-03-12T19:53:37.888+0000] {processor.py:840} INFO - DAG(s) 'example_setup_teardown' retrieved from /home/airflow/.local/lib/python3.8/site-packages/airflow/example_dags/example_setup_teardown.py
[2024-03-12T19:53:37.905+0000] {logging_mixin.py:188} INFO - [2024-03-12T19:53:37.905+0000] {dag.py:3047} INFO - Sync 1 DAGs
[2024-03-12T19:53:37.953+0000] {logging_mixin.py:188} INFO - [2024-03-12T19:53:37.953+0000] {dag.py:3834} INFO - Setting next_dagrun for example_setup_teardown to 2024-03-11 00:00:00+00:00, run_after=2024-03-12 00:00:00+00:00
[2024-03-12T19:53:37.997+0000] {processor.py:183} INFO - Processing /home/airflow/.local/lib/python3.8/site-packages/airflow/example_dags/example_setup_teardown.py took 0.128 seconds
[2024-03-12T19:54:08.273+0000] {processor.py:161} INFO - Started process (PID=221) to work on /home/airflow/.local/lib/python3.8/site-packages/airflow/example_dags/example_setup_teardown.py
[2024-03-12T19:54:08.275+0000] {processor.py:830} INFO - Processing file /home/airflow/.local/lib/python3.8/site-packages/airflow/example_dags/example_setup_teardown.py for tasks to queue
[2024-03-12T19:54:08.278+0000] {logging_mixin.py:188} INFO - [2024-03-12T19:54:08.277+0000] {dagbag.py:540} INFO - Filling up the DagBag from /home/airflow/.local/lib/python3.8/site-packages/airflow/example_dags/example_setup_teardown.py
[2024-03-12T19:54:08.289+0000] {processor.py:840} INFO - DAG(s) 'example_setup_teardown' retrieved from /home/airflow/.local/lib/python3.8/site-packages/airflow/example_dags/example_setup_teardown.py
[2024-03-12T19:54:08.502+0000] {logging_mixin.py:188} INFO - [2024-03-12T19:54:08.501+0000] {dag.py:3047} INFO - Sync 1 DAGs
[2024-03-12T19:54:08.553+0000] {logging_mixin.py:188} INFO - [2024-03-12T19:54:08.553+0000] {dag.py:3834} INFO - Setting next_dagrun for example_setup_teardown to 2024-03-11 00:00:00+00:00, run_after=2024-03-12 00:00:00+00:00
[2024-03-12T19:54:08.597+0000] {processor.py:183} INFO - Processing /home/airflow/.local/lib/python3.8/site-packages/airflow/example_dags/example_setup_teardown.py took 0.329 seconds
[2024-03-12T19:54:39.000+0000] {processor.py:161} INFO - Started process (PID=278) to work on /home/airflow/.local/lib/python3.8/site-packages/airflow/example_dags/example_setup_teardown.py
[2024-03-12T19:54:39.002+0000] {processor.py:830} INFO - Processing file /home/airflow/.local/lib/python3.8/site-packages/airflow/example_dags/example_setup_teardown.py for tasks to queue
[2024-03-12T19:54:39.006+0000] {logging_mixin.py:188} INFO - [2024-03-12T19:54:39.005+0000] {dagbag.py:540} INFO - Filling up the DagBag from /home/airflow/.local/lib/python3.8/site-packages/airflow/example_dags/example_setup_teardown.py
[2024-03-12T19:54:39.015+0000] {processor.py:840} INFO - DAG(s) 'example_setup_teardown' retrieved from /home/airflow/.local/lib/python3.8/site-packages/airflow/example_dags/example_setup_teardown.py
[2024-03-12T19:54:39.056+0000] {logging_mixin.py:188} INFO - [2024-03-12T19:54:39.056+0000] {dag.py:3047} INFO - Sync 1 DAGs
[2024-03-12T19:54:39.110+0000] {logging_mixin.py:188} INFO - [2024-03-12T19:54:39.110+0000] {dag.py:3834} INFO - Setting next_dagrun for example_setup_teardown to 2024-03-11 00:00:00+00:00, run_after=2024-03-12 00:00:00+00:00
[2024-03-12T19:54:39.166+0000] {processor.py:183} INFO - Processing /home/airflow/.local/lib/python3.8/site-packages/airflow/example_dags/example_setup_teardown.py took 0.170 seconds
[2024-03-12T19:55:09.583+0000] {processor.py:161} INFO - Started process (PID=341) to work on /home/airflow/.local/lib/python3.8/site-packages/airflow/example_dags/example_setup_teardown.py
[2024-03-12T19:55:09.585+0000] {processor.py:830} INFO - Processing file /home/airflow/.local/lib/python3.8/site-packages/airflow/example_dags/example_setup_teardown.py for tasks to queue
[2024-03-12T19:55:09.588+0000] {logging_mixin.py:188} INFO - [2024-03-12T19:55:09.587+0000] {dagbag.py:540} INFO - Filling up the DagBag from /home/airflow/.local/lib/python3.8/site-packages/airflow/example_dags/example_setup_teardown.py
[2024-03-12T19:55:09.601+0000] {processor.py:840} INFO - DAG(s) 'example_setup_teardown' retrieved from /home/airflow/.local/lib/python3.8/site-packages/airflow/example_dags/example_setup_teardown.py
[2024-03-12T19:55:09.637+0000] {logging_mixin.py:188} INFO - [2024-03-12T19:55:09.636+0000] {dag.py:3047} INFO - Sync 1 DAGs
[2024-03-12T19:55:09.674+0000] {logging_mixin.py:188} INFO - [2024-03-12T19:55:09.674+0000] {dag.py:3834} INFO - Setting next_dagrun for example_setup_teardown to 2024-03-11 00:00:00+00:00, run_after=2024-03-12 00:00:00+00:00
[2024-03-12T19:55:09.710+0000] {processor.py:183} INFO - Processing /home/airflow/.local/lib/python3.8/site-packages/airflow/example_dags/example_setup_teardown.py took 0.132 seconds
[2024-03-12T19:55:42.083+0000] {processor.py:161} INFO - Started process (PID=398) to work on /home/airflow/.local/lib/python3.8/site-packages/airflow/example_dags/example_setup_teardown.py
[2024-03-12T19:55:42.085+0000] {processor.py:830} INFO - Processing file /home/airflow/.local/lib/python3.8/site-packages/airflow/example_dags/example_setup_teardown.py for tasks to queue
[2024-03-12T19:55:42.087+0000] {logging_mixin.py:188} INFO - [2024-03-12T19:55:42.086+0000] {dagbag.py:540} INFO - Filling up the DagBag from /home/airflow/.local/lib/python3.8/site-packages/airflow/example_dags/example_setup_teardown.py
[2024-03-12T19:55:42.097+0000] {processor.py:840} INFO - DAG(s) 'example_setup_teardown' retrieved from /home/airflow/.local/lib/python3.8/site-packages/airflow/example_dags/example_setup_teardown.py
[2024-03-12T19:55:42.150+0000] {logging_mixin.py:188} INFO - [2024-03-12T19:55:42.150+0000] {dag.py:3047} INFO - Sync 1 DAGs
[2024-03-12T19:55:42.206+0000] {logging_mixin.py:188} INFO - [2024-03-12T19:55:42.205+0000] {dag.py:3834} INFO - Setting next_dagrun for example_setup_teardown to 2024-03-11 00:00:00+00:00, run_after=2024-03-12 00:00:00+00:00
[2024-03-12T19:55:42.259+0000] {processor.py:183} INFO - Processing /home/airflow/.local/lib/python3.8/site-packages/airflow/example_dags/example_setup_teardown.py took 0.180 seconds
[2024-03-12T19:56:13.089+0000] {processor.py:161} INFO - Started process (PID=455) to work on /home/airflow/.local/lib/python3.8/site-packages/airflow/example_dags/example_setup_teardown.py
[2024-03-12T19:56:13.091+0000] {processor.py:830} INFO - Processing file /home/airflow/.local/lib/python3.8/site-packages/airflow/example_dags/example_setup_teardown.py for tasks to queue
[2024-03-12T19:56:13.093+0000] {logging_mixin.py:188} INFO - [2024-03-12T19:56:13.093+0000] {dagbag.py:540} INFO - Filling up the DagBag from /home/airflow/.local/lib/python3.8/site-packages/airflow/example_dags/example_setup_teardown.py
[2024-03-12T19:56:13.102+0000] {processor.py:840} INFO - DAG(s) 'example_setup_teardown' retrieved from /home/airflow/.local/lib/python3.8/site-packages/airflow/example_dags/example_setup_teardown.py
[2024-03-12T19:56:13.132+0000] {logging_mixin.py:188} INFO - [2024-03-12T19:56:13.132+0000] {dag.py:3047} INFO - Sync 1 DAGs
[2024-03-12T19:56:13.165+0000] {logging_mixin.py:188} INFO - [2024-03-12T19:56:13.165+0000] {dag.py:3834} INFO - Setting next_dagrun for example_setup_teardown to 2024-03-11 00:00:00+00:00, run_after=2024-03-12 00:00:00+00:00
[2024-03-12T19:56:13.200+0000] {processor.py:183} INFO - Processing /home/airflow/.local/lib/python3.8/site-packages/airflow/example_dags/example_setup_teardown.py took 0.115 seconds
[2024-03-12T19:56:44.153+0000] {processor.py:161} INFO - Started process (PID=512) to work on /home/airflow/.local/lib/python3.8/site-packages/airflow/example_dags/example_setup_teardown.py
[2024-03-12T19:56:44.155+0000] {processor.py:830} INFO - Processing file /home/airflow/.local/lib/python3.8/site-packages/airflow/example_dags/example_setup_teardown.py for tasks to queue
[2024-03-12T19:56:44.157+0000] {logging_mixin.py:188} INFO - [2024-03-12T19:56:44.156+0000] {dagbag.py:540} INFO - Filling up the DagBag from /home/airflow/.local/lib/python3.8/site-packages/airflow/example_dags/example_setup_teardown.py
[2024-03-12T19:56:44.169+0000] {processor.py:840} INFO - DAG(s) 'example_setup_teardown' retrieved from /home/airflow/.local/lib/python3.8/site-packages/airflow/example_dags/example_setup_teardown.py
[2024-03-12T19:56:44.204+0000] {logging_mixin.py:188} INFO - [2024-03-12T19:56:44.204+0000] {dag.py:3047} INFO - Sync 1 DAGs
[2024-03-12T19:56:44.242+0000] {logging_mixin.py:188} INFO - [2024-03-12T19:56:44.241+0000] {dag.py:3834} INFO - Setting next_dagrun for example_setup_teardown to 2024-03-11 00:00:00+00:00, run_after=2024-03-12 00:00:00+00:00
[2024-03-12T19:56:44.278+0000] {processor.py:183} INFO - Processing /home/airflow/.local/lib/python3.8/site-packages/airflow/example_dags/example_setup_teardown.py took 0.128 seconds
[2024-03-12T19:57:15.125+0000] {processor.py:161} INFO - Started process (PID=569) to work on /home/airflow/.local/lib/python3.8/site-packages/airflow/example_dags/example_setup_teardown.py
[2024-03-12T19:57:15.127+0000] {processor.py:830} INFO - Processing file /home/airflow/.local/lib/python3.8/site-packages/airflow/example_dags/example_setup_teardown.py for tasks to queue
[2024-03-12T19:57:15.131+0000] {logging_mixin.py:188} INFO - [2024-03-12T19:57:15.130+0000] {dagbag.py:540} INFO - Filling up the DagBag from /home/airflow/.local/lib/python3.8/site-packages/airflow/example_dags/example_setup_teardown.py
[2024-03-12T19:57:15.143+0000] {processor.py:840} INFO - DAG(s) 'example_setup_teardown' retrieved from /home/airflow/.local/lib/python3.8/site-packages/airflow/example_dags/example_setup_teardown.py
[2024-03-12T19:57:15.184+0000] {logging_mixin.py:188} INFO - [2024-03-12T19:57:15.184+0000] {dag.py:3047} INFO - Sync 1 DAGs
[2024-03-12T19:57:15.241+0000] {logging_mixin.py:188} INFO - [2024-03-12T19:57:15.241+0000] {dag.py:3834} INFO - Setting next_dagrun for example_setup_teardown to 2024-03-11 00:00:00+00:00, run_after=2024-03-12 00:00:00+00:00
[2024-03-12T19:57:15.318+0000] {processor.py:183} INFO - Processing /home/airflow/.local/lib/python3.8/site-packages/airflow/example_dags/example_setup_teardown.py took 0.199 seconds
