[2024-03-12T19:52:46.851+0000] {processor.py:161} INFO - Started process (PID=84) to work on /home/airflow/.local/lib/python3.8/site-packages/airflow/example_dags/example_latest_only.py
[2024-03-12T19:52:46.852+0000] {processor.py:830} INFO - Processing file /home/airflow/.local/lib/python3.8/site-packages/airflow/example_dags/example_latest_only.py for tasks to queue
[2024-03-12T19:52:46.854+0000] {logging_mixin.py:188} INFO - [2024-03-12T19:52:46.854+0000] {dagbag.py:540} INFO - Filling up the DagBag from /home/airflow/.local/lib/python3.8/site-packages/airflow/example_dags/example_latest_only.py
[2024-03-12T19:52:46.863+0000] {processor.py:840} INFO - DAG(s) 'latest_only' retrieved from /home/airflow/.local/lib/python3.8/site-packages/airflow/example_dags/example_latest_only.py
[2024-03-12T19:52:46.915+0000] {logging_mixin.py:188} INFO - [2024-03-12T19:52:46.914+0000] {dag.py:3047} INFO - Sync 1 DAGs
[2024-03-12T19:52:47.035+0000] {logging_mixin.py:188} INFO - [2024-03-12T19:52:47.034+0000] {dag.py:3834} INFO - Setting next_dagrun for latest_only to 2024-03-12 12:00:00+00:00, run_after=2024-03-12 16:00:00+00:00
[2024-03-12T19:52:47.106+0000] {processor.py:183} INFO - Processing /home/airflow/.local/lib/python3.8/site-packages/airflow/example_dags/example_latest_only.py took 0.261 seconds
[2024-03-12T19:53:17.674+0000] {processor.py:161} INFO - Started process (PID=141) to work on /home/airflow/.local/lib/python3.8/site-packages/airflow/example_dags/example_latest_only.py
[2024-03-12T19:53:17.676+0000] {processor.py:830} INFO - Processing file /home/airflow/.local/lib/python3.8/site-packages/airflow/example_dags/example_latest_only.py for tasks to queue
[2024-03-12T19:53:17.678+0000] {logging_mixin.py:188} INFO - [2024-03-12T19:53:17.678+0000] {dagbag.py:540} INFO - Filling up the DagBag from /home/airflow/.local/lib/python3.8/site-packages/airflow/example_dags/example_latest_only.py
[2024-03-12T19:53:17.685+0000] {processor.py:840} INFO - DAG(s) 'latest_only' retrieved from /home/airflow/.local/lib/python3.8/site-packages/airflow/example_dags/example_latest_only.py
[2024-03-12T19:53:17.743+0000] {logging_mixin.py:188} INFO - [2024-03-12T19:53:17.742+0000] {dag.py:3047} INFO - Sync 1 DAGs
[2024-03-12T19:53:17.867+0000] {logging_mixin.py:188} INFO - [2024-03-12T19:53:17.866+0000] {dag.py:3834} INFO - Setting next_dagrun for latest_only to 2024-03-12 12:00:00+00:00, run_after=2024-03-12 16:00:00+00:00
[2024-03-12T19:53:17.912+0000] {processor.py:183} INFO - Processing /home/airflow/.local/lib/python3.8/site-packages/airflow/example_dags/example_latest_only.py took 0.242 seconds
[2024-03-12T19:53:48.341+0000] {processor.py:161} INFO - Started process (PID=198) to work on /home/airflow/.local/lib/python3.8/site-packages/airflow/example_dags/example_latest_only.py
[2024-03-12T19:53:48.343+0000] {processor.py:830} INFO - Processing file /home/airflow/.local/lib/python3.8/site-packages/airflow/example_dags/example_latest_only.py for tasks to queue
[2024-03-12T19:53:48.345+0000] {logging_mixin.py:188} INFO - [2024-03-12T19:53:48.345+0000] {dagbag.py:540} INFO - Filling up the DagBag from /home/airflow/.local/lib/python3.8/site-packages/airflow/example_dags/example_latest_only.py
[2024-03-12T19:53:48.353+0000] {processor.py:840} INFO - DAG(s) 'latest_only' retrieved from /home/airflow/.local/lib/python3.8/site-packages/airflow/example_dags/example_latest_only.py
[2024-03-12T19:53:48.373+0000] {logging_mixin.py:188} INFO - [2024-03-12T19:53:48.373+0000] {dag.py:3047} INFO - Sync 1 DAGs
[2024-03-12T19:53:48.410+0000] {logging_mixin.py:188} INFO - [2024-03-12T19:53:48.409+0000] {dag.py:3834} INFO - Setting next_dagrun for latest_only to 2024-03-12 12:00:00+00:00, run_after=2024-03-12 16:00:00+00:00
[2024-03-12T19:53:48.455+0000] {processor.py:183} INFO - Processing /home/airflow/.local/lib/python3.8/site-packages/airflow/example_dags/example_latest_only.py took 0.118 seconds
[2024-03-12T19:54:19.233+0000] {processor.py:161} INFO - Started process (PID=255) to work on /home/airflow/.local/lib/python3.8/site-packages/airflow/example_dags/example_latest_only.py
[2024-03-12T19:54:19.235+0000] {processor.py:830} INFO - Processing file /home/airflow/.local/lib/python3.8/site-packages/airflow/example_dags/example_latest_only.py for tasks to queue
[2024-03-12T19:54:19.238+0000] {logging_mixin.py:188} INFO - [2024-03-12T19:54:19.238+0000] {dagbag.py:540} INFO - Filling up the DagBag from /home/airflow/.local/lib/python3.8/site-packages/airflow/example_dags/example_latest_only.py
[2024-03-12T19:54:19.246+0000] {processor.py:840} INFO - DAG(s) 'latest_only' retrieved from /home/airflow/.local/lib/python3.8/site-packages/airflow/example_dags/example_latest_only.py
[2024-03-12T19:54:19.414+0000] {logging_mixin.py:188} INFO - [2024-03-12T19:54:19.413+0000] {dag.py:3047} INFO - Sync 1 DAGs
[2024-03-12T19:54:19.466+0000] {logging_mixin.py:188} INFO - [2024-03-12T19:54:19.466+0000] {dag.py:3834} INFO - Setting next_dagrun for latest_only to 2024-03-12 12:00:00+00:00, run_after=2024-03-12 16:00:00+00:00
[2024-03-12T19:54:19.516+0000] {processor.py:183} INFO - Processing /home/airflow/.local/lib/python3.8/site-packages/airflow/example_dags/example_latest_only.py took 0.288 seconds
[2024-03-12T19:54:49.628+0000] {processor.py:161} INFO - Started process (PID=312) to work on /home/airflow/.local/lib/python3.8/site-packages/airflow/example_dags/example_latest_only.py
[2024-03-12T19:54:49.630+0000] {processor.py:830} INFO - Processing file /home/airflow/.local/lib/python3.8/site-packages/airflow/example_dags/example_latest_only.py for tasks to queue
[2024-03-12T19:54:49.633+0000] {logging_mixin.py:188} INFO - [2024-03-12T19:54:49.632+0000] {dagbag.py:540} INFO - Filling up the DagBag from /home/airflow/.local/lib/python3.8/site-packages/airflow/example_dags/example_latest_only.py
[2024-03-12T19:54:49.641+0000] {processor.py:840} INFO - DAG(s) 'latest_only' retrieved from /home/airflow/.local/lib/python3.8/site-packages/airflow/example_dags/example_latest_only.py
[2024-03-12T19:54:49.677+0000] {logging_mixin.py:188} INFO - [2024-03-12T19:54:49.677+0000] {dag.py:3047} INFO - Sync 1 DAGs
[2024-03-12T19:54:49.718+0000] {logging_mixin.py:188} INFO - [2024-03-12T19:54:49.718+0000] {dag.py:3834} INFO - Setting next_dagrun for latest_only to 2024-03-12 12:00:00+00:00, run_after=2024-03-12 16:00:00+00:00
[2024-03-12T19:54:49.761+0000] {processor.py:183} INFO - Processing /home/airflow/.local/lib/python3.8/site-packages/airflow/example_dags/example_latest_only.py took 0.139 seconds
[2024-03-12T19:55:20.339+0000] {processor.py:161} INFO - Started process (PID=369) to work on /home/airflow/.local/lib/python3.8/site-packages/airflow/example_dags/example_latest_only.py
[2024-03-12T19:55:20.341+0000] {processor.py:830} INFO - Processing file /home/airflow/.local/lib/python3.8/site-packages/airflow/example_dags/example_latest_only.py for tasks to queue
[2024-03-12T19:55:20.345+0000] {logging_mixin.py:188} INFO - [2024-03-12T19:55:20.344+0000] {dagbag.py:540} INFO - Filling up the DagBag from /home/airflow/.local/lib/python3.8/site-packages/airflow/example_dags/example_latest_only.py
[2024-03-12T19:55:20.354+0000] {processor.py:840} INFO - DAG(s) 'latest_only' retrieved from /home/airflow/.local/lib/python3.8/site-packages/airflow/example_dags/example_latest_only.py
[2024-03-12T19:55:20.392+0000] {logging_mixin.py:188} INFO - [2024-03-12T19:55:20.391+0000] {dag.py:3047} INFO - Sync 1 DAGs
[2024-03-12T19:55:20.433+0000] {logging_mixin.py:188} INFO - [2024-03-12T19:55:20.432+0000] {dag.py:3834} INFO - Setting next_dagrun for latest_only to 2024-03-12 12:00:00+00:00, run_after=2024-03-12 16:00:00+00:00
[2024-03-12T19:55:20.480+0000] {processor.py:183} INFO - Processing /home/airflow/.local/lib/python3.8/site-packages/airflow/example_dags/example_latest_only.py took 0.148 seconds
[2024-03-12T19:55:51.070+0000] {processor.py:161} INFO - Started process (PID=426) to work on /home/airflow/.local/lib/python3.8/site-packages/airflow/example_dags/example_latest_only.py
[2024-03-12T19:55:51.073+0000] {processor.py:830} INFO - Processing file /home/airflow/.local/lib/python3.8/site-packages/airflow/example_dags/example_latest_only.py for tasks to queue
[2024-03-12T19:55:51.076+0000] {logging_mixin.py:188} INFO - [2024-03-12T19:55:51.075+0000] {dagbag.py:540} INFO - Filling up the DagBag from /home/airflow/.local/lib/python3.8/site-packages/airflow/example_dags/example_latest_only.py
[2024-03-12T19:55:51.086+0000] {processor.py:840} INFO - DAG(s) 'latest_only' retrieved from /home/airflow/.local/lib/python3.8/site-packages/airflow/example_dags/example_latest_only.py
[2024-03-12T19:55:51.121+0000] {logging_mixin.py:188} INFO - [2024-03-12T19:55:51.121+0000] {dag.py:3047} INFO - Sync 1 DAGs
[2024-03-12T19:55:51.157+0000] {logging_mixin.py:188} INFO - [2024-03-12T19:55:51.156+0000] {dag.py:3834} INFO - Setting next_dagrun for latest_only to 2024-03-12 12:00:00+00:00, run_after=2024-03-12 16:00:00+00:00
[2024-03-12T19:55:51.196+0000] {processor.py:183} INFO - Processing /home/airflow/.local/lib/python3.8/site-packages/airflow/example_dags/example_latest_only.py took 0.133 seconds
[2024-03-12T19:56:21.842+0000] {processor.py:161} INFO - Started process (PID=483) to work on /home/airflow/.local/lib/python3.8/site-packages/airflow/example_dags/example_latest_only.py
[2024-03-12T19:56:21.844+0000] {processor.py:830} INFO - Processing file /home/airflow/.local/lib/python3.8/site-packages/airflow/example_dags/example_latest_only.py for tasks to queue
[2024-03-12T19:56:21.846+0000] {logging_mixin.py:188} INFO - [2024-03-12T19:56:21.846+0000] {dagbag.py:540} INFO - Filling up the DagBag from /home/airflow/.local/lib/python3.8/site-packages/airflow/example_dags/example_latest_only.py
[2024-03-12T19:56:21.852+0000] {processor.py:840} INFO - DAG(s) 'latest_only' retrieved from /home/airflow/.local/lib/python3.8/site-packages/airflow/example_dags/example_latest_only.py
[2024-03-12T19:56:21.885+0000] {logging_mixin.py:188} INFO - [2024-03-12T19:56:21.885+0000] {dag.py:3047} INFO - Sync 1 DAGs
[2024-03-12T19:56:21.928+0000] {logging_mixin.py:188} INFO - [2024-03-12T19:56:21.927+0000] {dag.py:3834} INFO - Setting next_dagrun for latest_only to 2024-03-12 12:00:00+00:00, run_after=2024-03-12 16:00:00+00:00
[2024-03-12T19:56:21.967+0000] {processor.py:183} INFO - Processing /home/airflow/.local/lib/python3.8/site-packages/airflow/example_dags/example_latest_only.py took 0.130 seconds
[2024-03-12T19:56:52.565+0000] {processor.py:161} INFO - Started process (PID=540) to work on /home/airflow/.local/lib/python3.8/site-packages/airflow/example_dags/example_latest_only.py
[2024-03-12T19:56:52.567+0000] {processor.py:830} INFO - Processing file /home/airflow/.local/lib/python3.8/site-packages/airflow/example_dags/example_latest_only.py for tasks to queue
[2024-03-12T19:56:52.570+0000] {logging_mixin.py:188} INFO - [2024-03-12T19:56:52.569+0000] {dagbag.py:540} INFO - Filling up the DagBag from /home/airflow/.local/lib/python3.8/site-packages/airflow/example_dags/example_latest_only.py
[2024-03-12T19:56:52.579+0000] {processor.py:840} INFO - DAG(s) 'latest_only' retrieved from /home/airflow/.local/lib/python3.8/site-packages/airflow/example_dags/example_latest_only.py
[2024-03-12T19:56:52.619+0000] {logging_mixin.py:188} INFO - [2024-03-12T19:56:52.618+0000] {dag.py:3047} INFO - Sync 1 DAGs
[2024-03-12T19:56:52.667+0000] {logging_mixin.py:188} INFO - [2024-03-12T19:56:52.667+0000] {dag.py:3834} INFO - Setting next_dagrun for latest_only to 2024-03-12 12:00:00+00:00, run_after=2024-03-12 16:00:00+00:00
[2024-03-12T19:56:52.719+0000] {processor.py:183} INFO - Processing /home/airflow/.local/lib/python3.8/site-packages/airflow/example_dags/example_latest_only.py took 0.160 seconds
