[2024-03-12T19:52:39.001+0000] {processor.py:161} INFO - Started process (PID=61) to work on /home/airflow/.local/lib/python3.8/site-packages/airflow/example_dags/example_complex.py
[2024-03-12T19:52:39.003+0000] {processor.py:830} INFO - Processing file /home/airflow/.local/lib/python3.8/site-packages/airflow/example_dags/example_complex.py for tasks to queue
[2024-03-12T19:52:39.006+0000] {logging_mixin.py:188} INFO - [2024-03-12T19:52:39.005+0000] {dagbag.py:540} INFO - Filling up the DagBag from /home/airflow/.local/lib/python3.8/site-packages/airflow/example_dags/example_complex.py
[2024-03-12T19:52:39.034+0000] {processor.py:840} INFO - DAG(s) 'example_complex' retrieved from /home/airflow/.local/lib/python3.8/site-packages/airflow/example_dags/example_complex.py
[2024-03-12T19:52:39.319+0000] {logging_mixin.py:188} INFO - [2024-03-12T19:52:39.318+0000] {dag.py:3047} INFO - Sync 1 DAGs
[2024-03-12T19:52:39.444+0000] {logging_mixin.py:188} INFO - [2024-03-12T19:52:39.443+0000] {dag.py:3834} INFO - Setting next_dagrun for example_complex to None, run_after=None
[2024-03-12T19:52:39.578+0000] {processor.py:183} INFO - Processing /home/airflow/.local/lib/python3.8/site-packages/airflow/example_dags/example_complex.py took 0.583 seconds
[2024-03-12T19:53:09.606+0000] {processor.py:161} INFO - Started process (PID=118) to work on /home/airflow/.local/lib/python3.8/site-packages/airflow/example_dags/example_complex.py
[2024-03-12T19:53:09.608+0000] {processor.py:830} INFO - Processing file /home/airflow/.local/lib/python3.8/site-packages/airflow/example_dags/example_complex.py for tasks to queue
[2024-03-12T19:53:09.611+0000] {logging_mixin.py:188} INFO - [2024-03-12T19:53:09.610+0000] {dagbag.py:540} INFO - Filling up the DagBag from /home/airflow/.local/lib/python3.8/site-packages/airflow/example_dags/example_complex.py
[2024-03-12T19:53:09.630+0000] {processor.py:840} INFO - DAG(s) 'example_complex' retrieved from /home/airflow/.local/lib/python3.8/site-packages/airflow/example_dags/example_complex.py
[2024-03-12T19:53:09.680+0000] {logging_mixin.py:188} INFO - [2024-03-12T19:53:09.679+0000] {dag.py:3047} INFO - Sync 1 DAGs
[2024-03-12T19:53:09.706+0000] {logging_mixin.py:188} INFO - [2024-03-12T19:53:09.705+0000] {dag.py:3834} INFO - Setting next_dagrun for example_complex to None, run_after=None
[2024-03-12T19:53:09.737+0000] {processor.py:183} INFO - Processing /home/airflow/.local/lib/python3.8/site-packages/airflow/example_dags/example_complex.py took 0.134 seconds
[2024-03-12T19:53:40.172+0000] {processor.py:161} INFO - Started process (PID=175) to work on /home/airflow/.local/lib/python3.8/site-packages/airflow/example_dags/example_complex.py
[2024-03-12T19:53:40.173+0000] {processor.py:830} INFO - Processing file /home/airflow/.local/lib/python3.8/site-packages/airflow/example_dags/example_complex.py for tasks to queue
[2024-03-12T19:53:40.175+0000] {logging_mixin.py:188} INFO - [2024-03-12T19:53:40.175+0000] {dagbag.py:540} INFO - Filling up the DagBag from /home/airflow/.local/lib/python3.8/site-packages/airflow/example_dags/example_complex.py
[2024-03-12T19:53:40.187+0000] {processor.py:840} INFO - DAG(s) 'example_complex' retrieved from /home/airflow/.local/lib/python3.8/site-packages/airflow/example_dags/example_complex.py
[2024-03-12T19:53:40.201+0000] {logging_mixin.py:188} INFO - [2024-03-12T19:53:40.201+0000] {dag.py:3047} INFO - Sync 1 DAGs
[2024-03-12T19:53:40.218+0000] {logging_mixin.py:188} INFO - [2024-03-12T19:53:40.217+0000] {dag.py:3834} INFO - Setting next_dagrun for example_complex to None, run_after=None
[2024-03-12T19:53:40.248+0000] {processor.py:183} INFO - Processing /home/airflow/.local/lib/python3.8/site-packages/airflow/example_dags/example_complex.py took 0.079 seconds
[2024-03-12T19:54:11.471+0000] {processor.py:161} INFO - Started process (PID=232) to work on /home/airflow/.local/lib/python3.8/site-packages/airflow/example_dags/example_complex.py
[2024-03-12T19:54:11.474+0000] {processor.py:830} INFO - Processing file /home/airflow/.local/lib/python3.8/site-packages/airflow/example_dags/example_complex.py for tasks to queue
[2024-03-12T19:54:11.478+0000] {logging_mixin.py:188} INFO - [2024-03-12T19:54:11.477+0000] {dagbag.py:540} INFO - Filling up the DagBag from /home/airflow/.local/lib/python3.8/site-packages/airflow/example_dags/example_complex.py
[2024-03-12T19:54:11.504+0000] {processor.py:840} INFO - DAG(s) 'example_complex' retrieved from /home/airflow/.local/lib/python3.8/site-packages/airflow/example_dags/example_complex.py
[2024-03-12T19:54:11.711+0000] {logging_mixin.py:188} INFO - [2024-03-12T19:54:11.710+0000] {dag.py:3047} INFO - Sync 1 DAGs
[2024-03-12T19:54:11.730+0000] {logging_mixin.py:188} INFO - [2024-03-12T19:54:11.730+0000] {dag.py:3834} INFO - Setting next_dagrun for example_complex to None, run_after=None
[2024-03-12T19:54:11.801+0000] {processor.py:183} INFO - Processing /home/airflow/.local/lib/python3.8/site-packages/airflow/example_dags/example_complex.py took 0.336 seconds
[2024-03-12T19:54:42.504+0000] {processor.py:161} INFO - Started process (PID=289) to work on /home/airflow/.local/lib/python3.8/site-packages/airflow/example_dags/example_complex.py
[2024-03-12T19:54:42.523+0000] {processor.py:830} INFO - Processing file /home/airflow/.local/lib/python3.8/site-packages/airflow/example_dags/example_complex.py for tasks to queue
[2024-03-12T19:54:42.527+0000] {logging_mixin.py:188} INFO - [2024-03-12T19:54:42.527+0000] {dagbag.py:540} INFO - Filling up the DagBag from /home/airflow/.local/lib/python3.8/site-packages/airflow/example_dags/example_complex.py
[2024-03-12T19:54:42.561+0000] {processor.py:840} INFO - DAG(s) 'example_complex' retrieved from /home/airflow/.local/lib/python3.8/site-packages/airflow/example_dags/example_complex.py
[2024-03-12T19:54:42.636+0000] {logging_mixin.py:188} INFO - [2024-03-12T19:54:42.635+0000] {dag.py:3047} INFO - Sync 1 DAGs
[2024-03-12T19:54:42.665+0000] {logging_mixin.py:188} INFO - [2024-03-12T19:54:42.664+0000] {dag.py:3834} INFO - Setting next_dagrun for example_complex to None, run_after=None
[2024-03-12T19:54:42.720+0000] {processor.py:183} INFO - Processing /home/airflow/.local/lib/python3.8/site-packages/airflow/example_dags/example_complex.py took 0.224 seconds
[2024-03-12T19:55:13.022+0000] {processor.py:161} INFO - Started process (PID=346) to work on /home/airflow/.local/lib/python3.8/site-packages/airflow/example_dags/example_complex.py
[2024-03-12T19:55:13.026+0000] {processor.py:830} INFO - Processing file /home/airflow/.local/lib/python3.8/site-packages/airflow/example_dags/example_complex.py for tasks to queue
[2024-03-12T19:55:13.032+0000] {logging_mixin.py:188} INFO - [2024-03-12T19:55:13.031+0000] {dagbag.py:540} INFO - Filling up the DagBag from /home/airflow/.local/lib/python3.8/site-packages/airflow/example_dags/example_complex.py
[2024-03-12T19:55:13.068+0000] {processor.py:840} INFO - DAG(s) 'example_complex' retrieved from /home/airflow/.local/lib/python3.8/site-packages/airflow/example_dags/example_complex.py
[2024-03-12T19:55:13.133+0000] {logging_mixin.py:188} INFO - [2024-03-12T19:55:13.132+0000] {dag.py:3047} INFO - Sync 1 DAGs
[2024-03-12T19:55:13.155+0000] {logging_mixin.py:188} INFO - [2024-03-12T19:55:13.155+0000] {dag.py:3834} INFO - Setting next_dagrun for example_complex to None, run_after=None
[2024-03-12T19:55:13.205+0000] {processor.py:183} INFO - Processing /home/airflow/.local/lib/python3.8/site-packages/airflow/example_dags/example_complex.py took 0.191 seconds
[2024-03-12T19:55:43.638+0000] {processor.py:161} INFO - Started process (PID=403) to work on /home/airflow/.local/lib/python3.8/site-packages/airflow/example_dags/example_complex.py
[2024-03-12T19:55:43.764+0000] {processor.py:830} INFO - Processing file /home/airflow/.local/lib/python3.8/site-packages/airflow/example_dags/example_complex.py for tasks to queue
[2024-03-12T19:55:43.766+0000] {logging_mixin.py:188} INFO - [2024-03-12T19:55:43.766+0000] {dagbag.py:540} INFO - Filling up the DagBag from /home/airflow/.local/lib/python3.8/site-packages/airflow/example_dags/example_complex.py
[2024-03-12T19:55:43.782+0000] {processor.py:840} INFO - DAG(s) 'example_complex' retrieved from /home/airflow/.local/lib/python3.8/site-packages/airflow/example_dags/example_complex.py
[2024-03-12T19:55:43.841+0000] {logging_mixin.py:188} INFO - [2024-03-12T19:55:43.841+0000] {dag.py:3047} INFO - Sync 1 DAGs
[2024-03-12T19:55:43.860+0000] {logging_mixin.py:188} INFO - [2024-03-12T19:55:43.859+0000] {dag.py:3834} INFO - Setting next_dagrun for example_complex to None, run_after=None
[2024-03-12T19:55:43.928+0000] {processor.py:183} INFO - Processing /home/airflow/.local/lib/python3.8/site-packages/airflow/example_dags/example_complex.py took 0.292 seconds
[2024-03-12T19:56:14.554+0000] {processor.py:161} INFO - Started process (PID=460) to work on /home/airflow/.local/lib/python3.8/site-packages/airflow/example_dags/example_complex.py
[2024-03-12T19:56:14.556+0000] {processor.py:830} INFO - Processing file /home/airflow/.local/lib/python3.8/site-packages/airflow/example_dags/example_complex.py for tasks to queue
[2024-03-12T19:56:14.560+0000] {logging_mixin.py:188} INFO - [2024-03-12T19:56:14.559+0000] {dagbag.py:540} INFO - Filling up the DagBag from /home/airflow/.local/lib/python3.8/site-packages/airflow/example_dags/example_complex.py
[2024-03-12T19:56:14.584+0000] {processor.py:840} INFO - DAG(s) 'example_complex' retrieved from /home/airflow/.local/lib/python3.8/site-packages/airflow/example_dags/example_complex.py
[2024-03-12T19:56:14.649+0000] {logging_mixin.py:188} INFO - [2024-03-12T19:56:14.649+0000] {dag.py:3047} INFO - Sync 1 DAGs
[2024-03-12T19:56:14.673+0000] {logging_mixin.py:188} INFO - [2024-03-12T19:56:14.672+0000] {dag.py:3834} INFO - Setting next_dagrun for example_complex to None, run_after=None
[2024-03-12T19:56:14.716+0000] {processor.py:183} INFO - Processing /home/airflow/.local/lib/python3.8/site-packages/airflow/example_dags/example_complex.py took 0.168 seconds
[2024-03-12T19:56:45.598+0000] {processor.py:161} INFO - Started process (PID=517) to work on /home/airflow/.local/lib/python3.8/site-packages/airflow/example_dags/example_complex.py
[2024-03-12T19:56:45.619+0000] {processor.py:830} INFO - Processing file /home/airflow/.local/lib/python3.8/site-packages/airflow/example_dags/example_complex.py for tasks to queue
[2024-03-12T19:56:45.622+0000] {logging_mixin.py:188} INFO - [2024-03-12T19:56:45.622+0000] {dagbag.py:540} INFO - Filling up the DagBag from /home/airflow/.local/lib/python3.8/site-packages/airflow/example_dags/example_complex.py
[2024-03-12T19:56:45.643+0000] {processor.py:840} INFO - DAG(s) 'example_complex' retrieved from /home/airflow/.local/lib/python3.8/site-packages/airflow/example_dags/example_complex.py
[2024-03-12T19:56:45.697+0000] {logging_mixin.py:188} INFO - [2024-03-12T19:56:45.697+0000] {dag.py:3047} INFO - Sync 1 DAGs
[2024-03-12T19:56:45.724+0000] {logging_mixin.py:188} INFO - [2024-03-12T19:56:45.724+0000] {dag.py:3834} INFO - Setting next_dagrun for example_complex to None, run_after=None
[2024-03-12T19:56:45.779+0000] {processor.py:183} INFO - Processing /home/airflow/.local/lib/python3.8/site-packages/airflow/example_dags/example_complex.py took 0.191 seconds
[2024-03-12T19:57:16.709+0000] {processor.py:161} INFO - Started process (PID=574) to work on /home/airflow/.local/lib/python3.8/site-packages/airflow/example_dags/example_complex.py
[2024-03-12T19:57:16.728+0000] {processor.py:830} INFO - Processing file /home/airflow/.local/lib/python3.8/site-packages/airflow/example_dags/example_complex.py for tasks to queue
[2024-03-12T19:57:16.732+0000] {logging_mixin.py:188} INFO - [2024-03-12T19:57:16.731+0000] {dagbag.py:540} INFO - Filling up the DagBag from /home/airflow/.local/lib/python3.8/site-packages/airflow/example_dags/example_complex.py
[2024-03-12T19:57:16.767+0000] {processor.py:840} INFO - DAG(s) 'example_complex' retrieved from /home/airflow/.local/lib/python3.8/site-packages/airflow/example_dags/example_complex.py
[2024-03-12T19:57:16.885+0000] {logging_mixin.py:188} INFO - [2024-03-12T19:57:16.884+0000] {dag.py:3047} INFO - Sync 1 DAGs
[2024-03-12T19:57:16.921+0000] {logging_mixin.py:188} INFO - [2024-03-12T19:57:16.921+0000] {dag.py:3834} INFO - Setting next_dagrun for example_complex to None, run_after=None
[2024-03-12T19:57:17.001+0000] {processor.py:183} INFO - Processing /home/airflow/.local/lib/python3.8/site-packages/airflow/example_dags/example_complex.py took 0.306 seconds
