[2024-03-12T19:52:36.202+0000] {processor.py:161} INFO - Started process (PID=50) to work on /home/airflow/.local/lib/python3.8/site-packages/airflow/example_dags/example_python_operator.py
[2024-03-12T19:52:36.213+0000] {processor.py:830} INFO - Processing file /home/airflow/.local/lib/python3.8/site-packages/airflow/example_dags/example_python_operator.py for tasks to queue
[2024-03-12T19:52:36.231+0000] {logging_mixin.py:188} INFO - [2024-03-12T19:52:36.229+0000] {dagbag.py:540} INFO - Filling up the DagBag from /home/airflow/.local/lib/python3.8/site-packages/airflow/example_dags/example_python_operator.py
[2024-03-12T19:52:36.377+0000] {processor.py:840} INFO - DAG(s) 'example_python_operator' retrieved from /home/airflow/.local/lib/python3.8/site-packages/airflow/example_dags/example_python_operator.py
[2024-03-12T19:52:36.844+0000] {logging_mixin.py:188} INFO - [2024-03-12T19:52:36.843+0000] {dag.py:3047} INFO - Sync 1 DAGs
[2024-03-12T19:52:36.882+0000] {logging_mixin.py:188} INFO - [2024-03-12T19:52:36.882+0000] {dag.py:3834} INFO - Setting next_dagrun for example_python_operator to None, run_after=None
[2024-03-12T19:52:36.939+0000] {processor.py:183} INFO - Processing /home/airflow/.local/lib/python3.8/site-packages/airflow/example_dags/example_python_operator.py took 0.766 seconds
[2024-03-12T19:53:07.083+0000] {processor.py:161} INFO - Started process (PID=106) to work on /home/airflow/.local/lib/python3.8/site-packages/airflow/example_dags/example_python_operator.py
[2024-03-12T19:53:07.085+0000] {processor.py:830} INFO - Processing file /home/airflow/.local/lib/python3.8/site-packages/airflow/example_dags/example_python_operator.py for tasks to queue
[2024-03-12T19:53:07.087+0000] {logging_mixin.py:188} INFO - [2024-03-12T19:53:07.086+0000] {dagbag.py:540} INFO - Filling up the DagBag from /home/airflow/.local/lib/python3.8/site-packages/airflow/example_dags/example_python_operator.py
[2024-03-12T19:53:07.104+0000] {processor.py:840} INFO - DAG(s) 'example_python_operator' retrieved from /home/airflow/.local/lib/python3.8/site-packages/airflow/example_dags/example_python_operator.py
[2024-03-12T19:53:07.140+0000] {logging_mixin.py:188} INFO - [2024-03-12T19:53:07.140+0000] {dag.py:3047} INFO - Sync 1 DAGs
[2024-03-12T19:53:07.165+0000] {logging_mixin.py:188} INFO - [2024-03-12T19:53:07.165+0000] {dag.py:3834} INFO - Setting next_dagrun for example_python_operator to None, run_after=None
[2024-03-12T19:53:07.201+0000] {processor.py:183} INFO - Processing /home/airflow/.local/lib/python3.8/site-packages/airflow/example_dags/example_python_operator.py took 0.122 seconds
[2024-03-12T19:53:37.806+0000] {processor.py:161} INFO - Started process (PID=163) to work on /home/airflow/.local/lib/python3.8/site-packages/airflow/example_dags/example_python_operator.py
[2024-03-12T19:53:37.808+0000] {processor.py:830} INFO - Processing file /home/airflow/.local/lib/python3.8/site-packages/airflow/example_dags/example_python_operator.py for tasks to queue
[2024-03-12T19:53:37.811+0000] {logging_mixin.py:188} INFO - [2024-03-12T19:53:37.811+0000] {dagbag.py:540} INFO - Filling up the DagBag from /home/airflow/.local/lib/python3.8/site-packages/airflow/example_dags/example_python_operator.py
[2024-03-12T19:53:37.832+0000] {processor.py:840} INFO - DAG(s) 'example_python_operator' retrieved from /home/airflow/.local/lib/python3.8/site-packages/airflow/example_dags/example_python_operator.py
[2024-03-12T19:53:37.856+0000] {logging_mixin.py:188} INFO - [2024-03-12T19:53:37.856+0000] {dag.py:3047} INFO - Sync 1 DAGs
[2024-03-12T19:53:37.885+0000] {logging_mixin.py:188} INFO - [2024-03-12T19:53:37.884+0000] {dag.py:3834} INFO - Setting next_dagrun for example_python_operator to None, run_after=None
[2024-03-12T19:53:37.924+0000] {processor.py:183} INFO - Processing /home/airflow/.local/lib/python3.8/site-packages/airflow/example_dags/example_python_operator.py took 0.123 seconds
[2024-03-12T19:54:08.193+0000] {processor.py:161} INFO - Started process (PID=220) to work on /home/airflow/.local/lib/python3.8/site-packages/airflow/example_dags/example_python_operator.py
[2024-03-12T19:54:08.195+0000] {processor.py:830} INFO - Processing file /home/airflow/.local/lib/python3.8/site-packages/airflow/example_dags/example_python_operator.py for tasks to queue
[2024-03-12T19:54:08.198+0000] {logging_mixin.py:188} INFO - [2024-03-12T19:54:08.197+0000] {dagbag.py:540} INFO - Filling up the DagBag from /home/airflow/.local/lib/python3.8/site-packages/airflow/example_dags/example_python_operator.py
[2024-03-12T19:54:08.216+0000] {processor.py:840} INFO - DAG(s) 'example_python_operator' retrieved from /home/airflow/.local/lib/python3.8/site-packages/airflow/example_dags/example_python_operator.py
[2024-03-12T19:54:08.413+0000] {logging_mixin.py:188} INFO - [2024-03-12T19:54:08.413+0000] {dag.py:3047} INFO - Sync 1 DAGs
[2024-03-12T19:54:08.432+0000] {logging_mixin.py:188} INFO - [2024-03-12T19:54:08.432+0000] {dag.py:3834} INFO - Setting next_dagrun for example_python_operator to None, run_after=None
[2024-03-12T19:54:08.503+0000] {processor.py:183} INFO - Processing /home/airflow/.local/lib/python3.8/site-packages/airflow/example_dags/example_python_operator.py took 0.316 seconds
[2024-03-12T19:54:38.926+0000] {processor.py:161} INFO - Started process (PID=277) to work on /home/airflow/.local/lib/python3.8/site-packages/airflow/example_dags/example_python_operator.py
[2024-03-12T19:54:38.928+0000] {processor.py:830} INFO - Processing file /home/airflow/.local/lib/python3.8/site-packages/airflow/example_dags/example_python_operator.py for tasks to queue
[2024-03-12T19:54:38.931+0000] {logging_mixin.py:188} INFO - [2024-03-12T19:54:38.931+0000] {dagbag.py:540} INFO - Filling up the DagBag from /home/airflow/.local/lib/python3.8/site-packages/airflow/example_dags/example_python_operator.py
[2024-03-12T19:54:38.948+0000] {processor.py:840} INFO - DAG(s) 'example_python_operator' retrieved from /home/airflow/.local/lib/python3.8/site-packages/airflow/example_dags/example_python_operator.py
[2024-03-12T19:54:38.990+0000] {logging_mixin.py:188} INFO - [2024-03-12T19:54:38.989+0000] {dag.py:3047} INFO - Sync 1 DAGs
[2024-03-12T19:54:39.010+0000] {logging_mixin.py:188} INFO - [2024-03-12T19:54:39.010+0000] {dag.py:3834} INFO - Setting next_dagrun for example_python_operator to None, run_after=None
[2024-03-12T19:54:39.060+0000] {processor.py:183} INFO - Processing /home/airflow/.local/lib/python3.8/site-packages/airflow/example_dags/example_python_operator.py took 0.139 seconds
[2024-03-12T19:55:09.500+0000] {processor.py:161} INFO - Started process (PID=334) to work on /home/airflow/.local/lib/python3.8/site-packages/airflow/example_dags/example_python_operator.py
[2024-03-12T19:55:09.503+0000] {processor.py:830} INFO - Processing file /home/airflow/.local/lib/python3.8/site-packages/airflow/example_dags/example_python_operator.py for tasks to queue
[2024-03-12T19:55:09.507+0000] {logging_mixin.py:188} INFO - [2024-03-12T19:55:09.506+0000] {dagbag.py:540} INFO - Filling up the DagBag from /home/airflow/.local/lib/python3.8/site-packages/airflow/example_dags/example_python_operator.py
[2024-03-12T19:55:09.529+0000] {processor.py:840} INFO - DAG(s) 'example_python_operator' retrieved from /home/airflow/.local/lib/python3.8/site-packages/airflow/example_dags/example_python_operator.py
[2024-03-12T19:55:09.577+0000] {logging_mixin.py:188} INFO - [2024-03-12T19:55:09.577+0000] {dag.py:3047} INFO - Sync 1 DAGs
[2024-03-12T19:55:09.601+0000] {logging_mixin.py:188} INFO - [2024-03-12T19:55:09.601+0000] {dag.py:3834} INFO - Setting next_dagrun for example_python_operator to None, run_after=None
[2024-03-12T19:55:09.644+0000] {processor.py:183} INFO - Processing /home/airflow/.local/lib/python3.8/site-packages/airflow/example_dags/example_python_operator.py took 0.150 seconds
[2024-03-12T19:55:41.923+0000] {processor.py:161} INFO - Started process (PID=397) to work on /home/airflow/.local/lib/python3.8/site-packages/airflow/example_dags/example_python_operator.py
[2024-03-12T19:55:41.925+0000] {processor.py:830} INFO - Processing file /home/airflow/.local/lib/python3.8/site-packages/airflow/example_dags/example_python_operator.py for tasks to queue
[2024-03-12T19:55:41.927+0000] {logging_mixin.py:188} INFO - [2024-03-12T19:55:41.927+0000] {dagbag.py:540} INFO - Filling up the DagBag from /home/airflow/.local/lib/python3.8/site-packages/airflow/example_dags/example_python_operator.py
[2024-03-12T19:55:41.945+0000] {processor.py:840} INFO - DAG(s) 'example_python_operator' retrieved from /home/airflow/.local/lib/python3.8/site-packages/airflow/example_dags/example_python_operator.py
[2024-03-12T19:55:41.992+0000] {logging_mixin.py:188} INFO - [2024-03-12T19:55:41.992+0000] {dag.py:3047} INFO - Sync 1 DAGs
[2024-03-12T19:55:42.015+0000] {logging_mixin.py:188} INFO - [2024-03-12T19:55:42.015+0000] {dag.py:3834} INFO - Setting next_dagrun for example_python_operator to None, run_after=None
[2024-03-12T19:55:42.058+0000] {processor.py:183} INFO - Processing /home/airflow/.local/lib/python3.8/site-packages/airflow/example_dags/example_python_operator.py took 0.139 seconds
[2024-03-12T19:56:12.953+0000] {processor.py:161} INFO - Started process (PID=454) to work on /home/airflow/.local/lib/python3.8/site-packages/airflow/example_dags/example_python_operator.py
[2024-03-12T19:56:12.955+0000] {processor.py:830} INFO - Processing file /home/airflow/.local/lib/python3.8/site-packages/airflow/example_dags/example_python_operator.py for tasks to queue
[2024-03-12T19:56:12.957+0000] {logging_mixin.py:188} INFO - [2024-03-12T19:56:12.956+0000] {dagbag.py:540} INFO - Filling up the DagBag from /home/airflow/.local/lib/python3.8/site-packages/airflow/example_dags/example_python_operator.py
[2024-03-12T19:56:12.975+0000] {processor.py:840} INFO - DAG(s) 'example_python_operator' retrieved from /home/airflow/.local/lib/python3.8/site-packages/airflow/example_dags/example_python_operator.py
[2024-03-12T19:56:13.010+0000] {logging_mixin.py:188} INFO - [2024-03-12T19:56:13.009+0000] {dag.py:3047} INFO - Sync 1 DAGs
[2024-03-12T19:56:13.029+0000] {logging_mixin.py:188} INFO - [2024-03-12T19:56:13.028+0000] {dag.py:3834} INFO - Setting next_dagrun for example_python_operator to None, run_after=None
[2024-03-12T19:56:13.066+0000] {processor.py:183} INFO - Processing /home/airflow/.local/lib/python3.8/site-packages/airflow/example_dags/example_python_operator.py took 0.117 seconds
[2024-03-12T19:56:44.145+0000] {processor.py:161} INFO - Started process (PID=511) to work on /home/airflow/.local/lib/python3.8/site-packages/airflow/example_dags/example_python_operator.py
[2024-03-12T19:56:44.147+0000] {processor.py:830} INFO - Processing file /home/airflow/.local/lib/python3.8/site-packages/airflow/example_dags/example_python_operator.py for tasks to queue
[2024-03-12T19:56:44.150+0000] {logging_mixin.py:188} INFO - [2024-03-12T19:56:44.149+0000] {dagbag.py:540} INFO - Filling up the DagBag from /home/airflow/.local/lib/python3.8/site-packages/airflow/example_dags/example_python_operator.py
[2024-03-12T19:56:44.165+0000] {processor.py:840} INFO - DAG(s) 'example_python_operator' retrieved from /home/airflow/.local/lib/python3.8/site-packages/airflow/example_dags/example_python_operator.py
[2024-03-12T19:56:44.202+0000] {logging_mixin.py:188} INFO - [2024-03-12T19:56:44.202+0000] {dag.py:3047} INFO - Sync 1 DAGs
[2024-03-12T19:56:44.226+0000] {logging_mixin.py:188} INFO - [2024-03-12T19:56:44.225+0000] {dag.py:3834} INFO - Setting next_dagrun for example_python_operator to None, run_after=None
[2024-03-12T19:56:44.262+0000] {processor.py:183} INFO - Processing /home/airflow/.local/lib/python3.8/site-packages/airflow/example_dags/example_python_operator.py took 0.122 seconds
[2024-03-12T19:57:15.111+0000] {processor.py:161} INFO - Started process (PID=568) to work on /home/airflow/.local/lib/python3.8/site-packages/airflow/example_dags/example_python_operator.py
[2024-03-12T19:57:15.115+0000] {processor.py:830} INFO - Processing file /home/airflow/.local/lib/python3.8/site-packages/airflow/example_dags/example_python_operator.py for tasks to queue
[2024-03-12T19:57:15.121+0000] {logging_mixin.py:188} INFO - [2024-03-12T19:57:15.120+0000] {dagbag.py:540} INFO - Filling up the DagBag from /home/airflow/.local/lib/python3.8/site-packages/airflow/example_dags/example_python_operator.py
[2024-03-12T19:57:15.138+0000] {processor.py:840} INFO - DAG(s) 'example_python_operator' retrieved from /home/airflow/.local/lib/python3.8/site-packages/airflow/example_dags/example_python_operator.py
[2024-03-12T19:57:15.184+0000] {logging_mixin.py:188} INFO - [2024-03-12T19:57:15.184+0000] {dag.py:3047} INFO - Sync 1 DAGs
[2024-03-12T19:57:15.209+0000] {logging_mixin.py:188} INFO - [2024-03-12T19:57:15.207+0000] {dag.py:3834} INFO - Setting next_dagrun for example_python_operator to None, run_after=None
[2024-03-12T19:57:15.292+0000] {processor.py:183} INFO - Processing /home/airflow/.local/lib/python3.8/site-packages/airflow/example_dags/example_python_operator.py took 0.186 seconds
