[2024-03-12T19:52:47.755+0000] {processor.py:161} INFO - Started process (PID=88) to work on /home/airflow/.local/lib/python3.8/site-packages/airflow/example_dags/example_python_decorator.py
[2024-03-12T19:52:47.756+0000] {processor.py:830} INFO - Processing file /home/airflow/.local/lib/python3.8/site-packages/airflow/example_dags/example_python_decorator.py for tasks to queue
[2024-03-12T19:52:47.759+0000] {logging_mixin.py:188} INFO - [2024-03-12T19:52:47.759+0000] {dagbag.py:540} INFO - Filling up the DagBag from /home/airflow/.local/lib/python3.8/site-packages/airflow/example_dags/example_python_decorator.py
[2024-03-12T19:52:47.782+0000] {processor.py:840} INFO - DAG(s) 'example_python_decorator' retrieved from /home/airflow/.local/lib/python3.8/site-packages/airflow/example_dags/example_python_decorator.py
[2024-03-12T19:52:48.100+0000] {logging_mixin.py:188} INFO - [2024-03-12T19:52:48.100+0000] {dag.py:3047} INFO - Sync 1 DAGs
[2024-03-12T19:52:48.127+0000] {logging_mixin.py:188} INFO - [2024-03-12T19:52:48.127+0000] {dag.py:3834} INFO - Setting next_dagrun for example_python_decorator to None, run_after=None
[2024-03-12T19:52:48.178+0000] {processor.py:183} INFO - Processing /home/airflow/.local/lib/python3.8/site-packages/airflow/example_dags/example_python_decorator.py took 0.428 seconds
[2024-03-12T19:53:18.231+0000] {processor.py:161} INFO - Started process (PID=146) to work on /home/airflow/.local/lib/python3.8/site-packages/airflow/example_dags/example_python_decorator.py
[2024-03-12T19:53:18.233+0000] {processor.py:830} INFO - Processing file /home/airflow/.local/lib/python3.8/site-packages/airflow/example_dags/example_python_decorator.py for tasks to queue
[2024-03-12T19:53:18.236+0000] {logging_mixin.py:188} INFO - [2024-03-12T19:53:18.235+0000] {dagbag.py:540} INFO - Filling up the DagBag from /home/airflow/.local/lib/python3.8/site-packages/airflow/example_dags/example_python_decorator.py
[2024-03-12T19:53:18.263+0000] {processor.py:840} INFO - DAG(s) 'example_python_decorator' retrieved from /home/airflow/.local/lib/python3.8/site-packages/airflow/example_dags/example_python_decorator.py
[2024-03-12T19:53:18.305+0000] {logging_mixin.py:188} INFO - [2024-03-12T19:53:18.305+0000] {dag.py:3047} INFO - Sync 1 DAGs
[2024-03-12T19:53:18.336+0000] {logging_mixin.py:188} INFO - [2024-03-12T19:53:18.335+0000] {dag.py:3834} INFO - Setting next_dagrun for example_python_decorator to None, run_after=None
[2024-03-12T19:53:18.385+0000] {processor.py:183} INFO - Processing /home/airflow/.local/lib/python3.8/site-packages/airflow/example_dags/example_python_decorator.py took 0.160 seconds
[2024-03-12T19:53:48.643+0000] {processor.py:161} INFO - Started process (PID=202) to work on /home/airflow/.local/lib/python3.8/site-packages/airflow/example_dags/example_python_decorator.py
[2024-03-12T19:53:48.645+0000] {processor.py:830} INFO - Processing file /home/airflow/.local/lib/python3.8/site-packages/airflow/example_dags/example_python_decorator.py for tasks to queue
[2024-03-12T19:53:48.648+0000] {logging_mixin.py:188} INFO - [2024-03-12T19:53:48.647+0000] {dagbag.py:540} INFO - Filling up the DagBag from /home/airflow/.local/lib/python3.8/site-packages/airflow/example_dags/example_python_decorator.py
[2024-03-12T19:53:48.670+0000] {processor.py:840} INFO - DAG(s) 'example_python_decorator' retrieved from /home/airflow/.local/lib/python3.8/site-packages/airflow/example_dags/example_python_decorator.py
[2024-03-12T19:53:48.692+0000] {logging_mixin.py:188} INFO - [2024-03-12T19:53:48.692+0000] {dag.py:3047} INFO - Sync 1 DAGs
[2024-03-12T19:53:48.712+0000] {logging_mixin.py:188} INFO - [2024-03-12T19:53:48.712+0000] {dag.py:3834} INFO - Setting next_dagrun for example_python_decorator to None, run_after=None
[2024-03-12T19:53:48.746+0000] {processor.py:183} INFO - Processing /home/airflow/.local/lib/python3.8/site-packages/airflow/example_dags/example_python_decorator.py took 0.109 seconds
[2024-03-12T19:54:19.872+0000] {processor.py:161} INFO - Started process (PID=259) to work on /home/airflow/.local/lib/python3.8/site-packages/airflow/example_dags/example_python_decorator.py
[2024-03-12T19:54:19.874+0000] {processor.py:830} INFO - Processing file /home/airflow/.local/lib/python3.8/site-packages/airflow/example_dags/example_python_decorator.py for tasks to queue
[2024-03-12T19:54:19.878+0000] {logging_mixin.py:188} INFO - [2024-03-12T19:54:19.877+0000] {dagbag.py:540} INFO - Filling up the DagBag from /home/airflow/.local/lib/python3.8/site-packages/airflow/example_dags/example_python_decorator.py
[2024-03-12T19:54:19.897+0000] {processor.py:840} INFO - DAG(s) 'example_python_decorator' retrieved from /home/airflow/.local/lib/python3.8/site-packages/airflow/example_dags/example_python_decorator.py
[2024-03-12T19:54:20.049+0000] {logging_mixin.py:188} INFO - [2024-03-12T19:54:20.049+0000] {dag.py:3047} INFO - Sync 1 DAGs
[2024-03-12T19:54:20.065+0000] {logging_mixin.py:188} INFO - [2024-03-12T19:54:20.065+0000] {dag.py:3834} INFO - Setting next_dagrun for example_python_decorator to None, run_after=None
[2024-03-12T19:54:20.100+0000] {processor.py:183} INFO - Processing /home/airflow/.local/lib/python3.8/site-packages/airflow/example_dags/example_python_decorator.py took 0.234 seconds
[2024-03-12T19:54:50.147+0000] {processor.py:161} INFO - Started process (PID=316) to work on /home/airflow/.local/lib/python3.8/site-packages/airflow/example_dags/example_python_decorator.py
[2024-03-12T19:54:50.149+0000] {processor.py:830} INFO - Processing file /home/airflow/.local/lib/python3.8/site-packages/airflow/example_dags/example_python_decorator.py for tasks to queue
[2024-03-12T19:54:50.151+0000] {logging_mixin.py:188} INFO - [2024-03-12T19:54:50.150+0000] {dagbag.py:540} INFO - Filling up the DagBag from /home/airflow/.local/lib/python3.8/site-packages/airflow/example_dags/example_python_decorator.py
[2024-03-12T19:54:50.169+0000] {processor.py:840} INFO - DAG(s) 'example_python_decorator' retrieved from /home/airflow/.local/lib/python3.8/site-packages/airflow/example_dags/example_python_decorator.py
[2024-03-12T19:54:50.207+0000] {logging_mixin.py:188} INFO - [2024-03-12T19:54:50.206+0000] {dag.py:3047} INFO - Sync 1 DAGs
[2024-03-12T19:54:50.237+0000] {logging_mixin.py:188} INFO - [2024-03-12T19:54:50.237+0000] {dag.py:3834} INFO - Setting next_dagrun for example_python_decorator to None, run_after=None
[2024-03-12T19:54:50.276+0000] {processor.py:183} INFO - Processing /home/airflow/.local/lib/python3.8/site-packages/airflow/example_dags/example_python_decorator.py took 0.133 seconds
[2024-03-12T19:55:20.777+0000] {processor.py:161} INFO - Started process (PID=373) to work on /home/airflow/.local/lib/python3.8/site-packages/airflow/example_dags/example_python_decorator.py
[2024-03-12T19:55:20.783+0000] {processor.py:830} INFO - Processing file /home/airflow/.local/lib/python3.8/site-packages/airflow/example_dags/example_python_decorator.py for tasks to queue
[2024-03-12T19:55:20.789+0000] {logging_mixin.py:188} INFO - [2024-03-12T19:55:20.787+0000] {dagbag.py:540} INFO - Filling up the DagBag from /home/airflow/.local/lib/python3.8/site-packages/airflow/example_dags/example_python_decorator.py
[2024-03-12T19:55:20.864+0000] {processor.py:840} INFO - DAG(s) 'example_python_decorator' retrieved from /home/airflow/.local/lib/python3.8/site-packages/airflow/example_dags/example_python_decorator.py
[2024-03-12T19:55:20.918+0000] {logging_mixin.py:188} INFO - [2024-03-12T19:55:20.917+0000] {dag.py:3047} INFO - Sync 1 DAGs
[2024-03-12T19:55:20.940+0000] {logging_mixin.py:188} INFO - [2024-03-12T19:55:20.940+0000] {dag.py:3834} INFO - Setting next_dagrun for example_python_decorator to None, run_after=None
[2024-03-12T19:55:20.974+0000] {processor.py:183} INFO - Processing /home/airflow/.local/lib/python3.8/site-packages/airflow/example_dags/example_python_decorator.py took 0.211 seconds
[2024-03-12T19:55:51.360+0000] {processor.py:161} INFO - Started process (PID=430) to work on /home/airflow/.local/lib/python3.8/site-packages/airflow/example_dags/example_python_decorator.py
[2024-03-12T19:55:51.361+0000] {processor.py:830} INFO - Processing file /home/airflow/.local/lib/python3.8/site-packages/airflow/example_dags/example_python_decorator.py for tasks to queue
[2024-03-12T19:55:51.365+0000] {logging_mixin.py:188} INFO - [2024-03-12T19:55:51.364+0000] {dagbag.py:540} INFO - Filling up the DagBag from /home/airflow/.local/lib/python3.8/site-packages/airflow/example_dags/example_python_decorator.py
[2024-03-12T19:55:51.384+0000] {processor.py:840} INFO - DAG(s) 'example_python_decorator' retrieved from /home/airflow/.local/lib/python3.8/site-packages/airflow/example_dags/example_python_decorator.py
[2024-03-12T19:55:51.420+0000] {logging_mixin.py:188} INFO - [2024-03-12T19:55:51.419+0000] {dag.py:3047} INFO - Sync 1 DAGs
[2024-03-12T19:55:51.441+0000] {logging_mixin.py:188} INFO - [2024-03-12T19:55:51.441+0000] {dag.py:3834} INFO - Setting next_dagrun for example_python_decorator to None, run_after=None
[2024-03-12T19:55:51.480+0000] {processor.py:183} INFO - Processing /home/airflow/.local/lib/python3.8/site-packages/airflow/example_dags/example_python_decorator.py took 0.124 seconds
[2024-03-12T19:56:22.306+0000] {processor.py:161} INFO - Started process (PID=487) to work on /home/airflow/.local/lib/python3.8/site-packages/airflow/example_dags/example_python_decorator.py
[2024-03-12T19:56:22.308+0000] {processor.py:830} INFO - Processing file /home/airflow/.local/lib/python3.8/site-packages/airflow/example_dags/example_python_decorator.py for tasks to queue
[2024-03-12T19:56:22.311+0000] {logging_mixin.py:188} INFO - [2024-03-12T19:56:22.310+0000] {dagbag.py:540} INFO - Filling up the DagBag from /home/airflow/.local/lib/python3.8/site-packages/airflow/example_dags/example_python_decorator.py
[2024-03-12T19:56:22.330+0000] {processor.py:840} INFO - DAG(s) 'example_python_decorator' retrieved from /home/airflow/.local/lib/python3.8/site-packages/airflow/example_dags/example_python_decorator.py
[2024-03-12T19:56:22.362+0000] {logging_mixin.py:188} INFO - [2024-03-12T19:56:22.362+0000] {dag.py:3047} INFO - Sync 1 DAGs
[2024-03-12T19:56:22.383+0000] {logging_mixin.py:188} INFO - [2024-03-12T19:56:22.382+0000] {dag.py:3834} INFO - Setting next_dagrun for example_python_decorator to None, run_after=None
[2024-03-12T19:56:22.420+0000] {processor.py:183} INFO - Processing /home/airflow/.local/lib/python3.8/site-packages/airflow/example_dags/example_python_decorator.py took 0.118 seconds
[2024-03-12T19:56:52.905+0000] {processor.py:161} INFO - Started process (PID=544) to work on /home/airflow/.local/lib/python3.8/site-packages/airflow/example_dags/example_python_decorator.py
[2024-03-12T19:56:52.907+0000] {processor.py:830} INFO - Processing file /home/airflow/.local/lib/python3.8/site-packages/airflow/example_dags/example_python_decorator.py for tasks to queue
[2024-03-12T19:56:52.909+0000] {logging_mixin.py:188} INFO - [2024-03-12T19:56:52.909+0000] {dagbag.py:540} INFO - Filling up the DagBag from /home/airflow/.local/lib/python3.8/site-packages/airflow/example_dags/example_python_decorator.py
[2024-03-12T19:56:52.933+0000] {processor.py:840} INFO - DAG(s) 'example_python_decorator' retrieved from /home/airflow/.local/lib/python3.8/site-packages/airflow/example_dags/example_python_decorator.py
[2024-03-12T19:56:52.973+0000] {logging_mixin.py:188} INFO - [2024-03-12T19:56:52.973+0000] {dag.py:3047} INFO - Sync 1 DAGs
[2024-03-12T19:56:52.997+0000] {logging_mixin.py:188} INFO - [2024-03-12T19:56:52.997+0000] {dag.py:3834} INFO - Setting next_dagrun for example_python_decorator to None, run_after=None
[2024-03-12T19:56:53.039+0000] {processor.py:183} INFO - Processing /home/airflow/.local/lib/python3.8/site-packages/airflow/example_dags/example_python_decorator.py took 0.137 seconds
