[2024-03-12T19:52:41.294+0000] {processor.py:161} INFO - Started process (PID=66) to work on /home/airflow/.local/lib/python3.8/site-packages/airflow/example_dags/example_latest_only_with_trigger.py
[2024-03-12T19:52:41.296+0000] {processor.py:830} INFO - Processing file /home/airflow/.local/lib/python3.8/site-packages/airflow/example_dags/example_latest_only_with_trigger.py for tasks to queue
[2024-03-12T19:52:41.315+0000] {logging_mixin.py:188} INFO - [2024-03-12T19:52:41.309+0000] {dagbag.py:540} INFO - Filling up the DagBag from /home/airflow/.local/lib/python3.8/site-packages/airflow/example_dags/example_latest_only_with_trigger.py
[2024-03-12T19:52:41.397+0000] {processor.py:840} INFO - DAG(s) 'latest_only_with_trigger' retrieved from /home/airflow/.local/lib/python3.8/site-packages/airflow/example_dags/example_latest_only_with_trigger.py
[2024-03-12T19:52:41.601+0000] {logging_mixin.py:188} INFO - [2024-03-12T19:52:41.601+0000] {dag.py:3047} INFO - Sync 1 DAGs
[2024-03-12T19:52:42.620+0000] {logging_mixin.py:188} INFO - [2024-03-12T19:52:42.619+0000] {dag.py:3834} INFO - Setting next_dagrun for latest_only_with_trigger to 2024-03-12 12:00:00+00:00, run_after=2024-03-12 16:00:00+00:00
[2024-03-12T19:52:42.714+0000] {processor.py:183} INFO - Processing /home/airflow/.local/lib/python3.8/site-packages/airflow/example_dags/example_latest_only_with_trigger.py took 1.484 seconds
[2024-03-12T19:53:13.131+0000] {processor.py:161} INFO - Started process (PID=123) to work on /home/airflow/.local/lib/python3.8/site-packages/airflow/example_dags/example_latest_only_with_trigger.py
[2024-03-12T19:53:13.161+0000] {processor.py:830} INFO - Processing file /home/airflow/.local/lib/python3.8/site-packages/airflow/example_dags/example_latest_only_with_trigger.py for tasks to queue
[2024-03-12T19:53:13.166+0000] {logging_mixin.py:188} INFO - [2024-03-12T19:53:13.165+0000] {dagbag.py:540} INFO - Filling up the DagBag from /home/airflow/.local/lib/python3.8/site-packages/airflow/example_dags/example_latest_only_with_trigger.py
[2024-03-12T19:53:13.182+0000] {processor.py:840} INFO - DAG(s) 'latest_only_with_trigger' retrieved from /home/airflow/.local/lib/python3.8/site-packages/airflow/example_dags/example_latest_only_with_trigger.py
[2024-03-12T19:53:13.235+0000] {logging_mixin.py:188} INFO - [2024-03-12T19:53:13.234+0000] {dag.py:3047} INFO - Sync 1 DAGs
[2024-03-12T19:53:13.307+0000] {logging_mixin.py:188} INFO - [2024-03-12T19:53:13.306+0000] {dag.py:3834} INFO - Setting next_dagrun for latest_only_with_trigger to 2024-03-12 12:00:00+00:00, run_after=2024-03-12 16:00:00+00:00
[2024-03-12T19:53:13.360+0000] {processor.py:183} INFO - Processing /home/airflow/.local/lib/python3.8/site-packages/airflow/example_dags/example_latest_only_with_trigger.py took 0.242 seconds
[2024-03-12T19:53:43.550+0000] {processor.py:161} INFO - Started process (PID=180) to work on /home/airflow/.local/lib/python3.8/site-packages/airflow/example_dags/example_latest_only_with_trigger.py
[2024-03-12T19:53:43.554+0000] {processor.py:830} INFO - Processing file /home/airflow/.local/lib/python3.8/site-packages/airflow/example_dags/example_latest_only_with_trigger.py for tasks to queue
[2024-03-12T19:53:43.559+0000] {logging_mixin.py:188} INFO - [2024-03-12T19:53:43.557+0000] {dagbag.py:540} INFO - Filling up the DagBag from /home/airflow/.local/lib/python3.8/site-packages/airflow/example_dags/example_latest_only_with_trigger.py
[2024-03-12T19:53:43.569+0000] {processor.py:840} INFO - DAG(s) 'latest_only_with_trigger' retrieved from /home/airflow/.local/lib/python3.8/site-packages/airflow/example_dags/example_latest_only_with_trigger.py
[2024-03-12T19:53:43.595+0000] {logging_mixin.py:188} INFO - [2024-03-12T19:53:43.595+0000] {dag.py:3047} INFO - Sync 1 DAGs
[2024-03-12T19:53:43.648+0000] {logging_mixin.py:188} INFO - [2024-03-12T19:53:43.647+0000] {dag.py:3834} INFO - Setting next_dagrun for latest_only_with_trigger to 2024-03-12 12:00:00+00:00, run_after=2024-03-12 16:00:00+00:00
[2024-03-12T19:53:43.697+0000] {processor.py:183} INFO - Processing /home/airflow/.local/lib/python3.8/site-packages/airflow/example_dags/example_latest_only_with_trigger.py took 0.160 seconds
[2024-03-12T19:54:14.725+0000] {processor.py:161} INFO - Started process (PID=237) to work on /home/airflow/.local/lib/python3.8/site-packages/airflow/example_dags/example_latest_only_with_trigger.py
[2024-03-12T19:54:14.748+0000] {processor.py:830} INFO - Processing file /home/airflow/.local/lib/python3.8/site-packages/airflow/example_dags/example_latest_only_with_trigger.py for tasks to queue
[2024-03-12T19:54:14.751+0000] {logging_mixin.py:188} INFO - [2024-03-12T19:54:14.751+0000] {dagbag.py:540} INFO - Filling up the DagBag from /home/airflow/.local/lib/python3.8/site-packages/airflow/example_dags/example_latest_only_with_trigger.py
[2024-03-12T19:54:14.761+0000] {processor.py:840} INFO - DAG(s) 'latest_only_with_trigger' retrieved from /home/airflow/.local/lib/python3.8/site-packages/airflow/example_dags/example_latest_only_with_trigger.py
[2024-03-12T19:54:15.009+0000] {logging_mixin.py:188} INFO - [2024-03-12T19:54:15.009+0000] {dag.py:3047} INFO - Sync 1 DAGs
[2024-03-12T19:54:15.048+0000] {logging_mixin.py:188} INFO - [2024-03-12T19:54:15.047+0000] {dag.py:3834} INFO - Setting next_dagrun for latest_only_with_trigger to 2024-03-12 12:00:00+00:00, run_after=2024-03-12 16:00:00+00:00
[2024-03-12T19:54:15.093+0000] {processor.py:183} INFO - Processing /home/airflow/.local/lib/python3.8/site-packages/airflow/example_dags/example_latest_only_with_trigger.py took 0.380 seconds
[2024-03-12T19:54:45.228+0000] {processor.py:161} INFO - Started process (PID=294) to work on /home/airflow/.local/lib/python3.8/site-packages/airflow/example_dags/example_latest_only_with_trigger.py
[2024-03-12T19:54:45.232+0000] {processor.py:830} INFO - Processing file /home/airflow/.local/lib/python3.8/site-packages/airflow/example_dags/example_latest_only_with_trigger.py for tasks to queue
[2024-03-12T19:54:45.236+0000] {logging_mixin.py:188} INFO - [2024-03-12T19:54:45.235+0000] {dagbag.py:540} INFO - Filling up the DagBag from /home/airflow/.local/lib/python3.8/site-packages/airflow/example_dags/example_latest_only_with_trigger.py
[2024-03-12T19:54:45.250+0000] {processor.py:840} INFO - DAG(s) 'latest_only_with_trigger' retrieved from /home/airflow/.local/lib/python3.8/site-packages/airflow/example_dags/example_latest_only_with_trigger.py
[2024-03-12T19:54:45.299+0000] {logging_mixin.py:188} INFO - [2024-03-12T19:54:45.298+0000] {dag.py:3047} INFO - Sync 1 DAGs
[2024-03-12T19:54:45.352+0000] {logging_mixin.py:188} INFO - [2024-03-12T19:54:45.351+0000] {dag.py:3834} INFO - Setting next_dagrun for latest_only_with_trigger to 2024-03-12 12:00:00+00:00, run_after=2024-03-12 16:00:00+00:00
[2024-03-12T19:54:45.395+0000] {processor.py:183} INFO - Processing /home/airflow/.local/lib/python3.8/site-packages/airflow/example_dags/example_latest_only_with_trigger.py took 0.184 seconds
[2024-03-12T19:55:15.549+0000] {processor.py:161} INFO - Started process (PID=351) to work on /home/airflow/.local/lib/python3.8/site-packages/airflow/example_dags/example_latest_only_with_trigger.py
[2024-03-12T19:55:15.579+0000] {processor.py:830} INFO - Processing file /home/airflow/.local/lib/python3.8/site-packages/airflow/example_dags/example_latest_only_with_trigger.py for tasks to queue
[2024-03-12T19:55:15.582+0000] {logging_mixin.py:188} INFO - [2024-03-12T19:55:15.582+0000] {dagbag.py:540} INFO - Filling up the DagBag from /home/airflow/.local/lib/python3.8/site-packages/airflow/example_dags/example_latest_only_with_trigger.py
[2024-03-12T19:55:15.591+0000] {processor.py:840} INFO - DAG(s) 'latest_only_with_trigger' retrieved from /home/airflow/.local/lib/python3.8/site-packages/airflow/example_dags/example_latest_only_with_trigger.py
[2024-03-12T19:55:15.632+0000] {logging_mixin.py:188} INFO - [2024-03-12T19:55:15.632+0000] {dag.py:3047} INFO - Sync 1 DAGs
[2024-03-12T19:55:15.679+0000] {logging_mixin.py:188} INFO - [2024-03-12T19:55:15.678+0000] {dag.py:3834} INFO - Setting next_dagrun for latest_only_with_trigger to 2024-03-12 12:00:00+00:00, run_after=2024-03-12 16:00:00+00:00
[2024-03-12T19:55:15.733+0000] {processor.py:183} INFO - Processing /home/airflow/.local/lib/python3.8/site-packages/airflow/example_dags/example_latest_only_with_trigger.py took 0.194 seconds
[2024-03-12T19:55:46.120+0000] {processor.py:161} INFO - Started process (PID=408) to work on /home/airflow/.local/lib/python3.8/site-packages/airflow/example_dags/example_latest_only_with_trigger.py
[2024-03-12T19:55:46.123+0000] {processor.py:830} INFO - Processing file /home/airflow/.local/lib/python3.8/site-packages/airflow/example_dags/example_latest_only_with_trigger.py for tasks to queue
[2024-03-12T19:55:46.127+0000] {logging_mixin.py:188} INFO - [2024-03-12T19:55:46.126+0000] {dagbag.py:540} INFO - Filling up the DagBag from /home/airflow/.local/lib/python3.8/site-packages/airflow/example_dags/example_latest_only_with_trigger.py
[2024-03-12T19:55:46.140+0000] {processor.py:840} INFO - DAG(s) 'latest_only_with_trigger' retrieved from /home/airflow/.local/lib/python3.8/site-packages/airflow/example_dags/example_latest_only_with_trigger.py
[2024-03-12T19:55:46.189+0000] {logging_mixin.py:188} INFO - [2024-03-12T19:55:46.189+0000] {dag.py:3047} INFO - Sync 1 DAGs
[2024-03-12T19:55:46.258+0000] {logging_mixin.py:188} INFO - [2024-03-12T19:55:46.257+0000] {dag.py:3834} INFO - Setting next_dagrun for latest_only_with_trigger to 2024-03-12 12:00:00+00:00, run_after=2024-03-12 16:00:00+00:00
[2024-03-12T19:55:46.323+0000] {processor.py:183} INFO - Processing /home/airflow/.local/lib/python3.8/site-packages/airflow/example_dags/example_latest_only_with_trigger.py took 0.208 seconds
[2024-03-12T19:56:16.947+0000] {processor.py:161} INFO - Started process (PID=465) to work on /home/airflow/.local/lib/python3.8/site-packages/airflow/example_dags/example_latest_only_with_trigger.py
[2024-03-12T19:56:16.950+0000] {processor.py:830} INFO - Processing file /home/airflow/.local/lib/python3.8/site-packages/airflow/example_dags/example_latest_only_with_trigger.py for tasks to queue
[2024-03-12T19:56:16.955+0000] {logging_mixin.py:188} INFO - [2024-03-12T19:56:16.954+0000] {dagbag.py:540} INFO - Filling up the DagBag from /home/airflow/.local/lib/python3.8/site-packages/airflow/example_dags/example_latest_only_with_trigger.py
[2024-03-12T19:56:16.966+0000] {processor.py:840} INFO - DAG(s) 'latest_only_with_trigger' retrieved from /home/airflow/.local/lib/python3.8/site-packages/airflow/example_dags/example_latest_only_with_trigger.py
[2024-03-12T19:56:17.047+0000] {logging_mixin.py:188} INFO - [2024-03-12T19:56:17.046+0000] {dag.py:3047} INFO - Sync 1 DAGs
[2024-03-12T19:56:17.139+0000] {logging_mixin.py:188} INFO - [2024-03-12T19:56:17.139+0000] {dag.py:3834} INFO - Setting next_dagrun for latest_only_with_trigger to 2024-03-12 12:00:00+00:00, run_after=2024-03-12 16:00:00+00:00
[2024-03-12T19:56:17.202+0000] {processor.py:183} INFO - Processing /home/airflow/.local/lib/python3.8/site-packages/airflow/example_dags/example_latest_only_with_trigger.py took 0.260 seconds
[2024-03-12T19:56:48.076+0000] {processor.py:161} INFO - Started process (PID=522) to work on /home/airflow/.local/lib/python3.8/site-packages/airflow/example_dags/example_latest_only_with_trigger.py
[2024-03-12T19:56:48.079+0000] {processor.py:830} INFO - Processing file /home/airflow/.local/lib/python3.8/site-packages/airflow/example_dags/example_latest_only_with_trigger.py for tasks to queue
[2024-03-12T19:56:48.082+0000] {logging_mixin.py:188} INFO - [2024-03-12T19:56:48.081+0000] {dagbag.py:540} INFO - Filling up the DagBag from /home/airflow/.local/lib/python3.8/site-packages/airflow/example_dags/example_latest_only_with_trigger.py
[2024-03-12T19:56:48.096+0000] {processor.py:840} INFO - DAG(s) 'latest_only_with_trigger' retrieved from /home/airflow/.local/lib/python3.8/site-packages/airflow/example_dags/example_latest_only_with_trigger.py
[2024-03-12T19:56:48.139+0000] {logging_mixin.py:188} INFO - [2024-03-12T19:56:48.138+0000] {dag.py:3047} INFO - Sync 1 DAGs
[2024-03-12T19:56:48.182+0000] {logging_mixin.py:188} INFO - [2024-03-12T19:56:48.182+0000] {dag.py:3834} INFO - Setting next_dagrun for latest_only_with_trigger to 2024-03-12 12:00:00+00:00, run_after=2024-03-12 16:00:00+00:00
[2024-03-12T19:56:48.220+0000] {processor.py:183} INFO - Processing /home/airflow/.local/lib/python3.8/site-packages/airflow/example_dags/example_latest_only_with_trigger.py took 0.152 seconds
[2024-03-12T19:57:18.294+0000] {processor.py:161} INFO - Started process (PID=579) to work on /home/airflow/.local/lib/python3.8/site-packages/airflow/example_dags/example_latest_only_with_trigger.py
[2024-03-12T19:57:18.309+0000] {processor.py:830} INFO - Processing file /home/airflow/.local/lib/python3.8/site-packages/airflow/example_dags/example_latest_only_with_trigger.py for tasks to queue
[2024-03-12T19:57:18.312+0000] {logging_mixin.py:188} INFO - [2024-03-12T19:57:18.311+0000] {dagbag.py:540} INFO - Filling up the DagBag from /home/airflow/.local/lib/python3.8/site-packages/airflow/example_dags/example_latest_only_with_trigger.py
[2024-03-12T19:57:18.322+0000] {processor.py:840} INFO - DAG(s) 'latest_only_with_trigger' retrieved from /home/airflow/.local/lib/python3.8/site-packages/airflow/example_dags/example_latest_only_with_trigger.py
[2024-03-12T19:57:18.361+0000] {logging_mixin.py:188} INFO - [2024-03-12T19:57:18.360+0000] {dag.py:3047} INFO - Sync 1 DAGs
[2024-03-12T19:57:18.401+0000] {logging_mixin.py:188} INFO - [2024-03-12T19:57:18.400+0000] {dag.py:3834} INFO - Setting next_dagrun for latest_only_with_trigger to 2024-03-12 12:00:00+00:00, run_after=2024-03-12 16:00:00+00:00
[2024-03-12T19:57:18.445+0000] {processor.py:183} INFO - Processing /home/airflow/.local/lib/python3.8/site-packages/airflow/example_dags/example_latest_only_with_trigger.py took 0.156 seconds
