[2024-03-12T19:52:32.562+0000] {processor.py:161} INFO - Started process (PID=44) to work on /home/airflow/.local/lib/python3.8/site-packages/airflow/example_dags/example_branch_datetime_operator.py
[2024-03-12T19:52:32.564+0000] {processor.py:830} INFO - Processing file /home/airflow/.local/lib/python3.8/site-packages/airflow/example_dags/example_branch_datetime_operator.py for tasks to queue
[2024-03-12T19:52:32.566+0000] {logging_mixin.py:188} INFO - [2024-03-12T19:52:32.566+0000] {dagbag.py:540} INFO - Filling up the DagBag from /home/airflow/.local/lib/python3.8/site-packages/airflow/example_dags/example_branch_datetime_operator.py
[2024-03-12T19:52:32.595+0000] {processor.py:840} INFO - DAG(s) 'example_branch_datetime_operator_3', 'example_branch_datetime_operator_2', 'example_branch_datetime_operator' retrieved from /home/airflow/.local/lib/python3.8/site-packages/airflow/example_dags/example_branch_datetime_operator.py
[2024-03-12T19:52:32.733+0000] {logging_mixin.py:188} INFO - [2024-03-12T19:52:32.733+0000] {dag.py:3047} INFO - Sync 3 DAGs
[2024-03-12T19:52:32.794+0000] {logging_mixin.py:188} INFO - [2024-03-12T19:52:32.793+0000] {dag.py:3834} INFO - Setting next_dagrun for example_branch_datetime_operator to 2024-03-11 00:00:00+00:00, run_after=2024-03-12 00:00:00+00:00
[2024-03-12T19:52:32.804+0000] {logging_mixin.py:188} INFO - [2024-03-12T19:52:32.804+0000] {dag.py:3834} INFO - Setting next_dagrun for example_branch_datetime_operator_2 to 2024-03-11 00:00:00+00:00, run_after=2024-03-12 00:00:00+00:00
[2024-03-12T19:52:32.810+0000] {logging_mixin.py:188} INFO - [2024-03-12T19:52:32.809+0000] {dag.py:3834} INFO - Setting next_dagrun for example_branch_datetime_operator_3 to 2024-03-11 00:00:00+00:00, run_after=2024-03-12 00:00:00+00:00
[2024-03-12T19:52:32.850+0000] {processor.py:183} INFO - Processing /home/airflow/.local/lib/python3.8/site-packages/airflow/example_dags/example_branch_datetime_operator.py took 0.294 seconds
[2024-03-12T19:53:03.540+0000] {processor.py:161} INFO - Started process (PID=100) to work on /home/airflow/.local/lib/python3.8/site-packages/airflow/example_dags/example_branch_datetime_operator.py
[2024-03-12T19:53:03.541+0000] {processor.py:830} INFO - Processing file /home/airflow/.local/lib/python3.8/site-packages/airflow/example_dags/example_branch_datetime_operator.py for tasks to queue
[2024-03-12T19:53:03.545+0000] {logging_mixin.py:188} INFO - [2024-03-12T19:53:03.544+0000] {dagbag.py:540} INFO - Filling up the DagBag from /home/airflow/.local/lib/python3.8/site-packages/airflow/example_dags/example_branch_datetime_operator.py
[2024-03-12T19:53:03.569+0000] {processor.py:840} INFO - DAG(s) 'example_branch_datetime_operator_2', 'example_branch_datetime_operator', 'example_branch_datetime_operator_3' retrieved from /home/airflow/.local/lib/python3.8/site-packages/airflow/example_dags/example_branch_datetime_operator.py
[2024-03-12T19:53:03.618+0000] {logging_mixin.py:188} INFO - [2024-03-12T19:53:03.618+0000] {dag.py:3047} INFO - Sync 3 DAGs
[2024-03-12T19:53:03.656+0000] {logging_mixin.py:188} INFO - [2024-03-12T19:53:03.655+0000] {dag.py:3834} INFO - Setting next_dagrun for example_branch_datetime_operator to 2024-03-11 00:00:00+00:00, run_after=2024-03-12 00:00:00+00:00
[2024-03-12T19:53:03.664+0000] {logging_mixin.py:188} INFO - [2024-03-12T19:53:03.664+0000] {dag.py:3834} INFO - Setting next_dagrun for example_branch_datetime_operator_2 to 2024-03-11 00:00:00+00:00, run_after=2024-03-12 00:00:00+00:00
[2024-03-12T19:53:03.670+0000] {logging_mixin.py:188} INFO - [2024-03-12T19:53:03.669+0000] {dag.py:3834} INFO - Setting next_dagrun for example_branch_datetime_operator_3 to 2024-03-11 00:00:00+00:00, run_after=2024-03-12 00:00:00+00:00
[2024-03-12T19:53:03.706+0000] {processor.py:183} INFO - Processing /home/airflow/.local/lib/python3.8/site-packages/airflow/example_dags/example_branch_datetime_operator.py took 0.171 seconds
[2024-03-12T19:53:34.304+0000] {processor.py:161} INFO - Started process (PID=157) to work on /home/airflow/.local/lib/python3.8/site-packages/airflow/example_dags/example_branch_datetime_operator.py
[2024-03-12T19:53:34.305+0000] {processor.py:830} INFO - Processing file /home/airflow/.local/lib/python3.8/site-packages/airflow/example_dags/example_branch_datetime_operator.py for tasks to queue
[2024-03-12T19:53:34.308+0000] {logging_mixin.py:188} INFO - [2024-03-12T19:53:34.308+0000] {dagbag.py:540} INFO - Filling up the DagBag from /home/airflow/.local/lib/python3.8/site-packages/airflow/example_dags/example_branch_datetime_operator.py
[2024-03-12T19:53:34.329+0000] {processor.py:840} INFO - DAG(s) 'example_branch_datetime_operator', 'example_branch_datetime_operator_2', 'example_branch_datetime_operator_3' retrieved from /home/airflow/.local/lib/python3.8/site-packages/airflow/example_dags/example_branch_datetime_operator.py
[2024-03-12T19:53:34.357+0000] {logging_mixin.py:188} INFO - [2024-03-12T19:53:34.356+0000] {dag.py:3047} INFO - Sync 3 DAGs
[2024-03-12T19:53:34.409+0000] {logging_mixin.py:188} INFO - [2024-03-12T19:53:34.409+0000] {dag.py:3834} INFO - Setting next_dagrun for example_branch_datetime_operator to 2024-03-11 00:00:00+00:00, run_after=2024-03-12 00:00:00+00:00
[2024-03-12T19:53:34.420+0000] {logging_mixin.py:188} INFO - [2024-03-12T19:53:34.419+0000] {dag.py:3834} INFO - Setting next_dagrun for example_branch_datetime_operator_2 to 2024-03-11 00:00:00+00:00, run_after=2024-03-12 00:00:00+00:00
[2024-03-12T19:53:34.425+0000] {logging_mixin.py:188} INFO - [2024-03-12T19:53:34.425+0000] {dag.py:3834} INFO - Setting next_dagrun for example_branch_datetime_operator_3 to 2024-03-11 00:00:00+00:00, run_after=2024-03-12 00:00:00+00:00
[2024-03-12T19:53:34.459+0000] {processor.py:183} INFO - Processing /home/airflow/.local/lib/python3.8/site-packages/airflow/example_dags/example_branch_datetime_operator.py took 0.161 seconds
[2024-03-12T19:54:05.901+0000] {processor.py:161} INFO - Started process (PID=214) to work on /home/airflow/.local/lib/python3.8/site-packages/airflow/example_dags/example_branch_datetime_operator.py
[2024-03-12T19:54:05.903+0000] {processor.py:830} INFO - Processing file /home/airflow/.local/lib/python3.8/site-packages/airflow/example_dags/example_branch_datetime_operator.py for tasks to queue
[2024-03-12T19:54:05.908+0000] {logging_mixin.py:188} INFO - [2024-03-12T19:54:05.907+0000] {dagbag.py:540} INFO - Filling up the DagBag from /home/airflow/.local/lib/python3.8/site-packages/airflow/example_dags/example_branch_datetime_operator.py
[2024-03-12T19:54:05.931+0000] {processor.py:840} INFO - DAG(s) 'example_branch_datetime_operator_3', 'example_branch_datetime_operator', 'example_branch_datetime_operator_2' retrieved from /home/airflow/.local/lib/python3.8/site-packages/airflow/example_dags/example_branch_datetime_operator.py
[2024-03-12T19:54:06.222+0000] {logging_mixin.py:188} INFO - [2024-03-12T19:54:06.221+0000] {dag.py:3047} INFO - Sync 3 DAGs
[2024-03-12T19:54:06.267+0000] {logging_mixin.py:188} INFO - [2024-03-12T19:54:06.266+0000] {dag.py:3834} INFO - Setting next_dagrun for example_branch_datetime_operator to 2024-03-11 00:00:00+00:00, run_after=2024-03-12 00:00:00+00:00
[2024-03-12T19:54:06.278+0000] {logging_mixin.py:188} INFO - [2024-03-12T19:54:06.277+0000] {dag.py:3834} INFO - Setting next_dagrun for example_branch_datetime_operator_2 to 2024-03-11 00:00:00+00:00, run_after=2024-03-12 00:00:00+00:00
[2024-03-12T19:54:06.284+0000] {logging_mixin.py:188} INFO - [2024-03-12T19:54:06.284+0000] {dag.py:3834} INFO - Setting next_dagrun for example_branch_datetime_operator_3 to 2024-03-11 00:00:00+00:00, run_after=2024-03-12 00:00:00+00:00
[2024-03-12T19:54:06.330+0000] {processor.py:183} INFO - Processing /home/airflow/.local/lib/python3.8/site-packages/airflow/example_dags/example_branch_datetime_operator.py took 0.435 seconds
[2024-03-12T19:54:37.152+0000] {processor.py:161} INFO - Started process (PID=271) to work on /home/airflow/.local/lib/python3.8/site-packages/airflow/example_dags/example_branch_datetime_operator.py
[2024-03-12T19:54:37.155+0000] {processor.py:830} INFO - Processing file /home/airflow/.local/lib/python3.8/site-packages/airflow/example_dags/example_branch_datetime_operator.py for tasks to queue
[2024-03-12T19:54:37.157+0000] {logging_mixin.py:188} INFO - [2024-03-12T19:54:37.157+0000] {dagbag.py:540} INFO - Filling up the DagBag from /home/airflow/.local/lib/python3.8/site-packages/airflow/example_dags/example_branch_datetime_operator.py
[2024-03-12T19:54:37.191+0000] {processor.py:840} INFO - DAG(s) 'example_branch_datetime_operator', 'example_branch_datetime_operator_2', 'example_branch_datetime_operator_3' retrieved from /home/airflow/.local/lib/python3.8/site-packages/airflow/example_dags/example_branch_datetime_operator.py
[2024-03-12T19:54:37.291+0000] {logging_mixin.py:188} INFO - [2024-03-12T19:54:37.290+0000] {dag.py:3047} INFO - Sync 3 DAGs
[2024-03-12T19:54:37.349+0000] {logging_mixin.py:188} INFO - [2024-03-12T19:54:37.348+0000] {dag.py:3834} INFO - Setting next_dagrun for example_branch_datetime_operator to 2024-03-11 00:00:00+00:00, run_after=2024-03-12 00:00:00+00:00
[2024-03-12T19:54:37.358+0000] {logging_mixin.py:188} INFO - [2024-03-12T19:54:37.357+0000] {dag.py:3834} INFO - Setting next_dagrun for example_branch_datetime_operator_2 to 2024-03-11 00:00:00+00:00, run_after=2024-03-12 00:00:00+00:00
[2024-03-12T19:54:37.364+0000] {logging_mixin.py:188} INFO - [2024-03-12T19:54:37.363+0000] {dag.py:3834} INFO - Setting next_dagrun for example_branch_datetime_operator_3 to 2024-03-11 00:00:00+00:00, run_after=2024-03-12 00:00:00+00:00
[2024-03-12T19:54:37.400+0000] {processor.py:183} INFO - Processing /home/airflow/.local/lib/python3.8/site-packages/airflow/example_dags/example_branch_datetime_operator.py took 0.254 seconds
[2024-03-12T19:55:07.700+0000] {processor.py:161} INFO - Started process (PID=328) to work on /home/airflow/.local/lib/python3.8/site-packages/airflow/example_dags/example_branch_datetime_operator.py
[2024-03-12T19:55:07.702+0000] {processor.py:830} INFO - Processing file /home/airflow/.local/lib/python3.8/site-packages/airflow/example_dags/example_branch_datetime_operator.py for tasks to queue
[2024-03-12T19:55:07.704+0000] {logging_mixin.py:188} INFO - [2024-03-12T19:55:07.704+0000] {dagbag.py:540} INFO - Filling up the DagBag from /home/airflow/.local/lib/python3.8/site-packages/airflow/example_dags/example_branch_datetime_operator.py
[2024-03-12T19:55:07.724+0000] {processor.py:840} INFO - DAG(s) 'example_branch_datetime_operator_3', 'example_branch_datetime_operator', 'example_branch_datetime_operator_2' retrieved from /home/airflow/.local/lib/python3.8/site-packages/airflow/example_dags/example_branch_datetime_operator.py
[2024-03-12T19:55:07.772+0000] {logging_mixin.py:188} INFO - [2024-03-12T19:55:07.772+0000] {dag.py:3047} INFO - Sync 3 DAGs
[2024-03-12T19:55:07.821+0000] {logging_mixin.py:188} INFO - [2024-03-12T19:55:07.820+0000] {dag.py:3834} INFO - Setting next_dagrun for example_branch_datetime_operator to 2024-03-11 00:00:00+00:00, run_after=2024-03-12 00:00:00+00:00
[2024-03-12T19:55:07.833+0000] {logging_mixin.py:188} INFO - [2024-03-12T19:55:07.832+0000] {dag.py:3834} INFO - Setting next_dagrun for example_branch_datetime_operator_2 to 2024-03-11 00:00:00+00:00, run_after=2024-03-12 00:00:00+00:00
[2024-03-12T19:55:07.840+0000] {logging_mixin.py:188} INFO - [2024-03-12T19:55:07.840+0000] {dag.py:3834} INFO - Setting next_dagrun for example_branch_datetime_operator_3 to 2024-03-11 00:00:00+00:00, run_after=2024-03-12 00:00:00+00:00
[2024-03-12T19:55:07.886+0000] {processor.py:183} INFO - Processing /home/airflow/.local/lib/python3.8/site-packages/airflow/example_dags/example_branch_datetime_operator.py took 0.190 seconds
[2024-03-12T19:55:40.853+0000] {processor.py:161} INFO - Started process (PID=385) to work on /home/airflow/.local/lib/python3.8/site-packages/airflow/example_dags/example_branch_datetime_operator.py
[2024-03-12T19:55:40.876+0000] {processor.py:830} INFO - Processing file /home/airflow/.local/lib/python3.8/site-packages/airflow/example_dags/example_branch_datetime_operator.py for tasks to queue
[2024-03-12T19:55:40.879+0000] {logging_mixin.py:188} INFO - [2024-03-12T19:55:40.879+0000] {dagbag.py:540} INFO - Filling up the DagBag from /home/airflow/.local/lib/python3.8/site-packages/airflow/example_dags/example_branch_datetime_operator.py
[2024-03-12T19:55:40.897+0000] {processor.py:840} INFO - DAG(s) 'example_branch_datetime_operator', 'example_branch_datetime_operator_2', 'example_branch_datetime_operator_3' retrieved from /home/airflow/.local/lib/python3.8/site-packages/airflow/example_dags/example_branch_datetime_operator.py
[2024-03-12T19:55:40.986+0000] {logging_mixin.py:188} INFO - [2024-03-12T19:55:40.985+0000] {dag.py:3047} INFO - Sync 3 DAGs
[2024-03-12T19:55:41.024+0000] {logging_mixin.py:188} INFO - [2024-03-12T19:55:41.023+0000] {dag.py:3834} INFO - Setting next_dagrun for example_branch_datetime_operator to 2024-03-11 00:00:00+00:00, run_after=2024-03-12 00:00:00+00:00
[2024-03-12T19:55:41.032+0000] {logging_mixin.py:188} INFO - [2024-03-12T19:55:41.031+0000] {dag.py:3834} INFO - Setting next_dagrun for example_branch_datetime_operator_2 to 2024-03-11 00:00:00+00:00, run_after=2024-03-12 00:00:00+00:00
[2024-03-12T19:55:41.036+0000] {logging_mixin.py:188} INFO - [2024-03-12T19:55:41.036+0000] {dag.py:3834} INFO - Setting next_dagrun for example_branch_datetime_operator_3 to 2024-03-11 00:00:00+00:00, run_after=2024-03-12 00:00:00+00:00
[2024-03-12T19:55:41.085+0000] {processor.py:183} INFO - Processing /home/airflow/.local/lib/python3.8/site-packages/airflow/example_dags/example_branch_datetime_operator.py took 0.237 seconds
[2024-03-12T19:56:12.302+0000] {processor.py:161} INFO - Started process (PID=448) to work on /home/airflow/.local/lib/python3.8/site-packages/airflow/example_dags/example_branch_datetime_operator.py
[2024-03-12T19:56:12.304+0000] {processor.py:830} INFO - Processing file /home/airflow/.local/lib/python3.8/site-packages/airflow/example_dags/example_branch_datetime_operator.py for tasks to queue
[2024-03-12T19:56:12.307+0000] {logging_mixin.py:188} INFO - [2024-03-12T19:56:12.307+0000] {dagbag.py:540} INFO - Filling up the DagBag from /home/airflow/.local/lib/python3.8/site-packages/airflow/example_dags/example_branch_datetime_operator.py
[2024-03-12T19:56:12.326+0000] {processor.py:840} INFO - DAG(s) 'example_branch_datetime_operator', 'example_branch_datetime_operator_2', 'example_branch_datetime_operator_3' retrieved from /home/airflow/.local/lib/python3.8/site-packages/airflow/example_dags/example_branch_datetime_operator.py
[2024-03-12T19:56:12.397+0000] {logging_mixin.py:188} INFO - [2024-03-12T19:56:12.396+0000] {dag.py:3047} INFO - Sync 3 DAGs
[2024-03-12T19:56:12.453+0000] {logging_mixin.py:188} INFO - [2024-03-12T19:56:12.453+0000] {dag.py:3834} INFO - Setting next_dagrun for example_branch_datetime_operator to 2024-03-11 00:00:00+00:00, run_after=2024-03-12 00:00:00+00:00
[2024-03-12T19:56:12.464+0000] {logging_mixin.py:188} INFO - [2024-03-12T19:56:12.463+0000] {dag.py:3834} INFO - Setting next_dagrun for example_branch_datetime_operator_2 to 2024-03-11 00:00:00+00:00, run_after=2024-03-12 00:00:00+00:00
[2024-03-12T19:56:12.471+0000] {logging_mixin.py:188} INFO - [2024-03-12T19:56:12.470+0000] {dag.py:3834} INFO - Setting next_dagrun for example_branch_datetime_operator_3 to 2024-03-11 00:00:00+00:00, run_after=2024-03-12 00:00:00+00:00
[2024-03-12T19:56:12.516+0000] {processor.py:183} INFO - Processing /home/airflow/.local/lib/python3.8/site-packages/airflow/example_dags/example_branch_datetime_operator.py took 0.219 seconds
[2024-03-12T19:56:43.394+0000] {processor.py:161} INFO - Started process (PID=505) to work on /home/airflow/.local/lib/python3.8/site-packages/airflow/example_dags/example_branch_datetime_operator.py
[2024-03-12T19:56:43.396+0000] {processor.py:830} INFO - Processing file /home/airflow/.local/lib/python3.8/site-packages/airflow/example_dags/example_branch_datetime_operator.py for tasks to queue
[2024-03-12T19:56:43.399+0000] {logging_mixin.py:188} INFO - [2024-03-12T19:56:43.399+0000] {dagbag.py:540} INFO - Filling up the DagBag from /home/airflow/.local/lib/python3.8/site-packages/airflow/example_dags/example_branch_datetime_operator.py
[2024-03-12T19:56:43.419+0000] {processor.py:840} INFO - DAG(s) 'example_branch_datetime_operator_3', 'example_branch_datetime_operator', 'example_branch_datetime_operator_2' retrieved from /home/airflow/.local/lib/python3.8/site-packages/airflow/example_dags/example_branch_datetime_operator.py
[2024-03-12T19:56:43.465+0000] {logging_mixin.py:188} INFO - [2024-03-12T19:56:43.465+0000] {dag.py:3047} INFO - Sync 3 DAGs
[2024-03-12T19:56:43.503+0000] {logging_mixin.py:188} INFO - [2024-03-12T19:56:43.502+0000] {dag.py:3834} INFO - Setting next_dagrun for example_branch_datetime_operator to 2024-03-11 00:00:00+00:00, run_after=2024-03-12 00:00:00+00:00
[2024-03-12T19:56:43.512+0000] {logging_mixin.py:188} INFO - [2024-03-12T19:56:43.512+0000] {dag.py:3834} INFO - Setting next_dagrun for example_branch_datetime_operator_2 to 2024-03-11 00:00:00+00:00, run_after=2024-03-12 00:00:00+00:00
[2024-03-12T19:56:43.516+0000] {logging_mixin.py:188} INFO - [2024-03-12T19:56:43.516+0000] {dag.py:3834} INFO - Setting next_dagrun for example_branch_datetime_operator_3 to 2024-03-11 00:00:00+00:00, run_after=2024-03-12 00:00:00+00:00
[2024-03-12T19:56:43.550+0000] {processor.py:183} INFO - Processing /home/airflow/.local/lib/python3.8/site-packages/airflow/example_dags/example_branch_datetime_operator.py took 0.160 seconds
[2024-03-12T19:57:13.621+0000] {processor.py:161} INFO - Started process (PID=560) to work on /home/airflow/.local/lib/python3.8/site-packages/airflow/example_dags/example_branch_datetime_operator.py
[2024-03-12T19:57:13.629+0000] {processor.py:830} INFO - Processing file /home/airflow/.local/lib/python3.8/site-packages/airflow/example_dags/example_branch_datetime_operator.py for tasks to queue
[2024-03-12T19:57:13.633+0000] {logging_mixin.py:188} INFO - [2024-03-12T19:57:13.632+0000] {dagbag.py:540} INFO - Filling up the DagBag from /home/airflow/.local/lib/python3.8/site-packages/airflow/example_dags/example_branch_datetime_operator.py
[2024-03-12T19:57:13.657+0000] {processor.py:840} INFO - DAG(s) 'example_branch_datetime_operator_3', 'example_branch_datetime_operator_2', 'example_branch_datetime_operator' retrieved from /home/airflow/.local/lib/python3.8/site-packages/airflow/example_dags/example_branch_datetime_operator.py
[2024-03-12T19:57:13.712+0000] {logging_mixin.py:188} INFO - [2024-03-12T19:57:13.712+0000] {dag.py:3047} INFO - Sync 3 DAGs
[2024-03-12T19:57:13.767+0000] {logging_mixin.py:188} INFO - [2024-03-12T19:57:13.766+0000] {dag.py:3834} INFO - Setting next_dagrun for example_branch_datetime_operator to 2024-03-11 00:00:00+00:00, run_after=2024-03-12 00:00:00+00:00
[2024-03-12T19:57:13.780+0000] {logging_mixin.py:188} INFO - [2024-03-12T19:57:13.779+0000] {dag.py:3834} INFO - Setting next_dagrun for example_branch_datetime_operator_2 to 2024-03-11 00:00:00+00:00, run_after=2024-03-12 00:00:00+00:00
[2024-03-12T19:57:13.786+0000] {logging_mixin.py:188} INFO - [2024-03-12T19:57:13.786+0000] {dag.py:3834} INFO - Setting next_dagrun for example_branch_datetime_operator_3 to 2024-03-11 00:00:00+00:00, run_after=2024-03-12 00:00:00+00:00
[2024-03-12T19:57:13.853+0000] {processor.py:183} INFO - Processing /home/airflow/.local/lib/python3.8/site-packages/airflow/example_dags/example_branch_datetime_operator.py took 0.241 seconds
