[2024-03-12T19:52:42.922+0000] {processor.py:161} INFO - Started process (PID=69) to work on /home/airflow/.local/lib/python3.8/site-packages/airflow/example_dags/example_xcomargs.py
[2024-03-12T19:52:42.923+0000] {processor.py:830} INFO - Processing file /home/airflow/.local/lib/python3.8/site-packages/airflow/example_dags/example_xcomargs.py for tasks to queue
[2024-03-12T19:52:42.926+0000] {logging_mixin.py:188} INFO - [2024-03-12T19:52:42.926+0000] {dagbag.py:540} INFO - Filling up the DagBag from /home/airflow/.local/lib/python3.8/site-packages/airflow/example_dags/example_xcomargs.py
[2024-03-12T19:52:42.965+0000] {processor.py:840} INFO - DAG(s) 'example_xcom_args_with_operators', 'example_xcom_args' retrieved from /home/airflow/.local/lib/python3.8/site-packages/airflow/example_dags/example_xcomargs.py
[2024-03-12T19:52:43.096+0000] {logging_mixin.py:188} INFO - [2024-03-12T19:52:43.096+0000] {dag.py:3047} INFO - Sync 2 DAGs
[2024-03-12T19:52:43.157+0000] {logging_mixin.py:188} INFO - [2024-03-12T19:52:43.156+0000] {dag.py:3834} INFO - Setting next_dagrun for example_xcom_args to None, run_after=None
[2024-03-12T19:52:43.167+0000] {logging_mixin.py:188} INFO - [2024-03-12T19:52:43.167+0000] {dag.py:3834} INFO - Setting next_dagrun for example_xcom_args_with_operators to None, run_after=None
[2024-03-12T19:52:43.281+0000] {processor.py:183} INFO - Processing /home/airflow/.local/lib/python3.8/site-packages/airflow/example_dags/example_xcomargs.py took 0.364 seconds
[2024-03-12T19:53:13.410+0000] {processor.py:161} INFO - Started process (PID=126) to work on /home/airflow/.local/lib/python3.8/site-packages/airflow/example_dags/example_xcomargs.py
[2024-03-12T19:53:13.412+0000] {processor.py:830} INFO - Processing file /home/airflow/.local/lib/python3.8/site-packages/airflow/example_dags/example_xcomargs.py for tasks to queue
[2024-03-12T19:53:13.415+0000] {logging_mixin.py:188} INFO - [2024-03-12T19:53:13.414+0000] {dagbag.py:540} INFO - Filling up the DagBag from /home/airflow/.local/lib/python3.8/site-packages/airflow/example_dags/example_xcomargs.py
[2024-03-12T19:53:13.432+0000] {processor.py:840} INFO - DAG(s) 'example_xcom_args', 'example_xcom_args_with_operators' retrieved from /home/airflow/.local/lib/python3.8/site-packages/airflow/example_dags/example_xcomargs.py
[2024-03-12T19:53:13.524+0000] {logging_mixin.py:188} INFO - [2024-03-12T19:53:13.523+0000] {dag.py:3047} INFO - Sync 2 DAGs
[2024-03-12T19:53:13.596+0000] {logging_mixin.py:188} INFO - [2024-03-12T19:53:13.596+0000] {dag.py:3834} INFO - Setting next_dagrun for example_xcom_args to None, run_after=None
[2024-03-12T19:53:13.611+0000] {logging_mixin.py:188} INFO - [2024-03-12T19:53:13.610+0000] {dag.py:3834} INFO - Setting next_dagrun for example_xcom_args_with_operators to None, run_after=None
[2024-03-12T19:53:13.678+0000] {processor.py:183} INFO - Processing /home/airflow/.local/lib/python3.8/site-packages/airflow/example_dags/example_xcomargs.py took 0.275 seconds
[2024-03-12T19:53:43.923+0000] {processor.py:161} INFO - Started process (PID=183) to work on /home/airflow/.local/lib/python3.8/site-packages/airflow/example_dags/example_xcomargs.py
[2024-03-12T19:53:43.925+0000] {processor.py:830} INFO - Processing file /home/airflow/.local/lib/python3.8/site-packages/airflow/example_dags/example_xcomargs.py for tasks to queue
[2024-03-12T19:53:43.929+0000] {logging_mixin.py:188} INFO - [2024-03-12T19:53:43.927+0000] {dagbag.py:540} INFO - Filling up the DagBag from /home/airflow/.local/lib/python3.8/site-packages/airflow/example_dags/example_xcomargs.py
[2024-03-12T19:53:43.943+0000] {processor.py:840} INFO - DAG(s) 'example_xcom_args_with_operators', 'example_xcom_args' retrieved from /home/airflow/.local/lib/python3.8/site-packages/airflow/example_dags/example_xcomargs.py
[2024-03-12T19:53:43.968+0000] {logging_mixin.py:188} INFO - [2024-03-12T19:53:43.967+0000] {dag.py:3047} INFO - Sync 2 DAGs
[2024-03-12T19:53:43.990+0000] {logging_mixin.py:188} INFO - [2024-03-12T19:53:43.990+0000] {dag.py:3834} INFO - Setting next_dagrun for example_xcom_args to None, run_after=None
[2024-03-12T19:53:43.996+0000] {logging_mixin.py:188} INFO - [2024-03-12T19:53:43.996+0000] {dag.py:3834} INFO - Setting next_dagrun for example_xcom_args_with_operators to None, run_after=None
[2024-03-12T19:53:44.029+0000] {processor.py:183} INFO - Processing /home/airflow/.local/lib/python3.8/site-packages/airflow/example_dags/example_xcomargs.py took 0.111 seconds
[2024-03-12T19:54:15.122+0000] {processor.py:161} INFO - Started process (PID=240) to work on /home/airflow/.local/lib/python3.8/site-packages/airflow/example_dags/example_xcomargs.py
[2024-03-12T19:54:15.124+0000] {processor.py:830} INFO - Processing file /home/airflow/.local/lib/python3.8/site-packages/airflow/example_dags/example_xcomargs.py for tasks to queue
[2024-03-12T19:54:15.126+0000] {logging_mixin.py:188} INFO - [2024-03-12T19:54:15.126+0000] {dagbag.py:540} INFO - Filling up the DagBag from /home/airflow/.local/lib/python3.8/site-packages/airflow/example_dags/example_xcomargs.py
[2024-03-12T19:54:15.141+0000] {processor.py:840} INFO - DAG(s) 'example_xcom_args_with_operators', 'example_xcom_args' retrieved from /home/airflow/.local/lib/python3.8/site-packages/airflow/example_dags/example_xcomargs.py
[2024-03-12T19:54:15.375+0000] {logging_mixin.py:188} INFO - [2024-03-12T19:54:15.375+0000] {dag.py:3047} INFO - Sync 2 DAGs
[2024-03-12T19:54:15.393+0000] {logging_mixin.py:188} INFO - [2024-03-12T19:54:15.392+0000] {dag.py:3834} INFO - Setting next_dagrun for example_xcom_args to None, run_after=None
[2024-03-12T19:54:15.397+0000] {logging_mixin.py:188} INFO - [2024-03-12T19:54:15.397+0000] {dag.py:3834} INFO - Setting next_dagrun for example_xcom_args_with_operators to None, run_after=None
[2024-03-12T19:54:15.429+0000] {processor.py:183} INFO - Processing /home/airflow/.local/lib/python3.8/site-packages/airflow/example_dags/example_xcomargs.py took 0.310 seconds
[2024-03-12T19:54:46.468+0000] {processor.py:161} INFO - Started process (PID=297) to work on /home/airflow/.local/lib/python3.8/site-packages/airflow/example_dags/example_xcomargs.py
[2024-03-12T19:54:46.472+0000] {processor.py:830} INFO - Processing file /home/airflow/.local/lib/python3.8/site-packages/airflow/example_dags/example_xcomargs.py for tasks to queue
[2024-03-12T19:54:46.478+0000] {logging_mixin.py:188} INFO - [2024-03-12T19:54:46.477+0000] {dagbag.py:540} INFO - Filling up the DagBag from /home/airflow/.local/lib/python3.8/site-packages/airflow/example_dags/example_xcomargs.py
[2024-03-12T19:54:46.500+0000] {processor.py:840} INFO - DAG(s) 'example_xcom_args_with_operators', 'example_xcom_args' retrieved from /home/airflow/.local/lib/python3.8/site-packages/airflow/example_dags/example_xcomargs.py
[2024-03-12T19:54:46.558+0000] {logging_mixin.py:188} INFO - [2024-03-12T19:54:46.557+0000] {dag.py:3047} INFO - Sync 2 DAGs
[2024-03-12T19:54:46.590+0000] {logging_mixin.py:188} INFO - [2024-03-12T19:54:46.589+0000] {dag.py:3834} INFO - Setting next_dagrun for example_xcom_args to None, run_after=None
[2024-03-12T19:54:46.601+0000] {logging_mixin.py:188} INFO - [2024-03-12T19:54:46.600+0000] {dag.py:3834} INFO - Setting next_dagrun for example_xcom_args_with_operators to None, run_after=None
[2024-03-12T19:54:46.687+0000] {processor.py:183} INFO - Processing /home/airflow/.local/lib/python3.8/site-packages/airflow/example_dags/example_xcomargs.py took 0.230 seconds
[2024-03-12T19:55:16.790+0000] {processor.py:161} INFO - Started process (PID=354) to work on /home/airflow/.local/lib/python3.8/site-packages/airflow/example_dags/example_xcomargs.py
[2024-03-12T19:55:16.803+0000] {processor.py:830} INFO - Processing file /home/airflow/.local/lib/python3.8/site-packages/airflow/example_dags/example_xcomargs.py for tasks to queue
[2024-03-12T19:55:16.807+0000] {logging_mixin.py:188} INFO - [2024-03-12T19:55:16.806+0000] {dagbag.py:540} INFO - Filling up the DagBag from /home/airflow/.local/lib/python3.8/site-packages/airflow/example_dags/example_xcomargs.py
[2024-03-12T19:55:16.821+0000] {processor.py:840} INFO - DAG(s) 'example_xcom_args_with_operators', 'example_xcom_args' retrieved from /home/airflow/.local/lib/python3.8/site-packages/airflow/example_dags/example_xcomargs.py
[2024-03-12T19:55:16.865+0000] {logging_mixin.py:188} INFO - [2024-03-12T19:55:16.864+0000] {dag.py:3047} INFO - Sync 2 DAGs
[2024-03-12T19:55:16.890+0000] {logging_mixin.py:188} INFO - [2024-03-12T19:55:16.889+0000] {dag.py:3834} INFO - Setting next_dagrun for example_xcom_args to None, run_after=None
[2024-03-12T19:55:16.898+0000] {logging_mixin.py:188} INFO - [2024-03-12T19:55:16.897+0000] {dag.py:3834} INFO - Setting next_dagrun for example_xcom_args_with_operators to None, run_after=None
[2024-03-12T19:55:16.963+0000] {processor.py:183} INFO - Processing /home/airflow/.local/lib/python3.8/site-packages/airflow/example_dags/example_xcomargs.py took 0.177 seconds
[2024-03-12T19:55:47.375+0000] {processor.py:161} INFO - Started process (PID=411) to work on /home/airflow/.local/lib/python3.8/site-packages/airflow/example_dags/example_xcomargs.py
[2024-03-12T19:55:47.378+0000] {processor.py:830} INFO - Processing file /home/airflow/.local/lib/python3.8/site-packages/airflow/example_dags/example_xcomargs.py for tasks to queue
[2024-03-12T19:55:47.382+0000] {logging_mixin.py:188} INFO - [2024-03-12T19:55:47.382+0000] {dagbag.py:540} INFO - Filling up the DagBag from /home/airflow/.local/lib/python3.8/site-packages/airflow/example_dags/example_xcomargs.py
[2024-03-12T19:55:47.397+0000] {processor.py:840} INFO - DAG(s) 'example_xcom_args', 'example_xcom_args_with_operators' retrieved from /home/airflow/.local/lib/python3.8/site-packages/airflow/example_dags/example_xcomargs.py
[2024-03-12T19:55:47.454+0000] {logging_mixin.py:188} INFO - [2024-03-12T19:55:47.453+0000] {dag.py:3047} INFO - Sync 2 DAGs
[2024-03-12T19:55:47.477+0000] {logging_mixin.py:188} INFO - [2024-03-12T19:55:47.477+0000] {dag.py:3834} INFO - Setting next_dagrun for example_xcom_args to None, run_after=None
[2024-03-12T19:55:47.484+0000] {logging_mixin.py:188} INFO - [2024-03-12T19:55:47.484+0000] {dag.py:3834} INFO - Setting next_dagrun for example_xcom_args_with_operators to None, run_after=None
[2024-03-12T19:55:47.526+0000] {processor.py:183} INFO - Processing /home/airflow/.local/lib/python3.8/site-packages/airflow/example_dags/example_xcomargs.py took 0.158 seconds
[2024-03-12T19:56:18.269+0000] {processor.py:161} INFO - Started process (PID=468) to work on /home/airflow/.local/lib/python3.8/site-packages/airflow/example_dags/example_xcomargs.py
[2024-03-12T19:56:18.271+0000] {processor.py:830} INFO - Processing file /home/airflow/.local/lib/python3.8/site-packages/airflow/example_dags/example_xcomargs.py for tasks to queue
[2024-03-12T19:56:18.273+0000] {logging_mixin.py:188} INFO - [2024-03-12T19:56:18.272+0000] {dagbag.py:540} INFO - Filling up the DagBag from /home/airflow/.local/lib/python3.8/site-packages/airflow/example_dags/example_xcomargs.py
[2024-03-12T19:56:18.284+0000] {processor.py:840} INFO - DAG(s) 'example_xcom_args', 'example_xcom_args_with_operators' retrieved from /home/airflow/.local/lib/python3.8/site-packages/airflow/example_dags/example_xcomargs.py
[2024-03-12T19:56:18.317+0000] {logging_mixin.py:188} INFO - [2024-03-12T19:56:18.317+0000] {dag.py:3047} INFO - Sync 2 DAGs
[2024-03-12T19:56:18.335+0000] {logging_mixin.py:188} INFO - [2024-03-12T19:56:18.335+0000] {dag.py:3834} INFO - Setting next_dagrun for example_xcom_args to None, run_after=None
[2024-03-12T19:56:18.341+0000] {logging_mixin.py:188} INFO - [2024-03-12T19:56:18.341+0000] {dag.py:3834} INFO - Setting next_dagrun for example_xcom_args_with_operators to None, run_after=None
[2024-03-12T19:56:18.379+0000] {processor.py:183} INFO - Processing /home/airflow/.local/lib/python3.8/site-packages/airflow/example_dags/example_xcomargs.py took 0.114 seconds
[2024-03-12T19:56:49.251+0000] {processor.py:161} INFO - Started process (PID=525) to work on /home/airflow/.local/lib/python3.8/site-packages/airflow/example_dags/example_xcomargs.py
[2024-03-12T19:56:49.254+0000] {processor.py:830} INFO - Processing file /home/airflow/.local/lib/python3.8/site-packages/airflow/example_dags/example_xcomargs.py for tasks to queue
[2024-03-12T19:56:49.257+0000] {logging_mixin.py:188} INFO - [2024-03-12T19:56:49.257+0000] {dagbag.py:540} INFO - Filling up the DagBag from /home/airflow/.local/lib/python3.8/site-packages/airflow/example_dags/example_xcomargs.py
[2024-03-12T19:56:49.270+0000] {processor.py:840} INFO - DAG(s) 'example_xcom_args_with_operators', 'example_xcom_args' retrieved from /home/airflow/.local/lib/python3.8/site-packages/airflow/example_dags/example_xcomargs.py
[2024-03-12T19:56:49.317+0000] {logging_mixin.py:188} INFO - [2024-03-12T19:56:49.317+0000] {dag.py:3047} INFO - Sync 2 DAGs
[2024-03-12T19:56:49.342+0000] {logging_mixin.py:188} INFO - [2024-03-12T19:56:49.342+0000] {dag.py:3834} INFO - Setting next_dagrun for example_xcom_args to None, run_after=None
[2024-03-12T19:56:49.350+0000] {logging_mixin.py:188} INFO - [2024-03-12T19:56:49.349+0000] {dag.py:3834} INFO - Setting next_dagrun for example_xcom_args_with_operators to None, run_after=None
[2024-03-12T19:56:49.404+0000] {processor.py:183} INFO - Processing /home/airflow/.local/lib/python3.8/site-packages/airflow/example_dags/example_xcomargs.py took 0.158 seconds
[2024-03-12T19:57:19.494+0000] {processor.py:161} INFO - Started process (PID=582) to work on /home/airflow/.local/lib/python3.8/site-packages/airflow/example_dags/example_xcomargs.py
[2024-03-12T19:57:19.498+0000] {processor.py:830} INFO - Processing file /home/airflow/.local/lib/python3.8/site-packages/airflow/example_dags/example_xcomargs.py for tasks to queue
[2024-03-12T19:57:19.502+0000] {logging_mixin.py:188} INFO - [2024-03-12T19:57:19.501+0000] {dagbag.py:540} INFO - Filling up the DagBag from /home/airflow/.local/lib/python3.8/site-packages/airflow/example_dags/example_xcomargs.py
[2024-03-12T19:57:19.526+0000] {processor.py:840} INFO - DAG(s) 'example_xcom_args', 'example_xcom_args_with_operators' retrieved from /home/airflow/.local/lib/python3.8/site-packages/airflow/example_dags/example_xcomargs.py
[2024-03-12T19:57:19.605+0000] {logging_mixin.py:188} INFO - [2024-03-12T19:57:19.605+0000] {dag.py:3047} INFO - Sync 2 DAGs
[2024-03-12T19:57:19.647+0000] {logging_mixin.py:188} INFO - [2024-03-12T19:57:19.646+0000] {dag.py:3834} INFO - Setting next_dagrun for example_xcom_args to None, run_after=None
[2024-03-12T19:57:19.659+0000] {logging_mixin.py:188} INFO - [2024-03-12T19:57:19.657+0000] {dag.py:3834} INFO - Setting next_dagrun for example_xcom_args_with_operators to None, run_after=None
[2024-03-12T19:57:19.730+0000] {processor.py:183} INFO - Processing /home/airflow/.local/lib/python3.8/site-packages/airflow/example_dags/example_xcomargs.py took 0.245 seconds
