[2024-03-12T19:52:46.043+0000] {processor.py:161} INFO - Started process (PID=78) to work on /home/airflow/.local/lib/python3.8/site-packages/airflow/example_dags/example_datasets.py
[2024-03-12T19:52:46.044+0000] {processor.py:830} INFO - Processing file /home/airflow/.local/lib/python3.8/site-packages/airflow/example_dags/example_datasets.py for tasks to queue
[2024-03-12T19:52:46.047+0000] {logging_mixin.py:188} INFO - [2024-03-12T19:52:46.046+0000] {dagbag.py:540} INFO - Filling up the DagBag from /home/airflow/.local/lib/python3.8/site-packages/airflow/example_dags/example_datasets.py
[2024-03-12T19:52:46.064+0000] {processor.py:840} INFO - DAG(s) 'dataset_consumes_unknown_never_scheduled', 'dataset_consumes_1_never_scheduled', 'dataset_produces_1', 'dataset_consumes_1_and_2', 'dataset_produces_2', 'dataset_consumes_1' retrieved from /home/airflow/.local/lib/python3.8/site-packages/airflow/example_dags/example_datasets.py
[2024-03-12T19:52:46.215+0000] {logging_mixin.py:188} INFO - [2024-03-12T19:52:46.215+0000] {dag.py:3047} INFO - Sync 6 DAGs
[2024-03-12T19:52:46.295+0000] {logging_mixin.py:188} INFO - [2024-03-12T19:52:46.295+0000] {dag.py:3834} INFO - Setting next_dagrun for dataset_consumes_1 to None, run_after=None
[2024-03-12T19:52:46.303+0000] {logging_mixin.py:188} INFO - [2024-03-12T19:52:46.303+0000] {dag.py:3834} INFO - Setting next_dagrun for dataset_consumes_1_and_2 to None, run_after=None
[2024-03-12T19:52:46.307+0000] {logging_mixin.py:188} INFO - [2024-03-12T19:52:46.306+0000] {dag.py:3834} INFO - Setting next_dagrun for dataset_consumes_1_never_scheduled to None, run_after=None
[2024-03-12T19:52:46.310+0000] {logging_mixin.py:188} INFO - [2024-03-12T19:52:46.309+0000] {dag.py:3834} INFO - Setting next_dagrun for dataset_consumes_unknown_never_scheduled to None, run_after=None
[2024-03-12T19:52:46.316+0000] {logging_mixin.py:188} INFO - [2024-03-12T19:52:46.316+0000] {dag.py:3834} INFO - Setting next_dagrun for dataset_produces_1 to 2024-03-11 00:00:00+00:00, run_after=2024-03-12 00:00:00+00:00
[2024-03-12T19:52:46.319+0000] {logging_mixin.py:188} INFO - [2024-03-12T19:52:46.319+0000] {dag.py:3834} INFO - Setting next_dagrun for dataset_produces_2 to None, run_after=None
[2024-03-12T19:52:46.472+0000] {processor.py:183} INFO - Processing /home/airflow/.local/lib/python3.8/site-packages/airflow/example_dags/example_datasets.py took 0.433 seconds
[2024-03-12T19:53:16.888+0000] {processor.py:161} INFO - Started process (PID=135) to work on /home/airflow/.local/lib/python3.8/site-packages/airflow/example_dags/example_datasets.py
[2024-03-12T19:53:16.890+0000] {processor.py:830} INFO - Processing file /home/airflow/.local/lib/python3.8/site-packages/airflow/example_dags/example_datasets.py for tasks to queue
[2024-03-12T19:53:16.892+0000] {logging_mixin.py:188} INFO - [2024-03-12T19:53:16.892+0000] {dagbag.py:540} INFO - Filling up the DagBag from /home/airflow/.local/lib/python3.8/site-packages/airflow/example_dags/example_datasets.py
[2024-03-12T19:53:16.907+0000] {processor.py:840} INFO - DAG(s) 'dataset_produces_2', 'dataset_produces_1', 'dataset_consumes_1', 'dataset_consumes_1_never_scheduled', 'dataset_consumes_1_and_2', 'dataset_consumes_unknown_never_scheduled' retrieved from /home/airflow/.local/lib/python3.8/site-packages/airflow/example_dags/example_datasets.py
[2024-03-12T19:53:16.979+0000] {logging_mixin.py:188} INFO - [2024-03-12T19:53:16.979+0000] {dag.py:3047} INFO - Sync 6 DAGs
[2024-03-12T19:53:17.016+0000] {logging_mixin.py:188} INFO - [2024-03-12T19:53:17.015+0000] {dag.py:3834} INFO - Setting next_dagrun for dataset_consumes_1 to None, run_after=None
[2024-03-12T19:53:17.022+0000] {logging_mixin.py:188} INFO - [2024-03-12T19:53:17.021+0000] {dag.py:3834} INFO - Setting next_dagrun for dataset_consumes_1_and_2 to None, run_after=None
[2024-03-12T19:53:17.024+0000] {logging_mixin.py:188} INFO - [2024-03-12T19:53:17.024+0000] {dag.py:3834} INFO - Setting next_dagrun for dataset_consumes_1_never_scheduled to None, run_after=None
[2024-03-12T19:53:17.026+0000] {logging_mixin.py:188} INFO - [2024-03-12T19:53:17.026+0000] {dag.py:3834} INFO - Setting next_dagrun for dataset_consumes_unknown_never_scheduled to None, run_after=None
[2024-03-12T19:53:17.031+0000] {logging_mixin.py:188} INFO - [2024-03-12T19:53:17.031+0000] {dag.py:3834} INFO - Setting next_dagrun for dataset_produces_1 to 2024-03-11 00:00:00+00:00, run_after=2024-03-12 00:00:00+00:00
[2024-03-12T19:53:17.034+0000] {logging_mixin.py:188} INFO - [2024-03-12T19:53:17.034+0000] {dag.py:3834} INFO - Setting next_dagrun for dataset_produces_2 to None, run_after=None
[2024-03-12T19:53:17.306+0000] {processor.py:183} INFO - Processing /home/airflow/.local/lib/python3.8/site-packages/airflow/example_dags/example_datasets.py took 0.425 seconds
[2024-03-12T19:53:47.892+0000] {processor.py:161} INFO - Started process (PID=192) to work on /home/airflow/.local/lib/python3.8/site-packages/airflow/example_dags/example_datasets.py
[2024-03-12T19:53:47.895+0000] {processor.py:830} INFO - Processing file /home/airflow/.local/lib/python3.8/site-packages/airflow/example_dags/example_datasets.py for tasks to queue
[2024-03-12T19:53:47.899+0000] {logging_mixin.py:188} INFO - [2024-03-12T19:53:47.898+0000] {dagbag.py:540} INFO - Filling up the DagBag from /home/airflow/.local/lib/python3.8/site-packages/airflow/example_dags/example_datasets.py
[2024-03-12T19:53:47.926+0000] {processor.py:840} INFO - DAG(s) 'dataset_consumes_1_and_2', 'dataset_consumes_1_never_scheduled', 'dataset_produces_1', 'dataset_produces_2', 'dataset_consumes_unknown_never_scheduled', 'dataset_consumes_1' retrieved from /home/airflow/.local/lib/python3.8/site-packages/airflow/example_dags/example_datasets.py
[2024-03-12T19:53:47.965+0000] {logging_mixin.py:188} INFO - [2024-03-12T19:53:47.964+0000] {dag.py:3047} INFO - Sync 6 DAGs
[2024-03-12T19:53:48.018+0000] {logging_mixin.py:188} INFO - [2024-03-12T19:53:48.016+0000] {dag.py:3834} INFO - Setting next_dagrun for dataset_consumes_1 to None, run_after=None
[2024-03-12T19:53:48.032+0000] {logging_mixin.py:188} INFO - [2024-03-12T19:53:48.031+0000] {dag.py:3834} INFO - Setting next_dagrun for dataset_consumes_1_and_2 to None, run_after=None
[2024-03-12T19:53:48.038+0000] {logging_mixin.py:188} INFO - [2024-03-12T19:53:48.038+0000] {dag.py:3834} INFO - Setting next_dagrun for dataset_consumes_1_never_scheduled to None, run_after=None
[2024-03-12T19:53:48.043+0000] {logging_mixin.py:188} INFO - [2024-03-12T19:53:48.042+0000] {dag.py:3834} INFO - Setting next_dagrun for dataset_consumes_unknown_never_scheduled to None, run_after=None
[2024-03-12T19:53:48.053+0000] {logging_mixin.py:188} INFO - [2024-03-12T19:53:48.052+0000] {dag.py:3834} INFO - Setting next_dagrun for dataset_produces_1 to 2024-03-11 00:00:00+00:00, run_after=2024-03-12 00:00:00+00:00
[2024-03-12T19:53:48.057+0000] {logging_mixin.py:188} INFO - [2024-03-12T19:53:48.057+0000] {dag.py:3834} INFO - Setting next_dagrun for dataset_produces_2 to None, run_after=None
[2024-03-12T19:53:48.131+0000] {processor.py:183} INFO - Processing /home/airflow/.local/lib/python3.8/site-packages/airflow/example_dags/example_datasets.py took 0.251 seconds
[2024-03-12T19:54:18.412+0000] {processor.py:161} INFO - Started process (PID=250) to work on /home/airflow/.local/lib/python3.8/site-packages/airflow/example_dags/example_datasets.py
[2024-03-12T19:54:18.415+0000] {processor.py:830} INFO - Processing file /home/airflow/.local/lib/python3.8/site-packages/airflow/example_dags/example_datasets.py for tasks to queue
[2024-03-12T19:54:18.419+0000] {logging_mixin.py:188} INFO - [2024-03-12T19:54:18.418+0000] {dagbag.py:540} INFO - Filling up the DagBag from /home/airflow/.local/lib/python3.8/site-packages/airflow/example_dags/example_datasets.py
[2024-03-12T19:54:18.441+0000] {processor.py:840} INFO - DAG(s) 'dataset_consumes_1_and_2', 'dataset_produces_1', 'dataset_consumes_1_never_scheduled', 'dataset_produces_2', 'dataset_consumes_unknown_never_scheduled', 'dataset_consumes_1' retrieved from /home/airflow/.local/lib/python3.8/site-packages/airflow/example_dags/example_datasets.py
[2024-03-12T19:54:18.789+0000] {logging_mixin.py:188} INFO - [2024-03-12T19:54:18.789+0000] {dag.py:3047} INFO - Sync 6 DAGs
[2024-03-12T19:54:18.823+0000] {logging_mixin.py:188} INFO - [2024-03-12T19:54:18.823+0000] {dag.py:3834} INFO - Setting next_dagrun for dataset_consumes_1 to None, run_after=None
[2024-03-12T19:54:18.828+0000] {logging_mixin.py:188} INFO - [2024-03-12T19:54:18.827+0000] {dag.py:3834} INFO - Setting next_dagrun for dataset_consumes_1_and_2 to None, run_after=None
[2024-03-12T19:54:18.830+0000] {logging_mixin.py:188} INFO - [2024-03-12T19:54:18.829+0000] {dag.py:3834} INFO - Setting next_dagrun for dataset_consumes_1_never_scheduled to None, run_after=None
[2024-03-12T19:54:18.832+0000] {logging_mixin.py:188} INFO - [2024-03-12T19:54:18.832+0000] {dag.py:3834} INFO - Setting next_dagrun for dataset_consumes_unknown_never_scheduled to None, run_after=None
[2024-03-12T19:54:18.837+0000] {logging_mixin.py:188} INFO - [2024-03-12T19:54:18.837+0000] {dag.py:3834} INFO - Setting next_dagrun for dataset_produces_1 to 2024-03-11 00:00:00+00:00, run_after=2024-03-12 00:00:00+00:00
[2024-03-12T19:54:18.839+0000] {logging_mixin.py:188} INFO - [2024-03-12T19:54:18.839+0000] {dag.py:3834} INFO - Setting next_dagrun for dataset_produces_2 to None, run_after=None
[2024-03-12T19:54:18.917+0000] {processor.py:183} INFO - Processing /home/airflow/.local/lib/python3.8/site-packages/airflow/example_dags/example_datasets.py took 0.512 seconds
[2024-03-12T19:54:48.966+0000] {processor.py:161} INFO - Started process (PID=307) to work on /home/airflow/.local/lib/python3.8/site-packages/airflow/example_dags/example_datasets.py
[2024-03-12T19:54:48.968+0000] {processor.py:830} INFO - Processing file /home/airflow/.local/lib/python3.8/site-packages/airflow/example_dags/example_datasets.py for tasks to queue
[2024-03-12T19:54:48.972+0000] {logging_mixin.py:188} INFO - [2024-03-12T19:54:48.971+0000] {dagbag.py:540} INFO - Filling up the DagBag from /home/airflow/.local/lib/python3.8/site-packages/airflow/example_dags/example_datasets.py
[2024-03-12T19:54:48.989+0000] {processor.py:840} INFO - DAG(s) 'dataset_produces_2', 'dataset_consumes_1', 'dataset_consumes_1_never_scheduled', 'dataset_produces_1', 'dataset_consumes_1_and_2', 'dataset_consumes_unknown_never_scheduled' retrieved from /home/airflow/.local/lib/python3.8/site-packages/airflow/example_dags/example_datasets.py
[2024-03-12T19:54:49.074+0000] {logging_mixin.py:188} INFO - [2024-03-12T19:54:49.073+0000] {dag.py:3047} INFO - Sync 6 DAGs
[2024-03-12T19:54:49.139+0000] {logging_mixin.py:188} INFO - [2024-03-12T19:54:49.138+0000] {dag.py:3834} INFO - Setting next_dagrun for dataset_consumes_1 to None, run_after=None
[2024-03-12T19:54:49.147+0000] {logging_mixin.py:188} INFO - [2024-03-12T19:54:49.146+0000] {dag.py:3834} INFO - Setting next_dagrun for dataset_consumes_1_and_2 to None, run_after=None
[2024-03-12T19:54:49.151+0000] {logging_mixin.py:188} INFO - [2024-03-12T19:54:49.150+0000] {dag.py:3834} INFO - Setting next_dagrun for dataset_consumes_1_never_scheduled to None, run_after=None
[2024-03-12T19:54:49.154+0000] {logging_mixin.py:188} INFO - [2024-03-12T19:54:49.153+0000] {dag.py:3834} INFO - Setting next_dagrun for dataset_consumes_unknown_never_scheduled to None, run_after=None
[2024-03-12T19:54:49.160+0000] {logging_mixin.py:188} INFO - [2024-03-12T19:54:49.159+0000] {dag.py:3834} INFO - Setting next_dagrun for dataset_produces_1 to 2024-03-11 00:00:00+00:00, run_after=2024-03-12 00:00:00+00:00
[2024-03-12T19:54:49.164+0000] {logging_mixin.py:188} INFO - [2024-03-12T19:54:49.163+0000] {dag.py:3834} INFO - Setting next_dagrun for dataset_produces_2 to None, run_after=None
[2024-03-12T19:54:49.255+0000] {processor.py:183} INFO - Processing /home/airflow/.local/lib/python3.8/site-packages/airflow/example_dags/example_datasets.py took 0.295 seconds
[2024-03-12T19:55:19.771+0000] {processor.py:161} INFO - Started process (PID=363) to work on /home/airflow/.local/lib/python3.8/site-packages/airflow/example_dags/example_datasets.py
[2024-03-12T19:55:19.774+0000] {processor.py:830} INFO - Processing file /home/airflow/.local/lib/python3.8/site-packages/airflow/example_dags/example_datasets.py for tasks to queue
[2024-03-12T19:55:19.776+0000] {logging_mixin.py:188} INFO - [2024-03-12T19:55:19.776+0000] {dagbag.py:540} INFO - Filling up the DagBag from /home/airflow/.local/lib/python3.8/site-packages/airflow/example_dags/example_datasets.py
[2024-03-12T19:55:19.792+0000] {processor.py:840} INFO - DAG(s) 'dataset_consumes_1_never_scheduled', 'dataset_consumes_1', 'dataset_produces_2', 'dataset_consumes_unknown_never_scheduled', 'dataset_consumes_1_and_2', 'dataset_produces_1' retrieved from /home/airflow/.local/lib/python3.8/site-packages/airflow/example_dags/example_datasets.py
[2024-03-12T19:55:19.858+0000] {logging_mixin.py:188} INFO - [2024-03-12T19:55:19.858+0000] {dag.py:3047} INFO - Sync 6 DAGs
[2024-03-12T19:55:19.899+0000] {logging_mixin.py:188} INFO - [2024-03-12T19:55:19.898+0000] {dag.py:3834} INFO - Setting next_dagrun for dataset_consumes_1 to None, run_after=None
[2024-03-12T19:55:19.907+0000] {logging_mixin.py:188} INFO - [2024-03-12T19:55:19.906+0000] {dag.py:3834} INFO - Setting next_dagrun for dataset_consumes_1_and_2 to None, run_after=None
[2024-03-12T19:55:19.910+0000] {logging_mixin.py:188} INFO - [2024-03-12T19:55:19.910+0000] {dag.py:3834} INFO - Setting next_dagrun for dataset_consumes_1_never_scheduled to None, run_after=None
[2024-03-12T19:55:19.913+0000] {logging_mixin.py:188} INFO - [2024-03-12T19:55:19.913+0000] {dag.py:3834} INFO - Setting next_dagrun for dataset_consumes_unknown_never_scheduled to None, run_after=None
[2024-03-12T19:55:19.919+0000] {logging_mixin.py:188} INFO - [2024-03-12T19:55:19.919+0000] {dag.py:3834} INFO - Setting next_dagrun for dataset_produces_1 to 2024-03-11 00:00:00+00:00, run_after=2024-03-12 00:00:00+00:00
[2024-03-12T19:55:19.922+0000] {logging_mixin.py:188} INFO - [2024-03-12T19:55:19.922+0000] {dag.py:3834} INFO - Setting next_dagrun for dataset_produces_2 to None, run_after=None
[2024-03-12T19:55:20.008+0000] {processor.py:183} INFO - Processing /home/airflow/.local/lib/python3.8/site-packages/airflow/example_dags/example_datasets.py took 0.241 seconds
[2024-03-12T19:55:50.443+0000] {processor.py:161} INFO - Started process (PID=420) to work on /home/airflow/.local/lib/python3.8/site-packages/airflow/example_dags/example_datasets.py
[2024-03-12T19:55:50.457+0000] {processor.py:830} INFO - Processing file /home/airflow/.local/lib/python3.8/site-packages/airflow/example_dags/example_datasets.py for tasks to queue
[2024-03-12T19:55:50.460+0000] {logging_mixin.py:188} INFO - [2024-03-12T19:55:50.460+0000] {dagbag.py:540} INFO - Filling up the DagBag from /home/airflow/.local/lib/python3.8/site-packages/airflow/example_dags/example_datasets.py
[2024-03-12T19:55:50.482+0000] {processor.py:840} INFO - DAG(s) 'dataset_produces_2', 'dataset_consumes_unknown_never_scheduled', 'dataset_consumes_1', 'dataset_consumes_1_and_2', 'dataset_produces_1', 'dataset_consumes_1_never_scheduled' retrieved from /home/airflow/.local/lib/python3.8/site-packages/airflow/example_dags/example_datasets.py
[2024-03-12T19:55:50.585+0000] {logging_mixin.py:188} INFO - [2024-03-12T19:55:50.584+0000] {dag.py:3047} INFO - Sync 6 DAGs
[2024-03-12T19:55:50.638+0000] {logging_mixin.py:188} INFO - [2024-03-12T19:55:50.637+0000] {dag.py:3834} INFO - Setting next_dagrun for dataset_consumes_1 to None, run_after=None
[2024-03-12T19:55:50.646+0000] {logging_mixin.py:188} INFO - [2024-03-12T19:55:50.645+0000] {dag.py:3834} INFO - Setting next_dagrun for dataset_consumes_1_and_2 to None, run_after=None
[2024-03-12T19:55:50.651+0000] {logging_mixin.py:188} INFO - [2024-03-12T19:55:50.650+0000] {dag.py:3834} INFO - Setting next_dagrun for dataset_consumes_1_never_scheduled to None, run_after=None
[2024-03-12T19:55:50.655+0000] {logging_mixin.py:188} INFO - [2024-03-12T19:55:50.654+0000] {dag.py:3834} INFO - Setting next_dagrun for dataset_consumes_unknown_never_scheduled to None, run_after=None
[2024-03-12T19:55:50.661+0000] {logging_mixin.py:188} INFO - [2024-03-12T19:55:50.661+0000] {dag.py:3834} INFO - Setting next_dagrun for dataset_produces_1 to 2024-03-11 00:00:00+00:00, run_after=2024-03-12 00:00:00+00:00
[2024-03-12T19:55:50.666+0000] {logging_mixin.py:188} INFO - [2024-03-12T19:55:50.666+0000] {dag.py:3834} INFO - Setting next_dagrun for dataset_produces_2 to None, run_after=None
[2024-03-12T19:55:50.746+0000] {processor.py:183} INFO - Processing /home/airflow/.local/lib/python3.8/site-packages/airflow/example_dags/example_datasets.py took 0.311 seconds
[2024-03-12T19:56:21.391+0000] {processor.py:161} INFO - Started process (PID=478) to work on /home/airflow/.local/lib/python3.8/site-packages/airflow/example_dags/example_datasets.py
[2024-03-12T19:56:21.397+0000] {processor.py:830} INFO - Processing file /home/airflow/.local/lib/python3.8/site-packages/airflow/example_dags/example_datasets.py for tasks to queue
[2024-03-12T19:56:21.405+0000] {logging_mixin.py:188} INFO - [2024-03-12T19:56:21.401+0000] {dagbag.py:540} INFO - Filling up the DagBag from /home/airflow/.local/lib/python3.8/site-packages/airflow/example_dags/example_datasets.py
[2024-03-12T19:56:21.438+0000] {processor.py:840} INFO - DAG(s) 'dataset_produces_2', 'dataset_consumes_1', 'dataset_produces_1', 'dataset_consumes_1_and_2', 'dataset_consumes_unknown_never_scheduled', 'dataset_consumes_1_never_scheduled' retrieved from /home/airflow/.local/lib/python3.8/site-packages/airflow/example_dags/example_datasets.py
[2024-03-12T19:56:21.538+0000] {logging_mixin.py:188} INFO - [2024-03-12T19:56:21.537+0000] {dag.py:3047} INFO - Sync 6 DAGs
[2024-03-12T19:56:21.586+0000] {logging_mixin.py:188} INFO - [2024-03-12T19:56:21.586+0000] {dag.py:3834} INFO - Setting next_dagrun for dataset_consumes_1 to None, run_after=None
[2024-03-12T19:56:21.592+0000] {logging_mixin.py:188} INFO - [2024-03-12T19:56:21.592+0000] {dag.py:3834} INFO - Setting next_dagrun for dataset_consumes_1_and_2 to None, run_after=None
[2024-03-12T19:56:21.595+0000] {logging_mixin.py:188} INFO - [2024-03-12T19:56:21.595+0000] {dag.py:3834} INFO - Setting next_dagrun for dataset_consumes_1_never_scheduled to None, run_after=None
[2024-03-12T19:56:21.598+0000] {logging_mixin.py:188} INFO - [2024-03-12T19:56:21.598+0000] {dag.py:3834} INFO - Setting next_dagrun for dataset_consumes_unknown_never_scheduled to None, run_after=None
[2024-03-12T19:56:21.603+0000] {logging_mixin.py:188} INFO - [2024-03-12T19:56:21.603+0000] {dag.py:3834} INFO - Setting next_dagrun for dataset_produces_1 to 2024-03-11 00:00:00+00:00, run_after=2024-03-12 00:00:00+00:00
[2024-03-12T19:56:21.606+0000] {logging_mixin.py:188} INFO - [2024-03-12T19:56:21.606+0000] {dag.py:3834} INFO - Setting next_dagrun for dataset_produces_2 to None, run_after=None
[2024-03-12T19:56:21.686+0000] {processor.py:183} INFO - Processing /home/airflow/.local/lib/python3.8/site-packages/airflow/example_dags/example_datasets.py took 0.307 seconds
[2024-03-12T19:56:52.043+0000] {processor.py:161} INFO - Started process (PID=534) to work on /home/airflow/.local/lib/python3.8/site-packages/airflow/example_dags/example_datasets.py
[2024-03-12T19:56:52.045+0000] {processor.py:830} INFO - Processing file /home/airflow/.local/lib/python3.8/site-packages/airflow/example_dags/example_datasets.py for tasks to queue
[2024-03-12T19:56:52.047+0000] {logging_mixin.py:188} INFO - [2024-03-12T19:56:52.046+0000] {dagbag.py:540} INFO - Filling up the DagBag from /home/airflow/.local/lib/python3.8/site-packages/airflow/example_dags/example_datasets.py
[2024-03-12T19:56:52.062+0000] {processor.py:840} INFO - DAG(s) 'dataset_consumes_1', 'dataset_consumes_unknown_never_scheduled', 'dataset_produces_2', 'dataset_consumes_1_never_scheduled', 'dataset_produces_1', 'dataset_consumes_1_and_2' retrieved from /home/airflow/.local/lib/python3.8/site-packages/airflow/example_dags/example_datasets.py
[2024-03-12T19:56:52.135+0000] {logging_mixin.py:188} INFO - [2024-03-12T19:56:52.135+0000] {dag.py:3047} INFO - Sync 6 DAGs
[2024-03-12T19:56:52.173+0000] {logging_mixin.py:188} INFO - [2024-03-12T19:56:52.173+0000] {dag.py:3834} INFO - Setting next_dagrun for dataset_consumes_1 to None, run_after=None
[2024-03-12T19:56:52.183+0000] {logging_mixin.py:188} INFO - [2024-03-12T19:56:52.182+0000] {dag.py:3834} INFO - Setting next_dagrun for dataset_consumes_1_and_2 to None, run_after=None
[2024-03-12T19:56:52.186+0000] {logging_mixin.py:188} INFO - [2024-03-12T19:56:52.186+0000] {dag.py:3834} INFO - Setting next_dagrun for dataset_consumes_1_never_scheduled to None, run_after=None
[2024-03-12T19:56:52.190+0000] {logging_mixin.py:188} INFO - [2024-03-12T19:56:52.189+0000] {dag.py:3834} INFO - Setting next_dagrun for dataset_consumes_unknown_never_scheduled to None, run_after=None
[2024-03-12T19:56:52.198+0000] {logging_mixin.py:188} INFO - [2024-03-12T19:56:52.197+0000] {dag.py:3834} INFO - Setting next_dagrun for dataset_produces_1 to 2024-03-11 00:00:00+00:00, run_after=2024-03-12 00:00:00+00:00
[2024-03-12T19:56:52.201+0000] {logging_mixin.py:188} INFO - [2024-03-12T19:56:52.201+0000] {dag.py:3834} INFO - Setting next_dagrun for dataset_produces_2 to None, run_after=None
[2024-03-12T19:56:52.287+0000] {processor.py:183} INFO - Processing /home/airflow/.local/lib/python3.8/site-packages/airflow/example_dags/example_datasets.py took 0.248 seconds
