[2024-03-12T19:52:31.720+0000] {processor.py:161} INFO - Started process (PID=42) to work on /home/airflow/.local/lib/python3.8/site-packages/airflow/example_dags/example_task_group_decorator.py
[2024-03-12T19:52:31.722+0000] {processor.py:830} INFO - Processing file /home/airflow/.local/lib/python3.8/site-packages/airflow/example_dags/example_task_group_decorator.py for tasks to queue
[2024-03-12T19:52:31.724+0000] {logging_mixin.py:188} INFO - [2024-03-12T19:52:31.724+0000] {dagbag.py:540} INFO - Filling up the DagBag from /home/airflow/.local/lib/python3.8/site-packages/airflow/example_dags/example_task_group_decorator.py
[2024-03-12T19:52:31.759+0000] {processor.py:840} INFO - DAG(s) 'example_task_group_decorator' retrieved from /home/airflow/.local/lib/python3.8/site-packages/airflow/example_dags/example_task_group_decorator.py
[2024-03-12T19:52:31.848+0000] {logging_mixin.py:188} INFO - [2024-03-12T19:52:31.848+0000] {dag.py:3047} INFO - Sync 1 DAGs
[2024-03-12T19:52:31.904+0000] {logging_mixin.py:188} INFO - [2024-03-12T19:52:31.904+0000] {dag.py:3834} INFO - Setting next_dagrun for example_task_group_decorator to 2024-03-11 00:00:00+00:00, run_after=2024-03-12 00:00:00+00:00
[2024-03-12T19:52:31.989+0000] {processor.py:183} INFO - Processing /home/airflow/.local/lib/python3.8/site-packages/airflow/example_dags/example_task_group_decorator.py took 0.274 seconds
[2024-03-12T19:53:02.801+0000] {processor.py:161} INFO - Started process (PID=97) to work on /home/airflow/.local/lib/python3.8/site-packages/airflow/example_dags/example_task_group_decorator.py
[2024-03-12T19:53:02.803+0000] {processor.py:830} INFO - Processing file /home/airflow/.local/lib/python3.8/site-packages/airflow/example_dags/example_task_group_decorator.py for tasks to queue
[2024-03-12T19:53:02.806+0000] {logging_mixin.py:188} INFO - [2024-03-12T19:53:02.806+0000] {dagbag.py:540} INFO - Filling up the DagBag from /home/airflow/.local/lib/python3.8/site-packages/airflow/example_dags/example_task_group_decorator.py
[2024-03-12T19:53:02.841+0000] {processor.py:840} INFO - DAG(s) 'example_task_group_decorator' retrieved from /home/airflow/.local/lib/python3.8/site-packages/airflow/example_dags/example_task_group_decorator.py
[2024-03-12T19:53:02.892+0000] {logging_mixin.py:188} INFO - [2024-03-12T19:53:02.892+0000] {dag.py:3047} INFO - Sync 1 DAGs
[2024-03-12T19:53:02.965+0000] {logging_mixin.py:188} INFO - [2024-03-12T19:53:02.964+0000] {dag.py:3834} INFO - Setting next_dagrun for example_task_group_decorator to 2024-03-11 00:00:00+00:00, run_after=2024-03-12 00:00:00+00:00
[2024-03-12T19:53:03.016+0000] {processor.py:183} INFO - Processing /home/airflow/.local/lib/python3.8/site-packages/airflow/example_dags/example_task_group_decorator.py took 0.221 seconds
[2024-03-12T19:53:33.555+0000] {processor.py:161} INFO - Started process (PID=154) to work on /home/airflow/.local/lib/python3.8/site-packages/airflow/example_dags/example_task_group_decorator.py
[2024-03-12T19:53:33.564+0000] {processor.py:830} INFO - Processing file /home/airflow/.local/lib/python3.8/site-packages/airflow/example_dags/example_task_group_decorator.py for tasks to queue
[2024-03-12T19:53:33.566+0000] {logging_mixin.py:188} INFO - [2024-03-12T19:53:33.566+0000] {dagbag.py:540} INFO - Filling up the DagBag from /home/airflow/.local/lib/python3.8/site-packages/airflow/example_dags/example_task_group_decorator.py
[2024-03-12T19:53:33.599+0000] {processor.py:840} INFO - DAG(s) 'example_task_group_decorator' retrieved from /home/airflow/.local/lib/python3.8/site-packages/airflow/example_dags/example_task_group_decorator.py
[2024-03-12T19:53:33.640+0000] {logging_mixin.py:188} INFO - [2024-03-12T19:53:33.639+0000] {dag.py:3047} INFO - Sync 1 DAGs
[2024-03-12T19:53:34.089+0000] {logging_mixin.py:188} INFO - [2024-03-12T19:53:34.088+0000] {dag.py:3834} INFO - Setting next_dagrun for example_task_group_decorator to 2024-03-11 00:00:00+00:00, run_after=2024-03-12 00:00:00+00:00
[2024-03-12T19:53:34.155+0000] {processor.py:183} INFO - Processing /home/airflow/.local/lib/python3.8/site-packages/airflow/example_dags/example_task_group_decorator.py took 0.604 seconds
[2024-03-12T19:54:05.064+0000] {processor.py:161} INFO - Started process (PID=211) to work on /home/airflow/.local/lib/python3.8/site-packages/airflow/example_dags/example_task_group_decorator.py
[2024-03-12T19:54:05.144+0000] {processor.py:830} INFO - Processing file /home/airflow/.local/lib/python3.8/site-packages/airflow/example_dags/example_task_group_decorator.py for tasks to queue
[2024-03-12T19:54:05.151+0000] {logging_mixin.py:188} INFO - [2024-03-12T19:54:05.149+0000] {dagbag.py:540} INFO - Filling up the DagBag from /home/airflow/.local/lib/python3.8/site-packages/airflow/example_dags/example_task_group_decorator.py
[2024-03-12T19:54:05.182+0000] {processor.py:840} INFO - DAG(s) 'example_task_group_decorator' retrieved from /home/airflow/.local/lib/python3.8/site-packages/airflow/example_dags/example_task_group_decorator.py
[2024-03-12T19:54:05.432+0000] {logging_mixin.py:188} INFO - [2024-03-12T19:54:05.431+0000] {dag.py:3047} INFO - Sync 1 DAGs
[2024-03-12T19:54:05.479+0000] {logging_mixin.py:188} INFO - [2024-03-12T19:54:05.478+0000] {dag.py:3834} INFO - Setting next_dagrun for example_task_group_decorator to 2024-03-11 00:00:00+00:00, run_after=2024-03-12 00:00:00+00:00
[2024-03-12T19:54:05.556+0000] {processor.py:183} INFO - Processing /home/airflow/.local/lib/python3.8/site-packages/airflow/example_dags/example_task_group_decorator.py took 0.499 seconds
[2024-03-12T19:54:36.557+0000] {processor.py:161} INFO - Started process (PID=268) to work on /home/airflow/.local/lib/python3.8/site-packages/airflow/example_dags/example_task_group_decorator.py
[2024-03-12T19:54:36.561+0000] {processor.py:830} INFO - Processing file /home/airflow/.local/lib/python3.8/site-packages/airflow/example_dags/example_task_group_decorator.py for tasks to queue
[2024-03-12T19:54:36.564+0000] {logging_mixin.py:188} INFO - [2024-03-12T19:54:36.563+0000] {dagbag.py:540} INFO - Filling up the DagBag from /home/airflow/.local/lib/python3.8/site-packages/airflow/example_dags/example_task_group_decorator.py
[2024-03-12T19:54:36.603+0000] {processor.py:840} INFO - DAG(s) 'example_task_group_decorator' retrieved from /home/airflow/.local/lib/python3.8/site-packages/airflow/example_dags/example_task_group_decorator.py
[2024-03-12T19:54:36.671+0000] {logging_mixin.py:188} INFO - [2024-03-12T19:54:36.670+0000] {dag.py:3047} INFO - Sync 1 DAGs
[2024-03-12T19:54:36.710+0000] {logging_mixin.py:188} INFO - [2024-03-12T19:54:36.709+0000] {dag.py:3834} INFO - Setting next_dagrun for example_task_group_decorator to 2024-03-11 00:00:00+00:00, run_after=2024-03-12 00:00:00+00:00
[2024-03-12T19:54:36.756+0000] {processor.py:183} INFO - Processing /home/airflow/.local/lib/python3.8/site-packages/airflow/example_dags/example_task_group_decorator.py took 0.210 seconds
[2024-03-12T19:55:06.964+0000] {processor.py:161} INFO - Started process (PID=324) to work on /home/airflow/.local/lib/python3.8/site-packages/airflow/example_dags/example_task_group_decorator.py
[2024-03-12T19:55:06.966+0000] {processor.py:830} INFO - Processing file /home/airflow/.local/lib/python3.8/site-packages/airflow/example_dags/example_task_group_decorator.py for tasks to queue
[2024-03-12T19:55:06.971+0000] {logging_mixin.py:188} INFO - [2024-03-12T19:55:06.968+0000] {dagbag.py:540} INFO - Filling up the DagBag from /home/airflow/.local/lib/python3.8/site-packages/airflow/example_dags/example_task_group_decorator.py
[2024-03-12T19:55:07.001+0000] {processor.py:840} INFO - DAG(s) 'example_task_group_decorator' retrieved from /home/airflow/.local/lib/python3.8/site-packages/airflow/example_dags/example_task_group_decorator.py
[2024-03-12T19:55:07.052+0000] {logging_mixin.py:188} INFO - [2024-03-12T19:55:07.052+0000] {dag.py:3047} INFO - Sync 1 DAGs
[2024-03-12T19:55:07.102+0000] {logging_mixin.py:188} INFO - [2024-03-12T19:55:07.102+0000] {dag.py:3834} INFO - Setting next_dagrun for example_task_group_decorator to 2024-03-11 00:00:00+00:00, run_after=2024-03-12 00:00:00+00:00
[2024-03-12T19:55:07.137+0000] {processor.py:183} INFO - Processing /home/airflow/.local/lib/python3.8/site-packages/airflow/example_dags/example_task_group_decorator.py took 0.179 seconds
[2024-03-12T19:55:37.192+0000] {processor.py:161} INFO - Started process (PID=381) to work on /home/airflow/.local/lib/python3.8/site-packages/airflow/example_dags/example_task_group_decorator.py
[2024-03-12T19:55:37.194+0000] {processor.py:830} INFO - Processing file /home/airflow/.local/lib/python3.8/site-packages/airflow/example_dags/example_task_group_decorator.py for tasks to queue
[2024-03-12T19:55:37.196+0000] {logging_mixin.py:188} INFO - [2024-03-12T19:55:37.195+0000] {dagbag.py:540} INFO - Filling up the DagBag from /home/airflow/.local/lib/python3.8/site-packages/airflow/example_dags/example_task_group_decorator.py
[2024-03-12T19:55:37.226+0000] {processor.py:840} INFO - DAG(s) 'example_task_group_decorator' retrieved from /home/airflow/.local/lib/python3.8/site-packages/airflow/example_dags/example_task_group_decorator.py
[2024-03-12T19:55:37.280+0000] {logging_mixin.py:188} INFO - [2024-03-12T19:55:37.279+0000] {dag.py:3047} INFO - Sync 1 DAGs
[2024-03-12T19:55:37.330+0000] {logging_mixin.py:188} INFO - [2024-03-12T19:55:37.329+0000] {dag.py:3834} INFO - Setting next_dagrun for example_task_group_decorator to 2024-03-11 00:00:00+00:00, run_after=2024-03-12 00:00:00+00:00
[2024-03-12T19:55:37.370+0000] {processor.py:183} INFO - Processing /home/airflow/.local/lib/python3.8/site-packages/airflow/example_dags/example_task_group_decorator.py took 0.183 seconds
[2024-03-12T19:56:07.607+0000] {processor.py:161} INFO - Started process (PID=438) to work on /home/airflow/.local/lib/python3.8/site-packages/airflow/example_dags/example_task_group_decorator.py
[2024-03-12T19:56:07.609+0000] {processor.py:830} INFO - Processing file /home/airflow/.local/lib/python3.8/site-packages/airflow/example_dags/example_task_group_decorator.py for tasks to queue
[2024-03-12T19:56:07.612+0000] {logging_mixin.py:188} INFO - [2024-03-12T19:56:07.612+0000] {dagbag.py:540} INFO - Filling up the DagBag from /home/airflow/.local/lib/python3.8/site-packages/airflow/example_dags/example_task_group_decorator.py
[2024-03-12T19:56:07.641+0000] {processor.py:840} INFO - DAG(s) 'example_task_group_decorator' retrieved from /home/airflow/.local/lib/python3.8/site-packages/airflow/example_dags/example_task_group_decorator.py
[2024-03-12T19:56:07.684+0000] {logging_mixin.py:188} INFO - [2024-03-12T19:56:07.683+0000] {dag.py:3047} INFO - Sync 1 DAGs
[2024-03-12T19:56:07.727+0000] {logging_mixin.py:188} INFO - [2024-03-12T19:56:07.726+0000] {dag.py:3834} INFO - Setting next_dagrun for example_task_group_decorator to 2024-03-11 00:00:00+00:00, run_after=2024-03-12 00:00:00+00:00
[2024-03-12T19:56:07.771+0000] {processor.py:183} INFO - Processing /home/airflow/.local/lib/python3.8/site-packages/airflow/example_dags/example_task_group_decorator.py took 0.169 seconds
[2024-03-12T19:56:37.971+0000] {processor.py:161} INFO - Started process (PID=495) to work on /home/airflow/.local/lib/python3.8/site-packages/airflow/example_dags/example_task_group_decorator.py
[2024-03-12T19:56:37.973+0000] {processor.py:830} INFO - Processing file /home/airflow/.local/lib/python3.8/site-packages/airflow/example_dags/example_task_group_decorator.py for tasks to queue
[2024-03-12T19:56:37.976+0000] {logging_mixin.py:188} INFO - [2024-03-12T19:56:37.975+0000] {dagbag.py:540} INFO - Filling up the DagBag from /home/airflow/.local/lib/python3.8/site-packages/airflow/example_dags/example_task_group_decorator.py
[2024-03-12T19:56:38.005+0000] {processor.py:840} INFO - DAG(s) 'example_task_group_decorator' retrieved from /home/airflow/.local/lib/python3.8/site-packages/airflow/example_dags/example_task_group_decorator.py
[2024-03-12T19:56:38.055+0000] {logging_mixin.py:188} INFO - [2024-03-12T19:56:38.055+0000] {dag.py:3047} INFO - Sync 1 DAGs
[2024-03-12T19:56:38.106+0000] {logging_mixin.py:188} INFO - [2024-03-12T19:56:38.105+0000] {dag.py:3834} INFO - Setting next_dagrun for example_task_group_decorator to 2024-03-11 00:00:00+00:00, run_after=2024-03-12 00:00:00+00:00
[2024-03-12T19:56:38.156+0000] {processor.py:183} INFO - Processing /home/airflow/.local/lib/python3.8/site-packages/airflow/example_dags/example_task_group_decorator.py took 0.190 seconds
[2024-03-12T19:57:08.507+0000] {processor.py:161} INFO - Started process (PID=552) to work on /home/airflow/.local/lib/python3.8/site-packages/airflow/example_dags/example_task_group_decorator.py
[2024-03-12T19:57:08.511+0000] {processor.py:830} INFO - Processing file /home/airflow/.local/lib/python3.8/site-packages/airflow/example_dags/example_task_group_decorator.py for tasks to queue
[2024-03-12T19:57:08.515+0000] {logging_mixin.py:188} INFO - [2024-03-12T19:57:08.514+0000] {dagbag.py:540} INFO - Filling up the DagBag from /home/airflow/.local/lib/python3.8/site-packages/airflow/example_dags/example_task_group_decorator.py
[2024-03-12T19:57:08.540+0000] {processor.py:840} INFO - DAG(s) 'example_task_group_decorator' retrieved from /home/airflow/.local/lib/python3.8/site-packages/airflow/example_dags/example_task_group_decorator.py
[2024-03-12T19:57:08.601+0000] {logging_mixin.py:188} INFO - [2024-03-12T19:57:08.601+0000] {dag.py:3047} INFO - Sync 1 DAGs
[2024-03-12T19:57:08.641+0000] {logging_mixin.py:188} INFO - [2024-03-12T19:57:08.640+0000] {dag.py:3834} INFO - Setting next_dagrun for example_task_group_decorator to 2024-03-11 00:00:00+00:00, run_after=2024-03-12 00:00:00+00:00
[2024-03-12T19:57:08.674+0000] {processor.py:183} INFO - Processing /home/airflow/.local/lib/python3.8/site-packages/airflow/example_dags/example_task_group_decorator.py took 0.172 seconds
