[2024-03-12T19:52:38.008+0000] {processor.py:161} INFO - Started process (PID=53) to work on /home/airflow/.local/lib/python3.8/site-packages/airflow/example_dags/example_external_task_marker_dag.py
[2024-03-12T19:52:38.040+0000] {processor.py:830} INFO - Processing file /home/airflow/.local/lib/python3.8/site-packages/airflow/example_dags/example_external_task_marker_dag.py for tasks to queue
[2024-03-12T19:52:38.052+0000] {logging_mixin.py:188} INFO - [2024-03-12T19:52:38.049+0000] {dagbag.py:540} INFO - Filling up the DagBag from /home/airflow/.local/lib/python3.8/site-packages/airflow/example_dags/example_external_task_marker_dag.py
[2024-03-12T19:52:38.166+0000] {processor.py:840} INFO - DAG(s) 'example_external_task_marker_child', 'example_external_task_marker_parent' retrieved from /home/airflow/.local/lib/python3.8/site-packages/airflow/example_dags/example_external_task_marker_dag.py
[2024-03-12T19:52:38.484+0000] {logging_mixin.py:188} INFO - [2024-03-12T19:52:38.483+0000] {dag.py:3047} INFO - Sync 2 DAGs
[2024-03-12T19:52:38.712+0000] {logging_mixin.py:188} INFO - [2024-03-12T19:52:38.712+0000] {dag.py:3834} INFO - Setting next_dagrun for example_external_task_marker_child to None, run_after=None
[2024-03-12T19:52:38.734+0000] {logging_mixin.py:188} INFO - [2024-03-12T19:52:38.734+0000] {dag.py:3834} INFO - Setting next_dagrun for example_external_task_marker_parent to None, run_after=None
[2024-03-12T19:52:38.848+0000] {processor.py:183} INFO - Processing /home/airflow/.local/lib/python3.8/site-packages/airflow/example_dags/example_external_task_marker_dag.py took 0.974 seconds
[2024-03-12T19:53:09.260+0000] {processor.py:161} INFO - Started process (PID=115) to work on /home/airflow/.local/lib/python3.8/site-packages/airflow/example_dags/example_external_task_marker_dag.py
[2024-03-12T19:53:09.262+0000] {processor.py:830} INFO - Processing file /home/airflow/.local/lib/python3.8/site-packages/airflow/example_dags/example_external_task_marker_dag.py for tasks to queue
[2024-03-12T19:53:09.266+0000] {logging_mixin.py:188} INFO - [2024-03-12T19:53:09.265+0000] {dagbag.py:540} INFO - Filling up the DagBag from /home/airflow/.local/lib/python3.8/site-packages/airflow/example_dags/example_external_task_marker_dag.py
[2024-03-12T19:53:09.277+0000] {processor.py:840} INFO - DAG(s) 'example_external_task_marker_parent', 'example_external_task_marker_child' retrieved from /home/airflow/.local/lib/python3.8/site-packages/airflow/example_dags/example_external_task_marker_dag.py
[2024-03-12T19:53:09.331+0000] {logging_mixin.py:188} INFO - [2024-03-12T19:53:09.330+0000] {dag.py:3047} INFO - Sync 2 DAGs
[2024-03-12T19:53:09.366+0000] {logging_mixin.py:188} INFO - [2024-03-12T19:53:09.365+0000] {dag.py:3834} INFO - Setting next_dagrun for example_external_task_marker_child to None, run_after=None
[2024-03-12T19:53:09.375+0000] {logging_mixin.py:188} INFO - [2024-03-12T19:53:09.375+0000] {dag.py:3834} INFO - Setting next_dagrun for example_external_task_marker_parent to None, run_after=None
[2024-03-12T19:53:09.427+0000] {processor.py:183} INFO - Processing /home/airflow/.local/lib/python3.8/site-packages/airflow/example_dags/example_external_task_marker_dag.py took 0.172 seconds
[2024-03-12T19:53:40.033+0000] {processor.py:161} INFO - Started process (PID=172) to work on /home/airflow/.local/lib/python3.8/site-packages/airflow/example_dags/example_external_task_marker_dag.py
[2024-03-12T19:53:40.035+0000] {processor.py:830} INFO - Processing file /home/airflow/.local/lib/python3.8/site-packages/airflow/example_dags/example_external_task_marker_dag.py for tasks to queue
[2024-03-12T19:53:40.038+0000] {logging_mixin.py:188} INFO - [2024-03-12T19:53:40.037+0000] {dagbag.py:540} INFO - Filling up the DagBag from /home/airflow/.local/lib/python3.8/site-packages/airflow/example_dags/example_external_task_marker_dag.py
[2024-03-12T19:53:40.046+0000] {processor.py:840} INFO - DAG(s) 'example_external_task_marker_child', 'example_external_task_marker_parent' retrieved from /home/airflow/.local/lib/python3.8/site-packages/airflow/example_dags/example_external_task_marker_dag.py
[2024-03-12T19:53:40.064+0000] {logging_mixin.py:188} INFO - [2024-03-12T19:53:40.063+0000] {dag.py:3047} INFO - Sync 2 DAGs
[2024-03-12T19:53:40.091+0000] {logging_mixin.py:188} INFO - [2024-03-12T19:53:40.091+0000] {dag.py:3834} INFO - Setting next_dagrun for example_external_task_marker_child to None, run_after=None
[2024-03-12T19:53:40.097+0000] {logging_mixin.py:188} INFO - [2024-03-12T19:53:40.097+0000] {dag.py:3834} INFO - Setting next_dagrun for example_external_task_marker_parent to None, run_after=None
[2024-03-12T19:53:40.127+0000] {processor.py:183} INFO - Processing /home/airflow/.local/lib/python3.8/site-packages/airflow/example_dags/example_external_task_marker_dag.py took 0.097 seconds
[2024-03-12T19:54:10.654+0000] {processor.py:161} INFO - Started process (PID=229) to work on /home/airflow/.local/lib/python3.8/site-packages/airflow/example_dags/example_external_task_marker_dag.py
[2024-03-12T19:54:10.657+0000] {processor.py:830} INFO - Processing file /home/airflow/.local/lib/python3.8/site-packages/airflow/example_dags/example_external_task_marker_dag.py for tasks to queue
[2024-03-12T19:54:10.665+0000] {logging_mixin.py:188} INFO - [2024-03-12T19:54:10.664+0000] {dagbag.py:540} INFO - Filling up the DagBag from /home/airflow/.local/lib/python3.8/site-packages/airflow/example_dags/example_external_task_marker_dag.py
[2024-03-12T19:54:10.687+0000] {processor.py:840} INFO - DAG(s) 'example_external_task_marker_child', 'example_external_task_marker_parent' retrieved from /home/airflow/.local/lib/python3.8/site-packages/airflow/example_dags/example_external_task_marker_dag.py
[2024-03-12T19:54:10.965+0000] {logging_mixin.py:188} INFO - [2024-03-12T19:54:10.965+0000] {dag.py:3047} INFO - Sync 2 DAGs
[2024-03-12T19:54:10.990+0000] {logging_mixin.py:188} INFO - [2024-03-12T19:54:10.990+0000] {dag.py:3834} INFO - Setting next_dagrun for example_external_task_marker_child to None, run_after=None
[2024-03-12T19:54:10.997+0000] {logging_mixin.py:188} INFO - [2024-03-12T19:54:10.996+0000] {dag.py:3834} INFO - Setting next_dagrun for example_external_task_marker_parent to None, run_after=None
[2024-03-12T19:54:11.041+0000] {processor.py:183} INFO - Processing /home/airflow/.local/lib/python3.8/site-packages/airflow/example_dags/example_external_task_marker_dag.py took 0.394 seconds
[2024-03-12T19:54:41.236+0000] {processor.py:161} INFO - Started process (PID=286) to work on /home/airflow/.local/lib/python3.8/site-packages/airflow/example_dags/example_external_task_marker_dag.py
[2024-03-12T19:54:41.240+0000] {processor.py:830} INFO - Processing file /home/airflow/.local/lib/python3.8/site-packages/airflow/example_dags/example_external_task_marker_dag.py for tasks to queue
[2024-03-12T19:54:41.244+0000] {logging_mixin.py:188} INFO - [2024-03-12T19:54:41.244+0000] {dagbag.py:540} INFO - Filling up the DagBag from /home/airflow/.local/lib/python3.8/site-packages/airflow/example_dags/example_external_task_marker_dag.py
[2024-03-12T19:54:41.261+0000] {processor.py:840} INFO - DAG(s) 'example_external_task_marker_parent', 'example_external_task_marker_child' retrieved from /home/airflow/.local/lib/python3.8/site-packages/airflow/example_dags/example_external_task_marker_dag.py
[2024-03-12T19:54:41.320+0000] {logging_mixin.py:188} INFO - [2024-03-12T19:54:41.319+0000] {dag.py:3047} INFO - Sync 2 DAGs
[2024-03-12T19:54:41.348+0000] {logging_mixin.py:188} INFO - [2024-03-12T19:54:41.348+0000] {dag.py:3834} INFO - Setting next_dagrun for example_external_task_marker_child to None, run_after=None
[2024-03-12T19:54:41.356+0000] {logging_mixin.py:188} INFO - [2024-03-12T19:54:41.356+0000] {dag.py:3834} INFO - Setting next_dagrun for example_external_task_marker_parent to None, run_after=None
[2024-03-12T19:54:41.405+0000] {processor.py:183} INFO - Processing /home/airflow/.local/lib/python3.8/site-packages/airflow/example_dags/example_external_task_marker_dag.py took 0.179 seconds
[2024-03-12T19:55:11.769+0000] {processor.py:161} INFO - Started process (PID=343) to work on /home/airflow/.local/lib/python3.8/site-packages/airflow/example_dags/example_external_task_marker_dag.py
[2024-03-12T19:55:11.772+0000] {processor.py:830} INFO - Processing file /home/airflow/.local/lib/python3.8/site-packages/airflow/example_dags/example_external_task_marker_dag.py for tasks to queue
[2024-03-12T19:55:11.776+0000] {logging_mixin.py:188} INFO - [2024-03-12T19:55:11.775+0000] {dagbag.py:540} INFO - Filling up the DagBag from /home/airflow/.local/lib/python3.8/site-packages/airflow/example_dags/example_external_task_marker_dag.py
[2024-03-12T19:55:11.786+0000] {processor.py:840} INFO - DAG(s) 'example_external_task_marker_parent', 'example_external_task_marker_child' retrieved from /home/airflow/.local/lib/python3.8/site-packages/airflow/example_dags/example_external_task_marker_dag.py
[2024-03-12T19:55:11.846+0000] {logging_mixin.py:188} INFO - [2024-03-12T19:55:11.846+0000] {dag.py:3047} INFO - Sync 2 DAGs
[2024-03-12T19:55:11.871+0000] {logging_mixin.py:188} INFO - [2024-03-12T19:55:11.870+0000] {dag.py:3834} INFO - Setting next_dagrun for example_external_task_marker_child to None, run_after=None
[2024-03-12T19:55:11.880+0000] {logging_mixin.py:188} INFO - [2024-03-12T19:55:11.879+0000] {dag.py:3834} INFO - Setting next_dagrun for example_external_task_marker_parent to None, run_after=None
[2024-03-12T19:55:11.928+0000] {processor.py:183} INFO - Processing /home/airflow/.local/lib/python3.8/site-packages/airflow/example_dags/example_external_task_marker_dag.py took 0.170 seconds
[2024-03-12T19:55:42.430+0000] {processor.py:161} INFO - Started process (PID=400) to work on /home/airflow/.local/lib/python3.8/site-packages/airflow/example_dags/example_external_task_marker_dag.py
[2024-03-12T19:55:42.432+0000] {processor.py:830} INFO - Processing file /home/airflow/.local/lib/python3.8/site-packages/airflow/example_dags/example_external_task_marker_dag.py for tasks to queue
[2024-03-12T19:55:42.435+0000] {logging_mixin.py:188} INFO - [2024-03-12T19:55:42.435+0000] {dagbag.py:540} INFO - Filling up the DagBag from /home/airflow/.local/lib/python3.8/site-packages/airflow/example_dags/example_external_task_marker_dag.py
[2024-03-12T19:55:42.444+0000] {processor.py:840} INFO - DAG(s) 'example_external_task_marker_child', 'example_external_task_marker_parent' retrieved from /home/airflow/.local/lib/python3.8/site-packages/airflow/example_dags/example_external_task_marker_dag.py
[2024-03-12T19:55:42.501+0000] {logging_mixin.py:188} INFO - [2024-03-12T19:55:42.500+0000] {dag.py:3047} INFO - Sync 2 DAGs
[2024-03-12T19:55:42.530+0000] {logging_mixin.py:188} INFO - [2024-03-12T19:55:42.529+0000] {dag.py:3834} INFO - Setting next_dagrun for example_external_task_marker_child to None, run_after=None
[2024-03-12T19:55:42.536+0000] {logging_mixin.py:188} INFO - [2024-03-12T19:55:42.536+0000] {dag.py:3834} INFO - Setting next_dagrun for example_external_task_marker_parent to None, run_after=None
[2024-03-12T19:55:42.575+0000] {processor.py:183} INFO - Processing /home/airflow/.local/lib/python3.8/site-packages/airflow/example_dags/example_external_task_marker_dag.py took 0.150 seconds
[2024-03-12T19:56:13.234+0000] {processor.py:161} INFO - Started process (PID=457) to work on /home/airflow/.local/lib/python3.8/site-packages/airflow/example_dags/example_external_task_marker_dag.py
[2024-03-12T19:56:13.237+0000] {processor.py:830} INFO - Processing file /home/airflow/.local/lib/python3.8/site-packages/airflow/example_dags/example_external_task_marker_dag.py for tasks to queue
[2024-03-12T19:56:13.240+0000] {logging_mixin.py:188} INFO - [2024-03-12T19:56:13.239+0000] {dagbag.py:540} INFO - Filling up the DagBag from /home/airflow/.local/lib/python3.8/site-packages/airflow/example_dags/example_external_task_marker_dag.py
[2024-03-12T19:56:13.250+0000] {processor.py:840} INFO - DAG(s) 'example_external_task_marker_parent', 'example_external_task_marker_child' retrieved from /home/airflow/.local/lib/python3.8/site-packages/airflow/example_dags/example_external_task_marker_dag.py
[2024-03-12T19:56:13.288+0000] {logging_mixin.py:188} INFO - [2024-03-12T19:56:13.288+0000] {dag.py:3047} INFO - Sync 2 DAGs
[2024-03-12T19:56:13.309+0000] {logging_mixin.py:188} INFO - [2024-03-12T19:56:13.308+0000] {dag.py:3834} INFO - Setting next_dagrun for example_external_task_marker_child to None, run_after=None
[2024-03-12T19:56:13.316+0000] {logging_mixin.py:188} INFO - [2024-03-12T19:56:13.315+0000] {dag.py:3834} INFO - Setting next_dagrun for example_external_task_marker_parent to None, run_after=None
[2024-03-12T19:56:13.351+0000] {processor.py:183} INFO - Processing /home/airflow/.local/lib/python3.8/site-packages/airflow/example_dags/example_external_task_marker_dag.py took 0.122 seconds
[2024-03-12T19:56:44.307+0000] {processor.py:161} INFO - Started process (PID=514) to work on /home/airflow/.local/lib/python3.8/site-packages/airflow/example_dags/example_external_task_marker_dag.py
[2024-03-12T19:56:44.309+0000] {processor.py:830} INFO - Processing file /home/airflow/.local/lib/python3.8/site-packages/airflow/example_dags/example_external_task_marker_dag.py for tasks to queue
[2024-03-12T19:56:44.312+0000] {logging_mixin.py:188} INFO - [2024-03-12T19:56:44.312+0000] {dagbag.py:540} INFO - Filling up the DagBag from /home/airflow/.local/lib/python3.8/site-packages/airflow/example_dags/example_external_task_marker_dag.py
[2024-03-12T19:56:44.320+0000] {processor.py:840} INFO - DAG(s) 'example_external_task_marker_child', 'example_external_task_marker_parent' retrieved from /home/airflow/.local/lib/python3.8/site-packages/airflow/example_dags/example_external_task_marker_dag.py
[2024-03-12T19:56:44.357+0000] {logging_mixin.py:188} INFO - [2024-03-12T19:56:44.356+0000] {dag.py:3047} INFO - Sync 2 DAGs
[2024-03-12T19:56:44.378+0000] {logging_mixin.py:188} INFO - [2024-03-12T19:56:44.377+0000] {dag.py:3834} INFO - Setting next_dagrun for example_external_task_marker_child to None, run_after=None
[2024-03-12T19:56:44.384+0000] {logging_mixin.py:188} INFO - [2024-03-12T19:56:44.384+0000] {dag.py:3834} INFO - Setting next_dagrun for example_external_task_marker_parent to None, run_after=None
[2024-03-12T19:56:44.419+0000] {processor.py:183} INFO - Processing /home/airflow/.local/lib/python3.8/site-packages/airflow/example_dags/example_external_task_marker_dag.py took 0.115 seconds
[2024-03-12T19:57:15.369+0000] {processor.py:161} INFO - Started process (PID=571) to work on /home/airflow/.local/lib/python3.8/site-packages/airflow/example_dags/example_external_task_marker_dag.py
[2024-03-12T19:57:15.371+0000] {processor.py:830} INFO - Processing file /home/airflow/.local/lib/python3.8/site-packages/airflow/example_dags/example_external_task_marker_dag.py for tasks to queue
[2024-03-12T19:57:15.374+0000] {logging_mixin.py:188} INFO - [2024-03-12T19:57:15.373+0000] {dagbag.py:540} INFO - Filling up the DagBag from /home/airflow/.local/lib/python3.8/site-packages/airflow/example_dags/example_external_task_marker_dag.py
[2024-03-12T19:57:15.383+0000] {processor.py:840} INFO - DAG(s) 'example_external_task_marker_child', 'example_external_task_marker_parent' retrieved from /home/airflow/.local/lib/python3.8/site-packages/airflow/example_dags/example_external_task_marker_dag.py
[2024-03-12T19:57:15.427+0000] {logging_mixin.py:188} INFO - [2024-03-12T19:57:15.426+0000] {dag.py:3047} INFO - Sync 2 DAGs
[2024-03-12T19:57:15.448+0000] {logging_mixin.py:188} INFO - [2024-03-12T19:57:15.447+0000] {dag.py:3834} INFO - Setting next_dagrun for example_external_task_marker_child to None, run_after=None
[2024-03-12T19:57:15.455+0000] {logging_mixin.py:188} INFO - [2024-03-12T19:57:15.454+0000] {dag.py:3834} INFO - Setting next_dagrun for example_external_task_marker_parent to None, run_after=None
[2024-03-12T19:57:15.493+0000] {processor.py:183} INFO - Processing /home/airflow/.local/lib/python3.8/site-packages/airflow/example_dags/example_external_task_marker_dag.py took 0.130 seconds
