[2024-03-12T19:52:32.029+0000] {processor.py:161} INFO - Started process (PID=43) to work on /home/airflow/.local/lib/python3.8/site-packages/airflow/example_dags/example_dag_decorator.py
[2024-03-12T19:52:32.031+0000] {processor.py:830} INFO - Processing file /home/airflow/.local/lib/python3.8/site-packages/airflow/example_dags/example_dag_decorator.py for tasks to queue
[2024-03-12T19:52:32.033+0000] {logging_mixin.py:188} INFO - [2024-03-12T19:52:32.033+0000] {dagbag.py:540} INFO - Filling up the DagBag from /home/airflow/.local/lib/python3.8/site-packages/airflow/example_dags/example_dag_decorator.py
[2024-03-12T19:52:32.369+0000] {processor.py:840} INFO - DAG(s) 'example_dag_decorator' retrieved from /home/airflow/.local/lib/python3.8/site-packages/airflow/example_dags/example_dag_decorator.py
[2024-03-12T19:52:32.802+0000] {logging_mixin.py:188} INFO - [2024-03-12T19:52:32.801+0000] {dag.py:3047} INFO - Sync 1 DAGs
[2024-03-12T19:52:32.822+0000] {logging_mixin.py:188} INFO - [2024-03-12T19:52:32.821+0000] {dag.py:3834} INFO - Setting next_dagrun for example_dag_decorator to None, run_after=None
[2024-03-12T19:52:32.870+0000] {processor.py:183} INFO - Processing /home/airflow/.local/lib/python3.8/site-packages/airflow/example_dags/example_dag_decorator.py took 0.846 seconds
[2024-03-12T19:53:03.045+0000] {processor.py:161} INFO - Started process (PID=99) to work on /home/airflow/.local/lib/python3.8/site-packages/airflow/example_dags/example_dag_decorator.py
[2024-03-12T19:53:03.047+0000] {processor.py:830} INFO - Processing file /home/airflow/.local/lib/python3.8/site-packages/airflow/example_dags/example_dag_decorator.py for tasks to queue
[2024-03-12T19:53:03.050+0000] {logging_mixin.py:188} INFO - [2024-03-12T19:53:03.050+0000] {dagbag.py:540} INFO - Filling up the DagBag from /home/airflow/.local/lib/python3.8/site-packages/airflow/example_dags/example_dag_decorator.py
[2024-03-12T19:53:03.349+0000] {processor.py:840} INFO - DAG(s) 'example_dag_decorator' retrieved from /home/airflow/.local/lib/python3.8/site-packages/airflow/example_dags/example_dag_decorator.py
[2024-03-12T19:53:03.621+0000] {logging_mixin.py:188} INFO - [2024-03-12T19:53:03.620+0000] {dag.py:3047} INFO - Sync 1 DAGs
[2024-03-12T19:53:03.638+0000] {logging_mixin.py:188} INFO - [2024-03-12T19:53:03.637+0000] {dag.py:3834} INFO - Setting next_dagrun for example_dag_decorator to None, run_after=None
[2024-03-12T19:53:03.671+0000] {processor.py:183} INFO - Processing /home/airflow/.local/lib/python3.8/site-packages/airflow/example_dags/example_dag_decorator.py took 0.630 seconds
[2024-03-12T19:53:34.187+0000] {processor.py:161} INFO - Started process (PID=156) to work on /home/airflow/.local/lib/python3.8/site-packages/airflow/example_dags/example_dag_decorator.py
[2024-03-12T19:53:34.189+0000] {processor.py:830} INFO - Processing file /home/airflow/.local/lib/python3.8/site-packages/airflow/example_dags/example_dag_decorator.py for tasks to queue
[2024-03-12T19:53:34.191+0000] {logging_mixin.py:188} INFO - [2024-03-12T19:53:34.191+0000] {dagbag.py:540} INFO - Filling up the DagBag from /home/airflow/.local/lib/python3.8/site-packages/airflow/example_dags/example_dag_decorator.py
[2024-03-12T19:53:34.392+0000] {processor.py:840} INFO - DAG(s) 'example_dag_decorator' retrieved from /home/airflow/.local/lib/python3.8/site-packages/airflow/example_dags/example_dag_decorator.py
[2024-03-12T19:53:34.415+0000] {logging_mixin.py:188} INFO - [2024-03-12T19:53:34.414+0000] {dag.py:3047} INFO - Sync 1 DAGs
[2024-03-12T19:53:34.436+0000] {logging_mixin.py:188} INFO - [2024-03-12T19:53:34.435+0000] {dag.py:3834} INFO - Setting next_dagrun for example_dag_decorator to None, run_after=None
[2024-03-12T19:53:34.475+0000] {processor.py:183} INFO - Processing /home/airflow/.local/lib/python3.8/site-packages/airflow/example_dags/example_dag_decorator.py took 0.293 seconds
[2024-03-12T19:54:05.609+0000] {processor.py:161} INFO - Started process (PID=213) to work on /home/airflow/.local/lib/python3.8/site-packages/airflow/example_dags/example_dag_decorator.py
[2024-03-12T19:54:05.612+0000] {processor.py:830} INFO - Processing file /home/airflow/.local/lib/python3.8/site-packages/airflow/example_dags/example_dag_decorator.py for tasks to queue
[2024-03-12T19:54:05.616+0000] {logging_mixin.py:188} INFO - [2024-03-12T19:54:05.615+0000] {dagbag.py:540} INFO - Filling up the DagBag from /home/airflow/.local/lib/python3.8/site-packages/airflow/example_dags/example_dag_decorator.py
[2024-03-12T19:54:05.800+0000] {processor.py:840} INFO - DAG(s) 'example_dag_decorator' retrieved from /home/airflow/.local/lib/python3.8/site-packages/airflow/example_dags/example_dag_decorator.py
[2024-03-12T19:54:06.031+0000] {logging_mixin.py:188} INFO - [2024-03-12T19:54:06.030+0000] {dag.py:3047} INFO - Sync 1 DAGs
[2024-03-12T19:54:06.054+0000] {logging_mixin.py:188} INFO - [2024-03-12T19:54:06.053+0000] {dag.py:3834} INFO - Setting next_dagrun for example_dag_decorator to None, run_after=None
[2024-03-12T19:54:06.106+0000] {processor.py:183} INFO - Processing /home/airflow/.local/lib/python3.8/site-packages/airflow/example_dags/example_dag_decorator.py took 0.506 seconds
[2024-03-12T19:54:36.790+0000] {processor.py:161} INFO - Started process (PID=270) to work on /home/airflow/.local/lib/python3.8/site-packages/airflow/example_dags/example_dag_decorator.py
[2024-03-12T19:54:36.793+0000] {processor.py:830} INFO - Processing file /home/airflow/.local/lib/python3.8/site-packages/airflow/example_dags/example_dag_decorator.py for tasks to queue
[2024-03-12T19:54:36.795+0000] {logging_mixin.py:188} INFO - [2024-03-12T19:54:36.795+0000] {dagbag.py:540} INFO - Filling up the DagBag from /home/airflow/.local/lib/python3.8/site-packages/airflow/example_dags/example_dag_decorator.py
[2024-03-12T19:54:36.943+0000] {processor.py:840} INFO - DAG(s) 'example_dag_decorator' retrieved from /home/airflow/.local/lib/python3.8/site-packages/airflow/example_dags/example_dag_decorator.py
[2024-03-12T19:54:37.146+0000] {logging_mixin.py:188} INFO - [2024-03-12T19:54:37.145+0000] {dag.py:3047} INFO - Sync 1 DAGs
[2024-03-12T19:54:37.174+0000] {logging_mixin.py:188} INFO - [2024-03-12T19:54:37.173+0000] {dag.py:3834} INFO - Setting next_dagrun for example_dag_decorator to None, run_after=None
[2024-03-12T19:54:37.237+0000] {processor.py:183} INFO - Processing /home/airflow/.local/lib/python3.8/site-packages/airflow/example_dags/example_dag_decorator.py took 0.453 seconds
[2024-03-12T19:55:07.691+0000] {processor.py:161} INFO - Started process (PID=327) to work on /home/airflow/.local/lib/python3.8/site-packages/airflow/example_dags/example_dag_decorator.py
[2024-03-12T19:55:07.693+0000] {processor.py:830} INFO - Processing file /home/airflow/.local/lib/python3.8/site-packages/airflow/example_dags/example_dag_decorator.py for tasks to queue
[2024-03-12T19:55:07.696+0000] {logging_mixin.py:188} INFO - [2024-03-12T19:55:07.695+0000] {dagbag.py:540} INFO - Filling up the DagBag from /home/airflow/.local/lib/python3.8/site-packages/airflow/example_dags/example_dag_decorator.py
[2024-03-12T19:55:07.869+0000] {processor.py:840} INFO - DAG(s) 'example_dag_decorator' retrieved from /home/airflow/.local/lib/python3.8/site-packages/airflow/example_dags/example_dag_decorator.py
[2024-03-12T19:55:08.069+0000] {logging_mixin.py:188} INFO - [2024-03-12T19:55:08.069+0000] {dag.py:3047} INFO - Sync 1 DAGs
[2024-03-12T19:55:08.087+0000] {logging_mixin.py:188} INFO - [2024-03-12T19:55:08.087+0000] {dag.py:3834} INFO - Setting next_dagrun for example_dag_decorator to None, run_after=None
[2024-03-12T19:55:08.123+0000] {processor.py:183} INFO - Processing /home/airflow/.local/lib/python3.8/site-packages/airflow/example_dags/example_dag_decorator.py took 0.435 seconds
[2024-03-12T19:55:38.232+0000] {processor.py:161} INFO - Started process (PID=383) to work on /home/airflow/.local/lib/python3.8/site-packages/airflow/example_dags/example_dag_decorator.py
[2024-03-12T19:55:38.234+0000] {processor.py:830} INFO - Processing file /home/airflow/.local/lib/python3.8/site-packages/airflow/example_dags/example_dag_decorator.py for tasks to queue
[2024-03-12T19:55:38.239+0000] {logging_mixin.py:188} INFO - [2024-03-12T19:55:38.237+0000] {dagbag.py:540} INFO - Filling up the DagBag from /home/airflow/.local/lib/python3.8/site-packages/airflow/example_dags/example_dag_decorator.py
[2024-03-12T19:55:38.441+0000] {processor.py:840} INFO - DAG(s) 'example_dag_decorator' retrieved from /home/airflow/.local/lib/python3.8/site-packages/airflow/example_dags/example_dag_decorator.py
[2024-03-12T19:55:38.808+0000] {logging_mixin.py:188} INFO - [2024-03-12T19:55:38.807+0000] {dag.py:3047} INFO - Sync 1 DAGs
[2024-03-12T19:55:38.867+0000] {logging_mixin.py:188} INFO - [2024-03-12T19:55:38.867+0000] {dag.py:3834} INFO - Setting next_dagrun for example_dag_decorator to None, run_after=None
[2024-03-12T19:55:40.825+0000] {processor.py:183} INFO - Processing /home/airflow/.local/lib/python3.8/site-packages/airflow/example_dags/example_dag_decorator.py took 2.605 seconds
[2024-03-12T19:56:11.726+0000] {processor.py:161} INFO - Started process (PID=440) to work on /home/airflow/.local/lib/python3.8/site-packages/airflow/example_dags/example_dag_decorator.py
[2024-03-12T19:56:11.735+0000] {processor.py:830} INFO - Processing file /home/airflow/.local/lib/python3.8/site-packages/airflow/example_dags/example_dag_decorator.py for tasks to queue
[2024-03-12T19:56:11.739+0000] {logging_mixin.py:188} INFO - [2024-03-12T19:56:11.738+0000] {dagbag.py:540} INFO - Filling up the DagBag from /home/airflow/.local/lib/python3.8/site-packages/airflow/example_dags/example_dag_decorator.py
[2024-03-12T19:56:11.943+0000] {processor.py:840} INFO - DAG(s) 'example_dag_decorator' retrieved from /home/airflow/.local/lib/python3.8/site-packages/airflow/example_dags/example_dag_decorator.py
[2024-03-12T19:56:12.185+0000] {logging_mixin.py:188} INFO - [2024-03-12T19:56:12.185+0000] {dag.py:3047} INFO - Sync 1 DAGs
[2024-03-12T19:56:12.206+0000] {logging_mixin.py:188} INFO - [2024-03-12T19:56:12.205+0000] {dag.py:3834} INFO - Setting next_dagrun for example_dag_decorator to None, run_after=None
[2024-03-12T19:56:12.263+0000] {processor.py:183} INFO - Processing /home/airflow/.local/lib/python3.8/site-packages/airflow/example_dags/example_dag_decorator.py took 0.544 seconds
[2024-03-12T19:56:43.054+0000] {processor.py:161} INFO - Started process (PID=503) to work on /home/airflow/.local/lib/python3.8/site-packages/airflow/example_dags/example_dag_decorator.py
[2024-03-12T19:56:43.059+0000] {processor.py:830} INFO - Processing file /home/airflow/.local/lib/python3.8/site-packages/airflow/example_dags/example_dag_decorator.py for tasks to queue
[2024-03-12T19:56:43.063+0000] {logging_mixin.py:188} INFO - [2024-03-12T19:56:43.062+0000] {dagbag.py:540} INFO - Filling up the DagBag from /home/airflow/.local/lib/python3.8/site-packages/airflow/example_dags/example_dag_decorator.py
[2024-03-12T19:56:43.252+0000] {processor.py:840} INFO - DAG(s) 'example_dag_decorator' retrieved from /home/airflow/.local/lib/python3.8/site-packages/airflow/example_dags/example_dag_decorator.py
[2024-03-12T19:56:43.297+0000] {logging_mixin.py:188} INFO - [2024-03-12T19:56:43.297+0000] {dag.py:3047} INFO - Sync 1 DAGs
[2024-03-12T19:56:43.325+0000] {logging_mixin.py:188} INFO - [2024-03-12T19:56:43.325+0000] {dag.py:3834} INFO - Setting next_dagrun for example_dag_decorator to None, run_after=None
[2024-03-12T19:56:43.365+0000] {processor.py:183} INFO - Processing /home/airflow/.local/lib/python3.8/site-packages/airflow/example_dags/example_dag_decorator.py took 0.317 seconds
[2024-03-12T19:57:13.605+0000] {processor.py:161} INFO - Started process (PID=559) to work on /home/airflow/.local/lib/python3.8/site-packages/airflow/example_dags/example_dag_decorator.py
[2024-03-12T19:57:13.629+0000] {processor.py:830} INFO - Processing file /home/airflow/.local/lib/python3.8/site-packages/airflow/example_dags/example_dag_decorator.py for tasks to queue
[2024-03-12T19:57:13.633+0000] {logging_mixin.py:188} INFO - [2024-03-12T19:57:13.632+0000] {dagbag.py:540} INFO - Filling up the DagBag from /home/airflow/.local/lib/python3.8/site-packages/airflow/example_dags/example_dag_decorator.py
[2024-03-12T19:57:13.824+0000] {processor.py:840} INFO - DAG(s) 'example_dag_decorator' retrieved from /home/airflow/.local/lib/python3.8/site-packages/airflow/example_dags/example_dag_decorator.py
[2024-03-12T19:57:14.055+0000] {logging_mixin.py:188} INFO - [2024-03-12T19:57:14.054+0000] {dag.py:3047} INFO - Sync 1 DAGs
[2024-03-12T19:57:14.076+0000] {logging_mixin.py:188} INFO - [2024-03-12T19:57:14.076+0000] {dag.py:3834} INFO - Setting next_dagrun for example_dag_decorator to None, run_after=None
[2024-03-12T19:57:14.144+0000] {processor.py:183} INFO - Processing /home/airflow/.local/lib/python3.8/site-packages/airflow/example_dags/example_dag_decorator.py took 0.547 seconds
