[2024-03-12T19:52:44.068+0000] {processor.py:161} INFO - Started process (PID=73) to work on /home/airflow/.local/lib/python3.8/site-packages/airflow/example_dags/example_short_circuit_operator.py
[2024-03-12T19:52:44.089+0000] {processor.py:830} INFO - Processing file /home/airflow/.local/lib/python3.8/site-packages/airflow/example_dags/example_short_circuit_operator.py for tasks to queue
[2024-03-12T19:52:44.120+0000] {logging_mixin.py:188} INFO - [2024-03-12T19:52:44.120+0000] {dagbag.py:540} INFO - Filling up the DagBag from /home/airflow/.local/lib/python3.8/site-packages/airflow/example_dags/example_short_circuit_operator.py
[2024-03-12T19:52:44.197+0000] {processor.py:840} INFO - DAG(s) 'example_short_circuit_operator' retrieved from /home/airflow/.local/lib/python3.8/site-packages/airflow/example_dags/example_short_circuit_operator.py
[2024-03-12T19:52:44.492+0000] {logging_mixin.py:188} INFO - [2024-03-12T19:52:44.491+0000] {dag.py:3047} INFO - Sync 1 DAGs
[2024-03-12T19:52:44.583+0000] {logging_mixin.py:188} INFO - [2024-03-12T19:52:44.583+0000] {dag.py:3834} INFO - Setting next_dagrun for example_short_circuit_operator to 2024-03-11 00:00:00+00:00, run_after=2024-03-12 00:00:00+00:00
[2024-03-12T19:52:44.650+0000] {processor.py:183} INFO - Processing /home/airflow/.local/lib/python3.8/site-packages/airflow/example_dags/example_short_circuit_operator.py took 0.713 seconds
[2024-03-12T19:53:15.213+0000] {processor.py:161} INFO - Started process (PID=130) to work on /home/airflow/.local/lib/python3.8/site-packages/airflow/example_dags/example_short_circuit_operator.py
[2024-03-12T19:53:15.214+0000] {processor.py:830} INFO - Processing file /home/airflow/.local/lib/python3.8/site-packages/airflow/example_dags/example_short_circuit_operator.py for tasks to queue
[2024-03-12T19:53:15.217+0000] {logging_mixin.py:188} INFO - [2024-03-12T19:53:15.216+0000] {dagbag.py:540} INFO - Filling up the DagBag from /home/airflow/.local/lib/python3.8/site-packages/airflow/example_dags/example_short_circuit_operator.py
[2024-03-12T19:53:15.227+0000] {processor.py:840} INFO - DAG(s) 'example_short_circuit_operator' retrieved from /home/airflow/.local/lib/python3.8/site-packages/airflow/example_dags/example_short_circuit_operator.py
[2024-03-12T19:53:15.264+0000] {logging_mixin.py:188} INFO - [2024-03-12T19:53:15.263+0000] {dag.py:3047} INFO - Sync 1 DAGs
[2024-03-12T19:53:15.303+0000] {logging_mixin.py:188} INFO - [2024-03-12T19:53:15.303+0000] {dag.py:3834} INFO - Setting next_dagrun for example_short_circuit_operator to 2024-03-11 00:00:00+00:00, run_after=2024-03-12 00:00:00+00:00
[2024-03-12T19:53:15.337+0000] {processor.py:183} INFO - Processing /home/airflow/.local/lib/python3.8/site-packages/airflow/example_dags/example_short_circuit_operator.py took 0.128 seconds
[2024-03-12T19:53:46.319+0000] {processor.py:161} INFO - Started process (PID=187) to work on /home/airflow/.local/lib/python3.8/site-packages/airflow/example_dags/example_short_circuit_operator.py
[2024-03-12T19:53:46.321+0000] {processor.py:830} INFO - Processing file /home/airflow/.local/lib/python3.8/site-packages/airflow/example_dags/example_short_circuit_operator.py for tasks to queue
[2024-03-12T19:53:46.323+0000] {logging_mixin.py:188} INFO - [2024-03-12T19:53:46.323+0000] {dagbag.py:540} INFO - Filling up the DagBag from /home/airflow/.local/lib/python3.8/site-packages/airflow/example_dags/example_short_circuit_operator.py
[2024-03-12T19:53:46.337+0000] {processor.py:840} INFO - DAG(s) 'example_short_circuit_operator' retrieved from /home/airflow/.local/lib/python3.8/site-packages/airflow/example_dags/example_short_circuit_operator.py
[2024-03-12T19:53:46.362+0000] {logging_mixin.py:188} INFO - [2024-03-12T19:53:46.361+0000] {dag.py:3047} INFO - Sync 1 DAGs
[2024-03-12T19:53:46.404+0000] {logging_mixin.py:188} INFO - [2024-03-12T19:53:46.403+0000] {dag.py:3834} INFO - Setting next_dagrun for example_short_circuit_operator to 2024-03-11 00:00:00+00:00, run_after=2024-03-12 00:00:00+00:00
[2024-03-12T19:53:46.451+0000] {processor.py:183} INFO - Processing /home/airflow/.local/lib/python3.8/site-packages/airflow/example_dags/example_short_circuit_operator.py took 0.138 seconds
[2024-03-12T19:54:16.943+0000] {processor.py:161} INFO - Started process (PID=244) to work on /home/airflow/.local/lib/python3.8/site-packages/airflow/example_dags/example_short_circuit_operator.py
[2024-03-12T19:54:16.945+0000] {processor.py:830} INFO - Processing file /home/airflow/.local/lib/python3.8/site-packages/airflow/example_dags/example_short_circuit_operator.py for tasks to queue
[2024-03-12T19:54:16.947+0000] {logging_mixin.py:188} INFO - [2024-03-12T19:54:16.947+0000] {dagbag.py:540} INFO - Filling up the DagBag from /home/airflow/.local/lib/python3.8/site-packages/airflow/example_dags/example_short_circuit_operator.py
[2024-03-12T19:54:16.959+0000] {processor.py:840} INFO - DAG(s) 'example_short_circuit_operator' retrieved from /home/airflow/.local/lib/python3.8/site-packages/airflow/example_dags/example_short_circuit_operator.py
[2024-03-12T19:54:17.122+0000] {logging_mixin.py:188} INFO - [2024-03-12T19:54:17.121+0000] {dag.py:3047} INFO - Sync 1 DAGs
[2024-03-12T19:54:17.169+0000] {logging_mixin.py:188} INFO - [2024-03-12T19:54:17.168+0000] {dag.py:3834} INFO - Setting next_dagrun for example_short_circuit_operator to 2024-03-11 00:00:00+00:00, run_after=2024-03-12 00:00:00+00:00
[2024-03-12T19:54:17.226+0000] {processor.py:183} INFO - Processing /home/airflow/.local/lib/python3.8/site-packages/airflow/example_dags/example_short_circuit_operator.py took 0.289 seconds
[2024-03-12T19:54:47.462+0000] {processor.py:161} INFO - Started process (PID=301) to work on /home/airflow/.local/lib/python3.8/site-packages/airflow/example_dags/example_short_circuit_operator.py
[2024-03-12T19:54:47.466+0000] {processor.py:830} INFO - Processing file /home/airflow/.local/lib/python3.8/site-packages/airflow/example_dags/example_short_circuit_operator.py for tasks to queue
[2024-03-12T19:54:47.470+0000] {logging_mixin.py:188} INFO - [2024-03-12T19:54:47.469+0000] {dagbag.py:540} INFO - Filling up the DagBag from /home/airflow/.local/lib/python3.8/site-packages/airflow/example_dags/example_short_circuit_operator.py
[2024-03-12T19:54:47.483+0000] {processor.py:840} INFO - DAG(s) 'example_short_circuit_operator' retrieved from /home/airflow/.local/lib/python3.8/site-packages/airflow/example_dags/example_short_circuit_operator.py
[2024-03-12T19:54:47.525+0000] {logging_mixin.py:188} INFO - [2024-03-12T19:54:47.525+0000] {dag.py:3047} INFO - Sync 1 DAGs
[2024-03-12T19:54:47.566+0000] {logging_mixin.py:188} INFO - [2024-03-12T19:54:47.565+0000] {dag.py:3834} INFO - Setting next_dagrun for example_short_circuit_operator to 2024-03-11 00:00:00+00:00, run_after=2024-03-12 00:00:00+00:00
[2024-03-12T19:54:47.613+0000] {processor.py:183} INFO - Processing /home/airflow/.local/lib/python3.8/site-packages/airflow/example_dags/example_short_circuit_operator.py took 0.157 seconds
[2024-03-12T19:55:18.269+0000] {processor.py:161} INFO - Started process (PID=358) to work on /home/airflow/.local/lib/python3.8/site-packages/airflow/example_dags/example_short_circuit_operator.py
[2024-03-12T19:55:18.271+0000] {processor.py:830} INFO - Processing file /home/airflow/.local/lib/python3.8/site-packages/airflow/example_dags/example_short_circuit_operator.py for tasks to queue
[2024-03-12T19:55:18.275+0000] {logging_mixin.py:188} INFO - [2024-03-12T19:55:18.274+0000] {dagbag.py:540} INFO - Filling up the DagBag from /home/airflow/.local/lib/python3.8/site-packages/airflow/example_dags/example_short_circuit_operator.py
[2024-03-12T19:55:18.286+0000] {processor.py:840} INFO - DAG(s) 'example_short_circuit_operator' retrieved from /home/airflow/.local/lib/python3.8/site-packages/airflow/example_dags/example_short_circuit_operator.py
[2024-03-12T19:55:18.325+0000] {logging_mixin.py:188} INFO - [2024-03-12T19:55:18.324+0000] {dag.py:3047} INFO - Sync 1 DAGs
[2024-03-12T19:55:18.364+0000] {logging_mixin.py:188} INFO - [2024-03-12T19:55:18.364+0000] {dag.py:3834} INFO - Setting next_dagrun for example_short_circuit_operator to 2024-03-11 00:00:00+00:00, run_after=2024-03-12 00:00:00+00:00
[2024-03-12T19:55:18.428+0000] {processor.py:183} INFO - Processing /home/airflow/.local/lib/python3.8/site-packages/airflow/example_dags/example_short_circuit_operator.py took 0.164 seconds
[2024-03-12T19:55:48.912+0000] {processor.py:161} INFO - Started process (PID=415) to work on /home/airflow/.local/lib/python3.8/site-packages/airflow/example_dags/example_short_circuit_operator.py
[2024-03-12T19:55:48.915+0000] {processor.py:830} INFO - Processing file /home/airflow/.local/lib/python3.8/site-packages/airflow/example_dags/example_short_circuit_operator.py for tasks to queue
[2024-03-12T19:55:48.919+0000] {logging_mixin.py:188} INFO - [2024-03-12T19:55:48.918+0000] {dagbag.py:540} INFO - Filling up the DagBag from /home/airflow/.local/lib/python3.8/site-packages/airflow/example_dags/example_short_circuit_operator.py
[2024-03-12T19:55:48.932+0000] {processor.py:840} INFO - DAG(s) 'example_short_circuit_operator' retrieved from /home/airflow/.local/lib/python3.8/site-packages/airflow/example_dags/example_short_circuit_operator.py
[2024-03-12T19:55:48.973+0000] {logging_mixin.py:188} INFO - [2024-03-12T19:55:48.973+0000] {dag.py:3047} INFO - Sync 1 DAGs
[2024-03-12T19:55:49.018+0000] {logging_mixin.py:188} INFO - [2024-03-12T19:55:49.017+0000] {dag.py:3834} INFO - Setting next_dagrun for example_short_circuit_operator to 2024-03-11 00:00:00+00:00, run_after=2024-03-12 00:00:00+00:00
[2024-03-12T19:55:49.101+0000] {processor.py:183} INFO - Processing /home/airflow/.local/lib/python3.8/site-packages/airflow/example_dags/example_short_circuit_operator.py took 0.196 seconds
[2024-03-12T19:56:19.691+0000] {processor.py:161} INFO - Started process (PID=472) to work on /home/airflow/.local/lib/python3.8/site-packages/airflow/example_dags/example_short_circuit_operator.py
[2024-03-12T19:56:19.693+0000] {processor.py:830} INFO - Processing file /home/airflow/.local/lib/python3.8/site-packages/airflow/example_dags/example_short_circuit_operator.py for tasks to queue
[2024-03-12T19:56:19.698+0000] {logging_mixin.py:188} INFO - [2024-03-12T19:56:19.697+0000] {dagbag.py:540} INFO - Filling up the DagBag from /home/airflow/.local/lib/python3.8/site-packages/airflow/example_dags/example_short_circuit_operator.py
[2024-03-12T19:56:19.715+0000] {processor.py:840} INFO - DAG(s) 'example_short_circuit_operator' retrieved from /home/airflow/.local/lib/python3.8/site-packages/airflow/example_dags/example_short_circuit_operator.py
[2024-03-12T19:56:19.775+0000] {logging_mixin.py:188} INFO - [2024-03-12T19:56:19.774+0000] {dag.py:3047} INFO - Sync 1 DAGs
[2024-03-12T19:56:19.836+0000] {logging_mixin.py:188} INFO - [2024-03-12T19:56:19.836+0000] {dag.py:3834} INFO - Setting next_dagrun for example_short_circuit_operator to 2024-03-11 00:00:00+00:00, run_after=2024-03-12 00:00:00+00:00
[2024-03-12T19:56:19.894+0000] {processor.py:183} INFO - Processing /home/airflow/.local/lib/python3.8/site-packages/airflow/example_dags/example_short_circuit_operator.py took 0.208 seconds
[2024-03-12T19:56:50.697+0000] {processor.py:161} INFO - Started process (PID=529) to work on /home/airflow/.local/lib/python3.8/site-packages/airflow/example_dags/example_short_circuit_operator.py
[2024-03-12T19:56:50.699+0000] {processor.py:830} INFO - Processing file /home/airflow/.local/lib/python3.8/site-packages/airflow/example_dags/example_short_circuit_operator.py for tasks to queue
[2024-03-12T19:56:50.702+0000] {logging_mixin.py:188} INFO - [2024-03-12T19:56:50.702+0000] {dagbag.py:540} INFO - Filling up the DagBag from /home/airflow/.local/lib/python3.8/site-packages/airflow/example_dags/example_short_circuit_operator.py
[2024-03-12T19:56:50.713+0000] {processor.py:840} INFO - DAG(s) 'example_short_circuit_operator' retrieved from /home/airflow/.local/lib/python3.8/site-packages/airflow/example_dags/example_short_circuit_operator.py
[2024-03-12T19:56:50.748+0000] {logging_mixin.py:188} INFO - [2024-03-12T19:56:50.748+0000] {dag.py:3047} INFO - Sync 1 DAGs
[2024-03-12T19:56:50.779+0000] {logging_mixin.py:188} INFO - [2024-03-12T19:56:50.779+0000] {dag.py:3834} INFO - Setting next_dagrun for example_short_circuit_operator to 2024-03-11 00:00:00+00:00, run_after=2024-03-12 00:00:00+00:00
[2024-03-12T19:56:50.817+0000] {processor.py:183} INFO - Processing /home/airflow/.local/lib/python3.8/site-packages/airflow/example_dags/example_short_circuit_operator.py took 0.124 seconds
