[2024-03-12T19:52:32.886+0000] {processor.py:161} INFO - Started process (PID=45) to work on /home/airflow/.local/lib/python3.8/site-packages/airflow/example_dags/example_subdag_operator.py
[2024-03-12T19:52:32.887+0000] {processor.py:830} INFO - Processing file /home/airflow/.local/lib/python3.8/site-packages/airflow/example_dags/example_subdag_operator.py for tasks to queue
[2024-03-12T19:52:32.890+0000] {logging_mixin.py:188} INFO - [2024-03-12T19:52:32.890+0000] {dagbag.py:540} INFO - Filling up the DagBag from /home/airflow/.local/lib/python3.8/site-packages/airflow/example_dags/example_subdag_operator.py
[2024-03-12T19:52:32.942+0000] {processor.py:840} INFO - DAG(s) 'example_subdag_operator.section-1', 'example_subdag_operator.section-2', 'example_subdag_operator' retrieved from /home/airflow/.local/lib/python3.8/site-packages/airflow/example_dags/example_subdag_operator.py
[2024-03-12T19:52:33.009+0000] {logging_mixin.py:188} INFO - [2024-03-12T19:52:33.009+0000] {dag.py:3047} INFO - Sync 3 DAGs
[2024-03-12T19:52:33.068+0000] {logging_mixin.py:188} INFO - [2024-03-12T19:52:33.068+0000] {dag.py:3834} INFO - Setting next_dagrun for example_subdag_operator to 2022-01-01 00:00:00+00:00, run_after=2022-01-01 00:00:00+00:00
[2024-03-12T19:52:33.079+0000] {logging_mixin.py:188} INFO - [2024-03-12T19:52:33.078+0000] {dag.py:3834} INFO - Setting next_dagrun for example_subdag_operator.section-1 to None, run_after=None
[2024-03-12T19:52:33.083+0000] {logging_mixin.py:188} INFO - [2024-03-12T19:52:33.083+0000] {dag.py:3834} INFO - Setting next_dagrun for example_subdag_operator.section-2 to None, run_after=None
[2024-03-12T19:52:33.103+0000] {logging_mixin.py:188} INFO - [2024-03-12T19:52:33.102+0000] {dag.py:3047} INFO - Sync 2 DAGs
[2024-03-12T19:52:33.117+0000] {logging_mixin.py:188} INFO - [2024-03-12T19:52:33.115+0000] {dag.py:3834} INFO - Setting next_dagrun for example_subdag_operator.section-1 to None, run_after=None
[2024-03-12T19:52:33.119+0000] {logging_mixin.py:188} INFO - [2024-03-12T19:52:33.118+0000] {dag.py:3834} INFO - Setting next_dagrun for example_subdag_operator.section-2 to None, run_after=None
[2024-03-12T19:52:33.158+0000] {processor.py:183} INFO - Processing /home/airflow/.local/lib/python3.8/site-packages/airflow/example_dags/example_subdag_operator.py took 0.277 seconds
[2024-03-12T19:53:03.701+0000] {processor.py:161} INFO - Started process (PID=101) to work on /home/airflow/.local/lib/python3.8/site-packages/airflow/example_dags/example_subdag_operator.py
[2024-03-12T19:53:03.703+0000] {processor.py:830} INFO - Processing file /home/airflow/.local/lib/python3.8/site-packages/airflow/example_dags/example_subdag_operator.py for tasks to queue
[2024-03-12T19:53:03.706+0000] {logging_mixin.py:188} INFO - [2024-03-12T19:53:03.705+0000] {dagbag.py:540} INFO - Filling up the DagBag from /home/airflow/.local/lib/python3.8/site-packages/airflow/example_dags/example_subdag_operator.py
[2024-03-12T19:53:03.751+0000] {processor.py:840} INFO - DAG(s) 'example_subdag_operator.section-1', 'example_subdag_operator.section-2', 'example_subdag_operator' retrieved from /home/airflow/.local/lib/python3.8/site-packages/airflow/example_dags/example_subdag_operator.py
[2024-03-12T19:53:03.780+0000] {logging_mixin.py:188} INFO - [2024-03-12T19:53:03.780+0000] {dag.py:3047} INFO - Sync 3 DAGs
[2024-03-12T19:53:03.846+0000] {logging_mixin.py:188} INFO - [2024-03-12T19:53:03.845+0000] {dag.py:3834} INFO - Setting next_dagrun for example_subdag_operator to 2022-01-01 00:00:00+00:00, run_after=2022-01-01 00:00:00+00:00
[2024-03-12T19:53:03.856+0000] {logging_mixin.py:188} INFO - [2024-03-12T19:53:03.856+0000] {dag.py:3834} INFO - Setting next_dagrun for example_subdag_operator.section-1 to None, run_after=None
[2024-03-12T19:53:03.859+0000] {logging_mixin.py:188} INFO - [2024-03-12T19:53:03.859+0000] {dag.py:3834} INFO - Setting next_dagrun for example_subdag_operator.section-2 to None, run_after=None
[2024-03-12T19:53:03.871+0000] {logging_mixin.py:188} INFO - [2024-03-12T19:53:03.871+0000] {dag.py:3047} INFO - Sync 2 DAGs
[2024-03-12T19:53:03.881+0000] {logging_mixin.py:188} INFO - [2024-03-12T19:53:03.881+0000] {dag.py:3834} INFO - Setting next_dagrun for example_subdag_operator.section-1 to None, run_after=None
[2024-03-12T19:53:03.881+0000] {logging_mixin.py:188} INFO - [2024-03-12T19:53:03.881+0000] {dag.py:3834} INFO - Setting next_dagrun for example_subdag_operator.section-2 to None, run_after=None
[2024-03-12T19:53:03.902+0000] {processor.py:183} INFO - Processing /home/airflow/.local/lib/python3.8/site-packages/airflow/example_dags/example_subdag_operator.py took 0.206 seconds
[2024-03-12T19:53:34.490+0000] {processor.py:161} INFO - Started process (PID=158) to work on /home/airflow/.local/lib/python3.8/site-packages/airflow/example_dags/example_subdag_operator.py
[2024-03-12T19:53:34.492+0000] {processor.py:830} INFO - Processing file /home/airflow/.local/lib/python3.8/site-packages/airflow/example_dags/example_subdag_operator.py for tasks to queue
[2024-03-12T19:53:34.495+0000] {logging_mixin.py:188} INFO - [2024-03-12T19:53:34.495+0000] {dagbag.py:540} INFO - Filling up the DagBag from /home/airflow/.local/lib/python3.8/site-packages/airflow/example_dags/example_subdag_operator.py
[2024-03-12T19:53:34.534+0000] {processor.py:840} INFO - DAG(s) 'example_subdag_operator.section-1', 'example_subdag_operator.section-2', 'example_subdag_operator' retrieved from /home/airflow/.local/lib/python3.8/site-packages/airflow/example_dags/example_subdag_operator.py
[2024-03-12T19:53:34.542+0000] {logging_mixin.py:188} INFO - [2024-03-12T19:53:34.541+0000] {dag.py:3047} INFO - Sync 3 DAGs
[2024-03-12T19:53:34.579+0000] {logging_mixin.py:188} INFO - [2024-03-12T19:53:34.579+0000] {dag.py:3834} INFO - Setting next_dagrun for example_subdag_operator to 2022-01-01 00:00:00+00:00, run_after=2022-01-01 00:00:00+00:00
[2024-03-12T19:53:34.585+0000] {logging_mixin.py:188} INFO - [2024-03-12T19:53:34.585+0000] {dag.py:3834} INFO - Setting next_dagrun for example_subdag_operator.section-1 to None, run_after=None
[2024-03-12T19:53:34.588+0000] {logging_mixin.py:188} INFO - [2024-03-12T19:53:34.588+0000] {dag.py:3834} INFO - Setting next_dagrun for example_subdag_operator.section-2 to None, run_after=None
[2024-03-12T19:53:34.600+0000] {logging_mixin.py:188} INFO - [2024-03-12T19:53:34.600+0000] {dag.py:3047} INFO - Sync 2 DAGs
[2024-03-12T19:53:34.611+0000] {logging_mixin.py:188} INFO - [2024-03-12T19:53:34.610+0000] {dag.py:3834} INFO - Setting next_dagrun for example_subdag_operator.section-1 to None, run_after=None
[2024-03-12T19:53:34.612+0000] {logging_mixin.py:188} INFO - [2024-03-12T19:53:34.612+0000] {dag.py:3834} INFO - Setting next_dagrun for example_subdag_operator.section-2 to None, run_after=None
[2024-03-12T19:53:34.637+0000] {processor.py:183} INFO - Processing /home/airflow/.local/lib/python3.8/site-packages/airflow/example_dags/example_subdag_operator.py took 0.151 seconds
[2024-03-12T19:54:06.141+0000] {processor.py:161} INFO - Started process (PID=215) to work on /home/airflow/.local/lib/python3.8/site-packages/airflow/example_dags/example_subdag_operator.py
[2024-03-12T19:54:06.143+0000] {processor.py:830} INFO - Processing file /home/airflow/.local/lib/python3.8/site-packages/airflow/example_dags/example_subdag_operator.py for tasks to queue
[2024-03-12T19:54:06.146+0000] {logging_mixin.py:188} INFO - [2024-03-12T19:54:06.145+0000] {dagbag.py:540} INFO - Filling up the DagBag from /home/airflow/.local/lib/python3.8/site-packages/airflow/example_dags/example_subdag_operator.py
[2024-03-12T19:54:06.187+0000] {processor.py:840} INFO - DAG(s) 'example_subdag_operator.section-1', 'example_subdag_operator.section-2', 'example_subdag_operator' retrieved from /home/airflow/.local/lib/python3.8/site-packages/airflow/example_dags/example_subdag_operator.py
[2024-03-12T19:54:06.363+0000] {logging_mixin.py:188} INFO - [2024-03-12T19:54:06.362+0000] {dag.py:3047} INFO - Sync 3 DAGs
[2024-03-12T19:54:06.408+0000] {logging_mixin.py:188} INFO - [2024-03-12T19:54:06.408+0000] {dag.py:3834} INFO - Setting next_dagrun for example_subdag_operator to 2022-01-01 00:00:00+00:00, run_after=2022-01-01 00:00:00+00:00
[2024-03-12T19:54:06.414+0000] {logging_mixin.py:188} INFO - [2024-03-12T19:54:06.414+0000] {dag.py:3834} INFO - Setting next_dagrun for example_subdag_operator.section-1 to None, run_after=None
[2024-03-12T19:54:06.418+0000] {logging_mixin.py:188} INFO - [2024-03-12T19:54:06.417+0000] {dag.py:3834} INFO - Setting next_dagrun for example_subdag_operator.section-2 to None, run_after=None
[2024-03-12T19:54:06.447+0000] {logging_mixin.py:188} INFO - [2024-03-12T19:54:06.446+0000] {dag.py:3047} INFO - Sync 2 DAGs
[2024-03-12T19:54:06.465+0000] {logging_mixin.py:188} INFO - [2024-03-12T19:54:06.464+0000] {dag.py:3834} INFO - Setting next_dagrun for example_subdag_operator.section-1 to None, run_after=None
[2024-03-12T19:54:06.466+0000] {logging_mixin.py:188} INFO - [2024-03-12T19:54:06.465+0000] {dag.py:3834} INFO - Setting next_dagrun for example_subdag_operator.section-2 to None, run_after=None
[2024-03-12T19:54:06.516+0000] {processor.py:183} INFO - Processing /home/airflow/.local/lib/python3.8/site-packages/airflow/example_dags/example_subdag_operator.py took 0.380 seconds
[2024-03-12T19:54:37.310+0000] {processor.py:161} INFO - Started process (PID=272) to work on /home/airflow/.local/lib/python3.8/site-packages/airflow/example_dags/example_subdag_operator.py
[2024-03-12T19:54:37.312+0000] {processor.py:830} INFO - Processing file /home/airflow/.local/lib/python3.8/site-packages/airflow/example_dags/example_subdag_operator.py for tasks to queue
[2024-03-12T19:54:37.315+0000] {logging_mixin.py:188} INFO - [2024-03-12T19:54:37.315+0000] {dagbag.py:540} INFO - Filling up the DagBag from /home/airflow/.local/lib/python3.8/site-packages/airflow/example_dags/example_subdag_operator.py
[2024-03-12T19:54:37.360+0000] {processor.py:840} INFO - DAG(s) 'example_subdag_operator.section-1', 'example_subdag_operator.section-2', 'example_subdag_operator' retrieved from /home/airflow/.local/lib/python3.8/site-packages/airflow/example_dags/example_subdag_operator.py
[2024-03-12T19:54:37.387+0000] {logging_mixin.py:188} INFO - [2024-03-12T19:54:37.387+0000] {dag.py:3047} INFO - Sync 3 DAGs
[2024-03-12T19:54:37.424+0000] {logging_mixin.py:188} INFO - [2024-03-12T19:54:37.424+0000] {dag.py:3834} INFO - Setting next_dagrun for example_subdag_operator to 2022-01-01 00:00:00+00:00, run_after=2022-01-01 00:00:00+00:00
[2024-03-12T19:54:37.430+0000] {logging_mixin.py:188} INFO - [2024-03-12T19:54:37.430+0000] {dag.py:3834} INFO - Setting next_dagrun for example_subdag_operator.section-1 to None, run_after=None
[2024-03-12T19:54:37.432+0000] {logging_mixin.py:188} INFO - [2024-03-12T19:54:37.432+0000] {dag.py:3834} INFO - Setting next_dagrun for example_subdag_operator.section-2 to None, run_after=None
[2024-03-12T19:54:37.449+0000] {logging_mixin.py:188} INFO - [2024-03-12T19:54:37.448+0000] {dag.py:3047} INFO - Sync 2 DAGs
[2024-03-12T19:54:37.464+0000] {logging_mixin.py:188} INFO - [2024-03-12T19:54:37.464+0000] {dag.py:3834} INFO - Setting next_dagrun for example_subdag_operator.section-1 to None, run_after=None
[2024-03-12T19:54:37.465+0000] {logging_mixin.py:188} INFO - [2024-03-12T19:54:37.465+0000] {dag.py:3834} INFO - Setting next_dagrun for example_subdag_operator.section-2 to None, run_after=None
[2024-03-12T19:54:37.502+0000] {processor.py:183} INFO - Processing /home/airflow/.local/lib/python3.8/site-packages/airflow/example_dags/example_subdag_operator.py took 0.200 seconds
[2024-03-12T19:55:07.920+0000] {processor.py:161} INFO - Started process (PID=329) to work on /home/airflow/.local/lib/python3.8/site-packages/airflow/example_dags/example_subdag_operator.py
[2024-03-12T19:55:07.922+0000] {processor.py:830} INFO - Processing file /home/airflow/.local/lib/python3.8/site-packages/airflow/example_dags/example_subdag_operator.py for tasks to queue
[2024-03-12T19:55:07.925+0000] {logging_mixin.py:188} INFO - [2024-03-12T19:55:07.924+0000] {dagbag.py:540} INFO - Filling up the DagBag from /home/airflow/.local/lib/python3.8/site-packages/airflow/example_dags/example_subdag_operator.py
[2024-03-12T19:55:07.973+0000] {processor.py:840} INFO - DAG(s) 'example_subdag_operator.section-1', 'example_subdag_operator.section-2', 'example_subdag_operator' retrieved from /home/airflow/.local/lib/python3.8/site-packages/airflow/example_dags/example_subdag_operator.py
[2024-03-12T19:55:08.008+0000] {logging_mixin.py:188} INFO - [2024-03-12T19:55:08.007+0000] {dag.py:3047} INFO - Sync 3 DAGs
[2024-03-12T19:55:08.045+0000] {logging_mixin.py:188} INFO - [2024-03-12T19:55:08.045+0000] {dag.py:3834} INFO - Setting next_dagrun for example_subdag_operator to 2022-01-01 00:00:00+00:00, run_after=2022-01-01 00:00:00+00:00
[2024-03-12T19:55:08.051+0000] {logging_mixin.py:188} INFO - [2024-03-12T19:55:08.050+0000] {dag.py:3834} INFO - Setting next_dagrun for example_subdag_operator.section-1 to None, run_after=None
[2024-03-12T19:55:08.053+0000] {logging_mixin.py:188} INFO - [2024-03-12T19:55:08.053+0000] {dag.py:3834} INFO - Setting next_dagrun for example_subdag_operator.section-2 to None, run_after=None
[2024-03-12T19:55:08.064+0000] {logging_mixin.py:188} INFO - [2024-03-12T19:55:08.064+0000] {dag.py:3047} INFO - Sync 2 DAGs
[2024-03-12T19:55:08.074+0000] {logging_mixin.py:188} INFO - [2024-03-12T19:55:08.074+0000] {dag.py:3834} INFO - Setting next_dagrun for example_subdag_operator.section-1 to None, run_after=None
[2024-03-12T19:55:08.075+0000] {logging_mixin.py:188} INFO - [2024-03-12T19:55:08.075+0000] {dag.py:3834} INFO - Setting next_dagrun for example_subdag_operator.section-2 to None, run_after=None
[2024-03-12T19:55:08.109+0000] {processor.py:183} INFO - Processing /home/airflow/.local/lib/python3.8/site-packages/airflow/example_dags/example_subdag_operator.py took 0.194 seconds
[2024-03-12T19:55:40.900+0000] {processor.py:161} INFO - Started process (PID=386) to work on /home/airflow/.local/lib/python3.8/site-packages/airflow/example_dags/example_subdag_operator.py
[2024-03-12T19:55:40.944+0000] {processor.py:830} INFO - Processing file /home/airflow/.local/lib/python3.8/site-packages/airflow/example_dags/example_subdag_operator.py for tasks to queue
[2024-03-12T19:55:40.948+0000] {logging_mixin.py:188} INFO - [2024-03-12T19:55:40.947+0000] {dagbag.py:540} INFO - Filling up the DagBag from /home/airflow/.local/lib/python3.8/site-packages/airflow/example_dags/example_subdag_operator.py
[2024-03-12T19:55:41.493+0000] {processor.py:840} INFO - DAG(s) 'example_subdag_operator.section-1', 'example_subdag_operator.section-2', 'example_subdag_operator' retrieved from /home/airflow/.local/lib/python3.8/site-packages/airflow/example_dags/example_subdag_operator.py
[2024-03-12T19:55:41.524+0000] {logging_mixin.py:188} INFO - [2024-03-12T19:55:41.524+0000] {dag.py:3047} INFO - Sync 3 DAGs
[2024-03-12T19:55:41.573+0000] {logging_mixin.py:188} INFO - [2024-03-12T19:55:41.573+0000] {dag.py:3834} INFO - Setting next_dagrun for example_subdag_operator to 2022-01-01 00:00:00+00:00, run_after=2022-01-01 00:00:00+00:00
[2024-03-12T19:55:41.582+0000] {logging_mixin.py:188} INFO - [2024-03-12T19:55:41.582+0000] {dag.py:3834} INFO - Setting next_dagrun for example_subdag_operator.section-1 to None, run_after=None
[2024-03-12T19:55:41.585+0000] {logging_mixin.py:188} INFO - [2024-03-12T19:55:41.584+0000] {dag.py:3834} INFO - Setting next_dagrun for example_subdag_operator.section-2 to None, run_after=None
[2024-03-12T19:55:41.617+0000] {logging_mixin.py:188} INFO - [2024-03-12T19:55:41.617+0000] {dag.py:3047} INFO - Sync 2 DAGs
[2024-03-12T19:55:41.630+0000] {logging_mixin.py:188} INFO - [2024-03-12T19:55:41.630+0000] {dag.py:3834} INFO - Setting next_dagrun for example_subdag_operator.section-1 to None, run_after=None
[2024-03-12T19:55:41.632+0000] {logging_mixin.py:188} INFO - [2024-03-12T19:55:41.631+0000] {dag.py:3834} INFO - Setting next_dagrun for example_subdag_operator.section-2 to None, run_after=None
[2024-03-12T19:55:41.663+0000] {processor.py:183} INFO - Processing /home/airflow/.local/lib/python3.8/site-packages/airflow/example_dags/example_subdag_operator.py took 0.768 seconds
[2024-03-12T19:56:12.423+0000] {processor.py:161} INFO - Started process (PID=449) to work on /home/airflow/.local/lib/python3.8/site-packages/airflow/example_dags/example_subdag_operator.py
[2024-03-12T19:56:12.426+0000] {processor.py:830} INFO - Processing file /home/airflow/.local/lib/python3.8/site-packages/airflow/example_dags/example_subdag_operator.py for tasks to queue
[2024-03-12T19:56:12.430+0000] {logging_mixin.py:188} INFO - [2024-03-12T19:56:12.429+0000] {dagbag.py:540} INFO - Filling up the DagBag from /home/airflow/.local/lib/python3.8/site-packages/airflow/example_dags/example_subdag_operator.py
[2024-03-12T19:56:12.478+0000] {processor.py:840} INFO - DAG(s) 'example_subdag_operator.section-1', 'example_subdag_operator.section-2', 'example_subdag_operator' retrieved from /home/airflow/.local/lib/python3.8/site-packages/airflow/example_dags/example_subdag_operator.py
[2024-03-12T19:56:12.508+0000] {logging_mixin.py:188} INFO - [2024-03-12T19:56:12.507+0000] {dag.py:3047} INFO - Sync 3 DAGs
[2024-03-12T19:56:12.556+0000] {logging_mixin.py:188} INFO - [2024-03-12T19:56:12.556+0000] {dag.py:3834} INFO - Setting next_dagrun for example_subdag_operator to 2022-01-01 00:00:00+00:00, run_after=2022-01-01 00:00:00+00:00
[2024-03-12T19:56:12.565+0000] {logging_mixin.py:188} INFO - [2024-03-12T19:56:12.565+0000] {dag.py:3834} INFO - Setting next_dagrun for example_subdag_operator.section-1 to None, run_after=None
[2024-03-12T19:56:12.569+0000] {logging_mixin.py:188} INFO - [2024-03-12T19:56:12.568+0000] {dag.py:3834} INFO - Setting next_dagrun for example_subdag_operator.section-2 to None, run_after=None
[2024-03-12T19:56:12.586+0000] {logging_mixin.py:188} INFO - [2024-03-12T19:56:12.585+0000] {dag.py:3047} INFO - Sync 2 DAGs
[2024-03-12T19:56:12.600+0000] {logging_mixin.py:188} INFO - [2024-03-12T19:56:12.599+0000] {dag.py:3834} INFO - Setting next_dagrun for example_subdag_operator.section-1 to None, run_after=None
[2024-03-12T19:56:12.601+0000] {logging_mixin.py:188} INFO - [2024-03-12T19:56:12.601+0000] {dag.py:3834} INFO - Setting next_dagrun for example_subdag_operator.section-2 to None, run_after=None
[2024-03-12T19:56:12.637+0000] {processor.py:183} INFO - Processing /home/airflow/.local/lib/python3.8/site-packages/airflow/example_dags/example_subdag_operator.py took 0.222 seconds
[2024-03-12T19:56:43.582+0000] {processor.py:161} INFO - Started process (PID=506) to work on /home/airflow/.local/lib/python3.8/site-packages/airflow/example_dags/example_subdag_operator.py
[2024-03-12T19:56:43.584+0000] {processor.py:830} INFO - Processing file /home/airflow/.local/lib/python3.8/site-packages/airflow/example_dags/example_subdag_operator.py for tasks to queue
[2024-03-12T19:56:43.586+0000] {logging_mixin.py:188} INFO - [2024-03-12T19:56:43.586+0000] {dagbag.py:540} INFO - Filling up the DagBag from /home/airflow/.local/lib/python3.8/site-packages/airflow/example_dags/example_subdag_operator.py
[2024-03-12T19:56:43.629+0000] {processor.py:840} INFO - DAG(s) 'example_subdag_operator.section-1', 'example_subdag_operator.section-2', 'example_subdag_operator' retrieved from /home/airflow/.local/lib/python3.8/site-packages/airflow/example_dags/example_subdag_operator.py
[2024-03-12T19:56:43.663+0000] {logging_mixin.py:188} INFO - [2024-03-12T19:56:43.662+0000] {dag.py:3047} INFO - Sync 3 DAGs
[2024-03-12T19:56:43.708+0000] {logging_mixin.py:188} INFO - [2024-03-12T19:56:43.707+0000] {dag.py:3834} INFO - Setting next_dagrun for example_subdag_operator to 2022-01-01 00:00:00+00:00, run_after=2022-01-01 00:00:00+00:00
[2024-03-12T19:56:43.715+0000] {logging_mixin.py:188} INFO - [2024-03-12T19:56:43.715+0000] {dag.py:3834} INFO - Setting next_dagrun for example_subdag_operator.section-1 to None, run_after=None
[2024-03-12T19:56:43.719+0000] {logging_mixin.py:188} INFO - [2024-03-12T19:56:43.718+0000] {dag.py:3834} INFO - Setting next_dagrun for example_subdag_operator.section-2 to None, run_after=None
[2024-03-12T19:56:43.733+0000] {logging_mixin.py:188} INFO - [2024-03-12T19:56:43.732+0000] {dag.py:3047} INFO - Sync 2 DAGs
[2024-03-12T19:56:43.744+0000] {logging_mixin.py:188} INFO - [2024-03-12T19:56:43.743+0000] {dag.py:3834} INFO - Setting next_dagrun for example_subdag_operator.section-1 to None, run_after=None
[2024-03-12T19:56:43.745+0000] {logging_mixin.py:188} INFO - [2024-03-12T19:56:43.744+0000] {dag.py:3834} INFO - Setting next_dagrun for example_subdag_operator.section-2 to None, run_after=None
[2024-03-12T19:56:43.771+0000] {processor.py:183} INFO - Processing /home/airflow/.local/lib/python3.8/site-packages/airflow/example_dags/example_subdag_operator.py took 0.195 seconds
[2024-03-12T19:57:14.186+0000] {processor.py:161} INFO - Started process (PID=563) to work on /home/airflow/.local/lib/python3.8/site-packages/airflow/example_dags/example_subdag_operator.py
[2024-03-12T19:57:14.189+0000] {processor.py:830} INFO - Processing file /home/airflow/.local/lib/python3.8/site-packages/airflow/example_dags/example_subdag_operator.py for tasks to queue
[2024-03-12T19:57:14.191+0000] {logging_mixin.py:188} INFO - [2024-03-12T19:57:14.191+0000] {dagbag.py:540} INFO - Filling up the DagBag from /home/airflow/.local/lib/python3.8/site-packages/airflow/example_dags/example_subdag_operator.py
[2024-03-12T19:57:14.236+0000] {processor.py:840} INFO - DAG(s) 'example_subdag_operator.section-1', 'example_subdag_operator.section-2', 'example_subdag_operator' retrieved from /home/airflow/.local/lib/python3.8/site-packages/airflow/example_dags/example_subdag_operator.py
[2024-03-12T19:57:14.268+0000] {logging_mixin.py:188} INFO - [2024-03-12T19:57:14.267+0000] {dag.py:3047} INFO - Sync 3 DAGs
[2024-03-12T19:57:14.310+0000] {logging_mixin.py:188} INFO - [2024-03-12T19:57:14.309+0000] {dag.py:3834} INFO - Setting next_dagrun for example_subdag_operator to 2022-01-01 00:00:00+00:00, run_after=2022-01-01 00:00:00+00:00
[2024-03-12T19:57:14.318+0000] {logging_mixin.py:188} INFO - [2024-03-12T19:57:14.317+0000] {dag.py:3834} INFO - Setting next_dagrun for example_subdag_operator.section-1 to None, run_after=None
[2024-03-12T19:57:14.321+0000] {logging_mixin.py:188} INFO - [2024-03-12T19:57:14.321+0000] {dag.py:3834} INFO - Setting next_dagrun for example_subdag_operator.section-2 to None, run_after=None
[2024-03-12T19:57:14.336+0000] {logging_mixin.py:188} INFO - [2024-03-12T19:57:14.336+0000] {dag.py:3047} INFO - Sync 2 DAGs
[2024-03-12T19:57:14.349+0000] {logging_mixin.py:188} INFO - [2024-03-12T19:57:14.349+0000] {dag.py:3834} INFO - Setting next_dagrun for example_subdag_operator.section-1 to None, run_after=None
[2024-03-12T19:57:14.350+0000] {logging_mixin.py:188} INFO - [2024-03-12T19:57:14.350+0000] {dag.py:3834} INFO - Setting next_dagrun for example_subdag_operator.section-2 to None, run_after=None
[2024-03-12T19:57:14.414+0000] {processor.py:183} INFO - Processing /home/airflow/.local/lib/python3.8/site-packages/airflow/example_dags/example_subdag_operator.py took 0.233 seconds
