[2024-03-12T19:52:31.366+0000] {processor.py:161} INFO - Started process (PID=40) to work on /home/airflow/.local/lib/python3.8/site-packages/airflow/example_dags/example_bash_operator.py
[2024-03-12T19:52:31.369+0000] {processor.py:830} INFO - Processing file /home/airflow/.local/lib/python3.8/site-packages/airflow/example_dags/example_bash_operator.py for tasks to queue
[2024-03-12T19:52:31.373+0000] {logging_mixin.py:188} INFO - [2024-03-12T19:52:31.372+0000] {dagbag.py:540} INFO - Filling up the DagBag from /home/airflow/.local/lib/python3.8/site-packages/airflow/example_dags/example_bash_operator.py
[2024-03-12T19:52:31.413+0000] {processor.py:840} INFO - DAG(s) 'example_bash_operator' retrieved from /home/airflow/.local/lib/python3.8/site-packages/airflow/example_dags/example_bash_operator.py
[2024-03-12T19:52:31.544+0000] {logging_mixin.py:188} INFO - [2024-03-12T19:52:31.543+0000] {dag.py:3047} INFO - Sync 1 DAGs
[2024-03-12T19:52:31.634+0000] {logging_mixin.py:188} INFO - [2024-03-12T19:52:31.634+0000] {dag.py:3834} INFO - Setting next_dagrun for example_bash_operator to 2024-03-11 00:00:00+00:00, run_after=2024-03-12 00:00:00+00:00
[2024-03-12T19:52:31.684+0000] {processor.py:183} INFO - Processing /home/airflow/.local/lib/python3.8/site-packages/airflow/example_dags/example_bash_operator.py took 0.323 seconds
[2024-03-12T19:53:01.770+0000] {processor.py:161} INFO - Started process (PID=95) to work on /home/airflow/.local/lib/python3.8/site-packages/airflow/example_dags/example_bash_operator.py
[2024-03-12T19:53:01.771+0000] {processor.py:830} INFO - Processing file /home/airflow/.local/lib/python3.8/site-packages/airflow/example_dags/example_bash_operator.py for tasks to queue
[2024-03-12T19:53:01.773+0000] {logging_mixin.py:188} INFO - [2024-03-12T19:53:01.773+0000] {dagbag.py:540} INFO - Filling up the DagBag from /home/airflow/.local/lib/python3.8/site-packages/airflow/example_dags/example_bash_operator.py
[2024-03-12T19:53:01.791+0000] {processor.py:840} INFO - DAG(s) 'example_bash_operator' retrieved from /home/airflow/.local/lib/python3.8/site-packages/airflow/example_dags/example_bash_operator.py
[2024-03-12T19:53:01.836+0000] {logging_mixin.py:188} INFO - [2024-03-12T19:53:01.835+0000] {dag.py:3047} INFO - Sync 1 DAGs
[2024-03-12T19:53:01.875+0000] {logging_mixin.py:188} INFO - [2024-03-12T19:53:01.875+0000] {dag.py:3834} INFO - Setting next_dagrun for example_bash_operator to 2024-03-11 00:00:00+00:00, run_after=2024-03-12 00:00:00+00:00
[2024-03-12T19:53:01.909+0000] {processor.py:183} INFO - Processing /home/airflow/.local/lib/python3.8/site-packages/airflow/example_dags/example_bash_operator.py took 0.143 seconds
[2024-03-12T19:53:32.347+0000] {processor.py:161} INFO - Started process (PID=152) to work on /home/airflow/.local/lib/python3.8/site-packages/airflow/example_dags/example_bash_operator.py
[2024-03-12T19:53:32.349+0000] {processor.py:830} INFO - Processing file /home/airflow/.local/lib/python3.8/site-packages/airflow/example_dags/example_bash_operator.py for tasks to queue
[2024-03-12T19:53:32.352+0000] {logging_mixin.py:188} INFO - [2024-03-12T19:53:32.351+0000] {dagbag.py:540} INFO - Filling up the DagBag from /home/airflow/.local/lib/python3.8/site-packages/airflow/example_dags/example_bash_operator.py
[2024-03-12T19:53:32.383+0000] {processor.py:840} INFO - DAG(s) 'example_bash_operator' retrieved from /home/airflow/.local/lib/python3.8/site-packages/airflow/example_dags/example_bash_operator.py
[2024-03-12T19:53:32.447+0000] {logging_mixin.py:188} INFO - [2024-03-12T19:53:32.446+0000] {dag.py:3047} INFO - Sync 1 DAGs
[2024-03-12T19:53:32.497+0000] {logging_mixin.py:188} INFO - [2024-03-12T19:53:32.497+0000] {dag.py:3834} INFO - Setting next_dagrun for example_bash_operator to 2024-03-11 00:00:00+00:00, run_after=2024-03-12 00:00:00+00:00
[2024-03-12T19:53:32.538+0000] {processor.py:183} INFO - Processing /home/airflow/.local/lib/python3.8/site-packages/airflow/example_dags/example_bash_operator.py took 0.200 seconds
[2024-03-12T19:54:02.684+0000] {processor.py:161} INFO - Started process (PID=209) to work on /home/airflow/.local/lib/python3.8/site-packages/airflow/example_dags/example_bash_operator.py
[2024-03-12T19:54:02.687+0000] {processor.py:830} INFO - Processing file /home/airflow/.local/lib/python3.8/site-packages/airflow/example_dags/example_bash_operator.py for tasks to queue
[2024-03-12T19:54:02.690+0000] {logging_mixin.py:188} INFO - [2024-03-12T19:54:02.689+0000] {dagbag.py:540} INFO - Filling up the DagBag from /home/airflow/.local/lib/python3.8/site-packages/airflow/example_dags/example_bash_operator.py
[2024-03-12T19:54:02.717+0000] {processor.py:840} INFO - DAG(s) 'example_bash_operator' retrieved from /home/airflow/.local/lib/python3.8/site-packages/airflow/example_dags/example_bash_operator.py
[2024-03-12T19:54:02.928+0000] {logging_mixin.py:188} INFO - [2024-03-12T19:54:02.927+0000] {dag.py:3047} INFO - Sync 1 DAGs
[2024-03-12T19:54:02.971+0000] {logging_mixin.py:188} INFO - [2024-03-12T19:54:02.971+0000] {dag.py:3834} INFO - Setting next_dagrun for example_bash_operator to 2024-03-11 00:00:00+00:00, run_after=2024-03-12 00:00:00+00:00
[2024-03-12T19:54:03.031+0000] {processor.py:183} INFO - Processing /home/airflow/.local/lib/python3.8/site-packages/airflow/example_dags/example_bash_operator.py took 0.357 seconds
[2024-03-12T19:54:33.336+0000] {processor.py:161} INFO - Started process (PID=266) to work on /home/airflow/.local/lib/python3.8/site-packages/airflow/example_dags/example_bash_operator.py
[2024-03-12T19:54:33.339+0000] {processor.py:830} INFO - Processing file /home/airflow/.local/lib/python3.8/site-packages/airflow/example_dags/example_bash_operator.py for tasks to queue
[2024-03-12T19:54:33.343+0000] {logging_mixin.py:188} INFO - [2024-03-12T19:54:33.342+0000] {dagbag.py:540} INFO - Filling up the DagBag from /home/airflow/.local/lib/python3.8/site-packages/airflow/example_dags/example_bash_operator.py
[2024-03-12T19:54:33.366+0000] {processor.py:840} INFO - DAG(s) 'example_bash_operator' retrieved from /home/airflow/.local/lib/python3.8/site-packages/airflow/example_dags/example_bash_operator.py
[2024-03-12T19:54:33.417+0000] {logging_mixin.py:188} INFO - [2024-03-12T19:54:33.417+0000] {dag.py:3047} INFO - Sync 1 DAGs
[2024-03-12T19:54:33.478+0000] {logging_mixin.py:188} INFO - [2024-03-12T19:54:33.477+0000] {dag.py:3834} INFO - Setting next_dagrun for example_bash_operator to 2024-03-11 00:00:00+00:00, run_after=2024-03-12 00:00:00+00:00
[2024-03-12T19:54:33.533+0000] {processor.py:183} INFO - Processing /home/airflow/.local/lib/python3.8/site-packages/airflow/example_dags/example_bash_operator.py took 0.205 seconds
[2024-03-12T19:55:03.746+0000] {processor.py:161} INFO - Started process (PID=323) to work on /home/airflow/.local/lib/python3.8/site-packages/airflow/example_dags/example_bash_operator.py
[2024-03-12T19:55:03.749+0000] {processor.py:830} INFO - Processing file /home/airflow/.local/lib/python3.8/site-packages/airflow/example_dags/example_bash_operator.py for tasks to queue
[2024-03-12T19:55:03.752+0000] {logging_mixin.py:188} INFO - [2024-03-12T19:55:03.751+0000] {dagbag.py:540} INFO - Filling up the DagBag from /home/airflow/.local/lib/python3.8/site-packages/airflow/example_dags/example_bash_operator.py
[2024-03-12T19:55:03.768+0000] {processor.py:840} INFO - DAG(s) 'example_bash_operator' retrieved from /home/airflow/.local/lib/python3.8/site-packages/airflow/example_dags/example_bash_operator.py
[2024-03-12T19:55:03.830+0000] {logging_mixin.py:188} INFO - [2024-03-12T19:55:03.830+0000] {dag.py:3047} INFO - Sync 1 DAGs
[2024-03-12T19:55:03.872+0000] {logging_mixin.py:188} INFO - [2024-03-12T19:55:03.871+0000] {dag.py:3834} INFO - Setting next_dagrun for example_bash_operator to 2024-03-11 00:00:00+00:00, run_after=2024-03-12 00:00:00+00:00
[2024-03-12T19:55:03.913+0000] {processor.py:183} INFO - Processing /home/airflow/.local/lib/python3.8/site-packages/airflow/example_dags/example_bash_operator.py took 0.171 seconds
[2024-03-12T19:55:34.014+0000] {processor.py:161} INFO - Started process (PID=380) to work on /home/airflow/.local/lib/python3.8/site-packages/airflow/example_dags/example_bash_operator.py
[2024-03-12T19:55:34.016+0000] {processor.py:830} INFO - Processing file /home/airflow/.local/lib/python3.8/site-packages/airflow/example_dags/example_bash_operator.py for tasks to queue
[2024-03-12T19:55:34.019+0000] {logging_mixin.py:188} INFO - [2024-03-12T19:55:34.019+0000] {dagbag.py:540} INFO - Filling up the DagBag from /home/airflow/.local/lib/python3.8/site-packages/airflow/example_dags/example_bash_operator.py
[2024-03-12T19:55:34.035+0000] {processor.py:840} INFO - DAG(s) 'example_bash_operator' retrieved from /home/airflow/.local/lib/python3.8/site-packages/airflow/example_dags/example_bash_operator.py
[2024-03-12T19:55:34.078+0000] {logging_mixin.py:188} INFO - [2024-03-12T19:55:34.077+0000] {dag.py:3047} INFO - Sync 1 DAGs
[2024-03-12T19:55:34.113+0000] {logging_mixin.py:188} INFO - [2024-03-12T19:55:34.113+0000] {dag.py:3834} INFO - Setting next_dagrun for example_bash_operator to 2024-03-11 00:00:00+00:00, run_after=2024-03-12 00:00:00+00:00
[2024-03-12T19:55:34.143+0000] {processor.py:183} INFO - Processing /home/airflow/.local/lib/python3.8/site-packages/airflow/example_dags/example_bash_operator.py took 0.132 seconds
[2024-03-12T19:56:04.402+0000] {processor.py:161} INFO - Started process (PID=437) to work on /home/airflow/.local/lib/python3.8/site-packages/airflow/example_dags/example_bash_operator.py
[2024-03-12T19:56:04.405+0000] {processor.py:830} INFO - Processing file /home/airflow/.local/lib/python3.8/site-packages/airflow/example_dags/example_bash_operator.py for tasks to queue
[2024-03-12T19:56:04.408+0000] {logging_mixin.py:188} INFO - [2024-03-12T19:56:04.408+0000] {dagbag.py:540} INFO - Filling up the DagBag from /home/airflow/.local/lib/python3.8/site-packages/airflow/example_dags/example_bash_operator.py
[2024-03-12T19:56:04.431+0000] {processor.py:840} INFO - DAG(s) 'example_bash_operator' retrieved from /home/airflow/.local/lib/python3.8/site-packages/airflow/example_dags/example_bash_operator.py
[2024-03-12T19:56:04.493+0000] {logging_mixin.py:188} INFO - [2024-03-12T19:56:04.492+0000] {dag.py:3047} INFO - Sync 1 DAGs
[2024-03-12T19:56:04.534+0000] {logging_mixin.py:188} INFO - [2024-03-12T19:56:04.534+0000] {dag.py:3834} INFO - Setting next_dagrun for example_bash_operator to 2024-03-11 00:00:00+00:00, run_after=2024-03-12 00:00:00+00:00
[2024-03-12T19:56:04.581+0000] {processor.py:183} INFO - Processing /home/airflow/.local/lib/python3.8/site-packages/airflow/example_dags/example_bash_operator.py took 0.188 seconds
[2024-03-12T19:56:34.699+0000] {processor.py:161} INFO - Started process (PID=494) to work on /home/airflow/.local/lib/python3.8/site-packages/airflow/example_dags/example_bash_operator.py
[2024-03-12T19:56:34.723+0000] {processor.py:830} INFO - Processing file /home/airflow/.local/lib/python3.8/site-packages/airflow/example_dags/example_bash_operator.py for tasks to queue
[2024-03-12T19:56:34.728+0000] {logging_mixin.py:188} INFO - [2024-03-12T19:56:34.727+0000] {dagbag.py:540} INFO - Filling up the DagBag from /home/airflow/.local/lib/python3.8/site-packages/airflow/example_dags/example_bash_operator.py
[2024-03-12T19:56:34.759+0000] {processor.py:840} INFO - DAG(s) 'example_bash_operator' retrieved from /home/airflow/.local/lib/python3.8/site-packages/airflow/example_dags/example_bash_operator.py
[2024-03-12T19:56:34.832+0000] {logging_mixin.py:188} INFO - [2024-03-12T19:56:34.832+0000] {dag.py:3047} INFO - Sync 1 DAGs
[2024-03-12T19:56:34.878+0000] {logging_mixin.py:188} INFO - [2024-03-12T19:56:34.877+0000] {dag.py:3834} INFO - Setting next_dagrun for example_bash_operator to 2024-03-11 00:00:00+00:00, run_after=2024-03-12 00:00:00+00:00
[2024-03-12T19:56:34.925+0000] {processor.py:183} INFO - Processing /home/airflow/.local/lib/python3.8/site-packages/airflow/example_dags/example_bash_operator.py took 0.233 seconds
[2024-03-12T19:57:05.273+0000] {processor.py:161} INFO - Started process (PID=551) to work on /home/airflow/.local/lib/python3.8/site-packages/airflow/example_dags/example_bash_operator.py
[2024-03-12T19:57:05.276+0000] {processor.py:830} INFO - Processing file /home/airflow/.local/lib/python3.8/site-packages/airflow/example_dags/example_bash_operator.py for tasks to queue
[2024-03-12T19:57:05.280+0000] {logging_mixin.py:188} INFO - [2024-03-12T19:57:05.279+0000] {dagbag.py:540} INFO - Filling up the DagBag from /home/airflow/.local/lib/python3.8/site-packages/airflow/example_dags/example_bash_operator.py
[2024-03-12T19:57:05.304+0000] {processor.py:840} INFO - DAG(s) 'example_bash_operator' retrieved from /home/airflow/.local/lib/python3.8/site-packages/airflow/example_dags/example_bash_operator.py
[2024-03-12T19:57:05.371+0000] {logging_mixin.py:188} INFO - [2024-03-12T19:57:05.370+0000] {dag.py:3047} INFO - Sync 1 DAGs
[2024-03-12T19:57:05.433+0000] {logging_mixin.py:188} INFO - [2024-03-12T19:57:05.432+0000] {dag.py:3834} INFO - Setting next_dagrun for example_bash_operator to 2024-03-11 00:00:00+00:00, run_after=2024-03-12 00:00:00+00:00
[2024-03-12T19:57:05.484+0000] {processor.py:183} INFO - Processing /home/airflow/.local/lib/python3.8/site-packages/airflow/example_dags/example_bash_operator.py took 0.216 seconds
