[2024-03-12T19:52:39.681+0000] {processor.py:161} INFO - Started process (PID=63) to work on /home/airflow/.local/lib/python3.8/site-packages/airflow/example_dags/example_branch_python_dop_operator_3.py
[2024-03-12T19:52:39.694+0000] {processor.py:830} INFO - Processing file /home/airflow/.local/lib/python3.8/site-packages/airflow/example_dags/example_branch_python_dop_operator_3.py for tasks to queue
[2024-03-12T19:52:39.716+0000] {logging_mixin.py:188} INFO - [2024-03-12T19:52:39.710+0000] {dagbag.py:540} INFO - Filling up the DagBag from /home/airflow/.local/lib/python3.8/site-packages/airflow/example_dags/example_branch_python_dop_operator_3.py
[2024-03-12T19:52:39.965+0000] {processor.py:840} INFO - DAG(s) 'example_branch_dop_operator_v3' retrieved from /home/airflow/.local/lib/python3.8/site-packages/airflow/example_dags/example_branch_python_dop_operator_3.py
[2024-03-12T19:52:40.280+0000] {logging_mixin.py:188} INFO - [2024-03-12T19:52:40.279+0000] {dag.py:3047} INFO - Sync 1 DAGs
[2024-03-12T19:52:40.499+0000] {logging_mixin.py:188} INFO - [2024-03-12T19:52:40.498+0000] {dag.py:3834} INFO - Setting next_dagrun for example_branch_dop_operator_v3 to 2024-03-12 19:51:00+00:00, run_after=2024-03-12 19:52:00+00:00
[2024-03-12T19:52:40.592+0000] {processor.py:183} INFO - Processing /home/airflow/.local/lib/python3.8/site-packages/airflow/example_dags/example_branch_python_dop_operator_3.py took 0.962 seconds
[2024-03-12T19:53:10.667+0000] {processor.py:161} INFO - Started process (PID=120) to work on /home/airflow/.local/lib/python3.8/site-packages/airflow/example_dags/example_branch_python_dop_operator_3.py
[2024-03-12T19:53:10.670+0000] {processor.py:830} INFO - Processing file /home/airflow/.local/lib/python3.8/site-packages/airflow/example_dags/example_branch_python_dop_operator_3.py for tasks to queue
[2024-03-12T19:53:10.673+0000] {logging_mixin.py:188} INFO - [2024-03-12T19:53:10.672+0000] {dagbag.py:540} INFO - Filling up the DagBag from /home/airflow/.local/lib/python3.8/site-packages/airflow/example_dags/example_branch_python_dop_operator_3.py
[2024-03-12T19:53:10.688+0000] {processor.py:840} INFO - DAG(s) 'example_branch_dop_operator_v3' retrieved from /home/airflow/.local/lib/python3.8/site-packages/airflow/example_dags/example_branch_python_dop_operator_3.py
[2024-03-12T19:53:10.727+0000] {logging_mixin.py:188} INFO - [2024-03-12T19:53:10.726+0000] {dag.py:3047} INFO - Sync 1 DAGs
[2024-03-12T19:53:10.784+0000] {logging_mixin.py:188} INFO - [2024-03-12T19:53:10.783+0000] {dag.py:3834} INFO - Setting next_dagrun for example_branch_dop_operator_v3 to 2024-03-12 19:52:00+00:00, run_after=2024-03-12 19:53:00+00:00
[2024-03-12T19:53:10.873+0000] {processor.py:183} INFO - Processing /home/airflow/.local/lib/python3.8/site-packages/airflow/example_dags/example_branch_python_dop_operator_3.py took 0.212 seconds
[2024-03-12T19:53:41.271+0000] {processor.py:161} INFO - Started process (PID=177) to work on /home/airflow/.local/lib/python3.8/site-packages/airflow/example_dags/example_branch_python_dop_operator_3.py
[2024-03-12T19:53:41.272+0000] {processor.py:830} INFO - Processing file /home/airflow/.local/lib/python3.8/site-packages/airflow/example_dags/example_branch_python_dop_operator_3.py for tasks to queue
[2024-03-12T19:53:41.274+0000] {logging_mixin.py:188} INFO - [2024-03-12T19:53:41.274+0000] {dagbag.py:540} INFO - Filling up the DagBag from /home/airflow/.local/lib/python3.8/site-packages/airflow/example_dags/example_branch_python_dop_operator_3.py
[2024-03-12T19:53:41.286+0000] {processor.py:840} INFO - DAG(s) 'example_branch_dop_operator_v3' retrieved from /home/airflow/.local/lib/python3.8/site-packages/airflow/example_dags/example_branch_python_dop_operator_3.py
[2024-03-12T19:53:41.301+0000] {logging_mixin.py:188} INFO - [2024-03-12T19:53:41.301+0000] {dag.py:3047} INFO - Sync 1 DAGs
[2024-03-12T19:53:41.338+0000] {logging_mixin.py:188} INFO - [2024-03-12T19:53:41.337+0000] {dag.py:3834} INFO - Setting next_dagrun for example_branch_dop_operator_v3 to 2024-03-12 19:52:00+00:00, run_after=2024-03-12 19:53:00+00:00
[2024-03-12T19:53:41.369+0000] {processor.py:183} INFO - Processing /home/airflow/.local/lib/python3.8/site-packages/airflow/example_dags/example_branch_python_dop_operator_3.py took 0.102 seconds
[2024-03-12T19:54:11.853+0000] {processor.py:161} INFO - Started process (PID=234) to work on /home/airflow/.local/lib/python3.8/site-packages/airflow/example_dags/example_branch_python_dop_operator_3.py
[2024-03-12T19:54:11.856+0000] {processor.py:830} INFO - Processing file /home/airflow/.local/lib/python3.8/site-packages/airflow/example_dags/example_branch_python_dop_operator_3.py for tasks to queue
[2024-03-12T19:54:11.859+0000] {logging_mixin.py:188} INFO - [2024-03-12T19:54:11.859+0000] {dagbag.py:540} INFO - Filling up the DagBag from /home/airflow/.local/lib/python3.8/site-packages/airflow/example_dags/example_branch_python_dop_operator_3.py
[2024-03-12T19:54:11.880+0000] {processor.py:840} INFO - DAG(s) 'example_branch_dop_operator_v3' retrieved from /home/airflow/.local/lib/python3.8/site-packages/airflow/example_dags/example_branch_python_dop_operator_3.py
[2024-03-12T19:54:12.060+0000] {logging_mixin.py:188} INFO - [2024-03-12T19:54:12.060+0000] {dag.py:3047} INFO - Sync 1 DAGs
[2024-03-12T19:54:12.101+0000] {logging_mixin.py:188} INFO - [2024-03-12T19:54:12.101+0000] {dag.py:3834} INFO - Setting next_dagrun for example_branch_dop_operator_v3 to 2024-03-12 19:53:00+00:00, run_after=2024-03-12 19:54:00+00:00
[2024-03-12T19:54:12.157+0000] {processor.py:183} INFO - Processing /home/airflow/.local/lib/python3.8/site-packages/airflow/example_dags/example_branch_python_dop_operator_3.py took 0.311 seconds
[2024-03-12T19:54:42.758+0000] {processor.py:161} INFO - Started process (PID=291) to work on /home/airflow/.local/lib/python3.8/site-packages/airflow/example_dags/example_branch_python_dop_operator_3.py
[2024-03-12T19:54:42.761+0000] {processor.py:830} INFO - Processing file /home/airflow/.local/lib/python3.8/site-packages/airflow/example_dags/example_branch_python_dop_operator_3.py for tasks to queue
[2024-03-12T19:54:42.763+0000] {logging_mixin.py:188} INFO - [2024-03-12T19:54:42.763+0000] {dagbag.py:540} INFO - Filling up the DagBag from /home/airflow/.local/lib/python3.8/site-packages/airflow/example_dags/example_branch_python_dop_operator_3.py
[2024-03-12T19:54:42.780+0000] {processor.py:840} INFO - DAG(s) 'example_branch_dop_operator_v3' retrieved from /home/airflow/.local/lib/python3.8/site-packages/airflow/example_dags/example_branch_python_dop_operator_3.py
[2024-03-12T19:54:42.815+0000] {logging_mixin.py:188} INFO - [2024-03-12T19:54:42.815+0000] {dag.py:3047} INFO - Sync 1 DAGs
[2024-03-12T19:54:42.862+0000] {logging_mixin.py:188} INFO - [2024-03-12T19:54:42.861+0000] {dag.py:3834} INFO - Setting next_dagrun for example_branch_dop_operator_v3 to 2024-03-12 19:53:00+00:00, run_after=2024-03-12 19:54:00+00:00
[2024-03-12T19:54:42.903+0000] {processor.py:183} INFO - Processing /home/airflow/.local/lib/python3.8/site-packages/airflow/example_dags/example_branch_python_dop_operator_3.py took 0.150 seconds
[2024-03-12T19:55:13.243+0000] {processor.py:161} INFO - Started process (PID=348) to work on /home/airflow/.local/lib/python3.8/site-packages/airflow/example_dags/example_branch_python_dop_operator_3.py
[2024-03-12T19:55:13.245+0000] {processor.py:830} INFO - Processing file /home/airflow/.local/lib/python3.8/site-packages/airflow/example_dags/example_branch_python_dop_operator_3.py for tasks to queue
[2024-03-12T19:55:13.248+0000] {logging_mixin.py:188} INFO - [2024-03-12T19:55:13.247+0000] {dagbag.py:540} INFO - Filling up the DagBag from /home/airflow/.local/lib/python3.8/site-packages/airflow/example_dags/example_branch_python_dop_operator_3.py
[2024-03-12T19:55:13.263+0000] {processor.py:840} INFO - DAG(s) 'example_branch_dop_operator_v3' retrieved from /home/airflow/.local/lib/python3.8/site-packages/airflow/example_dags/example_branch_python_dop_operator_3.py
[2024-03-12T19:55:13.299+0000] {logging_mixin.py:188} INFO - [2024-03-12T19:55:13.298+0000] {dag.py:3047} INFO - Sync 1 DAGs
[2024-03-12T19:55:13.347+0000] {logging_mixin.py:188} INFO - [2024-03-12T19:55:13.347+0000] {dag.py:3834} INFO - Setting next_dagrun for example_branch_dop_operator_v3 to 2024-03-12 19:54:00+00:00, run_after=2024-03-12 19:55:00+00:00
[2024-03-12T19:55:13.415+0000] {processor.py:183} INFO - Processing /home/airflow/.local/lib/python3.8/site-packages/airflow/example_dags/example_branch_python_dop_operator_3.py took 0.177 seconds
[2024-03-12T19:55:43.944+0000] {processor.py:161} INFO - Started process (PID=405) to work on /home/airflow/.local/lib/python3.8/site-packages/airflow/example_dags/example_branch_python_dop_operator_3.py
[2024-03-12T19:55:43.964+0000] {processor.py:830} INFO - Processing file /home/airflow/.local/lib/python3.8/site-packages/airflow/example_dags/example_branch_python_dop_operator_3.py for tasks to queue
[2024-03-12T19:55:43.966+0000] {logging_mixin.py:188} INFO - [2024-03-12T19:55:43.966+0000] {dagbag.py:540} INFO - Filling up the DagBag from /home/airflow/.local/lib/python3.8/site-packages/airflow/example_dags/example_branch_python_dop_operator_3.py
[2024-03-12T19:55:43.976+0000] {processor.py:840} INFO - DAG(s) 'example_branch_dop_operator_v3' retrieved from /home/airflow/.local/lib/python3.8/site-packages/airflow/example_dags/example_branch_python_dop_operator_3.py
[2024-03-12T19:55:43.995+0000] {logging_mixin.py:188} INFO - [2024-03-12T19:55:43.995+0000] {dag.py:3047} INFO - Sync 1 DAGs
[2024-03-12T19:55:44.024+0000] {logging_mixin.py:188} INFO - [2024-03-12T19:55:44.024+0000] {dag.py:3834} INFO - Setting next_dagrun for example_branch_dop_operator_v3 to 2024-03-12 19:54:00+00:00, run_after=2024-03-12 19:55:00+00:00
[2024-03-12T19:55:44.077+0000] {processor.py:183} INFO - Processing /home/airflow/.local/lib/python3.8/site-packages/airflow/example_dags/example_branch_python_dop_operator_3.py took 0.135 seconds
[2024-03-12T19:56:14.744+0000] {processor.py:161} INFO - Started process (PID=462) to work on /home/airflow/.local/lib/python3.8/site-packages/airflow/example_dags/example_branch_python_dop_operator_3.py
[2024-03-12T19:56:14.747+0000] {processor.py:830} INFO - Processing file /home/airflow/.local/lib/python3.8/site-packages/airflow/example_dags/example_branch_python_dop_operator_3.py for tasks to queue
[2024-03-12T19:56:14.749+0000] {logging_mixin.py:188} INFO - [2024-03-12T19:56:14.749+0000] {dagbag.py:540} INFO - Filling up the DagBag from /home/airflow/.local/lib/python3.8/site-packages/airflow/example_dags/example_branch_python_dop_operator_3.py
[2024-03-12T19:56:14.760+0000] {processor.py:840} INFO - DAG(s) 'example_branch_dop_operator_v3' retrieved from /home/airflow/.local/lib/python3.8/site-packages/airflow/example_dags/example_branch_python_dop_operator_3.py
[2024-03-12T19:56:14.798+0000] {logging_mixin.py:188} INFO - [2024-03-12T19:56:14.797+0000] {dag.py:3047} INFO - Sync 1 DAGs
[2024-03-12T19:56:14.840+0000] {logging_mixin.py:188} INFO - [2024-03-12T19:56:14.840+0000] {dag.py:3834} INFO - Setting next_dagrun for example_branch_dop_operator_v3 to 2024-03-12 19:55:00+00:00, run_after=2024-03-12 19:56:00+00:00
[2024-03-12T19:56:14.902+0000] {processor.py:183} INFO - Processing /home/airflow/.local/lib/python3.8/site-packages/airflow/example_dags/example_branch_python_dop_operator_3.py took 0.163 seconds
[2024-03-12T19:56:45.811+0000] {processor.py:161} INFO - Started process (PID=519) to work on /home/airflow/.local/lib/python3.8/site-packages/airflow/example_dags/example_branch_python_dop_operator_3.py
[2024-03-12T19:56:45.814+0000] {processor.py:830} INFO - Processing file /home/airflow/.local/lib/python3.8/site-packages/airflow/example_dags/example_branch_python_dop_operator_3.py for tasks to queue
[2024-03-12T19:56:45.817+0000] {logging_mixin.py:188} INFO - [2024-03-12T19:56:45.817+0000] {dagbag.py:540} INFO - Filling up the DagBag from /home/airflow/.local/lib/python3.8/site-packages/airflow/example_dags/example_branch_python_dop_operator_3.py
[2024-03-12T19:56:45.833+0000] {processor.py:840} INFO - DAG(s) 'example_branch_dop_operator_v3' retrieved from /home/airflow/.local/lib/python3.8/site-packages/airflow/example_dags/example_branch_python_dop_operator_3.py
[2024-03-12T19:56:45.861+0000] {logging_mixin.py:188} INFO - [2024-03-12T19:56:45.861+0000] {dag.py:3047} INFO - Sync 1 DAGs
[2024-03-12T19:56:45.901+0000] {logging_mixin.py:188} INFO - [2024-03-12T19:56:45.901+0000] {dag.py:3834} INFO - Setting next_dagrun for example_branch_dop_operator_v3 to 2024-03-12 19:55:00+00:00, run_after=2024-03-12 19:56:00+00:00
[2024-03-12T19:56:45.937+0000] {processor.py:183} INFO - Processing /home/airflow/.local/lib/python3.8/site-packages/airflow/example_dags/example_branch_python_dop_operator_3.py took 0.132 seconds
[2024-03-12T19:57:17.055+0000] {processor.py:161} INFO - Started process (PID=576) to work on /home/airflow/.local/lib/python3.8/site-packages/airflow/example_dags/example_branch_python_dop_operator_3.py
[2024-03-12T19:57:17.059+0000] {processor.py:830} INFO - Processing file /home/airflow/.local/lib/python3.8/site-packages/airflow/example_dags/example_branch_python_dop_operator_3.py for tasks to queue
[2024-03-12T19:57:17.064+0000] {logging_mixin.py:188} INFO - [2024-03-12T19:57:17.063+0000] {dagbag.py:540} INFO - Filling up the DagBag from /home/airflow/.local/lib/python3.8/site-packages/airflow/example_dags/example_branch_python_dop_operator_3.py
[2024-03-12T19:57:17.081+0000] {processor.py:840} INFO - DAG(s) 'example_branch_dop_operator_v3' retrieved from /home/airflow/.local/lib/python3.8/site-packages/airflow/example_dags/example_branch_python_dop_operator_3.py
[2024-03-12T19:57:17.118+0000] {logging_mixin.py:188} INFO - [2024-03-12T19:57:17.117+0000] {dag.py:3047} INFO - Sync 1 DAGs
[2024-03-12T19:57:17.168+0000] {logging_mixin.py:188} INFO - [2024-03-12T19:57:17.168+0000] {dag.py:3834} INFO - Setting next_dagrun for example_branch_dop_operator_v3 to 2024-03-12 19:56:00+00:00, run_after=2024-03-12 19:57:00+00:00
[2024-03-12T19:57:17.217+0000] {processor.py:183} INFO - Processing /home/airflow/.local/lib/python3.8/site-packages/airflow/example_dags/example_branch_python_dop_operator_3.py took 0.171 seconds
