[2024-03-12T19:52:33.192+0000] {processor.py:161} INFO - Started process (PID=47) to work on /home/airflow/.local/lib/python3.8/site-packages/airflow/example_dags/tutorial.py
[2024-03-12T19:52:33.194+0000] {processor.py:830} INFO - Processing file /home/airflow/.local/lib/python3.8/site-packages/airflow/example_dags/tutorial.py for tasks to queue
[2024-03-12T19:52:33.200+0000] {logging_mixin.py:188} INFO - [2024-03-12T19:52:33.198+0000] {dagbag.py:540} INFO - Filling up the DagBag from /home/airflow/.local/lib/python3.8/site-packages/airflow/example_dags/tutorial.py
[2024-03-12T19:52:33.209+0000] {processor.py:840} INFO - DAG(s) 'tutorial' retrieved from /home/airflow/.local/lib/python3.8/site-packages/airflow/example_dags/tutorial.py
[2024-03-12T19:52:33.266+0000] {logging_mixin.py:188} INFO - [2024-03-12T19:52:33.265+0000] {dag.py:3047} INFO - Sync 1 DAGs
[2024-03-12T19:52:33.328+0000] {logging_mixin.py:188} INFO - [2024-03-12T19:52:33.327+0000] {dag.py:3834} INFO - Setting next_dagrun for tutorial to 2024-03-11 00:00:00+00:00, run_after=2024-03-12 00:00:00+00:00
[2024-03-12T19:52:33.378+0000] {processor.py:183} INFO - Processing /home/airflow/.local/lib/python3.8/site-packages/airflow/example_dags/tutorial.py took 0.192 seconds
[2024-03-12T19:53:03.927+0000] {processor.py:161} INFO - Started process (PID=103) to work on /home/airflow/.local/lib/python3.8/site-packages/airflow/example_dags/tutorial.py
[2024-03-12T19:53:03.929+0000] {processor.py:830} INFO - Processing file /home/airflow/.local/lib/python3.8/site-packages/airflow/example_dags/tutorial.py for tasks to queue
[2024-03-12T19:53:03.931+0000] {logging_mixin.py:188} INFO - [2024-03-12T19:53:03.930+0000] {dagbag.py:540} INFO - Filling up the DagBag from /home/airflow/.local/lib/python3.8/site-packages/airflow/example_dags/tutorial.py
[2024-03-12T19:53:03.938+0000] {processor.py:840} INFO - DAG(s) 'tutorial' retrieved from /home/airflow/.local/lib/python3.8/site-packages/airflow/example_dags/tutorial.py
[2024-03-12T19:53:03.968+0000] {logging_mixin.py:188} INFO - [2024-03-12T19:53:03.968+0000] {dag.py:3047} INFO - Sync 1 DAGs
[2024-03-12T19:53:04.000+0000] {logging_mixin.py:188} INFO - [2024-03-12T19:53:04.000+0000] {dag.py:3834} INFO - Setting next_dagrun for tutorial to 2024-03-11 00:00:00+00:00, run_after=2024-03-12 00:00:00+00:00
[2024-03-12T19:53:04.032+0000] {processor.py:183} INFO - Processing /home/airflow/.local/lib/python3.8/site-packages/airflow/example_dags/tutorial.py took 0.109 seconds
[2024-03-12T19:53:34.654+0000] {processor.py:161} INFO - Started process (PID=160) to work on /home/airflow/.local/lib/python3.8/site-packages/airflow/example_dags/tutorial.py
[2024-03-12T19:53:34.656+0000] {processor.py:830} INFO - Processing file /home/airflow/.local/lib/python3.8/site-packages/airflow/example_dags/tutorial.py for tasks to queue
[2024-03-12T19:53:34.659+0000] {logging_mixin.py:188} INFO - [2024-03-12T19:53:34.658+0000] {dagbag.py:540} INFO - Filling up the DagBag from /home/airflow/.local/lib/python3.8/site-packages/airflow/example_dags/tutorial.py
[2024-03-12T19:53:34.668+0000] {processor.py:840} INFO - DAG(s) 'tutorial' retrieved from /home/airflow/.local/lib/python3.8/site-packages/airflow/example_dags/tutorial.py
[2024-03-12T19:53:34.685+0000] {logging_mixin.py:188} INFO - [2024-03-12T19:53:34.684+0000] {dag.py:3047} INFO - Sync 1 DAGs
[2024-03-12T19:53:34.718+0000] {logging_mixin.py:188} INFO - [2024-03-12T19:53:34.718+0000] {dag.py:3834} INFO - Setting next_dagrun for tutorial to 2024-03-11 00:00:00+00:00, run_after=2024-03-12 00:00:00+00:00
[2024-03-12T19:53:34.758+0000] {processor.py:183} INFO - Processing /home/airflow/.local/lib/python3.8/site-packages/airflow/example_dags/tutorial.py took 0.108 seconds
[2024-03-12T19:54:06.588+0000] {processor.py:161} INFO - Started process (PID=217) to work on /home/airflow/.local/lib/python3.8/site-packages/airflow/example_dags/tutorial.py
[2024-03-12T19:54:06.592+0000] {processor.py:830} INFO - Processing file /home/airflow/.local/lib/python3.8/site-packages/airflow/example_dags/tutorial.py for tasks to queue
[2024-03-12T19:54:06.597+0000] {logging_mixin.py:188} INFO - [2024-03-12T19:54:06.596+0000] {dagbag.py:540} INFO - Filling up the DagBag from /home/airflow/.local/lib/python3.8/site-packages/airflow/example_dags/tutorial.py
[2024-03-12T19:54:06.611+0000] {processor.py:840} INFO - DAG(s) 'tutorial' retrieved from /home/airflow/.local/lib/python3.8/site-packages/airflow/example_dags/tutorial.py
[2024-03-12T19:54:06.859+0000] {logging_mixin.py:188} INFO - [2024-03-12T19:54:06.858+0000] {dag.py:3047} INFO - Sync 1 DAGs
[2024-03-12T19:54:06.890+0000] {logging_mixin.py:188} INFO - [2024-03-12T19:54:06.890+0000] {dag.py:3834} INFO - Setting next_dagrun for tutorial to 2024-03-11 00:00:00+00:00, run_after=2024-03-12 00:00:00+00:00
[2024-03-12T19:54:06.927+0000] {processor.py:183} INFO - Processing /home/airflow/.local/lib/python3.8/site-packages/airflow/example_dags/tutorial.py took 0.351 seconds
[2024-03-12T19:54:37.549+0000] {processor.py:161} INFO - Started process (PID=274) to work on /home/airflow/.local/lib/python3.8/site-packages/airflow/example_dags/tutorial.py
[2024-03-12T19:54:37.551+0000] {processor.py:830} INFO - Processing file /home/airflow/.local/lib/python3.8/site-packages/airflow/example_dags/tutorial.py for tasks to queue
[2024-03-12T19:54:37.555+0000] {logging_mixin.py:188} INFO - [2024-03-12T19:54:37.554+0000] {dagbag.py:540} INFO - Filling up the DagBag from /home/airflow/.local/lib/python3.8/site-packages/airflow/example_dags/tutorial.py
[2024-03-12T19:54:37.567+0000] {processor.py:840} INFO - DAG(s) 'tutorial' retrieved from /home/airflow/.local/lib/python3.8/site-packages/airflow/example_dags/tutorial.py
[2024-03-12T19:54:37.612+0000] {logging_mixin.py:188} INFO - [2024-03-12T19:54:37.612+0000] {dag.py:3047} INFO - Sync 1 DAGs
[2024-03-12T19:54:37.652+0000] {logging_mixin.py:188} INFO - [2024-03-12T19:54:37.652+0000] {dag.py:3834} INFO - Setting next_dagrun for tutorial to 2024-03-11 00:00:00+00:00, run_after=2024-03-12 00:00:00+00:00
[2024-03-12T19:54:37.694+0000] {processor.py:183} INFO - Processing /home/airflow/.local/lib/python3.8/site-packages/airflow/example_dags/tutorial.py took 0.153 seconds
[2024-03-12T19:55:08.155+0000] {processor.py:161} INFO - Started process (PID=331) to work on /home/airflow/.local/lib/python3.8/site-packages/airflow/example_dags/tutorial.py
[2024-03-12T19:55:08.157+0000] {processor.py:830} INFO - Processing file /home/airflow/.local/lib/python3.8/site-packages/airflow/example_dags/tutorial.py for tasks to queue
[2024-03-12T19:55:08.159+0000] {logging_mixin.py:188} INFO - [2024-03-12T19:55:08.158+0000] {dagbag.py:540} INFO - Filling up the DagBag from /home/airflow/.local/lib/python3.8/site-packages/airflow/example_dags/tutorial.py
[2024-03-12T19:55:08.166+0000] {processor.py:840} INFO - DAG(s) 'tutorial' retrieved from /home/airflow/.local/lib/python3.8/site-packages/airflow/example_dags/tutorial.py
[2024-03-12T19:55:08.196+0000] {logging_mixin.py:188} INFO - [2024-03-12T19:55:08.195+0000] {dag.py:3047} INFO - Sync 1 DAGs
[2024-03-12T19:55:08.231+0000] {logging_mixin.py:188} INFO - [2024-03-12T19:55:08.231+0000] {dag.py:3834} INFO - Setting next_dagrun for tutorial to 2024-03-11 00:00:00+00:00, run_after=2024-03-12 00:00:00+00:00
[2024-03-12T19:55:08.266+0000] {processor.py:183} INFO - Processing /home/airflow/.local/lib/python3.8/site-packages/airflow/example_dags/tutorial.py took 0.115 seconds
[2024-03-12T19:55:41.696+0000] {processor.py:161} INFO - Started process (PID=394) to work on /home/airflow/.local/lib/python3.8/site-packages/airflow/example_dags/tutorial.py
[2024-03-12T19:55:41.698+0000] {processor.py:830} INFO - Processing file /home/airflow/.local/lib/python3.8/site-packages/airflow/example_dags/tutorial.py for tasks to queue
[2024-03-12T19:55:41.701+0000] {logging_mixin.py:188} INFO - [2024-03-12T19:55:41.700+0000] {dagbag.py:540} INFO - Filling up the DagBag from /home/airflow/.local/lib/python3.8/site-packages/airflow/example_dags/tutorial.py
[2024-03-12T19:55:41.709+0000] {processor.py:840} INFO - DAG(s) 'tutorial' retrieved from /home/airflow/.local/lib/python3.8/site-packages/airflow/example_dags/tutorial.py
[2024-03-12T19:55:41.745+0000] {logging_mixin.py:188} INFO - [2024-03-12T19:55:41.745+0000] {dag.py:3047} INFO - Sync 1 DAGs
[2024-03-12T19:55:41.784+0000] {logging_mixin.py:188} INFO - [2024-03-12T19:55:41.784+0000] {dag.py:3834} INFO - Setting next_dagrun for tutorial to 2024-03-11 00:00:00+00:00, run_after=2024-03-12 00:00:00+00:00
[2024-03-12T19:55:41.827+0000] {processor.py:183} INFO - Processing /home/airflow/.local/lib/python3.8/site-packages/airflow/example_dags/tutorial.py took 0.135 seconds
[2024-03-12T19:56:12.678+0000] {processor.py:161} INFO - Started process (PID=451) to work on /home/airflow/.local/lib/python3.8/site-packages/airflow/example_dags/tutorial.py
[2024-03-12T19:56:12.681+0000] {processor.py:830} INFO - Processing file /home/airflow/.local/lib/python3.8/site-packages/airflow/example_dags/tutorial.py for tasks to queue
[2024-03-12T19:56:12.685+0000] {logging_mixin.py:188} INFO - [2024-03-12T19:56:12.684+0000] {dagbag.py:540} INFO - Filling up the DagBag from /home/airflow/.local/lib/python3.8/site-packages/airflow/example_dags/tutorial.py
[2024-03-12T19:56:12.695+0000] {processor.py:840} INFO - DAG(s) 'tutorial' retrieved from /home/airflow/.local/lib/python3.8/site-packages/airflow/example_dags/tutorial.py
[2024-03-12T19:56:12.741+0000] {logging_mixin.py:188} INFO - [2024-03-12T19:56:12.740+0000] {dag.py:3047} INFO - Sync 1 DAGs
[2024-03-12T19:56:12.792+0000] {logging_mixin.py:188} INFO - [2024-03-12T19:56:12.792+0000] {dag.py:3834} INFO - Setting next_dagrun for tutorial to 2024-03-11 00:00:00+00:00, run_after=2024-03-12 00:00:00+00:00
[2024-03-12T19:56:12.839+0000] {processor.py:183} INFO - Processing /home/airflow/.local/lib/python3.8/site-packages/airflow/example_dags/tutorial.py took 0.167 seconds
[2024-03-12T19:56:43.804+0000] {processor.py:161} INFO - Started process (PID=508) to work on /home/airflow/.local/lib/python3.8/site-packages/airflow/example_dags/tutorial.py
[2024-03-12T19:56:43.806+0000] {processor.py:830} INFO - Processing file /home/airflow/.local/lib/python3.8/site-packages/airflow/example_dags/tutorial.py for tasks to queue
[2024-03-12T19:56:43.810+0000] {logging_mixin.py:188} INFO - [2024-03-12T19:56:43.809+0000] {dagbag.py:540} INFO - Filling up the DagBag from /home/airflow/.local/lib/python3.8/site-packages/airflow/example_dags/tutorial.py
[2024-03-12T19:56:43.819+0000] {processor.py:840} INFO - DAG(s) 'tutorial' retrieved from /home/airflow/.local/lib/python3.8/site-packages/airflow/example_dags/tutorial.py
[2024-03-12T19:56:43.851+0000] {logging_mixin.py:188} INFO - [2024-03-12T19:56:43.851+0000] {dag.py:3047} INFO - Sync 1 DAGs
[2024-03-12T19:56:43.888+0000] {logging_mixin.py:188} INFO - [2024-03-12T19:56:43.888+0000] {dag.py:3834} INFO - Setting next_dagrun for tutorial to 2024-03-11 00:00:00+00:00, run_after=2024-03-12 00:00:00+00:00
[2024-03-12T19:56:43.924+0000] {processor.py:183} INFO - Processing /home/airflow/.local/lib/python3.8/site-packages/airflow/example_dags/tutorial.py took 0.127 seconds
[2024-03-12T19:57:14.476+0000] {processor.py:161} INFO - Started process (PID=565) to work on /home/airflow/.local/lib/python3.8/site-packages/airflow/example_dags/tutorial.py
[2024-03-12T19:57:14.478+0000] {processor.py:830} INFO - Processing file /home/airflow/.local/lib/python3.8/site-packages/airflow/example_dags/tutorial.py for tasks to queue
[2024-03-12T19:57:14.482+0000] {logging_mixin.py:188} INFO - [2024-03-12T19:57:14.481+0000] {dagbag.py:540} INFO - Filling up the DagBag from /home/airflow/.local/lib/python3.8/site-packages/airflow/example_dags/tutorial.py
[2024-03-12T19:57:14.493+0000] {processor.py:840} INFO - DAG(s) 'tutorial' retrieved from /home/airflow/.local/lib/python3.8/site-packages/airflow/example_dags/tutorial.py
[2024-03-12T19:57:14.534+0000] {logging_mixin.py:188} INFO - [2024-03-12T19:57:14.533+0000] {dag.py:3047} INFO - Sync 1 DAGs
[2024-03-12T19:57:14.578+0000] {logging_mixin.py:188} INFO - [2024-03-12T19:57:14.578+0000] {dag.py:3834} INFO - Setting next_dagrun for tutorial to 2024-03-11 00:00:00+00:00, run_after=2024-03-12 00:00:00+00:00
[2024-03-12T19:57:14.654+0000] {processor.py:183} INFO - Processing /home/airflow/.local/lib/python3.8/site-packages/airflow/example_dags/tutorial.py took 0.183 seconds
