[2024-03-17T22:48:44.538-0400] {taskinstance.py:1956} INFO - Dependencies all met for dep_context=non-requeueable deps ti=<TaskInstance: datapipeline.correlation_task manual__2024-03-18T02:47:59.686421+00:00 [queued]>
[2024-03-17T22:48:44.543-0400] {taskinstance.py:1956} INFO - Dependencies all met for dep_context=requeueable deps ti=<TaskInstance: datapipeline.correlation_task manual__2024-03-18T02:47:59.686421+00:00 [queued]>
[2024-03-17T22:48:44.543-0400] {taskinstance.py:2170} INFO - Starting attempt 1 of 1
[2024-03-17T22:48:44.556-0400] {taskinstance.py:2191} INFO - Executing <Task(PythonOperator): correlation_task> on 2024-03-18 02:47:59.686421+00:00
[2024-03-17T22:48:44.562-0400] {standard_task_runner.py:60} INFO - Started process 572078 to run task
[2024-03-17T22:48:44.565-0400] {standard_task_runner.py:87} INFO - Running: ['airflow', 'tasks', 'run', 'datapipeline', 'correlation_task', 'manual__2024-03-18T02:47:59.686421+00:00', '--job-id', '254', '--raw', '--subdir', 'DAGS_FOLDER/airflow.py', '--cfg-path', '/tmp/tmpatibcah0']
[2024-03-17T22:48:44.566-0400] {standard_task_runner.py:88} INFO - Job 254: Subtask correlation_task
[2024-03-17T22:48:44.597-0400] {task_command.py:423} INFO - Running <TaskInstance: datapipeline.correlation_task manual__2024-03-18T02:47:59.686421+00:00 [running]> on host Naveen.
[2024-03-17T22:48:44.650-0400] {taskinstance.py:2480} INFO - Exporting env vars: AIRFLOW_CTX_DAG_OWNER='your_name' AIRFLOW_CTX_DAG_ID='datapipeline' AIRFLOW_CTX_TASK_ID='correlation_task' AIRFLOW_CTX_EXECUTION_DATE='2024-03-18T02:47:59.686421+00:00' AIRFLOW_CTX_TRY_NUMBER='1' AIRFLOW_CTX_DAG_RUN_ID='manual__2024-03-18T02:47:59.686421+00:00'
[2024-03-17T22:48:44.831-0400] {logging_mixin.py:188} INFO -        loan_amnt  int_rate  installment  ...  home_ownership_OTHER  home_ownership_OWN  home_ownership_RENT
0      -0.207399 -0.481813    -0.402736  ...                 False               False                 True
1      -0.539169 -0.356604    -0.662298  ...                 False               False                False
2       0.453760 -0.698085     0.319360  ...                 False               False                 True
3      -0.695819 -1.608702    -0.845497  ...                 False               False                 True
4       1.117299  0.845411     0.735799  ...                 False               False                False
...          ...       ...          ...  ...                   ...                 ...                  ...
99994        NaN       NaN          NaN  ...                 False               False                 True
99995        NaN       NaN          NaN  ...                 False               False                 True
99996        NaN       NaN          NaN  ...                 False               False                False
99997        NaN       NaN          NaN  ...                 False               False                 True
99998        NaN       NaN          NaN  ...                 False               False                False

[99706 rows x 82 columns]
[2024-03-17T22:48:47.899-0400] {logging_mixin.py:188} INFO - The file has been successfully saved at the path: /home/pasala_n/MLOPS_Credit/MLOPSPROJECT/dags/data/processed/images/correlation_heatmap.png.
[2024-03-17T22:48:47.907-0400] {logging_mixin.py:188} INFO - The file has been successfully saved at the path: /home/pasala_n/MLOPS_Credit/MLOPSPROJECT/dags/data/processed/correlation_matrix.parquet.
[2024-03-17T22:48:47.932-0400] {python.py:201} INFO - Done. Returned value was: None
[2024-03-17T22:48:47.935-0400] {taskinstance.py:1138} INFO - Marking task as SUCCESS. dag_id=datapipeline, task_id=correlation_task, execution_date=20240318T024759, start_date=20240318T024844, end_date=20240318T024847
[2024-03-17T22:48:47.992-0400] {local_task_job_runner.py:234} INFO - Task exited with return code 0
[2024-03-17T22:48:48.006-0400] {taskinstance.py:3280} INFO - 1 downstream tasks scheduled from follow-on schedule check
