[2024-04-09T18:17:23.538+0000] {manager.py:469} INFO - Processing files using up to 2 processes at a time 
[2024-04-09T18:17:23.540+0000] {manager.py:470} INFO - Process each file at most once every 30 seconds
[2024-04-09T18:17:23.541+0000] {manager.py:471} INFO - Checking for new files in /opt/airflow/dags every 300 seconds
[2024-04-09T18:17:23.541+0000] {manager.py:738} INFO - Searching for files in /opt/airflow/dags
[2024-04-09T18:17:23.580+0000] {manager.py:741} INFO - There are 1 files in /opt/airflow/dags
[2024-04-09T18:17:24.674+0000] {manager.py:879} INFO - 
================================================================================
DAG File Processing Stats

File Path                       PID  Runtime      # DAGs    # Errors  Last Runtime    Last Run
----------------------------  -----  ---------  --------  ----------  --------------  ----------
/opt/airflow/dags/airflow.py     62  0.63s             0           0
================================================================================
[2024-04-09T18:17:55.338+0000] {manager.py:879} INFO - 
================================================================================
DAG File Processing Stats

File Path                     PID    Runtime      # DAGs    # Errors  Last Runtime    Last Run
----------------------------  -----  ---------  --------  ----------  --------------  -------------------
/opt/airflow/dags/airflow.py                           0           1  10.37s          2024-04-09T18:17:34
================================================================================
[2024-04-09T18:18:25.610+0000] {manager.py:879} INFO - 
================================================================================
DAG File Processing Stats

File Path                     PID    Runtime      # DAGs    # Errors  Last Runtime    Last Run
----------------------------  -----  ---------  --------  ----------  --------------  -------------------
/opt/airflow/dags/airflow.py                           0           1  13.31s          2024-04-09T18:18:17
================================================================================
[2024-04-09T18:18:55.963+0000] {manager.py:879} INFO - 
================================================================================
DAG File Processing Stats

File Path                     PID    Runtime      # DAGs    # Errors  Last Runtime    Last Run
----------------------------  -----  ---------  --------  ----------  --------------  -------------------
/opt/airflow/dags/airflow.py                           0           1  1.21s           2024-04-09T18:18:49
================================================================================
[2024-04-09T18:19:26.288+0000] {manager.py:879} INFO - 
================================================================================
DAG File Processing Stats

File Path                     PID    Runtime      # DAGs    # Errors  Last Runtime    Last Run
----------------------------  -----  ---------  --------  ----------  --------------  -------------------
/opt/airflow/dags/airflow.py                           0           1  2.38s           2024-04-09T18:19:21
================================================================================
[2024-04-09T18:19:56.773+0000] {manager.py:879} INFO - 
================================================================================
DAG File Processing Stats

File Path                     PID    Runtime      # DAGs    # Errors  Last Runtime    Last Run
----------------------------  -----  ---------  --------  ----------  --------------  -------------------
/opt/airflow/dags/airflow.py                           0           1  2.42s           2024-04-09T18:19:54
================================================================================
[2024-04-09T18:20:27.294+0000] {manager.py:879} INFO - 
================================================================================
DAG File Processing Stats

File Path                     PID    Runtime      # DAGs    # Errors  Last Runtime    Last Run
----------------------------  -----  ---------  --------  ----------  --------------  -------------------
/opt/airflow/dags/airflow.py                           0           1  1.34s           2024-04-09T18:20:25
================================================================================
[2024-04-09T18:20:57.737+0000] {manager.py:879} INFO - 
================================================================================
DAG File Processing Stats

File Path                     PID    Runtime      # DAGs    # Errors  Last Runtime    Last Run
----------------------------  -----  ---------  --------  ----------  --------------  -------------------
/opt/airflow/dags/airflow.py                           0           1  1.06s           2024-04-09T18:20:56
================================================================================
[2024-04-09T18:21:27.866+0000] {manager.py:879} INFO - 
================================================================================
DAG File Processing Stats

File Path                       PID  Runtime      # DAGs    # Errors  Last Runtime    Last Run
----------------------------  -----  ---------  --------  ----------  --------------  -------------------
/opt/airflow/dags/airflow.py    201  1.01s             0           1  1.06s           2024-04-09T18:20:56
================================================================================
[2024-04-09T18:21:57.995+0000] {manager.py:879} INFO - 
================================================================================
DAG File Processing Stats

File Path                     PID    Runtime      # DAGs    # Errors  Last Runtime    Last Run
----------------------------  -----  ---------  --------  ----------  --------------  -------------------
/opt/airflow/dags/airflow.py                           0           1  1.20s           2024-04-09T18:21:28
================================================================================
[2024-04-09T18:22:24.275+0000] {manager.py:738} INFO - Searching for files in /opt/airflow/dags
[2024-04-09T18:22:24.290+0000] {manager.py:741} INFO - There are 1 files in /opt/airflow/dags
[2024-04-09T18:22:28.328+0000] {manager.py:879} INFO - 
================================================================================
DAG File Processing Stats

File Path                     PID    Runtime      # DAGs    # Errors  Last Runtime    Last Run
----------------------------  -----  ---------  --------  ----------  --------------  -------------------
/opt/airflow/dags/airflow.py                           0           1  1.15s           2024-04-09T18:21:59
================================================================================
[2024-04-09T18:22:58.520+0000] {manager.py:879} INFO - 
================================================================================
DAG File Processing Stats

File Path                     PID    Runtime      # DAGs    # Errors  Last Runtime    Last Run
----------------------------  -----  ---------  --------  ----------  --------------  -------------------
/opt/airflow/dags/airflow.py                           0           1  1.12s           2024-04-09T18:22:30
================================================================================
[2024-04-09T18:23:28.649+0000] {manager.py:879} INFO - 
================================================================================
DAG File Processing Stats

File Path                     PID    Runtime      # DAGs    # Errors  Last Runtime    Last Run
----------------------------  -----  ---------  --------  ----------  --------------  -------------------
/opt/airflow/dags/airflow.py                           0           1  1.03s           2024-04-09T18:23:01
================================================================================
[2024-04-09T18:23:58.775+0000] {manager.py:879} INFO - 
================================================================================
DAG File Processing Stats

File Path                     PID    Runtime      # DAGs    # Errors  Last Runtime    Last Run
----------------------------  -----  ---------  --------  ----------  --------------  -------------------
/opt/airflow/dags/airflow.py                           0           1  2.15s           2024-04-09T18:23:33
================================================================================
[2024-04-09T18:24:29.015+0000] {manager.py:879} INFO - 
================================================================================
DAG File Processing Stats

File Path                     PID    Runtime      # DAGs    # Errors  Last Runtime    Last Run
----------------------------  -----  ---------  --------  ----------  --------------  -------------------
/opt/airflow/dags/airflow.py                           0           1  1.60s           2024-04-09T18:24:05
================================================================================
[2024-04-09T18:24:59.139+0000] {manager.py:879} INFO - 
================================================================================
DAG File Processing Stats

File Path                     PID    Runtime      # DAGs    # Errors  Last Runtime    Last Run
----------------------------  -----  ---------  --------  ----------  --------------  -------------------
/opt/airflow/dags/airflow.py                           0           1  1.78s           2024-04-09T18:24:37
================================================================================
[2024-04-09T18:25:29.266+0000] {manager.py:879} INFO - 
================================================================================
DAG File Processing Stats

File Path                     PID    Runtime      # DAGs    # Errors  Last Runtime    Last Run
----------------------------  -----  ---------  --------  ----------  --------------  -------------------
/opt/airflow/dags/airflow.py                           0           1  1.81s           2024-04-09T18:25:09
================================================================================
[2024-04-09T18:25:59.418+0000] {manager.py:879} INFO - 
================================================================================
DAG File Processing Stats

File Path                     PID    Runtime      # DAGs    # Errors  Last Runtime    Last Run
----------------------------  -----  ---------  --------  ----------  --------------  -------------------
/opt/airflow/dags/airflow.py                           0           1  1.87s           2024-04-09T18:25:41
================================================================================
[2024-04-09T18:26:29.411+0000] {manager.py:879} INFO - 
================================================================================
DAG File Processing Stats

File Path                     PID    Runtime      # DAGs    # Errors  Last Runtime    Last Run
----------------------------  -----  ---------  --------  ----------  --------------  -------------------
/opt/airflow/dags/airflow.py                           0           1  6.22s           2024-04-09T18:26:17
================================================================================
[2024-04-09T18:26:59.482+0000] {manager.py:879} INFO - 
================================================================================
DAG File Processing Stats

File Path                     PID    Runtime      # DAGs    # Errors  Last Runtime    Last Run
----------------------------  -----  ---------  --------  ----------  --------------  -------------------
/opt/airflow/dags/airflow.py                           0           1  5.65s           2024-04-09T18:26:53
================================================================================
[2024-04-09T18:27:24.596+0000] {manager.py:738} INFO - Searching for files in /opt/airflow/dags
[2024-04-09T18:27:24.606+0000] {manager.py:741} INFO - There are 1 files in /opt/airflow/dags
[2024-04-09T18:27:29.630+0000] {manager.py:879} INFO - 
================================================================================
DAG File Processing Stats

File Path                     PID    Runtime      # DAGs    # Errors  Last Runtime    Last Run
----------------------------  -----  ---------  --------  ----------  --------------  -------------------
/opt/airflow/dags/airflow.py                           0           1  3.04s           2024-04-09T18:27:26
================================================================================
[2024-04-09T18:27:59.749+0000] {manager.py:879} INFO - 
================================================================================
DAG File Processing Stats

File Path                     PID    Runtime      # DAGs    # Errors  Last Runtime    Last Run
----------------------------  -----  ---------  --------  ----------  --------------  -------------------
/opt/airflow/dags/airflow.py                           0           1  2.21s           2024-04-09T18:27:58
================================================================================
[2024-04-09T18:28:29.870+0000] {manager.py:879} INFO - 
================================================================================
DAG File Processing Stats

File Path                       PID  Runtime      # DAGs    # Errors  Last Runtime    Last Run
----------------------------  -----  ---------  --------  ----------  --------------  -------------------
/opt/airflow/dags/airflow.py    454  0.82s             0           1  2.21s           2024-04-09T18:27:58
================================================================================
[2024-04-09T18:28:34.863+0000] {manager.py:451} INFO - Exiting gracefully upon receiving signal 15
