[2024-04-07T17:43:03.027+0000] {processor.py:161} INFO - Started process (PID=475) to work on /opt/airflow/dags/main.py
[2024-04-07T17:43:03.028+0000] {processor.py:830} INFO - Processing file /opt/airflow/dags/main.py for tasks to queue
[2024-04-07T17:43:03.029+0000] {logging_mixin.py:188} INFO - [2024-04-07T17:43:03.028+0000] {dagbag.py:540} INFO - Filling up the DagBag from /opt/airflow/dags/main.py
[2024-04-07T17:43:03.262+0000] {logging_mixin.py:188} INFO - [2024-04-07T17:43:03.261+0000] {dagbag.py:350} ERROR - Failed to import: /opt/airflow/dags/main.py
Traceback (most recent call last):
  File "/home/airflow/.local/lib/python3.8/site-packages/airflow/models/dagbag.py", line 346, in parse
    loader.exec_module(new_module)
  File "<frozen importlib._bootstrap_external>", line 843, in exec_module
  File "<frozen importlib._bootstrap>", line 219, in _call_with_frames_removed
  File "/opt/airflow/dags/main.py", line 15, in <module>
    from src.outlier_handle import handle_outliers
  File "/opt/airflow/dags/src/outlier_handle.py", line 3, in <module>
    from sklearn.ensemble import IsolationForest
ModuleNotFoundError: No module named 'sklearn'
[2024-04-07T17:43:03.262+0000] {processor.py:842} WARNING - No viable dags retrieved from /opt/airflow/dags/main.py
[2024-04-07T17:43:03.296+0000] {processor.py:183} INFO - Processing /opt/airflow/dags/main.py took 0.273 seconds
[2024-04-07T17:43:33.412+0000] {processor.py:161} INFO - Started process (PID=483) to work on /opt/airflow/dags/main.py
[2024-04-07T17:43:33.413+0000] {processor.py:830} INFO - Processing file /opt/airflow/dags/main.py for tasks to queue
[2024-04-07T17:43:33.414+0000] {logging_mixin.py:188} INFO - [2024-04-07T17:43:33.414+0000] {dagbag.py:540} INFO - Filling up the DagBag from /opt/airflow/dags/main.py
[2024-04-07T17:43:33.698+0000] {logging_mixin.py:188} INFO - [2024-04-07T17:43:33.696+0000] {dagbag.py:350} ERROR - Failed to import: /opt/airflow/dags/main.py
Traceback (most recent call last):
  File "/home/airflow/.local/lib/python3.8/site-packages/airflow/models/dagbag.py", line 346, in parse
    loader.exec_module(new_module)
  File "<frozen importlib._bootstrap_external>", line 843, in exec_module
  File "<frozen importlib._bootstrap>", line 219, in _call_with_frames_removed
  File "/opt/airflow/dags/main.py", line 15, in <module>
    from src.outlier_handle import handle_outliers
  File "/opt/airflow/dags/src/outlier_handle.py", line 3, in <module>
    from sklearn.ensemble import IsolationForest
ModuleNotFoundError: No module named 'sklearn'
[2024-04-07T17:43:33.698+0000] {processor.py:842} WARNING - No viable dags retrieved from /opt/airflow/dags/main.py
[2024-04-07T17:43:33.720+0000] {processor.py:183} INFO - Processing /opt/airflow/dags/main.py took 0.312 seconds
[2024-04-07T17:44:03.921+0000] {processor.py:161} INFO - Started process (PID=491) to work on /opt/airflow/dags/main.py
[2024-04-07T17:44:03.923+0000] {processor.py:830} INFO - Processing file /opt/airflow/dags/main.py for tasks to queue
[2024-04-07T17:44:03.924+0000] {logging_mixin.py:188} INFO - [2024-04-07T17:44:03.924+0000] {dagbag.py:540} INFO - Filling up the DagBag from /opt/airflow/dags/main.py
[2024-04-07T17:44:04.148+0000] {logging_mixin.py:188} INFO - [2024-04-07T17:44:04.146+0000] {dagbag.py:350} ERROR - Failed to import: /opt/airflow/dags/main.py
Traceback (most recent call last):
  File "/home/airflow/.local/lib/python3.8/site-packages/airflow/models/dagbag.py", line 346, in parse
    loader.exec_module(new_module)
  File "<frozen importlib._bootstrap_external>", line 843, in exec_module
  File "<frozen importlib._bootstrap>", line 219, in _call_with_frames_removed
  File "/opt/airflow/dags/main.py", line 15, in <module>
    from src.outlier_handle import handle_outliers
  File "/opt/airflow/dags/src/outlier_handle.py", line 3, in <module>
    from sklearn.ensemble import IsolationForest
ModuleNotFoundError: No module named 'sklearn'
[2024-04-07T17:44:04.149+0000] {processor.py:842} WARNING - No viable dags retrieved from /opt/airflow/dags/main.py
[2024-04-07T17:44:04.178+0000] {processor.py:183} INFO - Processing /opt/airflow/dags/main.py took 0.262 seconds
[2024-04-07T17:44:34.322+0000] {processor.py:161} INFO - Started process (PID=499) to work on /opt/airflow/dags/main.py
[2024-04-07T17:44:34.323+0000] {processor.py:830} INFO - Processing file /opt/airflow/dags/main.py for tasks to queue
[2024-04-07T17:44:34.325+0000] {logging_mixin.py:188} INFO - [2024-04-07T17:44:34.324+0000] {dagbag.py:540} INFO - Filling up the DagBag from /opt/airflow/dags/main.py
[2024-04-07T17:44:34.662+0000] {logging_mixin.py:188} INFO - [2024-04-07T17:44:34.658+0000] {dagbag.py:350} ERROR - Failed to import: /opt/airflow/dags/main.py
Traceback (most recent call last):
  File "/home/airflow/.local/lib/python3.8/site-packages/airflow/models/dagbag.py", line 346, in parse
    loader.exec_module(new_module)
  File "<frozen importlib._bootstrap_external>", line 843, in exec_module
  File "<frozen importlib._bootstrap>", line 219, in _call_with_frames_removed
  File "/opt/airflow/dags/main.py", line 15, in <module>
    from src.outlier_handle import handle_outliers
  File "/opt/airflow/dags/src/outlier_handle.py", line 3, in <module>
    from sklearn.ensemble import IsolationForest
ModuleNotFoundError: No module named 'sklearn'
[2024-04-07T17:44:34.663+0000] {processor.py:842} WARNING - No viable dags retrieved from /opt/airflow/dags/main.py
[2024-04-07T17:44:34.698+0000] {processor.py:183} INFO - Processing /opt/airflow/dags/main.py took 0.380 seconds
[2024-04-07T17:45:04.853+0000] {processor.py:161} INFO - Started process (PID=507) to work on /opt/airflow/dags/main.py
[2024-04-07T17:45:04.855+0000] {processor.py:830} INFO - Processing file /opt/airflow/dags/main.py for tasks to queue
[2024-04-07T17:45:04.856+0000] {logging_mixin.py:188} INFO - [2024-04-07T17:45:04.855+0000] {dagbag.py:540} INFO - Filling up the DagBag from /opt/airflow/dags/main.py
[2024-04-07T17:45:05.136+0000] {logging_mixin.py:188} INFO - [2024-04-07T17:45:05.135+0000] {dagbag.py:350} ERROR - Failed to import: /opt/airflow/dags/main.py
Traceback (most recent call last):
  File "/home/airflow/.local/lib/python3.8/site-packages/airflow/models/dagbag.py", line 346, in parse
    loader.exec_module(new_module)
  File "<frozen importlib._bootstrap_external>", line 843, in exec_module
  File "<frozen importlib._bootstrap>", line 219, in _call_with_frames_removed
  File "/opt/airflow/dags/main.py", line 15, in <module>
    from src.outlier_handle import handle_outliers
  File "/opt/airflow/dags/src/outlier_handle.py", line 3, in <module>
    from sklearn.ensemble import IsolationForest
ModuleNotFoundError: No module named 'sklearn'
[2024-04-07T17:45:05.137+0000] {processor.py:842} WARNING - No viable dags retrieved from /opt/airflow/dags/main.py
[2024-04-07T17:45:05.155+0000] {processor.py:183} INFO - Processing /opt/airflow/dags/main.py took 0.305 seconds
[2024-04-07T17:45:35.324+0000] {processor.py:161} INFO - Started process (PID=515) to work on /opt/airflow/dags/main.py
[2024-04-07T17:45:35.325+0000] {processor.py:830} INFO - Processing file /opt/airflow/dags/main.py for tasks to queue
[2024-04-07T17:45:35.326+0000] {logging_mixin.py:188} INFO - [2024-04-07T17:45:35.326+0000] {dagbag.py:540} INFO - Filling up the DagBag from /opt/airflow/dags/main.py
[2024-04-07T17:45:35.792+0000] {logging_mixin.py:188} INFO - [2024-04-07T17:45:35.791+0000] {dagbag.py:350} ERROR - Failed to import: /opt/airflow/dags/main.py
Traceback (most recent call last):
  File "/home/airflow/.local/lib/python3.8/site-packages/airflow/models/dagbag.py", line 346, in parse
    loader.exec_module(new_module)
  File "<frozen importlib._bootstrap_external>", line 843, in exec_module
  File "<frozen importlib._bootstrap>", line 219, in _call_with_frames_removed
  File "/opt/airflow/dags/main.py", line 15, in <module>
    from src.outlier_handle import handle_outliers
  File "/opt/airflow/dags/src/outlier_handle.py", line 3, in <module>
    from sklearn.ensemble import IsolationForest
ModuleNotFoundError: No module named 'sklearn'
[2024-04-07T17:45:35.793+0000] {processor.py:842} WARNING - No viable dags retrieved from /opt/airflow/dags/main.py
[2024-04-07T17:45:35.841+0000] {processor.py:183} INFO - Processing /opt/airflow/dags/main.py took 0.520 seconds
[2024-04-07T17:46:06.012+0000] {processor.py:161} INFO - Started process (PID=523) to work on /opt/airflow/dags/main.py
[2024-04-07T17:46:06.014+0000] {processor.py:830} INFO - Processing file /opt/airflow/dags/main.py for tasks to queue
[2024-04-07T17:46:06.015+0000] {logging_mixin.py:188} INFO - [2024-04-07T17:46:06.015+0000] {dagbag.py:540} INFO - Filling up the DagBag from /opt/airflow/dags/main.py
[2024-04-07T17:46:06.723+0000] {logging_mixin.py:188} INFO - [2024-04-07T17:46:06.701+0000] {dagbag.py:350} ERROR - Failed to import: /opt/airflow/dags/main.py
Traceback (most recent call last):
  File "/home/airflow/.local/lib/python3.8/site-packages/airflow/models/dagbag.py", line 346, in parse
    loader.exec_module(new_module)
  File "<frozen importlib._bootstrap_external>", line 843, in exec_module
  File "<frozen importlib._bootstrap>", line 219, in _call_with_frames_removed
  File "/opt/airflow/dags/main.py", line 15, in <module>
    from src.outlier_handle import handle_outliers
  File "/opt/airflow/dags/src/outlier_handle.py", line 3, in <module>
    from sklearn.ensemble import IsolationForest
ModuleNotFoundError: No module named 'sklearn'
[2024-04-07T17:46:06.723+0000] {processor.py:842} WARNING - No viable dags retrieved from /opt/airflow/dags/main.py
[2024-04-07T17:46:06.795+0000] {processor.py:183} INFO - Processing /opt/airflow/dags/main.py took 0.786 seconds
[2024-04-07T17:46:36.960+0000] {processor.py:161} INFO - Started process (PID=531) to work on /opt/airflow/dags/main.py
[2024-04-07T17:46:36.961+0000] {processor.py:830} INFO - Processing file /opt/airflow/dags/main.py for tasks to queue
[2024-04-07T17:46:36.962+0000] {logging_mixin.py:188} INFO - [2024-04-07T17:46:36.962+0000] {dagbag.py:540} INFO - Filling up the DagBag from /opt/airflow/dags/main.py
[2024-04-07T17:46:37.226+0000] {logging_mixin.py:188} INFO - [2024-04-07T17:46:37.225+0000] {dagbag.py:350} ERROR - Failed to import: /opt/airflow/dags/main.py
Traceback (most recent call last):
  File "/home/airflow/.local/lib/python3.8/site-packages/airflow/models/dagbag.py", line 346, in parse
    loader.exec_module(new_module)
  File "<frozen importlib._bootstrap_external>", line 843, in exec_module
  File "<frozen importlib._bootstrap>", line 219, in _call_with_frames_removed
  File "/opt/airflow/dags/main.py", line 15, in <module>
    from src.outlier_handle import handle_outliers
  File "/opt/airflow/dags/src/outlier_handle.py", line 3, in <module>
    from sklearn.ensemble import IsolationForest
ModuleNotFoundError: No module named 'sklearn'
[2024-04-07T17:46:37.227+0000] {processor.py:842} WARNING - No viable dags retrieved from /opt/airflow/dags/main.py
[2024-04-07T17:46:37.245+0000] {processor.py:183} INFO - Processing /opt/airflow/dags/main.py took 0.289 seconds
[2024-04-07T17:47:07.376+0000] {processor.py:161} INFO - Started process (PID=540) to work on /opt/airflow/dags/main.py
[2024-04-07T17:47:07.378+0000] {processor.py:830} INFO - Processing file /opt/airflow/dags/main.py for tasks to queue
[2024-04-07T17:47:07.380+0000] {logging_mixin.py:188} INFO - [2024-04-07T17:47:07.379+0000] {dagbag.py:540} INFO - Filling up the DagBag from /opt/airflow/dags/main.py
[2024-04-07T17:47:07.682+0000] {logging_mixin.py:188} INFO - [2024-04-07T17:47:07.680+0000] {dagbag.py:350} ERROR - Failed to import: /opt/airflow/dags/main.py
Traceback (most recent call last):
  File "/home/airflow/.local/lib/python3.8/site-packages/airflow/models/dagbag.py", line 346, in parse
    loader.exec_module(new_module)
  File "<frozen importlib._bootstrap_external>", line 843, in exec_module
  File "<frozen importlib._bootstrap>", line 219, in _call_with_frames_removed
  File "/opt/airflow/dags/main.py", line 15, in <module>
    from src.outlier_handle import handle_outliers
  File "/opt/airflow/dags/src/outlier_handle.py", line 3, in <module>
    from sklearn.ensemble import IsolationForest
ModuleNotFoundError: No module named 'sklearn'
[2024-04-07T17:47:07.682+0000] {processor.py:842} WARNING - No viable dags retrieved from /opt/airflow/dags/main.py
[2024-04-07T17:47:07.707+0000] {processor.py:183} INFO - Processing /opt/airflow/dags/main.py took 0.334 seconds
[2024-04-07T17:47:37.837+0000] {processor.py:161} INFO - Started process (PID=548) to work on /opt/airflow/dags/main.py
[2024-04-07T17:47:37.838+0000] {processor.py:830} INFO - Processing file /opt/airflow/dags/main.py for tasks to queue
[2024-04-07T17:47:37.839+0000] {logging_mixin.py:188} INFO - [2024-04-07T17:47:37.838+0000] {dagbag.py:540} INFO - Filling up the DagBag from /opt/airflow/dags/main.py
[2024-04-07T17:47:38.103+0000] {logging_mixin.py:188} INFO - [2024-04-07T17:47:38.102+0000] {dagbag.py:350} ERROR - Failed to import: /opt/airflow/dags/main.py
Traceback (most recent call last):
  File "/home/airflow/.local/lib/python3.8/site-packages/airflow/models/dagbag.py", line 346, in parse
    loader.exec_module(new_module)
  File "<frozen importlib._bootstrap_external>", line 843, in exec_module
  File "<frozen importlib._bootstrap>", line 219, in _call_with_frames_removed
  File "/opt/airflow/dags/main.py", line 15, in <module>
    from src.outlier_handle import handle_outliers
  File "/opt/airflow/dags/src/outlier_handle.py", line 3, in <module>
    from sklearn.ensemble import IsolationForest
ModuleNotFoundError: No module named 'sklearn'
[2024-04-07T17:47:38.104+0000] {processor.py:842} WARNING - No viable dags retrieved from /opt/airflow/dags/main.py
[2024-04-07T17:47:38.134+0000] {processor.py:183} INFO - Processing /opt/airflow/dags/main.py took 0.301 seconds
[2024-04-07T17:48:08.279+0000] {processor.py:161} INFO - Started process (PID=556) to work on /opt/airflow/dags/main.py
[2024-04-07T17:48:08.280+0000] {processor.py:830} INFO - Processing file /opt/airflow/dags/main.py for tasks to queue
[2024-04-07T17:48:08.281+0000] {logging_mixin.py:188} INFO - [2024-04-07T17:48:08.281+0000] {dagbag.py:540} INFO - Filling up the DagBag from /opt/airflow/dags/main.py
[2024-04-07T17:48:08.520+0000] {logging_mixin.py:188} INFO - [2024-04-07T17:48:08.518+0000] {dagbag.py:350} ERROR - Failed to import: /opt/airflow/dags/main.py
Traceback (most recent call last):
  File "/home/airflow/.local/lib/python3.8/site-packages/airflow/models/dagbag.py", line 346, in parse
    loader.exec_module(new_module)
  File "<frozen importlib._bootstrap_external>", line 843, in exec_module
  File "<frozen importlib._bootstrap>", line 219, in _call_with_frames_removed
  File "/opt/airflow/dags/main.py", line 15, in <module>
    from src.outlier_handle import handle_outliers
  File "/opt/airflow/dags/src/outlier_handle.py", line 3, in <module>
    from sklearn.ensemble import IsolationForest
ModuleNotFoundError: No module named 'sklearn'
[2024-04-07T17:48:08.520+0000] {processor.py:842} WARNING - No viable dags retrieved from /opt/airflow/dags/main.py
[2024-04-07T17:48:08.538+0000] {processor.py:183} INFO - Processing /opt/airflow/dags/main.py took 0.262 seconds
[2024-04-07T17:48:38.739+0000] {processor.py:161} INFO - Started process (PID=564) to work on /opt/airflow/dags/main.py
[2024-04-07T17:48:38.758+0000] {processor.py:830} INFO - Processing file /opt/airflow/dags/main.py for tasks to queue
[2024-04-07T17:48:38.765+0000] {logging_mixin.py:188} INFO - [2024-04-07T17:48:38.761+0000] {dagbag.py:540} INFO - Filling up the DagBag from /opt/airflow/dags/main.py
[2024-04-07T17:48:39.775+0000] {logging_mixin.py:188} INFO - [2024-04-07T17:48:39.768+0000] {dagbag.py:350} ERROR - Failed to import: /opt/airflow/dags/main.py
Traceback (most recent call last):
  File "/home/airflow/.local/lib/python3.8/site-packages/airflow/models/dagbag.py", line 346, in parse
    loader.exec_module(new_module)
  File "<frozen importlib._bootstrap_external>", line 843, in exec_module
  File "<frozen importlib._bootstrap>", line 219, in _call_with_frames_removed
  File "/opt/airflow/dags/main.py", line 15, in <module>
    from src.outlier_handle import handle_outliers
  File "/opt/airflow/dags/src/outlier_handle.py", line 3, in <module>
    from sklearn.ensemble import IsolationForest
ModuleNotFoundError: No module named 'sklearn'
[2024-04-07T17:48:39.776+0000] {processor.py:842} WARNING - No viable dags retrieved from /opt/airflow/dags/main.py
[2024-04-07T17:48:39.800+0000] {processor.py:183} INFO - Processing /opt/airflow/dags/main.py took 1.141 seconds
[2024-04-07T18:36:31.822+0000] {processor.py:161} INFO - Started process (PID=73) to work on /opt/airflow/dags/main.py
[2024-04-07T18:36:31.825+0000] {processor.py:830} INFO - Processing file /opt/airflow/dags/main.py for tasks to queue
[2024-04-07T18:36:31.829+0000] {logging_mixin.py:188} INFO - [2024-04-07T18:36:31.828+0000] {dagbag.py:540} INFO - Filling up the DagBag from /opt/airflow/dags/main.py
[2024-04-07T18:36:36.645+0000] {logging_mixin.py:188} INFO - [2024-04-07T18:36:36.589+0000] {font_manager.py:1547} INFO - generated new fontManager
[2024-04-07T18:36:37.490+0000] {logging_mixin.py:188} INFO - [2024-04-07T18:36:37.490+0000] {main.py:216} INFO - DAG tasks defined successfully.
[2024-04-07T18:36:37.828+0000] {processor.py:840} INFO - DAG(s) 'datapipeline' retrieved from /opt/airflow/dags/main.py
[2024-04-07T18:36:39.264+0000] {logging_mixin.py:188} INFO - [2024-04-07T18:36:39.264+0000] {dag.py:3047} INFO - Sync 1 DAGs
[2024-04-07T18:36:39.274+0000] {logging_mixin.py:188} INFO - [2024-04-07T18:36:39.274+0000] {dag.py:3834} INFO - Setting next_dagrun for datapipeline to None, run_after=None
[2024-04-07T18:36:39.308+0000] {processor.py:183} INFO - Processing /opt/airflow/dags/main.py took 7.490 seconds
[2024-04-07T18:37:09.495+0000] {processor.py:161} INFO - Started process (PID=94) to work on /opt/airflow/dags/main.py
[2024-04-07T18:37:09.519+0000] {processor.py:830} INFO - Processing file /opt/airflow/dags/main.py for tasks to queue
[2024-04-07T18:37:09.549+0000] {logging_mixin.py:188} INFO - [2024-04-07T18:37:09.521+0000] {dagbag.py:540} INFO - Filling up the DagBag from /opt/airflow/dags/main.py
[2024-04-07T18:37:14.610+0000] {logging_mixin.py:188} INFO - [2024-04-07T18:37:14.609+0000] {main.py:216} INFO - DAG tasks defined successfully.
[2024-04-07T18:37:14.617+0000] {processor.py:840} INFO - DAG(s) 'datapipeline' retrieved from /opt/airflow/dags/main.py
[2024-04-07T18:37:14.650+0000] {logging_mixin.py:188} INFO - [2024-04-07T18:37:14.649+0000] {dag.py:3047} INFO - Sync 1 DAGs
[2024-04-07T18:37:14.662+0000] {logging_mixin.py:188} INFO - [2024-04-07T18:37:14.662+0000] {dag.py:3834} INFO - Setting next_dagrun for datapipeline to None, run_after=None
[2024-04-07T18:37:14.686+0000] {processor.py:183} INFO - Processing /opt/airflow/dags/main.py took 5.197 seconds
[2024-04-07T18:37:44.860+0000] {processor.py:161} INFO - Started process (PID=113) to work on /opt/airflow/dags/main.py
[2024-04-07T18:37:44.883+0000] {processor.py:830} INFO - Processing file /opt/airflow/dags/main.py for tasks to queue
[2024-04-07T18:37:44.885+0000] {logging_mixin.py:188} INFO - [2024-04-07T18:37:44.884+0000] {dagbag.py:540} INFO - Filling up the DagBag from /opt/airflow/dags/main.py
[2024-04-07T18:37:47.484+0000] {logging_mixin.py:188} INFO - [2024-04-07T18:37:47.483+0000] {main.py:216} INFO - DAG tasks defined successfully.
[2024-04-07T18:37:47.496+0000] {processor.py:840} INFO - DAG(s) 'datapipeline' retrieved from /opt/airflow/dags/main.py
[2024-04-07T18:37:47.536+0000] {logging_mixin.py:188} INFO - [2024-04-07T18:37:47.535+0000] {dag.py:3047} INFO - Sync 1 DAGs
[2024-04-07T18:37:47.562+0000] {logging_mixin.py:188} INFO - [2024-04-07T18:37:47.561+0000] {dag.py:3834} INFO - Setting next_dagrun for datapipeline to None, run_after=None
[2024-04-07T18:37:47.681+0000] {processor.py:183} INFO - Processing /opt/airflow/dags/main.py took 2.824 seconds
[2024-04-07T18:38:17.841+0000] {processor.py:161} INFO - Started process (PID=132) to work on /opt/airflow/dags/main.py
[2024-04-07T18:38:17.842+0000] {processor.py:830} INFO - Processing file /opt/airflow/dags/main.py for tasks to queue
[2024-04-07T18:38:17.844+0000] {logging_mixin.py:188} INFO - [2024-04-07T18:38:17.844+0000] {dagbag.py:540} INFO - Filling up the DagBag from /opt/airflow/dags/main.py
[2024-04-07T18:38:19.417+0000] {logging_mixin.py:188} INFO - [2024-04-07T18:38:19.417+0000] {main.py:216} INFO - DAG tasks defined successfully.
[2024-04-07T18:38:19.423+0000] {processor.py:840} INFO - DAG(s) 'datapipeline' retrieved from /opt/airflow/dags/main.py
[2024-04-07T18:38:19.465+0000] {logging_mixin.py:188} INFO - [2024-04-07T18:38:19.465+0000] {dag.py:3047} INFO - Sync 1 DAGs
[2024-04-07T18:38:19.477+0000] {logging_mixin.py:188} INFO - [2024-04-07T18:38:19.477+0000] {dag.py:3834} INFO - Setting next_dagrun for datapipeline to None, run_after=None
[2024-04-07T18:38:19.498+0000] {processor.py:183} INFO - Processing /opt/airflow/dags/main.py took 1.661 seconds
[2024-04-07T18:38:49.665+0000] {processor.py:161} INFO - Started process (PID=165) to work on /opt/airflow/dags/main.py
[2024-04-07T18:38:49.666+0000] {processor.py:830} INFO - Processing file /opt/airflow/dags/main.py for tasks to queue
[2024-04-07T18:38:49.704+0000] {logging_mixin.py:188} INFO - [2024-04-07T18:38:49.704+0000] {dagbag.py:540} INFO - Filling up the DagBag from /opt/airflow/dags/main.py
[2024-04-07T18:39:02.170+0000] {logging_mixin.py:188} INFO - [2024-04-07T18:39:02.170+0000] {main.py:216} INFO - DAG tasks defined successfully.
[2024-04-07T18:39:02.180+0000] {processor.py:840} INFO - DAG(s) 'datapipeline' retrieved from /opt/airflow/dags/main.py
[2024-04-07T18:39:02.242+0000] {logging_mixin.py:188} INFO - [2024-04-07T18:39:02.241+0000] {dag.py:3047} INFO - Sync 1 DAGs
[2024-04-07T18:39:02.259+0000] {logging_mixin.py:188} INFO - [2024-04-07T18:39:02.258+0000] {dag.py:3834} INFO - Setting next_dagrun for datapipeline to None, run_after=None
[2024-04-07T18:39:02.291+0000] {processor.py:183} INFO - Processing /opt/airflow/dags/main.py took 12.629 seconds
[2024-04-07T18:39:32.462+0000] {processor.py:161} INFO - Started process (PID=208) to work on /opt/airflow/dags/main.py
[2024-04-07T18:39:32.463+0000] {processor.py:830} INFO - Processing file /opt/airflow/dags/main.py for tasks to queue
[2024-04-07T18:39:32.469+0000] {logging_mixin.py:188} INFO - [2024-04-07T18:39:32.468+0000] {dagbag.py:540} INFO - Filling up the DagBag from /opt/airflow/dags/main.py
[2024-04-07T18:39:34.865+0000] {logging_mixin.py:188} INFO - [2024-04-07T18:39:34.864+0000] {main.py:216} INFO - DAG tasks defined successfully.
[2024-04-07T18:39:34.871+0000] {processor.py:840} INFO - DAG(s) 'datapipeline' retrieved from /opt/airflow/dags/main.py
[2024-04-07T18:39:34.907+0000] {logging_mixin.py:188} INFO - [2024-04-07T18:39:34.906+0000] {dag.py:3047} INFO - Sync 1 DAGs
[2024-04-07T18:39:34.923+0000] {logging_mixin.py:188} INFO - [2024-04-07T18:39:34.922+0000] {dag.py:3834} INFO - Setting next_dagrun for datapipeline to None, run_after=None
[2024-04-07T18:39:34.952+0000] {processor.py:183} INFO - Processing /opt/airflow/dags/main.py took 2.497 seconds
[2024-04-07T18:46:32.250+0000] {processor.py:161} INFO - Started process (PID=422) to work on /opt/airflow/dags/main.py
[2024-04-07T18:46:32.252+0000] {processor.py:830} INFO - Processing file /opt/airflow/dags/main.py for tasks to queue
[2024-04-07T18:46:32.252+0000] {logging_mixin.py:188} INFO - [2024-04-07T18:46:32.252+0000] {dagbag.py:540} INFO - Filling up the DagBag from /opt/airflow/dags/main.py
[2024-04-07T18:46:33.622+0000] {logging_mixin.py:188} INFO - [2024-04-07T18:46:33.622+0000] {main.py:216} INFO - DAG tasks defined successfully.
[2024-04-07T18:46:33.626+0000] {processor.py:840} INFO - DAG(s) 'datapipeline' retrieved from /opt/airflow/dags/main.py
[2024-04-07T18:46:33.722+0000] {logging_mixin.py:188} INFO - [2024-04-07T18:46:33.721+0000] {dag.py:3047} INFO - Sync 1 DAGs
[2024-04-07T18:46:33.734+0000] {logging_mixin.py:188} INFO - [2024-04-07T18:46:33.733+0000] {dag.py:3834} INFO - Setting next_dagrun for datapipeline to None, run_after=None
[2024-04-07T18:46:33.760+0000] {processor.py:183} INFO - Processing /opt/airflow/dags/main.py took 1.513 seconds
[2024-04-07T18:46:37.520+0000] {processor.py:161} INFO - Started process (PID=435) to work on /opt/airflow/dags/main.py
[2024-04-07T18:46:37.531+0000] {processor.py:830} INFO - Processing file /opt/airflow/dags/main.py for tasks to queue
[2024-04-07T18:46:37.533+0000] {logging_mixin.py:188} INFO - [2024-04-07T18:46:37.532+0000] {dagbag.py:540} INFO - Filling up the DagBag from /opt/airflow/dags/main.py
[2024-04-07T18:46:39.130+0000] {logging_mixin.py:188} INFO - [2024-04-07T18:46:39.129+0000] {main.py:216} INFO - DAG tasks defined successfully.
[2024-04-07T18:46:39.135+0000] {processor.py:840} INFO - DAG(s) 'datapipeline' retrieved from /opt/airflow/dags/main.py
[2024-04-07T18:46:39.145+0000] {logging_mixin.py:188} INFO - [2024-04-07T18:46:39.144+0000] {dag.py:3047} INFO - Sync 1 DAGs
[2024-04-07T18:46:39.156+0000] {logging_mixin.py:188} INFO - [2024-04-07T18:46:39.156+0000] {dag.py:3834} INFO - Setting next_dagrun for datapipeline to None, run_after=None
[2024-04-07T18:46:39.178+0000] {processor.py:183} INFO - Processing /opt/airflow/dags/main.py took 1.662 seconds
[2024-04-07T18:46:56.885+0000] {processor.py:161} INFO - Started process (PID=454) to work on /opt/airflow/dags/main.py
[2024-04-07T18:46:56.887+0000] {processor.py:830} INFO - Processing file /opt/airflow/dags/main.py for tasks to queue
[2024-04-07T18:46:56.888+0000] {logging_mixin.py:188} INFO - [2024-04-07T18:46:56.888+0000] {dagbag.py:540} INFO - Filling up the DagBag from /opt/airflow/dags/main.py
[2024-04-07T18:46:58.477+0000] {logging_mixin.py:188} INFO - [2024-04-07T18:46:58.477+0000] {main.py:216} INFO - DAG tasks defined successfully.
[2024-04-07T18:46:58.482+0000] {processor.py:840} INFO - DAG(s) 'datapipeline' retrieved from /opt/airflow/dags/main.py
[2024-04-07T18:46:58.493+0000] {logging_mixin.py:188} INFO - [2024-04-07T18:46:58.492+0000] {dag.py:3047} INFO - Sync 1 DAGs
[2024-04-07T18:46:58.506+0000] {logging_mixin.py:188} INFO - [2024-04-07T18:46:58.506+0000] {dag.py:3834} INFO - Setting next_dagrun for datapipeline to None, run_after=None
[2024-04-07T18:46:58.536+0000] {processor.py:183} INFO - Processing /opt/airflow/dags/main.py took 1.654 seconds
[2024-04-07T18:47:28.697+0000] {processor.py:161} INFO - Started process (PID=473) to work on /opt/airflow/dags/main.py
[2024-04-07T18:47:28.699+0000] {processor.py:830} INFO - Processing file /opt/airflow/dags/main.py for tasks to queue
[2024-04-07T18:47:28.700+0000] {logging_mixin.py:188} INFO - [2024-04-07T18:47:28.699+0000] {dagbag.py:540} INFO - Filling up the DagBag from /opt/airflow/dags/main.py
[2024-04-07T18:47:30.002+0000] {logging_mixin.py:188} INFO - [2024-04-07T18:47:30.002+0000] {main.py:216} INFO - DAG tasks defined successfully.
[2024-04-07T18:47:30.006+0000] {processor.py:840} INFO - DAG(s) 'datapipeline' retrieved from /opt/airflow/dags/main.py
[2024-04-07T18:47:30.033+0000] {logging_mixin.py:188} INFO - [2024-04-07T18:47:30.032+0000] {dag.py:3047} INFO - Sync 1 DAGs
[2024-04-07T18:47:30.044+0000] {logging_mixin.py:188} INFO - [2024-04-07T18:47:30.043+0000] {dag.py:3834} INFO - Setting next_dagrun for datapipeline to None, run_after=None
[2024-04-07T18:47:30.071+0000] {processor.py:183} INFO - Processing /opt/airflow/dags/main.py took 1.378 seconds
[2024-04-07T18:48:00.214+0000] {processor.py:161} INFO - Started process (PID=492) to work on /opt/airflow/dags/main.py
[2024-04-07T18:48:00.216+0000] {processor.py:830} INFO - Processing file /opt/airflow/dags/main.py for tasks to queue
[2024-04-07T18:48:00.216+0000] {logging_mixin.py:188} INFO - [2024-04-07T18:48:00.216+0000] {dagbag.py:540} INFO - Filling up the DagBag from /opt/airflow/dags/main.py
[2024-04-07T18:48:01.549+0000] {logging_mixin.py:188} INFO - [2024-04-07T18:48:01.549+0000] {main.py:216} INFO - DAG tasks defined successfully.
[2024-04-07T18:48:01.554+0000] {processor.py:840} INFO - DAG(s) 'datapipeline' retrieved from /opt/airflow/dags/main.py
[2024-04-07T18:48:01.580+0000] {logging_mixin.py:188} INFO - [2024-04-07T18:48:01.580+0000] {dag.py:3047} INFO - Sync 1 DAGs
[2024-04-07T18:48:01.590+0000] {logging_mixin.py:188} INFO - [2024-04-07T18:48:01.589+0000] {dag.py:3834} INFO - Setting next_dagrun for datapipeline to None, run_after=None
[2024-04-07T18:48:01.612+0000] {processor.py:183} INFO - Processing /opt/airflow/dags/main.py took 1.401 seconds
[2024-04-07T18:49:56.986+0000] {processor.py:161} INFO - Started process (PID=74) to work on /opt/airflow/dags/main.py
[2024-04-07T18:49:56.988+0000] {processor.py:830} INFO - Processing file /opt/airflow/dags/main.py for tasks to queue
[2024-04-07T18:49:56.991+0000] {logging_mixin.py:188} INFO - [2024-04-07T18:49:56.991+0000] {dagbag.py:540} INFO - Filling up the DagBag from /opt/airflow/dags/main.py
[2024-04-07T18:50:04.937+0000] {logging_mixin.py:188} INFO - [2024-04-07T18:50:04.935+0000] {font_manager.py:1547} INFO - generated new fontManager
[2024-04-07T18:50:05.456+0000] {logging_mixin.py:188} INFO - [2024-04-07T18:50:05.456+0000] {main.py:216} INFO - DAG tasks defined successfully.
[2024-04-07T18:50:05.476+0000] {processor.py:840} INFO - DAG(s) 'datapipeline' retrieved from /opt/airflow/dags/main.py
[2024-04-07T18:50:06.248+0000] {logging_mixin.py:188} INFO - [2024-04-07T18:50:06.247+0000] {dag.py:3047} INFO - Sync 1 DAGs
[2024-04-07T18:50:06.295+0000] {logging_mixin.py:188} INFO - [2024-04-07T18:50:06.295+0000] {dag.py:3834} INFO - Setting next_dagrun for datapipeline to None, run_after=None
[2024-04-07T18:50:06.548+0000] {processor.py:183} INFO - Processing /opt/airflow/dags/main.py took 9.565 seconds
[2024-04-07T18:50:36.756+0000] {processor.py:161} INFO - Started process (PID=95) to work on /opt/airflow/dags/main.py
[2024-04-07T18:50:36.759+0000] {processor.py:830} INFO - Processing file /opt/airflow/dags/main.py for tasks to queue
[2024-04-07T18:50:36.763+0000] {logging_mixin.py:188} INFO - [2024-04-07T18:50:36.762+0000] {dagbag.py:540} INFO - Filling up the DagBag from /opt/airflow/dags/main.py
[2024-04-07T18:50:39.693+0000] {logging_mixin.py:188} INFO - [2024-04-07T18:50:39.692+0000] {main.py:216} INFO - DAG tasks defined successfully.
[2024-04-07T18:50:39.701+0000] {processor.py:840} INFO - DAG(s) 'datapipeline' retrieved from /opt/airflow/dags/main.py
[2024-04-07T18:50:39.745+0000] {logging_mixin.py:188} INFO - [2024-04-07T18:50:39.744+0000] {dag.py:3047} INFO - Sync 1 DAGs
[2024-04-07T18:50:39.770+0000] {logging_mixin.py:188} INFO - [2024-04-07T18:50:39.769+0000] {dag.py:3834} INFO - Setting next_dagrun for datapipeline to None, run_after=None
[2024-04-07T18:50:39.801+0000] {processor.py:183} INFO - Processing /opt/airflow/dags/main.py took 3.050 seconds
[2024-04-07T18:51:09.911+0000] {processor.py:161} INFO - Started process (PID=114) to work on /opt/airflow/dags/main.py
[2024-04-07T18:51:09.912+0000] {processor.py:830} INFO - Processing file /opt/airflow/dags/main.py for tasks to queue
[2024-04-07T18:51:09.913+0000] {logging_mixin.py:188} INFO - [2024-04-07T18:51:09.913+0000] {dagbag.py:540} INFO - Filling up the DagBag from /opt/airflow/dags/main.py
[2024-04-07T18:51:11.750+0000] {logging_mixin.py:188} INFO - [2024-04-07T18:51:11.750+0000] {main.py:216} INFO - DAG tasks defined successfully.
[2024-04-07T18:51:11.756+0000] {processor.py:840} INFO - DAG(s) 'datapipeline' retrieved from /opt/airflow/dags/main.py
[2024-04-07T18:51:11.783+0000] {logging_mixin.py:188} INFO - [2024-04-07T18:51:11.783+0000] {dag.py:3047} INFO - Sync 1 DAGs
[2024-04-07T18:51:11.796+0000] {logging_mixin.py:188} INFO - [2024-04-07T18:51:11.795+0000] {dag.py:3834} INFO - Setting next_dagrun for datapipeline to None, run_after=None
[2024-04-07T18:51:11.906+0000] {processor.py:183} INFO - Processing /opt/airflow/dags/main.py took 1.998 seconds
