[2024-04-07T00:27:46.238-0400] {taskinstance.py:1956} INFO - Dependencies all met for dep_context=non-requeueable deps ti=<TaskInstance: datapipeline.missing_values_task manual__2024-04-07T04:27:31.955443+00:00 [queued]>
[2024-04-07T00:27:46.243-0400] {taskinstance.py:1956} INFO - Dependencies all met for dep_context=requeueable deps ti=<TaskInstance: datapipeline.missing_values_task manual__2024-04-07T04:27:31.955443+00:00 [queued]>
[2024-04-07T00:27:46.243-0400] {taskinstance.py:2170} INFO - Starting attempt 1 of 1
[2024-04-07T00:27:46.253-0400] {taskinstance.py:2191} INFO - Executing <Task(PythonOperator): missing_values_task> on 2024-04-07 04:27:31.955443+00:00
[2024-04-07T00:27:46.256-0400] {standard_task_runner.py:60} INFO - Started process 87520 to run task
[2024-04-07T00:27:46.258-0400] {standard_task_runner.py:87} INFO - Running: ['airflow', 'tasks', 'run', 'datapipeline', 'missing_values_task', 'manual__2024-04-07T04:27:31.955443+00:00', '--job-id', '306', '--raw', '--subdir', 'DAGS_FOLDER/airflow.py', '--cfg-path', '/tmp/tmp4hk0_0g_']
[2024-04-07T00:27:46.260-0400] {standard_task_runner.py:88} INFO - Job 306: Subtask missing_values_task
[2024-04-07T00:27:46.284-0400] {task_command.py:423} INFO - Running <TaskInstance: datapipeline.missing_values_task manual__2024-04-07T04:27:31.955443+00:00 [running]> on host Naveen.
[2024-04-07T00:27:46.330-0400] {taskinstance.py:2480} INFO - Exporting env vars: AIRFLOW_CTX_DAG_OWNER='your_name' AIRFLOW_CTX_DAG_ID='datapipeline' AIRFLOW_CTX_TASK_ID='missing_values_task' AIRFLOW_CTX_EXECUTION_DATE='2024-04-07T04:27:31.955443+00:00' AIRFLOW_CTX_TRY_NUMBER='1' AIRFLOW_CTX_DAG_RUN_ID='manual__2024-04-07T04:27:31.955443+00:00'
[2024-04-07T00:27:46.363-0400] {logging_mixin.py:188} WARNING - /home/pasala_n/MLOPS_Credit/MLOPSPROJECT/dags/src/missing_values.py:47 FutureWarning: A value is trying to be set on a copy of a DataFrame or Series through chained assignment using an inplace method.
The behavior will change in pandas 3.0. This inplace method will never work because the intermediate object on which we are setting values always behaves as a copy.

For example, when doing 'df[col].method(value, inplace=True)', try using 'df.method({col: value}, inplace=True)' or df[col] = df[col].method(value) instead, to perform the operation inplace on the original object.
[2024-04-07T00:27:46.365-0400] {logging_mixin.py:188} WARNING - /home/pasala_n/MLOPS_Credit/MLOPSPROJECT/dags/src/missing_values.py:48 FutureWarning: A value is trying to be set on a copy of a DataFrame or Series through chained assignment using an inplace method.
The behavior will change in pandas 3.0. This inplace method will never work because the intermediate object on which we are setting values always behaves as a copy.

For example, when doing 'df[col].method(value, inplace=True)', try using 'df.method({col: value}, inplace=True)' or df[col] = df[col].method(value) instead, to perform the operation inplace on the original object.
[2024-04-07T00:27:46.370-0400] {logging_mixin.py:188} WARNING - /home/pasala_n/MLOPS_Credit/MLOPSPROJECT/dags/src/missing_values.py:49 FutureWarning: A value is trying to be set on a copy of a DataFrame or Series through chained assignment using an inplace method.
The behavior will change in pandas 3.0. This inplace method will never work because the intermediate object on which we are setting values always behaves as a copy.

For example, when doing 'df[col].method(value, inplace=True)', try using 'df.method({col: value}, inplace=True)' or df[col] = df[col].method(value) instead, to perform the operation inplace on the original object.
[2024-04-07T00:27:46.372-0400] {logging_mixin.py:188} WARNING - /home/pasala_n/MLOPS_Credit/MLOPSPROJECT/dags/src/missing_values.py:50 FutureWarning: A value is trying to be set on a copy of a DataFrame or Series through chained assignment using an inplace method.
The behavior will change in pandas 3.0. This inplace method will never work because the intermediate object on which we are setting values always behaves as a copy.

For example, when doing 'df[col].method(value, inplace=True)', try using 'df.method({col: value}, inplace=True)' or df[col] = df[col].method(value) instead, to perform the operation inplace on the original object.
[2024-04-07T00:27:46.407-0400] {missing_values.py:54} INFO - Data saved to /home/pasala_n/MLOPS_Credit/MLOPSPROJECT/dags/data/processed/after_fillna.pkl.
[2024-04-07T00:27:46.409-0400] {python.py:201} INFO - Done. Returned value was: /home/pasala_n/MLOPS_Credit/MLOPSPROJECT/dags/data/processed/after_fillna.pkl
[2024-04-07T00:27:46.432-0400] {taskinstance.py:1138} INFO - Marking task as SUCCESS. dag_id=datapipeline, task_id=missing_values_task, execution_date=20240407T042731, start_date=20240407T042746, end_date=20240407T042746
[2024-04-07T00:27:46.472-0400] {local_task_job_runner.py:234} INFO - Task exited with return code 0
[2024-04-07T00:27:46.486-0400] {taskinstance.py:3280} INFO - 1 downstream tasks scheduled from follow-on schedule check
