[2024-04-07T18:37:25.617+0000] {taskinstance.py:1979} INFO - Dependencies all met for dep_context=non-requeueable deps ti=<TaskInstance: datapipeline.correlation_task manual__2024-04-07T18:34:02.475366+00:00 [queued]>
[2024-04-07T18:37:25.626+0000] {taskinstance.py:1979} INFO - Dependencies all met for dep_context=requeueable deps ti=<TaskInstance: datapipeline.correlation_task manual__2024-04-07T18:34:02.475366+00:00 [queued]>
[2024-04-07T18:37:25.626+0000] {taskinstance.py:2193} INFO - Starting attempt 1 of 1
[2024-04-07T18:37:25.700+0000] {taskinstance.py:2217} INFO - Executing <Task(PythonOperator): correlation_task> on 2024-04-07 18:34:02.475366+00:00
[2024-04-07T18:37:25.709+0000] {standard_task_runner.py:60} INFO - Started process 256 to run task
[2024-04-07T18:37:25.712+0000] {standard_task_runner.py:87} INFO - Running: ['***', 'tasks', 'run', 'datapipeline', 'correlation_task', 'manual__2024-04-07T18:34:02.475366+00:00', '--job-id', '40', '--raw', '--subdir', 'DAGS_FOLDER/main.py', '--cfg-path', '/tmp/tmp_fiwixfu']
[2024-04-07T18:37:25.715+0000] {standard_task_runner.py:88} INFO - Job 40: Subtask correlation_task
[2024-04-07T18:37:25.812+0000] {task_command.py:423} INFO - Running <TaskInstance: datapipeline.correlation_task manual__2024-04-07T18:34:02.475366+00:00 [running]> on host b8ee1329d304
[2024-04-07T18:37:26.260+0000] {taskinstance.py:2513} INFO - Exporting env vars: AIRFLOW_CTX_DAG_OWNER='your_name' AIRFLOW_CTX_DAG_ID='datapipeline' AIRFLOW_CTX_TASK_ID='correlation_task' AIRFLOW_CTX_EXECUTION_DATE='2024-04-07T18:34:02.475366+00:00' AIRFLOW_CTX_TRY_NUMBER='1' AIRFLOW_CTX_DAG_RUN_ID='manual__2024-04-07T18:34:02.475366+00:00'
[2024-04-07T18:37:27.576+0000] {logging_mixin.py:188} INFO -        loan_amnt  int_rate  ...  home_ownership_OWN  home_ownership_RENT
0      -0.207399 -0.481813  ...               False                 True
1      -0.539169 -0.356604  ...               False                False
2       0.453760 -0.698085  ...               False                 True
3      -0.695819 -1.608702  ...               False                 True
4       1.117299  0.845411  ...               False                False
...          ...       ...  ...                 ...                  ...
99994        NaN       NaN  ...               False                 True
99995        NaN       NaN  ...               False                 True
99996        NaN       NaN  ...               False                False
99997        NaN       NaN  ...               False                 True
99998        NaN       NaN  ...               False                False

[99706 rows x 82 columns]
[2024-04-07T18:37:34.435+0000] {logging_mixin.py:188} INFO - The file has been successfully saved at the path: /opt/***/dags/data/processed/images/correlation_heatmap.png.
[2024-04-07T18:37:34.454+0000] {logging_mixin.py:188} INFO - The file has been successfully saved at the path: /opt/***/dags/data/processed/correlation_matrix.parquet.
[2024-04-07T18:37:34.495+0000] {python.py:202} INFO - Done. Returned value was: None
[2024-04-07T18:37:34.504+0000] {taskinstance.py:1149} INFO - Marking task as SUCCESS. dag_id=datapipeline, task_id=correlation_task, execution_date=20240407T183402, start_date=20240407T183725, end_date=20240407T183734
[2024-04-07T18:37:34.577+0000] {local_task_job_runner.py:234} INFO - Task exited with return code 0
[2024-04-07T18:37:34.600+0000] {taskinstance.py:3312} INFO - 1 downstream tasks scheduled from follow-on schedule check
